[2025-11-01T12:52:14.833+0000] {local_task_job_runner.py:123} INFO - ::group::Pre task execution logs
[2025-11-01T12:52:14.851+0000] {taskinstance.py:2613} INFO - Dependencies all met for dep_context=non-requeueable deps ti=<TaskInstance: submit_pyspark_job_to_emr.add_step manual__2025-11-01T12:52:11.429919+00:00 [queued]>
[2025-11-01T12:52:14.860+0000] {taskinstance.py:2613} INFO - Dependencies all met for dep_context=requeueable deps ti=<TaskInstance: submit_pyspark_job_to_emr.add_step manual__2025-11-01T12:52:11.429919+00:00 [queued]>
[2025-11-01T12:52:14.861+0000] {taskinstance.py:2866} INFO - Starting attempt 1 of 1
[2025-11-01T12:52:14.876+0000] {taskinstance.py:2889} INFO - Executing <Task(EmrAddStepsOperator): add_step> on 2025-11-01 12:52:11.429919+00:00
[2025-11-01T12:52:14.890+0000] {warnings.py:112} WARNING - /home/***/.local/lib/python3.12/site-packages/***/task/task_runner/standard_task_runner.py:70: DeprecationWarning: This process (pid=205) is multi-threaded, use of fork() may lead to deadlocks in the child.
  pid = os.fork()

[2025-11-01T12:52:14.892+0000] {standard_task_runner.py:72} INFO - Started process 214 to run task
[2025-11-01T12:52:14.892+0000] {standard_task_runner.py:104} INFO - Running: ['***', 'tasks', 'run', 'submit_pyspark_job_to_emr', 'add_step', 'manual__2025-11-01T12:52:11.429919+00:00', '--job-id', '5', '--raw', '--subdir', 'DAGS_FOLDER/***_to_emr.py', '--cfg-path', '/tmp/tmpypxtz963']
[2025-11-01T12:52:14.893+0000] {standard_task_runner.py:105} INFO - Job 5: Subtask add_step
[2025-11-01T12:52:14.958+0000] {task_command.py:467} INFO - Running <TaskInstance: submit_pyspark_job_to_emr.add_step manual__2025-11-01T12:52:11.429919+00:00 [running]> on host fb2512168ded
[2025-11-01T12:52:15.058+0000] {taskinstance.py:3132} INFO - Exporting env vars: AIRFLOW_CTX_DAG_OWNER='***' AIRFLOW_CTX_DAG_ID='submit_pyspark_job_to_emr' AIRFLOW_CTX_TASK_ID='add_step' AIRFLOW_CTX_EXECUTION_DATE='2025-11-01T12:52:11.429919+00:00' AIRFLOW_CTX_TRY_NUMBER='1' AIRFLOW_CTX_DAG_RUN_ID='manual__2025-11-01T12:52:11.429919+00:00'
[2025-11-01T12:52:15.060+0000] {logging_mixin.py:190} INFO - Task instance is in running state
[2025-11-01T12:52:15.061+0000] {logging_mixin.py:190} INFO -  Previous state of the Task instance: queued
[2025-11-01T12:52:15.062+0000] {logging_mixin.py:190} INFO - Current task name:add_step state:running start_date:2025-11-01 12:52:14.852456+00:00
[2025-11-01T12:52:15.063+0000] {logging_mixin.py:190} INFO - Dag name:submit_pyspark_job_to_emr and current dag run status:running
[2025-11-01T12:52:15.064+0000] {taskinstance.py:731} INFO - ::endgroup::
[2025-11-01T12:52:15.095+0000] {base.py:84} INFO - Retrieving connection 'aws_default'
[2025-11-01T12:52:15.096+0000] {connection_wrapper.py:325} INFO - AWS Connection (conn_id='aws_default', conn_type='aws') credentials retrieved from login and password.
[2025-11-01T12:52:16.548+0000] {emr.py:166} INFO - Adding steps to j-3UECARN0IU5J0
[2025-11-01T12:52:16.829+0000] {emr.py:171} INFO - Steps ['s-03286802ZLDS74Q7UQ8V'] added to JobFlow
[2025-11-01T12:52:16.860+0000] {taskinstance.py:340} INFO - ::group::Post task execution logs
[2025-11-01T12:52:16.861+0000] {taskinstance.py:352} INFO - Marking task as SUCCESS. dag_id=submit_pyspark_job_to_emr, task_id=add_step, run_id=manual__2025-11-01T12:52:11.429919+00:00, execution_date=20251101T125211, start_date=20251101T125214, end_date=20251101T125216
[2025-11-01T12:52:16.874+0000] {logging_mixin.py:190} INFO - Task instance in success state
[2025-11-01T12:52:16.874+0000] {logging_mixin.py:190} INFO -  Previous state of the Task instance: running
[2025-11-01T12:52:16.875+0000] {logging_mixin.py:190} INFO - Dag name:submit_pyspark_job_to_emr queued_at:2025-11-01 12:52:11.448637+00:00
[2025-11-01T12:52:16.879+0000] {logging_mixin.py:190} INFO - Task hostname:fb2512168ded operator:EmrAddStepsOperator
[2025-11-01T12:52:16.917+0000] {local_task_job_runner.py:266} INFO - Task exited with return code 0
[2025-11-01T12:52:16.943+0000] {taskinstance.py:3895} INFO - 1 downstream tasks scheduled from follow-on schedule check
[2025-11-01T12:52:16.946+0000] {local_task_job_runner.py:245} INFO - ::endgroup::
