[2025-11-29T11:18:54.495+0000] {processor.py:186} INFO - Started process (PID=93) to work on /opt/airflow/dags/airflow_to_emr.py
[2025-11-29T11:18:54.497+0000] {processor.py:914} INFO - Processing file /opt/airflow/dags/airflow_to_emr.py for tasks to queue
[2025-11-29T11:18:54.502+0000] {logging_mixin.py:190} INFO - [2025-11-29T11:18:54.501+0000] {dagbag.py:588} INFO - Filling up the DagBag from /opt/airflow/dags/airflow_to_emr.py
[2025-11-29T11:18:54.571+0000] {processor.py:925} INFO - DAG(s) 'submit_pyspark_job_to_emr' retrieved from /opt/airflow/dags/airflow_to_emr.py
[2025-11-29T11:18:54.810+0000] {logging_mixin.py:190} INFO - [2025-11-29T11:18:54.810+0000] {override.py:1911} INFO - Created Permission View: can delete on DAG:submit_pyspark_job_to_emr
[2025-11-29T11:18:54.824+0000] {logging_mixin.py:190} INFO - [2025-11-29T11:18:54.823+0000] {override.py:1911} INFO - Created Permission View: can read on DAG:submit_pyspark_job_to_emr
[2025-11-29T11:18:54.832+0000] {logging_mixin.py:190} INFO - [2025-11-29T11:18:54.832+0000] {override.py:1911} INFO - Created Permission View: can edit on DAG:submit_pyspark_job_to_emr
[2025-11-29T11:18:54.841+0000] {logging_mixin.py:190} INFO - [2025-11-29T11:18:54.841+0000] {override.py:1911} INFO - Created Permission View: menu access on DAG Run:submit_pyspark_job_to_emr
[2025-11-29T11:18:54.849+0000] {logging_mixin.py:190} INFO - [2025-11-29T11:18:54.849+0000] {override.py:1911} INFO - Created Permission View: can delete on DAG Run:submit_pyspark_job_to_emr
[2025-11-29T11:18:54.858+0000] {logging_mixin.py:190} INFO - [2025-11-29T11:18:54.857+0000] {override.py:1911} INFO - Created Permission View: can read on DAG Run:submit_pyspark_job_to_emr
[2025-11-29T11:18:54.866+0000] {logging_mixin.py:190} INFO - [2025-11-29T11:18:54.866+0000] {override.py:1911} INFO - Created Permission View: can create on DAG Run:submit_pyspark_job_to_emr
[2025-11-29T11:18:54.867+0000] {logging_mixin.py:190} INFO - [2025-11-29T11:18:54.867+0000] {dag.py:3239} INFO - Sync 1 DAGs
[2025-11-29T11:18:54.883+0000] {logging_mixin.py:190} INFO - [2025-11-29T11:18:54.882+0000] {dag.py:3262} INFO - Creating ORM DAG for submit_pyspark_job_to_emr
[2025-11-29T11:18:54.895+0000] {logging_mixin.py:190} INFO - [2025-11-29T11:18:54.894+0000] {dag.py:4180} INFO - Setting next_dagrun for submit_pyspark_job_to_emr to 2025-11-28 00:00:00+00:00, run_after=2025-11-29 00:00:00+00:00
[2025-11-29T11:18:54.918+0000] {processor.py:208} INFO - Processing /opt/airflow/dags/airflow_to_emr.py took 0.434 seconds
[2025-11-29T11:19:25.599+0000] {processor.py:186} INFO - Started process (PID=161) to work on /opt/airflow/dags/airflow_to_emr.py
[2025-11-29T11:19:25.601+0000] {processor.py:914} INFO - Processing file /opt/airflow/dags/airflow_to_emr.py for tasks to queue
[2025-11-29T11:19:25.605+0000] {logging_mixin.py:190} INFO - [2025-11-29T11:19:25.604+0000] {dagbag.py:588} INFO - Filling up the DagBag from /opt/airflow/dags/airflow_to_emr.py
[2025-11-29T11:19:25.650+0000] {processor.py:925} INFO - DAG(s) 'submit_pyspark_job_to_emr' retrieved from /opt/airflow/dags/airflow_to_emr.py
[2025-11-29T11:19:25.699+0000] {logging_mixin.py:190} INFO - [2025-11-29T11:19:25.698+0000] {dag.py:3239} INFO - Sync 1 DAGs
[2025-11-29T11:19:25.743+0000] {logging_mixin.py:190} INFO - [2025-11-29T11:19:25.742+0000] {dag.py:4180} INFO - Setting next_dagrun for submit_pyspark_job_to_emr to 2025-11-28 00:00:00+00:00, run_after=2025-11-29 00:00:00+00:00
[2025-11-29T11:19:25.771+0000] {processor.py:208} INFO - Processing /opt/airflow/dags/airflow_to_emr.py took 0.181 seconds
[2025-11-29T11:19:56.092+0000] {processor.py:186} INFO - Started process (PID=229) to work on /opt/airflow/dags/airflow_to_emr.py
[2025-11-29T11:19:56.094+0000] {processor.py:914} INFO - Processing file /opt/airflow/dags/airflow_to_emr.py for tasks to queue
[2025-11-29T11:19:56.097+0000] {logging_mixin.py:190} INFO - [2025-11-29T11:19:56.097+0000] {dagbag.py:588} INFO - Filling up the DagBag from /opt/airflow/dags/airflow_to_emr.py
[2025-11-29T11:19:56.132+0000] {processor.py:925} INFO - DAG(s) 'submit_pyspark_job_to_emr' retrieved from /opt/airflow/dags/airflow_to_emr.py
[2025-11-29T11:19:56.179+0000] {logging_mixin.py:190} INFO - [2025-11-29T11:19:56.178+0000] {dag.py:3239} INFO - Sync 1 DAGs
[2025-11-29T11:19:56.218+0000] {logging_mixin.py:190} INFO - [2025-11-29T11:19:56.218+0000] {dag.py:4180} INFO - Setting next_dagrun for submit_pyspark_job_to_emr to 2025-11-28 00:00:00+00:00, run_after=2025-11-29 00:00:00+00:00
[2025-11-29T11:19:56.252+0000] {processor.py:208} INFO - Processing /opt/airflow/dags/airflow_to_emr.py took 0.169 seconds
[2025-11-29T11:20:27.035+0000] {processor.py:186} INFO - Started process (PID=298) to work on /opt/airflow/dags/airflow_to_emr.py
[2025-11-29T11:20:27.037+0000] {processor.py:914} INFO - Processing file /opt/airflow/dags/airflow_to_emr.py for tasks to queue
[2025-11-29T11:20:27.041+0000] {logging_mixin.py:190} INFO - [2025-11-29T11:20:27.041+0000] {dagbag.py:588} INFO - Filling up the DagBag from /opt/airflow/dags/airflow_to_emr.py
[2025-11-29T11:20:27.077+0000] {processor.py:925} INFO - DAG(s) 'submit_pyspark_job_to_emr' retrieved from /opt/airflow/dags/airflow_to_emr.py
[2025-11-29T11:20:27.108+0000] {logging_mixin.py:190} INFO - [2025-11-29T11:20:27.107+0000] {dag.py:3239} INFO - Sync 1 DAGs
[2025-11-29T11:20:27.140+0000] {logging_mixin.py:190} INFO - [2025-11-29T11:20:27.140+0000] {dag.py:4180} INFO - Setting next_dagrun for submit_pyspark_job_to_emr to 2025-11-28 00:00:00+00:00, run_after=2025-11-29 00:00:00+00:00
[2025-11-29T11:20:27.167+0000] {processor.py:208} INFO - Processing /opt/airflow/dags/airflow_to_emr.py took 0.141 seconds
[2025-11-29T11:20:57.331+0000] {processor.py:186} INFO - Started process (PID=367) to work on /opt/airflow/dags/airflow_to_emr.py
[2025-11-29T11:20:57.332+0000] {processor.py:914} INFO - Processing file /opt/airflow/dags/airflow_to_emr.py for tasks to queue
[2025-11-29T11:20:57.336+0000] {logging_mixin.py:190} INFO - [2025-11-29T11:20:57.335+0000] {dagbag.py:588} INFO - Filling up the DagBag from /opt/airflow/dags/airflow_to_emr.py
[2025-11-29T11:20:57.380+0000] {processor.py:925} INFO - DAG(s) 'submit_pyspark_job_to_emr' retrieved from /opt/airflow/dags/airflow_to_emr.py
[2025-11-29T11:20:57.415+0000] {logging_mixin.py:190} INFO - [2025-11-29T11:20:57.414+0000] {dag.py:3239} INFO - Sync 1 DAGs
[2025-11-29T11:20:57.453+0000] {logging_mixin.py:190} INFO - [2025-11-29T11:20:57.453+0000] {dag.py:4180} INFO - Setting next_dagrun for submit_pyspark_job_to_emr to 2025-11-28 00:00:00+00:00, run_after=2025-11-29 00:00:00+00:00
[2025-11-29T11:20:57.485+0000] {processor.py:208} INFO - Processing /opt/airflow/dags/airflow_to_emr.py took 0.162 seconds
[2025-11-29T11:21:27.583+0000] {processor.py:186} INFO - Started process (PID=435) to work on /opt/airflow/dags/airflow_to_emr.py
[2025-11-29T11:21:27.585+0000] {processor.py:914} INFO - Processing file /opt/airflow/dags/airflow_to_emr.py for tasks to queue
[2025-11-29T11:21:27.589+0000] {logging_mixin.py:190} INFO - [2025-11-29T11:21:27.588+0000] {dagbag.py:588} INFO - Filling up the DagBag from /opt/airflow/dags/airflow_to_emr.py
[2025-11-29T11:21:27.624+0000] {processor.py:925} INFO - DAG(s) 'submit_pyspark_job_to_emr' retrieved from /opt/airflow/dags/airflow_to_emr.py
[2025-11-29T11:21:27.654+0000] {logging_mixin.py:190} INFO - [2025-11-29T11:21:27.653+0000] {dag.py:3239} INFO - Sync 1 DAGs
[2025-11-29T11:21:27.684+0000] {logging_mixin.py:190} INFO - [2025-11-29T11:21:27.683+0000] {dag.py:4180} INFO - Setting next_dagrun for submit_pyspark_job_to_emr to 2025-11-28 00:00:00+00:00, run_after=2025-11-29 00:00:00+00:00
[2025-11-29T11:21:27.706+0000] {processor.py:208} INFO - Processing /opt/airflow/dags/airflow_to_emr.py took 0.133 seconds
[2025-11-29T11:21:57.917+0000] {processor.py:186} INFO - Started process (PID=504) to work on /opt/airflow/dags/airflow_to_emr.py
[2025-11-29T11:21:57.918+0000] {processor.py:914} INFO - Processing file /opt/airflow/dags/airflow_to_emr.py for tasks to queue
[2025-11-29T11:21:57.922+0000] {logging_mixin.py:190} INFO - [2025-11-29T11:21:57.921+0000] {dagbag.py:588} INFO - Filling up the DagBag from /opt/airflow/dags/airflow_to_emr.py
[2025-11-29T11:21:57.951+0000] {processor.py:925} INFO - DAG(s) 'submit_pyspark_job_to_emr' retrieved from /opt/airflow/dags/airflow_to_emr.py
[2025-11-29T11:21:57.976+0000] {logging_mixin.py:190} INFO - [2025-11-29T11:21:57.976+0000] {dag.py:3239} INFO - Sync 1 DAGs
[2025-11-29T11:21:58.003+0000] {logging_mixin.py:190} INFO - [2025-11-29T11:21:58.003+0000] {dag.py:4180} INFO - Setting next_dagrun for submit_pyspark_job_to_emr to 2025-11-28 00:00:00+00:00, run_after=2025-11-29 00:00:00+00:00
[2025-11-29T11:21:58.029+0000] {processor.py:208} INFO - Processing /opt/airflow/dags/airflow_to_emr.py took 0.119 seconds
[2025-11-29T11:22:28.423+0000] {processor.py:186} INFO - Started process (PID=572) to work on /opt/airflow/dags/airflow_to_emr.py
[2025-11-29T11:22:28.424+0000] {processor.py:914} INFO - Processing file /opt/airflow/dags/airflow_to_emr.py for tasks to queue
[2025-11-29T11:22:28.428+0000] {logging_mixin.py:190} INFO - [2025-11-29T11:22:28.427+0000] {dagbag.py:588} INFO - Filling up the DagBag from /opt/airflow/dags/airflow_to_emr.py
[2025-11-29T11:22:28.465+0000] {processor.py:925} INFO - DAG(s) 'submit_pyspark_job_to_emr' retrieved from /opt/airflow/dags/airflow_to_emr.py
[2025-11-29T11:22:28.494+0000] {logging_mixin.py:190} INFO - [2025-11-29T11:22:28.493+0000] {dag.py:3239} INFO - Sync 1 DAGs
[2025-11-29T11:22:28.522+0000] {logging_mixin.py:190} INFO - [2025-11-29T11:22:28.521+0000] {dag.py:4180} INFO - Setting next_dagrun for submit_pyspark_job_to_emr to 2025-11-28 00:00:00+00:00, run_after=2025-11-29 00:00:00+00:00
[2025-11-29T11:22:28.546+0000] {processor.py:208} INFO - Processing /opt/airflow/dags/airflow_to_emr.py took 0.132 seconds
[2025-11-29T11:22:59.227+0000] {processor.py:186} INFO - Started process (PID=640) to work on /opt/airflow/dags/airflow_to_emr.py
[2025-11-29T11:22:59.229+0000] {processor.py:914} INFO - Processing file /opt/airflow/dags/airflow_to_emr.py for tasks to queue
[2025-11-29T11:22:59.234+0000] {logging_mixin.py:190} INFO - [2025-11-29T11:22:59.233+0000] {dagbag.py:588} INFO - Filling up the DagBag from /opt/airflow/dags/airflow_to_emr.py
[2025-11-29T11:22:59.267+0000] {processor.py:925} INFO - DAG(s) 'submit_pyspark_job_to_emr' retrieved from /opt/airflow/dags/airflow_to_emr.py
[2025-11-29T11:22:59.296+0000] {logging_mixin.py:190} INFO - [2025-11-29T11:22:59.295+0000] {dag.py:3239} INFO - Sync 1 DAGs
[2025-11-29T11:22:59.325+0000] {logging_mixin.py:190} INFO - [2025-11-29T11:22:59.325+0000] {dag.py:4180} INFO - Setting next_dagrun for submit_pyspark_job_to_emr to 2025-11-28 00:00:00+00:00, run_after=2025-11-29 00:00:00+00:00
[2025-11-29T11:22:59.359+0000] {processor.py:208} INFO - Processing /opt/airflow/dags/airflow_to_emr.py took 0.140 seconds
[2025-11-29T11:23:29.941+0000] {processor.py:186} INFO - Started process (PID=708) to work on /opt/airflow/dags/airflow_to_emr.py
[2025-11-29T11:23:29.943+0000] {processor.py:914} INFO - Processing file /opt/airflow/dags/airflow_to_emr.py for tasks to queue
[2025-11-29T11:23:29.947+0000] {logging_mixin.py:190} INFO - [2025-11-29T11:23:29.947+0000] {dagbag.py:588} INFO - Filling up the DagBag from /opt/airflow/dags/airflow_to_emr.py
[2025-11-29T11:23:29.980+0000] {processor.py:925} INFO - DAG(s) 'submit_pyspark_job_to_emr' retrieved from /opt/airflow/dags/airflow_to_emr.py
[2025-11-29T11:23:30.006+0000] {logging_mixin.py:190} INFO - [2025-11-29T11:23:30.005+0000] {dag.py:3239} INFO - Sync 1 DAGs
[2025-11-29T11:23:30.031+0000] {logging_mixin.py:190} INFO - [2025-11-29T11:23:30.031+0000] {dag.py:4180} INFO - Setting next_dagrun for submit_pyspark_job_to_emr to 2025-11-28 00:00:00+00:00, run_after=2025-11-29 00:00:00+00:00
[2025-11-29T11:23:30.053+0000] {processor.py:208} INFO - Processing /opt/airflow/dags/airflow_to_emr.py took 0.120 seconds
[2025-11-29T11:24:00.510+0000] {processor.py:186} INFO - Started process (PID=777) to work on /opt/airflow/dags/airflow_to_emr.py
[2025-11-29T11:24:00.512+0000] {processor.py:914} INFO - Processing file /opt/airflow/dags/airflow_to_emr.py for tasks to queue
[2025-11-29T11:24:00.515+0000] {logging_mixin.py:190} INFO - [2025-11-29T11:24:00.514+0000] {dagbag.py:588} INFO - Filling up the DagBag from /opt/airflow/dags/airflow_to_emr.py
[2025-11-29T11:24:00.558+0000] {processor.py:925} INFO - DAG(s) 'submit_pyspark_job_to_emr' retrieved from /opt/airflow/dags/airflow_to_emr.py
[2025-11-29T11:24:00.582+0000] {logging_mixin.py:190} INFO - [2025-11-29T11:24:00.581+0000] {dag.py:3239} INFO - Sync 1 DAGs
[2025-11-29T11:24:00.607+0000] {logging_mixin.py:190} INFO - [2025-11-29T11:24:00.607+0000] {dag.py:4180} INFO - Setting next_dagrun for submit_pyspark_job_to_emr to 2025-11-28 00:00:00+00:00, run_after=2025-11-29 00:00:00+00:00
[2025-11-29T11:24:00.630+0000] {processor.py:208} INFO - Processing /opt/airflow/dags/airflow_to_emr.py took 0.131 seconds
[2025-11-29T11:24:31.328+0000] {processor.py:186} INFO - Started process (PID=845) to work on /opt/airflow/dags/airflow_to_emr.py
[2025-11-29T11:24:31.330+0000] {processor.py:914} INFO - Processing file /opt/airflow/dags/airflow_to_emr.py for tasks to queue
[2025-11-29T11:24:31.332+0000] {logging_mixin.py:190} INFO - [2025-11-29T11:24:31.331+0000] {dagbag.py:588} INFO - Filling up the DagBag from /opt/airflow/dags/airflow_to_emr.py
[2025-11-29T11:24:31.365+0000] {processor.py:925} INFO - DAG(s) 'submit_pyspark_job_to_emr' retrieved from /opt/airflow/dags/airflow_to_emr.py
[2025-11-29T11:24:31.391+0000] {logging_mixin.py:190} INFO - [2025-11-29T11:24:31.391+0000] {dag.py:3239} INFO - Sync 1 DAGs
[2025-11-29T11:24:31.424+0000] {logging_mixin.py:190} INFO - [2025-11-29T11:24:31.424+0000] {dag.py:4180} INFO - Setting next_dagrun for submit_pyspark_job_to_emr to 2025-11-28 00:00:00+00:00, run_after=2025-11-29 00:00:00+00:00
[2025-11-29T11:24:31.447+0000] {processor.py:208} INFO - Processing /opt/airflow/dags/airflow_to_emr.py took 0.127 seconds
[2025-11-29T11:25:01.630+0000] {processor.py:186} INFO - Started process (PID=913) to work on /opt/airflow/dags/airflow_to_emr.py
[2025-11-29T11:25:01.631+0000] {processor.py:914} INFO - Processing file /opt/airflow/dags/airflow_to_emr.py for tasks to queue
[2025-11-29T11:25:01.634+0000] {logging_mixin.py:190} INFO - [2025-11-29T11:25:01.633+0000] {dagbag.py:588} INFO - Filling up the DagBag from /opt/airflow/dags/airflow_to_emr.py
[2025-11-29T11:25:01.669+0000] {processor.py:925} INFO - DAG(s) 'submit_pyspark_job_to_emr' retrieved from /opt/airflow/dags/airflow_to_emr.py
[2025-11-29T11:25:01.693+0000] {logging_mixin.py:190} INFO - [2025-11-29T11:25:01.692+0000] {dag.py:3239} INFO - Sync 1 DAGs
[2025-11-29T11:25:01.720+0000] {logging_mixin.py:190} INFO - [2025-11-29T11:25:01.719+0000] {dag.py:4180} INFO - Setting next_dagrun for submit_pyspark_job_to_emr to 2025-11-28 00:00:00+00:00, run_after=2025-11-29 00:00:00+00:00
[2025-11-29T11:25:01.746+0000] {processor.py:208} INFO - Processing /opt/airflow/dags/airflow_to_emr.py took 0.126 seconds
[2025-11-29T11:25:32.767+0000] {processor.py:186} INFO - Started process (PID=981) to work on /opt/airflow/dags/airflow_to_emr.py
[2025-11-29T11:25:32.772+0000] {processor.py:914} INFO - Processing file /opt/airflow/dags/airflow_to_emr.py for tasks to queue
[2025-11-29T11:25:32.776+0000] {logging_mixin.py:190} INFO - [2025-11-29T11:25:32.775+0000] {dagbag.py:588} INFO - Filling up the DagBag from /opt/airflow/dags/airflow_to_emr.py
[2025-11-29T11:25:32.840+0000] {processor.py:925} INFO - DAG(s) 'submit_pyspark_job_to_emr' retrieved from /opt/airflow/dags/airflow_to_emr.py
[2025-11-29T11:25:32.873+0000] {logging_mixin.py:190} INFO - [2025-11-29T11:25:32.873+0000] {dag.py:3239} INFO - Sync 1 DAGs
[2025-11-29T11:25:32.907+0000] {logging_mixin.py:190} INFO - [2025-11-29T11:25:32.907+0000] {dag.py:4180} INFO - Setting next_dagrun for submit_pyspark_job_to_emr to 2025-11-28 00:00:00+00:00, run_after=2025-11-29 00:00:00+00:00
[2025-11-29T11:25:32.937+0000] {processor.py:208} INFO - Processing /opt/airflow/dags/airflow_to_emr.py took 0.188 seconds
[2025-11-29T11:26:03.139+0000] {processor.py:186} INFO - Started process (PID=1051) to work on /opt/airflow/dags/airflow_to_emr.py
[2025-11-29T11:26:03.142+0000] {processor.py:914} INFO - Processing file /opt/airflow/dags/airflow_to_emr.py for tasks to queue
[2025-11-29T11:26:03.144+0000] {logging_mixin.py:190} INFO - [2025-11-29T11:26:03.143+0000] {dagbag.py:588} INFO - Filling up the DagBag from /opt/airflow/dags/airflow_to_emr.py
[2025-11-29T11:26:03.203+0000] {processor.py:925} INFO - DAG(s) 'submit_pyspark_job_to_emr' retrieved from /opt/airflow/dags/airflow_to_emr.py
[2025-11-29T11:26:03.241+0000] {logging_mixin.py:190} INFO - [2025-11-29T11:26:03.241+0000] {dag.py:3239} INFO - Sync 1 DAGs
[2025-11-29T11:26:03.272+0000] {logging_mixin.py:190} INFO - [2025-11-29T11:26:03.272+0000] {dag.py:4180} INFO - Setting next_dagrun for submit_pyspark_job_to_emr to 2025-11-28 00:00:00+00:00, run_after=2025-11-29 00:00:00+00:00
[2025-11-29T11:26:03.302+0000] {processor.py:208} INFO - Processing /opt/airflow/dags/airflow_to_emr.py took 0.176 seconds
[2025-11-29T11:26:33.467+0000] {processor.py:186} INFO - Started process (PID=1119) to work on /opt/airflow/dags/airflow_to_emr.py
[2025-11-29T11:26:33.468+0000] {processor.py:914} INFO - Processing file /opt/airflow/dags/airflow_to_emr.py for tasks to queue
[2025-11-29T11:26:33.470+0000] {logging_mixin.py:190} INFO - [2025-11-29T11:26:33.470+0000] {dagbag.py:588} INFO - Filling up the DagBag from /opt/airflow/dags/airflow_to_emr.py
[2025-11-29T11:26:33.502+0000] {processor.py:925} INFO - DAG(s) 'submit_pyspark_job_to_emr' retrieved from /opt/airflow/dags/airflow_to_emr.py
[2025-11-29T11:26:33.534+0000] {logging_mixin.py:190} INFO - [2025-11-29T11:26:33.534+0000] {dag.py:3239} INFO - Sync 1 DAGs
[2025-11-29T11:26:33.564+0000] {logging_mixin.py:190} INFO - [2025-11-29T11:26:33.564+0000] {dag.py:4180} INFO - Setting next_dagrun for submit_pyspark_job_to_emr to 2025-11-28 00:00:00+00:00, run_after=2025-11-29 00:00:00+00:00
[2025-11-29T11:26:33.593+0000] {processor.py:208} INFO - Processing /opt/airflow/dags/airflow_to_emr.py took 0.134 seconds
[2025-11-29T11:27:03.898+0000] {processor.py:186} INFO - Started process (PID=1187) to work on /opt/airflow/dags/airflow_to_emr.py
[2025-11-29T11:27:03.899+0000] {processor.py:914} INFO - Processing file /opt/airflow/dags/airflow_to_emr.py for tasks to queue
[2025-11-29T11:27:03.901+0000] {logging_mixin.py:190} INFO - [2025-11-29T11:27:03.900+0000] {dagbag.py:588} INFO - Filling up the DagBag from /opt/airflow/dags/airflow_to_emr.py
[2025-11-29T11:27:03.940+0000] {processor.py:925} INFO - DAG(s) 'submit_pyspark_job_to_emr' retrieved from /opt/airflow/dags/airflow_to_emr.py
[2025-11-29T11:27:03.970+0000] {logging_mixin.py:190} INFO - [2025-11-29T11:27:03.970+0000] {dag.py:3239} INFO - Sync 1 DAGs
[2025-11-29T11:27:03.997+0000] {logging_mixin.py:190} INFO - [2025-11-29T11:27:03.997+0000] {dag.py:4180} INFO - Setting next_dagrun for submit_pyspark_job_to_emr to 2025-11-28 00:00:00+00:00, run_after=2025-11-29 00:00:00+00:00
[2025-11-29T11:27:04.022+0000] {processor.py:208} INFO - Processing /opt/airflow/dags/airflow_to_emr.py took 0.132 seconds
[2025-11-29T11:27:34.598+0000] {processor.py:186} INFO - Started process (PID=1255) to work on /opt/airflow/dags/airflow_to_emr.py
[2025-11-29T11:27:34.599+0000] {processor.py:914} INFO - Processing file /opt/airflow/dags/airflow_to_emr.py for tasks to queue
[2025-11-29T11:27:34.601+0000] {logging_mixin.py:190} INFO - [2025-11-29T11:27:34.601+0000] {dagbag.py:588} INFO - Filling up the DagBag from /opt/airflow/dags/airflow_to_emr.py
[2025-11-29T11:27:34.630+0000] {processor.py:925} INFO - DAG(s) 'submit_pyspark_job_to_emr' retrieved from /opt/airflow/dags/airflow_to_emr.py
[2025-11-29T11:27:34.656+0000] {logging_mixin.py:190} INFO - [2025-11-29T11:27:34.656+0000] {dag.py:3239} INFO - Sync 1 DAGs
[2025-11-29T11:27:34.684+0000] {logging_mixin.py:190} INFO - [2025-11-29T11:27:34.684+0000] {dag.py:4180} INFO - Setting next_dagrun for submit_pyspark_job_to_emr to 2025-11-28 00:00:00+00:00, run_after=2025-11-29 00:00:00+00:00
[2025-11-29T11:27:34.711+0000] {processor.py:208} INFO - Processing /opt/airflow/dags/airflow_to_emr.py took 0.119 seconds
[2025-11-29T11:28:05.748+0000] {processor.py:186} INFO - Started process (PID=1323) to work on /opt/airflow/dags/airflow_to_emr.py
[2025-11-29T11:28:05.750+0000] {processor.py:914} INFO - Processing file /opt/airflow/dags/airflow_to_emr.py for tasks to queue
[2025-11-29T11:28:05.754+0000] {logging_mixin.py:190} INFO - [2025-11-29T11:28:05.753+0000] {dagbag.py:588} INFO - Filling up the DagBag from /opt/airflow/dags/airflow_to_emr.py
[2025-11-29T11:28:05.793+0000] {processor.py:925} INFO - DAG(s) 'submit_pyspark_job_to_emr' retrieved from /opt/airflow/dags/airflow_to_emr.py
[2025-11-29T11:28:05.826+0000] {logging_mixin.py:190} INFO - [2025-11-29T11:28:05.826+0000] {dag.py:3239} INFO - Sync 1 DAGs
[2025-11-29T11:28:05.861+0000] {logging_mixin.py:190} INFO - [2025-11-29T11:28:05.860+0000] {dag.py:4180} INFO - Setting next_dagrun for submit_pyspark_job_to_emr to 2025-11-28 00:00:00+00:00, run_after=2025-11-29 00:00:00+00:00
[2025-11-29T11:28:05.888+0000] {processor.py:208} INFO - Processing /opt/airflow/dags/airflow_to_emr.py took 0.153 seconds
[2025-11-29T11:28:36.380+0000] {processor.py:186} INFO - Started process (PID=1392) to work on /opt/airflow/dags/airflow_to_emr.py
[2025-11-29T11:28:36.382+0000] {processor.py:914} INFO - Processing file /opt/airflow/dags/airflow_to_emr.py for tasks to queue
[2025-11-29T11:28:36.384+0000] {logging_mixin.py:190} INFO - [2025-11-29T11:28:36.383+0000] {dagbag.py:588} INFO - Filling up the DagBag from /opt/airflow/dags/airflow_to_emr.py
[2025-11-29T11:28:36.425+0000] {processor.py:925} INFO - DAG(s) 'submit_pyspark_job_to_emr' retrieved from /opt/airflow/dags/airflow_to_emr.py
[2025-11-29T11:28:36.458+0000] {logging_mixin.py:190} INFO - [2025-11-29T11:28:36.457+0000] {dag.py:3239} INFO - Sync 1 DAGs
[2025-11-29T11:28:36.494+0000] {logging_mixin.py:190} INFO - [2025-11-29T11:28:36.494+0000] {dag.py:4180} INFO - Setting next_dagrun for submit_pyspark_job_to_emr to 2025-11-28 00:00:00+00:00, run_after=2025-11-29 00:00:00+00:00
[2025-11-29T11:28:36.521+0000] {processor.py:208} INFO - Processing /opt/airflow/dags/airflow_to_emr.py took 0.152 seconds
[2025-11-29T11:29:07.334+0000] {processor.py:186} INFO - Started process (PID=1460) to work on /opt/airflow/dags/airflow_to_emr.py
[2025-11-29T11:29:07.336+0000] {processor.py:914} INFO - Processing file /opt/airflow/dags/airflow_to_emr.py for tasks to queue
[2025-11-29T11:29:07.337+0000] {logging_mixin.py:190} INFO - [2025-11-29T11:29:07.337+0000] {dagbag.py:588} INFO - Filling up the DagBag from /opt/airflow/dags/airflow_to_emr.py
[2025-11-29T11:29:07.368+0000] {processor.py:925} INFO - DAG(s) 'submit_pyspark_job_to_emr' retrieved from /opt/airflow/dags/airflow_to_emr.py
[2025-11-29T11:29:07.396+0000] {logging_mixin.py:190} INFO - [2025-11-29T11:29:07.396+0000] {dag.py:3239} INFO - Sync 1 DAGs
[2025-11-29T11:29:07.426+0000] {logging_mixin.py:190} INFO - [2025-11-29T11:29:07.425+0000] {dag.py:4180} INFO - Setting next_dagrun for submit_pyspark_job_to_emr to 2025-11-28 00:00:00+00:00, run_after=2025-11-29 00:00:00+00:00
[2025-11-29T11:29:07.451+0000] {processor.py:208} INFO - Processing /opt/airflow/dags/airflow_to_emr.py took 0.126 seconds
[2025-11-29T11:29:37.549+0000] {processor.py:186} INFO - Started process (PID=1530) to work on /opt/airflow/dags/airflow_to_emr.py
[2025-11-29T11:29:37.551+0000] {processor.py:914} INFO - Processing file /opt/airflow/dags/airflow_to_emr.py for tasks to queue
[2025-11-29T11:29:37.553+0000] {logging_mixin.py:190} INFO - [2025-11-29T11:29:37.552+0000] {dagbag.py:588} INFO - Filling up the DagBag from /opt/airflow/dags/airflow_to_emr.py
[2025-11-29T11:29:37.588+0000] {processor.py:925} INFO - DAG(s) 'submit_pyspark_job_to_emr' retrieved from /opt/airflow/dags/airflow_to_emr.py
[2025-11-29T11:29:37.616+0000] {logging_mixin.py:190} INFO - [2025-11-29T11:29:37.615+0000] {dag.py:3239} INFO - Sync 1 DAGs
[2025-11-29T11:29:37.647+0000] {logging_mixin.py:190} INFO - [2025-11-29T11:29:37.647+0000] {dag.py:4180} INFO - Setting next_dagrun for submit_pyspark_job_to_emr to 2025-11-28 00:00:00+00:00, run_after=2025-11-29 00:00:00+00:00
[2025-11-29T11:29:37.685+0000] {processor.py:208} INFO - Processing /opt/airflow/dags/airflow_to_emr.py took 0.145 seconds
[2025-11-29T11:30:07.857+0000] {processor.py:186} INFO - Started process (PID=1598) to work on /opt/airflow/dags/airflow_to_emr.py
[2025-11-29T11:30:07.859+0000] {processor.py:914} INFO - Processing file /opt/airflow/dags/airflow_to_emr.py for tasks to queue
[2025-11-29T11:30:07.861+0000] {logging_mixin.py:190} INFO - [2025-11-29T11:30:07.860+0000] {dagbag.py:588} INFO - Filling up the DagBag from /opt/airflow/dags/airflow_to_emr.py
[2025-11-29T11:30:07.900+0000] {processor.py:925} INFO - DAG(s) 'submit_pyspark_job_to_emr' retrieved from /opt/airflow/dags/airflow_to_emr.py
[2025-11-29T11:30:07.939+0000] {logging_mixin.py:190} INFO - [2025-11-29T11:30:07.939+0000] {dag.py:3239} INFO - Sync 1 DAGs
[2025-11-29T11:30:07.987+0000] {logging_mixin.py:190} INFO - [2025-11-29T11:30:07.987+0000] {dag.py:4180} INFO - Setting next_dagrun for submit_pyspark_job_to_emr to 2025-11-28 00:00:00+00:00, run_after=2025-11-29 00:00:00+00:00
[2025-11-29T11:30:08.028+0000] {processor.py:208} INFO - Processing /opt/airflow/dags/airflow_to_emr.py took 0.182 seconds
[2025-11-29T11:30:38.290+0000] {processor.py:186} INFO - Started process (PID=1667) to work on /opt/airflow/dags/airflow_to_emr.py
[2025-11-29T11:30:38.292+0000] {processor.py:914} INFO - Processing file /opt/airflow/dags/airflow_to_emr.py for tasks to queue
[2025-11-29T11:30:38.294+0000] {logging_mixin.py:190} INFO - [2025-11-29T11:30:38.293+0000] {dagbag.py:588} INFO - Filling up the DagBag from /opt/airflow/dags/airflow_to_emr.py
[2025-11-29T11:30:38.333+0000] {processor.py:925} INFO - DAG(s) 'submit_pyspark_job_to_emr' retrieved from /opt/airflow/dags/airflow_to_emr.py
[2025-11-29T11:30:38.363+0000] {logging_mixin.py:190} INFO - [2025-11-29T11:30:38.362+0000] {dag.py:3239} INFO - Sync 1 DAGs
[2025-11-29T11:30:38.390+0000] {logging_mixin.py:190} INFO - [2025-11-29T11:30:38.390+0000] {dag.py:4180} INFO - Setting next_dagrun for submit_pyspark_job_to_emr to 2025-11-28 00:00:00+00:00, run_after=2025-11-29 00:00:00+00:00
[2025-11-29T11:30:38.418+0000] {processor.py:208} INFO - Processing /opt/airflow/dags/airflow_to_emr.py took 0.136 seconds
[2025-11-29T11:31:09.024+0000] {processor.py:186} INFO - Started process (PID=1735) to work on /opt/airflow/dags/airflow_to_emr.py
[2025-11-29T11:31:09.025+0000] {processor.py:914} INFO - Processing file /opt/airflow/dags/airflow_to_emr.py for tasks to queue
[2025-11-29T11:31:09.027+0000] {logging_mixin.py:190} INFO - [2025-11-29T11:31:09.026+0000] {dagbag.py:588} INFO - Filling up the DagBag from /opt/airflow/dags/airflow_to_emr.py
[2025-11-29T11:31:09.058+0000] {processor.py:925} INFO - DAG(s) 'submit_pyspark_job_to_emr' retrieved from /opt/airflow/dags/airflow_to_emr.py
[2025-11-29T11:31:09.084+0000] {logging_mixin.py:190} INFO - [2025-11-29T11:31:09.083+0000] {dag.py:3239} INFO - Sync 1 DAGs
[2025-11-29T11:31:09.109+0000] {logging_mixin.py:190} INFO - [2025-11-29T11:31:09.108+0000] {dag.py:4180} INFO - Setting next_dagrun for submit_pyspark_job_to_emr to 2025-11-28 00:00:00+00:00, run_after=2025-11-29 00:00:00+00:00
[2025-11-29T11:31:09.136+0000] {processor.py:208} INFO - Processing /opt/airflow/dags/airflow_to_emr.py took 0.120 seconds
[2025-11-29T11:31:39.509+0000] {processor.py:186} INFO - Started process (PID=1803) to work on /opt/airflow/dags/airflow_to_emr.py
[2025-11-29T11:31:39.511+0000] {processor.py:914} INFO - Processing file /opt/airflow/dags/airflow_to_emr.py for tasks to queue
[2025-11-29T11:31:39.514+0000] {logging_mixin.py:190} INFO - [2025-11-29T11:31:39.513+0000] {dagbag.py:588} INFO - Filling up the DagBag from /opt/airflow/dags/airflow_to_emr.py
[2025-11-29T11:31:39.551+0000] {processor.py:925} INFO - DAG(s) 'submit_pyspark_job_to_emr' retrieved from /opt/airflow/dags/airflow_to_emr.py
[2025-11-29T11:31:39.579+0000] {logging_mixin.py:190} INFO - [2025-11-29T11:31:39.579+0000] {dag.py:3239} INFO - Sync 1 DAGs
[2025-11-29T11:31:39.612+0000] {logging_mixin.py:190} INFO - [2025-11-29T11:31:39.611+0000] {dag.py:4180} INFO - Setting next_dagrun for submit_pyspark_job_to_emr to 2025-11-28 00:00:00+00:00, run_after=2025-11-29 00:00:00+00:00
[2025-11-29T11:31:39.638+0000] {processor.py:208} INFO - Processing /opt/airflow/dags/airflow_to_emr.py took 0.138 seconds
[2025-11-29T11:32:09.906+0000] {processor.py:186} INFO - Started process (PID=1871) to work on /opt/airflow/dags/airflow_to_emr.py
[2025-11-29T11:32:09.907+0000] {processor.py:914} INFO - Processing file /opt/airflow/dags/airflow_to_emr.py for tasks to queue
[2025-11-29T11:32:09.909+0000] {logging_mixin.py:190} INFO - [2025-11-29T11:32:09.909+0000] {dagbag.py:588} INFO - Filling up the DagBag from /opt/airflow/dags/airflow_to_emr.py
[2025-11-29T11:32:09.946+0000] {processor.py:925} INFO - DAG(s) 'submit_pyspark_job_to_emr' retrieved from /opt/airflow/dags/airflow_to_emr.py
[2025-11-29T11:32:09.980+0000] {logging_mixin.py:190} INFO - [2025-11-29T11:32:09.980+0000] {dag.py:3239} INFO - Sync 1 DAGs
[2025-11-29T11:32:10.010+0000] {logging_mixin.py:190} INFO - [2025-11-29T11:32:10.010+0000] {dag.py:4180} INFO - Setting next_dagrun for submit_pyspark_job_to_emr to 2025-11-28 00:00:00+00:00, run_after=2025-11-29 00:00:00+00:00
[2025-11-29T11:32:10.037+0000] {processor.py:208} INFO - Processing /opt/airflow/dags/airflow_to_emr.py took 0.139 seconds
[2025-11-29T11:32:40.649+0000] {processor.py:186} INFO - Started process (PID=1940) to work on /opt/airflow/dags/airflow_to_emr.py
[2025-11-29T11:32:40.651+0000] {processor.py:914} INFO - Processing file /opt/airflow/dags/airflow_to_emr.py for tasks to queue
[2025-11-29T11:32:40.653+0000] {logging_mixin.py:190} INFO - [2025-11-29T11:32:40.653+0000] {dagbag.py:588} INFO - Filling up the DagBag from /opt/airflow/dags/airflow_to_emr.py
[2025-11-29T11:32:40.705+0000] {processor.py:925} INFO - DAG(s) 'submit_pyspark_job_to_emr' retrieved from /opt/airflow/dags/airflow_to_emr.py
[2025-11-29T11:32:40.735+0000] {logging_mixin.py:190} INFO - [2025-11-29T11:32:40.735+0000] {dag.py:3239} INFO - Sync 1 DAGs
[2025-11-29T11:32:40.773+0000] {logging_mixin.py:190} INFO - [2025-11-29T11:32:40.773+0000] {dag.py:4180} INFO - Setting next_dagrun for submit_pyspark_job_to_emr to 2025-11-28 00:00:00+00:00, run_after=2025-11-29 00:00:00+00:00
[2025-11-29T11:32:40.808+0000] {processor.py:208} INFO - Processing /opt/airflow/dags/airflow_to_emr.py took 0.170 seconds
[2025-11-29T11:33:11.320+0000] {processor.py:186} INFO - Started process (PID=2008) to work on /opt/airflow/dags/airflow_to_emr.py
[2025-11-29T11:33:11.321+0000] {processor.py:914} INFO - Processing file /opt/airflow/dags/airflow_to_emr.py for tasks to queue
[2025-11-29T11:33:11.323+0000] {logging_mixin.py:190} INFO - [2025-11-29T11:33:11.322+0000] {dagbag.py:588} INFO - Filling up the DagBag from /opt/airflow/dags/airflow_to_emr.py
[2025-11-29T11:33:11.357+0000] {processor.py:925} INFO - DAG(s) 'submit_pyspark_job_to_emr' retrieved from /opt/airflow/dags/airflow_to_emr.py
[2025-11-29T11:33:11.392+0000] {logging_mixin.py:190} INFO - [2025-11-29T11:33:11.392+0000] {dag.py:3239} INFO - Sync 1 DAGs
[2025-11-29T11:33:11.430+0000] {logging_mixin.py:190} INFO - [2025-11-29T11:33:11.430+0000] {dag.py:4180} INFO - Setting next_dagrun for submit_pyspark_job_to_emr to 2025-11-28 00:00:00+00:00, run_after=2025-11-29 00:00:00+00:00
[2025-11-29T11:33:11.464+0000] {processor.py:208} INFO - Processing /opt/airflow/dags/airflow_to_emr.py took 0.153 seconds
[2025-11-29T11:33:41.645+0000] {processor.py:186} INFO - Started process (PID=2076) to work on /opt/airflow/dags/airflow_to_emr.py
[2025-11-29T11:33:41.646+0000] {processor.py:914} INFO - Processing file /opt/airflow/dags/airflow_to_emr.py for tasks to queue
[2025-11-29T11:33:41.649+0000] {logging_mixin.py:190} INFO - [2025-11-29T11:33:41.648+0000] {dagbag.py:588} INFO - Filling up the DagBag from /opt/airflow/dags/airflow_to_emr.py
[2025-11-29T11:33:41.698+0000] {processor.py:925} INFO - DAG(s) 'submit_pyspark_job_to_emr' retrieved from /opt/airflow/dags/airflow_to_emr.py
[2025-11-29T11:33:41.741+0000] {logging_mixin.py:190} INFO - [2025-11-29T11:33:41.740+0000] {dag.py:3239} INFO - Sync 1 DAGs
[2025-11-29T11:33:41.782+0000] {logging_mixin.py:190} INFO - [2025-11-29T11:33:41.781+0000] {dag.py:4180} INFO - Setting next_dagrun for submit_pyspark_job_to_emr to 2025-11-28 00:00:00+00:00, run_after=2025-11-29 00:00:00+00:00
[2025-11-29T11:33:41.820+0000] {processor.py:208} INFO - Processing /opt/airflow/dags/airflow_to_emr.py took 0.185 seconds
[2025-11-29T11:34:12.080+0000] {processor.py:186} INFO - Started process (PID=2144) to work on /opt/airflow/dags/airflow_to_emr.py
[2025-11-29T11:34:12.082+0000] {processor.py:914} INFO - Processing file /opt/airflow/dags/airflow_to_emr.py for tasks to queue
[2025-11-29T11:34:12.084+0000] {logging_mixin.py:190} INFO - [2025-11-29T11:34:12.083+0000] {dagbag.py:588} INFO - Filling up the DagBag from /opt/airflow/dags/airflow_to_emr.py
[2025-11-29T11:34:12.135+0000] {processor.py:925} INFO - DAG(s) 'submit_pyspark_job_to_emr' retrieved from /opt/airflow/dags/airflow_to_emr.py
[2025-11-29T11:34:12.181+0000] {logging_mixin.py:190} INFO - [2025-11-29T11:34:12.181+0000] {dag.py:3239} INFO - Sync 1 DAGs
[2025-11-29T11:34:12.211+0000] {logging_mixin.py:190} INFO - [2025-11-29T11:34:12.211+0000] {dag.py:4180} INFO - Setting next_dagrun for submit_pyspark_job_to_emr to 2025-11-28 00:00:00+00:00, run_after=2025-11-29 00:00:00+00:00
[2025-11-29T11:34:12.238+0000] {processor.py:208} INFO - Processing /opt/airflow/dags/airflow_to_emr.py took 0.167 seconds
[2025-11-29T11:34:42.712+0000] {processor.py:186} INFO - Started process (PID=2212) to work on /opt/airflow/dags/airflow_to_emr.py
[2025-11-29T11:34:42.714+0000] {processor.py:914} INFO - Processing file /opt/airflow/dags/airflow_to_emr.py for tasks to queue
[2025-11-29T11:34:42.716+0000] {logging_mixin.py:190} INFO - [2025-11-29T11:34:42.715+0000] {dagbag.py:588} INFO - Filling up the DagBag from /opt/airflow/dags/airflow_to_emr.py
[2025-11-29T11:34:42.761+0000] {processor.py:925} INFO - DAG(s) 'submit_pyspark_job_to_emr' retrieved from /opt/airflow/dags/airflow_to_emr.py
[2025-11-29T11:34:42.793+0000] {logging_mixin.py:190} INFO - [2025-11-29T11:34:42.793+0000] {dag.py:3239} INFO - Sync 1 DAGs
[2025-11-29T11:34:42.825+0000] {logging_mixin.py:190} INFO - [2025-11-29T11:34:42.825+0000] {dag.py:4180} INFO - Setting next_dagrun for submit_pyspark_job_to_emr to 2025-11-28 00:00:00+00:00, run_after=2025-11-29 00:00:00+00:00
[2025-11-29T11:34:42.883+0000] {processor.py:208} INFO - Processing /opt/airflow/dags/airflow_to_emr.py took 0.179 seconds
[2025-11-29T11:35:13.500+0000] {processor.py:186} INFO - Started process (PID=2280) to work on /opt/airflow/dags/airflow_to_emr.py
[2025-11-29T11:35:13.501+0000] {processor.py:914} INFO - Processing file /opt/airflow/dags/airflow_to_emr.py for tasks to queue
[2025-11-29T11:35:13.503+0000] {logging_mixin.py:190} INFO - [2025-11-29T11:35:13.503+0000] {dagbag.py:588} INFO - Filling up the DagBag from /opt/airflow/dags/airflow_to_emr.py
[2025-11-29T11:35:13.534+0000] {processor.py:925} INFO - DAG(s) 'submit_pyspark_job_to_emr' retrieved from /opt/airflow/dags/airflow_to_emr.py
[2025-11-29T11:35:13.565+0000] {logging_mixin.py:190} INFO - [2025-11-29T11:35:13.565+0000] {dag.py:3239} INFO - Sync 1 DAGs
[2025-11-29T11:35:13.594+0000] {logging_mixin.py:190} INFO - [2025-11-29T11:35:13.593+0000] {dag.py:4180} INFO - Setting next_dagrun for submit_pyspark_job_to_emr to 2025-11-28 00:00:00+00:00, run_after=2025-11-29 00:00:00+00:00
[2025-11-29T11:35:13.626+0000] {processor.py:208} INFO - Processing /opt/airflow/dags/airflow_to_emr.py took 0.134 seconds
[2025-11-29T11:35:43.772+0000] {processor.py:186} INFO - Started process (PID=2349) to work on /opt/airflow/dags/airflow_to_emr.py
[2025-11-29T11:35:43.774+0000] {processor.py:914} INFO - Processing file /opt/airflow/dags/airflow_to_emr.py for tasks to queue
[2025-11-29T11:35:43.776+0000] {logging_mixin.py:190} INFO - [2025-11-29T11:35:43.776+0000] {dagbag.py:588} INFO - Filling up the DagBag from /opt/airflow/dags/airflow_to_emr.py
[2025-11-29T11:35:43.818+0000] {processor.py:925} INFO - DAG(s) 'submit_pyspark_job_to_emr' retrieved from /opt/airflow/dags/airflow_to_emr.py
[2025-11-29T11:35:43.851+0000] {logging_mixin.py:190} INFO - [2025-11-29T11:35:43.851+0000] {dag.py:3239} INFO - Sync 1 DAGs
[2025-11-29T11:35:43.882+0000] {logging_mixin.py:190} INFO - [2025-11-29T11:35:43.882+0000] {dag.py:4180} INFO - Setting next_dagrun for submit_pyspark_job_to_emr to 2025-11-28 00:00:00+00:00, run_after=2025-11-29 00:00:00+00:00
[2025-11-29T11:35:43.913+0000] {processor.py:208} INFO - Processing /opt/airflow/dags/airflow_to_emr.py took 0.149 seconds
[2025-11-29T11:36:14.629+0000] {processor.py:186} INFO - Started process (PID=2419) to work on /opt/airflow/dags/airflow_to_emr.py
[2025-11-29T11:36:14.630+0000] {processor.py:914} INFO - Processing file /opt/airflow/dags/airflow_to_emr.py for tasks to queue
[2025-11-29T11:36:14.632+0000] {logging_mixin.py:190} INFO - [2025-11-29T11:36:14.631+0000] {dagbag.py:588} INFO - Filling up the DagBag from /opt/airflow/dags/airflow_to_emr.py
[2025-11-29T11:36:14.662+0000] {processor.py:925} INFO - DAG(s) 'submit_pyspark_job_to_emr' retrieved from /opt/airflow/dags/airflow_to_emr.py
[2025-11-29T11:36:14.689+0000] {logging_mixin.py:190} INFO - [2025-11-29T11:36:14.689+0000] {dag.py:3239} INFO - Sync 1 DAGs
[2025-11-29T11:36:14.716+0000] {logging_mixin.py:190} INFO - [2025-11-29T11:36:14.716+0000] {dag.py:4180} INFO - Setting next_dagrun for submit_pyspark_job_to_emr to 2025-11-28 00:00:00+00:00, run_after=2025-11-29 00:00:00+00:00
[2025-11-29T11:36:14.742+0000] {processor.py:208} INFO - Processing /opt/airflow/dags/airflow_to_emr.py took 0.122 seconds
[2025-11-29T11:36:45.289+0000] {processor.py:186} INFO - Started process (PID=2487) to work on /opt/airflow/dags/airflow_to_emr.py
[2025-11-29T11:36:45.291+0000] {processor.py:914} INFO - Processing file /opt/airflow/dags/airflow_to_emr.py for tasks to queue
[2025-11-29T11:36:45.293+0000] {logging_mixin.py:190} INFO - [2025-11-29T11:36:45.292+0000] {dagbag.py:588} INFO - Filling up the DagBag from /opt/airflow/dags/airflow_to_emr.py
[2025-11-29T11:36:45.330+0000] {processor.py:925} INFO - DAG(s) 'submit_pyspark_job_to_emr' retrieved from /opt/airflow/dags/airflow_to_emr.py
[2025-11-29T11:36:45.358+0000] {logging_mixin.py:190} INFO - [2025-11-29T11:36:45.358+0000] {dag.py:3239} INFO - Sync 1 DAGs
[2025-11-29T11:36:45.386+0000] {logging_mixin.py:190} INFO - [2025-11-29T11:36:45.386+0000] {dag.py:4180} INFO - Setting next_dagrun for submit_pyspark_job_to_emr to 2025-11-28 00:00:00+00:00, run_after=2025-11-29 00:00:00+00:00
[2025-11-29T11:36:45.411+0000] {processor.py:208} INFO - Processing /opt/airflow/dags/airflow_to_emr.py took 0.129 seconds
[2025-11-29T11:37:16.172+0000] {processor.py:186} INFO - Started process (PID=2555) to work on /opt/airflow/dags/airflow_to_emr.py
[2025-11-29T11:37:16.174+0000] {processor.py:914} INFO - Processing file /opt/airflow/dags/airflow_to_emr.py for tasks to queue
[2025-11-29T11:37:16.177+0000] {logging_mixin.py:190} INFO - [2025-11-29T11:37:16.176+0000] {dagbag.py:588} INFO - Filling up the DagBag from /opt/airflow/dags/airflow_to_emr.py
[2025-11-29T11:37:16.216+0000] {processor.py:925} INFO - DAG(s) 'submit_pyspark_job_to_emr' retrieved from /opt/airflow/dags/airflow_to_emr.py
[2025-11-29T11:37:16.252+0000] {logging_mixin.py:190} INFO - [2025-11-29T11:37:16.251+0000] {dag.py:3239} INFO - Sync 1 DAGs
[2025-11-29T11:37:16.281+0000] {logging_mixin.py:190} INFO - [2025-11-29T11:37:16.281+0000] {dag.py:4180} INFO - Setting next_dagrun for submit_pyspark_job_to_emr to 2025-11-28 00:00:00+00:00, run_after=2025-11-29 00:00:00+00:00
[2025-11-29T11:37:16.309+0000] {processor.py:208} INFO - Processing /opt/airflow/dags/airflow_to_emr.py took 0.148 seconds
