[2025-11-29T11:18:54.406+0000] {processor.py:186} INFO - Started process (PID=92) to work on /opt/airflow/dags/create_submit_delete_emr.py
[2025-11-29T11:18:54.408+0000] {processor.py:914} INFO - Processing file /opt/airflow/dags/create_submit_delete_emr.py for tasks to queue
[2025-11-29T11:18:54.415+0000] {logging_mixin.py:190} INFO - [2025-11-29T11:18:54.414+0000] {dagbag.py:588} INFO - Filling up the DagBag from /opt/airflow/dags/create_submit_delete_emr.py
[2025-11-29T11:18:54.478+0000] {processor.py:925} INFO - DAG(s) 'retail-dataset-load' retrieved from /opt/airflow/dags/create_submit_delete_emr.py
[2025-11-29T11:18:54.811+0000] {logging_mixin.py:190} INFO - [2025-11-29T11:18:54.810+0000] {override.py:1911} INFO - Created Permission View: can delete on DAG:retail-dataset-load
[2025-11-29T11:18:54.822+0000] {logging_mixin.py:190} INFO - [2025-11-29T11:18:54.822+0000] {override.py:1911} INFO - Created Permission View: can read on DAG:retail-dataset-load
[2025-11-29T11:18:54.831+0000] {logging_mixin.py:190} INFO - [2025-11-29T11:18:54.830+0000] {override.py:1911} INFO - Created Permission View: can edit on DAG:retail-dataset-load
[2025-11-29T11:18:54.840+0000] {logging_mixin.py:190} INFO - [2025-11-29T11:18:54.840+0000] {override.py:1911} INFO - Created Permission View: menu access on DAG Run:retail-dataset-load
[2025-11-29T11:18:54.848+0000] {logging_mixin.py:190} INFO - [2025-11-29T11:18:54.848+0000] {override.py:1911} INFO - Created Permission View: can delete on DAG Run:retail-dataset-load
[2025-11-29T11:18:54.857+0000] {logging_mixin.py:190} INFO - [2025-11-29T11:18:54.856+0000] {override.py:1911} INFO - Created Permission View: can read on DAG Run:retail-dataset-load
[2025-11-29T11:18:54.865+0000] {logging_mixin.py:190} INFO - [2025-11-29T11:18:54.865+0000] {override.py:1911} INFO - Created Permission View: can create on DAG Run:retail-dataset-load
[2025-11-29T11:18:54.866+0000] {logging_mixin.py:190} INFO - [2025-11-29T11:18:54.866+0000] {dag.py:3239} INFO - Sync 1 DAGs
[2025-11-29T11:18:54.885+0000] {logging_mixin.py:190} INFO - [2025-11-29T11:18:54.884+0000] {dag.py:3262} INFO - Creating ORM DAG for retail-dataset-load
[2025-11-29T11:18:54.886+0000] {logging_mixin.py:190} INFO - [2025-11-29T11:18:54.886+0000] {dag.py:4180} INFO - Setting next_dagrun for retail-dataset-load to None, run_after=None
[2025-11-29T11:18:54.912+0000] {processor.py:208} INFO - Processing /opt/airflow/dags/create_submit_delete_emr.py took 0.516 seconds
[2025-11-29T11:19:25.583+0000] {processor.py:186} INFO - Started process (PID=160) to work on /opt/airflow/dags/create_submit_delete_emr.py
[2025-11-29T11:19:25.584+0000] {processor.py:914} INFO - Processing file /opt/airflow/dags/create_submit_delete_emr.py for tasks to queue
[2025-11-29T11:19:25.588+0000] {logging_mixin.py:190} INFO - [2025-11-29T11:19:25.587+0000] {dagbag.py:588} INFO - Filling up the DagBag from /opt/airflow/dags/create_submit_delete_emr.py
[2025-11-29T11:19:25.620+0000] {processor.py:925} INFO - DAG(s) 'retail-dataset-load' retrieved from /opt/airflow/dags/create_submit_delete_emr.py
[2025-11-29T11:19:25.665+0000] {logging_mixin.py:190} INFO - [2025-11-29T11:19:25.664+0000] {dag.py:3239} INFO - Sync 1 DAGs
[2025-11-29T11:19:25.701+0000] {logging_mixin.py:190} INFO - [2025-11-29T11:19:25.701+0000] {dag.py:4180} INFO - Setting next_dagrun for retail-dataset-load to None, run_after=None
[2025-11-29T11:19:25.735+0000] {processor.py:208} INFO - Processing /opt/airflow/dags/create_submit_delete_emr.py took 0.162 seconds
[2025-11-29T11:19:56.076+0000] {processor.py:186} INFO - Started process (PID=228) to work on /opt/airflow/dags/create_submit_delete_emr.py
[2025-11-29T11:19:56.078+0000] {processor.py:914} INFO - Processing file /opt/airflow/dags/create_submit_delete_emr.py for tasks to queue
[2025-11-29T11:19:56.083+0000] {logging_mixin.py:190} INFO - [2025-11-29T11:19:56.082+0000] {dagbag.py:588} INFO - Filling up the DagBag from /opt/airflow/dags/create_submit_delete_emr.py
[2025-11-29T11:19:56.115+0000] {processor.py:925} INFO - DAG(s) 'retail-dataset-load' retrieved from /opt/airflow/dags/create_submit_delete_emr.py
[2025-11-29T11:19:56.168+0000] {logging_mixin.py:190} INFO - [2025-11-29T11:19:56.165+0000] {dag.py:3239} INFO - Sync 1 DAGs
[2025-11-29T11:19:56.193+0000] {logging_mixin.py:190} INFO - [2025-11-29T11:19:56.193+0000] {dag.py:4180} INFO - Setting next_dagrun for retail-dataset-load to None, run_after=None
[2025-11-29T11:19:56.227+0000] {processor.py:208} INFO - Processing /opt/airflow/dags/create_submit_delete_emr.py took 0.161 seconds
[2025-11-29T11:20:27.022+0000] {processor.py:186} INFO - Started process (PID=297) to work on /opt/airflow/dags/create_submit_delete_emr.py
[2025-11-29T11:20:27.024+0000] {processor.py:914} INFO - Processing file /opt/airflow/dags/create_submit_delete_emr.py for tasks to queue
[2025-11-29T11:20:27.029+0000] {logging_mixin.py:190} INFO - [2025-11-29T11:20:27.028+0000] {dagbag.py:588} INFO - Filling up the DagBag from /opt/airflow/dags/create_submit_delete_emr.py
[2025-11-29T11:20:27.060+0000] {processor.py:925} INFO - DAG(s) 'retail-dataset-load' retrieved from /opt/airflow/dags/create_submit_delete_emr.py
[2025-11-29T11:20:27.096+0000] {logging_mixin.py:190} INFO - [2025-11-29T11:20:27.095+0000] {dag.py:3239} INFO - Sync 1 DAGs
[2025-11-29T11:20:27.116+0000] {logging_mixin.py:190} INFO - [2025-11-29T11:20:27.115+0000] {dag.py:4180} INFO - Setting next_dagrun for retail-dataset-load to None, run_after=None
[2025-11-29T11:20:27.144+0000] {processor.py:208} INFO - Processing /opt/airflow/dags/create_submit_delete_emr.py took 0.135 seconds
[2025-11-29T11:20:57.315+0000] {processor.py:186} INFO - Started process (PID=366) to work on /opt/airflow/dags/create_submit_delete_emr.py
[2025-11-29T11:20:57.316+0000] {processor.py:914} INFO - Processing file /opt/airflow/dags/create_submit_delete_emr.py for tasks to queue
[2025-11-29T11:20:57.321+0000] {logging_mixin.py:190} INFO - [2025-11-29T11:20:57.320+0000] {dagbag.py:588} INFO - Filling up the DagBag from /opt/airflow/dags/create_submit_delete_emr.py
[2025-11-29T11:20:57.350+0000] {processor.py:925} INFO - DAG(s) 'retail-dataset-load' retrieved from /opt/airflow/dags/create_submit_delete_emr.py
[2025-11-29T11:20:57.395+0000] {logging_mixin.py:190} INFO - [2025-11-29T11:20:57.394+0000] {dag.py:3239} INFO - Sync 1 DAGs
[2025-11-29T11:20:57.419+0000] {logging_mixin.py:190} INFO - [2025-11-29T11:20:57.419+0000] {dag.py:4180} INFO - Setting next_dagrun for retail-dataset-load to None, run_after=None
[2025-11-29T11:20:57.451+0000] {processor.py:208} INFO - Processing /opt/airflow/dags/create_submit_delete_emr.py took 0.145 seconds
[2025-11-29T11:21:27.551+0000] {processor.py:186} INFO - Started process (PID=434) to work on /opt/airflow/dags/create_submit_delete_emr.py
[2025-11-29T11:21:27.553+0000] {processor.py:914} INFO - Processing file /opt/airflow/dags/create_submit_delete_emr.py for tasks to queue
[2025-11-29T11:21:27.557+0000] {logging_mixin.py:190} INFO - [2025-11-29T11:21:27.556+0000] {dagbag.py:588} INFO - Filling up the DagBag from /opt/airflow/dags/create_submit_delete_emr.py
[2025-11-29T11:21:27.584+0000] {processor.py:925} INFO - DAG(s) 'retail-dataset-load' retrieved from /opt/airflow/dags/create_submit_delete_emr.py
[2025-11-29T11:21:27.614+0000] {logging_mixin.py:190} INFO - [2025-11-29T11:21:27.613+0000] {dag.py:3239} INFO - Sync 1 DAGs
[2025-11-29T11:21:27.632+0000] {logging_mixin.py:190} INFO - [2025-11-29T11:21:27.632+0000] {dag.py:4180} INFO - Setting next_dagrun for retail-dataset-load to None, run_after=None
[2025-11-29T11:21:27.659+0000] {processor.py:208} INFO - Processing /opt/airflow/dags/create_submit_delete_emr.py took 0.116 seconds
[2025-11-29T11:21:57.905+0000] {processor.py:186} INFO - Started process (PID=503) to work on /opt/airflow/dags/create_submit_delete_emr.py
[2025-11-29T11:21:57.906+0000] {processor.py:914} INFO - Processing file /opt/airflow/dags/create_submit_delete_emr.py for tasks to queue
[2025-11-29T11:21:57.911+0000] {logging_mixin.py:190} INFO - [2025-11-29T11:21:57.910+0000] {dagbag.py:588} INFO - Filling up the DagBag from /opt/airflow/dags/create_submit_delete_emr.py
[2025-11-29T11:21:57.937+0000] {processor.py:925} INFO - DAG(s) 'retail-dataset-load' retrieved from /opt/airflow/dags/create_submit_delete_emr.py
[2025-11-29T11:21:57.966+0000] {logging_mixin.py:190} INFO - [2025-11-29T11:21:57.965+0000] {dag.py:3239} INFO - Sync 1 DAGs
[2025-11-29T11:21:57.983+0000] {logging_mixin.py:190} INFO - [2025-11-29T11:21:57.983+0000] {dag.py:4180} INFO - Setting next_dagrun for retail-dataset-load to None, run_after=None
[2025-11-29T11:21:58.009+0000] {processor.py:208} INFO - Processing /opt/airflow/dags/create_submit_delete_emr.py took 0.114 seconds
[2025-11-29T11:22:28.408+0000] {processor.py:186} INFO - Started process (PID=571) to work on /opt/airflow/dags/create_submit_delete_emr.py
[2025-11-29T11:22:28.409+0000] {processor.py:914} INFO - Processing file /opt/airflow/dags/create_submit_delete_emr.py for tasks to queue
[2025-11-29T11:22:28.413+0000] {logging_mixin.py:190} INFO - [2025-11-29T11:22:28.412+0000] {dagbag.py:588} INFO - Filling up the DagBag from /opt/airflow/dags/create_submit_delete_emr.py
[2025-11-29T11:22:28.439+0000] {processor.py:925} INFO - DAG(s) 'retail-dataset-load' retrieved from /opt/airflow/dags/create_submit_delete_emr.py
[2025-11-29T11:22:28.473+0000] {logging_mixin.py:190} INFO - [2025-11-29T11:22:28.472+0000] {dag.py:3239} INFO - Sync 1 DAGs
[2025-11-29T11:22:28.491+0000] {logging_mixin.py:190} INFO - [2025-11-29T11:22:28.491+0000] {dag.py:4180} INFO - Setting next_dagrun for retail-dataset-load to None, run_after=None
[2025-11-29T11:22:28.517+0000] {processor.py:208} INFO - Processing /opt/airflow/dags/create_submit_delete_emr.py took 0.117 seconds
[2025-11-29T11:22:29.626+0000] {processor.py:186} INFO - Started process (PID=574) to work on /opt/airflow/dags/create_submit_delete_emr.py
[2025-11-29T11:22:29.627+0000] {processor.py:914} INFO - Processing file /opt/airflow/dags/create_submit_delete_emr.py for tasks to queue
[2025-11-29T11:22:29.631+0000] {logging_mixin.py:190} INFO - [2025-11-29T11:22:29.630+0000] {dagbag.py:588} INFO - Filling up the DagBag from /opt/airflow/dags/create_submit_delete_emr.py
[2025-11-29T11:22:29.664+0000] {logging_mixin.py:190} INFO - [2025-11-29T11:22:29.658+0000] {dagbag.py:387} ERROR - Failed to import: /opt/airflow/dags/create_submit_delete_emr.py
Traceback (most recent call last):
  File "/home/airflow/.local/lib/python3.12/site-packages/airflow/models/dagbag.py", line 383, in parse
    loader.exec_module(new_module)
  File "<frozen importlib._bootstrap_external>", line 999, in exec_module
  File "<frozen importlib._bootstrap>", line 488, in _call_with_frames_removed
  File "/opt/airflow/dags/create_submit_delete_emr.py", line 160, in <module>
    create_emr_task = PythonOperator(
                      ^^^^^^^^^^^^^^^
  File "/home/airflow/.local/lib/python3.12/site-packages/airflow/models/baseoperator.py", line 506, in apply_defaults
    result = func(self, **kwargs, default_args=default_args)
             ^^^^^^^^^^^^^^^^^^^^^^^^^^^^^^^^^^^^^^^^^^^^^^^
  File "/home/airflow/.local/lib/python3.12/site-packages/airflow/operators/python.py", line 222, in __init__
    super().__init__(**kwargs)
  File "/home/airflow/.local/lib/python3.12/site-packages/airflow/models/baseoperator.py", line 506, in apply_defaults
    result = func(self, **kwargs, default_args=default_args)
             ^^^^^^^^^^^^^^^^^^^^^^^^^^^^^^^^^^^^^^^^^^^^^^^
  File "/home/airflow/.local/lib/python3.12/site-packages/airflow/models/baseoperator.py", line 957, in __init__
    raise AirflowException(
airflow.exceptions.AirflowException: Invalid arguments were passed to PythonOperator (task_id: create_emr_cluster). Invalid arguments were:
**kwargs: {'aws_conn_id': 'aws_default'}
[2025-11-29T11:22:29.665+0000] {processor.py:927} WARNING - No viable dags retrieved from /opt/airflow/dags/create_submit_delete_emr.py
[2025-11-29T11:22:29.692+0000] {processor.py:208} INFO - Processing /opt/airflow/dags/create_submit_delete_emr.py took 0.073 seconds
[2025-11-29T11:23:00.300+0000] {processor.py:186} INFO - Started process (PID=642) to work on /opt/airflow/dags/create_submit_delete_emr.py
[2025-11-29T11:23:00.301+0000] {processor.py:914} INFO - Processing file /opt/airflow/dags/create_submit_delete_emr.py for tasks to queue
[2025-11-29T11:23:00.305+0000] {logging_mixin.py:190} INFO - [2025-11-29T11:23:00.304+0000] {dagbag.py:588} INFO - Filling up the DagBag from /opt/airflow/dags/create_submit_delete_emr.py
[2025-11-29T11:23:00.337+0000] {logging_mixin.py:190} INFO - [2025-11-29T11:23:00.328+0000] {dagbag.py:387} ERROR - Failed to import: /opt/airflow/dags/create_submit_delete_emr.py
Traceback (most recent call last):
  File "/home/airflow/.local/lib/python3.12/site-packages/airflow/models/dagbag.py", line 383, in parse
    loader.exec_module(new_module)
  File "<frozen importlib._bootstrap_external>", line 999, in exec_module
  File "<frozen importlib._bootstrap>", line 488, in _call_with_frames_removed
  File "/opt/airflow/dags/create_submit_delete_emr.py", line 160, in <module>
    create_emr_task = PythonOperator(
                      ^^^^^^^^^^^^^^^
  File "/home/airflow/.local/lib/python3.12/site-packages/airflow/models/baseoperator.py", line 506, in apply_defaults
    result = func(self, **kwargs, default_args=default_args)
             ^^^^^^^^^^^^^^^^^^^^^^^^^^^^^^^^^^^^^^^^^^^^^^^
  File "/home/airflow/.local/lib/python3.12/site-packages/airflow/operators/python.py", line 222, in __init__
    super().__init__(**kwargs)
  File "/home/airflow/.local/lib/python3.12/site-packages/airflow/models/baseoperator.py", line 506, in apply_defaults
    result = func(self, **kwargs, default_args=default_args)
             ^^^^^^^^^^^^^^^^^^^^^^^^^^^^^^^^^^^^^^^^^^^^^^^
  File "/home/airflow/.local/lib/python3.12/site-packages/airflow/models/baseoperator.py", line 957, in __init__
    raise AirflowException(
airflow.exceptions.AirflowException: Invalid arguments were passed to PythonOperator (task_id: create_emr_cluster). Invalid arguments were:
**kwargs: {'aws_conn_id': 'aws_default'}
[2025-11-29T11:23:00.338+0000] {processor.py:927} WARNING - No viable dags retrieved from /opt/airflow/dags/create_submit_delete_emr.py
[2025-11-29T11:23:00.370+0000] {processor.py:208} INFO - Processing /opt/airflow/dags/create_submit_delete_emr.py took 0.078 seconds
[2025-11-29T11:23:31.019+0000] {processor.py:186} INFO - Started process (PID=710) to work on /opt/airflow/dags/create_submit_delete_emr.py
[2025-11-29T11:23:31.021+0000] {processor.py:914} INFO - Processing file /opt/airflow/dags/create_submit_delete_emr.py for tasks to queue
[2025-11-29T11:23:31.025+0000] {logging_mixin.py:190} INFO - [2025-11-29T11:23:31.024+0000] {dagbag.py:588} INFO - Filling up the DagBag from /opt/airflow/dags/create_submit_delete_emr.py
[2025-11-29T11:23:31.055+0000] {logging_mixin.py:190} INFO - [2025-11-29T11:23:31.048+0000] {dagbag.py:387} ERROR - Failed to import: /opt/airflow/dags/create_submit_delete_emr.py
Traceback (most recent call last):
  File "/home/airflow/.local/lib/python3.12/site-packages/airflow/models/dagbag.py", line 383, in parse
    loader.exec_module(new_module)
  File "<frozen importlib._bootstrap_external>", line 999, in exec_module
  File "<frozen importlib._bootstrap>", line 488, in _call_with_frames_removed
  File "/opt/airflow/dags/create_submit_delete_emr.py", line 160, in <module>
    create_emr_task = PythonOperator(
                      ^^^^^^^^^^^^^^^
  File "/home/airflow/.local/lib/python3.12/site-packages/airflow/models/baseoperator.py", line 506, in apply_defaults
    result = func(self, **kwargs, default_args=default_args)
             ^^^^^^^^^^^^^^^^^^^^^^^^^^^^^^^^^^^^^^^^^^^^^^^
  File "/home/airflow/.local/lib/python3.12/site-packages/airflow/operators/python.py", line 222, in __init__
    super().__init__(**kwargs)
  File "/home/airflow/.local/lib/python3.12/site-packages/airflow/models/baseoperator.py", line 506, in apply_defaults
    result = func(self, **kwargs, default_args=default_args)
             ^^^^^^^^^^^^^^^^^^^^^^^^^^^^^^^^^^^^^^^^^^^^^^^
  File "/home/airflow/.local/lib/python3.12/site-packages/airflow/models/baseoperator.py", line 957, in __init__
    raise AirflowException(
airflow.exceptions.AirflowException: Invalid arguments were passed to PythonOperator (task_id: create_emr_cluster). Invalid arguments were:
**kwargs: {'aws_conn_id': 'aws_default'}
[2025-11-29T11:23:31.057+0000] {processor.py:927} WARNING - No viable dags retrieved from /opt/airflow/dags/create_submit_delete_emr.py
[2025-11-29T11:23:31.084+0000] {processor.py:208} INFO - Processing /opt/airflow/dags/create_submit_delete_emr.py took 0.073 seconds
[2025-11-29T11:24:01.703+0000] {processor.py:186} INFO - Started process (PID=779) to work on /opt/airflow/dags/create_submit_delete_emr.py
[2025-11-29T11:24:01.705+0000] {processor.py:914} INFO - Processing file /opt/airflow/dags/create_submit_delete_emr.py for tasks to queue
[2025-11-29T11:24:01.706+0000] {logging_mixin.py:190} INFO - [2025-11-29T11:24:01.706+0000] {dagbag.py:588} INFO - Filling up the DagBag from /opt/airflow/dags/create_submit_delete_emr.py
[2025-11-29T11:24:01.734+0000] {logging_mixin.py:190} INFO - [2025-11-29T11:24:01.727+0000] {dagbag.py:387} ERROR - Failed to import: /opt/airflow/dags/create_submit_delete_emr.py
Traceback (most recent call last):
  File "/home/airflow/.local/lib/python3.12/site-packages/airflow/models/dagbag.py", line 383, in parse
    loader.exec_module(new_module)
  File "<frozen importlib._bootstrap_external>", line 999, in exec_module
  File "<frozen importlib._bootstrap>", line 488, in _call_with_frames_removed
  File "/opt/airflow/dags/create_submit_delete_emr.py", line 160, in <module>
    create_emr_task = PythonOperator(
                      ^^^^^^^^^^^^^^^
  File "/home/airflow/.local/lib/python3.12/site-packages/airflow/models/baseoperator.py", line 506, in apply_defaults
    result = func(self, **kwargs, default_args=default_args)
             ^^^^^^^^^^^^^^^^^^^^^^^^^^^^^^^^^^^^^^^^^^^^^^^
  File "/home/airflow/.local/lib/python3.12/site-packages/airflow/operators/python.py", line 222, in __init__
    super().__init__(**kwargs)
  File "/home/airflow/.local/lib/python3.12/site-packages/airflow/models/baseoperator.py", line 506, in apply_defaults
    result = func(self, **kwargs, default_args=default_args)
             ^^^^^^^^^^^^^^^^^^^^^^^^^^^^^^^^^^^^^^^^^^^^^^^
  File "/home/airflow/.local/lib/python3.12/site-packages/airflow/models/baseoperator.py", line 957, in __init__
    raise AirflowException(
airflow.exceptions.AirflowException: Invalid arguments were passed to PythonOperator (task_id: create_emr_cluster). Invalid arguments were:
**kwargs: {'aws_conn_id': 'aws_default'}
[2025-11-29T11:24:01.736+0000] {processor.py:927} WARNING - No viable dags retrieved from /opt/airflow/dags/create_submit_delete_emr.py
[2025-11-29T11:24:01.764+0000] {processor.py:208} INFO - Processing /opt/airflow/dags/create_submit_delete_emr.py took 0.068 seconds
[2025-11-29T11:24:32.398+0000] {processor.py:186} INFO - Started process (PID=847) to work on /opt/airflow/dags/create_submit_delete_emr.py
[2025-11-29T11:24:32.399+0000] {processor.py:914} INFO - Processing file /opt/airflow/dags/create_submit_delete_emr.py for tasks to queue
[2025-11-29T11:24:32.401+0000] {logging_mixin.py:190} INFO - [2025-11-29T11:24:32.401+0000] {dagbag.py:588} INFO - Filling up the DagBag from /opt/airflow/dags/create_submit_delete_emr.py
[2025-11-29T11:24:32.428+0000] {logging_mixin.py:190} INFO - [2025-11-29T11:24:32.421+0000] {dagbag.py:387} ERROR - Failed to import: /opt/airflow/dags/create_submit_delete_emr.py
Traceback (most recent call last):
  File "/home/airflow/.local/lib/python3.12/site-packages/airflow/models/dagbag.py", line 383, in parse
    loader.exec_module(new_module)
  File "<frozen importlib._bootstrap_external>", line 999, in exec_module
  File "<frozen importlib._bootstrap>", line 488, in _call_with_frames_removed
  File "/opt/airflow/dags/create_submit_delete_emr.py", line 160, in <module>
    create_emr_task = PythonOperator(
                      ^^^^^^^^^^^^^^^
  File "/home/airflow/.local/lib/python3.12/site-packages/airflow/models/baseoperator.py", line 506, in apply_defaults
    result = func(self, **kwargs, default_args=default_args)
             ^^^^^^^^^^^^^^^^^^^^^^^^^^^^^^^^^^^^^^^^^^^^^^^
  File "/home/airflow/.local/lib/python3.12/site-packages/airflow/operators/python.py", line 222, in __init__
    super().__init__(**kwargs)
  File "/home/airflow/.local/lib/python3.12/site-packages/airflow/models/baseoperator.py", line 506, in apply_defaults
    result = func(self, **kwargs, default_args=default_args)
             ^^^^^^^^^^^^^^^^^^^^^^^^^^^^^^^^^^^^^^^^^^^^^^^
  File "/home/airflow/.local/lib/python3.12/site-packages/airflow/models/baseoperator.py", line 957, in __init__
    raise AirflowException(
airflow.exceptions.AirflowException: Invalid arguments were passed to PythonOperator (task_id: create_emr_cluster). Invalid arguments were:
**kwargs: {'aws_conn_id': 'aws_default'}
[2025-11-29T11:24:32.429+0000] {processor.py:927} WARNING - No viable dags retrieved from /opt/airflow/dags/create_submit_delete_emr.py
[2025-11-29T11:24:32.455+0000] {processor.py:208} INFO - Processing /opt/airflow/dags/create_submit_delete_emr.py took 0.065 seconds
[2025-11-29T11:25:02.697+0000] {processor.py:186} INFO - Started process (PID=915) to work on /opt/airflow/dags/create_submit_delete_emr.py
[2025-11-29T11:25:02.698+0000] {processor.py:914} INFO - Processing file /opt/airflow/dags/create_submit_delete_emr.py for tasks to queue
[2025-11-29T11:25:02.700+0000] {logging_mixin.py:190} INFO - [2025-11-29T11:25:02.700+0000] {dagbag.py:588} INFO - Filling up the DagBag from /opt/airflow/dags/create_submit_delete_emr.py
[2025-11-29T11:25:02.728+0000] {logging_mixin.py:190} INFO - [2025-11-29T11:25:02.721+0000] {dagbag.py:387} ERROR - Failed to import: /opt/airflow/dags/create_submit_delete_emr.py
Traceback (most recent call last):
  File "/home/airflow/.local/lib/python3.12/site-packages/airflow/models/dagbag.py", line 383, in parse
    loader.exec_module(new_module)
  File "<frozen importlib._bootstrap_external>", line 999, in exec_module
  File "<frozen importlib._bootstrap>", line 488, in _call_with_frames_removed
  File "/opt/airflow/dags/create_submit_delete_emr.py", line 160, in <module>
    create_emr_task = PythonOperator(
                      ^^^^^^^^^^^^^^^
  File "/home/airflow/.local/lib/python3.12/site-packages/airflow/models/baseoperator.py", line 506, in apply_defaults
    result = func(self, **kwargs, default_args=default_args)
             ^^^^^^^^^^^^^^^^^^^^^^^^^^^^^^^^^^^^^^^^^^^^^^^
  File "/home/airflow/.local/lib/python3.12/site-packages/airflow/operators/python.py", line 222, in __init__
    super().__init__(**kwargs)
  File "/home/airflow/.local/lib/python3.12/site-packages/airflow/models/baseoperator.py", line 506, in apply_defaults
    result = func(self, **kwargs, default_args=default_args)
             ^^^^^^^^^^^^^^^^^^^^^^^^^^^^^^^^^^^^^^^^^^^^^^^
  File "/home/airflow/.local/lib/python3.12/site-packages/airflow/models/baseoperator.py", line 957, in __init__
    raise AirflowException(
airflow.exceptions.AirflowException: Invalid arguments were passed to PythonOperator (task_id: create_emr_cluster). Invalid arguments were:
**kwargs: {'aws_conn_id': 'aws_default'}
[2025-11-29T11:25:02.729+0000] {processor.py:927} WARNING - No viable dags retrieved from /opt/airflow/dags/create_submit_delete_emr.py
[2025-11-29T11:25:02.756+0000] {processor.py:208} INFO - Processing /opt/airflow/dags/create_submit_delete_emr.py took 0.067 seconds
[2025-11-29T11:25:33.008+0000] {processor.py:186} INFO - Started process (PID=983) to work on /opt/airflow/dags/create_submit_delete_emr.py
[2025-11-29T11:25:33.010+0000] {processor.py:914} INFO - Processing file /opt/airflow/dags/create_submit_delete_emr.py for tasks to queue
[2025-11-29T11:25:33.012+0000] {logging_mixin.py:190} INFO - [2025-11-29T11:25:33.011+0000] {dagbag.py:588} INFO - Filling up the DagBag from /opt/airflow/dags/create_submit_delete_emr.py
[2025-11-29T11:25:33.058+0000] {logging_mixin.py:190} INFO - [2025-11-29T11:25:33.048+0000] {dagbag.py:387} ERROR - Failed to import: /opt/airflow/dags/create_submit_delete_emr.py
Traceback (most recent call last):
  File "/home/airflow/.local/lib/python3.12/site-packages/airflow/models/dagbag.py", line 383, in parse
    loader.exec_module(new_module)
  File "<frozen importlib._bootstrap_external>", line 999, in exec_module
  File "<frozen importlib._bootstrap>", line 488, in _call_with_frames_removed
  File "/opt/airflow/dags/create_submit_delete_emr.py", line 160, in <module>
    create_emr_task = PythonOperator(
                      ^^^^^^^^^^^^^^^
  File "/home/airflow/.local/lib/python3.12/site-packages/airflow/models/baseoperator.py", line 506, in apply_defaults
    result = func(self, **kwargs, default_args=default_args)
             ^^^^^^^^^^^^^^^^^^^^^^^^^^^^^^^^^^^^^^^^^^^^^^^
  File "/home/airflow/.local/lib/python3.12/site-packages/airflow/operators/python.py", line 222, in __init__
    super().__init__(**kwargs)
  File "/home/airflow/.local/lib/python3.12/site-packages/airflow/models/baseoperator.py", line 506, in apply_defaults
    result = func(self, **kwargs, default_args=default_args)
             ^^^^^^^^^^^^^^^^^^^^^^^^^^^^^^^^^^^^^^^^^^^^^^^
  File "/home/airflow/.local/lib/python3.12/site-packages/airflow/models/baseoperator.py", line 957, in __init__
    raise AirflowException(
airflow.exceptions.AirflowException: Invalid arguments were passed to PythonOperator (task_id: create_emr_cluster). Invalid arguments were:
**kwargs: {'aws_conn_id': 'aws_default'}
[2025-11-29T11:25:33.060+0000] {processor.py:927} WARNING - No viable dags retrieved from /opt/airflow/dags/create_submit_delete_emr.py
[2025-11-29T11:25:33.103+0000] {processor.py:208} INFO - Processing /opt/airflow/dags/create_submit_delete_emr.py took 0.105 seconds
[2025-11-29T11:26:03.285+0000] {processor.py:186} INFO - Started process (PID=1052) to work on /opt/airflow/dags/create_submit_delete_emr.py
[2025-11-29T11:26:03.287+0000] {processor.py:914} INFO - Processing file /opt/airflow/dags/create_submit_delete_emr.py for tasks to queue
[2025-11-29T11:26:03.289+0000] {logging_mixin.py:190} INFO - [2025-11-29T11:26:03.288+0000] {dagbag.py:588} INFO - Filling up the DagBag from /opt/airflow/dags/create_submit_delete_emr.py
[2025-11-29T11:26:03.337+0000] {logging_mixin.py:190} INFO - [2025-11-29T11:26:03.327+0000] {dagbag.py:387} ERROR - Failed to import: /opt/airflow/dags/create_submit_delete_emr.py
Traceback (most recent call last):
  File "/home/airflow/.local/lib/python3.12/site-packages/airflow/models/dagbag.py", line 383, in parse
    loader.exec_module(new_module)
  File "<frozen importlib._bootstrap_external>", line 999, in exec_module
  File "<frozen importlib._bootstrap>", line 488, in _call_with_frames_removed
  File "/opt/airflow/dags/create_submit_delete_emr.py", line 160, in <module>
    create_emr_task = PythonOperator(
                      ^^^^^^^^^^^^^^^
  File "/home/airflow/.local/lib/python3.12/site-packages/airflow/models/baseoperator.py", line 506, in apply_defaults
    result = func(self, **kwargs, default_args=default_args)
             ^^^^^^^^^^^^^^^^^^^^^^^^^^^^^^^^^^^^^^^^^^^^^^^
  File "/home/airflow/.local/lib/python3.12/site-packages/airflow/operators/python.py", line 222, in __init__
    super().__init__(**kwargs)
  File "/home/airflow/.local/lib/python3.12/site-packages/airflow/models/baseoperator.py", line 506, in apply_defaults
    result = func(self, **kwargs, default_args=default_args)
             ^^^^^^^^^^^^^^^^^^^^^^^^^^^^^^^^^^^^^^^^^^^^^^^
  File "/home/airflow/.local/lib/python3.12/site-packages/airflow/models/baseoperator.py", line 957, in __init__
    raise AirflowException(
airflow.exceptions.AirflowException: Invalid arguments were passed to PythonOperator (task_id: create_emr_cluster). Invalid arguments were:
**kwargs: {'aws_conn_id': 'aws_default'}
[2025-11-29T11:26:03.339+0000] {processor.py:927} WARNING - No viable dags retrieved from /opt/airflow/dags/create_submit_delete_emr.py
[2025-11-29T11:26:03.369+0000] {processor.py:208} INFO - Processing /opt/airflow/dags/create_submit_delete_emr.py took 0.092 seconds
[2025-11-29T11:26:33.455+0000] {processor.py:186} INFO - Started process (PID=1118) to work on /opt/airflow/dags/create_submit_delete_emr.py
[2025-11-29T11:26:33.457+0000] {processor.py:914} INFO - Processing file /opt/airflow/dags/create_submit_delete_emr.py for tasks to queue
[2025-11-29T11:26:33.458+0000] {logging_mixin.py:190} INFO - [2025-11-29T11:26:33.458+0000] {dagbag.py:588} INFO - Filling up the DagBag from /opt/airflow/dags/create_submit_delete_emr.py
[2025-11-29T11:26:33.489+0000] {logging_mixin.py:190} INFO - [2025-11-29T11:26:33.483+0000] {dagbag.py:387} ERROR - Failed to import: /opt/airflow/dags/create_submit_delete_emr.py
Traceback (most recent call last):
  File "/home/airflow/.local/lib/python3.12/site-packages/airflow/models/dagbag.py", line 383, in parse
    loader.exec_module(new_module)
  File "<frozen importlib._bootstrap_external>", line 999, in exec_module
  File "<frozen importlib._bootstrap>", line 488, in _call_with_frames_removed
  File "/opt/airflow/dags/create_submit_delete_emr.py", line 160, in <module>
    create_emr_task = PythonOperator(
                      ^^^^^^^^^^^^^^^
  File "/home/airflow/.local/lib/python3.12/site-packages/airflow/models/baseoperator.py", line 506, in apply_defaults
    result = func(self, **kwargs, default_args=default_args)
             ^^^^^^^^^^^^^^^^^^^^^^^^^^^^^^^^^^^^^^^^^^^^^^^
  File "/home/airflow/.local/lib/python3.12/site-packages/airflow/operators/python.py", line 222, in __init__
    super().__init__(**kwargs)
  File "/home/airflow/.local/lib/python3.12/site-packages/airflow/models/baseoperator.py", line 506, in apply_defaults
    result = func(self, **kwargs, default_args=default_args)
             ^^^^^^^^^^^^^^^^^^^^^^^^^^^^^^^^^^^^^^^^^^^^^^^
  File "/home/airflow/.local/lib/python3.12/site-packages/airflow/models/baseoperator.py", line 957, in __init__
    raise AirflowException(
airflow.exceptions.AirflowException: Invalid arguments were passed to PythonOperator (task_id: create_emr_cluster). Invalid arguments were:
**kwargs: {'aws_conn_id': 'aws_default'}
[2025-11-29T11:26:33.491+0000] {processor.py:927} WARNING - No viable dags retrieved from /opt/airflow/dags/create_submit_delete_emr.py
[2025-11-29T11:26:33.517+0000] {processor.py:208} INFO - Processing /opt/airflow/dags/create_submit_delete_emr.py took 0.069 seconds
[2025-11-29T11:27:03.887+0000] {processor.py:186} INFO - Started process (PID=1186) to work on /opt/airflow/dags/create_submit_delete_emr.py
[2025-11-29T11:27:03.889+0000] {processor.py:914} INFO - Processing file /opt/airflow/dags/create_submit_delete_emr.py for tasks to queue
[2025-11-29T11:27:03.894+0000] {logging_mixin.py:190} INFO - [2025-11-29T11:27:03.893+0000] {dagbag.py:588} INFO - Filling up the DagBag from /opt/airflow/dags/create_submit_delete_emr.py
[2025-11-29T11:27:03.924+0000] {logging_mixin.py:190} INFO - [2025-11-29T11:27:03.916+0000] {dagbag.py:387} ERROR - Failed to import: /opt/airflow/dags/create_submit_delete_emr.py
Traceback (most recent call last):
  File "/home/airflow/.local/lib/python3.12/site-packages/airflow/models/dagbag.py", line 383, in parse
    loader.exec_module(new_module)
  File "<frozen importlib._bootstrap_external>", line 999, in exec_module
  File "<frozen importlib._bootstrap>", line 488, in _call_with_frames_removed
  File "/opt/airflow/dags/create_submit_delete_emr.py", line 160, in <module>
    create_emr_task = PythonOperator(
                      ^^^^^^^^^^^^^^^
  File "/home/airflow/.local/lib/python3.12/site-packages/airflow/models/baseoperator.py", line 506, in apply_defaults
    result = func(self, **kwargs, default_args=default_args)
             ^^^^^^^^^^^^^^^^^^^^^^^^^^^^^^^^^^^^^^^^^^^^^^^
  File "/home/airflow/.local/lib/python3.12/site-packages/airflow/operators/python.py", line 222, in __init__
    super().__init__(**kwargs)
  File "/home/airflow/.local/lib/python3.12/site-packages/airflow/models/baseoperator.py", line 506, in apply_defaults
    result = func(self, **kwargs, default_args=default_args)
             ^^^^^^^^^^^^^^^^^^^^^^^^^^^^^^^^^^^^^^^^^^^^^^^
  File "/home/airflow/.local/lib/python3.12/site-packages/airflow/models/baseoperator.py", line 957, in __init__
    raise AirflowException(
airflow.exceptions.AirflowException: Invalid arguments were passed to PythonOperator (task_id: create_emr_cluster). Invalid arguments were:
**kwargs: {'aws_conn_id': 'aws_default'}
[2025-11-29T11:27:03.925+0000] {processor.py:927} WARNING - No viable dags retrieved from /opt/airflow/dags/create_submit_delete_emr.py
[2025-11-29T11:27:03.955+0000] {processor.py:208} INFO - Processing /opt/airflow/dags/create_submit_delete_emr.py took 0.077 seconds
[2025-11-29T11:27:34.582+0000] {processor.py:186} INFO - Started process (PID=1254) to work on /opt/airflow/dags/create_submit_delete_emr.py
[2025-11-29T11:27:34.583+0000] {processor.py:914} INFO - Processing file /opt/airflow/dags/create_submit_delete_emr.py for tasks to queue
[2025-11-29T11:27:34.585+0000] {logging_mixin.py:190} INFO - [2025-11-29T11:27:34.585+0000] {dagbag.py:588} INFO - Filling up the DagBag from /opt/airflow/dags/create_submit_delete_emr.py
[2025-11-29T11:27:34.611+0000] {logging_mixin.py:190} INFO - [2025-11-29T11:27:34.605+0000] {dagbag.py:387} ERROR - Failed to import: /opt/airflow/dags/create_submit_delete_emr.py
Traceback (most recent call last):
  File "/home/airflow/.local/lib/python3.12/site-packages/airflow/models/dagbag.py", line 383, in parse
    loader.exec_module(new_module)
  File "<frozen importlib._bootstrap_external>", line 999, in exec_module
  File "<frozen importlib._bootstrap>", line 488, in _call_with_frames_removed
  File "/opt/airflow/dags/create_submit_delete_emr.py", line 160, in <module>
    create_emr_task = PythonOperator(
                      ^^^^^^^^^^^^^^^
  File "/home/airflow/.local/lib/python3.12/site-packages/airflow/models/baseoperator.py", line 506, in apply_defaults
    result = func(self, **kwargs, default_args=default_args)
             ^^^^^^^^^^^^^^^^^^^^^^^^^^^^^^^^^^^^^^^^^^^^^^^
  File "/home/airflow/.local/lib/python3.12/site-packages/airflow/operators/python.py", line 222, in __init__
    super().__init__(**kwargs)
  File "/home/airflow/.local/lib/python3.12/site-packages/airflow/models/baseoperator.py", line 506, in apply_defaults
    result = func(self, **kwargs, default_args=default_args)
             ^^^^^^^^^^^^^^^^^^^^^^^^^^^^^^^^^^^^^^^^^^^^^^^
  File "/home/airflow/.local/lib/python3.12/site-packages/airflow/models/baseoperator.py", line 957, in __init__
    raise AirflowException(
airflow.exceptions.AirflowException: Invalid arguments were passed to PythonOperator (task_id: create_emr_cluster). Invalid arguments were:
**kwargs: {'aws_conn_id': 'aws_default'}
[2025-11-29T11:27:34.612+0000] {processor.py:927} WARNING - No viable dags retrieved from /opt/airflow/dags/create_submit_delete_emr.py
[2025-11-29T11:27:34.636+0000] {processor.py:208} INFO - Processing /opt/airflow/dags/create_submit_delete_emr.py took 0.062 seconds
[2025-11-29T11:27:54.444+0000] {processor.py:186} INFO - Started process (PID=1322) to work on /opt/airflow/dags/create_submit_delete_emr.py
[2025-11-29T11:27:54.446+0000] {processor.py:914} INFO - Processing file /opt/airflow/dags/create_submit_delete_emr.py for tasks to queue
[2025-11-29T11:27:54.447+0000] {logging_mixin.py:190} INFO - [2025-11-29T11:27:54.447+0000] {dagbag.py:588} INFO - Filling up the DagBag from /opt/airflow/dags/create_submit_delete_emr.py
[2025-11-29T11:27:54.486+0000] {logging_mixin.py:190} INFO - [2025-11-29T11:27:54.479+0000] {dagbag.py:387} ERROR - Failed to import: /opt/airflow/dags/create_submit_delete_emr.py
Traceback (most recent call last):
  File "/home/airflow/.local/lib/python3.12/site-packages/airflow/models/dagbag.py", line 383, in parse
    loader.exec_module(new_module)
  File "<frozen importlib._bootstrap_external>", line 999, in exec_module
  File "<frozen importlib._bootstrap>", line 488, in _call_with_frames_removed
  File "/opt/airflow/dags/create_submit_delete_emr.py", line 161, in <module>
    create_emr_task = PythonOperator(
                      ^^^^^^^^^^^^^^^
  File "/home/airflow/.local/lib/python3.12/site-packages/airflow/models/baseoperator.py", line 506, in apply_defaults
    result = func(self, **kwargs, default_args=default_args)
             ^^^^^^^^^^^^^^^^^^^^^^^^^^^^^^^^^^^^^^^^^^^^^^^
  File "/home/airflow/.local/lib/python3.12/site-packages/airflow/operators/python.py", line 222, in __init__
    super().__init__(**kwargs)
  File "/home/airflow/.local/lib/python3.12/site-packages/airflow/models/baseoperator.py", line 506, in apply_defaults
    result = func(self, **kwargs, default_args=default_args)
             ^^^^^^^^^^^^^^^^^^^^^^^^^^^^^^^^^^^^^^^^^^^^^^^
  File "/home/airflow/.local/lib/python3.12/site-packages/airflow/models/baseoperator.py", line 957, in __init__
    raise AirflowException(
airflow.exceptions.AirflowException: Invalid arguments were passed to PythonOperator (task_id: create_emr_cluster). Invalid arguments were:
**kwargs: {'aws_conn_id': 'aws_default'}
[2025-11-29T11:27:54.487+0000] {processor.py:927} WARNING - No viable dags retrieved from /opt/airflow/dags/create_submit_delete_emr.py
[2025-11-29T11:27:54.517+0000] {processor.py:208} INFO - Processing /opt/airflow/dags/create_submit_delete_emr.py took 0.082 seconds
[2025-11-29T11:28:06.360+0000] {processor.py:186} INFO - Started process (PID=1329) to work on /opt/airflow/dags/create_submit_delete_emr.py
[2025-11-29T11:28:06.362+0000] {processor.py:914} INFO - Processing file /opt/airflow/dags/create_submit_delete_emr.py for tasks to queue
[2025-11-29T11:28:06.364+0000] {logging_mixin.py:190} INFO - [2025-11-29T11:28:06.363+0000] {dagbag.py:588} INFO - Filling up the DagBag from /opt/airflow/dags/create_submit_delete_emr.py
[2025-11-29T11:28:06.413+0000] {logging_mixin.py:190} INFO - [2025-11-29T11:28:06.407+0000] {dagbag.py:387} ERROR - Failed to import: /opt/airflow/dags/create_submit_delete_emr.py
Traceback (most recent call last):
  File "/home/airflow/.local/lib/python3.12/site-packages/airflow/models/dagbag.py", line 383, in parse
    loader.exec_module(new_module)
  File "<frozen importlib._bootstrap_external>", line 999, in exec_module
  File "<frozen importlib._bootstrap>", line 488, in _call_with_frames_removed
  File "/opt/airflow/dags/create_submit_delete_emr.py", line 162, in <module>
    create_emr_task = PythonOperator(
                      ^^^^^^^^^^^^^^^
  File "/home/airflow/.local/lib/python3.12/site-packages/airflow/models/baseoperator.py", line 506, in apply_defaults
    result = func(self, **kwargs, default_args=default_args)
             ^^^^^^^^^^^^^^^^^^^^^^^^^^^^^^^^^^^^^^^^^^^^^^^
  File "/home/airflow/.local/lib/python3.12/site-packages/airflow/operators/python.py", line 222, in __init__
    super().__init__(**kwargs)
  File "/home/airflow/.local/lib/python3.12/site-packages/airflow/models/baseoperator.py", line 506, in apply_defaults
    result = func(self, **kwargs, default_args=default_args)
             ^^^^^^^^^^^^^^^^^^^^^^^^^^^^^^^^^^^^^^^^^^^^^^^
  File "/home/airflow/.local/lib/python3.12/site-packages/airflow/models/baseoperator.py", line 957, in __init__
    raise AirflowException(
airflow.exceptions.AirflowException: Invalid arguments were passed to PythonOperator (task_id: create_emr_cluster). Invalid arguments were:
**kwargs: {'aws_conn_id': 'aws_default'}
[2025-11-29T11:28:06.414+0000] {processor.py:927} WARNING - No viable dags retrieved from /opt/airflow/dags/create_submit_delete_emr.py
[2025-11-29T11:28:06.439+0000] {processor.py:208} INFO - Processing /opt/airflow/dags/create_submit_delete_emr.py took 0.087 seconds
[2025-11-29T11:28:26.181+0000] {processor.py:186} INFO - Started process (PID=1391) to work on /opt/airflow/dags/create_submit_delete_emr.py
[2025-11-29T11:28:26.183+0000] {processor.py:914} INFO - Processing file /opt/airflow/dags/create_submit_delete_emr.py for tasks to queue
[2025-11-29T11:28:26.185+0000] {logging_mixin.py:190} INFO - [2025-11-29T11:28:26.185+0000] {dagbag.py:588} INFO - Filling up the DagBag from /opt/airflow/dags/create_submit_delete_emr.py
[2025-11-29T11:28:26.229+0000] {logging_mixin.py:190} INFO - [2025-11-29T11:28:26.222+0000] {dagbag.py:387} ERROR - Failed to import: /opt/airflow/dags/create_submit_delete_emr.py
Traceback (most recent call last):
  File "/home/airflow/.local/lib/python3.12/site-packages/airflow/models/dagbag.py", line 383, in parse
    loader.exec_module(new_module)
  File "<frozen importlib._bootstrap_external>", line 999, in exec_module
  File "<frozen importlib._bootstrap>", line 488, in _call_with_frames_removed
  File "/opt/airflow/dags/create_submit_delete_emr.py", line 162, in <module>
    create_emr_task = PythonOperator(
                      ^^^^^^^^^^^^^^^
  File "/home/airflow/.local/lib/python3.12/site-packages/airflow/models/baseoperator.py", line 506, in apply_defaults
    result = func(self, **kwargs, default_args=default_args)
             ^^^^^^^^^^^^^^^^^^^^^^^^^^^^^^^^^^^^^^^^^^^^^^^
  File "/home/airflow/.local/lib/python3.12/site-packages/airflow/operators/python.py", line 222, in __init__
    super().__init__(**kwargs)
  File "/home/airflow/.local/lib/python3.12/site-packages/airflow/models/baseoperator.py", line 506, in apply_defaults
    result = func(self, **kwargs, default_args=default_args)
             ^^^^^^^^^^^^^^^^^^^^^^^^^^^^^^^^^^^^^^^^^^^^^^^
  File "/home/airflow/.local/lib/python3.12/site-packages/airflow/models/baseoperator.py", line 957, in __init__
    raise AirflowException(
airflow.exceptions.AirflowException: Invalid arguments were passed to PythonOperator (task_id: create_emr_cluster). Invalid arguments were:
**kwargs: {'aws_conn_id': 'aws_default'}
[2025-11-29T11:28:26.230+0000] {processor.py:927} WARNING - No viable dags retrieved from /opt/airflow/dags/create_submit_delete_emr.py
[2025-11-29T11:28:26.254+0000] {processor.py:208} INFO - Processing /opt/airflow/dags/create_submit_delete_emr.py took 0.080 seconds
[2025-11-29T11:28:47.626+0000] {processor.py:186} INFO - Started process (PID=1450) to work on /opt/airflow/dags/create_submit_delete_emr.py
[2025-11-29T11:28:47.627+0000] {processor.py:914} INFO - Processing file /opt/airflow/dags/create_submit_delete_emr.py for tasks to queue
[2025-11-29T11:28:47.629+0000] {logging_mixin.py:190} INFO - [2025-11-29T11:28:47.629+0000] {dagbag.py:588} INFO - Filling up the DagBag from /opt/airflow/dags/create_submit_delete_emr.py
[2025-11-29T11:28:47.676+0000] {processor.py:925} INFO - DAG(s) 'retail-dataset-load' retrieved from /opt/airflow/dags/create_submit_delete_emr.py
[2025-11-29T11:28:47.809+0000] {logging_mixin.py:190} INFO - [2025-11-29T11:28:47.809+0000] {dag.py:3239} INFO - Sync 1 DAGs
[2025-11-29T11:28:47.823+0000] {logging_mixin.py:190} INFO - [2025-11-29T11:28:47.823+0000] {dag.py:4180} INFO - Setting next_dagrun for retail-dataset-load to None, run_after=None
[2025-11-29T11:28:47.855+0000] {processor.py:208} INFO - Processing /opt/airflow/dags/create_submit_delete_emr.py took 0.237 seconds
[2025-11-29T11:29:18.071+0000] {processor.py:186} INFO - Started process (PID=1521) to work on /opt/airflow/dags/create_submit_delete_emr.py
[2025-11-29T11:29:18.073+0000] {processor.py:914} INFO - Processing file /opt/airflow/dags/create_submit_delete_emr.py for tasks to queue
[2025-11-29T11:29:18.075+0000] {logging_mixin.py:190} INFO - [2025-11-29T11:29:18.075+0000] {dagbag.py:588} INFO - Filling up the DagBag from /opt/airflow/dags/create_submit_delete_emr.py
[2025-11-29T11:29:18.101+0000] {processor.py:925} INFO - DAG(s) 'retail-dataset-load' retrieved from /opt/airflow/dags/create_submit_delete_emr.py
[2025-11-29T11:29:18.129+0000] {logging_mixin.py:190} INFO - [2025-11-29T11:29:18.129+0000] {dag.py:3239} INFO - Sync 1 DAGs
[2025-11-29T11:29:18.147+0000] {logging_mixin.py:190} INFO - [2025-11-29T11:29:18.146+0000] {dag.py:4180} INFO - Setting next_dagrun for retail-dataset-load to None, run_after=None
[2025-11-29T11:29:18.172+0000] {processor.py:208} INFO - Processing /opt/airflow/dags/create_submit_delete_emr.py took 0.109 seconds
[2025-11-29T11:29:21.134+0000] {processor.py:186} INFO - Started process (PID=1522) to work on /opt/airflow/dags/create_submit_delete_emr.py
[2025-11-29T11:29:21.136+0000] {processor.py:914} INFO - Processing file /opt/airflow/dags/create_submit_delete_emr.py for tasks to queue
[2025-11-29T11:29:21.138+0000] {logging_mixin.py:190} INFO - [2025-11-29T11:29:21.137+0000] {dagbag.py:588} INFO - Filling up the DagBag from /opt/airflow/dags/create_submit_delete_emr.py
[2025-11-29T11:29:21.182+0000] {processor.py:925} INFO - DAG(s) 'retail-dataset-load' retrieved from /opt/airflow/dags/create_submit_delete_emr.py
[2025-11-29T11:29:21.209+0000] {logging_mixin.py:190} INFO - [2025-11-29T11:29:21.209+0000] {dag.py:3239} INFO - Sync 1 DAGs
[2025-11-29T11:29:21.226+0000] {logging_mixin.py:190} INFO - [2025-11-29T11:29:21.226+0000] {dag.py:4180} INFO - Setting next_dagrun for retail-dataset-load to None, run_after=None
[2025-11-29T11:29:21.258+0000] {processor.py:208} INFO - Processing /opt/airflow/dags/create_submit_delete_emr.py took 0.133 seconds
[2025-11-29T11:29:51.432+0000] {processor.py:186} INFO - Started process (PID=1591) to work on /opt/airflow/dags/create_submit_delete_emr.py
[2025-11-29T11:29:51.434+0000] {processor.py:914} INFO - Processing file /opt/airflow/dags/create_submit_delete_emr.py for tasks to queue
[2025-11-29T11:29:51.436+0000] {logging_mixin.py:190} INFO - [2025-11-29T11:29:51.435+0000] {dagbag.py:588} INFO - Filling up the DagBag from /opt/airflow/dags/create_submit_delete_emr.py
[2025-11-29T11:29:51.463+0000] {processor.py:925} INFO - DAG(s) 'retail-dataset-load' retrieved from /opt/airflow/dags/create_submit_delete_emr.py
[2025-11-29T11:29:51.489+0000] {logging_mixin.py:190} INFO - [2025-11-29T11:29:51.488+0000] {dag.py:3239} INFO - Sync 1 DAGs
[2025-11-29T11:29:51.506+0000] {logging_mixin.py:190} INFO - [2025-11-29T11:29:51.506+0000] {dag.py:4180} INFO - Setting next_dagrun for retail-dataset-load to None, run_after=None
[2025-11-29T11:29:51.531+0000] {processor.py:208} INFO - Processing /opt/airflow/dags/create_submit_delete_emr.py took 0.106 seconds
[2025-11-29T11:30:13.242+0000] {processor.py:186} INFO - Started process (PID=1619) to work on /opt/airflow/dags/create_submit_delete_emr.py
[2025-11-29T11:30:13.244+0000] {processor.py:914} INFO - Processing file /opt/airflow/dags/create_submit_delete_emr.py for tasks to queue
[2025-11-29T11:30:13.245+0000] {logging_mixin.py:190} INFO - [2025-11-29T11:30:13.245+0000] {dagbag.py:588} INFO - Filling up the DagBag from /opt/airflow/dags/create_submit_delete_emr.py
[2025-11-29T11:30:13.284+0000] {processor.py:925} INFO - DAG(s) 'retail-dataset-load' retrieved from /opt/airflow/dags/create_submit_delete_emr.py
[2025-11-29T11:30:13.312+0000] {logging_mixin.py:190} INFO - [2025-11-29T11:30:13.312+0000] {dag.py:3239} INFO - Sync 1 DAGs
[2025-11-29T11:30:13.334+0000] {logging_mixin.py:190} INFO - [2025-11-29T11:30:13.333+0000] {dag.py:4180} INFO - Setting next_dagrun for retail-dataset-load to None, run_after=None
[2025-11-29T11:30:13.368+0000] {processor.py:208} INFO - Processing /opt/airflow/dags/create_submit_delete_emr.py took 0.133 seconds
[2025-11-29T11:30:34.189+0000] {processor.py:186} INFO - Started process (PID=1666) to work on /opt/airflow/dags/create_submit_delete_emr.py
[2025-11-29T11:30:34.190+0000] {processor.py:914} INFO - Processing file /opt/airflow/dags/create_submit_delete_emr.py for tasks to queue
[2025-11-29T11:30:34.193+0000] {logging_mixin.py:190} INFO - [2025-11-29T11:30:34.192+0000] {dagbag.py:588} INFO - Filling up the DagBag from /opt/airflow/dags/create_submit_delete_emr.py
[2025-11-29T11:30:34.238+0000] {processor.py:925} INFO - DAG(s) 'retail-dataset-load' retrieved from /opt/airflow/dags/create_submit_delete_emr.py
[2025-11-29T11:30:34.269+0000] {logging_mixin.py:190} INFO - [2025-11-29T11:30:34.269+0000] {dag.py:3239} INFO - Sync 1 DAGs
[2025-11-29T11:30:34.291+0000] {logging_mixin.py:190} INFO - [2025-11-29T11:30:34.291+0000] {dag.py:4180} INFO - Setting next_dagrun for retail-dataset-load to None, run_after=None
[2025-11-29T11:30:34.329+0000] {processor.py:208} INFO - Processing /opt/airflow/dags/create_submit_delete_emr.py took 0.149 seconds
[2025-11-29T11:31:04.928+0000] {processor.py:186} INFO - Started process (PID=1734) to work on /opt/airflow/dags/create_submit_delete_emr.py
[2025-11-29T11:31:04.932+0000] {processor.py:914} INFO - Processing file /opt/airflow/dags/create_submit_delete_emr.py for tasks to queue
[2025-11-29T11:31:04.937+0000] {logging_mixin.py:190} INFO - [2025-11-29T11:31:04.936+0000] {dagbag.py:588} INFO - Filling up the DagBag from /opt/airflow/dags/create_submit_delete_emr.py
[2025-11-29T11:31:05.006+0000] {processor.py:925} INFO - DAG(s) 'retail-dataset-load' retrieved from /opt/airflow/dags/create_submit_delete_emr.py
[2025-11-29T11:31:05.048+0000] {logging_mixin.py:190} INFO - [2025-11-29T11:31:05.047+0000] {dag.py:3239} INFO - Sync 1 DAGs
[2025-11-29T11:31:05.074+0000] {logging_mixin.py:190} INFO - [2025-11-29T11:31:05.074+0000] {dag.py:4180} INFO - Setting next_dagrun for retail-dataset-load to None, run_after=None
[2025-11-29T11:31:05.106+0000] {processor.py:208} INFO - Processing /opt/airflow/dags/create_submit_delete_emr.py took 0.191 seconds
[2025-11-29T11:31:35.357+0000] {processor.py:186} INFO - Started process (PID=1802) to work on /opt/airflow/dags/create_submit_delete_emr.py
[2025-11-29T11:31:35.359+0000] {processor.py:914} INFO - Processing file /opt/airflow/dags/create_submit_delete_emr.py for tasks to queue
[2025-11-29T11:31:35.361+0000] {logging_mixin.py:190} INFO - [2025-11-29T11:31:35.360+0000] {dagbag.py:588} INFO - Filling up the DagBag from /opt/airflow/dags/create_submit_delete_emr.py
[2025-11-29T11:31:35.388+0000] {processor.py:925} INFO - DAG(s) 'retail-dataset-load' retrieved from /opt/airflow/dags/create_submit_delete_emr.py
[2025-11-29T11:31:35.413+0000] {logging_mixin.py:190} INFO - [2025-11-29T11:31:35.413+0000] {dag.py:3239} INFO - Sync 1 DAGs
[2025-11-29T11:31:35.431+0000] {logging_mixin.py:190} INFO - [2025-11-29T11:31:35.431+0000] {dag.py:4180} INFO - Setting next_dagrun for retail-dataset-load to None, run_after=None
[2025-11-29T11:31:35.455+0000] {processor.py:208} INFO - Processing /opt/airflow/dags/create_submit_delete_emr.py took 0.105 seconds
[2025-11-29T11:32:05.797+0000] {processor.py:186} INFO - Started process (PID=1870) to work on /opt/airflow/dags/create_submit_delete_emr.py
[2025-11-29T11:32:05.799+0000] {processor.py:914} INFO - Processing file /opt/airflow/dags/create_submit_delete_emr.py for tasks to queue
[2025-11-29T11:32:05.801+0000] {logging_mixin.py:190} INFO - [2025-11-29T11:32:05.800+0000] {dagbag.py:588} INFO - Filling up the DagBag from /opt/airflow/dags/create_submit_delete_emr.py
[2025-11-29T11:32:05.829+0000] {processor.py:925} INFO - DAG(s) 'retail-dataset-load' retrieved from /opt/airflow/dags/create_submit_delete_emr.py
[2025-11-29T11:32:05.856+0000] {logging_mixin.py:190} INFO - [2025-11-29T11:32:05.856+0000] {dag.py:3239} INFO - Sync 1 DAGs
[2025-11-29T11:32:05.874+0000] {logging_mixin.py:190} INFO - [2025-11-29T11:32:05.874+0000] {dag.py:4180} INFO - Setting next_dagrun for retail-dataset-load to None, run_after=None
[2025-11-29T11:32:05.900+0000] {processor.py:208} INFO - Processing /opt/airflow/dags/create_submit_delete_emr.py took 0.110 seconds
[2025-11-29T11:32:36.483+0000] {processor.py:186} INFO - Started process (PID=1939) to work on /opt/airflow/dags/create_submit_delete_emr.py
[2025-11-29T11:32:36.485+0000] {processor.py:914} INFO - Processing file /opt/airflow/dags/create_submit_delete_emr.py for tasks to queue
[2025-11-29T11:32:36.487+0000] {logging_mixin.py:190} INFO - [2025-11-29T11:32:36.486+0000] {dagbag.py:588} INFO - Filling up the DagBag from /opt/airflow/dags/create_submit_delete_emr.py
[2025-11-29T11:32:36.516+0000] {processor.py:925} INFO - DAG(s) 'retail-dataset-load' retrieved from /opt/airflow/dags/create_submit_delete_emr.py
[2025-11-29T11:32:36.545+0000] {logging_mixin.py:190} INFO - [2025-11-29T11:32:36.544+0000] {dag.py:3239} INFO - Sync 1 DAGs
[2025-11-29T11:32:36.563+0000] {logging_mixin.py:190} INFO - [2025-11-29T11:32:36.563+0000] {dag.py:4180} INFO - Setting next_dagrun for retail-dataset-load to None, run_after=None
[2025-11-29T11:32:36.590+0000] {processor.py:208} INFO - Processing /opt/airflow/dags/create_submit_delete_emr.py took 0.116 seconds
[2025-11-29T11:33:07.206+0000] {processor.py:186} INFO - Started process (PID=2007) to work on /opt/airflow/dags/create_submit_delete_emr.py
[2025-11-29T11:33:07.208+0000] {processor.py:914} INFO - Processing file /opt/airflow/dags/create_submit_delete_emr.py for tasks to queue
[2025-11-29T11:33:07.210+0000] {logging_mixin.py:190} INFO - [2025-11-29T11:33:07.210+0000] {dagbag.py:588} INFO - Filling up the DagBag from /opt/airflow/dags/create_submit_delete_emr.py
[2025-11-29T11:33:07.244+0000] {processor.py:925} INFO - DAG(s) 'retail-dataset-load' retrieved from /opt/airflow/dags/create_submit_delete_emr.py
[2025-11-29T11:33:07.274+0000] {logging_mixin.py:190} INFO - [2025-11-29T11:33:07.274+0000] {dag.py:3239} INFO - Sync 1 DAGs
[2025-11-29T11:33:07.297+0000] {logging_mixin.py:190} INFO - [2025-11-29T11:33:07.297+0000] {dag.py:4180} INFO - Setting next_dagrun for retail-dataset-load to None, run_after=None
[2025-11-29T11:33:07.325+0000] {processor.py:208} INFO - Processing /opt/airflow/dags/create_submit_delete_emr.py took 0.128 seconds
[2025-11-29T11:33:37.540+0000] {processor.py:186} INFO - Started process (PID=2075) to work on /opt/airflow/dags/create_submit_delete_emr.py
[2025-11-29T11:33:37.541+0000] {processor.py:914} INFO - Processing file /opt/airflow/dags/create_submit_delete_emr.py for tasks to queue
[2025-11-29T11:33:37.544+0000] {logging_mixin.py:190} INFO - [2025-11-29T11:33:37.543+0000] {dagbag.py:588} INFO - Filling up the DagBag from /opt/airflow/dags/create_submit_delete_emr.py
[2025-11-29T11:33:37.575+0000] {processor.py:925} INFO - DAG(s) 'retail-dataset-load' retrieved from /opt/airflow/dags/create_submit_delete_emr.py
[2025-11-29T11:33:37.609+0000] {logging_mixin.py:190} INFO - [2025-11-29T11:33:37.609+0000] {dag.py:3239} INFO - Sync 1 DAGs
[2025-11-29T11:33:37.633+0000] {logging_mixin.py:190} INFO - [2025-11-29T11:33:37.632+0000] {dag.py:4180} INFO - Setting next_dagrun for retail-dataset-load to None, run_after=None
[2025-11-29T11:33:37.659+0000] {processor.py:208} INFO - Processing /opt/airflow/dags/create_submit_delete_emr.py took 0.128 seconds
[2025-11-29T11:34:07.969+0000] {processor.py:186} INFO - Started process (PID=2143) to work on /opt/airflow/dags/create_submit_delete_emr.py
[2025-11-29T11:34:07.971+0000] {processor.py:914} INFO - Processing file /opt/airflow/dags/create_submit_delete_emr.py for tasks to queue
[2025-11-29T11:34:07.973+0000] {logging_mixin.py:190} INFO - [2025-11-29T11:34:07.973+0000] {dagbag.py:588} INFO - Filling up the DagBag from /opt/airflow/dags/create_submit_delete_emr.py
[2025-11-29T11:34:08.007+0000] {processor.py:925} INFO - DAG(s) 'retail-dataset-load' retrieved from /opt/airflow/dags/create_submit_delete_emr.py
[2025-11-29T11:34:08.036+0000] {logging_mixin.py:190} INFO - [2025-11-29T11:34:08.036+0000] {dag.py:3239} INFO - Sync 1 DAGs
[2025-11-29T11:34:08.060+0000] {logging_mixin.py:190} INFO - [2025-11-29T11:34:08.060+0000] {dag.py:4180} INFO - Setting next_dagrun for retail-dataset-load to None, run_after=None
[2025-11-29T11:34:08.087+0000] {processor.py:208} INFO - Processing /opt/airflow/dags/create_submit_delete_emr.py took 0.127 seconds
[2025-11-29T11:34:38.540+0000] {processor.py:186} INFO - Started process (PID=2211) to work on /opt/airflow/dags/create_submit_delete_emr.py
[2025-11-29T11:34:38.541+0000] {processor.py:914} INFO - Processing file /opt/airflow/dags/create_submit_delete_emr.py for tasks to queue
[2025-11-29T11:34:38.543+0000] {logging_mixin.py:190} INFO - [2025-11-29T11:34:38.543+0000] {dagbag.py:588} INFO - Filling up the DagBag from /opt/airflow/dags/create_submit_delete_emr.py
[2025-11-29T11:34:38.576+0000] {processor.py:925} INFO - DAG(s) 'retail-dataset-load' retrieved from /opt/airflow/dags/create_submit_delete_emr.py
[2025-11-29T11:34:38.609+0000] {logging_mixin.py:190} INFO - [2025-11-29T11:34:38.609+0000] {dag.py:3239} INFO - Sync 1 DAGs
[2025-11-29T11:34:38.630+0000] {logging_mixin.py:190} INFO - [2025-11-29T11:34:38.630+0000] {dag.py:4180} INFO - Setting next_dagrun for retail-dataset-load to None, run_after=None
[2025-11-29T11:34:38.657+0000] {processor.py:208} INFO - Processing /opt/airflow/dags/create_submit_delete_emr.py took 0.128 seconds
[2025-11-29T11:35:09.401+0000] {processor.py:186} INFO - Started process (PID=2279) to work on /opt/airflow/dags/create_submit_delete_emr.py
[2025-11-29T11:35:09.402+0000] {processor.py:914} INFO - Processing file /opt/airflow/dags/create_submit_delete_emr.py for tasks to queue
[2025-11-29T11:35:09.404+0000] {logging_mixin.py:190} INFO - [2025-11-29T11:35:09.404+0000] {dagbag.py:588} INFO - Filling up the DagBag from /opt/airflow/dags/create_submit_delete_emr.py
[2025-11-29T11:35:09.431+0000] {processor.py:925} INFO - DAG(s) 'retail-dataset-load' retrieved from /opt/airflow/dags/create_submit_delete_emr.py
[2025-11-29T11:35:09.456+0000] {logging_mixin.py:190} INFO - [2025-11-29T11:35:09.456+0000] {dag.py:3239} INFO - Sync 1 DAGs
[2025-11-29T11:35:09.473+0000] {logging_mixin.py:190} INFO - [2025-11-29T11:35:09.473+0000] {dag.py:4180} INFO - Setting next_dagrun for retail-dataset-load to None, run_after=None
[2025-11-29T11:35:09.504+0000] {processor.py:208} INFO - Processing /opt/airflow/dags/create_submit_delete_emr.py took 0.110 seconds
[2025-11-29T11:35:40.563+0000] {processor.py:186} INFO - Started process (PID=2348) to work on /opt/airflow/dags/create_submit_delete_emr.py
[2025-11-29T11:35:40.564+0000] {processor.py:914} INFO - Processing file /opt/airflow/dags/create_submit_delete_emr.py for tasks to queue
[2025-11-29T11:35:40.566+0000] {logging_mixin.py:190} INFO - [2025-11-29T11:35:40.566+0000] {dagbag.py:588} INFO - Filling up the DagBag from /opt/airflow/dags/create_submit_delete_emr.py
[2025-11-29T11:35:40.590+0000] {processor.py:925} INFO - DAG(s) 'retail-dataset-load' retrieved from /opt/airflow/dags/create_submit_delete_emr.py
[2025-11-29T11:35:40.616+0000] {logging_mixin.py:190} INFO - [2025-11-29T11:35:40.615+0000] {dag.py:3239} INFO - Sync 1 DAGs
[2025-11-29T11:35:40.633+0000] {logging_mixin.py:190} INFO - [2025-11-29T11:35:40.632+0000] {dag.py:4180} INFO - Setting next_dagrun for retail-dataset-load to None, run_after=None
[2025-11-29T11:35:40.655+0000] {processor.py:208} INFO - Processing /opt/airflow/dags/create_submit_delete_emr.py took 0.099 seconds
[2025-11-29T11:35:49.140+0000] {processor.py:186} INFO - Started process (PID=2374) to work on /opt/airflow/dags/create_submit_delete_emr.py
[2025-11-29T11:35:49.141+0000] {processor.py:914} INFO - Processing file /opt/airflow/dags/create_submit_delete_emr.py for tasks to queue
[2025-11-29T11:35:49.143+0000] {logging_mixin.py:190} INFO - [2025-11-29T11:35:49.142+0000] {dagbag.py:588} INFO - Filling up the DagBag from /opt/airflow/dags/create_submit_delete_emr.py
[2025-11-29T11:35:49.184+0000] {processor.py:925} INFO - DAG(s) 'retail-dataset-load' retrieved from /opt/airflow/dags/create_submit_delete_emr.py
[2025-11-29T11:35:49.213+0000] {logging_mixin.py:190} INFO - [2025-11-29T11:35:49.213+0000] {dag.py:3239} INFO - Sync 1 DAGs
[2025-11-29T11:35:49.230+0000] {logging_mixin.py:190} INFO - [2025-11-29T11:35:49.230+0000] {dag.py:4180} INFO - Setting next_dagrun for retail-dataset-load to None, run_after=None
[2025-11-29T11:35:49.261+0000] {processor.py:208} INFO - Processing /opt/airflow/dags/create_submit_delete_emr.py took 0.128 seconds
[2025-11-29T11:36:09.543+0000] {processor.py:186} INFO - Started process (PID=2418) to work on /opt/airflow/dags/create_submit_delete_emr.py
[2025-11-29T11:36:09.545+0000] {processor.py:914} INFO - Processing file /opt/airflow/dags/create_submit_delete_emr.py for tasks to queue
[2025-11-29T11:36:09.547+0000] {logging_mixin.py:190} INFO - [2025-11-29T11:36:09.546+0000] {dagbag.py:588} INFO - Filling up the DagBag from /opt/airflow/dags/create_submit_delete_emr.py
[2025-11-29T11:36:09.596+0000] {processor.py:925} INFO - DAG(s) 'retail-dataset-load' retrieved from /opt/airflow/dags/create_submit_delete_emr.py
[2025-11-29T11:36:09.630+0000] {logging_mixin.py:190} INFO - [2025-11-29T11:36:09.630+0000] {dag.py:3239} INFO - Sync 1 DAGs
[2025-11-29T11:36:09.652+0000] {logging_mixin.py:190} INFO - [2025-11-29T11:36:09.652+0000] {dag.py:4180} INFO - Setting next_dagrun for retail-dataset-load to None, run_after=None
[2025-11-29T11:36:09.681+0000] {processor.py:208} INFO - Processing /opt/airflow/dags/create_submit_delete_emr.py took 0.147 seconds
[2025-11-29T11:36:26.982+0000] {processor.py:186} INFO - Started process (PID=2486) to work on /opt/airflow/dags/create_submit_delete_emr.py
[2025-11-29T11:36:26.983+0000] {processor.py:914} INFO - Processing file /opt/airflow/dags/create_submit_delete_emr.py for tasks to queue
[2025-11-29T11:36:26.985+0000] {logging_mixin.py:190} INFO - [2025-11-29T11:36:26.984+0000] {dagbag.py:588} INFO - Filling up the DagBag from /opt/airflow/dags/create_submit_delete_emr.py
[2025-11-29T11:36:27.025+0000] {processor.py:925} INFO - DAG(s) 'retail-dataset-load' retrieved from /opt/airflow/dags/create_submit_delete_emr.py
[2025-11-29T11:36:27.053+0000] {logging_mixin.py:190} INFO - [2025-11-29T11:36:27.053+0000] {dag.py:3239} INFO - Sync 1 DAGs
[2025-11-29T11:36:27.071+0000] {logging_mixin.py:190} INFO - [2025-11-29T11:36:27.071+0000] {dag.py:4180} INFO - Setting next_dagrun for retail-dataset-load to None, run_after=None
[2025-11-29T11:36:27.105+0000] {processor.py:208} INFO - Processing /opt/airflow/dags/create_submit_delete_emr.py took 0.131 seconds
[2025-11-29T11:36:57.867+0000] {processor.py:186} INFO - Started process (PID=2554) to work on /opt/airflow/dags/create_submit_delete_emr.py
[2025-11-29T11:36:57.869+0000] {processor.py:914} INFO - Processing file /opt/airflow/dags/create_submit_delete_emr.py for tasks to queue
[2025-11-29T11:36:57.871+0000] {logging_mixin.py:190} INFO - [2025-11-29T11:36:57.870+0000] {dagbag.py:588} INFO - Filling up the DagBag from /opt/airflow/dags/create_submit_delete_emr.py
[2025-11-29T11:36:57.898+0000] {processor.py:925} INFO - DAG(s) 'retail-dataset-load' retrieved from /opt/airflow/dags/create_submit_delete_emr.py
[2025-11-29T11:36:57.925+0000] {logging_mixin.py:190} INFO - [2025-11-29T11:36:57.925+0000] {dag.py:3239} INFO - Sync 1 DAGs
[2025-11-29T11:36:57.944+0000] {logging_mixin.py:190} INFO - [2025-11-29T11:36:57.944+0000] {dag.py:4180} INFO - Setting next_dagrun for retail-dataset-load to None, run_after=None
[2025-11-29T11:36:57.972+0000] {processor.py:208} INFO - Processing /opt/airflow/dags/create_submit_delete_emr.py took 0.112 seconds
[2025-11-29T11:37:28.587+0000] {processor.py:186} INFO - Started process (PID=2618) to work on /opt/airflow/dags/create_submit_delete_emr.py
[2025-11-29T11:37:28.589+0000] {processor.py:914} INFO - Processing file /opt/airflow/dags/create_submit_delete_emr.py for tasks to queue
[2025-11-29T11:37:28.590+0000] {logging_mixin.py:190} INFO - [2025-11-29T11:37:28.590+0000] {dagbag.py:588} INFO - Filling up the DagBag from /opt/airflow/dags/create_submit_delete_emr.py
[2025-11-29T11:37:28.621+0000] {processor.py:925} INFO - DAG(s) 'retail-dataset-load' retrieved from /opt/airflow/dags/create_submit_delete_emr.py
[2025-11-29T11:37:28.653+0000] {logging_mixin.py:190} INFO - [2025-11-29T11:37:28.653+0000] {dag.py:3239} INFO - Sync 1 DAGs
[2025-11-29T11:37:28.673+0000] {logging_mixin.py:190} INFO - [2025-11-29T11:37:28.673+0000] {dag.py:4180} INFO - Setting next_dagrun for retail-dataset-load to None, run_after=None
[2025-11-29T11:37:28.704+0000] {processor.py:208} INFO - Processing /opt/airflow/dags/create_submit_delete_emr.py took 0.125 seconds
