[2025-11-29T11:18:55.316+0000] {processor.py:186} INFO - Started process (PID=95) to work on /opt/airflow/dags/dag_conf_check.py
[2025-11-29T11:18:55.317+0000] {processor.py:914} INFO - Processing file /opt/airflow/dags/dag_conf_check.py for tasks to queue
[2025-11-29T11:18:55.320+0000] {logging_mixin.py:190} INFO - [2025-11-29T11:18:55.320+0000] {dagbag.py:588} INFO - Filling up the DagBag from /opt/airflow/dags/dag_conf_check.py
[2025-11-29T11:18:55.342+0000] {processor.py:925} INFO - DAG(s) 'example_conf_dag' retrieved from /opt/airflow/dags/dag_conf_check.py
[2025-11-29T11:18:55.468+0000] {logging_mixin.py:190} INFO - [2025-11-29T11:18:55.467+0000] {override.py:1911} INFO - Created Permission View: can delete on DAG:example_conf_dag
[2025-11-29T11:18:55.489+0000] {logging_mixin.py:190} INFO - [2025-11-29T11:18:55.488+0000] {override.py:1911} INFO - Created Permission View: can read on DAG:example_conf_dag
[2025-11-29T11:18:55.498+0000] {logging_mixin.py:190} INFO - [2025-11-29T11:18:55.498+0000] {override.py:1911} INFO - Created Permission View: can edit on DAG:example_conf_dag
[2025-11-29T11:18:55.509+0000] {logging_mixin.py:190} INFO - [2025-11-29T11:18:55.508+0000] {override.py:1911} INFO - Created Permission View: menu access on DAG Run:example_conf_dag
[2025-11-29T11:18:55.517+0000] {logging_mixin.py:190} INFO - [2025-11-29T11:18:55.516+0000] {override.py:1911} INFO - Created Permission View: can delete on DAG Run:example_conf_dag
[2025-11-29T11:18:55.524+0000] {logging_mixin.py:190} INFO - [2025-11-29T11:18:55.524+0000] {override.py:1911} INFO - Created Permission View: can read on DAG Run:example_conf_dag
[2025-11-29T11:18:55.533+0000] {logging_mixin.py:190} INFO - [2025-11-29T11:18:55.532+0000] {override.py:1911} INFO - Created Permission View: can create on DAG Run:example_conf_dag
[2025-11-29T11:18:55.534+0000] {logging_mixin.py:190} INFO - [2025-11-29T11:18:55.534+0000] {dag.py:3239} INFO - Sync 1 DAGs
[2025-11-29T11:18:55.548+0000] {logging_mixin.py:190} INFO - [2025-11-29T11:18:55.548+0000] {dag.py:3262} INFO - Creating ORM DAG for example_conf_dag
[2025-11-29T11:18:55.550+0000] {logging_mixin.py:190} INFO - [2025-11-29T11:18:55.549+0000] {dag.py:4180} INFO - Setting next_dagrun for example_conf_dag to None, run_after=None
[2025-11-29T11:18:55.572+0000] {processor.py:208} INFO - Processing /opt/airflow/dags/dag_conf_check.py took 0.262 seconds
[2025-11-29T11:19:27.021+0000] {processor.py:186} INFO - Started process (PID=163) to work on /opt/airflow/dags/dag_conf_check.py
[2025-11-29T11:19:27.023+0000] {processor.py:914} INFO - Processing file /opt/airflow/dags/dag_conf_check.py for tasks to queue
[2025-11-29T11:19:27.026+0000] {logging_mixin.py:190} INFO - [2025-11-29T11:19:27.026+0000] {dagbag.py:588} INFO - Filling up the DagBag from /opt/airflow/dags/dag_conf_check.py
[2025-11-29T11:19:27.051+0000] {processor.py:925} INFO - DAG(s) 'example_conf_dag' retrieved from /opt/airflow/dags/dag_conf_check.py
[2025-11-29T11:19:27.076+0000] {logging_mixin.py:190} INFO - [2025-11-29T11:19:27.076+0000] {dag.py:3239} INFO - Sync 1 DAGs
[2025-11-29T11:19:27.094+0000] {logging_mixin.py:190} INFO - [2025-11-29T11:19:27.093+0000] {dag.py:4180} INFO - Setting next_dagrun for example_conf_dag to None, run_after=None
[2025-11-29T11:19:27.117+0000] {processor.py:208} INFO - Processing /opt/airflow/dags/dag_conf_check.py took 0.103 seconds
[2025-11-29T11:19:57.351+0000] {processor.py:186} INFO - Started process (PID=231) to work on /opt/airflow/dags/dag_conf_check.py
[2025-11-29T11:19:57.352+0000] {processor.py:914} INFO - Processing file /opt/airflow/dags/dag_conf_check.py for tasks to queue
[2025-11-29T11:19:57.356+0000] {logging_mixin.py:190} INFO - [2025-11-29T11:19:57.355+0000] {dagbag.py:588} INFO - Filling up the DagBag from /opt/airflow/dags/dag_conf_check.py
[2025-11-29T11:19:57.382+0000] {processor.py:925} INFO - DAG(s) 'example_conf_dag' retrieved from /opt/airflow/dags/dag_conf_check.py
[2025-11-29T11:19:57.410+0000] {logging_mixin.py:190} INFO - [2025-11-29T11:19:57.409+0000] {dag.py:3239} INFO - Sync 1 DAGs
[2025-11-29T11:19:57.428+0000] {logging_mixin.py:190} INFO - [2025-11-29T11:19:57.428+0000] {dag.py:4180} INFO - Setting next_dagrun for example_conf_dag to None, run_after=None
[2025-11-29T11:19:57.452+0000] {processor.py:208} INFO - Processing /opt/airflow/dags/dag_conf_check.py took 0.109 seconds
[2025-11-29T11:20:28.246+0000] {processor.py:186} INFO - Started process (PID=300) to work on /opt/airflow/dags/dag_conf_check.py
[2025-11-29T11:20:28.247+0000] {processor.py:914} INFO - Processing file /opt/airflow/dags/dag_conf_check.py for tasks to queue
[2025-11-29T11:20:28.252+0000] {logging_mixin.py:190} INFO - [2025-11-29T11:20:28.251+0000] {dagbag.py:588} INFO - Filling up the DagBag from /opt/airflow/dags/dag_conf_check.py
[2025-11-29T11:20:28.280+0000] {processor.py:925} INFO - DAG(s) 'example_conf_dag' retrieved from /opt/airflow/dags/dag_conf_check.py
[2025-11-29T11:20:28.313+0000] {logging_mixin.py:190} INFO - [2025-11-29T11:20:28.313+0000] {dag.py:3239} INFO - Sync 1 DAGs
[2025-11-29T11:20:28.337+0000] {logging_mixin.py:190} INFO - [2025-11-29T11:20:28.337+0000] {dag.py:4180} INFO - Setting next_dagrun for example_conf_dag to None, run_after=None
[2025-11-29T11:20:28.367+0000] {processor.py:208} INFO - Processing /opt/airflow/dags/dag_conf_check.py took 0.130 seconds
[2025-11-29T11:20:58.568+0000] {processor.py:186} INFO - Started process (PID=369) to work on /opt/airflow/dags/dag_conf_check.py
[2025-11-29T11:20:58.569+0000] {processor.py:914} INFO - Processing file /opt/airflow/dags/dag_conf_check.py for tasks to queue
[2025-11-29T11:20:58.573+0000] {logging_mixin.py:190} INFO - [2025-11-29T11:20:58.573+0000] {dagbag.py:588} INFO - Filling up the DagBag from /opt/airflow/dags/dag_conf_check.py
[2025-11-29T11:20:58.599+0000] {processor.py:925} INFO - DAG(s) 'example_conf_dag' retrieved from /opt/airflow/dags/dag_conf_check.py
[2025-11-29T11:20:58.627+0000] {logging_mixin.py:190} INFO - [2025-11-29T11:20:58.626+0000] {dag.py:3239} INFO - Sync 1 DAGs
[2025-11-29T11:20:58.645+0000] {logging_mixin.py:190} INFO - [2025-11-29T11:20:58.644+0000] {dag.py:4180} INFO - Setting next_dagrun for example_conf_dag to None, run_after=None
[2025-11-29T11:20:58.671+0000] {processor.py:208} INFO - Processing /opt/airflow/dags/dag_conf_check.py took 0.111 seconds
[2025-11-29T11:21:28.788+0000] {processor.py:186} INFO - Started process (PID=437) to work on /opt/airflow/dags/dag_conf_check.py
[2025-11-29T11:21:28.790+0000] {processor.py:914} INFO - Processing file /opt/airflow/dags/dag_conf_check.py for tasks to queue
[2025-11-29T11:21:28.793+0000] {logging_mixin.py:190} INFO - [2025-11-29T11:21:28.793+0000] {dagbag.py:588} INFO - Filling up the DagBag from /opt/airflow/dags/dag_conf_check.py
[2025-11-29T11:21:28.817+0000] {processor.py:925} INFO - DAG(s) 'example_conf_dag' retrieved from /opt/airflow/dags/dag_conf_check.py
[2025-11-29T11:21:28.842+0000] {logging_mixin.py:190} INFO - [2025-11-29T11:21:28.842+0000] {dag.py:3239} INFO - Sync 1 DAGs
[2025-11-29T11:21:28.859+0000] {logging_mixin.py:190} INFO - [2025-11-29T11:21:28.858+0000] {dag.py:4180} INFO - Setting next_dagrun for example_conf_dag to None, run_after=None
[2025-11-29T11:21:28.881+0000] {processor.py:208} INFO - Processing /opt/airflow/dags/dag_conf_check.py took 0.100 seconds
[2025-11-29T11:21:59.107+0000] {processor.py:186} INFO - Started process (PID=506) to work on /opt/airflow/dags/dag_conf_check.py
[2025-11-29T11:21:59.109+0000] {processor.py:914} INFO - Processing file /opt/airflow/dags/dag_conf_check.py for tasks to queue
[2025-11-29T11:21:59.113+0000] {logging_mixin.py:190} INFO - [2025-11-29T11:21:59.112+0000] {dagbag.py:588} INFO - Filling up the DagBag from /opt/airflow/dags/dag_conf_check.py
[2025-11-29T11:21:59.141+0000] {processor.py:925} INFO - DAG(s) 'example_conf_dag' retrieved from /opt/airflow/dags/dag_conf_check.py
[2025-11-29T11:21:59.166+0000] {logging_mixin.py:190} INFO - [2025-11-29T11:21:59.165+0000] {dag.py:3239} INFO - Sync 1 DAGs
[2025-11-29T11:21:59.184+0000] {logging_mixin.py:190} INFO - [2025-11-29T11:21:59.183+0000] {dag.py:4180} INFO - Setting next_dagrun for example_conf_dag to None, run_after=None
[2025-11-29T11:21:59.210+0000] {processor.py:208} INFO - Processing /opt/airflow/dags/dag_conf_check.py took 0.111 seconds
[2025-11-29T11:22:29.639+0000] {processor.py:186} INFO - Started process (PID=575) to work on /opt/airflow/dags/dag_conf_check.py
[2025-11-29T11:22:29.641+0000] {processor.py:914} INFO - Processing file /opt/airflow/dags/dag_conf_check.py for tasks to queue
[2025-11-29T11:22:29.644+0000] {logging_mixin.py:190} INFO - [2025-11-29T11:22:29.644+0000] {dagbag.py:588} INFO - Filling up the DagBag from /opt/airflow/dags/dag_conf_check.py
[2025-11-29T11:22:29.666+0000] {processor.py:925} INFO - DAG(s) 'example_conf_dag' retrieved from /opt/airflow/dags/dag_conf_check.py
[2025-11-29T11:22:29.692+0000] {logging_mixin.py:190} INFO - [2025-11-29T11:22:29.691+0000] {dag.py:3239} INFO - Sync 1 DAGs
[2025-11-29T11:22:29.709+0000] {logging_mixin.py:190} INFO - [2025-11-29T11:22:29.709+0000] {dag.py:4180} INFO - Setting next_dagrun for example_conf_dag to None, run_after=None
[2025-11-29T11:22:29.733+0000] {processor.py:208} INFO - Processing /opt/airflow/dags/dag_conf_check.py took 0.102 seconds
[2025-11-29T11:23:00.314+0000] {processor.py:186} INFO - Started process (PID=643) to work on /opt/airflow/dags/dag_conf_check.py
[2025-11-29T11:23:00.315+0000] {processor.py:914} INFO - Processing file /opt/airflow/dags/dag_conf_check.py for tasks to queue
[2025-11-29T11:23:00.319+0000] {logging_mixin.py:190} INFO - [2025-11-29T11:23:00.318+0000] {dagbag.py:588} INFO - Filling up the DagBag from /opt/airflow/dags/dag_conf_check.py
[2025-11-29T11:23:00.350+0000] {processor.py:925} INFO - DAG(s) 'example_conf_dag' retrieved from /opt/airflow/dags/dag_conf_check.py
[2025-11-29T11:23:00.388+0000] {logging_mixin.py:190} INFO - [2025-11-29T11:23:00.387+0000] {dag.py:3239} INFO - Sync 1 DAGs
[2025-11-29T11:23:00.415+0000] {logging_mixin.py:190} INFO - [2025-11-29T11:23:00.415+0000] {dag.py:4180} INFO - Setting next_dagrun for example_conf_dag to None, run_after=None
[2025-11-29T11:23:00.461+0000] {processor.py:208} INFO - Processing /opt/airflow/dags/dag_conf_check.py took 0.155 seconds
[2025-11-29T11:23:31.036+0000] {processor.py:186} INFO - Started process (PID=711) to work on /opt/airflow/dags/dag_conf_check.py
[2025-11-29T11:23:31.037+0000] {processor.py:914} INFO - Processing file /opt/airflow/dags/dag_conf_check.py for tasks to queue
[2025-11-29T11:23:31.041+0000] {logging_mixin.py:190} INFO - [2025-11-29T11:23:31.040+0000] {dagbag.py:588} INFO - Filling up the DagBag from /opt/airflow/dags/dag_conf_check.py
[2025-11-29T11:23:31.069+0000] {processor.py:925} INFO - DAG(s) 'example_conf_dag' retrieved from /opt/airflow/dags/dag_conf_check.py
[2025-11-29T11:23:31.095+0000] {logging_mixin.py:190} INFO - [2025-11-29T11:23:31.095+0000] {dag.py:3239} INFO - Sync 1 DAGs
[2025-11-29T11:23:31.114+0000] {logging_mixin.py:190} INFO - [2025-11-29T11:23:31.114+0000] {dag.py:4180} INFO - Setting next_dagrun for example_conf_dag to None, run_after=None
[2025-11-29T11:23:31.139+0000] {processor.py:208} INFO - Processing /opt/airflow/dags/dag_conf_check.py took 0.112 seconds
[2025-11-29T11:24:01.718+0000] {processor.py:186} INFO - Started process (PID=780) to work on /opt/airflow/dags/dag_conf_check.py
[2025-11-29T11:24:01.720+0000] {processor.py:914} INFO - Processing file /opt/airflow/dags/dag_conf_check.py for tasks to queue
[2025-11-29T11:24:01.722+0000] {logging_mixin.py:190} INFO - [2025-11-29T11:24:01.721+0000] {dagbag.py:588} INFO - Filling up the DagBag from /opt/airflow/dags/dag_conf_check.py
[2025-11-29T11:24:01.747+0000] {processor.py:925} INFO - DAG(s) 'example_conf_dag' retrieved from /opt/airflow/dags/dag_conf_check.py
[2025-11-29T11:24:01.773+0000] {logging_mixin.py:190} INFO - [2025-11-29T11:24:01.773+0000] {dag.py:3239} INFO - Sync 1 DAGs
[2025-11-29T11:24:01.792+0000] {logging_mixin.py:190} INFO - [2025-11-29T11:24:01.792+0000] {dag.py:4180} INFO - Setting next_dagrun for example_conf_dag to None, run_after=None
[2025-11-29T11:24:01.816+0000] {processor.py:208} INFO - Processing /opt/airflow/dags/dag_conf_check.py took 0.105 seconds
[2025-11-29T11:24:32.411+0000] {processor.py:186} INFO - Started process (PID=848) to work on /opt/airflow/dags/dag_conf_check.py
[2025-11-29T11:24:32.412+0000] {processor.py:914} INFO - Processing file /opt/airflow/dags/dag_conf_check.py for tasks to queue
[2025-11-29T11:24:32.414+0000] {logging_mixin.py:190} INFO - [2025-11-29T11:24:32.413+0000] {dagbag.py:588} INFO - Filling up the DagBag from /opt/airflow/dags/dag_conf_check.py
[2025-11-29T11:24:32.439+0000] {processor.py:925} INFO - DAG(s) 'example_conf_dag' retrieved from /opt/airflow/dags/dag_conf_check.py
[2025-11-29T11:24:32.466+0000] {logging_mixin.py:190} INFO - [2025-11-29T11:24:32.466+0000] {dag.py:3239} INFO - Sync 1 DAGs
[2025-11-29T11:24:32.496+0000] {logging_mixin.py:190} INFO - [2025-11-29T11:24:32.496+0000] {dag.py:4180} INFO - Setting next_dagrun for example_conf_dag to None, run_after=None
[2025-11-29T11:24:32.520+0000] {processor.py:208} INFO - Processing /opt/airflow/dags/dag_conf_check.py took 0.118 seconds
[2025-11-29T11:25:02.712+0000] {processor.py:186} INFO - Started process (PID=916) to work on /opt/airflow/dags/dag_conf_check.py
[2025-11-29T11:25:02.713+0000] {processor.py:914} INFO - Processing file /opt/airflow/dags/dag_conf_check.py for tasks to queue
[2025-11-29T11:25:02.715+0000] {logging_mixin.py:190} INFO - [2025-11-29T11:25:02.714+0000] {dagbag.py:588} INFO - Filling up the DagBag from /opt/airflow/dags/dag_conf_check.py
[2025-11-29T11:25:02.740+0000] {processor.py:925} INFO - DAG(s) 'example_conf_dag' retrieved from /opt/airflow/dags/dag_conf_check.py
[2025-11-29T11:25:02.765+0000] {logging_mixin.py:190} INFO - [2025-11-29T11:25:02.765+0000] {dag.py:3239} INFO - Sync 1 DAGs
[2025-11-29T11:25:02.785+0000] {logging_mixin.py:190} INFO - [2025-11-29T11:25:02.784+0000] {dag.py:4180} INFO - Setting next_dagrun for example_conf_dag to None, run_after=None
[2025-11-29T11:25:02.806+0000] {processor.py:208} INFO - Processing /opt/airflow/dags/dag_conf_check.py took 0.102 seconds
[2025-11-29T11:25:33.179+0000] {processor.py:186} INFO - Started process (PID=984) to work on /opt/airflow/dags/dag_conf_check.py
[2025-11-29T11:25:33.181+0000] {processor.py:914} INFO - Processing file /opt/airflow/dags/dag_conf_check.py for tasks to queue
[2025-11-29T11:25:33.182+0000] {logging_mixin.py:190} INFO - [2025-11-29T11:25:33.182+0000] {dagbag.py:588} INFO - Filling up the DagBag from /opt/airflow/dags/dag_conf_check.py
[2025-11-29T11:25:33.221+0000] {processor.py:925} INFO - DAG(s) 'example_conf_dag' retrieved from /opt/airflow/dags/dag_conf_check.py
[2025-11-29T11:25:33.248+0000] {logging_mixin.py:190} INFO - [2025-11-29T11:25:33.248+0000] {dag.py:3239} INFO - Sync 1 DAGs
[2025-11-29T11:25:33.266+0000] {logging_mixin.py:190} INFO - [2025-11-29T11:25:33.266+0000] {dag.py:4180} INFO - Setting next_dagrun for example_conf_dag to None, run_after=None
[2025-11-29T11:25:33.307+0000] {processor.py:208} INFO - Processing /opt/airflow/dags/dag_conf_check.py took 0.137 seconds
[2025-11-29T11:26:03.387+0000] {processor.py:186} INFO - Started process (PID=1053) to work on /opt/airflow/dags/dag_conf_check.py
[2025-11-29T11:26:03.389+0000] {processor.py:914} INFO - Processing file /opt/airflow/dags/dag_conf_check.py for tasks to queue
[2025-11-29T11:26:03.391+0000] {logging_mixin.py:190} INFO - [2025-11-29T11:26:03.390+0000] {dagbag.py:588} INFO - Filling up the DagBag from /opt/airflow/dags/dag_conf_check.py
[2025-11-29T11:26:03.419+0000] {processor.py:925} INFO - DAG(s) 'example_conf_dag' retrieved from /opt/airflow/dags/dag_conf_check.py
[2025-11-29T11:26:03.444+0000] {logging_mixin.py:190} INFO - [2025-11-29T11:26:03.443+0000] {dag.py:3239} INFO - Sync 1 DAGs
[2025-11-29T11:26:03.462+0000] {logging_mixin.py:190} INFO - [2025-11-29T11:26:03.462+0000] {dag.py:4180} INFO - Setting next_dagrun for example_conf_dag to None, run_after=None
[2025-11-29T11:26:03.487+0000] {processor.py:208} INFO - Processing /opt/airflow/dags/dag_conf_check.py took 0.109 seconds
[2025-11-29T11:26:33.673+0000] {processor.py:186} INFO - Started process (PID=1121) to work on /opt/airflow/dags/dag_conf_check.py
[2025-11-29T11:26:33.675+0000] {processor.py:914} INFO - Processing file /opt/airflow/dags/dag_conf_check.py for tasks to queue
[2025-11-29T11:26:33.676+0000] {logging_mixin.py:190} INFO - [2025-11-29T11:26:33.676+0000] {dagbag.py:588} INFO - Filling up the DagBag from /opt/airflow/dags/dag_conf_check.py
[2025-11-29T11:26:33.705+0000] {processor.py:925} INFO - DAG(s) 'example_conf_dag' retrieved from /opt/airflow/dags/dag_conf_check.py
[2025-11-29T11:26:33.733+0000] {logging_mixin.py:190} INFO - [2025-11-29T11:26:33.732+0000] {dag.py:3239} INFO - Sync 1 DAGs
[2025-11-29T11:26:33.752+0000] {logging_mixin.py:190} INFO - [2025-11-29T11:26:33.751+0000] {dag.py:4180} INFO - Setting next_dagrun for example_conf_dag to None, run_after=None
[2025-11-29T11:26:33.779+0000] {processor.py:208} INFO - Processing /opt/airflow/dags/dag_conf_check.py took 0.114 seconds
[2025-11-29T11:27:04.088+0000] {processor.py:186} INFO - Started process (PID=1189) to work on /opt/airflow/dags/dag_conf_check.py
[2025-11-29T11:27:04.089+0000] {processor.py:914} INFO - Processing file /opt/airflow/dags/dag_conf_check.py for tasks to queue
[2025-11-29T11:27:04.091+0000] {logging_mixin.py:190} INFO - [2025-11-29T11:27:04.091+0000] {dagbag.py:588} INFO - Filling up the DagBag from /opt/airflow/dags/dag_conf_check.py
[2025-11-29T11:27:04.120+0000] {processor.py:925} INFO - DAG(s) 'example_conf_dag' retrieved from /opt/airflow/dags/dag_conf_check.py
[2025-11-29T11:27:04.149+0000] {logging_mixin.py:190} INFO - [2025-11-29T11:27:04.148+0000] {dag.py:3239} INFO - Sync 1 DAGs
[2025-11-29T11:27:04.167+0000] {logging_mixin.py:190} INFO - [2025-11-29T11:27:04.167+0000] {dag.py:4180} INFO - Setting next_dagrun for example_conf_dag to None, run_after=None
[2025-11-29T11:27:04.191+0000] {processor.py:208} INFO - Processing /opt/airflow/dags/dag_conf_check.py took 0.111 seconds
[2025-11-29T11:27:34.786+0000] {processor.py:186} INFO - Started process (PID=1257) to work on /opt/airflow/dags/dag_conf_check.py
[2025-11-29T11:27:34.788+0000] {processor.py:914} INFO - Processing file /opt/airflow/dags/dag_conf_check.py for tasks to queue
[2025-11-29T11:27:34.790+0000] {logging_mixin.py:190} INFO - [2025-11-29T11:27:34.790+0000] {dagbag.py:588} INFO - Filling up the DagBag from /opt/airflow/dags/dag_conf_check.py
[2025-11-29T11:27:34.823+0000] {processor.py:925} INFO - DAG(s) 'example_conf_dag' retrieved from /opt/airflow/dags/dag_conf_check.py
[2025-11-29T11:27:34.848+0000] {logging_mixin.py:190} INFO - [2025-11-29T11:27:34.847+0000] {dag.py:3239} INFO - Sync 1 DAGs
[2025-11-29T11:27:34.871+0000] {logging_mixin.py:190} INFO - [2025-11-29T11:27:34.871+0000] {dag.py:4180} INFO - Setting next_dagrun for example_conf_dag to None, run_after=None
[2025-11-29T11:27:34.900+0000] {processor.py:208} INFO - Processing /opt/airflow/dags/dag_conf_check.py took 0.123 seconds
[2025-11-29T11:28:05.956+0000] {processor.py:186} INFO - Started process (PID=1325) to work on /opt/airflow/dags/dag_conf_check.py
[2025-11-29T11:28:05.957+0000] {processor.py:914} INFO - Processing file /opt/airflow/dags/dag_conf_check.py for tasks to queue
[2025-11-29T11:28:05.959+0000] {logging_mixin.py:190} INFO - [2025-11-29T11:28:05.958+0000] {dagbag.py:588} INFO - Filling up the DagBag from /opt/airflow/dags/dag_conf_check.py
[2025-11-29T11:28:05.992+0000] {processor.py:925} INFO - DAG(s) 'example_conf_dag' retrieved from /opt/airflow/dags/dag_conf_check.py
[2025-11-29T11:28:06.020+0000] {logging_mixin.py:190} INFO - [2025-11-29T11:28:06.019+0000] {dag.py:3239} INFO - Sync 1 DAGs
[2025-11-29T11:28:06.040+0000] {logging_mixin.py:190} INFO - [2025-11-29T11:28:06.039+0000] {dag.py:4180} INFO - Setting next_dagrun for example_conf_dag to None, run_after=None
[2025-11-29T11:28:06.066+0000] {processor.py:208} INFO - Processing /opt/airflow/dags/dag_conf_check.py took 0.119 seconds
[2025-11-29T11:28:36.576+0000] {processor.py:186} INFO - Started process (PID=1394) to work on /opt/airflow/dags/dag_conf_check.py
[2025-11-29T11:28:36.578+0000] {processor.py:914} INFO - Processing file /opt/airflow/dags/dag_conf_check.py for tasks to queue
[2025-11-29T11:28:36.581+0000] {logging_mixin.py:190} INFO - [2025-11-29T11:28:36.580+0000] {dagbag.py:588} INFO - Filling up the DagBag from /opt/airflow/dags/dag_conf_check.py
[2025-11-29T11:28:36.607+0000] {processor.py:925} INFO - DAG(s) 'example_conf_dag' retrieved from /opt/airflow/dags/dag_conf_check.py
[2025-11-29T11:28:36.631+0000] {logging_mixin.py:190} INFO - [2025-11-29T11:28:36.631+0000] {dag.py:3239} INFO - Sync 1 DAGs
[2025-11-29T11:28:36.649+0000] {logging_mixin.py:190} INFO - [2025-11-29T11:28:36.649+0000] {dag.py:4180} INFO - Setting next_dagrun for example_conf_dag to None, run_after=None
[2025-11-29T11:28:36.676+0000] {processor.py:208} INFO - Processing /opt/airflow/dags/dag_conf_check.py took 0.108 seconds
[2025-11-29T11:29:07.512+0000] {processor.py:186} INFO - Started process (PID=1462) to work on /opt/airflow/dags/dag_conf_check.py
[2025-11-29T11:29:07.513+0000] {processor.py:914} INFO - Processing file /opt/airflow/dags/dag_conf_check.py for tasks to queue
[2025-11-29T11:29:07.516+0000] {logging_mixin.py:190} INFO - [2025-11-29T11:29:07.515+0000] {dagbag.py:588} INFO - Filling up the DagBag from /opt/airflow/dags/dag_conf_check.py
[2025-11-29T11:29:07.541+0000] {processor.py:925} INFO - DAG(s) 'example_conf_dag' retrieved from /opt/airflow/dags/dag_conf_check.py
[2025-11-29T11:29:07.567+0000] {logging_mixin.py:190} INFO - [2025-11-29T11:29:07.567+0000] {dag.py:3239} INFO - Sync 1 DAGs
[2025-11-29T11:29:07.586+0000] {logging_mixin.py:190} INFO - [2025-11-29T11:29:07.586+0000] {dag.py:4180} INFO - Setting next_dagrun for example_conf_dag to None, run_after=None
[2025-11-29T11:29:07.613+0000] {processor.py:208} INFO - Processing /opt/airflow/dags/dag_conf_check.py took 0.109 seconds
[2025-11-29T11:29:37.732+0000] {processor.py:186} INFO - Started process (PID=1532) to work on /opt/airflow/dags/dag_conf_check.py
[2025-11-29T11:29:37.734+0000] {processor.py:914} INFO - Processing file /opt/airflow/dags/dag_conf_check.py for tasks to queue
[2025-11-29T11:29:37.735+0000] {logging_mixin.py:190} INFO - [2025-11-29T11:29:37.735+0000] {dagbag.py:588} INFO - Filling up the DagBag from /opt/airflow/dags/dag_conf_check.py
[2025-11-29T11:29:37.763+0000] {processor.py:925} INFO - DAG(s) 'example_conf_dag' retrieved from /opt/airflow/dags/dag_conf_check.py
[2025-11-29T11:29:37.790+0000] {logging_mixin.py:190} INFO - [2025-11-29T11:29:37.789+0000] {dag.py:3239} INFO - Sync 1 DAGs
[2025-11-29T11:29:37.807+0000] {logging_mixin.py:190} INFO - [2025-11-29T11:29:37.807+0000] {dag.py:4180} INFO - Setting next_dagrun for example_conf_dag to None, run_after=None
[2025-11-29T11:29:37.833+0000] {processor.py:208} INFO - Processing /opt/airflow/dags/dag_conf_check.py took 0.109 seconds
[2025-11-29T11:30:08.111+0000] {processor.py:186} INFO - Started process (PID=1600) to work on /opt/airflow/dags/dag_conf_check.py
[2025-11-29T11:30:08.113+0000] {processor.py:914} INFO - Processing file /opt/airflow/dags/dag_conf_check.py for tasks to queue
[2025-11-29T11:30:08.115+0000] {logging_mixin.py:190} INFO - [2025-11-29T11:30:08.115+0000] {dagbag.py:588} INFO - Filling up the DagBag from /opt/airflow/dags/dag_conf_check.py
[2025-11-29T11:30:08.151+0000] {processor.py:925} INFO - DAG(s) 'example_conf_dag' retrieved from /opt/airflow/dags/dag_conf_check.py
[2025-11-29T11:30:08.181+0000] {logging_mixin.py:190} INFO - [2025-11-29T11:30:08.181+0000] {dag.py:3239} INFO - Sync 1 DAGs
[2025-11-29T11:30:08.204+0000] {logging_mixin.py:190} INFO - [2025-11-29T11:30:08.204+0000] {dag.py:4180} INFO - Setting next_dagrun for example_conf_dag to None, run_after=None
[2025-11-29T11:30:08.227+0000] {processor.py:208} INFO - Processing /opt/airflow/dags/dag_conf_check.py took 0.128 seconds
[2025-11-29T11:30:38.477+0000] {processor.py:186} INFO - Started process (PID=1669) to work on /opt/airflow/dags/dag_conf_check.py
[2025-11-29T11:30:38.479+0000] {processor.py:914} INFO - Processing file /opt/airflow/dags/dag_conf_check.py for tasks to queue
[2025-11-29T11:30:38.481+0000] {logging_mixin.py:190} INFO - [2025-11-29T11:30:38.480+0000] {dagbag.py:588} INFO - Filling up the DagBag from /opt/airflow/dags/dag_conf_check.py
[2025-11-29T11:30:38.508+0000] {processor.py:925} INFO - DAG(s) 'example_conf_dag' retrieved from /opt/airflow/dags/dag_conf_check.py
[2025-11-29T11:30:38.536+0000] {logging_mixin.py:190} INFO - [2025-11-29T11:30:38.536+0000] {dag.py:3239} INFO - Sync 1 DAGs
[2025-11-29T11:30:38.554+0000] {logging_mixin.py:190} INFO - [2025-11-29T11:30:38.554+0000] {dag.py:4180} INFO - Setting next_dagrun for example_conf_dag to None, run_after=None
[2025-11-29T11:30:38.578+0000] {processor.py:208} INFO - Processing /opt/airflow/dags/dag_conf_check.py took 0.109 seconds
[2025-11-29T11:31:09.199+0000] {processor.py:186} INFO - Started process (PID=1737) to work on /opt/airflow/dags/dag_conf_check.py
[2025-11-29T11:31:09.200+0000] {processor.py:914} INFO - Processing file /opt/airflow/dags/dag_conf_check.py for tasks to queue
[2025-11-29T11:31:09.202+0000] {logging_mixin.py:190} INFO - [2025-11-29T11:31:09.202+0000] {dagbag.py:588} INFO - Filling up the DagBag from /opt/airflow/dags/dag_conf_check.py
[2025-11-29T11:31:09.229+0000] {processor.py:925} INFO - DAG(s) 'example_conf_dag' retrieved from /opt/airflow/dags/dag_conf_check.py
[2025-11-29T11:31:09.256+0000] {logging_mixin.py:190} INFO - [2025-11-29T11:31:09.255+0000] {dag.py:3239} INFO - Sync 1 DAGs
[2025-11-29T11:31:09.274+0000] {logging_mixin.py:190} INFO - [2025-11-29T11:31:09.274+0000] {dag.py:4180} INFO - Setting next_dagrun for example_conf_dag to None, run_after=None
[2025-11-29T11:31:09.297+0000] {processor.py:208} INFO - Processing /opt/airflow/dags/dag_conf_check.py took 0.106 seconds
[2025-11-29T11:31:39.691+0000] {processor.py:186} INFO - Started process (PID=1805) to work on /opt/airflow/dags/dag_conf_check.py
[2025-11-29T11:31:39.693+0000] {processor.py:914} INFO - Processing file /opt/airflow/dags/dag_conf_check.py for tasks to queue
[2025-11-29T11:31:39.695+0000] {logging_mixin.py:190} INFO - [2025-11-29T11:31:39.694+0000] {dagbag.py:588} INFO - Filling up the DagBag from /opt/airflow/dags/dag_conf_check.py
[2025-11-29T11:31:39.721+0000] {processor.py:925} INFO - DAG(s) 'example_conf_dag' retrieved from /opt/airflow/dags/dag_conf_check.py
[2025-11-29T11:31:39.745+0000] {logging_mixin.py:190} INFO - [2025-11-29T11:31:39.745+0000] {dag.py:3239} INFO - Sync 1 DAGs
[2025-11-29T11:31:39.762+0000] {logging_mixin.py:190} INFO - [2025-11-29T11:31:39.762+0000] {dag.py:4180} INFO - Setting next_dagrun for example_conf_dag to None, run_after=None
[2025-11-29T11:31:39.785+0000] {processor.py:208} INFO - Processing /opt/airflow/dags/dag_conf_check.py took 0.101 seconds
[2025-11-29T11:32:10.079+0000] {processor.py:186} INFO - Started process (PID=1873) to work on /opt/airflow/dags/dag_conf_check.py
[2025-11-29T11:32:10.081+0000] {processor.py:914} INFO - Processing file /opt/airflow/dags/dag_conf_check.py for tasks to queue
[2025-11-29T11:32:10.082+0000] {logging_mixin.py:190} INFO - [2025-11-29T11:32:10.082+0000] {dagbag.py:588} INFO - Filling up the DagBag from /opt/airflow/dags/dag_conf_check.py
[2025-11-29T11:32:10.109+0000] {processor.py:925} INFO - DAG(s) 'example_conf_dag' retrieved from /opt/airflow/dags/dag_conf_check.py
[2025-11-29T11:32:10.133+0000] {logging_mixin.py:190} INFO - [2025-11-29T11:32:10.132+0000] {dag.py:3239} INFO - Sync 1 DAGs
[2025-11-29T11:32:10.150+0000] {logging_mixin.py:190} INFO - [2025-11-29T11:32:10.150+0000] {dag.py:4180} INFO - Setting next_dagrun for example_conf_dag to None, run_after=None
[2025-11-29T11:32:10.174+0000] {processor.py:208} INFO - Processing /opt/airflow/dags/dag_conf_check.py took 0.101 seconds
[2025-11-29T11:32:40.893+0000] {processor.py:186} INFO - Started process (PID=1942) to work on /opt/airflow/dags/dag_conf_check.py
[2025-11-29T11:32:40.899+0000] {processor.py:914} INFO - Processing file /opt/airflow/dags/dag_conf_check.py for tasks to queue
[2025-11-29T11:32:40.906+0000] {logging_mixin.py:190} INFO - [2025-11-29T11:32:40.905+0000] {dagbag.py:588} INFO - Filling up the DagBag from /opt/airflow/dags/dag_conf_check.py
[2025-11-29T11:32:40.983+0000] {processor.py:925} INFO - DAG(s) 'example_conf_dag' retrieved from /opt/airflow/dags/dag_conf_check.py
[2025-11-29T11:32:41.013+0000] {logging_mixin.py:190} INFO - [2025-11-29T11:32:41.012+0000] {dag.py:3239} INFO - Sync 1 DAGs
[2025-11-29T11:32:41.041+0000] {logging_mixin.py:190} INFO - [2025-11-29T11:32:41.040+0000] {dag.py:4180} INFO - Setting next_dagrun for example_conf_dag to None, run_after=None
[2025-11-29T11:32:41.078+0000] {processor.py:208} INFO - Processing /opt/airflow/dags/dag_conf_check.py took 0.209 seconds
[2025-11-29T11:33:11.527+0000] {processor.py:186} INFO - Started process (PID=2010) to work on /opt/airflow/dags/dag_conf_check.py
[2025-11-29T11:33:11.529+0000] {processor.py:914} INFO - Processing file /opt/airflow/dags/dag_conf_check.py for tasks to queue
[2025-11-29T11:33:11.530+0000] {logging_mixin.py:190} INFO - [2025-11-29T11:33:11.530+0000] {dagbag.py:588} INFO - Filling up the DagBag from /opt/airflow/dags/dag_conf_check.py
[2025-11-29T11:33:11.558+0000] {processor.py:925} INFO - DAG(s) 'example_conf_dag' retrieved from /opt/airflow/dags/dag_conf_check.py
[2025-11-29T11:33:11.589+0000] {logging_mixin.py:190} INFO - [2025-11-29T11:33:11.588+0000] {dag.py:3239} INFO - Sync 1 DAGs
[2025-11-29T11:33:11.609+0000] {logging_mixin.py:190} INFO - [2025-11-29T11:33:11.609+0000] {dag.py:4180} INFO - Setting next_dagrun for example_conf_dag to None, run_after=None
[2025-11-29T11:33:11.634+0000] {processor.py:208} INFO - Processing /opt/airflow/dags/dag_conf_check.py took 0.116 seconds
[2025-11-29T11:33:41.899+0000] {processor.py:186} INFO - Started process (PID=2078) to work on /opt/airflow/dags/dag_conf_check.py
[2025-11-29T11:33:41.905+0000] {processor.py:914} INFO - Processing file /opt/airflow/dags/dag_conf_check.py for tasks to queue
[2025-11-29T11:33:41.908+0000] {logging_mixin.py:190} INFO - [2025-11-29T11:33:41.907+0000] {dagbag.py:588} INFO - Filling up the DagBag from /opt/airflow/dags/dag_conf_check.py
[2025-11-29T11:33:41.945+0000] {processor.py:925} INFO - DAG(s) 'example_conf_dag' retrieved from /opt/airflow/dags/dag_conf_check.py
[2025-11-29T11:33:41.979+0000] {logging_mixin.py:190} INFO - [2025-11-29T11:33:41.979+0000] {dag.py:3239} INFO - Sync 1 DAGs
[2025-11-29T11:33:42.016+0000] {logging_mixin.py:190} INFO - [2025-11-29T11:33:42.015+0000] {dag.py:4180} INFO - Setting next_dagrun for example_conf_dag to None, run_after=None
[2025-11-29T11:33:42.041+0000] {processor.py:208} INFO - Processing /opt/airflow/dags/dag_conf_check.py took 0.153 seconds
[2025-11-29T11:34:12.307+0000] {processor.py:186} INFO - Started process (PID=2146) to work on /opt/airflow/dags/dag_conf_check.py
[2025-11-29T11:34:12.308+0000] {processor.py:914} INFO - Processing file /opt/airflow/dags/dag_conf_check.py for tasks to queue
[2025-11-29T11:34:12.310+0000] {logging_mixin.py:190} INFO - [2025-11-29T11:34:12.310+0000] {dagbag.py:588} INFO - Filling up the DagBag from /opt/airflow/dags/dag_conf_check.py
[2025-11-29T11:34:12.342+0000] {processor.py:925} INFO - DAG(s) 'example_conf_dag' retrieved from /opt/airflow/dags/dag_conf_check.py
[2025-11-29T11:34:12.368+0000] {logging_mixin.py:190} INFO - [2025-11-29T11:34:12.368+0000] {dag.py:3239} INFO - Sync 1 DAGs
[2025-11-29T11:34:12.385+0000] {logging_mixin.py:190} INFO - [2025-11-29T11:34:12.385+0000] {dag.py:4180} INFO - Setting next_dagrun for example_conf_dag to None, run_after=None
[2025-11-29T11:34:12.409+0000] {processor.py:208} INFO - Processing /opt/airflow/dags/dag_conf_check.py took 0.111 seconds
[2025-11-29T11:34:42.905+0000] {processor.py:186} INFO - Started process (PID=2214) to work on /opt/airflow/dags/dag_conf_check.py
[2025-11-29T11:34:42.908+0000] {processor.py:914} INFO - Processing file /opt/airflow/dags/dag_conf_check.py for tasks to queue
[2025-11-29T11:34:42.909+0000] {logging_mixin.py:190} INFO - [2025-11-29T11:34:42.909+0000] {dagbag.py:588} INFO - Filling up the DagBag from /opt/airflow/dags/dag_conf_check.py
[2025-11-29T11:34:42.943+0000] {processor.py:925} INFO - DAG(s) 'example_conf_dag' retrieved from /opt/airflow/dags/dag_conf_check.py
[2025-11-29T11:34:42.971+0000] {logging_mixin.py:190} INFO - [2025-11-29T11:34:42.971+0000] {dag.py:3239} INFO - Sync 1 DAGs
[2025-11-29T11:34:42.990+0000] {logging_mixin.py:190} INFO - [2025-11-29T11:34:42.990+0000] {dag.py:4180} INFO - Setting next_dagrun for example_conf_dag to None, run_after=None
[2025-11-29T11:34:43.028+0000] {processor.py:208} INFO - Processing /opt/airflow/dags/dag_conf_check.py took 0.132 seconds
[2025-11-29T11:35:13.687+0000] {processor.py:186} INFO - Started process (PID=2282) to work on /opt/airflow/dags/dag_conf_check.py
[2025-11-29T11:35:13.689+0000] {processor.py:914} INFO - Processing file /opt/airflow/dags/dag_conf_check.py for tasks to queue
[2025-11-29T11:35:13.691+0000] {logging_mixin.py:190} INFO - [2025-11-29T11:35:13.690+0000] {dagbag.py:588} INFO - Filling up the DagBag from /opt/airflow/dags/dag_conf_check.py
[2025-11-29T11:35:13.716+0000] {processor.py:925} INFO - DAG(s) 'example_conf_dag' retrieved from /opt/airflow/dags/dag_conf_check.py
[2025-11-29T11:35:13.742+0000] {logging_mixin.py:190} INFO - [2025-11-29T11:35:13.741+0000] {dag.py:3239} INFO - Sync 1 DAGs
[2025-11-29T11:35:13.758+0000] {logging_mixin.py:190} INFO - [2025-11-29T11:35:13.758+0000] {dag.py:4180} INFO - Setting next_dagrun for example_conf_dag to None, run_after=None
[2025-11-29T11:35:13.781+0000] {processor.py:208} INFO - Processing /opt/airflow/dags/dag_conf_check.py took 0.101 seconds
[2025-11-29T11:35:43.972+0000] {processor.py:186} INFO - Started process (PID=2351) to work on /opt/airflow/dags/dag_conf_check.py
[2025-11-29T11:35:43.973+0000] {processor.py:914} INFO - Processing file /opt/airflow/dags/dag_conf_check.py for tasks to queue
[2025-11-29T11:35:43.975+0000] {logging_mixin.py:190} INFO - [2025-11-29T11:35:43.975+0000] {dagbag.py:588} INFO - Filling up the DagBag from /opt/airflow/dags/dag_conf_check.py
[2025-11-29T11:35:44.001+0000] {processor.py:925} INFO - DAG(s) 'example_conf_dag' retrieved from /opt/airflow/dags/dag_conf_check.py
[2025-11-29T11:35:44.027+0000] {logging_mixin.py:190} INFO - [2025-11-29T11:35:44.027+0000] {dag.py:3239} INFO - Sync 1 DAGs
[2025-11-29T11:35:44.046+0000] {logging_mixin.py:190} INFO - [2025-11-29T11:35:44.046+0000] {dag.py:4180} INFO - Setting next_dagrun for example_conf_dag to None, run_after=None
[2025-11-29T11:35:44.072+0000] {processor.py:208} INFO - Processing /opt/airflow/dags/dag_conf_check.py took 0.108 seconds
[2025-11-29T11:36:14.800+0000] {processor.py:186} INFO - Started process (PID=2421) to work on /opt/airflow/dags/dag_conf_check.py
[2025-11-29T11:36:14.802+0000] {processor.py:914} INFO - Processing file /opt/airflow/dags/dag_conf_check.py for tasks to queue
[2025-11-29T11:36:14.804+0000] {logging_mixin.py:190} INFO - [2025-11-29T11:36:14.804+0000] {dagbag.py:588} INFO - Filling up the DagBag from /opt/airflow/dags/dag_conf_check.py
[2025-11-29T11:36:14.830+0000] {processor.py:925} INFO - DAG(s) 'example_conf_dag' retrieved from /opt/airflow/dags/dag_conf_check.py
[2025-11-29T11:36:14.856+0000] {logging_mixin.py:190} INFO - [2025-11-29T11:36:14.856+0000] {dag.py:3239} INFO - Sync 1 DAGs
[2025-11-29T11:36:14.875+0000] {logging_mixin.py:190} INFO - [2025-11-29T11:36:14.875+0000] {dag.py:4180} INFO - Setting next_dagrun for example_conf_dag to None, run_after=None
[2025-11-29T11:36:14.899+0000] {processor.py:208} INFO - Processing /opt/airflow/dags/dag_conf_check.py took 0.106 seconds
[2025-11-29T11:36:45.466+0000] {processor.py:186} INFO - Started process (PID=2489) to work on /opt/airflow/dags/dag_conf_check.py
[2025-11-29T11:36:45.468+0000] {processor.py:914} INFO - Processing file /opt/airflow/dags/dag_conf_check.py for tasks to queue
[2025-11-29T11:36:45.469+0000] {logging_mixin.py:190} INFO - [2025-11-29T11:36:45.469+0000] {dagbag.py:588} INFO - Filling up the DagBag from /opt/airflow/dags/dag_conf_check.py
[2025-11-29T11:36:45.495+0000] {processor.py:925} INFO - DAG(s) 'example_conf_dag' retrieved from /opt/airflow/dags/dag_conf_check.py
[2025-11-29T11:36:45.521+0000] {logging_mixin.py:190} INFO - [2025-11-29T11:36:45.521+0000] {dag.py:3239} INFO - Sync 1 DAGs
[2025-11-29T11:36:45.539+0000] {logging_mixin.py:190} INFO - [2025-11-29T11:36:45.539+0000] {dag.py:4180} INFO - Setting next_dagrun for example_conf_dag to None, run_after=None
[2025-11-29T11:36:45.658+0000] {processor.py:208} INFO - Processing /opt/airflow/dags/dag_conf_check.py took 0.200 seconds
[2025-11-29T11:37:16.360+0000] {processor.py:186} INFO - Started process (PID=2557) to work on /opt/airflow/dags/dag_conf_check.py
[2025-11-29T11:37:16.361+0000] {processor.py:914} INFO - Processing file /opt/airflow/dags/dag_conf_check.py for tasks to queue
[2025-11-29T11:37:16.363+0000] {logging_mixin.py:190} INFO - [2025-11-29T11:37:16.363+0000] {dagbag.py:588} INFO - Filling up the DagBag from /opt/airflow/dags/dag_conf_check.py
[2025-11-29T11:37:16.388+0000] {processor.py:925} INFO - DAG(s) 'example_conf_dag' retrieved from /opt/airflow/dags/dag_conf_check.py
[2025-11-29T11:37:16.413+0000] {logging_mixin.py:190} INFO - [2025-11-29T11:37:16.413+0000] {dag.py:3239} INFO - Sync 1 DAGs
[2025-11-29T11:37:16.432+0000] {logging_mixin.py:190} INFO - [2025-11-29T11:37:16.432+0000] {dag.py:4180} INFO - Setting next_dagrun for example_conf_dag to None, run_after=None
[2025-11-29T11:37:16.456+0000] {processor.py:208} INFO - Processing /opt/airflow/dags/dag_conf_check.py took 0.104 seconds
