[2025-11-29T11:18:58.551+0000] {processor.py:186} INFO - Started process (PID=106) to work on /home/airflow/.local/lib/python3.12/site-packages/airflow/example_dags/example_branch_labels.py
[2025-11-29T11:18:58.553+0000] {processor.py:914} INFO - Processing file /home/airflow/.local/lib/python3.12/site-packages/airflow/example_dags/example_branch_labels.py for tasks to queue
[2025-11-29T11:18:58.557+0000] {logging_mixin.py:190} INFO - [2025-11-29T11:18:58.556+0000] {dagbag.py:588} INFO - Filling up the DagBag from /home/airflow/.local/lib/python3.12/site-packages/airflow/example_dags/example_branch_labels.py
[2025-11-29T11:18:58.571+0000] {processor.py:925} INFO - DAG(s) 'example_branch_labels' retrieved from /home/airflow/.local/lib/python3.12/site-packages/airflow/example_dags/example_branch_labels.py
[2025-11-29T11:18:58.700+0000] {logging_mixin.py:190} INFO - [2025-11-29T11:18:58.699+0000] {override.py:1911} INFO - Created Permission View: can delete on DAG:example_branch_labels
[2025-11-29T11:18:58.714+0000] {logging_mixin.py:190} INFO - [2025-11-29T11:18:58.714+0000] {override.py:1911} INFO - Created Permission View: can read on DAG:example_branch_labels
[2025-11-29T11:18:58.723+0000] {logging_mixin.py:190} INFO - [2025-11-29T11:18:58.723+0000] {override.py:1911} INFO - Created Permission View: can edit on DAG:example_branch_labels
[2025-11-29T11:18:58.733+0000] {logging_mixin.py:190} INFO - [2025-11-29T11:18:58.733+0000] {override.py:1911} INFO - Created Permission View: menu access on DAG Run:example_branch_labels
[2025-11-29T11:18:58.742+0000] {logging_mixin.py:190} INFO - [2025-11-29T11:18:58.742+0000] {override.py:1911} INFO - Created Permission View: can delete on DAG Run:example_branch_labels
[2025-11-29T11:18:58.751+0000] {logging_mixin.py:190} INFO - [2025-11-29T11:18:58.751+0000] {override.py:1911} INFO - Created Permission View: can read on DAG Run:example_branch_labels
[2025-11-29T11:18:58.760+0000] {logging_mixin.py:190} INFO - [2025-11-29T11:18:58.760+0000] {override.py:1911} INFO - Created Permission View: can create on DAG Run:example_branch_labels
[2025-11-29T11:18:58.761+0000] {logging_mixin.py:190} INFO - [2025-11-29T11:18:58.761+0000] {dag.py:3239} INFO - Sync 1 DAGs
[2025-11-29T11:18:58.777+0000] {logging_mixin.py:190} INFO - [2025-11-29T11:18:58.777+0000] {dag.py:3262} INFO - Creating ORM DAG for example_branch_labels
[2025-11-29T11:18:58.790+0000] {logging_mixin.py:190} INFO - [2025-11-29T11:18:58.789+0000] {dag.py:4180} INFO - Setting next_dagrun for example_branch_labels to 2025-11-28 00:00:00+00:00, run_after=2025-11-29 00:00:00+00:00
[2025-11-29T11:18:58.808+0000] {processor.py:208} INFO - Processing /home/airflow/.local/lib/python3.12/site-packages/airflow/example_dags/example_branch_labels.py took 0.265 seconds
[2025-11-29T11:19:29.385+0000] {processor.py:186} INFO - Started process (PID=174) to work on /home/airflow/.local/lib/python3.12/site-packages/airflow/example_dags/example_branch_labels.py
[2025-11-29T11:19:29.387+0000] {processor.py:914} INFO - Processing file /home/airflow/.local/lib/python3.12/site-packages/airflow/example_dags/example_branch_labels.py for tasks to queue
[2025-11-29T11:19:29.393+0000] {logging_mixin.py:190} INFO - [2025-11-29T11:19:29.392+0000] {dagbag.py:588} INFO - Filling up the DagBag from /home/airflow/.local/lib/python3.12/site-packages/airflow/example_dags/example_branch_labels.py
[2025-11-29T11:19:29.419+0000] {processor.py:925} INFO - DAG(s) 'example_branch_labels' retrieved from /home/airflow/.local/lib/python3.12/site-packages/airflow/example_dags/example_branch_labels.py
[2025-11-29T11:19:29.454+0000] {logging_mixin.py:190} INFO - [2025-11-29T11:19:29.454+0000] {dag.py:3239} INFO - Sync 1 DAGs
[2025-11-29T11:19:29.488+0000] {logging_mixin.py:190} INFO - [2025-11-29T11:19:29.487+0000] {dag.py:4180} INFO - Setting next_dagrun for example_branch_labels to 2025-11-28 00:00:00+00:00, run_after=2025-11-29 00:00:00+00:00
[2025-11-29T11:19:29.511+0000] {processor.py:208} INFO - Processing /home/airflow/.local/lib/python3.12/site-packages/airflow/example_dags/example_branch_labels.py took 0.146 seconds
[2025-11-29T11:20:00.400+0000] {processor.py:186} INFO - Started process (PID=242) to work on /home/airflow/.local/lib/python3.12/site-packages/airflow/example_dags/example_branch_labels.py
[2025-11-29T11:20:00.401+0000] {processor.py:914} INFO - Processing file /home/airflow/.local/lib/python3.12/site-packages/airflow/example_dags/example_branch_labels.py for tasks to queue
[2025-11-29T11:20:00.404+0000] {logging_mixin.py:190} INFO - [2025-11-29T11:20:00.404+0000] {dagbag.py:588} INFO - Filling up the DagBag from /home/airflow/.local/lib/python3.12/site-packages/airflow/example_dags/example_branch_labels.py
[2025-11-29T11:20:00.417+0000] {processor.py:925} INFO - DAG(s) 'example_branch_labels' retrieved from /home/airflow/.local/lib/python3.12/site-packages/airflow/example_dags/example_branch_labels.py
[2025-11-29T11:20:00.447+0000] {logging_mixin.py:190} INFO - [2025-11-29T11:20:00.447+0000] {dag.py:3239} INFO - Sync 1 DAGs
[2025-11-29T11:20:00.475+0000] {logging_mixin.py:190} INFO - [2025-11-29T11:20:00.475+0000] {dag.py:4180} INFO - Setting next_dagrun for example_branch_labels to 2025-11-28 00:00:00+00:00, run_after=2025-11-29 00:00:00+00:00
[2025-11-29T11:20:00.498+0000] {processor.py:208} INFO - Processing /home/airflow/.local/lib/python3.12/site-packages/airflow/example_dags/example_branch_labels.py took 0.105 seconds
[2025-11-29T11:20:31.249+0000] {processor.py:186} INFO - Started process (PID=311) to work on /home/airflow/.local/lib/python3.12/site-packages/airflow/example_dags/example_branch_labels.py
[2025-11-29T11:20:31.251+0000] {processor.py:914} INFO - Processing file /home/airflow/.local/lib/python3.12/site-packages/airflow/example_dags/example_branch_labels.py for tasks to queue
[2025-11-29T11:20:31.255+0000] {logging_mixin.py:190} INFO - [2025-11-29T11:20:31.254+0000] {dagbag.py:588} INFO - Filling up the DagBag from /home/airflow/.local/lib/python3.12/site-packages/airflow/example_dags/example_branch_labels.py
[2025-11-29T11:20:31.268+0000] {processor.py:925} INFO - DAG(s) 'example_branch_labels' retrieved from /home/airflow/.local/lib/python3.12/site-packages/airflow/example_dags/example_branch_labels.py
[2025-11-29T11:20:31.297+0000] {logging_mixin.py:190} INFO - [2025-11-29T11:20:31.297+0000] {dag.py:3239} INFO - Sync 1 DAGs
[2025-11-29T11:20:31.325+0000] {logging_mixin.py:190} INFO - [2025-11-29T11:20:31.324+0000] {dag.py:4180} INFO - Setting next_dagrun for example_branch_labels to 2025-11-28 00:00:00+00:00, run_after=2025-11-29 00:00:00+00:00
[2025-11-29T11:20:31.348+0000] {processor.py:208} INFO - Processing /home/airflow/.local/lib/python3.12/site-packages/airflow/example_dags/example_branch_labels.py took 0.107 seconds
[2025-11-29T11:21:01.738+0000] {processor.py:186} INFO - Started process (PID=380) to work on /home/airflow/.local/lib/python3.12/site-packages/airflow/example_dags/example_branch_labels.py
[2025-11-29T11:21:01.740+0000] {processor.py:914} INFO - Processing file /home/airflow/.local/lib/python3.12/site-packages/airflow/example_dags/example_branch_labels.py for tasks to queue
[2025-11-29T11:21:01.744+0000] {logging_mixin.py:190} INFO - [2025-11-29T11:21:01.744+0000] {dagbag.py:588} INFO - Filling up the DagBag from /home/airflow/.local/lib/python3.12/site-packages/airflow/example_dags/example_branch_labels.py
[2025-11-29T11:21:01.759+0000] {processor.py:925} INFO - DAG(s) 'example_branch_labels' retrieved from /home/airflow/.local/lib/python3.12/site-packages/airflow/example_dags/example_branch_labels.py
[2025-11-29T11:21:01.794+0000] {logging_mixin.py:190} INFO - [2025-11-29T11:21:01.793+0000] {dag.py:3239} INFO - Sync 1 DAGs
[2025-11-29T11:21:01.827+0000] {logging_mixin.py:190} INFO - [2025-11-29T11:21:01.826+0000] {dag.py:4180} INFO - Setting next_dagrun for example_branch_labels to 2025-11-28 00:00:00+00:00, run_after=2025-11-29 00:00:00+00:00
[2025-11-29T11:21:01.853+0000] {processor.py:208} INFO - Processing /home/airflow/.local/lib/python3.12/site-packages/airflow/example_dags/example_branch_labels.py took 0.122 seconds
[2025-11-29T11:21:32.037+0000] {processor.py:186} INFO - Started process (PID=448) to work on /home/airflow/.local/lib/python3.12/site-packages/airflow/example_dags/example_branch_labels.py
[2025-11-29T11:21:32.039+0000] {processor.py:914} INFO - Processing file /home/airflow/.local/lib/python3.12/site-packages/airflow/example_dags/example_branch_labels.py for tasks to queue
[2025-11-29T11:21:32.043+0000] {logging_mixin.py:190} INFO - [2025-11-29T11:21:32.042+0000] {dagbag.py:588} INFO - Filling up the DagBag from /home/airflow/.local/lib/python3.12/site-packages/airflow/example_dags/example_branch_labels.py
[2025-11-29T11:21:32.055+0000] {processor.py:925} INFO - DAG(s) 'example_branch_labels' retrieved from /home/airflow/.local/lib/python3.12/site-packages/airflow/example_dags/example_branch_labels.py
[2025-11-29T11:21:32.085+0000] {logging_mixin.py:190} INFO - [2025-11-29T11:21:32.084+0000] {dag.py:3239} INFO - Sync 1 DAGs
[2025-11-29T11:21:32.112+0000] {logging_mixin.py:190} INFO - [2025-11-29T11:21:32.111+0000] {dag.py:4180} INFO - Setting next_dagrun for example_branch_labels to 2025-11-28 00:00:00+00:00, run_after=2025-11-29 00:00:00+00:00
[2025-11-29T11:21:32.135+0000] {processor.py:208} INFO - Processing /home/airflow/.local/lib/python3.12/site-packages/airflow/example_dags/example_branch_labels.py took 0.105 seconds
[2025-11-29T11:22:02.298+0000] {processor.py:186} INFO - Started process (PID=517) to work on /home/airflow/.local/lib/python3.12/site-packages/airflow/example_dags/example_branch_labels.py
[2025-11-29T11:22:02.300+0000] {processor.py:914} INFO - Processing file /home/airflow/.local/lib/python3.12/site-packages/airflow/example_dags/example_branch_labels.py for tasks to queue
[2025-11-29T11:22:02.305+0000] {logging_mixin.py:190} INFO - [2025-11-29T11:22:02.304+0000] {dagbag.py:588} INFO - Filling up the DagBag from /home/airflow/.local/lib/python3.12/site-packages/airflow/example_dags/example_branch_labels.py
[2025-11-29T11:22:02.318+0000] {processor.py:925} INFO - DAG(s) 'example_branch_labels' retrieved from /home/airflow/.local/lib/python3.12/site-packages/airflow/example_dags/example_branch_labels.py
[2025-11-29T11:22:02.346+0000] {logging_mixin.py:190} INFO - [2025-11-29T11:22:02.345+0000] {dag.py:3239} INFO - Sync 1 DAGs
[2025-11-29T11:22:02.381+0000] {logging_mixin.py:190} INFO - [2025-11-29T11:22:02.381+0000] {dag.py:4180} INFO - Setting next_dagrun for example_branch_labels to 2025-11-28 00:00:00+00:00, run_after=2025-11-29 00:00:00+00:00
[2025-11-29T11:22:02.403+0000] {processor.py:208} INFO - Processing /home/airflow/.local/lib/python3.12/site-packages/airflow/example_dags/example_branch_labels.py took 0.114 seconds
[2025-11-29T11:22:32.649+0000] {processor.py:186} INFO - Started process (PID=586) to work on /home/airflow/.local/lib/python3.12/site-packages/airflow/example_dags/example_branch_labels.py
[2025-11-29T11:22:32.650+0000] {processor.py:914} INFO - Processing file /home/airflow/.local/lib/python3.12/site-packages/airflow/example_dags/example_branch_labels.py for tasks to queue
[2025-11-29T11:22:32.654+0000] {logging_mixin.py:190} INFO - [2025-11-29T11:22:32.654+0000] {dagbag.py:588} INFO - Filling up the DagBag from /home/airflow/.local/lib/python3.12/site-packages/airflow/example_dags/example_branch_labels.py
[2025-11-29T11:22:32.669+0000] {processor.py:925} INFO - DAG(s) 'example_branch_labels' retrieved from /home/airflow/.local/lib/python3.12/site-packages/airflow/example_dags/example_branch_labels.py
[2025-11-29T11:22:32.699+0000] {logging_mixin.py:190} INFO - [2025-11-29T11:22:32.698+0000] {dag.py:3239} INFO - Sync 1 DAGs
[2025-11-29T11:22:32.725+0000] {logging_mixin.py:190} INFO - [2025-11-29T11:22:32.725+0000] {dag.py:4180} INFO - Setting next_dagrun for example_branch_labels to 2025-11-28 00:00:00+00:00, run_after=2025-11-29 00:00:00+00:00
[2025-11-29T11:22:32.747+0000] {processor.py:208} INFO - Processing /home/airflow/.local/lib/python3.12/site-packages/airflow/example_dags/example_branch_labels.py took 0.107 seconds
[2025-11-29T11:23:03.286+0000] {processor.py:186} INFO - Started process (PID=654) to work on /home/airflow/.local/lib/python3.12/site-packages/airflow/example_dags/example_branch_labels.py
[2025-11-29T11:23:03.287+0000] {processor.py:914} INFO - Processing file /home/airflow/.local/lib/python3.12/site-packages/airflow/example_dags/example_branch_labels.py for tasks to queue
[2025-11-29T11:23:03.291+0000] {logging_mixin.py:190} INFO - [2025-11-29T11:23:03.291+0000] {dagbag.py:588} INFO - Filling up the DagBag from /home/airflow/.local/lib/python3.12/site-packages/airflow/example_dags/example_branch_labels.py
[2025-11-29T11:23:03.304+0000] {processor.py:925} INFO - DAG(s) 'example_branch_labels' retrieved from /home/airflow/.local/lib/python3.12/site-packages/airflow/example_dags/example_branch_labels.py
[2025-11-29T11:23:03.336+0000] {logging_mixin.py:190} INFO - [2025-11-29T11:23:03.336+0000] {dag.py:3239} INFO - Sync 1 DAGs
[2025-11-29T11:23:03.366+0000] {logging_mixin.py:190} INFO - [2025-11-29T11:23:03.365+0000] {dag.py:4180} INFO - Setting next_dagrun for example_branch_labels to 2025-11-28 00:00:00+00:00, run_after=2025-11-29 00:00:00+00:00
[2025-11-29T11:23:03.392+0000] {processor.py:208} INFO - Processing /home/airflow/.local/lib/python3.12/site-packages/airflow/example_dags/example_branch_labels.py took 0.114 seconds
[2025-11-29T11:23:34.067+0000] {processor.py:186} INFO - Started process (PID=722) to work on /home/airflow/.local/lib/python3.12/site-packages/airflow/example_dags/example_branch_labels.py
[2025-11-29T11:23:34.068+0000] {processor.py:914} INFO - Processing file /home/airflow/.local/lib/python3.12/site-packages/airflow/example_dags/example_branch_labels.py for tasks to queue
[2025-11-29T11:23:34.073+0000] {logging_mixin.py:190} INFO - [2025-11-29T11:23:34.072+0000] {dagbag.py:588} INFO - Filling up the DagBag from /home/airflow/.local/lib/python3.12/site-packages/airflow/example_dags/example_branch_labels.py
[2025-11-29T11:23:34.087+0000] {processor.py:925} INFO - DAG(s) 'example_branch_labels' retrieved from /home/airflow/.local/lib/python3.12/site-packages/airflow/example_dags/example_branch_labels.py
[2025-11-29T11:23:34.118+0000] {logging_mixin.py:190} INFO - [2025-11-29T11:23:34.118+0000] {dag.py:3239} INFO - Sync 1 DAGs
[2025-11-29T11:23:34.144+0000] {logging_mixin.py:190} INFO - [2025-11-29T11:23:34.144+0000] {dag.py:4180} INFO - Setting next_dagrun for example_branch_labels to 2025-11-28 00:00:00+00:00, run_after=2025-11-29 00:00:00+00:00
[2025-11-29T11:23:34.170+0000] {processor.py:208} INFO - Processing /home/airflow/.local/lib/python3.12/site-packages/airflow/example_dags/example_branch_labels.py took 0.111 seconds
[2025-11-29T11:24:04.813+0000] {processor.py:186} INFO - Started process (PID=791) to work on /home/airflow/.local/lib/python3.12/site-packages/airflow/example_dags/example_branch_labels.py
[2025-11-29T11:24:04.814+0000] {processor.py:914} INFO - Processing file /home/airflow/.local/lib/python3.12/site-packages/airflow/example_dags/example_branch_labels.py for tasks to queue
[2025-11-29T11:24:04.816+0000] {logging_mixin.py:190} INFO - [2025-11-29T11:24:04.815+0000] {dagbag.py:588} INFO - Filling up the DagBag from /home/airflow/.local/lib/python3.12/site-packages/airflow/example_dags/example_branch_labels.py
[2025-11-29T11:24:04.830+0000] {processor.py:925} INFO - DAG(s) 'example_branch_labels' retrieved from /home/airflow/.local/lib/python3.12/site-packages/airflow/example_dags/example_branch_labels.py
[2025-11-29T11:24:04.866+0000] {logging_mixin.py:190} INFO - [2025-11-29T11:24:04.866+0000] {dag.py:3239} INFO - Sync 1 DAGs
[2025-11-29T11:24:04.909+0000] {logging_mixin.py:190} INFO - [2025-11-29T11:24:04.909+0000] {dag.py:4180} INFO - Setting next_dagrun for example_branch_labels to 2025-11-28 00:00:00+00:00, run_after=2025-11-29 00:00:00+00:00
[2025-11-29T11:24:04.933+0000] {processor.py:208} INFO - Processing /home/airflow/.local/lib/python3.12/site-packages/airflow/example_dags/example_branch_labels.py took 0.129 seconds
[2025-11-29T11:24:35.352+0000] {processor.py:186} INFO - Started process (PID=859) to work on /home/airflow/.local/lib/python3.12/site-packages/airflow/example_dags/example_branch_labels.py
[2025-11-29T11:24:35.354+0000] {processor.py:914} INFO - Processing file /home/airflow/.local/lib/python3.12/site-packages/airflow/example_dags/example_branch_labels.py for tasks to queue
[2025-11-29T11:24:35.356+0000] {logging_mixin.py:190} INFO - [2025-11-29T11:24:35.355+0000] {dagbag.py:588} INFO - Filling up the DagBag from /home/airflow/.local/lib/python3.12/site-packages/airflow/example_dags/example_branch_labels.py
[2025-11-29T11:24:35.368+0000] {processor.py:925} INFO - DAG(s) 'example_branch_labels' retrieved from /home/airflow/.local/lib/python3.12/site-packages/airflow/example_dags/example_branch_labels.py
[2025-11-29T11:24:35.398+0000] {logging_mixin.py:190} INFO - [2025-11-29T11:24:35.398+0000] {dag.py:3239} INFO - Sync 1 DAGs
[2025-11-29T11:24:35.425+0000] {logging_mixin.py:190} INFO - [2025-11-29T11:24:35.425+0000] {dag.py:4180} INFO - Setting next_dagrun for example_branch_labels to 2025-11-28 00:00:00+00:00, run_after=2025-11-29 00:00:00+00:00
[2025-11-29T11:24:35.447+0000] {processor.py:208} INFO - Processing /home/airflow/.local/lib/python3.12/site-packages/airflow/example_dags/example_branch_labels.py took 0.102 seconds
[2025-11-29T11:25:05.648+0000] {processor.py:186} INFO - Started process (PID=927) to work on /home/airflow/.local/lib/python3.12/site-packages/airflow/example_dags/example_branch_labels.py
[2025-11-29T11:25:05.649+0000] {processor.py:914} INFO - Processing file /home/airflow/.local/lib/python3.12/site-packages/airflow/example_dags/example_branch_labels.py for tasks to queue
[2025-11-29T11:25:05.651+0000] {logging_mixin.py:190} INFO - [2025-11-29T11:25:05.650+0000] {dagbag.py:588} INFO - Filling up the DagBag from /home/airflow/.local/lib/python3.12/site-packages/airflow/example_dags/example_branch_labels.py
[2025-11-29T11:25:05.663+0000] {processor.py:925} INFO - DAG(s) 'example_branch_labels' retrieved from /home/airflow/.local/lib/python3.12/site-packages/airflow/example_dags/example_branch_labels.py
[2025-11-29T11:25:05.691+0000] {logging_mixin.py:190} INFO - [2025-11-29T11:25:05.691+0000] {dag.py:3239} INFO - Sync 1 DAGs
[2025-11-29T11:25:05.719+0000] {logging_mixin.py:190} INFO - [2025-11-29T11:25:05.719+0000] {dag.py:4180} INFO - Setting next_dagrun for example_branch_labels to 2025-11-28 00:00:00+00:00, run_after=2025-11-29 00:00:00+00:00
[2025-11-29T11:25:05.743+0000] {processor.py:208} INFO - Processing /home/airflow/.local/lib/python3.12/site-packages/airflow/example_dags/example_branch_labels.py took 0.102 seconds
[2025-11-29T11:25:36.148+0000] {processor.py:186} INFO - Started process (PID=995) to work on /home/airflow/.local/lib/python3.12/site-packages/airflow/example_dags/example_branch_labels.py
[2025-11-29T11:25:36.149+0000] {processor.py:914} INFO - Processing file /home/airflow/.local/lib/python3.12/site-packages/airflow/example_dags/example_branch_labels.py for tasks to queue
[2025-11-29T11:25:36.151+0000] {logging_mixin.py:190} INFO - [2025-11-29T11:25:36.150+0000] {dagbag.py:588} INFO - Filling up the DagBag from /home/airflow/.local/lib/python3.12/site-packages/airflow/example_dags/example_branch_labels.py
[2025-11-29T11:25:36.163+0000] {processor.py:925} INFO - DAG(s) 'example_branch_labels' retrieved from /home/airflow/.local/lib/python3.12/site-packages/airflow/example_dags/example_branch_labels.py
[2025-11-29T11:25:36.191+0000] {logging_mixin.py:190} INFO - [2025-11-29T11:25:36.191+0000] {dag.py:3239} INFO - Sync 1 DAGs
[2025-11-29T11:25:36.219+0000] {logging_mixin.py:190} INFO - [2025-11-29T11:25:36.218+0000] {dag.py:4180} INFO - Setting next_dagrun for example_branch_labels to 2025-11-28 00:00:00+00:00, run_after=2025-11-29 00:00:00+00:00
[2025-11-29T11:25:36.238+0000] {processor.py:208} INFO - Processing /home/airflow/.local/lib/python3.12/site-packages/airflow/example_dags/example_branch_labels.py took 0.098 seconds
[2025-11-29T11:26:06.676+0000] {processor.py:186} INFO - Started process (PID=1064) to work on /home/airflow/.local/lib/python3.12/site-packages/airflow/example_dags/example_branch_labels.py
[2025-11-29T11:26:06.678+0000] {processor.py:914} INFO - Processing file /home/airflow/.local/lib/python3.12/site-packages/airflow/example_dags/example_branch_labels.py for tasks to queue
[2025-11-29T11:26:06.680+0000] {logging_mixin.py:190} INFO - [2025-11-29T11:26:06.680+0000] {dagbag.py:588} INFO - Filling up the DagBag from /home/airflow/.local/lib/python3.12/site-packages/airflow/example_dags/example_branch_labels.py
[2025-11-29T11:26:06.694+0000] {processor.py:925} INFO - DAG(s) 'example_branch_labels' retrieved from /home/airflow/.local/lib/python3.12/site-packages/airflow/example_dags/example_branch_labels.py
[2025-11-29T11:26:06.724+0000] {logging_mixin.py:190} INFO - [2025-11-29T11:26:06.724+0000] {dag.py:3239} INFO - Sync 1 DAGs
[2025-11-29T11:26:06.754+0000] {logging_mixin.py:190} INFO - [2025-11-29T11:26:06.753+0000] {dag.py:4180} INFO - Setting next_dagrun for example_branch_labels to 2025-11-28 00:00:00+00:00, run_after=2025-11-29 00:00:00+00:00
[2025-11-29T11:26:06.778+0000] {processor.py:208} INFO - Processing /home/airflow/.local/lib/python3.12/site-packages/airflow/example_dags/example_branch_labels.py took 0.111 seconds
[2025-11-29T11:26:36.984+0000] {processor.py:186} INFO - Started process (PID=1132) to work on /home/airflow/.local/lib/python3.12/site-packages/airflow/example_dags/example_branch_labels.py
[2025-11-29T11:26:36.985+0000] {processor.py:914} INFO - Processing file /home/airflow/.local/lib/python3.12/site-packages/airflow/example_dags/example_branch_labels.py for tasks to queue
[2025-11-29T11:26:36.987+0000] {logging_mixin.py:190} INFO - [2025-11-29T11:26:36.986+0000] {dagbag.py:588} INFO - Filling up the DagBag from /home/airflow/.local/lib/python3.12/site-packages/airflow/example_dags/example_branch_labels.py
[2025-11-29T11:26:36.999+0000] {processor.py:925} INFO - DAG(s) 'example_branch_labels' retrieved from /home/airflow/.local/lib/python3.12/site-packages/airflow/example_dags/example_branch_labels.py
[2025-11-29T11:26:37.027+0000] {logging_mixin.py:190} INFO - [2025-11-29T11:26:37.027+0000] {dag.py:3239} INFO - Sync 1 DAGs
[2025-11-29T11:26:37.059+0000] {logging_mixin.py:190} INFO - [2025-11-29T11:26:37.058+0000] {dag.py:4180} INFO - Setting next_dagrun for example_branch_labels to 2025-11-28 00:00:00+00:00, run_after=2025-11-29 00:00:00+00:00
[2025-11-29T11:26:37.079+0000] {processor.py:208} INFO - Processing /home/airflow/.local/lib/python3.12/site-packages/airflow/example_dags/example_branch_labels.py took 0.103 seconds
[2025-11-29T11:27:07.402+0000] {processor.py:186} INFO - Started process (PID=1200) to work on /home/airflow/.local/lib/python3.12/site-packages/airflow/example_dags/example_branch_labels.py
[2025-11-29T11:27:07.403+0000] {processor.py:914} INFO - Processing file /home/airflow/.local/lib/python3.12/site-packages/airflow/example_dags/example_branch_labels.py for tasks to queue
[2025-11-29T11:27:07.405+0000] {logging_mixin.py:190} INFO - [2025-11-29T11:27:07.405+0000] {dagbag.py:588} INFO - Filling up the DagBag from /home/airflow/.local/lib/python3.12/site-packages/airflow/example_dags/example_branch_labels.py
[2025-11-29T11:27:07.418+0000] {processor.py:925} INFO - DAG(s) 'example_branch_labels' retrieved from /home/airflow/.local/lib/python3.12/site-packages/airflow/example_dags/example_branch_labels.py
[2025-11-29T11:27:07.453+0000] {logging_mixin.py:190} INFO - [2025-11-29T11:27:07.453+0000] {dag.py:3239} INFO - Sync 1 DAGs
[2025-11-29T11:27:07.479+0000] {logging_mixin.py:190} INFO - [2025-11-29T11:27:07.479+0000] {dag.py:4180} INFO - Setting next_dagrun for example_branch_labels to 2025-11-28 00:00:00+00:00, run_after=2025-11-29 00:00:00+00:00
[2025-11-29T11:27:07.508+0000] {processor.py:208} INFO - Processing /home/airflow/.local/lib/python3.12/site-packages/airflow/example_dags/example_branch_labels.py took 0.115 seconds
[2025-11-29T11:27:37.775+0000] {processor.py:186} INFO - Started process (PID=1268) to work on /home/airflow/.local/lib/python3.12/site-packages/airflow/example_dags/example_branch_labels.py
[2025-11-29T11:27:37.776+0000] {processor.py:914} INFO - Processing file /home/airflow/.local/lib/python3.12/site-packages/airflow/example_dags/example_branch_labels.py for tasks to queue
[2025-11-29T11:27:37.778+0000] {logging_mixin.py:190} INFO - [2025-11-29T11:27:37.777+0000] {dagbag.py:588} INFO - Filling up the DagBag from /home/airflow/.local/lib/python3.12/site-packages/airflow/example_dags/example_branch_labels.py
[2025-11-29T11:27:37.790+0000] {processor.py:925} INFO - DAG(s) 'example_branch_labels' retrieved from /home/airflow/.local/lib/python3.12/site-packages/airflow/example_dags/example_branch_labels.py
[2025-11-29T11:27:37.823+0000] {logging_mixin.py:190} INFO - [2025-11-29T11:27:37.823+0000] {dag.py:3239} INFO - Sync 1 DAGs
[2025-11-29T11:27:37.852+0000] {logging_mixin.py:190} INFO - [2025-11-29T11:27:37.852+0000] {dag.py:4180} INFO - Setting next_dagrun for example_branch_labels to 2025-11-28 00:00:00+00:00, run_after=2025-11-29 00:00:00+00:00
[2025-11-29T11:27:37.875+0000] {processor.py:208} INFO - Processing /home/airflow/.local/lib/python3.12/site-packages/airflow/example_dags/example_branch_labels.py took 0.107 seconds
[2025-11-29T11:28:08.164+0000] {processor.py:186} INFO - Started process (PID=1337) to work on /home/airflow/.local/lib/python3.12/site-packages/airflow/example_dags/example_branch_labels.py
[2025-11-29T11:28:08.165+0000] {processor.py:914} INFO - Processing file /home/airflow/.local/lib/python3.12/site-packages/airflow/example_dags/example_branch_labels.py for tasks to queue
[2025-11-29T11:28:08.168+0000] {logging_mixin.py:190} INFO - [2025-11-29T11:28:08.167+0000] {dagbag.py:588} INFO - Filling up the DagBag from /home/airflow/.local/lib/python3.12/site-packages/airflow/example_dags/example_branch_labels.py
[2025-11-29T11:28:08.184+0000] {processor.py:925} INFO - DAG(s) 'example_branch_labels' retrieved from /home/airflow/.local/lib/python3.12/site-packages/airflow/example_dags/example_branch_labels.py
[2025-11-29T11:28:08.217+0000] {logging_mixin.py:190} INFO - [2025-11-29T11:28:08.217+0000] {dag.py:3239} INFO - Sync 1 DAGs
[2025-11-29T11:28:08.252+0000] {logging_mixin.py:190} INFO - [2025-11-29T11:28:08.251+0000] {dag.py:4180} INFO - Setting next_dagrun for example_branch_labels to 2025-11-28 00:00:00+00:00, run_after=2025-11-29 00:00:00+00:00
[2025-11-29T11:28:08.281+0000] {processor.py:208} INFO - Processing /home/airflow/.local/lib/python3.12/site-packages/airflow/example_dags/example_branch_labels.py took 0.130 seconds
[2025-11-29T11:28:38.627+0000] {processor.py:186} INFO - Started process (PID=1405) to work on /home/airflow/.local/lib/python3.12/site-packages/airflow/example_dags/example_branch_labels.py
[2025-11-29T11:28:38.628+0000] {processor.py:914} INFO - Processing file /home/airflow/.local/lib/python3.12/site-packages/airflow/example_dags/example_branch_labels.py for tasks to queue
[2025-11-29T11:28:38.631+0000] {logging_mixin.py:190} INFO - [2025-11-29T11:28:38.630+0000] {dagbag.py:588} INFO - Filling up the DagBag from /home/airflow/.local/lib/python3.12/site-packages/airflow/example_dags/example_branch_labels.py
[2025-11-29T11:28:38.647+0000] {processor.py:925} INFO - DAG(s) 'example_branch_labels' retrieved from /home/airflow/.local/lib/python3.12/site-packages/airflow/example_dags/example_branch_labels.py
[2025-11-29T11:28:38.679+0000] {logging_mixin.py:190} INFO - [2025-11-29T11:28:38.679+0000] {dag.py:3239} INFO - Sync 1 DAGs
[2025-11-29T11:28:38.713+0000] {logging_mixin.py:190} INFO - [2025-11-29T11:28:38.712+0000] {dag.py:4180} INFO - Setting next_dagrun for example_branch_labels to 2025-11-28 00:00:00+00:00, run_after=2025-11-29 00:00:00+00:00
[2025-11-29T11:28:38.737+0000] {processor.py:208} INFO - Processing /home/airflow/.local/lib/python3.12/site-packages/airflow/example_dags/example_branch_labels.py took 0.121 seconds
[2025-11-29T11:29:09.482+0000] {processor.py:186} INFO - Started process (PID=1473) to work on /home/airflow/.local/lib/python3.12/site-packages/airflow/example_dags/example_branch_labels.py
[2025-11-29T11:29:09.483+0000] {processor.py:914} INFO - Processing file /home/airflow/.local/lib/python3.12/site-packages/airflow/example_dags/example_branch_labels.py for tasks to queue
[2025-11-29T11:29:09.485+0000] {logging_mixin.py:190} INFO - [2025-11-29T11:29:09.485+0000] {dagbag.py:588} INFO - Filling up the DagBag from /home/airflow/.local/lib/python3.12/site-packages/airflow/example_dags/example_branch_labels.py
[2025-11-29T11:29:09.497+0000] {processor.py:925} INFO - DAG(s) 'example_branch_labels' retrieved from /home/airflow/.local/lib/python3.12/site-packages/airflow/example_dags/example_branch_labels.py
[2025-11-29T11:29:09.527+0000] {logging_mixin.py:190} INFO - [2025-11-29T11:29:09.527+0000] {dag.py:3239} INFO - Sync 1 DAGs
[2025-11-29T11:29:09.559+0000] {logging_mixin.py:190} INFO - [2025-11-29T11:29:09.559+0000] {dag.py:4180} INFO - Setting next_dagrun for example_branch_labels to 2025-11-28 00:00:00+00:00, run_after=2025-11-29 00:00:00+00:00
[2025-11-29T11:29:09.583+0000] {processor.py:208} INFO - Processing /home/airflow/.local/lib/python3.12/site-packages/airflow/example_dags/example_branch_labels.py took 0.109 seconds
[2025-11-29T11:29:39.731+0000] {processor.py:186} INFO - Started process (PID=1543) to work on /home/airflow/.local/lib/python3.12/site-packages/airflow/example_dags/example_branch_labels.py
[2025-11-29T11:29:39.733+0000] {processor.py:914} INFO - Processing file /home/airflow/.local/lib/python3.12/site-packages/airflow/example_dags/example_branch_labels.py for tasks to queue
[2025-11-29T11:29:39.734+0000] {logging_mixin.py:190} INFO - [2025-11-29T11:29:39.734+0000] {dagbag.py:588} INFO - Filling up the DagBag from /home/airflow/.local/lib/python3.12/site-packages/airflow/example_dags/example_branch_labels.py
[2025-11-29T11:29:39.747+0000] {processor.py:925} INFO - DAG(s) 'example_branch_labels' retrieved from /home/airflow/.local/lib/python3.12/site-packages/airflow/example_dags/example_branch_labels.py
[2025-11-29T11:29:39.776+0000] {logging_mixin.py:190} INFO - [2025-11-29T11:29:39.776+0000] {dag.py:3239} INFO - Sync 1 DAGs
[2025-11-29T11:29:39.805+0000] {logging_mixin.py:190} INFO - [2025-11-29T11:29:39.805+0000] {dag.py:4180} INFO - Setting next_dagrun for example_branch_labels to 2025-11-28 00:00:00+00:00, run_after=2025-11-29 00:00:00+00:00
[2025-11-29T11:29:39.828+0000] {processor.py:208} INFO - Processing /home/airflow/.local/lib/python3.12/site-packages/airflow/example_dags/example_branch_labels.py took 0.106 seconds
[2025-11-29T11:30:10.376+0000] {processor.py:186} INFO - Started process (PID=1611) to work on /home/airflow/.local/lib/python3.12/site-packages/airflow/example_dags/example_branch_labels.py
[2025-11-29T11:30:10.378+0000] {processor.py:914} INFO - Processing file /home/airflow/.local/lib/python3.12/site-packages/airflow/example_dags/example_branch_labels.py for tasks to queue
[2025-11-29T11:30:10.380+0000] {logging_mixin.py:190} INFO - [2025-11-29T11:30:10.380+0000] {dagbag.py:588} INFO - Filling up the DagBag from /home/airflow/.local/lib/python3.12/site-packages/airflow/example_dags/example_branch_labels.py
[2025-11-29T11:30:10.392+0000] {processor.py:925} INFO - DAG(s) 'example_branch_labels' retrieved from /home/airflow/.local/lib/python3.12/site-packages/airflow/example_dags/example_branch_labels.py
[2025-11-29T11:30:10.424+0000] {logging_mixin.py:190} INFO - [2025-11-29T11:30:10.424+0000] {dag.py:3239} INFO - Sync 1 DAGs
[2025-11-29T11:30:10.454+0000] {logging_mixin.py:190} INFO - [2025-11-29T11:30:10.454+0000] {dag.py:4180} INFO - Setting next_dagrun for example_branch_labels to 2025-11-28 00:00:00+00:00, run_after=2025-11-29 00:00:00+00:00
[2025-11-29T11:30:10.480+0000] {processor.py:208} INFO - Processing /home/airflow/.local/lib/python3.12/site-packages/airflow/example_dags/example_branch_labels.py took 0.112 seconds
[2025-11-29T11:30:40.842+0000] {processor.py:186} INFO - Started process (PID=1680) to work on /home/airflow/.local/lib/python3.12/site-packages/airflow/example_dags/example_branch_labels.py
[2025-11-29T11:30:40.844+0000] {processor.py:914} INFO - Processing file /home/airflow/.local/lib/python3.12/site-packages/airflow/example_dags/example_branch_labels.py for tasks to queue
[2025-11-29T11:30:40.847+0000] {logging_mixin.py:190} INFO - [2025-11-29T11:30:40.846+0000] {dagbag.py:588} INFO - Filling up the DagBag from /home/airflow/.local/lib/python3.12/site-packages/airflow/example_dags/example_branch_labels.py
[2025-11-29T11:30:40.860+0000] {processor.py:925} INFO - DAG(s) 'example_branch_labels' retrieved from /home/airflow/.local/lib/python3.12/site-packages/airflow/example_dags/example_branch_labels.py
[2025-11-29T11:30:40.886+0000] {logging_mixin.py:190} INFO - [2025-11-29T11:30:40.886+0000] {dag.py:3239} INFO - Sync 1 DAGs
[2025-11-29T11:30:40.915+0000] {logging_mixin.py:190} INFO - [2025-11-29T11:30:40.915+0000] {dag.py:4180} INFO - Setting next_dagrun for example_branch_labels to 2025-11-28 00:00:00+00:00, run_after=2025-11-29 00:00:00+00:00
[2025-11-29T11:30:40.938+0000] {processor.py:208} INFO - Processing /home/airflow/.local/lib/python3.12/site-packages/airflow/example_dags/example_branch_labels.py took 0.108 seconds
[2025-11-29T11:31:11.195+0000] {processor.py:186} INFO - Started process (PID=1748) to work on /home/airflow/.local/lib/python3.12/site-packages/airflow/example_dags/example_branch_labels.py
[2025-11-29T11:31:11.196+0000] {processor.py:914} INFO - Processing file /home/airflow/.local/lib/python3.12/site-packages/airflow/example_dags/example_branch_labels.py for tasks to queue
[2025-11-29T11:31:11.198+0000] {logging_mixin.py:190} INFO - [2025-11-29T11:31:11.198+0000] {dagbag.py:588} INFO - Filling up the DagBag from /home/airflow/.local/lib/python3.12/site-packages/airflow/example_dags/example_branch_labels.py
[2025-11-29T11:31:11.214+0000] {processor.py:925} INFO - DAG(s) 'example_branch_labels' retrieved from /home/airflow/.local/lib/python3.12/site-packages/airflow/example_dags/example_branch_labels.py
[2025-11-29T11:31:11.245+0000] {logging_mixin.py:190} INFO - [2025-11-29T11:31:11.245+0000] {dag.py:3239} INFO - Sync 1 DAGs
[2025-11-29T11:31:11.277+0000] {logging_mixin.py:190} INFO - [2025-11-29T11:31:11.276+0000] {dag.py:4180} INFO - Setting next_dagrun for example_branch_labels to 2025-11-28 00:00:00+00:00, run_after=2025-11-29 00:00:00+00:00
[2025-11-29T11:31:11.301+0000] {processor.py:208} INFO - Processing /home/airflow/.local/lib/python3.12/site-packages/airflow/example_dags/example_branch_labels.py took 0.114 seconds
[2025-11-29T11:31:41.944+0000] {processor.py:186} INFO - Started process (PID=1816) to work on /home/airflow/.local/lib/python3.12/site-packages/airflow/example_dags/example_branch_labels.py
[2025-11-29T11:31:41.945+0000] {processor.py:914} INFO - Processing file /home/airflow/.local/lib/python3.12/site-packages/airflow/example_dags/example_branch_labels.py for tasks to queue
[2025-11-29T11:31:41.947+0000] {logging_mixin.py:190} INFO - [2025-11-29T11:31:41.947+0000] {dagbag.py:588} INFO - Filling up the DagBag from /home/airflow/.local/lib/python3.12/site-packages/airflow/example_dags/example_branch_labels.py
[2025-11-29T11:31:41.961+0000] {processor.py:925} INFO - DAG(s) 'example_branch_labels' retrieved from /home/airflow/.local/lib/python3.12/site-packages/airflow/example_dags/example_branch_labels.py
[2025-11-29T11:31:41.995+0000] {logging_mixin.py:190} INFO - [2025-11-29T11:31:41.995+0000] {dag.py:3239} INFO - Sync 1 DAGs
[2025-11-29T11:31:42.027+0000] {logging_mixin.py:190} INFO - [2025-11-29T11:31:42.026+0000] {dag.py:4180} INFO - Setting next_dagrun for example_branch_labels to 2025-11-28 00:00:00+00:00, run_after=2025-11-29 00:00:00+00:00
[2025-11-29T11:31:42.050+0000] {processor.py:208} INFO - Processing /home/airflow/.local/lib/python3.12/site-packages/airflow/example_dags/example_branch_labels.py took 0.115 seconds
[2025-11-29T11:32:12.318+0000] {processor.py:186} INFO - Started process (PID=1884) to work on /home/airflow/.local/lib/python3.12/site-packages/airflow/example_dags/example_branch_labels.py
[2025-11-29T11:32:12.320+0000] {processor.py:914} INFO - Processing file /home/airflow/.local/lib/python3.12/site-packages/airflow/example_dags/example_branch_labels.py for tasks to queue
[2025-11-29T11:32:12.322+0000] {logging_mixin.py:190} INFO - [2025-11-29T11:32:12.321+0000] {dagbag.py:588} INFO - Filling up the DagBag from /home/airflow/.local/lib/python3.12/site-packages/airflow/example_dags/example_branch_labels.py
[2025-11-29T11:32:12.339+0000] {processor.py:925} INFO - DAG(s) 'example_branch_labels' retrieved from /home/airflow/.local/lib/python3.12/site-packages/airflow/example_dags/example_branch_labels.py
[2025-11-29T11:32:12.369+0000] {logging_mixin.py:190} INFO - [2025-11-29T11:32:12.369+0000] {dag.py:3239} INFO - Sync 1 DAGs
[2025-11-29T11:32:12.397+0000] {logging_mixin.py:190} INFO - [2025-11-29T11:32:12.397+0000] {dag.py:4180} INFO - Setting next_dagrun for example_branch_labels to 2025-11-28 00:00:00+00:00, run_after=2025-11-29 00:00:00+00:00
[2025-11-29T11:32:12.420+0000] {processor.py:208} INFO - Processing /home/airflow/.local/lib/python3.12/site-packages/airflow/example_dags/example_branch_labels.py took 0.110 seconds
[2025-11-29T11:32:43.573+0000] {processor.py:186} INFO - Started process (PID=1953) to work on /home/airflow/.local/lib/python3.12/site-packages/airflow/example_dags/example_branch_labels.py
[2025-11-29T11:32:43.576+0000] {processor.py:914} INFO - Processing file /home/airflow/.local/lib/python3.12/site-packages/airflow/example_dags/example_branch_labels.py for tasks to queue
[2025-11-29T11:32:43.587+0000] {logging_mixin.py:190} INFO - [2025-11-29T11:32:43.580+0000] {dagbag.py:588} INFO - Filling up the DagBag from /home/airflow/.local/lib/python3.12/site-packages/airflow/example_dags/example_branch_labels.py
[2025-11-29T11:32:43.630+0000] {processor.py:925} INFO - DAG(s) 'example_branch_labels' retrieved from /home/airflow/.local/lib/python3.12/site-packages/airflow/example_dags/example_branch_labels.py
[2025-11-29T11:32:43.685+0000] {logging_mixin.py:190} INFO - [2025-11-29T11:32:43.685+0000] {dag.py:3239} INFO - Sync 1 DAGs
[2025-11-29T11:32:43.733+0000] {logging_mixin.py:190} INFO - [2025-11-29T11:32:43.732+0000] {dag.py:4180} INFO - Setting next_dagrun for example_branch_labels to 2025-11-28 00:00:00+00:00, run_after=2025-11-29 00:00:00+00:00
[2025-11-29T11:32:43.764+0000] {processor.py:208} INFO - Processing /home/airflow/.local/lib/python3.12/site-packages/airflow/example_dags/example_branch_labels.py took 0.206 seconds
[2025-11-29T11:33:14.628+0000] {processor.py:186} INFO - Started process (PID=2021) to work on /home/airflow/.local/lib/python3.12/site-packages/airflow/example_dags/example_branch_labels.py
[2025-11-29T11:33:14.630+0000] {processor.py:914} INFO - Processing file /home/airflow/.local/lib/python3.12/site-packages/airflow/example_dags/example_branch_labels.py for tasks to queue
[2025-11-29T11:33:14.632+0000] {logging_mixin.py:190} INFO - [2025-11-29T11:33:14.632+0000] {dagbag.py:588} INFO - Filling up the DagBag from /home/airflow/.local/lib/python3.12/site-packages/airflow/example_dags/example_branch_labels.py
[2025-11-29T11:33:14.648+0000] {processor.py:925} INFO - DAG(s) 'example_branch_labels' retrieved from /home/airflow/.local/lib/python3.12/site-packages/airflow/example_dags/example_branch_labels.py
[2025-11-29T11:33:14.702+0000] {logging_mixin.py:190} INFO - [2025-11-29T11:33:14.701+0000] {dag.py:3239} INFO - Sync 1 DAGs
[2025-11-29T11:33:14.758+0000] {logging_mixin.py:190} INFO - [2025-11-29T11:33:14.758+0000] {dag.py:4180} INFO - Setting next_dagrun for example_branch_labels to 2025-11-28 00:00:00+00:00, run_after=2025-11-29 00:00:00+00:00
[2025-11-29T11:33:14.799+0000] {processor.py:208} INFO - Processing /home/airflow/.local/lib/python3.12/site-packages/airflow/example_dags/example_branch_labels.py took 0.181 seconds
[2025-11-29T11:33:45.014+0000] {processor.py:186} INFO - Started process (PID=2089) to work on /home/airflow/.local/lib/python3.12/site-packages/airflow/example_dags/example_branch_labels.py
[2025-11-29T11:33:45.016+0000] {processor.py:914} INFO - Processing file /home/airflow/.local/lib/python3.12/site-packages/airflow/example_dags/example_branch_labels.py for tasks to queue
[2025-11-29T11:33:45.017+0000] {logging_mixin.py:190} INFO - [2025-11-29T11:33:45.017+0000] {dagbag.py:588} INFO - Filling up the DagBag from /home/airflow/.local/lib/python3.12/site-packages/airflow/example_dags/example_branch_labels.py
[2025-11-29T11:33:45.031+0000] {processor.py:925} INFO - DAG(s) 'example_branch_labels' retrieved from /home/airflow/.local/lib/python3.12/site-packages/airflow/example_dags/example_branch_labels.py
[2025-11-29T11:33:45.060+0000] {logging_mixin.py:190} INFO - [2025-11-29T11:33:45.059+0000] {dag.py:3239} INFO - Sync 1 DAGs
[2025-11-29T11:33:45.088+0000] {logging_mixin.py:190} INFO - [2025-11-29T11:33:45.087+0000] {dag.py:4180} INFO - Setting next_dagrun for example_branch_labels to 2025-11-28 00:00:00+00:00, run_after=2025-11-29 00:00:00+00:00
[2025-11-29T11:33:45.113+0000] {processor.py:208} INFO - Processing /home/airflow/.local/lib/python3.12/site-packages/airflow/example_dags/example_branch_labels.py took 0.106 seconds
[2025-11-29T11:34:15.406+0000] {processor.py:186} INFO - Started process (PID=2157) to work on /home/airflow/.local/lib/python3.12/site-packages/airflow/example_dags/example_branch_labels.py
[2025-11-29T11:34:15.408+0000] {processor.py:914} INFO - Processing file /home/airflow/.local/lib/python3.12/site-packages/airflow/example_dags/example_branch_labels.py for tasks to queue
[2025-11-29T11:34:15.410+0000] {logging_mixin.py:190} INFO - [2025-11-29T11:34:15.409+0000] {dagbag.py:588} INFO - Filling up the DagBag from /home/airflow/.local/lib/python3.12/site-packages/airflow/example_dags/example_branch_labels.py
[2025-11-29T11:34:15.427+0000] {processor.py:925} INFO - DAG(s) 'example_branch_labels' retrieved from /home/airflow/.local/lib/python3.12/site-packages/airflow/example_dags/example_branch_labels.py
[2025-11-29T11:34:15.461+0000] {logging_mixin.py:190} INFO - [2025-11-29T11:34:15.460+0000] {dag.py:3239} INFO - Sync 1 DAGs
[2025-11-29T11:34:15.499+0000] {logging_mixin.py:190} INFO - [2025-11-29T11:34:15.498+0000] {dag.py:4180} INFO - Setting next_dagrun for example_branch_labels to 2025-11-28 00:00:00+00:00, run_after=2025-11-29 00:00:00+00:00
[2025-11-29T11:34:15.521+0000] {processor.py:208} INFO - Processing /home/airflow/.local/lib/python3.12/site-packages/airflow/example_dags/example_branch_labels.py took 0.127 seconds
[2025-11-29T11:34:46.172+0000] {processor.py:186} INFO - Started process (PID=2225) to work on /home/airflow/.local/lib/python3.12/site-packages/airflow/example_dags/example_branch_labels.py
[2025-11-29T11:34:46.175+0000] {processor.py:914} INFO - Processing file /home/airflow/.local/lib/python3.12/site-packages/airflow/example_dags/example_branch_labels.py for tasks to queue
[2025-11-29T11:34:46.180+0000] {logging_mixin.py:190} INFO - [2025-11-29T11:34:46.179+0000] {dagbag.py:588} INFO - Filling up the DagBag from /home/airflow/.local/lib/python3.12/site-packages/airflow/example_dags/example_branch_labels.py
[2025-11-29T11:34:46.210+0000] {processor.py:925} INFO - DAG(s) 'example_branch_labels' retrieved from /home/airflow/.local/lib/python3.12/site-packages/airflow/example_dags/example_branch_labels.py
[2025-11-29T11:34:46.259+0000] {logging_mixin.py:190} INFO - [2025-11-29T11:34:46.259+0000] {dag.py:3239} INFO - Sync 1 DAGs
[2025-11-29T11:34:46.296+0000] {logging_mixin.py:190} INFO - [2025-11-29T11:34:46.296+0000] {dag.py:4180} INFO - Setting next_dagrun for example_branch_labels to 2025-11-28 00:00:00+00:00, run_after=2025-11-29 00:00:00+00:00
[2025-11-29T11:34:46.321+0000] {processor.py:208} INFO - Processing /home/airflow/.local/lib/python3.12/site-packages/airflow/example_dags/example_branch_labels.py took 0.165 seconds
[2025-11-29T11:35:16.671+0000] {processor.py:186} INFO - Started process (PID=2293) to work on /home/airflow/.local/lib/python3.12/site-packages/airflow/example_dags/example_branch_labels.py
[2025-11-29T11:35:16.672+0000] {processor.py:914} INFO - Processing file /home/airflow/.local/lib/python3.12/site-packages/airflow/example_dags/example_branch_labels.py for tasks to queue
[2025-11-29T11:35:16.674+0000] {logging_mixin.py:190} INFO - [2025-11-29T11:35:16.674+0000] {dagbag.py:588} INFO - Filling up the DagBag from /home/airflow/.local/lib/python3.12/site-packages/airflow/example_dags/example_branch_labels.py
[2025-11-29T11:35:16.687+0000] {processor.py:925} INFO - DAG(s) 'example_branch_labels' retrieved from /home/airflow/.local/lib/python3.12/site-packages/airflow/example_dags/example_branch_labels.py
[2025-11-29T11:35:16.714+0000] {logging_mixin.py:190} INFO - [2025-11-29T11:35:16.714+0000] {dag.py:3239} INFO - Sync 1 DAGs
[2025-11-29T11:35:16.740+0000] {logging_mixin.py:190} INFO - [2025-11-29T11:35:16.740+0000] {dag.py:4180} INFO - Setting next_dagrun for example_branch_labels to 2025-11-28 00:00:00+00:00, run_after=2025-11-29 00:00:00+00:00
[2025-11-29T11:35:16.764+0000] {processor.py:208} INFO - Processing /home/airflow/.local/lib/python3.12/site-packages/airflow/example_dags/example_branch_labels.py took 0.101 seconds
[2025-11-29T11:35:46.978+0000] {processor.py:186} INFO - Started process (PID=2362) to work on /home/airflow/.local/lib/python3.12/site-packages/airflow/example_dags/example_branch_labels.py
[2025-11-29T11:35:46.980+0000] {processor.py:914} INFO - Processing file /home/airflow/.local/lib/python3.12/site-packages/airflow/example_dags/example_branch_labels.py for tasks to queue
[2025-11-29T11:35:46.982+0000] {logging_mixin.py:190} INFO - [2025-11-29T11:35:46.982+0000] {dagbag.py:588} INFO - Filling up the DagBag from /home/airflow/.local/lib/python3.12/site-packages/airflow/example_dags/example_branch_labels.py
[2025-11-29T11:35:46.996+0000] {processor.py:925} INFO - DAG(s) 'example_branch_labels' retrieved from /home/airflow/.local/lib/python3.12/site-packages/airflow/example_dags/example_branch_labels.py
[2025-11-29T11:35:47.027+0000] {logging_mixin.py:190} INFO - [2025-11-29T11:35:47.026+0000] {dag.py:3239} INFO - Sync 1 DAGs
[2025-11-29T11:35:47.057+0000] {logging_mixin.py:190} INFO - [2025-11-29T11:35:47.056+0000] {dag.py:4180} INFO - Setting next_dagrun for example_branch_labels to 2025-11-28 00:00:00+00:00, run_after=2025-11-29 00:00:00+00:00
[2025-11-29T11:35:47.082+0000] {processor.py:208} INFO - Processing /home/airflow/.local/lib/python3.12/site-packages/airflow/example_dags/example_branch_labels.py took 0.112 seconds
[2025-11-29T11:36:17.770+0000] {processor.py:186} INFO - Started process (PID=2432) to work on /home/airflow/.local/lib/python3.12/site-packages/airflow/example_dags/example_branch_labels.py
[2025-11-29T11:36:17.772+0000] {processor.py:914} INFO - Processing file /home/airflow/.local/lib/python3.12/site-packages/airflow/example_dags/example_branch_labels.py for tasks to queue
[2025-11-29T11:36:17.773+0000] {logging_mixin.py:190} INFO - [2025-11-29T11:36:17.773+0000] {dagbag.py:588} INFO - Filling up the DagBag from /home/airflow/.local/lib/python3.12/site-packages/airflow/example_dags/example_branch_labels.py
[2025-11-29T11:36:17.785+0000] {processor.py:925} INFO - DAG(s) 'example_branch_labels' retrieved from /home/airflow/.local/lib/python3.12/site-packages/airflow/example_dags/example_branch_labels.py
[2025-11-29T11:36:17.813+0000] {logging_mixin.py:190} INFO - [2025-11-29T11:36:17.813+0000] {dag.py:3239} INFO - Sync 1 DAGs
[2025-11-29T11:36:17.842+0000] {logging_mixin.py:190} INFO - [2025-11-29T11:36:17.842+0000] {dag.py:4180} INFO - Setting next_dagrun for example_branch_labels to 2025-11-28 00:00:00+00:00, run_after=2025-11-29 00:00:00+00:00
[2025-11-29T11:36:17.865+0000] {processor.py:208} INFO - Processing /home/airflow/.local/lib/python3.12/site-packages/airflow/example_dags/example_branch_labels.py took 0.102 seconds
[2025-11-29T11:36:48.533+0000] {processor.py:186} INFO - Started process (PID=2500) to work on /home/airflow/.local/lib/python3.12/site-packages/airflow/example_dags/example_branch_labels.py
[2025-11-29T11:36:48.535+0000] {processor.py:914} INFO - Processing file /home/airflow/.local/lib/python3.12/site-packages/airflow/example_dags/example_branch_labels.py for tasks to queue
[2025-11-29T11:36:48.537+0000] {logging_mixin.py:190} INFO - [2025-11-29T11:36:48.536+0000] {dagbag.py:588} INFO - Filling up the DagBag from /home/airflow/.local/lib/python3.12/site-packages/airflow/example_dags/example_branch_labels.py
[2025-11-29T11:36:48.549+0000] {processor.py:925} INFO - DAG(s) 'example_branch_labels' retrieved from /home/airflow/.local/lib/python3.12/site-packages/airflow/example_dags/example_branch_labels.py
[2025-11-29T11:36:48.576+0000] {logging_mixin.py:190} INFO - [2025-11-29T11:36:48.575+0000] {dag.py:3239} INFO - Sync 1 DAGs
[2025-11-29T11:36:48.604+0000] {logging_mixin.py:190} INFO - [2025-11-29T11:36:48.604+0000] {dag.py:4180} INFO - Setting next_dagrun for example_branch_labels to 2025-11-28 00:00:00+00:00, run_after=2025-11-29 00:00:00+00:00
[2025-11-29T11:36:48.625+0000] {processor.py:208} INFO - Processing /home/airflow/.local/lib/python3.12/site-packages/airflow/example_dags/example_branch_labels.py took 0.099 seconds
[2025-11-29T11:37:19.464+0000] {processor.py:186} INFO - Started process (PID=2568) to work on /home/airflow/.local/lib/python3.12/site-packages/airflow/example_dags/example_branch_labels.py
[2025-11-29T11:37:19.466+0000] {processor.py:914} INFO - Processing file /home/airflow/.local/lib/python3.12/site-packages/airflow/example_dags/example_branch_labels.py for tasks to queue
[2025-11-29T11:37:19.468+0000] {logging_mixin.py:190} INFO - [2025-11-29T11:37:19.467+0000] {dagbag.py:588} INFO - Filling up the DagBag from /home/airflow/.local/lib/python3.12/site-packages/airflow/example_dags/example_branch_labels.py
[2025-11-29T11:37:19.480+0000] {processor.py:925} INFO - DAG(s) 'example_branch_labels' retrieved from /home/airflow/.local/lib/python3.12/site-packages/airflow/example_dags/example_branch_labels.py
[2025-11-29T11:37:19.506+0000] {logging_mixin.py:190} INFO - [2025-11-29T11:37:19.506+0000] {dag.py:3239} INFO - Sync 1 DAGs
[2025-11-29T11:37:19.534+0000] {logging_mixin.py:190} INFO - [2025-11-29T11:37:19.534+0000] {dag.py:4180} INFO - Setting next_dagrun for example_branch_labels to 2025-11-28 00:00:00+00:00, run_after=2025-11-29 00:00:00+00:00
[2025-11-29T11:37:19.554+0000] {processor.py:208} INFO - Processing /home/airflow/.local/lib/python3.12/site-packages/airflow/example_dags/example_branch_labels.py took 0.098 seconds
