[2025-11-29T11:19:03.847+0000] {processor.py:186} INFO - Started process (PID=135) to work on /home/airflow/.local/lib/python3.12/site-packages/airflow/example_dags/example_time_delta_sensor_async.py
[2025-11-29T11:19:03.850+0000] {processor.py:914} INFO - Processing file /home/airflow/.local/lib/python3.12/site-packages/airflow/example_dags/example_time_delta_sensor_async.py for tasks to queue
[2025-11-29T11:19:03.855+0000] {logging_mixin.py:190} INFO - [2025-11-29T11:19:03.854+0000] {dagbag.py:588} INFO - Filling up the DagBag from /home/airflow/.local/lib/python3.12/site-packages/airflow/example_dags/example_time_delta_sensor_async.py
[2025-11-29T11:19:03.867+0000] {processor.py:925} INFO - DAG(s) 'example_time_delta_sensor_async' retrieved from /home/airflow/.local/lib/python3.12/site-packages/airflow/example_dags/example_time_delta_sensor_async.py
[2025-11-29T11:19:03.990+0000] {logging_mixin.py:190} INFO - [2025-11-29T11:19:03.990+0000] {override.py:1911} INFO - Created Permission View: can delete on DAG:example_time_delta_sensor_async
[2025-11-29T11:19:04.002+0000] {logging_mixin.py:190} INFO - [2025-11-29T11:19:04.001+0000] {override.py:1911} INFO - Created Permission View: can read on DAG:example_time_delta_sensor_async
[2025-11-29T11:19:04.011+0000] {logging_mixin.py:190} INFO - [2025-11-29T11:19:04.010+0000] {override.py:1911} INFO - Created Permission View: can edit on DAG:example_time_delta_sensor_async
[2025-11-29T11:19:04.020+0000] {logging_mixin.py:190} INFO - [2025-11-29T11:19:04.020+0000] {override.py:1911} INFO - Created Permission View: menu access on DAG Run:example_time_delta_sensor_async
[2025-11-29T11:19:04.028+0000] {logging_mixin.py:190} INFO - [2025-11-29T11:19:04.027+0000] {override.py:1911} INFO - Created Permission View: can delete on DAG Run:example_time_delta_sensor_async
[2025-11-29T11:19:04.035+0000] {logging_mixin.py:190} INFO - [2025-11-29T11:19:04.035+0000] {override.py:1911} INFO - Created Permission View: can read on DAG Run:example_time_delta_sensor_async
[2025-11-29T11:19:04.043+0000] {logging_mixin.py:190} INFO - [2025-11-29T11:19:04.042+0000] {override.py:1911} INFO - Created Permission View: can create on DAG Run:example_time_delta_sensor_async
[2025-11-29T11:19:04.044+0000] {logging_mixin.py:190} INFO - [2025-11-29T11:19:04.043+0000] {dag.py:3239} INFO - Sync 1 DAGs
[2025-11-29T11:19:04.056+0000] {logging_mixin.py:190} INFO - [2025-11-29T11:19:04.056+0000] {dag.py:3262} INFO - Creating ORM DAG for example_time_delta_sensor_async
[2025-11-29T11:19:04.058+0000] {logging_mixin.py:190} INFO - [2025-11-29T11:19:04.057+0000] {dag.py:4180} INFO - Setting next_dagrun for example_time_delta_sensor_async to None, run_after=None
[2025-11-29T11:19:04.076+0000] {processor.py:208} INFO - Processing /home/airflow/.local/lib/python3.12/site-packages/airflow/example_dags/example_time_delta_sensor_async.py took 0.235 seconds
[2025-11-29T11:19:34.810+0000] {processor.py:186} INFO - Started process (PID=203) to work on /home/airflow/.local/lib/python3.12/site-packages/airflow/example_dags/example_time_delta_sensor_async.py
[2025-11-29T11:19:34.812+0000] {processor.py:914} INFO - Processing file /home/airflow/.local/lib/python3.12/site-packages/airflow/example_dags/example_time_delta_sensor_async.py for tasks to queue
[2025-11-29T11:19:34.816+0000] {logging_mixin.py:190} INFO - [2025-11-29T11:19:34.815+0000] {dagbag.py:588} INFO - Filling up the DagBag from /home/airflow/.local/lib/python3.12/site-packages/airflow/example_dags/example_time_delta_sensor_async.py
[2025-11-29T11:19:34.826+0000] {processor.py:925} INFO - DAG(s) 'example_time_delta_sensor_async' retrieved from /home/airflow/.local/lib/python3.12/site-packages/airflow/example_dags/example_time_delta_sensor_async.py
[2025-11-29T11:19:34.857+0000] {logging_mixin.py:190} INFO - [2025-11-29T11:19:34.856+0000] {dag.py:3239} INFO - Sync 1 DAGs
[2025-11-29T11:19:34.873+0000] {logging_mixin.py:190} INFO - [2025-11-29T11:19:34.873+0000] {dag.py:4180} INFO - Setting next_dagrun for example_time_delta_sensor_async to None, run_after=None
[2025-11-29T11:19:34.893+0000] {processor.py:208} INFO - Processing /home/airflow/.local/lib/python3.12/site-packages/airflow/example_dags/example_time_delta_sensor_async.py took 0.090 seconds
[2025-11-29T11:20:05.234+0000] {processor.py:186} INFO - Started process (PID=271) to work on /home/airflow/.local/lib/python3.12/site-packages/airflow/example_dags/example_time_delta_sensor_async.py
[2025-11-29T11:20:05.235+0000] {processor.py:914} INFO - Processing file /home/airflow/.local/lib/python3.12/site-packages/airflow/example_dags/example_time_delta_sensor_async.py for tasks to queue
[2025-11-29T11:20:05.238+0000] {logging_mixin.py:190} INFO - [2025-11-29T11:20:05.238+0000] {dagbag.py:588} INFO - Filling up the DagBag from /home/airflow/.local/lib/python3.12/site-packages/airflow/example_dags/example_time_delta_sensor_async.py
[2025-11-29T11:20:05.249+0000] {processor.py:925} INFO - DAG(s) 'example_time_delta_sensor_async' retrieved from /home/airflow/.local/lib/python3.12/site-packages/airflow/example_dags/example_time_delta_sensor_async.py
[2025-11-29T11:20:05.278+0000] {logging_mixin.py:190} INFO - [2025-11-29T11:20:05.277+0000] {dag.py:3239} INFO - Sync 1 DAGs
[2025-11-29T11:20:05.296+0000] {logging_mixin.py:190} INFO - [2025-11-29T11:20:05.296+0000] {dag.py:4180} INFO - Setting next_dagrun for example_time_delta_sensor_async to None, run_after=None
[2025-11-29T11:20:05.319+0000] {processor.py:208} INFO - Processing /home/airflow/.local/lib/python3.12/site-packages/airflow/example_dags/example_time_delta_sensor_async.py took 0.092 seconds
[2025-11-29T11:20:35.410+0000] {processor.py:186} INFO - Started process (PID=340) to work on /home/airflow/.local/lib/python3.12/site-packages/airflow/example_dags/example_time_delta_sensor_async.py
[2025-11-29T11:20:35.412+0000] {processor.py:914} INFO - Processing file /home/airflow/.local/lib/python3.12/site-packages/airflow/example_dags/example_time_delta_sensor_async.py for tasks to queue
[2025-11-29T11:20:35.415+0000] {logging_mixin.py:190} INFO - [2025-11-29T11:20:35.415+0000] {dagbag.py:588} INFO - Filling up the DagBag from /home/airflow/.local/lib/python3.12/site-packages/airflow/example_dags/example_time_delta_sensor_async.py
[2025-11-29T11:20:35.424+0000] {processor.py:925} INFO - DAG(s) 'example_time_delta_sensor_async' retrieved from /home/airflow/.local/lib/python3.12/site-packages/airflow/example_dags/example_time_delta_sensor_async.py
[2025-11-29T11:20:35.452+0000] {logging_mixin.py:190} INFO - [2025-11-29T11:20:35.451+0000] {dag.py:3239} INFO - Sync 1 DAGs
[2025-11-29T11:20:35.468+0000] {logging_mixin.py:190} INFO - [2025-11-29T11:20:35.468+0000] {dag.py:4180} INFO - Setting next_dagrun for example_time_delta_sensor_async to None, run_after=None
[2025-11-29T11:20:35.491+0000] {processor.py:208} INFO - Processing /home/airflow/.local/lib/python3.12/site-packages/airflow/example_dags/example_time_delta_sensor_async.py took 0.088 seconds
[2025-11-29T11:21:06.469+0000] {processor.py:186} INFO - Started process (PID=409) to work on /home/airflow/.local/lib/python3.12/site-packages/airflow/example_dags/example_time_delta_sensor_async.py
[2025-11-29T11:21:06.471+0000] {processor.py:914} INFO - Processing file /home/airflow/.local/lib/python3.12/site-packages/airflow/example_dags/example_time_delta_sensor_async.py for tasks to queue
[2025-11-29T11:21:06.475+0000] {logging_mixin.py:190} INFO - [2025-11-29T11:21:06.474+0000] {dagbag.py:588} INFO - Filling up the DagBag from /home/airflow/.local/lib/python3.12/site-packages/airflow/example_dags/example_time_delta_sensor_async.py
[2025-11-29T11:21:06.485+0000] {processor.py:925} INFO - DAG(s) 'example_time_delta_sensor_async' retrieved from /home/airflow/.local/lib/python3.12/site-packages/airflow/example_dags/example_time_delta_sensor_async.py
[2025-11-29T11:21:06.516+0000] {logging_mixin.py:190} INFO - [2025-11-29T11:21:06.515+0000] {dag.py:3239} INFO - Sync 1 DAGs
[2025-11-29T11:21:06.535+0000] {logging_mixin.py:190} INFO - [2025-11-29T11:21:06.534+0000] {dag.py:4180} INFO - Setting next_dagrun for example_time_delta_sensor_async to None, run_after=None
[2025-11-29T11:21:06.561+0000] {processor.py:208} INFO - Processing /home/airflow/.local/lib/python3.12/site-packages/airflow/example_dags/example_time_delta_sensor_async.py took 0.100 seconds
[2025-11-29T11:21:37.104+0000] {processor.py:186} INFO - Started process (PID=477) to work on /home/airflow/.local/lib/python3.12/site-packages/airflow/example_dags/example_time_delta_sensor_async.py
[2025-11-29T11:21:37.105+0000] {processor.py:914} INFO - Processing file /home/airflow/.local/lib/python3.12/site-packages/airflow/example_dags/example_time_delta_sensor_async.py for tasks to queue
[2025-11-29T11:21:37.110+0000] {logging_mixin.py:190} INFO - [2025-11-29T11:21:37.109+0000] {dagbag.py:588} INFO - Filling up the DagBag from /home/airflow/.local/lib/python3.12/site-packages/airflow/example_dags/example_time_delta_sensor_async.py
[2025-11-29T11:21:37.119+0000] {processor.py:925} INFO - DAG(s) 'example_time_delta_sensor_async' retrieved from /home/airflow/.local/lib/python3.12/site-packages/airflow/example_dags/example_time_delta_sensor_async.py
[2025-11-29T11:21:37.146+0000] {logging_mixin.py:190} INFO - [2025-11-29T11:21:37.146+0000] {dag.py:3239} INFO - Sync 1 DAGs
[2025-11-29T11:21:37.164+0000] {logging_mixin.py:190} INFO - [2025-11-29T11:21:37.164+0000] {dag.py:4180} INFO - Setting next_dagrun for example_time_delta_sensor_async to None, run_after=None
[2025-11-29T11:21:37.189+0000] {processor.py:208} INFO - Processing /home/airflow/.local/lib/python3.12/site-packages/airflow/example_dags/example_time_delta_sensor_async.py took 0.093 seconds
[2025-11-29T11:22:07.520+0000] {processor.py:186} INFO - Started process (PID=546) to work on /home/airflow/.local/lib/python3.12/site-packages/airflow/example_dags/example_time_delta_sensor_async.py
[2025-11-29T11:22:07.522+0000] {processor.py:914} INFO - Processing file /home/airflow/.local/lib/python3.12/site-packages/airflow/example_dags/example_time_delta_sensor_async.py for tasks to queue
[2025-11-29T11:22:07.525+0000] {logging_mixin.py:190} INFO - [2025-11-29T11:22:07.525+0000] {dagbag.py:588} INFO - Filling up the DagBag from /home/airflow/.local/lib/python3.12/site-packages/airflow/example_dags/example_time_delta_sensor_async.py
[2025-11-29T11:22:07.535+0000] {processor.py:925} INFO - DAG(s) 'example_time_delta_sensor_async' retrieved from /home/airflow/.local/lib/python3.12/site-packages/airflow/example_dags/example_time_delta_sensor_async.py
[2025-11-29T11:22:07.562+0000] {logging_mixin.py:190} INFO - [2025-11-29T11:22:07.561+0000] {dag.py:3239} INFO - Sync 1 DAGs
[2025-11-29T11:22:07.577+0000] {logging_mixin.py:190} INFO - [2025-11-29T11:22:07.577+0000] {dag.py:4180} INFO - Setting next_dagrun for example_time_delta_sensor_async to None, run_after=None
[2025-11-29T11:22:07.609+0000] {processor.py:208} INFO - Processing /home/airflow/.local/lib/python3.12/site-packages/airflow/example_dags/example_time_delta_sensor_async.py took 0.098 seconds
[2025-11-29T11:22:38.818+0000] {processor.py:186} INFO - Started process (PID=615) to work on /home/airflow/.local/lib/python3.12/site-packages/airflow/example_dags/example_time_delta_sensor_async.py
[2025-11-29T11:22:38.820+0000] {processor.py:914} INFO - Processing file /home/airflow/.local/lib/python3.12/site-packages/airflow/example_dags/example_time_delta_sensor_async.py for tasks to queue
[2025-11-29T11:22:38.824+0000] {logging_mixin.py:190} INFO - [2025-11-29T11:22:38.824+0000] {dagbag.py:588} INFO - Filling up the DagBag from /home/airflow/.local/lib/python3.12/site-packages/airflow/example_dags/example_time_delta_sensor_async.py
[2025-11-29T11:22:38.835+0000] {processor.py:925} INFO - DAG(s) 'example_time_delta_sensor_async' retrieved from /home/airflow/.local/lib/python3.12/site-packages/airflow/example_dags/example_time_delta_sensor_async.py
[2025-11-29T11:22:38.864+0000] {logging_mixin.py:190} INFO - [2025-11-29T11:22:38.864+0000] {dag.py:3239} INFO - Sync 1 DAGs
[2025-11-29T11:22:38.882+0000] {logging_mixin.py:190} INFO - [2025-11-29T11:22:38.882+0000] {dag.py:4180} INFO - Setting next_dagrun for example_time_delta_sensor_async to None, run_after=None
[2025-11-29T11:22:38.909+0000] {processor.py:208} INFO - Processing /home/airflow/.local/lib/python3.12/site-packages/airflow/example_dags/example_time_delta_sensor_async.py took 0.100 seconds
[2025-11-29T11:23:09.461+0000] {processor.py:186} INFO - Started process (PID=683) to work on /home/airflow/.local/lib/python3.12/site-packages/airflow/example_dags/example_time_delta_sensor_async.py
[2025-11-29T11:23:09.463+0000] {processor.py:914} INFO - Processing file /home/airflow/.local/lib/python3.12/site-packages/airflow/example_dags/example_time_delta_sensor_async.py for tasks to queue
[2025-11-29T11:23:09.468+0000] {logging_mixin.py:190} INFO - [2025-11-29T11:23:09.467+0000] {dagbag.py:588} INFO - Filling up the DagBag from /home/airflow/.local/lib/python3.12/site-packages/airflow/example_dags/example_time_delta_sensor_async.py
[2025-11-29T11:23:09.480+0000] {processor.py:925} INFO - DAG(s) 'example_time_delta_sensor_async' retrieved from /home/airflow/.local/lib/python3.12/site-packages/airflow/example_dags/example_time_delta_sensor_async.py
[2025-11-29T11:23:09.517+0000] {logging_mixin.py:190} INFO - [2025-11-29T11:23:09.516+0000] {dag.py:3239} INFO - Sync 1 DAGs
[2025-11-29T11:23:09.540+0000] {logging_mixin.py:190} INFO - [2025-11-29T11:23:09.540+0000] {dag.py:4180} INFO - Setting next_dagrun for example_time_delta_sensor_async to None, run_after=None
[2025-11-29T11:23:09.573+0000] {processor.py:208} INFO - Processing /home/airflow/.local/lib/python3.12/site-packages/airflow/example_dags/example_time_delta_sensor_async.py took 0.124 seconds
[2025-11-29T11:23:39.863+0000] {processor.py:186} INFO - Started process (PID=751) to work on /home/airflow/.local/lib/python3.12/site-packages/airflow/example_dags/example_time_delta_sensor_async.py
[2025-11-29T11:23:39.864+0000] {processor.py:914} INFO - Processing file /home/airflow/.local/lib/python3.12/site-packages/airflow/example_dags/example_time_delta_sensor_async.py for tasks to queue
[2025-11-29T11:23:39.868+0000] {logging_mixin.py:190} INFO - [2025-11-29T11:23:39.868+0000] {dagbag.py:588} INFO - Filling up the DagBag from /home/airflow/.local/lib/python3.12/site-packages/airflow/example_dags/example_time_delta_sensor_async.py
[2025-11-29T11:23:39.880+0000] {processor.py:925} INFO - DAG(s) 'example_time_delta_sensor_async' retrieved from /home/airflow/.local/lib/python3.12/site-packages/airflow/example_dags/example_time_delta_sensor_async.py
[2025-11-29T11:23:39.909+0000] {logging_mixin.py:190} INFO - [2025-11-29T11:23:39.909+0000] {dag.py:3239} INFO - Sync 1 DAGs
[2025-11-29T11:23:39.925+0000] {logging_mixin.py:190} INFO - [2025-11-29T11:23:39.925+0000] {dag.py:4180} INFO - Setting next_dagrun for example_time_delta_sensor_async to None, run_after=None
[2025-11-29T11:23:39.949+0000] {processor.py:208} INFO - Processing /home/airflow/.local/lib/python3.12/site-packages/airflow/example_dags/example_time_delta_sensor_async.py took 0.094 seconds
[2025-11-29T11:24:10.159+0000] {processor.py:186} INFO - Started process (PID=820) to work on /home/airflow/.local/lib/python3.12/site-packages/airflow/example_dags/example_time_delta_sensor_async.py
[2025-11-29T11:24:10.161+0000] {processor.py:914} INFO - Processing file /home/airflow/.local/lib/python3.12/site-packages/airflow/example_dags/example_time_delta_sensor_async.py for tasks to queue
[2025-11-29T11:24:10.163+0000] {logging_mixin.py:190} INFO - [2025-11-29T11:24:10.162+0000] {dagbag.py:588} INFO - Filling up the DagBag from /home/airflow/.local/lib/python3.12/site-packages/airflow/example_dags/example_time_delta_sensor_async.py
[2025-11-29T11:24:10.173+0000] {processor.py:925} INFO - DAG(s) 'example_time_delta_sensor_async' retrieved from /home/airflow/.local/lib/python3.12/site-packages/airflow/example_dags/example_time_delta_sensor_async.py
[2025-11-29T11:24:10.202+0000] {logging_mixin.py:190} INFO - [2025-11-29T11:24:10.202+0000] {dag.py:3239} INFO - Sync 1 DAGs
[2025-11-29T11:24:10.221+0000] {logging_mixin.py:190} INFO - [2025-11-29T11:24:10.221+0000] {dag.py:4180} INFO - Setting next_dagrun for example_time_delta_sensor_async to None, run_after=None
[2025-11-29T11:24:10.250+0000] {processor.py:208} INFO - Processing /home/airflow/.local/lib/python3.12/site-packages/airflow/example_dags/example_time_delta_sensor_async.py took 0.099 seconds
[2025-11-29T11:24:40.707+0000] {processor.py:186} INFO - Started process (PID=888) to work on /home/airflow/.local/lib/python3.12/site-packages/airflow/example_dags/example_time_delta_sensor_async.py
[2025-11-29T11:24:40.709+0000] {processor.py:914} INFO - Processing file /home/airflow/.local/lib/python3.12/site-packages/airflow/example_dags/example_time_delta_sensor_async.py for tasks to queue
[2025-11-29T11:24:40.710+0000] {logging_mixin.py:190} INFO - [2025-11-29T11:24:40.710+0000] {dagbag.py:588} INFO - Filling up the DagBag from /home/airflow/.local/lib/python3.12/site-packages/airflow/example_dags/example_time_delta_sensor_async.py
[2025-11-29T11:24:40.719+0000] {processor.py:925} INFO - DAG(s) 'example_time_delta_sensor_async' retrieved from /home/airflow/.local/lib/python3.12/site-packages/airflow/example_dags/example_time_delta_sensor_async.py
[2025-11-29T11:24:40.746+0000] {logging_mixin.py:190} INFO - [2025-11-29T11:24:40.745+0000] {dag.py:3239} INFO - Sync 1 DAGs
[2025-11-29T11:24:40.763+0000] {logging_mixin.py:190} INFO - [2025-11-29T11:24:40.763+0000] {dag.py:4180} INFO - Setting next_dagrun for example_time_delta_sensor_async to None, run_after=None
[2025-11-29T11:24:40.786+0000] {processor.py:208} INFO - Processing /home/airflow/.local/lib/python3.12/site-packages/airflow/example_dags/example_time_delta_sensor_async.py took 0.087 seconds
[2025-11-29T11:25:11.739+0000] {processor.py:186} INFO - Started process (PID=956) to work on /home/airflow/.local/lib/python3.12/site-packages/airflow/example_dags/example_time_delta_sensor_async.py
[2025-11-29T11:25:11.740+0000] {processor.py:914} INFO - Processing file /home/airflow/.local/lib/python3.12/site-packages/airflow/example_dags/example_time_delta_sensor_async.py for tasks to queue
[2025-11-29T11:25:11.742+0000] {logging_mixin.py:190} INFO - [2025-11-29T11:25:11.742+0000] {dagbag.py:588} INFO - Filling up the DagBag from /home/airflow/.local/lib/python3.12/site-packages/airflow/example_dags/example_time_delta_sensor_async.py
[2025-11-29T11:25:11.752+0000] {processor.py:925} INFO - DAG(s) 'example_time_delta_sensor_async' retrieved from /home/airflow/.local/lib/python3.12/site-packages/airflow/example_dags/example_time_delta_sensor_async.py
[2025-11-29T11:25:11.780+0000] {logging_mixin.py:190} INFO - [2025-11-29T11:25:11.780+0000] {dag.py:3239} INFO - Sync 1 DAGs
[2025-11-29T11:25:11.798+0000] {logging_mixin.py:190} INFO - [2025-11-29T11:25:11.798+0000] {dag.py:4180} INFO - Setting next_dagrun for example_time_delta_sensor_async to None, run_after=None
[2025-11-29T11:25:11.819+0000] {processor.py:208} INFO - Processing /home/airflow/.local/lib/python3.12/site-packages/airflow/example_dags/example_time_delta_sensor_async.py took 0.089 seconds
[2025-11-29T11:25:41.952+0000] {processor.py:186} INFO - Started process (PID=1024) to work on /home/airflow/.local/lib/python3.12/site-packages/airflow/example_dags/example_time_delta_sensor_async.py
[2025-11-29T11:25:41.953+0000] {processor.py:914} INFO - Processing file /home/airflow/.local/lib/python3.12/site-packages/airflow/example_dags/example_time_delta_sensor_async.py for tasks to queue
[2025-11-29T11:25:41.955+0000] {logging_mixin.py:190} INFO - [2025-11-29T11:25:41.955+0000] {dagbag.py:588} INFO - Filling up the DagBag from /home/airflow/.local/lib/python3.12/site-packages/airflow/example_dags/example_time_delta_sensor_async.py
[2025-11-29T11:25:41.965+0000] {processor.py:925} INFO - DAG(s) 'example_time_delta_sensor_async' retrieved from /home/airflow/.local/lib/python3.12/site-packages/airflow/example_dags/example_time_delta_sensor_async.py
[2025-11-29T11:25:41.995+0000] {logging_mixin.py:190} INFO - [2025-11-29T11:25:41.994+0000] {dag.py:3239} INFO - Sync 1 DAGs
[2025-11-29T11:25:42.012+0000] {logging_mixin.py:190} INFO - [2025-11-29T11:25:42.011+0000] {dag.py:4180} INFO - Setting next_dagrun for example_time_delta_sensor_async to None, run_after=None
[2025-11-29T11:25:42.034+0000] {processor.py:208} INFO - Processing /home/airflow/.local/lib/python3.12/site-packages/airflow/example_dags/example_time_delta_sensor_async.py took 0.090 seconds
[2025-11-29T11:26:12.506+0000] {processor.py:186} INFO - Started process (PID=1093) to work on /home/airflow/.local/lib/python3.12/site-packages/airflow/example_dags/example_time_delta_sensor_async.py
[2025-11-29T11:26:12.508+0000] {processor.py:914} INFO - Processing file /home/airflow/.local/lib/python3.12/site-packages/airflow/example_dags/example_time_delta_sensor_async.py for tasks to queue
[2025-11-29T11:26:12.510+0000] {logging_mixin.py:190} INFO - [2025-11-29T11:26:12.509+0000] {dagbag.py:588} INFO - Filling up the DagBag from /home/airflow/.local/lib/python3.12/site-packages/airflow/example_dags/example_time_delta_sensor_async.py
[2025-11-29T11:26:12.520+0000] {processor.py:925} INFO - DAG(s) 'example_time_delta_sensor_async' retrieved from /home/airflow/.local/lib/python3.12/site-packages/airflow/example_dags/example_time_delta_sensor_async.py
[2025-11-29T11:26:12.545+0000] {logging_mixin.py:190} INFO - [2025-11-29T11:26:12.544+0000] {dag.py:3239} INFO - Sync 1 DAGs
[2025-11-29T11:26:12.565+0000] {logging_mixin.py:190} INFO - [2025-11-29T11:26:12.565+0000] {dag.py:4180} INFO - Setting next_dagrun for example_time_delta_sensor_async to None, run_after=None
[2025-11-29T11:26:12.599+0000] {processor.py:208} INFO - Processing /home/airflow/.local/lib/python3.12/site-packages/airflow/example_dags/example_time_delta_sensor_async.py took 0.102 seconds
[2025-11-29T11:26:42.925+0000] {processor.py:186} INFO - Started process (PID=1161) to work on /home/airflow/.local/lib/python3.12/site-packages/airflow/example_dags/example_time_delta_sensor_async.py
[2025-11-29T11:26:42.926+0000] {processor.py:914} INFO - Processing file /home/airflow/.local/lib/python3.12/site-packages/airflow/example_dags/example_time_delta_sensor_async.py for tasks to queue
[2025-11-29T11:26:42.928+0000] {logging_mixin.py:190} INFO - [2025-11-29T11:26:42.927+0000] {dagbag.py:588} INFO - Filling up the DagBag from /home/airflow/.local/lib/python3.12/site-packages/airflow/example_dags/example_time_delta_sensor_async.py
[2025-11-29T11:26:42.937+0000] {processor.py:925} INFO - DAG(s) 'example_time_delta_sensor_async' retrieved from /home/airflow/.local/lib/python3.12/site-packages/airflow/example_dags/example_time_delta_sensor_async.py
[2025-11-29T11:26:42.965+0000] {logging_mixin.py:190} INFO - [2025-11-29T11:26:42.964+0000] {dag.py:3239} INFO - Sync 1 DAGs
[2025-11-29T11:26:42.981+0000] {logging_mixin.py:190} INFO - [2025-11-29T11:26:42.981+0000] {dag.py:4180} INFO - Setting next_dagrun for example_time_delta_sensor_async to None, run_after=None
[2025-11-29T11:26:43.003+0000] {processor.py:208} INFO - Processing /home/airflow/.local/lib/python3.12/site-packages/airflow/example_dags/example_time_delta_sensor_async.py took 0.086 seconds
[2025-11-29T11:27:13.607+0000] {processor.py:186} INFO - Started process (PID=1229) to work on /home/airflow/.local/lib/python3.12/site-packages/airflow/example_dags/example_time_delta_sensor_async.py
[2025-11-29T11:27:13.608+0000] {processor.py:914} INFO - Processing file /home/airflow/.local/lib/python3.12/site-packages/airflow/example_dags/example_time_delta_sensor_async.py for tasks to queue
[2025-11-29T11:27:13.610+0000] {logging_mixin.py:190} INFO - [2025-11-29T11:27:13.610+0000] {dagbag.py:588} INFO - Filling up the DagBag from /home/airflow/.local/lib/python3.12/site-packages/airflow/example_dags/example_time_delta_sensor_async.py
[2025-11-29T11:27:13.619+0000] {processor.py:925} INFO - DAG(s) 'example_time_delta_sensor_async' retrieved from /home/airflow/.local/lib/python3.12/site-packages/airflow/example_dags/example_time_delta_sensor_async.py
[2025-11-29T11:27:13.645+0000] {logging_mixin.py:190} INFO - [2025-11-29T11:27:13.645+0000] {dag.py:3239} INFO - Sync 1 DAGs
[2025-11-29T11:27:13.664+0000] {logging_mixin.py:190} INFO - [2025-11-29T11:27:13.663+0000] {dag.py:4180} INFO - Setting next_dagrun for example_time_delta_sensor_async to None, run_after=None
[2025-11-29T11:27:13.685+0000] {processor.py:208} INFO - Processing /home/airflow/.local/lib/python3.12/site-packages/airflow/example_dags/example_time_delta_sensor_async.py took 0.086 seconds
[2025-11-29T11:27:44.835+0000] {processor.py:186} INFO - Started process (PID=1297) to work on /home/airflow/.local/lib/python3.12/site-packages/airflow/example_dags/example_time_delta_sensor_async.py
[2025-11-29T11:27:44.839+0000] {processor.py:914} INFO - Processing file /home/airflow/.local/lib/python3.12/site-packages/airflow/example_dags/example_time_delta_sensor_async.py for tasks to queue
[2025-11-29T11:27:44.842+0000] {logging_mixin.py:190} INFO - [2025-11-29T11:27:44.841+0000] {dagbag.py:588} INFO - Filling up the DagBag from /home/airflow/.local/lib/python3.12/site-packages/airflow/example_dags/example_time_delta_sensor_async.py
[2025-11-29T11:27:44.854+0000] {processor.py:925} INFO - DAG(s) 'example_time_delta_sensor_async' retrieved from /home/airflow/.local/lib/python3.12/site-packages/airflow/example_dags/example_time_delta_sensor_async.py
[2025-11-29T11:27:44.890+0000] {logging_mixin.py:190} INFO - [2025-11-29T11:27:44.890+0000] {dag.py:3239} INFO - Sync 1 DAGs
[2025-11-29T11:27:44.908+0000] {logging_mixin.py:190} INFO - [2025-11-29T11:27:44.908+0000] {dag.py:4180} INFO - Setting next_dagrun for example_time_delta_sensor_async to None, run_after=None
[2025-11-29T11:27:44.933+0000] {processor.py:208} INFO - Processing /home/airflow/.local/lib/python3.12/site-packages/airflow/example_dags/example_time_delta_sensor_async.py took 0.106 seconds
[2025-11-29T11:28:15.244+0000] {processor.py:186} INFO - Started process (PID=1366) to work on /home/airflow/.local/lib/python3.12/site-packages/airflow/example_dags/example_time_delta_sensor_async.py
[2025-11-29T11:28:15.246+0000] {processor.py:914} INFO - Processing file /home/airflow/.local/lib/python3.12/site-packages/airflow/example_dags/example_time_delta_sensor_async.py for tasks to queue
[2025-11-29T11:28:15.248+0000] {logging_mixin.py:190} INFO - [2025-11-29T11:28:15.247+0000] {dagbag.py:588} INFO - Filling up the DagBag from /home/airflow/.local/lib/python3.12/site-packages/airflow/example_dags/example_time_delta_sensor_async.py
[2025-11-29T11:28:15.257+0000] {processor.py:925} INFO - DAG(s) 'example_time_delta_sensor_async' retrieved from /home/airflow/.local/lib/python3.12/site-packages/airflow/example_dags/example_time_delta_sensor_async.py
[2025-11-29T11:28:15.283+0000] {logging_mixin.py:190} INFO - [2025-11-29T11:28:15.283+0000] {dag.py:3239} INFO - Sync 1 DAGs
[2025-11-29T11:28:15.303+0000] {logging_mixin.py:190} INFO - [2025-11-29T11:28:15.303+0000] {dag.py:4180} INFO - Setting next_dagrun for example_time_delta_sensor_async to None, run_after=None
[2025-11-29T11:28:15.327+0000] {processor.py:208} INFO - Processing /home/airflow/.local/lib/python3.12/site-packages/airflow/example_dags/example_time_delta_sensor_async.py took 0.091 seconds
[2025-11-29T11:28:45.492+0000] {processor.py:186} INFO - Started process (PID=1434) to work on /home/airflow/.local/lib/python3.12/site-packages/airflow/example_dags/example_time_delta_sensor_async.py
[2025-11-29T11:28:45.493+0000] {processor.py:914} INFO - Processing file /home/airflow/.local/lib/python3.12/site-packages/airflow/example_dags/example_time_delta_sensor_async.py for tasks to queue
[2025-11-29T11:28:45.495+0000] {logging_mixin.py:190} INFO - [2025-11-29T11:28:45.495+0000] {dagbag.py:588} INFO - Filling up the DagBag from /home/airflow/.local/lib/python3.12/site-packages/airflow/example_dags/example_time_delta_sensor_async.py
[2025-11-29T11:28:45.504+0000] {processor.py:925} INFO - DAG(s) 'example_time_delta_sensor_async' retrieved from /home/airflow/.local/lib/python3.12/site-packages/airflow/example_dags/example_time_delta_sensor_async.py
[2025-11-29T11:28:45.532+0000] {logging_mixin.py:190} INFO - [2025-11-29T11:28:45.531+0000] {dag.py:3239} INFO - Sync 1 DAGs
[2025-11-29T11:28:45.550+0000] {logging_mixin.py:190} INFO - [2025-11-29T11:28:45.550+0000] {dag.py:4180} INFO - Setting next_dagrun for example_time_delta_sensor_async to None, run_after=None
[2025-11-29T11:28:45.576+0000] {processor.py:208} INFO - Processing /home/airflow/.local/lib/python3.12/site-packages/airflow/example_dags/example_time_delta_sensor_async.py took 0.092 seconds
[2025-11-29T11:29:16.328+0000] {processor.py:186} INFO - Started process (PID=1502) to work on /home/airflow/.local/lib/python3.12/site-packages/airflow/example_dags/example_time_delta_sensor_async.py
[2025-11-29T11:29:16.329+0000] {processor.py:914} INFO - Processing file /home/airflow/.local/lib/python3.12/site-packages/airflow/example_dags/example_time_delta_sensor_async.py for tasks to queue
[2025-11-29T11:29:16.331+0000] {logging_mixin.py:190} INFO - [2025-11-29T11:29:16.331+0000] {dagbag.py:588} INFO - Filling up the DagBag from /home/airflow/.local/lib/python3.12/site-packages/airflow/example_dags/example_time_delta_sensor_async.py
[2025-11-29T11:29:16.340+0000] {processor.py:925} INFO - DAG(s) 'example_time_delta_sensor_async' retrieved from /home/airflow/.local/lib/python3.12/site-packages/airflow/example_dags/example_time_delta_sensor_async.py
[2025-11-29T11:29:16.366+0000] {logging_mixin.py:190} INFO - [2025-11-29T11:29:16.366+0000] {dag.py:3239} INFO - Sync 1 DAGs
[2025-11-29T11:29:16.386+0000] {logging_mixin.py:190} INFO - [2025-11-29T11:29:16.385+0000] {dag.py:4180} INFO - Setting next_dagrun for example_time_delta_sensor_async to None, run_after=None
[2025-11-29T11:29:16.411+0000] {processor.py:208} INFO - Processing /home/airflow/.local/lib/python3.12/site-packages/airflow/example_dags/example_time_delta_sensor_async.py took 0.090 seconds
[2025-11-29T11:29:46.765+0000] {processor.py:186} INFO - Started process (PID=1572) to work on /home/airflow/.local/lib/python3.12/site-packages/airflow/example_dags/example_time_delta_sensor_async.py
[2025-11-29T11:29:46.766+0000] {processor.py:914} INFO - Processing file /home/airflow/.local/lib/python3.12/site-packages/airflow/example_dags/example_time_delta_sensor_async.py for tasks to queue
[2025-11-29T11:29:46.768+0000] {logging_mixin.py:190} INFO - [2025-11-29T11:29:46.768+0000] {dagbag.py:588} INFO - Filling up the DagBag from /home/airflow/.local/lib/python3.12/site-packages/airflow/example_dags/example_time_delta_sensor_async.py
[2025-11-29T11:29:46.778+0000] {processor.py:925} INFO - DAG(s) 'example_time_delta_sensor_async' retrieved from /home/airflow/.local/lib/python3.12/site-packages/airflow/example_dags/example_time_delta_sensor_async.py
[2025-11-29T11:29:46.804+0000] {logging_mixin.py:190} INFO - [2025-11-29T11:29:46.804+0000] {dag.py:3239} INFO - Sync 1 DAGs
[2025-11-29T11:29:46.821+0000] {logging_mixin.py:190} INFO - [2025-11-29T11:29:46.821+0000] {dag.py:4180} INFO - Setting next_dagrun for example_time_delta_sensor_async to None, run_after=None
[2025-11-29T11:29:46.844+0000] {processor.py:208} INFO - Processing /home/airflow/.local/lib/python3.12/site-packages/airflow/example_dags/example_time_delta_sensor_async.py took 0.088 seconds
[2025-11-29T11:30:17.336+0000] {processor.py:186} INFO - Started process (PID=1641) to work on /home/airflow/.local/lib/python3.12/site-packages/airflow/example_dags/example_time_delta_sensor_async.py
[2025-11-29T11:30:17.338+0000] {processor.py:914} INFO - Processing file /home/airflow/.local/lib/python3.12/site-packages/airflow/example_dags/example_time_delta_sensor_async.py for tasks to queue
[2025-11-29T11:30:17.340+0000] {logging_mixin.py:190} INFO - [2025-11-29T11:30:17.340+0000] {dagbag.py:588} INFO - Filling up the DagBag from /home/airflow/.local/lib/python3.12/site-packages/airflow/example_dags/example_time_delta_sensor_async.py
[2025-11-29T11:30:17.350+0000] {processor.py:925} INFO - DAG(s) 'example_time_delta_sensor_async' retrieved from /home/airflow/.local/lib/python3.12/site-packages/airflow/example_dags/example_time_delta_sensor_async.py
[2025-11-29T11:30:17.380+0000] {logging_mixin.py:190} INFO - [2025-11-29T11:30:17.380+0000] {dag.py:3239} INFO - Sync 1 DAGs
[2025-11-29T11:30:17.400+0000] {logging_mixin.py:190} INFO - [2025-11-29T11:30:17.399+0000] {dag.py:4180} INFO - Setting next_dagrun for example_time_delta_sensor_async to None, run_after=None
[2025-11-29T11:30:17.425+0000] {processor.py:208} INFO - Processing /home/airflow/.local/lib/python3.12/site-packages/airflow/example_dags/example_time_delta_sensor_async.py took 0.096 seconds
[2025-11-29T11:30:47.966+0000] {processor.py:186} INFO - Started process (PID=1709) to work on /home/airflow/.local/lib/python3.12/site-packages/airflow/example_dags/example_time_delta_sensor_async.py
[2025-11-29T11:30:47.968+0000] {processor.py:914} INFO - Processing file /home/airflow/.local/lib/python3.12/site-packages/airflow/example_dags/example_time_delta_sensor_async.py for tasks to queue
[2025-11-29T11:30:47.970+0000] {logging_mixin.py:190} INFO - [2025-11-29T11:30:47.969+0000] {dagbag.py:588} INFO - Filling up the DagBag from /home/airflow/.local/lib/python3.12/site-packages/airflow/example_dags/example_time_delta_sensor_async.py
[2025-11-29T11:30:47.979+0000] {processor.py:925} INFO - DAG(s) 'example_time_delta_sensor_async' retrieved from /home/airflow/.local/lib/python3.12/site-packages/airflow/example_dags/example_time_delta_sensor_async.py
[2025-11-29T11:30:48.003+0000] {logging_mixin.py:190} INFO - [2025-11-29T11:30:48.003+0000] {dag.py:3239} INFO - Sync 1 DAGs
[2025-11-29T11:30:48.020+0000] {logging_mixin.py:190} INFO - [2025-11-29T11:30:48.020+0000] {dag.py:4180} INFO - Setting next_dagrun for example_time_delta_sensor_async to None, run_after=None
[2025-11-29T11:30:48.045+0000] {processor.py:208} INFO - Processing /home/airflow/.local/lib/python3.12/site-packages/airflow/example_dags/example_time_delta_sensor_async.py took 0.086 seconds
[2025-11-29T11:31:18.360+0000] {processor.py:186} INFO - Started process (PID=1777) to work on /home/airflow/.local/lib/python3.12/site-packages/airflow/example_dags/example_time_delta_sensor_async.py
[2025-11-29T11:31:18.362+0000] {processor.py:914} INFO - Processing file /home/airflow/.local/lib/python3.12/site-packages/airflow/example_dags/example_time_delta_sensor_async.py for tasks to queue
[2025-11-29T11:31:18.364+0000] {logging_mixin.py:190} INFO - [2025-11-29T11:31:18.363+0000] {dagbag.py:588} INFO - Filling up the DagBag from /home/airflow/.local/lib/python3.12/site-packages/airflow/example_dags/example_time_delta_sensor_async.py
[2025-11-29T11:31:18.374+0000] {processor.py:925} INFO - DAG(s) 'example_time_delta_sensor_async' retrieved from /home/airflow/.local/lib/python3.12/site-packages/airflow/example_dags/example_time_delta_sensor_async.py
[2025-11-29T11:31:18.404+0000] {logging_mixin.py:190} INFO - [2025-11-29T11:31:18.404+0000] {dag.py:3239} INFO - Sync 1 DAGs
[2025-11-29T11:31:18.424+0000] {logging_mixin.py:190} INFO - [2025-11-29T11:31:18.424+0000] {dag.py:4180} INFO - Setting next_dagrun for example_time_delta_sensor_async to None, run_after=None
[2025-11-29T11:31:18.448+0000] {processor.py:208} INFO - Processing /home/airflow/.local/lib/python3.12/site-packages/airflow/example_dags/example_time_delta_sensor_async.py took 0.098 seconds
[2025-11-29T11:31:48.711+0000] {processor.py:186} INFO - Started process (PID=1845) to work on /home/airflow/.local/lib/python3.12/site-packages/airflow/example_dags/example_time_delta_sensor_async.py
[2025-11-29T11:31:48.712+0000] {processor.py:914} INFO - Processing file /home/airflow/.local/lib/python3.12/site-packages/airflow/example_dags/example_time_delta_sensor_async.py for tasks to queue
[2025-11-29T11:31:48.714+0000] {logging_mixin.py:190} INFO - [2025-11-29T11:31:48.714+0000] {dagbag.py:588} INFO - Filling up the DagBag from /home/airflow/.local/lib/python3.12/site-packages/airflow/example_dags/example_time_delta_sensor_async.py
[2025-11-29T11:31:48.723+0000] {processor.py:925} INFO - DAG(s) 'example_time_delta_sensor_async' retrieved from /home/airflow/.local/lib/python3.12/site-packages/airflow/example_dags/example_time_delta_sensor_async.py
[2025-11-29T11:31:48.752+0000] {logging_mixin.py:190} INFO - [2025-11-29T11:31:48.752+0000] {dag.py:3239} INFO - Sync 1 DAGs
[2025-11-29T11:31:48.770+0000] {logging_mixin.py:190} INFO - [2025-11-29T11:31:48.769+0000] {dag.py:4180} INFO - Setting next_dagrun for example_time_delta_sensor_async to None, run_after=None
[2025-11-29T11:31:48.793+0000] {processor.py:208} INFO - Processing /home/airflow/.local/lib/python3.12/site-packages/airflow/example_dags/example_time_delta_sensor_async.py took 0.089 seconds
[2025-11-29T11:32:19.277+0000] {processor.py:186} INFO - Started process (PID=1913) to work on /home/airflow/.local/lib/python3.12/site-packages/airflow/example_dags/example_time_delta_sensor_async.py
[2025-11-29T11:32:19.279+0000] {processor.py:914} INFO - Processing file /home/airflow/.local/lib/python3.12/site-packages/airflow/example_dags/example_time_delta_sensor_async.py for tasks to queue
[2025-11-29T11:32:19.280+0000] {logging_mixin.py:190} INFO - [2025-11-29T11:32:19.280+0000] {dagbag.py:588} INFO - Filling up the DagBag from /home/airflow/.local/lib/python3.12/site-packages/airflow/example_dags/example_time_delta_sensor_async.py
[2025-11-29T11:32:19.290+0000] {processor.py:925} INFO - DAG(s) 'example_time_delta_sensor_async' retrieved from /home/airflow/.local/lib/python3.12/site-packages/airflow/example_dags/example_time_delta_sensor_async.py
[2025-11-29T11:32:19.317+0000] {logging_mixin.py:190} INFO - [2025-11-29T11:32:19.317+0000] {dag.py:3239} INFO - Sync 1 DAGs
[2025-11-29T11:32:19.335+0000] {logging_mixin.py:190} INFO - [2025-11-29T11:32:19.335+0000] {dag.py:4180} INFO - Setting next_dagrun for example_time_delta_sensor_async to None, run_after=None
[2025-11-29T11:32:19.359+0000] {processor.py:208} INFO - Processing /home/airflow/.local/lib/python3.12/site-packages/airflow/example_dags/example_time_delta_sensor_async.py took 0.090 seconds
[2025-11-29T11:32:50.041+0000] {processor.py:186} INFO - Started process (PID=1982) to work on /home/airflow/.local/lib/python3.12/site-packages/airflow/example_dags/example_time_delta_sensor_async.py
[2025-11-29T11:32:50.043+0000] {processor.py:914} INFO - Processing file /home/airflow/.local/lib/python3.12/site-packages/airflow/example_dags/example_time_delta_sensor_async.py for tasks to queue
[2025-11-29T11:32:50.045+0000] {logging_mixin.py:190} INFO - [2025-11-29T11:32:50.044+0000] {dagbag.py:588} INFO - Filling up the DagBag from /home/airflow/.local/lib/python3.12/site-packages/airflow/example_dags/example_time_delta_sensor_async.py
[2025-11-29T11:32:50.055+0000] {processor.py:925} INFO - DAG(s) 'example_time_delta_sensor_async' retrieved from /home/airflow/.local/lib/python3.12/site-packages/airflow/example_dags/example_time_delta_sensor_async.py
[2025-11-29T11:32:50.084+0000] {logging_mixin.py:190} INFO - [2025-11-29T11:32:50.084+0000] {dag.py:3239} INFO - Sync 1 DAGs
[2025-11-29T11:32:50.105+0000] {logging_mixin.py:190} INFO - [2025-11-29T11:32:50.104+0000] {dag.py:4180} INFO - Setting next_dagrun for example_time_delta_sensor_async to None, run_after=None
[2025-11-29T11:32:50.129+0000] {processor.py:208} INFO - Processing /home/airflow/.local/lib/python3.12/site-packages/airflow/example_dags/example_time_delta_sensor_async.py took 0.096 seconds
[2025-11-29T11:33:21.130+0000] {processor.py:186} INFO - Started process (PID=2050) to work on /home/airflow/.local/lib/python3.12/site-packages/airflow/example_dags/example_time_delta_sensor_async.py
[2025-11-29T11:33:21.132+0000] {processor.py:914} INFO - Processing file /home/airflow/.local/lib/python3.12/site-packages/airflow/example_dags/example_time_delta_sensor_async.py for tasks to queue
[2025-11-29T11:33:21.133+0000] {logging_mixin.py:190} INFO - [2025-11-29T11:33:21.133+0000] {dagbag.py:588} INFO - Filling up the DagBag from /home/airflow/.local/lib/python3.12/site-packages/airflow/example_dags/example_time_delta_sensor_async.py
[2025-11-29T11:33:21.143+0000] {processor.py:925} INFO - DAG(s) 'example_time_delta_sensor_async' retrieved from /home/airflow/.local/lib/python3.12/site-packages/airflow/example_dags/example_time_delta_sensor_async.py
[2025-11-29T11:33:21.171+0000] {logging_mixin.py:190} INFO - [2025-11-29T11:33:21.171+0000] {dag.py:3239} INFO - Sync 1 DAGs
[2025-11-29T11:33:21.190+0000] {logging_mixin.py:190} INFO - [2025-11-29T11:33:21.190+0000] {dag.py:4180} INFO - Setting next_dagrun for example_time_delta_sensor_async to None, run_after=None
[2025-11-29T11:33:21.214+0000] {processor.py:208} INFO - Processing /home/airflow/.local/lib/python3.12/site-packages/airflow/example_dags/example_time_delta_sensor_async.py took 0.092 seconds
[2025-11-29T11:33:51.591+0000] {processor.py:186} INFO - Started process (PID=2118) to work on /home/airflow/.local/lib/python3.12/site-packages/airflow/example_dags/example_time_delta_sensor_async.py
[2025-11-29T11:33:51.592+0000] {processor.py:914} INFO - Processing file /home/airflow/.local/lib/python3.12/site-packages/airflow/example_dags/example_time_delta_sensor_async.py for tasks to queue
[2025-11-29T11:33:51.595+0000] {logging_mixin.py:190} INFO - [2025-11-29T11:33:51.594+0000] {dagbag.py:588} INFO - Filling up the DagBag from /home/airflow/.local/lib/python3.12/site-packages/airflow/example_dags/example_time_delta_sensor_async.py
[2025-11-29T11:33:51.608+0000] {processor.py:925} INFO - DAG(s) 'example_time_delta_sensor_async' retrieved from /home/airflow/.local/lib/python3.12/site-packages/airflow/example_dags/example_time_delta_sensor_async.py
[2025-11-29T11:33:51.637+0000] {logging_mixin.py:190} INFO - [2025-11-29T11:33:51.636+0000] {dag.py:3239} INFO - Sync 1 DAGs
[2025-11-29T11:33:51.654+0000] {logging_mixin.py:190} INFO - [2025-11-29T11:33:51.654+0000] {dag.py:4180} INFO - Setting next_dagrun for example_time_delta_sensor_async to None, run_after=None
[2025-11-29T11:33:51.679+0000] {processor.py:208} INFO - Processing /home/airflow/.local/lib/python3.12/site-packages/airflow/example_dags/example_time_delta_sensor_async.py took 0.096 seconds
[2025-11-29T11:34:22.438+0000] {processor.py:186} INFO - Started process (PID=2186) to work on /home/airflow/.local/lib/python3.12/site-packages/airflow/example_dags/example_time_delta_sensor_async.py
[2025-11-29T11:34:22.440+0000] {processor.py:914} INFO - Processing file /home/airflow/.local/lib/python3.12/site-packages/airflow/example_dags/example_time_delta_sensor_async.py for tasks to queue
[2025-11-29T11:34:22.442+0000] {logging_mixin.py:190} INFO - [2025-11-29T11:34:22.442+0000] {dagbag.py:588} INFO - Filling up the DagBag from /home/airflow/.local/lib/python3.12/site-packages/airflow/example_dags/example_time_delta_sensor_async.py
[2025-11-29T11:34:22.452+0000] {processor.py:925} INFO - DAG(s) 'example_time_delta_sensor_async' retrieved from /home/airflow/.local/lib/python3.12/site-packages/airflow/example_dags/example_time_delta_sensor_async.py
[2025-11-29T11:34:22.481+0000] {logging_mixin.py:190} INFO - [2025-11-29T11:34:22.481+0000] {dag.py:3239} INFO - Sync 1 DAGs
[2025-11-29T11:34:22.501+0000] {logging_mixin.py:190} INFO - [2025-11-29T11:34:22.500+0000] {dag.py:4180} INFO - Setting next_dagrun for example_time_delta_sensor_async to None, run_after=None
[2025-11-29T11:34:22.522+0000] {processor.py:208} INFO - Processing /home/airflow/.local/lib/python3.12/site-packages/airflow/example_dags/example_time_delta_sensor_async.py took 0.093 seconds
[2025-11-29T11:34:53.197+0000] {processor.py:186} INFO - Started process (PID=2254) to work on /home/airflow/.local/lib/python3.12/site-packages/airflow/example_dags/example_time_delta_sensor_async.py
[2025-11-29T11:34:53.198+0000] {processor.py:914} INFO - Processing file /home/airflow/.local/lib/python3.12/site-packages/airflow/example_dags/example_time_delta_sensor_async.py for tasks to queue
[2025-11-29T11:34:53.200+0000] {logging_mixin.py:190} INFO - [2025-11-29T11:34:53.200+0000] {dagbag.py:588} INFO - Filling up the DagBag from /home/airflow/.local/lib/python3.12/site-packages/airflow/example_dags/example_time_delta_sensor_async.py
[2025-11-29T11:34:53.211+0000] {processor.py:925} INFO - DAG(s) 'example_time_delta_sensor_async' retrieved from /home/airflow/.local/lib/python3.12/site-packages/airflow/example_dags/example_time_delta_sensor_async.py
[2025-11-29T11:34:53.239+0000] {logging_mixin.py:190} INFO - [2025-11-29T11:34:53.239+0000] {dag.py:3239} INFO - Sync 1 DAGs
[2025-11-29T11:34:53.256+0000] {logging_mixin.py:190} INFO - [2025-11-29T11:34:53.256+0000] {dag.py:4180} INFO - Setting next_dagrun for example_time_delta_sensor_async to None, run_after=None
[2025-11-29T11:34:53.278+0000] {processor.py:208} INFO - Processing /home/airflow/.local/lib/python3.12/site-packages/airflow/example_dags/example_time_delta_sensor_async.py took 0.089 seconds
[2025-11-29T11:35:23.538+0000] {processor.py:186} INFO - Started process (PID=2322) to work on /home/airflow/.local/lib/python3.12/site-packages/airflow/example_dags/example_time_delta_sensor_async.py
[2025-11-29T11:35:23.539+0000] {processor.py:914} INFO - Processing file /home/airflow/.local/lib/python3.12/site-packages/airflow/example_dags/example_time_delta_sensor_async.py for tasks to queue
[2025-11-29T11:35:23.541+0000] {logging_mixin.py:190} INFO - [2025-11-29T11:35:23.541+0000] {dagbag.py:588} INFO - Filling up the DagBag from /home/airflow/.local/lib/python3.12/site-packages/airflow/example_dags/example_time_delta_sensor_async.py
[2025-11-29T11:35:23.555+0000] {processor.py:925} INFO - DAG(s) 'example_time_delta_sensor_async' retrieved from /home/airflow/.local/lib/python3.12/site-packages/airflow/example_dags/example_time_delta_sensor_async.py
[2025-11-29T11:35:23.600+0000] {logging_mixin.py:190} INFO - [2025-11-29T11:35:23.599+0000] {dag.py:3239} INFO - Sync 1 DAGs
[2025-11-29T11:35:23.631+0000] {logging_mixin.py:190} INFO - [2025-11-29T11:35:23.631+0000] {dag.py:4180} INFO - Setting next_dagrun for example_time_delta_sensor_async to None, run_after=None
[2025-11-29T11:35:23.670+0000] {processor.py:208} INFO - Processing /home/airflow/.local/lib/python3.12/site-packages/airflow/example_dags/example_time_delta_sensor_async.py took 0.139 seconds
[2025-11-29T11:35:54.637+0000] {processor.py:186} INFO - Started process (PID=2399) to work on /home/airflow/.local/lib/python3.12/site-packages/airflow/example_dags/example_time_delta_sensor_async.py
[2025-11-29T11:35:54.638+0000] {processor.py:914} INFO - Processing file /home/airflow/.local/lib/python3.12/site-packages/airflow/example_dags/example_time_delta_sensor_async.py for tasks to queue
[2025-11-29T11:35:54.640+0000] {logging_mixin.py:190} INFO - [2025-11-29T11:35:54.640+0000] {dagbag.py:588} INFO - Filling up the DagBag from /home/airflow/.local/lib/python3.12/site-packages/airflow/example_dags/example_time_delta_sensor_async.py
[2025-11-29T11:35:54.651+0000] {processor.py:925} INFO - DAG(s) 'example_time_delta_sensor_async' retrieved from /home/airflow/.local/lib/python3.12/site-packages/airflow/example_dags/example_time_delta_sensor_async.py
[2025-11-29T11:35:54.679+0000] {logging_mixin.py:190} INFO - [2025-11-29T11:35:54.679+0000] {dag.py:3239} INFO - Sync 1 DAGs
[2025-11-29T11:35:54.698+0000] {logging_mixin.py:190} INFO - [2025-11-29T11:35:54.697+0000] {dag.py:4180} INFO - Setting next_dagrun for example_time_delta_sensor_async to None, run_after=None
[2025-11-29T11:35:54.721+0000] {processor.py:208} INFO - Processing /home/airflow/.local/lib/python3.12/site-packages/airflow/example_dags/example_time_delta_sensor_async.py took 0.093 seconds
[2025-11-29T11:36:25.190+0000] {processor.py:186} INFO - Started process (PID=2467) to work on /home/airflow/.local/lib/python3.12/site-packages/airflow/example_dags/example_time_delta_sensor_async.py
[2025-11-29T11:36:25.191+0000] {processor.py:914} INFO - Processing file /home/airflow/.local/lib/python3.12/site-packages/airflow/example_dags/example_time_delta_sensor_async.py for tasks to queue
[2025-11-29T11:36:25.193+0000] {logging_mixin.py:190} INFO - [2025-11-29T11:36:25.192+0000] {dagbag.py:588} INFO - Filling up the DagBag from /home/airflow/.local/lib/python3.12/site-packages/airflow/example_dags/example_time_delta_sensor_async.py
[2025-11-29T11:36:25.202+0000] {processor.py:925} INFO - DAG(s) 'example_time_delta_sensor_async' retrieved from /home/airflow/.local/lib/python3.12/site-packages/airflow/example_dags/example_time_delta_sensor_async.py
[2025-11-29T11:36:25.230+0000] {logging_mixin.py:190} INFO - [2025-11-29T11:36:25.229+0000] {dag.py:3239} INFO - Sync 1 DAGs
[2025-11-29T11:36:25.247+0000] {logging_mixin.py:190} INFO - [2025-11-29T11:36:25.247+0000] {dag.py:4180} INFO - Setting next_dagrun for example_time_delta_sensor_async to None, run_after=None
[2025-11-29T11:36:25.268+0000] {processor.py:208} INFO - Processing /home/airflow/.local/lib/python3.12/site-packages/airflow/example_dags/example_time_delta_sensor_async.py took 0.086 seconds
[2025-11-29T11:36:55.950+0000] {processor.py:186} INFO - Started process (PID=2535) to work on /home/airflow/.local/lib/python3.12/site-packages/airflow/example_dags/example_time_delta_sensor_async.py
[2025-11-29T11:36:55.952+0000] {processor.py:914} INFO - Processing file /home/airflow/.local/lib/python3.12/site-packages/airflow/example_dags/example_time_delta_sensor_async.py for tasks to queue
[2025-11-29T11:36:55.954+0000] {logging_mixin.py:190} INFO - [2025-11-29T11:36:55.953+0000] {dagbag.py:588} INFO - Filling up the DagBag from /home/airflow/.local/lib/python3.12/site-packages/airflow/example_dags/example_time_delta_sensor_async.py
[2025-11-29T11:36:55.963+0000] {processor.py:925} INFO - DAG(s) 'example_time_delta_sensor_async' retrieved from /home/airflow/.local/lib/python3.12/site-packages/airflow/example_dags/example_time_delta_sensor_async.py
[2025-11-29T11:36:55.989+0000] {logging_mixin.py:190} INFO - [2025-11-29T11:36:55.989+0000] {dag.py:3239} INFO - Sync 1 DAGs
[2025-11-29T11:36:56.006+0000] {logging_mixin.py:190} INFO - [2025-11-29T11:36:56.006+0000] {dag.py:4180} INFO - Setting next_dagrun for example_time_delta_sensor_async to None, run_after=None
[2025-11-29T11:36:56.031+0000] {processor.py:208} INFO - Processing /home/airflow/.local/lib/python3.12/site-packages/airflow/example_dags/example_time_delta_sensor_async.py took 0.088 seconds
[2025-11-29T11:37:26.916+0000] {processor.py:186} INFO - Started process (PID=2603) to work on /home/airflow/.local/lib/python3.12/site-packages/airflow/example_dags/example_time_delta_sensor_async.py
[2025-11-29T11:37:26.918+0000] {processor.py:914} INFO - Processing file /home/airflow/.local/lib/python3.12/site-packages/airflow/example_dags/example_time_delta_sensor_async.py for tasks to queue
[2025-11-29T11:37:26.920+0000] {logging_mixin.py:190} INFO - [2025-11-29T11:37:26.919+0000] {dagbag.py:588} INFO - Filling up the DagBag from /home/airflow/.local/lib/python3.12/site-packages/airflow/example_dags/example_time_delta_sensor_async.py
[2025-11-29T11:37:26.930+0000] {processor.py:925} INFO - DAG(s) 'example_time_delta_sensor_async' retrieved from /home/airflow/.local/lib/python3.12/site-packages/airflow/example_dags/example_time_delta_sensor_async.py
[2025-11-29T11:37:26.961+0000] {logging_mixin.py:190} INFO - [2025-11-29T11:37:26.960+0000] {dag.py:3239} INFO - Sync 1 DAGs
[2025-11-29T11:37:26.980+0000] {logging_mixin.py:190} INFO - [2025-11-29T11:37:26.980+0000] {dag.py:4180} INFO - Setting next_dagrun for example_time_delta_sensor_async to None, run_after=None
[2025-11-29T11:37:27.015+0000] {processor.py:208} INFO - Processing /home/airflow/.local/lib/python3.12/site-packages/airflow/example_dags/example_time_delta_sensor_async.py took 0.107 seconds
