[2025-11-29T11:19:03.143+0000] {processor.py:186} INFO - Started process (PID=131) to work on /home/airflow/.local/lib/python3.12/site-packages/airflow/example_dags/example_python_operator.py
[2025-11-29T11:19:03.144+0000] {processor.py:914} INFO - Processing file /home/airflow/.local/lib/python3.12/site-packages/airflow/example_dags/example_python_operator.py for tasks to queue
[2025-11-29T11:19:03.149+0000] {logging_mixin.py:190} INFO - [2025-11-29T11:19:03.149+0000] {dagbag.py:588} INFO - Filling up the DagBag from /home/airflow/.local/lib/python3.12/site-packages/airflow/example_dags/example_python_operator.py
[2025-11-29T11:19:03.167+0000] {processor.py:925} INFO - DAG(s) 'example_python_operator' retrieved from /home/airflow/.local/lib/python3.12/site-packages/airflow/example_dags/example_python_operator.py
[2025-11-29T11:19:03.302+0000] {logging_mixin.py:190} INFO - [2025-11-29T11:19:03.301+0000] {override.py:1911} INFO - Created Permission View: can delete on DAG:example_python_operator
[2025-11-29T11:19:03.315+0000] {logging_mixin.py:190} INFO - [2025-11-29T11:19:03.314+0000] {override.py:1911} INFO - Created Permission View: can read on DAG:example_python_operator
[2025-11-29T11:19:03.323+0000] {logging_mixin.py:190} INFO - [2025-11-29T11:19:03.323+0000] {override.py:1911} INFO - Created Permission View: can edit on DAG:example_python_operator
[2025-11-29T11:19:03.333+0000] {logging_mixin.py:190} INFO - [2025-11-29T11:19:03.332+0000] {override.py:1911} INFO - Created Permission View: menu access on DAG Run:example_python_operator
[2025-11-29T11:19:03.342+0000] {logging_mixin.py:190} INFO - [2025-11-29T11:19:03.341+0000] {override.py:1911} INFO - Created Permission View: can delete on DAG Run:example_python_operator
[2025-11-29T11:19:03.350+0000] {logging_mixin.py:190} INFO - [2025-11-29T11:19:03.349+0000] {override.py:1911} INFO - Created Permission View: can read on DAG Run:example_python_operator
[2025-11-29T11:19:03.361+0000] {logging_mixin.py:190} INFO - [2025-11-29T11:19:03.361+0000] {override.py:1911} INFO - Created Permission View: can create on DAG Run:example_python_operator
[2025-11-29T11:19:03.362+0000] {logging_mixin.py:190} INFO - [2025-11-29T11:19:03.362+0000] {dag.py:3239} INFO - Sync 1 DAGs
[2025-11-29T11:19:03.376+0000] {logging_mixin.py:190} INFO - [2025-11-29T11:19:03.375+0000] {dag.py:3262} INFO - Creating ORM DAG for example_python_operator
[2025-11-29T11:19:03.377+0000] {logging_mixin.py:190} INFO - [2025-11-29T11:19:03.377+0000] {dag.py:4180} INFO - Setting next_dagrun for example_python_operator to None, run_after=None
[2025-11-29T11:19:03.398+0000] {processor.py:208} INFO - Processing /home/airflow/.local/lib/python3.12/site-packages/airflow/example_dags/example_python_operator.py took 0.263 seconds
[2025-11-29T11:19:33.555+0000] {processor.py:186} INFO - Started process (PID=199) to work on /home/airflow/.local/lib/python3.12/site-packages/airflow/example_dags/example_python_operator.py
[2025-11-29T11:19:33.557+0000] {processor.py:914} INFO - Processing file /home/airflow/.local/lib/python3.12/site-packages/airflow/example_dags/example_python_operator.py for tasks to queue
[2025-11-29T11:19:33.560+0000] {logging_mixin.py:190} INFO - [2025-11-29T11:19:33.560+0000] {dagbag.py:588} INFO - Filling up the DagBag from /home/airflow/.local/lib/python3.12/site-packages/airflow/example_dags/example_python_operator.py
[2025-11-29T11:19:33.576+0000] {processor.py:925} INFO - DAG(s) 'example_python_operator' retrieved from /home/airflow/.local/lib/python3.12/site-packages/airflow/example_dags/example_python_operator.py
[2025-11-29T11:19:33.605+0000] {logging_mixin.py:190} INFO - [2025-11-29T11:19:33.605+0000] {dag.py:3239} INFO - Sync 1 DAGs
[2025-11-29T11:19:33.622+0000] {logging_mixin.py:190} INFO - [2025-11-29T11:19:33.622+0000] {dag.py:4180} INFO - Setting next_dagrun for example_python_operator to None, run_after=None
[2025-11-29T11:19:33.649+0000] {processor.py:208} INFO - Processing /home/airflow/.local/lib/python3.12/site-packages/airflow/example_dags/example_python_operator.py took 0.101 seconds
[2025-11-29T11:20:03.744+0000] {processor.py:186} INFO - Started process (PID=267) to work on /home/airflow/.local/lib/python3.12/site-packages/airflow/example_dags/example_python_operator.py
[2025-11-29T11:20:03.746+0000] {processor.py:914} INFO - Processing file /home/airflow/.local/lib/python3.12/site-packages/airflow/example_dags/example_python_operator.py for tasks to queue
[2025-11-29T11:20:03.749+0000] {logging_mixin.py:190} INFO - [2025-11-29T11:20:03.748+0000] {dagbag.py:588} INFO - Filling up the DagBag from /home/airflow/.local/lib/python3.12/site-packages/airflow/example_dags/example_python_operator.py
[2025-11-29T11:20:03.766+0000] {processor.py:925} INFO - DAG(s) 'example_python_operator' retrieved from /home/airflow/.local/lib/python3.12/site-packages/airflow/example_dags/example_python_operator.py
[2025-11-29T11:20:03.798+0000] {logging_mixin.py:190} INFO - [2025-11-29T11:20:03.797+0000] {dag.py:3239} INFO - Sync 1 DAGs
[2025-11-29T11:20:03.813+0000] {logging_mixin.py:190} INFO - [2025-11-29T11:20:03.813+0000] {dag.py:4180} INFO - Setting next_dagrun for example_python_operator to None, run_after=None
[2025-11-29T11:20:03.835+0000] {processor.py:208} INFO - Processing /home/airflow/.local/lib/python3.12/site-packages/airflow/example_dags/example_python_operator.py took 0.098 seconds
[2025-11-29T11:20:33.920+0000] {processor.py:186} INFO - Started process (PID=336) to work on /home/airflow/.local/lib/python3.12/site-packages/airflow/example_dags/example_python_operator.py
[2025-11-29T11:20:33.922+0000] {processor.py:914} INFO - Processing file /home/airflow/.local/lib/python3.12/site-packages/airflow/example_dags/example_python_operator.py for tasks to queue
[2025-11-29T11:20:33.925+0000] {logging_mixin.py:190} INFO - [2025-11-29T11:20:33.924+0000] {dagbag.py:588} INFO - Filling up the DagBag from /home/airflow/.local/lib/python3.12/site-packages/airflow/example_dags/example_python_operator.py
[2025-11-29T11:20:33.941+0000] {processor.py:925} INFO - DAG(s) 'example_python_operator' retrieved from /home/airflow/.local/lib/python3.12/site-packages/airflow/example_dags/example_python_operator.py
[2025-11-29T11:20:33.970+0000] {logging_mixin.py:190} INFO - [2025-11-29T11:20:33.970+0000] {dag.py:3239} INFO - Sync 1 DAGs
[2025-11-29T11:20:33.987+0000] {logging_mixin.py:190} INFO - [2025-11-29T11:20:33.986+0000] {dag.py:4180} INFO - Setting next_dagrun for example_python_operator to None, run_after=None
[2025-11-29T11:20:34.008+0000] {processor.py:208} INFO - Processing /home/airflow/.local/lib/python3.12/site-packages/airflow/example_dags/example_python_operator.py took 0.096 seconds
[2025-11-29T11:21:05.059+0000] {processor.py:186} INFO - Started process (PID=405) to work on /home/airflow/.local/lib/python3.12/site-packages/airflow/example_dags/example_python_operator.py
[2025-11-29T11:21:05.064+0000] {processor.py:914} INFO - Processing file /home/airflow/.local/lib/python3.12/site-packages/airflow/example_dags/example_python_operator.py for tasks to queue
[2025-11-29T11:21:05.067+0000] {logging_mixin.py:190} INFO - [2025-11-29T11:21:05.067+0000] {dagbag.py:588} INFO - Filling up the DagBag from /home/airflow/.local/lib/python3.12/site-packages/airflow/example_dags/example_python_operator.py
[2025-11-29T11:21:05.086+0000] {processor.py:925} INFO - DAG(s) 'example_python_operator' retrieved from /home/airflow/.local/lib/python3.12/site-packages/airflow/example_dags/example_python_operator.py
[2025-11-29T11:21:05.118+0000] {logging_mixin.py:190} INFO - [2025-11-29T11:21:05.117+0000] {dag.py:3239} INFO - Sync 1 DAGs
[2025-11-29T11:21:05.141+0000] {logging_mixin.py:190} INFO - [2025-11-29T11:21:05.141+0000] {dag.py:4180} INFO - Setting next_dagrun for example_python_operator to None, run_after=None
[2025-11-29T11:21:05.164+0000] {processor.py:208} INFO - Processing /home/airflow/.local/lib/python3.12/site-packages/airflow/example_dags/example_python_operator.py took 0.113 seconds
[2025-11-29T11:21:36.483+0000] {processor.py:186} INFO - Started process (PID=473) to work on /home/airflow/.local/lib/python3.12/site-packages/airflow/example_dags/example_python_operator.py
[2025-11-29T11:21:36.485+0000] {processor.py:914} INFO - Processing file /home/airflow/.local/lib/python3.12/site-packages/airflow/example_dags/example_python_operator.py for tasks to queue
[2025-11-29T11:21:36.491+0000] {logging_mixin.py:190} INFO - [2025-11-29T11:21:36.490+0000] {dagbag.py:588} INFO - Filling up the DagBag from /home/airflow/.local/lib/python3.12/site-packages/airflow/example_dags/example_python_operator.py
[2025-11-29T11:21:36.524+0000] {processor.py:925} INFO - DAG(s) 'example_python_operator' retrieved from /home/airflow/.local/lib/python3.12/site-packages/airflow/example_dags/example_python_operator.py
[2025-11-29T11:21:36.576+0000] {logging_mixin.py:190} INFO - [2025-11-29T11:21:36.575+0000] {dag.py:3239} INFO - Sync 1 DAGs
[2025-11-29T11:21:36.599+0000] {logging_mixin.py:190} INFO - [2025-11-29T11:21:36.599+0000] {dag.py:4180} INFO - Setting next_dagrun for example_python_operator to None, run_after=None
[2025-11-29T11:21:36.627+0000] {processor.py:208} INFO - Processing /home/airflow/.local/lib/python3.12/site-packages/airflow/example_dags/example_python_operator.py took 0.160 seconds
[2025-11-29T11:22:07.180+0000] {processor.py:186} INFO - Started process (PID=542) to work on /home/airflow/.local/lib/python3.12/site-packages/airflow/example_dags/example_python_operator.py
[2025-11-29T11:22:07.181+0000] {processor.py:914} INFO - Processing file /home/airflow/.local/lib/python3.12/site-packages/airflow/example_dags/example_python_operator.py for tasks to queue
[2025-11-29T11:22:07.184+0000] {logging_mixin.py:190} INFO - [2025-11-29T11:22:07.184+0000] {dagbag.py:588} INFO - Filling up the DagBag from /home/airflow/.local/lib/python3.12/site-packages/airflow/example_dags/example_python_operator.py
[2025-11-29T11:22:07.201+0000] {processor.py:925} INFO - DAG(s) 'example_python_operator' retrieved from /home/airflow/.local/lib/python3.12/site-packages/airflow/example_dags/example_python_operator.py
[2025-11-29T11:22:07.230+0000] {logging_mixin.py:190} INFO - [2025-11-29T11:22:07.230+0000] {dag.py:3239} INFO - Sync 1 DAGs
[2025-11-29T11:22:07.248+0000] {logging_mixin.py:190} INFO - [2025-11-29T11:22:07.247+0000] {dag.py:4180} INFO - Setting next_dagrun for example_python_operator to None, run_after=None
[2025-11-29T11:22:07.272+0000] {processor.py:208} INFO - Processing /home/airflow/.local/lib/python3.12/site-packages/airflow/example_dags/example_python_operator.py took 0.100 seconds
[2025-11-29T11:22:38.417+0000] {processor.py:186} INFO - Started process (PID=611) to work on /home/airflow/.local/lib/python3.12/site-packages/airflow/example_dags/example_python_operator.py
[2025-11-29T11:22:38.419+0000] {processor.py:914} INFO - Processing file /home/airflow/.local/lib/python3.12/site-packages/airflow/example_dags/example_python_operator.py for tasks to queue
[2025-11-29T11:22:38.423+0000] {logging_mixin.py:190} INFO - [2025-11-29T11:22:38.422+0000] {dagbag.py:588} INFO - Filling up the DagBag from /home/airflow/.local/lib/python3.12/site-packages/airflow/example_dags/example_python_operator.py
[2025-11-29T11:22:38.441+0000] {processor.py:925} INFO - DAG(s) 'example_python_operator' retrieved from /home/airflow/.local/lib/python3.12/site-packages/airflow/example_dags/example_python_operator.py
[2025-11-29T11:22:38.470+0000] {logging_mixin.py:190} INFO - [2025-11-29T11:22:38.469+0000] {dag.py:3239} INFO - Sync 1 DAGs
[2025-11-29T11:22:38.487+0000] {logging_mixin.py:190} INFO - [2025-11-29T11:22:38.487+0000] {dag.py:4180} INFO - Setting next_dagrun for example_python_operator to None, run_after=None
[2025-11-29T11:22:38.512+0000] {processor.py:208} INFO - Processing /home/airflow/.local/lib/python3.12/site-packages/airflow/example_dags/example_python_operator.py took 0.103 seconds
[2025-11-29T11:23:09.023+0000] {processor.py:186} INFO - Started process (PID=679) to work on /home/airflow/.local/lib/python3.12/site-packages/airflow/example_dags/example_python_operator.py
[2025-11-29T11:23:09.024+0000] {processor.py:914} INFO - Processing file /home/airflow/.local/lib/python3.12/site-packages/airflow/example_dags/example_python_operator.py for tasks to queue
[2025-11-29T11:23:09.029+0000] {logging_mixin.py:190} INFO - [2025-11-29T11:23:09.028+0000] {dagbag.py:588} INFO - Filling up the DagBag from /home/airflow/.local/lib/python3.12/site-packages/airflow/example_dags/example_python_operator.py
[2025-11-29T11:23:09.046+0000] {processor.py:925} INFO - DAG(s) 'example_python_operator' retrieved from /home/airflow/.local/lib/python3.12/site-packages/airflow/example_dags/example_python_operator.py
[2025-11-29T11:23:09.080+0000] {logging_mixin.py:190} INFO - [2025-11-29T11:23:09.080+0000] {dag.py:3239} INFO - Sync 1 DAGs
[2025-11-29T11:23:09.101+0000] {logging_mixin.py:190} INFO - [2025-11-29T11:23:09.100+0000] {dag.py:4180} INFO - Setting next_dagrun for example_python_operator to None, run_after=None
[2025-11-29T11:23:09.127+0000] {processor.py:208} INFO - Processing /home/airflow/.local/lib/python3.12/site-packages/airflow/example_dags/example_python_operator.py took 0.115 seconds
[2025-11-29T11:23:39.497+0000] {processor.py:186} INFO - Started process (PID=747) to work on /home/airflow/.local/lib/python3.12/site-packages/airflow/example_dags/example_python_operator.py
[2025-11-29T11:23:39.499+0000] {processor.py:914} INFO - Processing file /home/airflow/.local/lib/python3.12/site-packages/airflow/example_dags/example_python_operator.py for tasks to queue
[2025-11-29T11:23:39.503+0000] {logging_mixin.py:190} INFO - [2025-11-29T11:23:39.502+0000] {dagbag.py:588} INFO - Filling up the DagBag from /home/airflow/.local/lib/python3.12/site-packages/airflow/example_dags/example_python_operator.py
[2025-11-29T11:23:39.521+0000] {processor.py:925} INFO - DAG(s) 'example_python_operator' retrieved from /home/airflow/.local/lib/python3.12/site-packages/airflow/example_dags/example_python_operator.py
[2025-11-29T11:23:39.554+0000] {logging_mixin.py:190} INFO - [2025-11-29T11:23:39.553+0000] {dag.py:3239} INFO - Sync 1 DAGs
[2025-11-29T11:23:39.570+0000] {logging_mixin.py:190} INFO - [2025-11-29T11:23:39.570+0000] {dag.py:4180} INFO - Setting next_dagrun for example_python_operator to None, run_after=None
[2025-11-29T11:23:39.595+0000] {processor.py:208} INFO - Processing /home/airflow/.local/lib/python3.12/site-packages/airflow/example_dags/example_python_operator.py took 0.107 seconds
[2025-11-29T11:24:09.657+0000] {processor.py:186} INFO - Started process (PID=816) to work on /home/airflow/.local/lib/python3.12/site-packages/airflow/example_dags/example_python_operator.py
[2025-11-29T11:24:09.658+0000] {processor.py:914} INFO - Processing file /home/airflow/.local/lib/python3.12/site-packages/airflow/example_dags/example_python_operator.py for tasks to queue
[2025-11-29T11:24:09.660+0000] {logging_mixin.py:190} INFO - [2025-11-29T11:24:09.660+0000] {dagbag.py:588} INFO - Filling up the DagBag from /home/airflow/.local/lib/python3.12/site-packages/airflow/example_dags/example_python_operator.py
[2025-11-29T11:24:09.678+0000] {processor.py:925} INFO - DAG(s) 'example_python_operator' retrieved from /home/airflow/.local/lib/python3.12/site-packages/airflow/example_dags/example_python_operator.py
[2025-11-29T11:24:09.713+0000] {logging_mixin.py:190} INFO - [2025-11-29T11:24:09.713+0000] {dag.py:3239} INFO - Sync 1 DAGs
[2025-11-29T11:24:09.733+0000] {logging_mixin.py:190} INFO - [2025-11-29T11:24:09.733+0000] {dag.py:4180} INFO - Setting next_dagrun for example_python_operator to None, run_after=None
[2025-11-29T11:24:09.760+0000] {processor.py:208} INFO - Processing /home/airflow/.local/lib/python3.12/site-packages/airflow/example_dags/example_python_operator.py took 0.111 seconds
[2025-11-29T11:24:40.193+0000] {processor.py:186} INFO - Started process (PID=884) to work on /home/airflow/.local/lib/python3.12/site-packages/airflow/example_dags/example_python_operator.py
[2025-11-29T11:24:40.195+0000] {processor.py:914} INFO - Processing file /home/airflow/.local/lib/python3.12/site-packages/airflow/example_dags/example_python_operator.py for tasks to queue
[2025-11-29T11:24:40.196+0000] {logging_mixin.py:190} INFO - [2025-11-29T11:24:40.196+0000] {dagbag.py:588} INFO - Filling up the DagBag from /home/airflow/.local/lib/python3.12/site-packages/airflow/example_dags/example_python_operator.py
[2025-11-29T11:24:40.213+0000] {processor.py:925} INFO - DAG(s) 'example_python_operator' retrieved from /home/airflow/.local/lib/python3.12/site-packages/airflow/example_dags/example_python_operator.py
[2025-11-29T11:24:40.240+0000] {logging_mixin.py:190} INFO - [2025-11-29T11:24:40.240+0000] {dag.py:3239} INFO - Sync 1 DAGs
[2025-11-29T11:24:40.257+0000] {logging_mixin.py:190} INFO - [2025-11-29T11:24:40.256+0000] {dag.py:4180} INFO - Setting next_dagrun for example_python_operator to None, run_after=None
[2025-11-29T11:24:40.277+0000] {processor.py:208} INFO - Processing /home/airflow/.local/lib/python3.12/site-packages/airflow/example_dags/example_python_operator.py took 0.091 seconds
[2025-11-29T11:25:11.228+0000] {processor.py:186} INFO - Started process (PID=952) to work on /home/airflow/.local/lib/python3.12/site-packages/airflow/example_dags/example_python_operator.py
[2025-11-29T11:25:11.230+0000] {processor.py:914} INFO - Processing file /home/airflow/.local/lib/python3.12/site-packages/airflow/example_dags/example_python_operator.py for tasks to queue
[2025-11-29T11:25:11.232+0000] {logging_mixin.py:190} INFO - [2025-11-29T11:25:11.232+0000] {dagbag.py:588} INFO - Filling up the DagBag from /home/airflow/.local/lib/python3.12/site-packages/airflow/example_dags/example_python_operator.py
[2025-11-29T11:25:11.249+0000] {processor.py:925} INFO - DAG(s) 'example_python_operator' retrieved from /home/airflow/.local/lib/python3.12/site-packages/airflow/example_dags/example_python_operator.py
[2025-11-29T11:25:11.278+0000] {logging_mixin.py:190} INFO - [2025-11-29T11:25:11.277+0000] {dag.py:3239} INFO - Sync 1 DAGs
[2025-11-29T11:25:11.297+0000] {logging_mixin.py:190} INFO - [2025-11-29T11:25:11.297+0000] {dag.py:4180} INFO - Setting next_dagrun for example_python_operator to None, run_after=None
[2025-11-29T11:25:11.319+0000] {processor.py:208} INFO - Processing /home/airflow/.local/lib/python3.12/site-packages/airflow/example_dags/example_python_operator.py took 0.099 seconds
[2025-11-29T11:25:41.443+0000] {processor.py:186} INFO - Started process (PID=1020) to work on /home/airflow/.local/lib/python3.12/site-packages/airflow/example_dags/example_python_operator.py
[2025-11-29T11:25:41.445+0000] {processor.py:914} INFO - Processing file /home/airflow/.local/lib/python3.12/site-packages/airflow/example_dags/example_python_operator.py for tasks to queue
[2025-11-29T11:25:41.446+0000] {logging_mixin.py:190} INFO - [2025-11-29T11:25:41.446+0000] {dagbag.py:588} INFO - Filling up the DagBag from /home/airflow/.local/lib/python3.12/site-packages/airflow/example_dags/example_python_operator.py
[2025-11-29T11:25:41.462+0000] {processor.py:925} INFO - DAG(s) 'example_python_operator' retrieved from /home/airflow/.local/lib/python3.12/site-packages/airflow/example_dags/example_python_operator.py
[2025-11-29T11:25:41.491+0000] {logging_mixin.py:190} INFO - [2025-11-29T11:25:41.491+0000] {dag.py:3239} INFO - Sync 1 DAGs
[2025-11-29T11:25:41.510+0000] {logging_mixin.py:190} INFO - [2025-11-29T11:25:41.510+0000] {dag.py:4180} INFO - Setting next_dagrun for example_python_operator to None, run_after=None
[2025-11-29T11:25:41.537+0000] {processor.py:208} INFO - Processing /home/airflow/.local/lib/python3.12/site-packages/airflow/example_dags/example_python_operator.py took 0.101 seconds
[2025-11-29T11:26:11.998+0000] {processor.py:186} INFO - Started process (PID=1089) to work on /home/airflow/.local/lib/python3.12/site-packages/airflow/example_dags/example_python_operator.py
[2025-11-29T11:26:11.999+0000] {processor.py:914} INFO - Processing file /home/airflow/.local/lib/python3.12/site-packages/airflow/example_dags/example_python_operator.py for tasks to queue
[2025-11-29T11:26:12.001+0000] {logging_mixin.py:190} INFO - [2025-11-29T11:26:12.000+0000] {dagbag.py:588} INFO - Filling up the DagBag from /home/airflow/.local/lib/python3.12/site-packages/airflow/example_dags/example_python_operator.py
[2025-11-29T11:26:12.020+0000] {processor.py:925} INFO - DAG(s) 'example_python_operator' retrieved from /home/airflow/.local/lib/python3.12/site-packages/airflow/example_dags/example_python_operator.py
[2025-11-29T11:26:12.050+0000] {logging_mixin.py:190} INFO - [2025-11-29T11:26:12.049+0000] {dag.py:3239} INFO - Sync 1 DAGs
[2025-11-29T11:26:12.069+0000] {logging_mixin.py:190} INFO - [2025-11-29T11:26:12.069+0000] {dag.py:4180} INFO - Setting next_dagrun for example_python_operator to None, run_after=None
[2025-11-29T11:26:12.092+0000] {processor.py:208} INFO - Processing /home/airflow/.local/lib/python3.12/site-packages/airflow/example_dags/example_python_operator.py took 0.102 seconds
[2025-11-29T11:26:42.439+0000] {processor.py:186} INFO - Started process (PID=1157) to work on /home/airflow/.local/lib/python3.12/site-packages/airflow/example_dags/example_python_operator.py
[2025-11-29T11:26:42.441+0000] {processor.py:914} INFO - Processing file /home/airflow/.local/lib/python3.12/site-packages/airflow/example_dags/example_python_operator.py for tasks to queue
[2025-11-29T11:26:42.442+0000] {logging_mixin.py:190} INFO - [2025-11-29T11:26:42.442+0000] {dagbag.py:588} INFO - Filling up the DagBag from /home/airflow/.local/lib/python3.12/site-packages/airflow/example_dags/example_python_operator.py
[2025-11-29T11:26:42.458+0000] {processor.py:925} INFO - DAG(s) 'example_python_operator' retrieved from /home/airflow/.local/lib/python3.12/site-packages/airflow/example_dags/example_python_operator.py
[2025-11-29T11:26:42.485+0000] {logging_mixin.py:190} INFO - [2025-11-29T11:26:42.485+0000] {dag.py:3239} INFO - Sync 1 DAGs
[2025-11-29T11:26:42.503+0000] {logging_mixin.py:190} INFO - [2025-11-29T11:26:42.503+0000] {dag.py:4180} INFO - Setting next_dagrun for example_python_operator to None, run_after=None
[2025-11-29T11:26:42.526+0000] {processor.py:208} INFO - Processing /home/airflow/.local/lib/python3.12/site-packages/airflow/example_dags/example_python_operator.py took 0.096 seconds
[2025-11-29T11:27:13.063+0000] {processor.py:186} INFO - Started process (PID=1225) to work on /home/airflow/.local/lib/python3.12/site-packages/airflow/example_dags/example_python_operator.py
[2025-11-29T11:27:13.065+0000] {processor.py:914} INFO - Processing file /home/airflow/.local/lib/python3.12/site-packages/airflow/example_dags/example_python_operator.py for tasks to queue
[2025-11-29T11:27:13.067+0000] {logging_mixin.py:190} INFO - [2025-11-29T11:27:13.066+0000] {dagbag.py:588} INFO - Filling up the DagBag from /home/airflow/.local/lib/python3.12/site-packages/airflow/example_dags/example_python_operator.py
[2025-11-29T11:27:13.086+0000] {processor.py:925} INFO - DAG(s) 'example_python_operator' retrieved from /home/airflow/.local/lib/python3.12/site-packages/airflow/example_dags/example_python_operator.py
[2025-11-29T11:27:13.117+0000] {logging_mixin.py:190} INFO - [2025-11-29T11:27:13.117+0000] {dag.py:3239} INFO - Sync 1 DAGs
[2025-11-29T11:27:13.135+0000] {logging_mixin.py:190} INFO - [2025-11-29T11:27:13.135+0000] {dag.py:4180} INFO - Setting next_dagrun for example_python_operator to None, run_after=None
[2025-11-29T11:27:13.161+0000] {processor.py:208} INFO - Processing /home/airflow/.local/lib/python3.12/site-packages/airflow/example_dags/example_python_operator.py took 0.105 seconds
[2025-11-29T11:27:44.153+0000] {processor.py:186} INFO - Started process (PID=1293) to work on /home/airflow/.local/lib/python3.12/site-packages/airflow/example_dags/example_python_operator.py
[2025-11-29T11:27:44.155+0000] {processor.py:914} INFO - Processing file /home/airflow/.local/lib/python3.12/site-packages/airflow/example_dags/example_python_operator.py for tasks to queue
[2025-11-29T11:27:44.157+0000] {logging_mixin.py:190} INFO - [2025-11-29T11:27:44.156+0000] {dagbag.py:588} INFO - Filling up the DagBag from /home/airflow/.local/lib/python3.12/site-packages/airflow/example_dags/example_python_operator.py
[2025-11-29T11:27:44.175+0000] {processor.py:925} INFO - DAG(s) 'example_python_operator' retrieved from /home/airflow/.local/lib/python3.12/site-packages/airflow/example_dags/example_python_operator.py
[2025-11-29T11:27:44.210+0000] {logging_mixin.py:190} INFO - [2025-11-29T11:27:44.209+0000] {dag.py:3239} INFO - Sync 1 DAGs
[2025-11-29T11:27:44.234+0000] {logging_mixin.py:190} INFO - [2025-11-29T11:27:44.233+0000] {dag.py:4180} INFO - Setting next_dagrun for example_python_operator to None, run_after=None
[2025-11-29T11:27:44.263+0000] {processor.py:208} INFO - Processing /home/airflow/.local/lib/python3.12/site-packages/airflow/example_dags/example_python_operator.py took 0.119 seconds
[2025-11-29T11:28:14.720+0000] {processor.py:186} INFO - Started process (PID=1362) to work on /home/airflow/.local/lib/python3.12/site-packages/airflow/example_dags/example_python_operator.py
[2025-11-29T11:28:14.722+0000] {processor.py:914} INFO - Processing file /home/airflow/.local/lib/python3.12/site-packages/airflow/example_dags/example_python_operator.py for tasks to queue
[2025-11-29T11:28:14.723+0000] {logging_mixin.py:190} INFO - [2025-11-29T11:28:14.723+0000] {dagbag.py:588} INFO - Filling up the DagBag from /home/airflow/.local/lib/python3.12/site-packages/airflow/example_dags/example_python_operator.py
[2025-11-29T11:28:14.742+0000] {processor.py:925} INFO - DAG(s) 'example_python_operator' retrieved from /home/airflow/.local/lib/python3.12/site-packages/airflow/example_dags/example_python_operator.py
[2025-11-29T11:28:14.770+0000] {logging_mixin.py:190} INFO - [2025-11-29T11:28:14.769+0000] {dag.py:3239} INFO - Sync 1 DAGs
[2025-11-29T11:28:14.786+0000] {logging_mixin.py:190} INFO - [2025-11-29T11:28:14.785+0000] {dag.py:4180} INFO - Setting next_dagrun for example_python_operator to None, run_after=None
[2025-11-29T11:28:14.810+0000] {processor.py:208} INFO - Processing /home/airflow/.local/lib/python3.12/site-packages/airflow/example_dags/example_python_operator.py took 0.098 seconds
[2025-11-29T11:28:45.155+0000] {processor.py:186} INFO - Started process (PID=1430) to work on /home/airflow/.local/lib/python3.12/site-packages/airflow/example_dags/example_python_operator.py
[2025-11-29T11:28:45.156+0000] {processor.py:914} INFO - Processing file /home/airflow/.local/lib/python3.12/site-packages/airflow/example_dags/example_python_operator.py for tasks to queue
[2025-11-29T11:28:45.157+0000] {logging_mixin.py:190} INFO - [2025-11-29T11:28:45.157+0000] {dagbag.py:588} INFO - Filling up the DagBag from /home/airflow/.local/lib/python3.12/site-packages/airflow/example_dags/example_python_operator.py
[2025-11-29T11:28:45.176+0000] {processor.py:925} INFO - DAG(s) 'example_python_operator' retrieved from /home/airflow/.local/lib/python3.12/site-packages/airflow/example_dags/example_python_operator.py
[2025-11-29T11:28:45.205+0000] {logging_mixin.py:190} INFO - [2025-11-29T11:28:45.205+0000] {dag.py:3239} INFO - Sync 1 DAGs
[2025-11-29T11:28:45.224+0000] {logging_mixin.py:190} INFO - [2025-11-29T11:28:45.224+0000] {dag.py:4180} INFO - Setting next_dagrun for example_python_operator to None, run_after=None
[2025-11-29T11:28:45.254+0000] {processor.py:208} INFO - Processing /home/airflow/.local/lib/python3.12/site-packages/airflow/example_dags/example_python_operator.py took 0.108 seconds
[2025-11-29T11:29:16.003+0000] {processor.py:186} INFO - Started process (PID=1498) to work on /home/airflow/.local/lib/python3.12/site-packages/airflow/example_dags/example_python_operator.py
[2025-11-29T11:29:16.004+0000] {processor.py:914} INFO - Processing file /home/airflow/.local/lib/python3.12/site-packages/airflow/example_dags/example_python_operator.py for tasks to queue
[2025-11-29T11:29:16.006+0000] {logging_mixin.py:190} INFO - [2025-11-29T11:29:16.005+0000] {dagbag.py:588} INFO - Filling up the DagBag from /home/airflow/.local/lib/python3.12/site-packages/airflow/example_dags/example_python_operator.py
[2025-11-29T11:29:16.022+0000] {processor.py:925} INFO - DAG(s) 'example_python_operator' retrieved from /home/airflow/.local/lib/python3.12/site-packages/airflow/example_dags/example_python_operator.py
[2025-11-29T11:29:16.049+0000] {logging_mixin.py:190} INFO - [2025-11-29T11:29:16.049+0000] {dag.py:3239} INFO - Sync 1 DAGs
[2025-11-29T11:29:16.065+0000] {logging_mixin.py:190} INFO - [2025-11-29T11:29:16.064+0000] {dag.py:4180} INFO - Setting next_dagrun for example_python_operator to None, run_after=None
[2025-11-29T11:29:16.090+0000] {processor.py:208} INFO - Processing /home/airflow/.local/lib/python3.12/site-packages/airflow/example_dags/example_python_operator.py took 0.094 seconds
[2025-11-29T11:29:46.289+0000] {processor.py:186} INFO - Started process (PID=1568) to work on /home/airflow/.local/lib/python3.12/site-packages/airflow/example_dags/example_python_operator.py
[2025-11-29T11:29:46.291+0000] {processor.py:914} INFO - Processing file /home/airflow/.local/lib/python3.12/site-packages/airflow/example_dags/example_python_operator.py for tasks to queue
[2025-11-29T11:29:46.292+0000] {logging_mixin.py:190} INFO - [2025-11-29T11:29:46.292+0000] {dagbag.py:588} INFO - Filling up the DagBag from /home/airflow/.local/lib/python3.12/site-packages/airflow/example_dags/example_python_operator.py
[2025-11-29T11:29:46.309+0000] {processor.py:925} INFO - DAG(s) 'example_python_operator' retrieved from /home/airflow/.local/lib/python3.12/site-packages/airflow/example_dags/example_python_operator.py
[2025-11-29T11:29:46.337+0000] {logging_mixin.py:190} INFO - [2025-11-29T11:29:46.336+0000] {dag.py:3239} INFO - Sync 1 DAGs
[2025-11-29T11:29:46.354+0000] {logging_mixin.py:190} INFO - [2025-11-29T11:29:46.354+0000] {dag.py:4180} INFO - Setting next_dagrun for example_python_operator to None, run_after=None
[2025-11-29T11:29:46.376+0000] {processor.py:208} INFO - Processing /home/airflow/.local/lib/python3.12/site-packages/airflow/example_dags/example_python_operator.py took 0.095 seconds
[2025-11-29T11:30:16.828+0000] {processor.py:186} INFO - Started process (PID=1637) to work on /home/airflow/.local/lib/python3.12/site-packages/airflow/example_dags/example_python_operator.py
[2025-11-29T11:30:16.830+0000] {processor.py:914} INFO - Processing file /home/airflow/.local/lib/python3.12/site-packages/airflow/example_dags/example_python_operator.py for tasks to queue
[2025-11-29T11:30:16.832+0000] {logging_mixin.py:190} INFO - [2025-11-29T11:30:16.831+0000] {dagbag.py:588} INFO - Filling up the DagBag from /home/airflow/.local/lib/python3.12/site-packages/airflow/example_dags/example_python_operator.py
[2025-11-29T11:30:16.849+0000] {processor.py:925} INFO - DAG(s) 'example_python_operator' retrieved from /home/airflow/.local/lib/python3.12/site-packages/airflow/example_dags/example_python_operator.py
[2025-11-29T11:30:16.878+0000] {logging_mixin.py:190} INFO - [2025-11-29T11:30:16.878+0000] {dag.py:3239} INFO - Sync 1 DAGs
[2025-11-29T11:30:16.897+0000] {logging_mixin.py:190} INFO - [2025-11-29T11:30:16.896+0000] {dag.py:4180} INFO - Setting next_dagrun for example_python_operator to None, run_after=None
[2025-11-29T11:30:16.921+0000] {processor.py:208} INFO - Processing /home/airflow/.local/lib/python3.12/site-packages/airflow/example_dags/example_python_operator.py took 0.101 seconds
[2025-11-29T11:30:47.499+0000] {processor.py:186} INFO - Started process (PID=1705) to work on /home/airflow/.local/lib/python3.12/site-packages/airflow/example_dags/example_python_operator.py
[2025-11-29T11:30:47.500+0000] {processor.py:914} INFO - Processing file /home/airflow/.local/lib/python3.12/site-packages/airflow/example_dags/example_python_operator.py for tasks to queue
[2025-11-29T11:30:47.502+0000] {logging_mixin.py:190} INFO - [2025-11-29T11:30:47.501+0000] {dagbag.py:588} INFO - Filling up the DagBag from /home/airflow/.local/lib/python3.12/site-packages/airflow/example_dags/example_python_operator.py
[2025-11-29T11:30:47.519+0000] {processor.py:925} INFO - DAG(s) 'example_python_operator' retrieved from /home/airflow/.local/lib/python3.12/site-packages/airflow/example_dags/example_python_operator.py
[2025-11-29T11:30:47.546+0000] {logging_mixin.py:190} INFO - [2025-11-29T11:30:47.545+0000] {dag.py:3239} INFO - Sync 1 DAGs
[2025-11-29T11:30:47.563+0000] {logging_mixin.py:190} INFO - [2025-11-29T11:30:47.562+0000] {dag.py:4180} INFO - Setting next_dagrun for example_python_operator to None, run_after=None
[2025-11-29T11:30:47.585+0000] {processor.py:208} INFO - Processing /home/airflow/.local/lib/python3.12/site-packages/airflow/example_dags/example_python_operator.py took 0.094 seconds
[2025-11-29T11:31:17.803+0000] {processor.py:186} INFO - Started process (PID=1773) to work on /home/airflow/.local/lib/python3.12/site-packages/airflow/example_dags/example_python_operator.py
[2025-11-29T11:31:17.805+0000] {processor.py:914} INFO - Processing file /home/airflow/.local/lib/python3.12/site-packages/airflow/example_dags/example_python_operator.py for tasks to queue
[2025-11-29T11:31:17.807+0000] {logging_mixin.py:190} INFO - [2025-11-29T11:31:17.806+0000] {dagbag.py:588} INFO - Filling up the DagBag from /home/airflow/.local/lib/python3.12/site-packages/airflow/example_dags/example_python_operator.py
[2025-11-29T11:31:17.825+0000] {processor.py:925} INFO - DAG(s) 'example_python_operator' retrieved from /home/airflow/.local/lib/python3.12/site-packages/airflow/example_dags/example_python_operator.py
[2025-11-29T11:31:17.856+0000] {logging_mixin.py:190} INFO - [2025-11-29T11:31:17.856+0000] {dag.py:3239} INFO - Sync 1 DAGs
[2025-11-29T11:31:17.876+0000] {logging_mixin.py:190} INFO - [2025-11-29T11:31:17.875+0000] {dag.py:4180} INFO - Setting next_dagrun for example_python_operator to None, run_after=None
[2025-11-29T11:31:17.901+0000] {processor.py:208} INFO - Processing /home/airflow/.local/lib/python3.12/site-packages/airflow/example_dags/example_python_operator.py took 0.107 seconds
[2025-11-29T11:31:48.231+0000] {processor.py:186} INFO - Started process (PID=1841) to work on /home/airflow/.local/lib/python3.12/site-packages/airflow/example_dags/example_python_operator.py
[2025-11-29T11:31:48.232+0000] {processor.py:914} INFO - Processing file /home/airflow/.local/lib/python3.12/site-packages/airflow/example_dags/example_python_operator.py for tasks to queue
[2025-11-29T11:31:48.234+0000] {logging_mixin.py:190} INFO - [2025-11-29T11:31:48.233+0000] {dagbag.py:588} INFO - Filling up the DagBag from /home/airflow/.local/lib/python3.12/site-packages/airflow/example_dags/example_python_operator.py
[2025-11-29T11:31:48.251+0000] {processor.py:925} INFO - DAG(s) 'example_python_operator' retrieved from /home/airflow/.local/lib/python3.12/site-packages/airflow/example_dags/example_python_operator.py
[2025-11-29T11:31:48.277+0000] {logging_mixin.py:190} INFO - [2025-11-29T11:31:48.277+0000] {dag.py:3239} INFO - Sync 1 DAGs
[2025-11-29T11:31:48.295+0000] {logging_mixin.py:190} INFO - [2025-11-29T11:31:48.294+0000] {dag.py:4180} INFO - Setting next_dagrun for example_python_operator to None, run_after=None
[2025-11-29T11:31:48.318+0000] {processor.py:208} INFO - Processing /home/airflow/.local/lib/python3.12/site-packages/airflow/example_dags/example_python_operator.py took 0.094 seconds
[2025-11-29T11:32:18.908+0000] {processor.py:186} INFO - Started process (PID=1909) to work on /home/airflow/.local/lib/python3.12/site-packages/airflow/example_dags/example_python_operator.py
[2025-11-29T11:32:18.910+0000] {processor.py:914} INFO - Processing file /home/airflow/.local/lib/python3.12/site-packages/airflow/example_dags/example_python_operator.py for tasks to queue
[2025-11-29T11:32:18.912+0000] {logging_mixin.py:190} INFO - [2025-11-29T11:32:18.911+0000] {dagbag.py:588} INFO - Filling up the DagBag from /home/airflow/.local/lib/python3.12/site-packages/airflow/example_dags/example_python_operator.py
[2025-11-29T11:32:18.934+0000] {processor.py:925} INFO - DAG(s) 'example_python_operator' retrieved from /home/airflow/.local/lib/python3.12/site-packages/airflow/example_dags/example_python_operator.py
[2025-11-29T11:32:18.971+0000] {logging_mixin.py:190} INFO - [2025-11-29T11:32:18.970+0000] {dag.py:3239} INFO - Sync 1 DAGs
[2025-11-29T11:32:18.991+0000] {logging_mixin.py:190} INFO - [2025-11-29T11:32:18.991+0000] {dag.py:4180} INFO - Setting next_dagrun for example_python_operator to None, run_after=None
[2025-11-29T11:32:19.018+0000] {processor.py:208} INFO - Processing /home/airflow/.local/lib/python3.12/site-packages/airflow/example_dags/example_python_operator.py took 0.117 seconds
[2025-11-29T11:32:49.545+0000] {processor.py:186} INFO - Started process (PID=1978) to work on /home/airflow/.local/lib/python3.12/site-packages/airflow/example_dags/example_python_operator.py
[2025-11-29T11:32:49.546+0000] {processor.py:914} INFO - Processing file /home/airflow/.local/lib/python3.12/site-packages/airflow/example_dags/example_python_operator.py for tasks to queue
[2025-11-29T11:32:49.548+0000] {logging_mixin.py:190} INFO - [2025-11-29T11:32:49.547+0000] {dagbag.py:588} INFO - Filling up the DagBag from /home/airflow/.local/lib/python3.12/site-packages/airflow/example_dags/example_python_operator.py
[2025-11-29T11:32:49.565+0000] {processor.py:925} INFO - DAG(s) 'example_python_operator' retrieved from /home/airflow/.local/lib/python3.12/site-packages/airflow/example_dags/example_python_operator.py
[2025-11-29T11:32:49.593+0000] {logging_mixin.py:190} INFO - [2025-11-29T11:32:49.593+0000] {dag.py:3239} INFO - Sync 1 DAGs
[2025-11-29T11:32:49.611+0000] {logging_mixin.py:190} INFO - [2025-11-29T11:32:49.611+0000] {dag.py:4180} INFO - Setting next_dagrun for example_python_operator to None, run_after=None
[2025-11-29T11:32:49.635+0000] {processor.py:208} INFO - Processing /home/airflow/.local/lib/python3.12/site-packages/airflow/example_dags/example_python_operator.py took 0.098 seconds
[2025-11-29T11:33:20.592+0000] {processor.py:186} INFO - Started process (PID=2046) to work on /home/airflow/.local/lib/python3.12/site-packages/airflow/example_dags/example_python_operator.py
[2025-11-29T11:33:20.593+0000] {processor.py:914} INFO - Processing file /home/airflow/.local/lib/python3.12/site-packages/airflow/example_dags/example_python_operator.py for tasks to queue
[2025-11-29T11:33:20.595+0000] {logging_mixin.py:190} INFO - [2025-11-29T11:33:20.595+0000] {dagbag.py:588} INFO - Filling up the DagBag from /home/airflow/.local/lib/python3.12/site-packages/airflow/example_dags/example_python_operator.py
[2025-11-29T11:33:20.618+0000] {processor.py:925} INFO - DAG(s) 'example_python_operator' retrieved from /home/airflow/.local/lib/python3.12/site-packages/airflow/example_dags/example_python_operator.py
[2025-11-29T11:33:20.649+0000] {logging_mixin.py:190} INFO - [2025-11-29T11:33:20.649+0000] {dag.py:3239} INFO - Sync 1 DAGs
[2025-11-29T11:33:20.670+0000] {logging_mixin.py:190} INFO - [2025-11-29T11:33:20.669+0000] {dag.py:4180} INFO - Setting next_dagrun for example_python_operator to None, run_after=None
[2025-11-29T11:33:20.694+0000] {processor.py:208} INFO - Processing /home/airflow/.local/lib/python3.12/site-packages/airflow/example_dags/example_python_operator.py took 0.111 seconds
[2025-11-29T11:33:50.895+0000] {processor.py:186} INFO - Started process (PID=2114) to work on /home/airflow/.local/lib/python3.12/site-packages/airflow/example_dags/example_python_operator.py
[2025-11-29T11:33:50.897+0000] {processor.py:914} INFO - Processing file /home/airflow/.local/lib/python3.12/site-packages/airflow/example_dags/example_python_operator.py for tasks to queue
[2025-11-29T11:33:50.899+0000] {logging_mixin.py:190} INFO - [2025-11-29T11:33:50.898+0000] {dagbag.py:588} INFO - Filling up the DagBag from /home/airflow/.local/lib/python3.12/site-packages/airflow/example_dags/example_python_operator.py
[2025-11-29T11:33:50.947+0000] {processor.py:925} INFO - DAG(s) 'example_python_operator' retrieved from /home/airflow/.local/lib/python3.12/site-packages/airflow/example_dags/example_python_operator.py
[2025-11-29T11:33:51.017+0000] {logging_mixin.py:190} INFO - [2025-11-29T11:33:51.016+0000] {dag.py:3239} INFO - Sync 1 DAGs
[2025-11-29T11:33:51.052+0000] {logging_mixin.py:190} INFO - [2025-11-29T11:33:51.052+0000] {dag.py:4180} INFO - Setting next_dagrun for example_python_operator to None, run_after=None
[2025-11-29T11:33:51.089+0000] {processor.py:208} INFO - Processing /home/airflow/.local/lib/python3.12/site-packages/airflow/example_dags/example_python_operator.py took 0.205 seconds
[2025-11-29T11:34:21.914+0000] {processor.py:186} INFO - Started process (PID=2182) to work on /home/airflow/.local/lib/python3.12/site-packages/airflow/example_dags/example_python_operator.py
[2025-11-29T11:34:21.915+0000] {processor.py:914} INFO - Processing file /home/airflow/.local/lib/python3.12/site-packages/airflow/example_dags/example_python_operator.py for tasks to queue
[2025-11-29T11:34:21.917+0000] {logging_mixin.py:190} INFO - [2025-11-29T11:34:21.917+0000] {dagbag.py:588} INFO - Filling up the DagBag from /home/airflow/.local/lib/python3.12/site-packages/airflow/example_dags/example_python_operator.py
[2025-11-29T11:34:21.937+0000] {processor.py:925} INFO - DAG(s) 'example_python_operator' retrieved from /home/airflow/.local/lib/python3.12/site-packages/airflow/example_dags/example_python_operator.py
[2025-11-29T11:34:21.969+0000] {logging_mixin.py:190} INFO - [2025-11-29T11:34:21.968+0000] {dag.py:3239} INFO - Sync 1 DAGs
[2025-11-29T11:34:21.991+0000] {logging_mixin.py:190} INFO - [2025-11-29T11:34:21.991+0000] {dag.py:4180} INFO - Setting next_dagrun for example_python_operator to None, run_after=None
[2025-11-29T11:34:22.018+0000] {processor.py:208} INFO - Processing /home/airflow/.local/lib/python3.12/site-packages/airflow/example_dags/example_python_operator.py took 0.113 seconds
[2025-11-29T11:34:52.703+0000] {processor.py:186} INFO - Started process (PID=2250) to work on /home/airflow/.local/lib/python3.12/site-packages/airflow/example_dags/example_python_operator.py
[2025-11-29T11:34:52.705+0000] {processor.py:914} INFO - Processing file /home/airflow/.local/lib/python3.12/site-packages/airflow/example_dags/example_python_operator.py for tasks to queue
[2025-11-29T11:34:52.707+0000] {logging_mixin.py:190} INFO - [2025-11-29T11:34:52.706+0000] {dagbag.py:588} INFO - Filling up the DagBag from /home/airflow/.local/lib/python3.12/site-packages/airflow/example_dags/example_python_operator.py
[2025-11-29T11:34:52.724+0000] {processor.py:925} INFO - DAG(s) 'example_python_operator' retrieved from /home/airflow/.local/lib/python3.12/site-packages/airflow/example_dags/example_python_operator.py
[2025-11-29T11:34:52.751+0000] {logging_mixin.py:190} INFO - [2025-11-29T11:34:52.751+0000] {dag.py:3239} INFO - Sync 1 DAGs
[2025-11-29T11:34:52.769+0000] {logging_mixin.py:190} INFO - [2025-11-29T11:34:52.768+0000] {dag.py:4180} INFO - Setting next_dagrun for example_python_operator to None, run_after=None
[2025-11-29T11:34:52.791+0000] {processor.py:208} INFO - Processing /home/airflow/.local/lib/python3.12/site-packages/airflow/example_dags/example_python_operator.py took 0.095 seconds
[2025-11-29T11:35:22.904+0000] {processor.py:186} INFO - Started process (PID=2318) to work on /home/airflow/.local/lib/python3.12/site-packages/airflow/example_dags/example_python_operator.py
[2025-11-29T11:35:22.906+0000] {processor.py:914} INFO - Processing file /home/airflow/.local/lib/python3.12/site-packages/airflow/example_dags/example_python_operator.py for tasks to queue
[2025-11-29T11:35:22.908+0000] {logging_mixin.py:190} INFO - [2025-11-29T11:35:22.907+0000] {dagbag.py:588} INFO - Filling up the DagBag from /home/airflow/.local/lib/python3.12/site-packages/airflow/example_dags/example_python_operator.py
[2025-11-29T11:35:22.925+0000] {processor.py:925} INFO - DAG(s) 'example_python_operator' retrieved from /home/airflow/.local/lib/python3.12/site-packages/airflow/example_dags/example_python_operator.py
[2025-11-29T11:35:22.952+0000] {logging_mixin.py:190} INFO - [2025-11-29T11:35:22.951+0000] {dag.py:3239} INFO - Sync 1 DAGs
[2025-11-29T11:35:22.968+0000] {logging_mixin.py:190} INFO - [2025-11-29T11:35:22.968+0000] {dag.py:4180} INFO - Setting next_dagrun for example_python_operator to None, run_after=None
[2025-11-29T11:35:22.990+0000] {processor.py:208} INFO - Processing /home/airflow/.local/lib/python3.12/site-packages/airflow/example_dags/example_python_operator.py took 0.093 seconds
[2025-11-29T11:35:53.269+0000] {processor.py:186} INFO - Started process (PID=2388) to work on /home/airflow/.local/lib/python3.12/site-packages/airflow/example_dags/example_python_operator.py
[2025-11-29T11:35:53.270+0000] {processor.py:914} INFO - Processing file /home/airflow/.local/lib/python3.12/site-packages/airflow/example_dags/example_python_operator.py for tasks to queue
[2025-11-29T11:35:53.272+0000] {logging_mixin.py:190} INFO - [2025-11-29T11:35:53.271+0000] {dagbag.py:588} INFO - Filling up the DagBag from /home/airflow/.local/lib/python3.12/site-packages/airflow/example_dags/example_python_operator.py
[2025-11-29T11:35:53.289+0000] {processor.py:925} INFO - DAG(s) 'example_python_operator' retrieved from /home/airflow/.local/lib/python3.12/site-packages/airflow/example_dags/example_python_operator.py
[2025-11-29T11:35:53.317+0000] {logging_mixin.py:190} INFO - [2025-11-29T11:35:53.317+0000] {dag.py:3239} INFO - Sync 1 DAGs
[2025-11-29T11:35:53.335+0000] {logging_mixin.py:190} INFO - [2025-11-29T11:35:53.334+0000] {dag.py:4180} INFO - Setting next_dagrun for example_python_operator to None, run_after=None
[2025-11-29T11:35:53.360+0000] {processor.py:208} INFO - Processing /home/airflow/.local/lib/python3.12/site-packages/airflow/example_dags/example_python_operator.py took 0.100 seconds
[2025-11-29T11:36:23.861+0000] {processor.py:186} INFO - Started process (PID=2463) to work on /home/airflow/.local/lib/python3.12/site-packages/airflow/example_dags/example_python_operator.py
[2025-11-29T11:36:23.862+0000] {processor.py:914} INFO - Processing file /home/airflow/.local/lib/python3.12/site-packages/airflow/example_dags/example_python_operator.py for tasks to queue
[2025-11-29T11:36:23.864+0000] {logging_mixin.py:190} INFO - [2025-11-29T11:36:23.864+0000] {dagbag.py:588} INFO - Filling up the DagBag from /home/airflow/.local/lib/python3.12/site-packages/airflow/example_dags/example_python_operator.py
[2025-11-29T11:36:23.881+0000] {processor.py:925} INFO - DAG(s) 'example_python_operator' retrieved from /home/airflow/.local/lib/python3.12/site-packages/airflow/example_dags/example_python_operator.py
[2025-11-29T11:36:23.910+0000] {logging_mixin.py:190} INFO - [2025-11-29T11:36:23.909+0000] {dag.py:3239} INFO - Sync 1 DAGs
[2025-11-29T11:36:23.929+0000] {logging_mixin.py:190} INFO - [2025-11-29T11:36:23.929+0000] {dag.py:4180} INFO - Setting next_dagrun for example_python_operator to None, run_after=None
[2025-11-29T11:36:23.957+0000] {processor.py:208} INFO - Processing /home/airflow/.local/lib/python3.12/site-packages/airflow/example_dags/example_python_operator.py took 0.103 seconds
[2025-11-29T11:36:54.731+0000] {processor.py:186} INFO - Started process (PID=2531) to work on /home/airflow/.local/lib/python3.12/site-packages/airflow/example_dags/example_python_operator.py
[2025-11-29T11:36:54.732+0000] {processor.py:914} INFO - Processing file /home/airflow/.local/lib/python3.12/site-packages/airflow/example_dags/example_python_operator.py for tasks to queue
[2025-11-29T11:36:54.734+0000] {logging_mixin.py:190} INFO - [2025-11-29T11:36:54.734+0000] {dagbag.py:588} INFO - Filling up the DagBag from /home/airflow/.local/lib/python3.12/site-packages/airflow/example_dags/example_python_operator.py
[2025-11-29T11:36:54.750+0000] {processor.py:925} INFO - DAG(s) 'example_python_operator' retrieved from /home/airflow/.local/lib/python3.12/site-packages/airflow/example_dags/example_python_operator.py
[2025-11-29T11:36:54.780+0000] {logging_mixin.py:190} INFO - [2025-11-29T11:36:54.779+0000] {dag.py:3239} INFO - Sync 1 DAGs
[2025-11-29T11:36:54.798+0000] {logging_mixin.py:190} INFO - [2025-11-29T11:36:54.797+0000] {dag.py:4180} INFO - Setting next_dagrun for example_python_operator to None, run_after=None
[2025-11-29T11:36:54.822+0000] {processor.py:208} INFO - Processing /home/airflow/.local/lib/python3.12/site-packages/airflow/example_dags/example_python_operator.py took 0.099 seconds
[2025-11-29T11:37:25.490+0000] {processor.py:186} INFO - Started process (PID=2599) to work on /home/airflow/.local/lib/python3.12/site-packages/airflow/example_dags/example_python_operator.py
[2025-11-29T11:37:25.492+0000] {processor.py:914} INFO - Processing file /home/airflow/.local/lib/python3.12/site-packages/airflow/example_dags/example_python_operator.py for tasks to queue
[2025-11-29T11:37:25.494+0000] {logging_mixin.py:190} INFO - [2025-11-29T11:37:25.493+0000] {dagbag.py:588} INFO - Filling up the DagBag from /home/airflow/.local/lib/python3.12/site-packages/airflow/example_dags/example_python_operator.py
[2025-11-29T11:37:25.512+0000] {processor.py:925} INFO - DAG(s) 'example_python_operator' retrieved from /home/airflow/.local/lib/python3.12/site-packages/airflow/example_dags/example_python_operator.py
[2025-11-29T11:37:25.544+0000] {logging_mixin.py:190} INFO - [2025-11-29T11:37:25.544+0000] {dag.py:3239} INFO - Sync 1 DAGs
[2025-11-29T11:37:25.562+0000] {logging_mixin.py:190} INFO - [2025-11-29T11:37:25.562+0000] {dag.py:4180} INFO - Setting next_dagrun for example_python_operator to None, run_after=None
[2025-11-29T11:37:25.588+0000] {processor.py:208} INFO - Processing /home/airflow/.local/lib/python3.12/site-packages/airflow/example_dags/example_python_operator.py took 0.106 seconds
