[2025-11-29T11:19:03.468+0000] {processor.py:186} INFO - Started process (PID=133) to work on /home/airflow/.local/lib/python3.12/site-packages/airflow/example_dags/example_branch_operator.py
[2025-11-29T11:19:03.470+0000] {processor.py:914} INFO - Processing file /home/airflow/.local/lib/python3.12/site-packages/airflow/example_dags/example_branch_operator.py for tasks to queue
[2025-11-29T11:19:03.476+0000] {logging_mixin.py:190} INFO - [2025-11-29T11:19:03.475+0000] {dagbag.py:588} INFO - Filling up the DagBag from /home/airflow/.local/lib/python3.12/site-packages/airflow/example_dags/example_branch_operator.py
[2025-11-29T11:19:03.516+0000] {processor.py:925} INFO - DAG(s) 'example_branch_operator' retrieved from /home/airflow/.local/lib/python3.12/site-packages/airflow/example_dags/example_branch_operator.py
[2025-11-29T11:19:03.679+0000] {logging_mixin.py:190} INFO - [2025-11-29T11:19:03.678+0000] {override.py:1911} INFO - Created Permission View: can delete on DAG:example_branch_operator
[2025-11-29T11:19:03.690+0000] {logging_mixin.py:190} INFO - [2025-11-29T11:19:03.690+0000] {override.py:1911} INFO - Created Permission View: can read on DAG:example_branch_operator
[2025-11-29T11:19:03.699+0000] {logging_mixin.py:190} INFO - [2025-11-29T11:19:03.699+0000] {override.py:1911} INFO - Created Permission View: can edit on DAG:example_branch_operator
[2025-11-29T11:19:03.715+0000] {logging_mixin.py:190} INFO - [2025-11-29T11:19:03.714+0000] {override.py:1911} INFO - Created Permission View: menu access on DAG Run:example_branch_operator
[2025-11-29T11:19:03.724+0000] {logging_mixin.py:190} INFO - [2025-11-29T11:19:03.724+0000] {override.py:1911} INFO - Created Permission View: can delete on DAG Run:example_branch_operator
[2025-11-29T11:19:03.734+0000] {logging_mixin.py:190} INFO - [2025-11-29T11:19:03.734+0000] {override.py:1911} INFO - Created Permission View: can read on DAG Run:example_branch_operator
[2025-11-29T11:19:03.743+0000] {logging_mixin.py:190} INFO - [2025-11-29T11:19:03.743+0000] {override.py:1911} INFO - Created Permission View: can create on DAG Run:example_branch_operator
[2025-11-29T11:19:03.745+0000] {logging_mixin.py:190} INFO - [2025-11-29T11:19:03.744+0000] {dag.py:3239} INFO - Sync 1 DAGs
[2025-11-29T11:19:03.761+0000] {logging_mixin.py:190} INFO - [2025-11-29T11:19:03.761+0000] {dag.py:3262} INFO - Creating ORM DAG for example_branch_operator
[2025-11-29T11:19:03.772+0000] {logging_mixin.py:190} INFO - [2025-11-29T11:19:03.772+0000] {dag.py:4180} INFO - Setting next_dagrun for example_branch_operator to 2025-11-28 00:00:00+00:00, run_after=2025-11-29 00:00:00+00:00
[2025-11-29T11:19:03.790+0000] {processor.py:208} INFO - Processing /home/airflow/.local/lib/python3.12/site-packages/airflow/example_dags/example_branch_operator.py took 0.333 seconds
[2025-11-29T11:19:34.595+0000] {processor.py:186} INFO - Started process (PID=201) to work on /home/airflow/.local/lib/python3.12/site-packages/airflow/example_dags/example_branch_operator.py
[2025-11-29T11:19:34.596+0000] {processor.py:914} INFO - Processing file /home/airflow/.local/lib/python3.12/site-packages/airflow/example_dags/example_branch_operator.py for tasks to queue
[2025-11-29T11:19:34.600+0000] {logging_mixin.py:190} INFO - [2025-11-29T11:19:34.600+0000] {dagbag.py:588} INFO - Filling up the DagBag from /home/airflow/.local/lib/python3.12/site-packages/airflow/example_dags/example_branch_operator.py
[2025-11-29T11:19:34.631+0000] {processor.py:925} INFO - DAG(s) 'example_branch_operator' retrieved from /home/airflow/.local/lib/python3.12/site-packages/airflow/example_dags/example_branch_operator.py
[2025-11-29T11:19:34.684+0000] {logging_mixin.py:190} INFO - [2025-11-29T11:19:34.683+0000] {dag.py:3239} INFO - Sync 1 DAGs
[2025-11-29T11:19:34.719+0000] {logging_mixin.py:190} INFO - [2025-11-29T11:19:34.719+0000] {dag.py:4180} INFO - Setting next_dagrun for example_branch_operator to 2025-11-28 00:00:00+00:00, run_after=2025-11-29 00:00:00+00:00
[2025-11-29T11:19:34.746+0000] {processor.py:208} INFO - Processing /home/airflow/.local/lib/python3.12/site-packages/airflow/example_dags/example_branch_operator.py took 0.161 seconds
[2025-11-29T11:20:04.919+0000] {processor.py:186} INFO - Started process (PID=269) to work on /home/airflow/.local/lib/python3.12/site-packages/airflow/example_dags/example_branch_operator.py
[2025-11-29T11:20:04.920+0000] {processor.py:914} INFO - Processing file /home/airflow/.local/lib/python3.12/site-packages/airflow/example_dags/example_branch_operator.py for tasks to queue
[2025-11-29T11:20:04.924+0000] {logging_mixin.py:190} INFO - [2025-11-29T11:20:04.924+0000] {dagbag.py:588} INFO - Filling up the DagBag from /home/airflow/.local/lib/python3.12/site-packages/airflow/example_dags/example_branch_operator.py
[2025-11-29T11:20:04.947+0000] {processor.py:925} INFO - DAG(s) 'example_branch_operator' retrieved from /home/airflow/.local/lib/python3.12/site-packages/airflow/example_dags/example_branch_operator.py
[2025-11-29T11:20:04.980+0000] {logging_mixin.py:190} INFO - [2025-11-29T11:20:04.980+0000] {dag.py:3239} INFO - Sync 1 DAGs
[2025-11-29T11:20:05.011+0000] {logging_mixin.py:190} INFO - [2025-11-29T11:20:05.011+0000] {dag.py:4180} INFO - Setting next_dagrun for example_branch_operator to 2025-11-28 00:00:00+00:00, run_after=2025-11-29 00:00:00+00:00
[2025-11-29T11:20:05.037+0000] {processor.py:208} INFO - Processing /home/airflow/.local/lib/python3.12/site-packages/airflow/example_dags/example_branch_operator.py took 0.125 seconds
[2025-11-29T11:20:35.251+0000] {processor.py:186} INFO - Started process (PID=338) to work on /home/airflow/.local/lib/python3.12/site-packages/airflow/example_dags/example_branch_operator.py
[2025-11-29T11:20:35.252+0000] {processor.py:914} INFO - Processing file /home/airflow/.local/lib/python3.12/site-packages/airflow/example_dags/example_branch_operator.py for tasks to queue
[2025-11-29T11:20:35.255+0000] {logging_mixin.py:190} INFO - [2025-11-29T11:20:35.255+0000] {dagbag.py:588} INFO - Filling up the DagBag from /home/airflow/.local/lib/python3.12/site-packages/airflow/example_dags/example_branch_operator.py
[2025-11-29T11:20:35.277+0000] {processor.py:925} INFO - DAG(s) 'example_branch_operator' retrieved from /home/airflow/.local/lib/python3.12/site-packages/airflow/example_dags/example_branch_operator.py
[2025-11-29T11:20:35.309+0000] {logging_mixin.py:190} INFO - [2025-11-29T11:20:35.309+0000] {dag.py:3239} INFO - Sync 1 DAGs
[2025-11-29T11:20:35.335+0000] {logging_mixin.py:190} INFO - [2025-11-29T11:20:35.334+0000] {dag.py:4180} INFO - Setting next_dagrun for example_branch_operator to 2025-11-28 00:00:00+00:00, run_after=2025-11-29 00:00:00+00:00
[2025-11-29T11:20:35.358+0000] {processor.py:208} INFO - Processing /home/airflow/.local/lib/python3.12/site-packages/airflow/example_dags/example_branch_operator.py took 0.115 seconds
[2025-11-29T11:21:06.088+0000] {processor.py:186} INFO - Started process (PID=407) to work on /home/airflow/.local/lib/python3.12/site-packages/airflow/example_dags/example_branch_operator.py
[2025-11-29T11:21:06.089+0000] {processor.py:914} INFO - Processing file /home/airflow/.local/lib/python3.12/site-packages/airflow/example_dags/example_branch_operator.py for tasks to queue
[2025-11-29T11:21:06.093+0000] {logging_mixin.py:190} INFO - [2025-11-29T11:21:06.093+0000] {dagbag.py:588} INFO - Filling up the DagBag from /home/airflow/.local/lib/python3.12/site-packages/airflow/example_dags/example_branch_operator.py
[2025-11-29T11:21:06.118+0000] {processor.py:925} INFO - DAG(s) 'example_branch_operator' retrieved from /home/airflow/.local/lib/python3.12/site-packages/airflow/example_dags/example_branch_operator.py
[2025-11-29T11:21:06.154+0000] {logging_mixin.py:190} INFO - [2025-11-29T11:21:06.154+0000] {dag.py:3239} INFO - Sync 1 DAGs
[2025-11-29T11:21:06.181+0000] {logging_mixin.py:190} INFO - [2025-11-29T11:21:06.181+0000] {dag.py:4180} INFO - Setting next_dagrun for example_branch_operator to 2025-11-28 00:00:00+00:00, run_after=2025-11-29 00:00:00+00:00
[2025-11-29T11:21:06.212+0000] {processor.py:208} INFO - Processing /home/airflow/.local/lib/python3.12/site-packages/airflow/example_dags/example_branch_operator.py took 0.132 seconds
[2025-11-29T11:21:36.717+0000] {processor.py:186} INFO - Started process (PID=475) to work on /home/airflow/.local/lib/python3.12/site-packages/airflow/example_dags/example_branch_operator.py
[2025-11-29T11:21:36.718+0000] {processor.py:914} INFO - Processing file /home/airflow/.local/lib/python3.12/site-packages/airflow/example_dags/example_branch_operator.py for tasks to queue
[2025-11-29T11:21:36.722+0000] {logging_mixin.py:190} INFO - [2025-11-29T11:21:36.722+0000] {dagbag.py:588} INFO - Filling up the DagBag from /home/airflow/.local/lib/python3.12/site-packages/airflow/example_dags/example_branch_operator.py
[2025-11-29T11:21:36.757+0000] {processor.py:925} INFO - DAG(s) 'example_branch_operator' retrieved from /home/airflow/.local/lib/python3.12/site-packages/airflow/example_dags/example_branch_operator.py
[2025-11-29T11:21:36.811+0000] {logging_mixin.py:190} INFO - [2025-11-29T11:21:36.810+0000] {dag.py:3239} INFO - Sync 1 DAGs
[2025-11-29T11:21:36.851+0000] {logging_mixin.py:190} INFO - [2025-11-29T11:21:36.851+0000] {dag.py:4180} INFO - Setting next_dagrun for example_branch_operator to 2025-11-28 00:00:00+00:00, run_after=2025-11-29 00:00:00+00:00
[2025-11-29T11:21:36.882+0000] {processor.py:208} INFO - Processing /home/airflow/.local/lib/python3.12/site-packages/airflow/example_dags/example_branch_operator.py took 0.175 seconds
[2025-11-29T11:22:07.349+0000] {processor.py:186} INFO - Started process (PID=544) to work on /home/airflow/.local/lib/python3.12/site-packages/airflow/example_dags/example_branch_operator.py
[2025-11-29T11:22:07.351+0000] {processor.py:914} INFO - Processing file /home/airflow/.local/lib/python3.12/site-packages/airflow/example_dags/example_branch_operator.py for tasks to queue
[2025-11-29T11:22:07.355+0000] {logging_mixin.py:190} INFO - [2025-11-29T11:22:07.354+0000] {dagbag.py:588} INFO - Filling up the DagBag from /home/airflow/.local/lib/python3.12/site-packages/airflow/example_dags/example_branch_operator.py
[2025-11-29T11:22:07.381+0000] {processor.py:925} INFO - DAG(s) 'example_branch_operator' retrieved from /home/airflow/.local/lib/python3.12/site-packages/airflow/example_dags/example_branch_operator.py
[2025-11-29T11:22:07.415+0000] {logging_mixin.py:190} INFO - [2025-11-29T11:22:07.415+0000] {dag.py:3239} INFO - Sync 1 DAGs
[2025-11-29T11:22:07.442+0000] {logging_mixin.py:190} INFO - [2025-11-29T11:22:07.442+0000] {dag.py:4180} INFO - Setting next_dagrun for example_branch_operator to 2025-11-28 00:00:00+00:00, run_after=2025-11-29 00:00:00+00:00
[2025-11-29T11:22:07.465+0000] {processor.py:208} INFO - Processing /home/airflow/.local/lib/python3.12/site-packages/airflow/example_dags/example_branch_operator.py took 0.125 seconds
[2025-11-29T11:22:38.580+0000] {processor.py:186} INFO - Started process (PID=613) to work on /home/airflow/.local/lib/python3.12/site-packages/airflow/example_dags/example_branch_operator.py
[2025-11-29T11:22:38.582+0000] {processor.py:914} INFO - Processing file /home/airflow/.local/lib/python3.12/site-packages/airflow/example_dags/example_branch_operator.py for tasks to queue
[2025-11-29T11:22:38.585+0000] {logging_mixin.py:190} INFO - [2025-11-29T11:22:38.585+0000] {dagbag.py:588} INFO - Filling up the DagBag from /home/airflow/.local/lib/python3.12/site-packages/airflow/example_dags/example_branch_operator.py
[2025-11-29T11:22:38.614+0000] {processor.py:925} INFO - DAG(s) 'example_branch_operator' retrieved from /home/airflow/.local/lib/python3.12/site-packages/airflow/example_dags/example_branch_operator.py
[2025-11-29T11:22:38.650+0000] {logging_mixin.py:190} INFO - [2025-11-29T11:22:38.650+0000] {dag.py:3239} INFO - Sync 1 DAGs
[2025-11-29T11:22:38.697+0000] {logging_mixin.py:190} INFO - [2025-11-29T11:22:38.696+0000] {dag.py:4180} INFO - Setting next_dagrun for example_branch_operator to 2025-11-28 00:00:00+00:00, run_after=2025-11-29 00:00:00+00:00
[2025-11-29T11:22:38.730+0000] {processor.py:208} INFO - Processing /home/airflow/.local/lib/python3.12/site-packages/airflow/example_dags/example_branch_operator.py took 0.158 seconds
[2025-11-29T11:23:09.225+0000] {processor.py:186} INFO - Started process (PID=681) to work on /home/airflow/.local/lib/python3.12/site-packages/airflow/example_dags/example_branch_operator.py
[2025-11-29T11:23:09.227+0000] {processor.py:914} INFO - Processing file /home/airflow/.local/lib/python3.12/site-packages/airflow/example_dags/example_branch_operator.py for tasks to queue
[2025-11-29T11:23:09.233+0000] {logging_mixin.py:190} INFO - [2025-11-29T11:23:09.232+0000] {dagbag.py:588} INFO - Filling up the DagBag from /home/airflow/.local/lib/python3.12/site-packages/airflow/example_dags/example_branch_operator.py
[2025-11-29T11:23:09.274+0000] {processor.py:925} INFO - DAG(s) 'example_branch_operator' retrieved from /home/airflow/.local/lib/python3.12/site-packages/airflow/example_dags/example_branch_operator.py
[2025-11-29T11:23:09.320+0000] {logging_mixin.py:190} INFO - [2025-11-29T11:23:09.319+0000] {dag.py:3239} INFO - Sync 1 DAGs
[2025-11-29T11:23:09.352+0000] {logging_mixin.py:190} INFO - [2025-11-29T11:23:09.351+0000] {dag.py:4180} INFO - Setting next_dagrun for example_branch_operator to 2025-11-28 00:00:00+00:00, run_after=2025-11-29 00:00:00+00:00
[2025-11-29T11:23:09.381+0000] {processor.py:208} INFO - Processing /home/airflow/.local/lib/python3.12/site-packages/airflow/example_dags/example_branch_operator.py took 0.167 seconds
[2025-11-29T11:23:39.662+0000] {processor.py:186} INFO - Started process (PID=749) to work on /home/airflow/.local/lib/python3.12/site-packages/airflow/example_dags/example_branch_operator.py
[2025-11-29T11:23:39.663+0000] {processor.py:914} INFO - Processing file /home/airflow/.local/lib/python3.12/site-packages/airflow/example_dags/example_branch_operator.py for tasks to queue
[2025-11-29T11:23:39.667+0000] {logging_mixin.py:190} INFO - [2025-11-29T11:23:39.667+0000] {dagbag.py:588} INFO - Filling up the DagBag from /home/airflow/.local/lib/python3.12/site-packages/airflow/example_dags/example_branch_operator.py
[2025-11-29T11:23:39.690+0000] {processor.py:925} INFO - DAG(s) 'example_branch_operator' retrieved from /home/airflow/.local/lib/python3.12/site-packages/airflow/example_dags/example_branch_operator.py
[2025-11-29T11:23:39.729+0000] {logging_mixin.py:190} INFO - [2025-11-29T11:23:39.728+0000] {dag.py:3239} INFO - Sync 1 DAGs
[2025-11-29T11:23:39.758+0000] {logging_mixin.py:190} INFO - [2025-11-29T11:23:39.757+0000] {dag.py:4180} INFO - Setting next_dagrun for example_branch_operator to 2025-11-28 00:00:00+00:00, run_after=2025-11-29 00:00:00+00:00
[2025-11-29T11:23:39.783+0000] {processor.py:208} INFO - Processing /home/airflow/.local/lib/python3.12/site-packages/airflow/example_dags/example_branch_operator.py took 0.129 seconds
[2025-11-29T11:24:09.969+0000] {processor.py:186} INFO - Started process (PID=818) to work on /home/airflow/.local/lib/python3.12/site-packages/airflow/example_dags/example_branch_operator.py
[2025-11-29T11:24:09.970+0000] {processor.py:914} INFO - Processing file /home/airflow/.local/lib/python3.12/site-packages/airflow/example_dags/example_branch_operator.py for tasks to queue
[2025-11-29T11:24:09.972+0000] {logging_mixin.py:190} INFO - [2025-11-29T11:24:09.971+0000] {dagbag.py:588} INFO - Filling up the DagBag from /home/airflow/.local/lib/python3.12/site-packages/airflow/example_dags/example_branch_operator.py
[2025-11-29T11:24:09.994+0000] {processor.py:925} INFO - DAG(s) 'example_branch_operator' retrieved from /home/airflow/.local/lib/python3.12/site-packages/airflow/example_dags/example_branch_operator.py
[2025-11-29T11:24:10.027+0000] {logging_mixin.py:190} INFO - [2025-11-29T11:24:10.027+0000] {dag.py:3239} INFO - Sync 1 DAGs
[2025-11-29T11:24:10.057+0000] {logging_mixin.py:190} INFO - [2025-11-29T11:24:10.056+0000] {dag.py:4180} INFO - Setting next_dagrun for example_branch_operator to 2025-11-28 00:00:00+00:00, run_after=2025-11-29 00:00:00+00:00
[2025-11-29T11:24:10.078+0000] {processor.py:208} INFO - Processing /home/airflow/.local/lib/python3.12/site-packages/airflow/example_dags/example_branch_operator.py took 0.117 seconds
[2025-11-29T11:24:40.546+0000] {processor.py:186} INFO - Started process (PID=886) to work on /home/airflow/.local/lib/python3.12/site-packages/airflow/example_dags/example_branch_operator.py
[2025-11-29T11:24:40.547+0000] {processor.py:914} INFO - Processing file /home/airflow/.local/lib/python3.12/site-packages/airflow/example_dags/example_branch_operator.py for tasks to queue
[2025-11-29T11:24:40.548+0000] {logging_mixin.py:190} INFO - [2025-11-29T11:24:40.548+0000] {dagbag.py:588} INFO - Filling up the DagBag from /home/airflow/.local/lib/python3.12/site-packages/airflow/example_dags/example_branch_operator.py
[2025-11-29T11:24:40.571+0000] {processor.py:925} INFO - DAG(s) 'example_branch_operator' retrieved from /home/airflow/.local/lib/python3.12/site-packages/airflow/example_dags/example_branch_operator.py
[2025-11-29T11:24:40.606+0000] {logging_mixin.py:190} INFO - [2025-11-29T11:24:40.606+0000] {dag.py:3239} INFO - Sync 1 DAGs
[2025-11-29T11:24:40.634+0000] {logging_mixin.py:190} INFO - [2025-11-29T11:24:40.634+0000] {dag.py:4180} INFO - Setting next_dagrun for example_branch_operator to 2025-11-28 00:00:00+00:00, run_after=2025-11-29 00:00:00+00:00
[2025-11-29T11:24:40.658+0000] {processor.py:208} INFO - Processing /home/airflow/.local/lib/python3.12/site-packages/airflow/example_dags/example_branch_operator.py took 0.121 seconds
[2025-11-29T11:25:11.567+0000] {processor.py:186} INFO - Started process (PID=954) to work on /home/airflow/.local/lib/python3.12/site-packages/airflow/example_dags/example_branch_operator.py
[2025-11-29T11:25:11.568+0000] {processor.py:914} INFO - Processing file /home/airflow/.local/lib/python3.12/site-packages/airflow/example_dags/example_branch_operator.py for tasks to queue
[2025-11-29T11:25:11.570+0000] {logging_mixin.py:190} INFO - [2025-11-29T11:25:11.570+0000] {dagbag.py:588} INFO - Filling up the DagBag from /home/airflow/.local/lib/python3.12/site-packages/airflow/example_dags/example_branch_operator.py
[2025-11-29T11:25:11.593+0000] {processor.py:925} INFO - DAG(s) 'example_branch_operator' retrieved from /home/airflow/.local/lib/python3.12/site-packages/airflow/example_dags/example_branch_operator.py
[2025-11-29T11:25:11.627+0000] {logging_mixin.py:190} INFO - [2025-11-29T11:25:11.627+0000] {dag.py:3239} INFO - Sync 1 DAGs
[2025-11-29T11:25:11.657+0000] {logging_mixin.py:190} INFO - [2025-11-29T11:25:11.656+0000] {dag.py:4180} INFO - Setting next_dagrun for example_branch_operator to 2025-11-28 00:00:00+00:00, run_after=2025-11-29 00:00:00+00:00
[2025-11-29T11:25:11.682+0000] {processor.py:208} INFO - Processing /home/airflow/.local/lib/python3.12/site-packages/airflow/example_dags/example_branch_operator.py took 0.123 seconds
[2025-11-29T11:25:41.776+0000] {processor.py:186} INFO - Started process (PID=1022) to work on /home/airflow/.local/lib/python3.12/site-packages/airflow/example_dags/example_branch_operator.py
[2025-11-29T11:25:41.778+0000] {processor.py:914} INFO - Processing file /home/airflow/.local/lib/python3.12/site-packages/airflow/example_dags/example_branch_operator.py for tasks to queue
[2025-11-29T11:25:41.780+0000] {logging_mixin.py:190} INFO - [2025-11-29T11:25:41.779+0000] {dagbag.py:588} INFO - Filling up the DagBag from /home/airflow/.local/lib/python3.12/site-packages/airflow/example_dags/example_branch_operator.py
[2025-11-29T11:25:41.802+0000] {processor.py:925} INFO - DAG(s) 'example_branch_operator' retrieved from /home/airflow/.local/lib/python3.12/site-packages/airflow/example_dags/example_branch_operator.py
[2025-11-29T11:25:41.835+0000] {logging_mixin.py:190} INFO - [2025-11-29T11:25:41.835+0000] {dag.py:3239} INFO - Sync 1 DAGs
[2025-11-29T11:25:41.862+0000] {logging_mixin.py:190} INFO - [2025-11-29T11:25:41.862+0000] {dag.py:4180} INFO - Setting next_dagrun for example_branch_operator to 2025-11-28 00:00:00+00:00, run_after=2025-11-29 00:00:00+00:00
[2025-11-29T11:25:41.885+0000] {processor.py:208} INFO - Processing /home/airflow/.local/lib/python3.12/site-packages/airflow/example_dags/example_branch_operator.py took 0.116 seconds
[2025-11-29T11:26:12.335+0000] {processor.py:186} INFO - Started process (PID=1091) to work on /home/airflow/.local/lib/python3.12/site-packages/airflow/example_dags/example_branch_operator.py
[2025-11-29T11:26:12.337+0000] {processor.py:914} INFO - Processing file /home/airflow/.local/lib/python3.12/site-packages/airflow/example_dags/example_branch_operator.py for tasks to queue
[2025-11-29T11:26:12.339+0000] {logging_mixin.py:190} INFO - [2025-11-29T11:26:12.338+0000] {dagbag.py:588} INFO - Filling up the DagBag from /home/airflow/.local/lib/python3.12/site-packages/airflow/example_dags/example_branch_operator.py
[2025-11-29T11:26:12.364+0000] {processor.py:925} INFO - DAG(s) 'example_branch_operator' retrieved from /home/airflow/.local/lib/python3.12/site-packages/airflow/example_dags/example_branch_operator.py
[2025-11-29T11:26:12.397+0000] {logging_mixin.py:190} INFO - [2025-11-29T11:26:12.396+0000] {dag.py:3239} INFO - Sync 1 DAGs
[2025-11-29T11:26:12.427+0000] {logging_mixin.py:190} INFO - [2025-11-29T11:26:12.427+0000] {dag.py:4180} INFO - Setting next_dagrun for example_branch_operator to 2025-11-28 00:00:00+00:00, run_after=2025-11-29 00:00:00+00:00
[2025-11-29T11:26:12.448+0000] {processor.py:208} INFO - Processing /home/airflow/.local/lib/python3.12/site-packages/airflow/example_dags/example_branch_operator.py took 0.120 seconds
[2025-11-29T11:26:42.759+0000] {processor.py:186} INFO - Started process (PID=1159) to work on /home/airflow/.local/lib/python3.12/site-packages/airflow/example_dags/example_branch_operator.py
[2025-11-29T11:26:42.761+0000] {processor.py:914} INFO - Processing file /home/airflow/.local/lib/python3.12/site-packages/airflow/example_dags/example_branch_operator.py for tasks to queue
[2025-11-29T11:26:42.762+0000] {logging_mixin.py:190} INFO - [2025-11-29T11:26:42.762+0000] {dagbag.py:588} INFO - Filling up the DagBag from /home/airflow/.local/lib/python3.12/site-packages/airflow/example_dags/example_branch_operator.py
[2025-11-29T11:26:42.784+0000] {processor.py:925} INFO - DAG(s) 'example_branch_operator' retrieved from /home/airflow/.local/lib/python3.12/site-packages/airflow/example_dags/example_branch_operator.py
[2025-11-29T11:26:42.819+0000] {logging_mixin.py:190} INFO - [2025-11-29T11:26:42.819+0000] {dag.py:3239} INFO - Sync 1 DAGs
[2025-11-29T11:26:42.848+0000] {logging_mixin.py:190} INFO - [2025-11-29T11:26:42.848+0000] {dag.py:4180} INFO - Setting next_dagrun for example_branch_operator to 2025-11-28 00:00:00+00:00, run_after=2025-11-29 00:00:00+00:00
[2025-11-29T11:26:42.871+0000] {processor.py:208} INFO - Processing /home/airflow/.local/lib/python3.12/site-packages/airflow/example_dags/example_branch_operator.py took 0.119 seconds
[2025-11-29T11:27:13.419+0000] {processor.py:186} INFO - Started process (PID=1227) to work on /home/airflow/.local/lib/python3.12/site-packages/airflow/example_dags/example_branch_operator.py
[2025-11-29T11:27:13.421+0000] {processor.py:914} INFO - Processing file /home/airflow/.local/lib/python3.12/site-packages/airflow/example_dags/example_branch_operator.py for tasks to queue
[2025-11-29T11:27:13.424+0000] {logging_mixin.py:190} INFO - [2025-11-29T11:27:13.423+0000] {dagbag.py:588} INFO - Filling up the DagBag from /home/airflow/.local/lib/python3.12/site-packages/airflow/example_dags/example_branch_operator.py
[2025-11-29T11:27:13.448+0000] {processor.py:925} INFO - DAG(s) 'example_branch_operator' retrieved from /home/airflow/.local/lib/python3.12/site-packages/airflow/example_dags/example_branch_operator.py
[2025-11-29T11:27:13.483+0000] {logging_mixin.py:190} INFO - [2025-11-29T11:27:13.483+0000] {dag.py:3239} INFO - Sync 1 DAGs
[2025-11-29T11:27:13.511+0000] {logging_mixin.py:190} INFO - [2025-11-29T11:27:13.511+0000] {dag.py:4180} INFO - Setting next_dagrun for example_branch_operator to 2025-11-28 00:00:00+00:00, run_after=2025-11-29 00:00:00+00:00
[2025-11-29T11:27:13.535+0000] {processor.py:208} INFO - Processing /home/airflow/.local/lib/python3.12/site-packages/airflow/example_dags/example_branch_operator.py took 0.124 seconds
[2025-11-29T11:27:44.596+0000] {processor.py:186} INFO - Started process (PID=1295) to work on /home/airflow/.local/lib/python3.12/site-packages/airflow/example_dags/example_branch_operator.py
[2025-11-29T11:27:44.597+0000] {processor.py:914} INFO - Processing file /home/airflow/.local/lib/python3.12/site-packages/airflow/example_dags/example_branch_operator.py for tasks to queue
[2025-11-29T11:27:44.600+0000] {logging_mixin.py:190} INFO - [2025-11-29T11:27:44.599+0000] {dagbag.py:588} INFO - Filling up the DagBag from /home/airflow/.local/lib/python3.12/site-packages/airflow/example_dags/example_branch_operator.py
[2025-11-29T11:27:44.635+0000] {processor.py:925} INFO - DAG(s) 'example_branch_operator' retrieved from /home/airflow/.local/lib/python3.12/site-packages/airflow/example_dags/example_branch_operator.py
[2025-11-29T11:27:44.705+0000] {logging_mixin.py:190} INFO - [2025-11-29T11:27:44.704+0000] {dag.py:3239} INFO - Sync 1 DAGs
[2025-11-29T11:27:44.753+0000] {logging_mixin.py:190} INFO - [2025-11-29T11:27:44.753+0000] {dag.py:4180} INFO - Setting next_dagrun for example_branch_operator to 2025-11-28 00:00:00+00:00, run_after=2025-11-29 00:00:00+00:00
[2025-11-29T11:27:44.787+0000] {processor.py:208} INFO - Processing /home/airflow/.local/lib/python3.12/site-packages/airflow/example_dags/example_branch_operator.py took 0.199 seconds
[2025-11-29T11:28:15.067+0000] {processor.py:186} INFO - Started process (PID=1364) to work on /home/airflow/.local/lib/python3.12/site-packages/airflow/example_dags/example_branch_operator.py
[2025-11-29T11:28:15.069+0000] {processor.py:914} INFO - Processing file /home/airflow/.local/lib/python3.12/site-packages/airflow/example_dags/example_branch_operator.py for tasks to queue
[2025-11-29T11:28:15.071+0000] {logging_mixin.py:190} INFO - [2025-11-29T11:28:15.070+0000] {dagbag.py:588} INFO - Filling up the DagBag from /home/airflow/.local/lib/python3.12/site-packages/airflow/example_dags/example_branch_operator.py
[2025-11-29T11:28:15.095+0000] {processor.py:925} INFO - DAG(s) 'example_branch_operator' retrieved from /home/airflow/.local/lib/python3.12/site-packages/airflow/example_dags/example_branch_operator.py
[2025-11-29T11:28:15.130+0000] {logging_mixin.py:190} INFO - [2025-11-29T11:28:15.129+0000] {dag.py:3239} INFO - Sync 1 DAGs
[2025-11-29T11:28:15.161+0000] {logging_mixin.py:190} INFO - [2025-11-29T11:28:15.161+0000] {dag.py:4180} INFO - Setting next_dagrun for example_branch_operator to 2025-11-28 00:00:00+00:00, run_after=2025-11-29 00:00:00+00:00
[2025-11-29T11:28:15.186+0000] {processor.py:208} INFO - Processing /home/airflow/.local/lib/python3.12/site-packages/airflow/example_dags/example_branch_operator.py took 0.126 seconds
[2025-11-29T11:28:45.315+0000] {processor.py:186} INFO - Started process (PID=1432) to work on /home/airflow/.local/lib/python3.12/site-packages/airflow/example_dags/example_branch_operator.py
[2025-11-29T11:28:45.316+0000] {processor.py:914} INFO - Processing file /home/airflow/.local/lib/python3.12/site-packages/airflow/example_dags/example_branch_operator.py for tasks to queue
[2025-11-29T11:28:45.318+0000] {logging_mixin.py:190} INFO - [2025-11-29T11:28:45.317+0000] {dagbag.py:588} INFO - Filling up the DagBag from /home/airflow/.local/lib/python3.12/site-packages/airflow/example_dags/example_branch_operator.py
[2025-11-29T11:28:45.340+0000] {processor.py:925} INFO - DAG(s) 'example_branch_operator' retrieved from /home/airflow/.local/lib/python3.12/site-packages/airflow/example_dags/example_branch_operator.py
[2025-11-29T11:28:45.371+0000] {logging_mixin.py:190} INFO - [2025-11-29T11:28:45.371+0000] {dag.py:3239} INFO - Sync 1 DAGs
[2025-11-29T11:28:45.398+0000] {logging_mixin.py:190} INFO - [2025-11-29T11:28:45.398+0000] {dag.py:4180} INFO - Setting next_dagrun for example_branch_operator to 2025-11-28 00:00:00+00:00, run_after=2025-11-29 00:00:00+00:00
[2025-11-29T11:28:45.422+0000] {processor.py:208} INFO - Processing /home/airflow/.local/lib/python3.12/site-packages/airflow/example_dags/example_branch_operator.py took 0.115 seconds
[2025-11-29T11:29:16.156+0000] {processor.py:186} INFO - Started process (PID=1500) to work on /home/airflow/.local/lib/python3.12/site-packages/airflow/example_dags/example_branch_operator.py
[2025-11-29T11:29:16.157+0000] {processor.py:914} INFO - Processing file /home/airflow/.local/lib/python3.12/site-packages/airflow/example_dags/example_branch_operator.py for tasks to queue
[2025-11-29T11:29:16.159+0000] {logging_mixin.py:190} INFO - [2025-11-29T11:29:16.159+0000] {dagbag.py:588} INFO - Filling up the DagBag from /home/airflow/.local/lib/python3.12/site-packages/airflow/example_dags/example_branch_operator.py
[2025-11-29T11:29:16.182+0000] {processor.py:925} INFO - DAG(s) 'example_branch_operator' retrieved from /home/airflow/.local/lib/python3.12/site-packages/airflow/example_dags/example_branch_operator.py
[2025-11-29T11:29:16.215+0000] {logging_mixin.py:190} INFO - [2025-11-29T11:29:16.214+0000] {dag.py:3239} INFO - Sync 1 DAGs
[2025-11-29T11:29:16.242+0000] {logging_mixin.py:190} INFO - [2025-11-29T11:29:16.242+0000] {dag.py:4180} INFO - Setting next_dagrun for example_branch_operator to 2025-11-28 00:00:00+00:00, run_after=2025-11-29 00:00:00+00:00
[2025-11-29T11:29:16.263+0000] {processor.py:208} INFO - Processing /home/airflow/.local/lib/python3.12/site-packages/airflow/example_dags/example_branch_operator.py took 0.115 seconds
[2025-11-29T11:29:46.604+0000] {processor.py:186} INFO - Started process (PID=1570) to work on /home/airflow/.local/lib/python3.12/site-packages/airflow/example_dags/example_branch_operator.py
[2025-11-29T11:29:46.605+0000] {processor.py:914} INFO - Processing file /home/airflow/.local/lib/python3.12/site-packages/airflow/example_dags/example_branch_operator.py for tasks to queue
[2025-11-29T11:29:46.606+0000] {logging_mixin.py:190} INFO - [2025-11-29T11:29:46.606+0000] {dagbag.py:588} INFO - Filling up the DagBag from /home/airflow/.local/lib/python3.12/site-packages/airflow/example_dags/example_branch_operator.py
[2025-11-29T11:29:46.629+0000] {processor.py:925} INFO - DAG(s) 'example_branch_operator' retrieved from /home/airflow/.local/lib/python3.12/site-packages/airflow/example_dags/example_branch_operator.py
[2025-11-29T11:29:46.663+0000] {logging_mixin.py:190} INFO - [2025-11-29T11:29:46.663+0000] {dag.py:3239} INFO - Sync 1 DAGs
[2025-11-29T11:29:46.690+0000] {logging_mixin.py:190} INFO - [2025-11-29T11:29:46.690+0000] {dag.py:4180} INFO - Setting next_dagrun for example_branch_operator to 2025-11-28 00:00:00+00:00, run_after=2025-11-29 00:00:00+00:00
[2025-11-29T11:29:46.715+0000] {processor.py:208} INFO - Processing /home/airflow/.local/lib/python3.12/site-packages/airflow/example_dags/example_branch_operator.py took 0.119 seconds
[2025-11-29T11:30:17.154+0000] {processor.py:186} INFO - Started process (PID=1639) to work on /home/airflow/.local/lib/python3.12/site-packages/airflow/example_dags/example_branch_operator.py
[2025-11-29T11:30:17.156+0000] {processor.py:914} INFO - Processing file /home/airflow/.local/lib/python3.12/site-packages/airflow/example_dags/example_branch_operator.py for tasks to queue
[2025-11-29T11:30:17.158+0000] {logging_mixin.py:190} INFO - [2025-11-29T11:30:17.157+0000] {dagbag.py:588} INFO - Filling up the DagBag from /home/airflow/.local/lib/python3.12/site-packages/airflow/example_dags/example_branch_operator.py
[2025-11-29T11:30:17.185+0000] {processor.py:925} INFO - DAG(s) 'example_branch_operator' retrieved from /home/airflow/.local/lib/python3.12/site-packages/airflow/example_dags/example_branch_operator.py
[2025-11-29T11:30:17.223+0000] {logging_mixin.py:190} INFO - [2025-11-29T11:30:17.222+0000] {dag.py:3239} INFO - Sync 1 DAGs
[2025-11-29T11:30:17.252+0000] {logging_mixin.py:190} INFO - [2025-11-29T11:30:17.251+0000] {dag.py:4180} INFO - Setting next_dagrun for example_branch_operator to 2025-11-28 00:00:00+00:00, run_after=2025-11-29 00:00:00+00:00
[2025-11-29T11:30:17.276+0000] {processor.py:208} INFO - Processing /home/airflow/.local/lib/python3.12/site-packages/airflow/example_dags/example_branch_operator.py took 0.130 seconds
[2025-11-29T11:30:47.804+0000] {processor.py:186} INFO - Started process (PID=1707) to work on /home/airflow/.local/lib/python3.12/site-packages/airflow/example_dags/example_branch_operator.py
[2025-11-29T11:30:47.805+0000] {processor.py:914} INFO - Processing file /home/airflow/.local/lib/python3.12/site-packages/airflow/example_dags/example_branch_operator.py for tasks to queue
[2025-11-29T11:30:47.808+0000] {logging_mixin.py:190} INFO - [2025-11-29T11:30:47.807+0000] {dagbag.py:588} INFO - Filling up the DagBag from /home/airflow/.local/lib/python3.12/site-packages/airflow/example_dags/example_branch_operator.py
[2025-11-29T11:30:47.829+0000] {processor.py:925} INFO - DAG(s) 'example_branch_operator' retrieved from /home/airflow/.local/lib/python3.12/site-packages/airflow/example_dags/example_branch_operator.py
[2025-11-29T11:30:47.861+0000] {logging_mixin.py:190} INFO - [2025-11-29T11:30:47.861+0000] {dag.py:3239} INFO - Sync 1 DAGs
[2025-11-29T11:30:47.888+0000] {logging_mixin.py:190} INFO - [2025-11-29T11:30:47.888+0000] {dag.py:4180} INFO - Setting next_dagrun for example_branch_operator to 2025-11-28 00:00:00+00:00, run_after=2025-11-29 00:00:00+00:00
[2025-11-29T11:30:47.910+0000] {processor.py:208} INFO - Processing /home/airflow/.local/lib/python3.12/site-packages/airflow/example_dags/example_branch_operator.py took 0.113 seconds
[2025-11-29T11:31:18.358+0000] {processor.py:186} INFO - Started process (PID=1776) to work on /home/airflow/.local/lib/python3.12/site-packages/airflow/example_dags/example_branch_operator.py
[2025-11-29T11:31:18.359+0000] {processor.py:914} INFO - Processing file /home/airflow/.local/lib/python3.12/site-packages/airflow/example_dags/example_branch_operator.py for tasks to queue
[2025-11-29T11:31:18.361+0000] {logging_mixin.py:190} INFO - [2025-11-29T11:31:18.361+0000] {dagbag.py:588} INFO - Filling up the DagBag from /home/airflow/.local/lib/python3.12/site-packages/airflow/example_dags/example_branch_operator.py
[2025-11-29T11:31:18.388+0000] {processor.py:925} INFO - DAG(s) 'example_branch_operator' retrieved from /home/airflow/.local/lib/python3.12/site-packages/airflow/example_dags/example_branch_operator.py
[2025-11-29T11:31:18.423+0000] {logging_mixin.py:190} INFO - [2025-11-29T11:31:18.423+0000] {dag.py:3239} INFO - Sync 1 DAGs
[2025-11-29T11:31:18.453+0000] {logging_mixin.py:190} INFO - [2025-11-29T11:31:18.452+0000] {dag.py:4180} INFO - Setting next_dagrun for example_branch_operator to 2025-11-28 00:00:00+00:00, run_after=2025-11-29 00:00:00+00:00
[2025-11-29T11:31:18.479+0000] {processor.py:208} INFO - Processing /home/airflow/.local/lib/python3.12/site-packages/airflow/example_dags/example_branch_operator.py took 0.130 seconds
[2025-11-29T11:31:48.709+0000] {processor.py:186} INFO - Started process (PID=1844) to work on /home/airflow/.local/lib/python3.12/site-packages/airflow/example_dags/example_branch_operator.py
[2025-11-29T11:31:48.711+0000] {processor.py:914} INFO - Processing file /home/airflow/.local/lib/python3.12/site-packages/airflow/example_dags/example_branch_operator.py for tasks to queue
[2025-11-29T11:31:48.713+0000] {logging_mixin.py:190} INFO - [2025-11-29T11:31:48.712+0000] {dagbag.py:588} INFO - Filling up the DagBag from /home/airflow/.local/lib/python3.12/site-packages/airflow/example_dags/example_branch_operator.py
[2025-11-29T11:31:48.735+0000] {processor.py:925} INFO - DAG(s) 'example_branch_operator' retrieved from /home/airflow/.local/lib/python3.12/site-packages/airflow/example_dags/example_branch_operator.py
[2025-11-29T11:31:48.767+0000] {logging_mixin.py:190} INFO - [2025-11-29T11:31:48.766+0000] {dag.py:3239} INFO - Sync 1 DAGs
[2025-11-29T11:31:48.795+0000] {logging_mixin.py:190} INFO - [2025-11-29T11:31:48.794+0000] {dag.py:4180} INFO - Setting next_dagrun for example_branch_operator to 2025-11-28 00:00:00+00:00, run_after=2025-11-29 00:00:00+00:00
[2025-11-29T11:31:48.816+0000] {processor.py:208} INFO - Processing /home/airflow/.local/lib/python3.12/site-packages/airflow/example_dags/example_branch_operator.py took 0.115 seconds
[2025-11-29T11:32:19.097+0000] {processor.py:186} INFO - Started process (PID=1911) to work on /home/airflow/.local/lib/python3.12/site-packages/airflow/example_dags/example_branch_operator.py
[2025-11-29T11:32:19.099+0000] {processor.py:914} INFO - Processing file /home/airflow/.local/lib/python3.12/site-packages/airflow/example_dags/example_branch_operator.py for tasks to queue
[2025-11-29T11:32:19.100+0000] {logging_mixin.py:190} INFO - [2025-11-29T11:32:19.100+0000] {dagbag.py:588} INFO - Filling up the DagBag from /home/airflow/.local/lib/python3.12/site-packages/airflow/example_dags/example_branch_operator.py
[2025-11-29T11:32:19.127+0000] {processor.py:925} INFO - DAG(s) 'example_branch_operator' retrieved from /home/airflow/.local/lib/python3.12/site-packages/airflow/example_dags/example_branch_operator.py
[2025-11-29T11:32:19.159+0000] {logging_mixin.py:190} INFO - [2025-11-29T11:32:19.159+0000] {dag.py:3239} INFO - Sync 1 DAGs
[2025-11-29T11:32:19.188+0000] {logging_mixin.py:190} INFO - [2025-11-29T11:32:19.188+0000] {dag.py:4180} INFO - Setting next_dagrun for example_branch_operator to 2025-11-28 00:00:00+00:00, run_after=2025-11-29 00:00:00+00:00
[2025-11-29T11:32:19.209+0000] {processor.py:208} INFO - Processing /home/airflow/.local/lib/python3.12/site-packages/airflow/example_dags/example_branch_operator.py took 0.119 seconds
[2025-11-29T11:32:49.699+0000] {processor.py:186} INFO - Started process (PID=1980) to work on /home/airflow/.local/lib/python3.12/site-packages/airflow/example_dags/example_branch_operator.py
[2025-11-29T11:32:49.700+0000] {processor.py:914} INFO - Processing file /home/airflow/.local/lib/python3.12/site-packages/airflow/example_dags/example_branch_operator.py for tasks to queue
[2025-11-29T11:32:49.702+0000] {logging_mixin.py:190} INFO - [2025-11-29T11:32:49.702+0000] {dagbag.py:588} INFO - Filling up the DagBag from /home/airflow/.local/lib/python3.12/site-packages/airflow/example_dags/example_branch_operator.py
[2025-11-29T11:32:49.725+0000] {processor.py:925} INFO - DAG(s) 'example_branch_operator' retrieved from /home/airflow/.local/lib/python3.12/site-packages/airflow/example_dags/example_branch_operator.py
[2025-11-29T11:32:49.759+0000] {logging_mixin.py:190} INFO - [2025-11-29T11:32:49.759+0000] {dag.py:3239} INFO - Sync 1 DAGs
[2025-11-29T11:32:49.786+0000] {logging_mixin.py:190} INFO - [2025-11-29T11:32:49.786+0000] {dag.py:4180} INFO - Setting next_dagrun for example_branch_operator to 2025-11-28 00:00:00+00:00, run_after=2025-11-29 00:00:00+00:00
[2025-11-29T11:32:49.809+0000] {processor.py:208} INFO - Processing /home/airflow/.local/lib/python3.12/site-packages/airflow/example_dags/example_branch_operator.py took 0.117 seconds
[2025-11-29T11:33:20.959+0000] {processor.py:186} INFO - Started process (PID=2048) to work on /home/airflow/.local/lib/python3.12/site-packages/airflow/example_dags/example_branch_operator.py
[2025-11-29T11:33:20.960+0000] {processor.py:914} INFO - Processing file /home/airflow/.local/lib/python3.12/site-packages/airflow/example_dags/example_branch_operator.py for tasks to queue
[2025-11-29T11:33:20.962+0000] {logging_mixin.py:190} INFO - [2025-11-29T11:33:20.962+0000] {dagbag.py:588} INFO - Filling up the DagBag from /home/airflow/.local/lib/python3.12/site-packages/airflow/example_dags/example_branch_operator.py
[2025-11-29T11:33:20.990+0000] {processor.py:925} INFO - DAG(s) 'example_branch_operator' retrieved from /home/airflow/.local/lib/python3.12/site-packages/airflow/example_dags/example_branch_operator.py
[2025-11-29T11:33:21.024+0000] {logging_mixin.py:190} INFO - [2025-11-29T11:33:21.024+0000] {dag.py:3239} INFO - Sync 1 DAGs
[2025-11-29T11:33:21.054+0000] {logging_mixin.py:190} INFO - [2025-11-29T11:33:21.054+0000] {dag.py:4180} INFO - Setting next_dagrun for example_branch_operator to 2025-11-28 00:00:00+00:00, run_after=2025-11-29 00:00:00+00:00
[2025-11-29T11:33:21.077+0000] {processor.py:208} INFO - Processing /home/airflow/.local/lib/python3.12/site-packages/airflow/example_dags/example_branch_operator.py took 0.127 seconds
[2025-11-29T11:33:51.376+0000] {processor.py:186} INFO - Started process (PID=2116) to work on /home/airflow/.local/lib/python3.12/site-packages/airflow/example_dags/example_branch_operator.py
[2025-11-29T11:33:51.378+0000] {processor.py:914} INFO - Processing file /home/airflow/.local/lib/python3.12/site-packages/airflow/example_dags/example_branch_operator.py for tasks to queue
[2025-11-29T11:33:51.381+0000] {logging_mixin.py:190} INFO - [2025-11-29T11:33:51.380+0000] {dagbag.py:588} INFO - Filling up the DagBag from /home/airflow/.local/lib/python3.12/site-packages/airflow/example_dags/example_branch_operator.py
[2025-11-29T11:33:51.409+0000] {processor.py:925} INFO - DAG(s) 'example_branch_operator' retrieved from /home/airflow/.local/lib/python3.12/site-packages/airflow/example_dags/example_branch_operator.py
[2025-11-29T11:33:51.453+0000] {logging_mixin.py:190} INFO - [2025-11-29T11:33:51.453+0000] {dag.py:3239} INFO - Sync 1 DAGs
[2025-11-29T11:33:51.491+0000] {logging_mixin.py:190} INFO - [2025-11-29T11:33:51.491+0000] {dag.py:4180} INFO - Setting next_dagrun for example_branch_operator to 2025-11-28 00:00:00+00:00, run_after=2025-11-29 00:00:00+00:00
[2025-11-29T11:33:51.520+0000] {processor.py:208} INFO - Processing /home/airflow/.local/lib/python3.12/site-packages/airflow/example_dags/example_branch_operator.py took 0.152 seconds
[2025-11-29T11:34:22.244+0000] {processor.py:186} INFO - Started process (PID=2184) to work on /home/airflow/.local/lib/python3.12/site-packages/airflow/example_dags/example_branch_operator.py
[2025-11-29T11:34:22.246+0000] {processor.py:914} INFO - Processing file /home/airflow/.local/lib/python3.12/site-packages/airflow/example_dags/example_branch_operator.py for tasks to queue
[2025-11-29T11:34:22.248+0000] {logging_mixin.py:190} INFO - [2025-11-29T11:34:22.248+0000] {dagbag.py:588} INFO - Filling up the DagBag from /home/airflow/.local/lib/python3.12/site-packages/airflow/example_dags/example_branch_operator.py
[2025-11-29T11:34:22.272+0000] {processor.py:925} INFO - DAG(s) 'example_branch_operator' retrieved from /home/airflow/.local/lib/python3.12/site-packages/airflow/example_dags/example_branch_operator.py
[2025-11-29T11:34:22.306+0000] {logging_mixin.py:190} INFO - [2025-11-29T11:34:22.306+0000] {dag.py:3239} INFO - Sync 1 DAGs
[2025-11-29T11:34:22.340+0000] {logging_mixin.py:190} INFO - [2025-11-29T11:34:22.340+0000] {dag.py:4180} INFO - Setting next_dagrun for example_branch_operator to 2025-11-28 00:00:00+00:00, run_after=2025-11-29 00:00:00+00:00
[2025-11-29T11:34:22.369+0000] {processor.py:208} INFO - Processing /home/airflow/.local/lib/python3.12/site-packages/airflow/example_dags/example_branch_operator.py took 0.133 seconds
[2025-11-29T11:34:53.030+0000] {processor.py:186} INFO - Started process (PID=2252) to work on /home/airflow/.local/lib/python3.12/site-packages/airflow/example_dags/example_branch_operator.py
[2025-11-29T11:34:53.032+0000] {processor.py:914} INFO - Processing file /home/airflow/.local/lib/python3.12/site-packages/airflow/example_dags/example_branch_operator.py for tasks to queue
[2025-11-29T11:34:53.033+0000] {logging_mixin.py:190} INFO - [2025-11-29T11:34:53.033+0000] {dagbag.py:588} INFO - Filling up the DagBag from /home/airflow/.local/lib/python3.12/site-packages/airflow/example_dags/example_branch_operator.py
[2025-11-29T11:34:53.057+0000] {processor.py:925} INFO - DAG(s) 'example_branch_operator' retrieved from /home/airflow/.local/lib/python3.12/site-packages/airflow/example_dags/example_branch_operator.py
[2025-11-29T11:34:53.090+0000] {logging_mixin.py:190} INFO - [2025-11-29T11:34:53.090+0000] {dag.py:3239} INFO - Sync 1 DAGs
[2025-11-29T11:34:53.120+0000] {logging_mixin.py:190} INFO - [2025-11-29T11:34:53.119+0000] {dag.py:4180} INFO - Setting next_dagrun for example_branch_operator to 2025-11-28 00:00:00+00:00, run_after=2025-11-29 00:00:00+00:00
[2025-11-29T11:34:53.144+0000] {processor.py:208} INFO - Processing /home/airflow/.local/lib/python3.12/site-packages/airflow/example_dags/example_branch_operator.py took 0.121 seconds
[2025-11-29T11:35:23.231+0000] {processor.py:186} INFO - Started process (PID=2320) to work on /home/airflow/.local/lib/python3.12/site-packages/airflow/example_dags/example_branch_operator.py
[2025-11-29T11:35:23.232+0000] {processor.py:914} INFO - Processing file /home/airflow/.local/lib/python3.12/site-packages/airflow/example_dags/example_branch_operator.py for tasks to queue
[2025-11-29T11:35:23.235+0000] {logging_mixin.py:190} INFO - [2025-11-29T11:35:23.234+0000] {dagbag.py:588} INFO - Filling up the DagBag from /home/airflow/.local/lib/python3.12/site-packages/airflow/example_dags/example_branch_operator.py
[2025-11-29T11:35:23.260+0000] {processor.py:925} INFO - DAG(s) 'example_branch_operator' retrieved from /home/airflow/.local/lib/python3.12/site-packages/airflow/example_dags/example_branch_operator.py
[2025-11-29T11:35:23.397+0000] {logging_mixin.py:190} INFO - [2025-11-29T11:35:23.397+0000] {dag.py:3239} INFO - Sync 1 DAGs
[2025-11-29T11:35:23.424+0000] {logging_mixin.py:190} INFO - [2025-11-29T11:35:23.424+0000] {dag.py:4180} INFO - Setting next_dagrun for example_branch_operator to 2025-11-28 00:00:00+00:00, run_after=2025-11-29 00:00:00+00:00
[2025-11-29T11:35:23.446+0000] {processor.py:208} INFO - Processing /home/airflow/.local/lib/python3.12/site-packages/airflow/example_dags/example_branch_operator.py took 0.223 seconds
[2025-11-29T11:35:54.437+0000] {processor.py:186} INFO - Started process (PID=2397) to work on /home/airflow/.local/lib/python3.12/site-packages/airflow/example_dags/example_branch_operator.py
[2025-11-29T11:35:54.439+0000] {processor.py:914} INFO - Processing file /home/airflow/.local/lib/python3.12/site-packages/airflow/example_dags/example_branch_operator.py for tasks to queue
[2025-11-29T11:35:54.442+0000] {logging_mixin.py:190} INFO - [2025-11-29T11:35:54.441+0000] {dagbag.py:588} INFO - Filling up the DagBag from /home/airflow/.local/lib/python3.12/site-packages/airflow/example_dags/example_branch_operator.py
[2025-11-29T11:35:54.468+0000] {processor.py:925} INFO - DAG(s) 'example_branch_operator' retrieved from /home/airflow/.local/lib/python3.12/site-packages/airflow/example_dags/example_branch_operator.py
[2025-11-29T11:35:54.510+0000] {logging_mixin.py:190} INFO - [2025-11-29T11:35:54.510+0000] {dag.py:3239} INFO - Sync 1 DAGs
[2025-11-29T11:35:54.545+0000] {logging_mixin.py:190} INFO - [2025-11-29T11:35:54.545+0000] {dag.py:4180} INFO - Setting next_dagrun for example_branch_operator to 2025-11-28 00:00:00+00:00, run_after=2025-11-29 00:00:00+00:00
[2025-11-29T11:35:54.572+0000] {processor.py:208} INFO - Processing /home/airflow/.local/lib/python3.12/site-packages/airflow/example_dags/example_branch_operator.py took 0.144 seconds
[2025-11-29T11:36:25.014+0000] {processor.py:186} INFO - Started process (PID=2465) to work on /home/airflow/.local/lib/python3.12/site-packages/airflow/example_dags/example_branch_operator.py
[2025-11-29T11:36:25.016+0000] {processor.py:914} INFO - Processing file /home/airflow/.local/lib/python3.12/site-packages/airflow/example_dags/example_branch_operator.py for tasks to queue
[2025-11-29T11:36:25.018+0000] {logging_mixin.py:190} INFO - [2025-11-29T11:36:25.017+0000] {dagbag.py:588} INFO - Filling up the DagBag from /home/airflow/.local/lib/python3.12/site-packages/airflow/example_dags/example_branch_operator.py
[2025-11-29T11:36:25.041+0000] {processor.py:925} INFO - DAG(s) 'example_branch_operator' retrieved from /home/airflow/.local/lib/python3.12/site-packages/airflow/example_dags/example_branch_operator.py
[2025-11-29T11:36:25.075+0000] {logging_mixin.py:190} INFO - [2025-11-29T11:36:25.075+0000] {dag.py:3239} INFO - Sync 1 DAGs
[2025-11-29T11:36:25.108+0000] {logging_mixin.py:190} INFO - [2025-11-29T11:36:25.107+0000] {dag.py:4180} INFO - Setting next_dagrun for example_branch_operator to 2025-11-28 00:00:00+00:00, run_after=2025-11-29 00:00:00+00:00
[2025-11-29T11:36:25.132+0000] {processor.py:208} INFO - Processing /home/airflow/.local/lib/python3.12/site-packages/airflow/example_dags/example_branch_operator.py took 0.125 seconds
[2025-11-29T11:36:55.774+0000] {processor.py:186} INFO - Started process (PID=2533) to work on /home/airflow/.local/lib/python3.12/site-packages/airflow/example_dags/example_branch_operator.py
[2025-11-29T11:36:55.776+0000] {processor.py:914} INFO - Processing file /home/airflow/.local/lib/python3.12/site-packages/airflow/example_dags/example_branch_operator.py for tasks to queue
[2025-11-29T11:36:55.778+0000] {logging_mixin.py:190} INFO - [2025-11-29T11:36:55.778+0000] {dagbag.py:588} INFO - Filling up the DagBag from /home/airflow/.local/lib/python3.12/site-packages/airflow/example_dags/example_branch_operator.py
[2025-11-29T11:36:55.801+0000] {processor.py:925} INFO - DAG(s) 'example_branch_operator' retrieved from /home/airflow/.local/lib/python3.12/site-packages/airflow/example_dags/example_branch_operator.py
[2025-11-29T11:36:55.833+0000] {logging_mixin.py:190} INFO - [2025-11-29T11:36:55.833+0000] {dag.py:3239} INFO - Sync 1 DAGs
[2025-11-29T11:36:55.865+0000] {logging_mixin.py:190} INFO - [2025-11-29T11:36:55.864+0000] {dag.py:4180} INFO - Setting next_dagrun for example_branch_operator to 2025-11-28 00:00:00+00:00, run_after=2025-11-29 00:00:00+00:00
[2025-11-29T11:36:55.887+0000] {processor.py:208} INFO - Processing /home/airflow/.local/lib/python3.12/site-packages/airflow/example_dags/example_branch_operator.py took 0.121 seconds
[2025-11-29T11:37:26.690+0000] {processor.py:186} INFO - Started process (PID=2601) to work on /home/airflow/.local/lib/python3.12/site-packages/airflow/example_dags/example_branch_operator.py
[2025-11-29T11:37:26.692+0000] {processor.py:914} INFO - Processing file /home/airflow/.local/lib/python3.12/site-packages/airflow/example_dags/example_branch_operator.py for tasks to queue
[2025-11-29T11:37:26.694+0000] {logging_mixin.py:190} INFO - [2025-11-29T11:37:26.694+0000] {dagbag.py:588} INFO - Filling up the DagBag from /home/airflow/.local/lib/python3.12/site-packages/airflow/example_dags/example_branch_operator.py
[2025-11-29T11:37:26.729+0000] {processor.py:925} INFO - DAG(s) 'example_branch_operator' retrieved from /home/airflow/.local/lib/python3.12/site-packages/airflow/example_dags/example_branch_operator.py
[2025-11-29T11:37:26.774+0000] {logging_mixin.py:190} INFO - [2025-11-29T11:37:26.773+0000] {dag.py:3239} INFO - Sync 1 DAGs
[2025-11-29T11:37:26.817+0000] {logging_mixin.py:190} INFO - [2025-11-29T11:37:26.816+0000] {dag.py:4180} INFO - Setting next_dagrun for example_branch_operator to 2025-11-28 00:00:00+00:00, run_after=2025-11-29 00:00:00+00:00
[2025-11-29T11:37:26.851+0000] {processor.py:208} INFO - Processing /home/airflow/.local/lib/python3.12/site-packages/airflow/example_dags/example_branch_operator.py took 0.171 seconds
