[2025-11-29T11:19:00.864+0000] {processor.py:186} INFO - Started process (PID=117) to work on /home/airflow/.local/lib/python3.12/site-packages/airflow/example_dags/example_dataset_alias.py
[2025-11-29T11:19:00.866+0000] {processor.py:914} INFO - Processing file /home/airflow/.local/lib/python3.12/site-packages/airflow/example_dags/example_dataset_alias.py for tasks to queue
[2025-11-29T11:19:00.870+0000] {logging_mixin.py:190} INFO - [2025-11-29T11:19:00.870+0000] {dagbag.py:588} INFO - Filling up the DagBag from /home/airflow/.local/lib/python3.12/site-packages/airflow/example_dags/example_dataset_alias.py
[2025-11-29T11:19:00.904+0000] {processor.py:925} INFO - DAG(s) 'dataset_s3_bucket_producer', 'dataset_s3_bucket_consumer', 'dataset_alias_example_alias_consumer', 'dataset_alias_example_alias_producer' retrieved from /home/airflow/.local/lib/python3.12/site-packages/airflow/example_dags/example_dataset_alias.py
[2025-11-29T11:19:01.023+0000] {logging_mixin.py:190} INFO - [2025-11-29T11:19:01.022+0000] {override.py:1911} INFO - Created Permission View: can delete on DAG:dataset_s3_bucket_producer
[2025-11-29T11:19:01.035+0000] {logging_mixin.py:190} INFO - [2025-11-29T11:19:01.034+0000] {override.py:1911} INFO - Created Permission View: can read on DAG:dataset_s3_bucket_producer
[2025-11-29T11:19:01.044+0000] {logging_mixin.py:190} INFO - [2025-11-29T11:19:01.043+0000] {override.py:1911} INFO - Created Permission View: can edit on DAG:dataset_s3_bucket_producer
[2025-11-29T11:19:01.054+0000] {logging_mixin.py:190} INFO - [2025-11-29T11:19:01.054+0000] {override.py:1911} INFO - Created Permission View: menu access on DAG Run:dataset_s3_bucket_producer
[2025-11-29T11:19:01.062+0000] {logging_mixin.py:190} INFO - [2025-11-29T11:19:01.062+0000] {override.py:1911} INFO - Created Permission View: can delete on DAG Run:dataset_s3_bucket_producer
[2025-11-29T11:19:01.070+0000] {logging_mixin.py:190} INFO - [2025-11-29T11:19:01.070+0000] {override.py:1911} INFO - Created Permission View: can read on DAG Run:dataset_s3_bucket_producer
[2025-11-29T11:19:01.079+0000] {logging_mixin.py:190} INFO - [2025-11-29T11:19:01.079+0000] {override.py:1911} INFO - Created Permission View: can create on DAG Run:dataset_s3_bucket_producer
[2025-11-29T11:19:01.094+0000] {logging_mixin.py:190} INFO - [2025-11-29T11:19:01.094+0000] {override.py:1911} INFO - Created Permission View: can delete on DAG:dataset_s3_bucket_consumer
[2025-11-29T11:19:01.103+0000] {logging_mixin.py:190} INFO - [2025-11-29T11:19:01.103+0000] {override.py:1911} INFO - Created Permission View: can read on DAG:dataset_s3_bucket_consumer
[2025-11-29T11:19:01.113+0000] {logging_mixin.py:190} INFO - [2025-11-29T11:19:01.112+0000] {override.py:1911} INFO - Created Permission View: can edit on DAG:dataset_s3_bucket_consumer
[2025-11-29T11:19:01.122+0000] {logging_mixin.py:190} INFO - [2025-11-29T11:19:01.122+0000] {override.py:1911} INFO - Created Permission View: menu access on DAG Run:dataset_s3_bucket_consumer
[2025-11-29T11:19:01.131+0000] {logging_mixin.py:190} INFO - [2025-11-29T11:19:01.131+0000] {override.py:1911} INFO - Created Permission View: can delete on DAG Run:dataset_s3_bucket_consumer
[2025-11-29T11:19:01.139+0000] {logging_mixin.py:190} INFO - [2025-11-29T11:19:01.139+0000] {override.py:1911} INFO - Created Permission View: can read on DAG Run:dataset_s3_bucket_consumer
[2025-11-29T11:19:01.147+0000] {logging_mixin.py:190} INFO - [2025-11-29T11:19:01.147+0000] {override.py:1911} INFO - Created Permission View: can create on DAG Run:dataset_s3_bucket_consumer
[2025-11-29T11:19:01.162+0000] {logging_mixin.py:190} INFO - [2025-11-29T11:19:01.162+0000] {override.py:1911} INFO - Created Permission View: can delete on DAG:dataset_alias_example_alias_consumer
[2025-11-29T11:19:01.171+0000] {logging_mixin.py:190} INFO - [2025-11-29T11:19:01.171+0000] {override.py:1911} INFO - Created Permission View: can read on DAG:dataset_alias_example_alias_consumer
[2025-11-29T11:19:01.179+0000] {logging_mixin.py:190} INFO - [2025-11-29T11:19:01.179+0000] {override.py:1911} INFO - Created Permission View: can edit on DAG:dataset_alias_example_alias_consumer
[2025-11-29T11:19:01.189+0000] {logging_mixin.py:190} INFO - [2025-11-29T11:19:01.189+0000] {override.py:1911} INFO - Created Permission View: menu access on DAG Run:dataset_alias_example_alias_consumer
[2025-11-29T11:19:01.197+0000] {logging_mixin.py:190} INFO - [2025-11-29T11:19:01.197+0000] {override.py:1911} INFO - Created Permission View: can delete on DAG Run:dataset_alias_example_alias_consumer
[2025-11-29T11:19:01.205+0000] {logging_mixin.py:190} INFO - [2025-11-29T11:19:01.205+0000] {override.py:1911} INFO - Created Permission View: can read on DAG Run:dataset_alias_example_alias_consumer
[2025-11-29T11:19:01.213+0000] {logging_mixin.py:190} INFO - [2025-11-29T11:19:01.213+0000] {override.py:1911} INFO - Created Permission View: can create on DAG Run:dataset_alias_example_alias_consumer
[2025-11-29T11:19:01.234+0000] {logging_mixin.py:190} INFO - [2025-11-29T11:19:01.234+0000] {override.py:1911} INFO - Created Permission View: can delete on DAG:dataset_alias_example_alias_producer
[2025-11-29T11:19:01.243+0000] {logging_mixin.py:190} INFO - [2025-11-29T11:19:01.243+0000] {override.py:1911} INFO - Created Permission View: can read on DAG:dataset_alias_example_alias_producer
[2025-11-29T11:19:01.250+0000] {logging_mixin.py:190} INFO - [2025-11-29T11:19:01.250+0000] {override.py:1911} INFO - Created Permission View: can edit on DAG:dataset_alias_example_alias_producer
[2025-11-29T11:19:01.260+0000] {logging_mixin.py:190} INFO - [2025-11-29T11:19:01.260+0000] {override.py:1911} INFO - Created Permission View: menu access on DAG Run:dataset_alias_example_alias_producer
[2025-11-29T11:19:01.268+0000] {logging_mixin.py:190} INFO - [2025-11-29T11:19:01.267+0000] {override.py:1911} INFO - Created Permission View: can delete on DAG Run:dataset_alias_example_alias_producer
[2025-11-29T11:19:01.276+0000] {logging_mixin.py:190} INFO - [2025-11-29T11:19:01.276+0000] {override.py:1911} INFO - Created Permission View: can read on DAG Run:dataset_alias_example_alias_producer
[2025-11-29T11:19:01.284+0000] {logging_mixin.py:190} INFO - [2025-11-29T11:19:01.284+0000] {override.py:1911} INFO - Created Permission View: can create on DAG Run:dataset_alias_example_alias_producer
[2025-11-29T11:19:01.286+0000] {logging_mixin.py:190} INFO - [2025-11-29T11:19:01.285+0000] {dag.py:3239} INFO - Sync 4 DAGs
[2025-11-29T11:19:01.299+0000] {logging_mixin.py:190} INFO - [2025-11-29T11:19:01.299+0000] {dag.py:3262} INFO - Creating ORM DAG for dataset_alias_example_alias_producer
[2025-11-29T11:19:01.301+0000] {logging_mixin.py:190} INFO - [2025-11-29T11:19:01.301+0000] {dag.py:3262} INFO - Creating ORM DAG for dataset_s3_bucket_producer
[2025-11-29T11:19:01.302+0000] {logging_mixin.py:190} INFO - [2025-11-29T11:19:01.302+0000] {dag.py:3262} INFO - Creating ORM DAG for dataset_s3_bucket_consumer
[2025-11-29T11:19:01.303+0000] {logging_mixin.py:190} INFO - [2025-11-29T11:19:01.303+0000] {dag.py:3262} INFO - Creating ORM DAG for dataset_alias_example_alias_consumer
[2025-11-29T11:19:01.313+0000] {logging_mixin.py:190} INFO - [2025-11-29T11:19:01.313+0000] {dag.py:4180} INFO - Setting next_dagrun for dataset_alias_example_alias_consumer to None, run_after=None
[2025-11-29T11:19:01.315+0000] {logging_mixin.py:190} INFO - [2025-11-29T11:19:01.314+0000] {dag.py:4180} INFO - Setting next_dagrun for dataset_alias_example_alias_producer to None, run_after=None
[2025-11-29T11:19:01.316+0000] {logging_mixin.py:190} INFO - [2025-11-29T11:19:01.315+0000] {dag.py:4180} INFO - Setting next_dagrun for dataset_s3_bucket_consumer to None, run_after=None
[2025-11-29T11:19:01.317+0000] {logging_mixin.py:190} INFO - [2025-11-29T11:19:01.317+0000] {dag.py:4180} INFO - Setting next_dagrun for dataset_s3_bucket_producer to None, run_after=None
[2025-11-29T11:19:01.352+0000] {processor.py:208} INFO - Processing /home/airflow/.local/lib/python3.12/site-packages/airflow/example_dags/example_dataset_alias.py took 0.495 seconds
[2025-11-29T11:19:31.438+0000] {processor.py:186} INFO - Started process (PID=185) to work on /home/airflow/.local/lib/python3.12/site-packages/airflow/example_dags/example_dataset_alias.py
[2025-11-29T11:19:31.439+0000] {processor.py:914} INFO - Processing file /home/airflow/.local/lib/python3.12/site-packages/airflow/example_dags/example_dataset_alias.py for tasks to queue
[2025-11-29T11:19:31.443+0000] {logging_mixin.py:190} INFO - [2025-11-29T11:19:31.442+0000] {dagbag.py:588} INFO - Filling up the DagBag from /home/airflow/.local/lib/python3.12/site-packages/airflow/example_dags/example_dataset_alias.py
[2025-11-29T11:19:31.483+0000] {processor.py:925} INFO - DAG(s) 'dataset_s3_bucket_consumer', 'dataset_alias_example_alias_consumer', 'dataset_alias_example_alias_producer', 'dataset_s3_bucket_producer' retrieved from /home/airflow/.local/lib/python3.12/site-packages/airflow/example_dags/example_dataset_alias.py
[2025-11-29T11:19:31.511+0000] {logging_mixin.py:190} INFO - [2025-11-29T11:19:31.511+0000] {dag.py:3239} INFO - Sync 4 DAGs
[2025-11-29T11:19:31.536+0000] {logging_mixin.py:190} INFO - [2025-11-29T11:19:31.536+0000] {dag.py:4180} INFO - Setting next_dagrun for dataset_alias_example_alias_consumer to None, run_after=None
[2025-11-29T11:19:31.540+0000] {logging_mixin.py:190} INFO - [2025-11-29T11:19:31.539+0000] {dag.py:4180} INFO - Setting next_dagrun for dataset_alias_example_alias_producer to None, run_after=None
[2025-11-29T11:19:31.542+0000] {logging_mixin.py:190} INFO - [2025-11-29T11:19:31.542+0000] {dag.py:4180} INFO - Setting next_dagrun for dataset_s3_bucket_consumer to None, run_after=None
[2025-11-29T11:19:31.544+0000] {logging_mixin.py:190} INFO - [2025-11-29T11:19:31.544+0000] {dag.py:4180} INFO - Setting next_dagrun for dataset_s3_bucket_producer to None, run_after=None
[2025-11-29T11:19:31.570+0000] {processor.py:208} INFO - Processing /home/airflow/.local/lib/python3.12/site-packages/airflow/example_dags/example_dataset_alias.py took 0.140 seconds
[2025-11-29T11:20:01.795+0000] {processor.py:186} INFO - Started process (PID=253) to work on /home/airflow/.local/lib/python3.12/site-packages/airflow/example_dags/example_dataset_alias.py
[2025-11-29T11:20:01.797+0000] {processor.py:914} INFO - Processing file /home/airflow/.local/lib/python3.12/site-packages/airflow/example_dags/example_dataset_alias.py for tasks to queue
[2025-11-29T11:20:01.801+0000] {logging_mixin.py:190} INFO - [2025-11-29T11:20:01.800+0000] {dagbag.py:588} INFO - Filling up the DagBag from /home/airflow/.local/lib/python3.12/site-packages/airflow/example_dags/example_dataset_alias.py
[2025-11-29T11:20:01.840+0000] {processor.py:925} INFO - DAG(s) 'dataset_s3_bucket_consumer', 'dataset_alias_example_alias_consumer', 'dataset_alias_example_alias_producer', 'dataset_s3_bucket_producer' retrieved from /home/airflow/.local/lib/python3.12/site-packages/airflow/example_dags/example_dataset_alias.py
[2025-11-29T11:20:01.867+0000] {logging_mixin.py:190} INFO - [2025-11-29T11:20:01.867+0000] {dag.py:3239} INFO - Sync 4 DAGs
[2025-11-29T11:20:01.894+0000] {logging_mixin.py:190} INFO - [2025-11-29T11:20:01.894+0000] {dag.py:4180} INFO - Setting next_dagrun for dataset_alias_example_alias_consumer to None, run_after=None
[2025-11-29T11:20:01.898+0000] {logging_mixin.py:190} INFO - [2025-11-29T11:20:01.898+0000] {dag.py:4180} INFO - Setting next_dagrun for dataset_alias_example_alias_producer to None, run_after=None
[2025-11-29T11:20:01.900+0000] {logging_mixin.py:190} INFO - [2025-11-29T11:20:01.900+0000] {dag.py:4180} INFO - Setting next_dagrun for dataset_s3_bucket_consumer to None, run_after=None
[2025-11-29T11:20:01.902+0000] {logging_mixin.py:190} INFO - [2025-11-29T11:20:01.902+0000] {dag.py:4180} INFO - Setting next_dagrun for dataset_s3_bucket_producer to None, run_after=None
[2025-11-29T11:20:01.931+0000] {processor.py:208} INFO - Processing /home/airflow/.local/lib/python3.12/site-packages/airflow/example_dags/example_dataset_alias.py took 0.143 seconds
[2025-11-29T11:20:32.436+0000] {processor.py:186} INFO - Started process (PID=322) to work on /home/airflow/.local/lib/python3.12/site-packages/airflow/example_dags/example_dataset_alias.py
[2025-11-29T11:20:32.439+0000] {processor.py:914} INFO - Processing file /home/airflow/.local/lib/python3.12/site-packages/airflow/example_dags/example_dataset_alias.py for tasks to queue
[2025-11-29T11:20:32.444+0000] {logging_mixin.py:190} INFO - [2025-11-29T11:20:32.443+0000] {dagbag.py:588} INFO - Filling up the DagBag from /home/airflow/.local/lib/python3.12/site-packages/airflow/example_dags/example_dataset_alias.py
[2025-11-29T11:20:32.534+0000] {processor.py:925} INFO - DAG(s) 'dataset_s3_bucket_consumer', 'dataset_alias_example_alias_consumer', 'dataset_s3_bucket_producer', 'dataset_alias_example_alias_producer' retrieved from /home/airflow/.local/lib/python3.12/site-packages/airflow/example_dags/example_dataset_alias.py
[2025-11-29T11:20:32.588+0000] {logging_mixin.py:190} INFO - [2025-11-29T11:20:32.587+0000] {dag.py:3239} INFO - Sync 4 DAGs
[2025-11-29T11:20:32.620+0000] {logging_mixin.py:190} INFO - [2025-11-29T11:20:32.620+0000] {dag.py:4180} INFO - Setting next_dagrun for dataset_alias_example_alias_consumer to None, run_after=None
[2025-11-29T11:20:32.624+0000] {logging_mixin.py:190} INFO - [2025-11-29T11:20:32.623+0000] {dag.py:4180} INFO - Setting next_dagrun for dataset_alias_example_alias_producer to None, run_after=None
[2025-11-29T11:20:32.626+0000] {logging_mixin.py:190} INFO - [2025-11-29T11:20:32.626+0000] {dag.py:4180} INFO - Setting next_dagrun for dataset_s3_bucket_consumer to None, run_after=None
[2025-11-29T11:20:32.628+0000] {logging_mixin.py:190} INFO - [2025-11-29T11:20:32.627+0000] {dag.py:4180} INFO - Setting next_dagrun for dataset_s3_bucket_producer to None, run_after=None
[2025-11-29T11:20:32.654+0000] {processor.py:208} INFO - Processing /home/airflow/.local/lib/python3.12/site-packages/airflow/example_dags/example_dataset_alias.py took 0.231 seconds
[2025-11-29T11:21:03.327+0000] {processor.py:186} INFO - Started process (PID=391) to work on /home/airflow/.local/lib/python3.12/site-packages/airflow/example_dags/example_dataset_alias.py
[2025-11-29T11:21:03.329+0000] {processor.py:914} INFO - Processing file /home/airflow/.local/lib/python3.12/site-packages/airflow/example_dags/example_dataset_alias.py for tasks to queue
[2025-11-29T11:21:03.332+0000] {logging_mixin.py:190} INFO - [2025-11-29T11:21:03.332+0000] {dagbag.py:588} INFO - Filling up the DagBag from /home/airflow/.local/lib/python3.12/site-packages/airflow/example_dags/example_dataset_alias.py
[2025-11-29T11:21:03.390+0000] {processor.py:925} INFO - DAG(s) 'dataset_s3_bucket_consumer', 'dataset_s3_bucket_producer', 'dataset_alias_example_alias_producer', 'dataset_alias_example_alias_consumer' retrieved from /home/airflow/.local/lib/python3.12/site-packages/airflow/example_dags/example_dataset_alias.py
[2025-11-29T11:21:03.435+0000] {logging_mixin.py:190} INFO - [2025-11-29T11:21:03.434+0000] {dag.py:3239} INFO - Sync 4 DAGs
[2025-11-29T11:21:03.472+0000] {logging_mixin.py:190} INFO - [2025-11-29T11:21:03.472+0000] {dag.py:4180} INFO - Setting next_dagrun for dataset_alias_example_alias_consumer to None, run_after=None
[2025-11-29T11:21:03.477+0000] {logging_mixin.py:190} INFO - [2025-11-29T11:21:03.477+0000] {dag.py:4180} INFO - Setting next_dagrun for dataset_alias_example_alias_producer to None, run_after=None
[2025-11-29T11:21:03.481+0000] {logging_mixin.py:190} INFO - [2025-11-29T11:21:03.481+0000] {dag.py:4180} INFO - Setting next_dagrun for dataset_s3_bucket_consumer to None, run_after=None
[2025-11-29T11:21:03.484+0000] {logging_mixin.py:190} INFO - [2025-11-29T11:21:03.483+0000] {dag.py:4180} INFO - Setting next_dagrun for dataset_s3_bucket_producer to None, run_after=None
[2025-11-29T11:21:03.526+0000] {processor.py:208} INFO - Processing /home/airflow/.local/lib/python3.12/site-packages/airflow/example_dags/example_dataset_alias.py took 0.209 seconds
[2025-11-29T11:21:34.389+0000] {processor.py:186} INFO - Started process (PID=459) to work on /home/airflow/.local/lib/python3.12/site-packages/airflow/example_dags/example_dataset_alias.py
[2025-11-29T11:21:34.390+0000] {processor.py:914} INFO - Processing file /home/airflow/.local/lib/python3.12/site-packages/airflow/example_dags/example_dataset_alias.py for tasks to queue
[2025-11-29T11:21:34.394+0000] {logging_mixin.py:190} INFO - [2025-11-29T11:21:34.393+0000] {dagbag.py:588} INFO - Filling up the DagBag from /home/airflow/.local/lib/python3.12/site-packages/airflow/example_dags/example_dataset_alias.py
[2025-11-29T11:21:34.432+0000] {processor.py:925} INFO - DAG(s) 'dataset_alias_example_alias_consumer', 'dataset_alias_example_alias_producer', 'dataset_s3_bucket_producer', 'dataset_s3_bucket_consumer' retrieved from /home/airflow/.local/lib/python3.12/site-packages/airflow/example_dags/example_dataset_alias.py
[2025-11-29T11:21:34.463+0000] {logging_mixin.py:190} INFO - [2025-11-29T11:21:34.462+0000] {dag.py:3239} INFO - Sync 4 DAGs
[2025-11-29T11:21:34.495+0000] {logging_mixin.py:190} INFO - [2025-11-29T11:21:34.494+0000] {dag.py:4180} INFO - Setting next_dagrun for dataset_alias_example_alias_consumer to None, run_after=None
[2025-11-29T11:21:34.498+0000] {logging_mixin.py:190} INFO - [2025-11-29T11:21:34.498+0000] {dag.py:4180} INFO - Setting next_dagrun for dataset_alias_example_alias_producer to None, run_after=None
[2025-11-29T11:21:34.501+0000] {logging_mixin.py:190} INFO - [2025-11-29T11:21:34.501+0000] {dag.py:4180} INFO - Setting next_dagrun for dataset_s3_bucket_consumer to None, run_after=None
[2025-11-29T11:21:34.503+0000] {logging_mixin.py:190} INFO - [2025-11-29T11:21:34.503+0000] {dag.py:4180} INFO - Setting next_dagrun for dataset_s3_bucket_producer to None, run_after=None
[2025-11-29T11:21:34.530+0000] {processor.py:208} INFO - Processing /home/airflow/.local/lib/python3.12/site-packages/airflow/example_dags/example_dataset_alias.py took 0.149 seconds
[2025-11-29T11:22:04.749+0000] {processor.py:186} INFO - Started process (PID=528) to work on /home/airflow/.local/lib/python3.12/site-packages/airflow/example_dags/example_dataset_alias.py
[2025-11-29T11:22:04.751+0000] {processor.py:914} INFO - Processing file /home/airflow/.local/lib/python3.12/site-packages/airflow/example_dags/example_dataset_alias.py for tasks to queue
[2025-11-29T11:22:04.755+0000] {logging_mixin.py:190} INFO - [2025-11-29T11:22:04.754+0000] {dagbag.py:588} INFO - Filling up the DagBag from /home/airflow/.local/lib/python3.12/site-packages/airflow/example_dags/example_dataset_alias.py
[2025-11-29T11:22:04.796+0000] {processor.py:925} INFO - DAG(s) 'dataset_s3_bucket_producer', 'dataset_alias_example_alias_consumer', 'dataset_alias_example_alias_producer', 'dataset_s3_bucket_consumer' retrieved from /home/airflow/.local/lib/python3.12/site-packages/airflow/example_dags/example_dataset_alias.py
[2025-11-29T11:22:04.824+0000] {logging_mixin.py:190} INFO - [2025-11-29T11:22:04.824+0000] {dag.py:3239} INFO - Sync 4 DAGs
[2025-11-29T11:22:04.851+0000] {logging_mixin.py:190} INFO - [2025-11-29T11:22:04.851+0000] {dag.py:4180} INFO - Setting next_dagrun for dataset_alias_example_alias_consumer to None, run_after=None
[2025-11-29T11:22:04.856+0000] {logging_mixin.py:190} INFO - [2025-11-29T11:22:04.856+0000] {dag.py:4180} INFO - Setting next_dagrun for dataset_alias_example_alias_producer to None, run_after=None
[2025-11-29T11:22:04.859+0000] {logging_mixin.py:190} INFO - [2025-11-29T11:22:04.858+0000] {dag.py:4180} INFO - Setting next_dagrun for dataset_s3_bucket_consumer to None, run_after=None
[2025-11-29T11:22:04.861+0000] {logging_mixin.py:190} INFO - [2025-11-29T11:22:04.860+0000] {dag.py:4180} INFO - Setting next_dagrun for dataset_s3_bucket_producer to None, run_after=None
[2025-11-29T11:22:04.890+0000] {processor.py:208} INFO - Processing /home/airflow/.local/lib/python3.12/site-packages/airflow/example_dags/example_dataset_alias.py took 0.149 seconds
[2025-11-29T11:22:35.022+0000] {processor.py:186} INFO - Started process (PID=597) to work on /home/airflow/.local/lib/python3.12/site-packages/airflow/example_dags/example_dataset_alias.py
[2025-11-29T11:22:35.023+0000] {processor.py:914} INFO - Processing file /home/airflow/.local/lib/python3.12/site-packages/airflow/example_dags/example_dataset_alias.py for tasks to queue
[2025-11-29T11:22:35.027+0000] {logging_mixin.py:190} INFO - [2025-11-29T11:22:35.027+0000] {dagbag.py:588} INFO - Filling up the DagBag from /home/airflow/.local/lib/python3.12/site-packages/airflow/example_dags/example_dataset_alias.py
[2025-11-29T11:22:35.076+0000] {processor.py:925} INFO - DAG(s) 'dataset_s3_bucket_producer', 'dataset_alias_example_alias_producer', 'dataset_s3_bucket_consumer', 'dataset_alias_example_alias_consumer' retrieved from /home/airflow/.local/lib/python3.12/site-packages/airflow/example_dags/example_dataset_alias.py
[2025-11-29T11:22:35.112+0000] {logging_mixin.py:190} INFO - [2025-11-29T11:22:35.112+0000] {dag.py:3239} INFO - Sync 4 DAGs
[2025-11-29T11:22:35.145+0000] {logging_mixin.py:190} INFO - [2025-11-29T11:22:35.145+0000] {dag.py:4180} INFO - Setting next_dagrun for dataset_alias_example_alias_consumer to None, run_after=None
[2025-11-29T11:22:35.150+0000] {logging_mixin.py:190} INFO - [2025-11-29T11:22:35.150+0000] {dag.py:4180} INFO - Setting next_dagrun for dataset_alias_example_alias_producer to None, run_after=None
[2025-11-29T11:22:35.153+0000] {logging_mixin.py:190} INFO - [2025-11-29T11:22:35.153+0000] {dag.py:4180} INFO - Setting next_dagrun for dataset_s3_bucket_consumer to None, run_after=None
[2025-11-29T11:22:35.155+0000] {logging_mixin.py:190} INFO - [2025-11-29T11:22:35.155+0000] {dag.py:4180} INFO - Setting next_dagrun for dataset_s3_bucket_producer to None, run_after=None
[2025-11-29T11:22:35.194+0000] {processor.py:208} INFO - Processing /home/airflow/.local/lib/python3.12/site-packages/airflow/example_dags/example_dataset_alias.py took 0.180 seconds
[2025-11-29T11:23:05.374+0000] {processor.py:186} INFO - Started process (PID=665) to work on /home/airflow/.local/lib/python3.12/site-packages/airflow/example_dags/example_dataset_alias.py
[2025-11-29T11:23:05.375+0000] {processor.py:914} INFO - Processing file /home/airflow/.local/lib/python3.12/site-packages/airflow/example_dags/example_dataset_alias.py for tasks to queue
[2025-11-29T11:23:05.379+0000] {logging_mixin.py:190} INFO - [2025-11-29T11:23:05.379+0000] {dagbag.py:588} INFO - Filling up the DagBag from /home/airflow/.local/lib/python3.12/site-packages/airflow/example_dags/example_dataset_alias.py
[2025-11-29T11:23:05.416+0000] {processor.py:925} INFO - DAG(s) 'dataset_s3_bucket_consumer', 'dataset_s3_bucket_producer', 'dataset_alias_example_alias_consumer', 'dataset_alias_example_alias_producer' retrieved from /home/airflow/.local/lib/python3.12/site-packages/airflow/example_dags/example_dataset_alias.py
[2025-11-29T11:23:05.441+0000] {logging_mixin.py:190} INFO - [2025-11-29T11:23:05.441+0000] {dag.py:3239} INFO - Sync 4 DAGs
[2025-11-29T11:23:05.465+0000] {logging_mixin.py:190} INFO - [2025-11-29T11:23:05.465+0000] {dag.py:4180} INFO - Setting next_dagrun for dataset_alias_example_alias_consumer to None, run_after=None
[2025-11-29T11:23:05.468+0000] {logging_mixin.py:190} INFO - [2025-11-29T11:23:05.468+0000] {dag.py:4180} INFO - Setting next_dagrun for dataset_alias_example_alias_producer to None, run_after=None
[2025-11-29T11:23:05.471+0000] {logging_mixin.py:190} INFO - [2025-11-29T11:23:05.470+0000] {dag.py:4180} INFO - Setting next_dagrun for dataset_s3_bucket_consumer to None, run_after=None
[2025-11-29T11:23:05.473+0000] {logging_mixin.py:190} INFO - [2025-11-29T11:23:05.472+0000] {dag.py:4180} INFO - Setting next_dagrun for dataset_s3_bucket_producer to None, run_after=None
[2025-11-29T11:23:05.496+0000] {processor.py:208} INFO - Processing /home/airflow/.local/lib/python3.12/site-packages/airflow/example_dags/example_dataset_alias.py took 0.130 seconds
[2025-11-29T11:23:36.046+0000] {processor.py:186} INFO - Started process (PID=733) to work on /home/airflow/.local/lib/python3.12/site-packages/airflow/example_dags/example_dataset_alias.py
[2025-11-29T11:23:36.047+0000] {processor.py:914} INFO - Processing file /home/airflow/.local/lib/python3.12/site-packages/airflow/example_dags/example_dataset_alias.py for tasks to queue
[2025-11-29T11:23:36.051+0000] {logging_mixin.py:190} INFO - [2025-11-29T11:23:36.050+0000] {dagbag.py:588} INFO - Filling up the DagBag from /home/airflow/.local/lib/python3.12/site-packages/airflow/example_dags/example_dataset_alias.py
[2025-11-29T11:23:36.089+0000] {processor.py:925} INFO - DAG(s) 'dataset_alias_example_alias_producer', 'dataset_s3_bucket_producer', 'dataset_alias_example_alias_consumer', 'dataset_s3_bucket_consumer' retrieved from /home/airflow/.local/lib/python3.12/site-packages/airflow/example_dags/example_dataset_alias.py
[2025-11-29T11:23:36.115+0000] {logging_mixin.py:190} INFO - [2025-11-29T11:23:36.115+0000] {dag.py:3239} INFO - Sync 4 DAGs
[2025-11-29T11:23:36.142+0000] {logging_mixin.py:190} INFO - [2025-11-29T11:23:36.142+0000] {dag.py:4180} INFO - Setting next_dagrun for dataset_alias_example_alias_consumer to None, run_after=None
[2025-11-29T11:23:36.147+0000] {logging_mixin.py:190} INFO - [2025-11-29T11:23:36.146+0000] {dag.py:4180} INFO - Setting next_dagrun for dataset_alias_example_alias_producer to None, run_after=None
[2025-11-29T11:23:36.149+0000] {logging_mixin.py:190} INFO - [2025-11-29T11:23:36.148+0000] {dag.py:4180} INFO - Setting next_dagrun for dataset_s3_bucket_consumer to None, run_after=None
[2025-11-29T11:23:36.151+0000] {logging_mixin.py:190} INFO - [2025-11-29T11:23:36.150+0000] {dag.py:4180} INFO - Setting next_dagrun for dataset_s3_bucket_producer to None, run_after=None
[2025-11-29T11:23:36.178+0000] {processor.py:208} INFO - Processing /home/airflow/.local/lib/python3.12/site-packages/airflow/example_dags/example_dataset_alias.py took 0.139 seconds
[2025-11-29T11:24:07.234+0000] {processor.py:186} INFO - Started process (PID=802) to work on /home/airflow/.local/lib/python3.12/site-packages/airflow/example_dags/example_dataset_alias.py
[2025-11-29T11:24:07.236+0000] {processor.py:914} INFO - Processing file /home/airflow/.local/lib/python3.12/site-packages/airflow/example_dags/example_dataset_alias.py for tasks to queue
[2025-11-29T11:24:07.239+0000] {logging_mixin.py:190} INFO - [2025-11-29T11:24:07.238+0000] {dagbag.py:588} INFO - Filling up the DagBag from /home/airflow/.local/lib/python3.12/site-packages/airflow/example_dags/example_dataset_alias.py
[2025-11-29T11:24:07.295+0000] {processor.py:925} INFO - DAG(s) 'dataset_alias_example_alias_consumer', 'dataset_s3_bucket_consumer', 'dataset_s3_bucket_producer', 'dataset_alias_example_alias_producer' retrieved from /home/airflow/.local/lib/python3.12/site-packages/airflow/example_dags/example_dataset_alias.py
[2025-11-29T11:24:07.333+0000] {logging_mixin.py:190} INFO - [2025-11-29T11:24:07.332+0000] {dag.py:3239} INFO - Sync 4 DAGs
[2025-11-29T11:24:07.370+0000] {logging_mixin.py:190} INFO - [2025-11-29T11:24:07.370+0000] {dag.py:4180} INFO - Setting next_dagrun for dataset_alias_example_alias_consumer to None, run_after=None
[2025-11-29T11:24:07.375+0000] {logging_mixin.py:190} INFO - [2025-11-29T11:24:07.375+0000] {dag.py:4180} INFO - Setting next_dagrun for dataset_alias_example_alias_producer to None, run_after=None
[2025-11-29T11:24:07.378+0000] {logging_mixin.py:190} INFO - [2025-11-29T11:24:07.377+0000] {dag.py:4180} INFO - Setting next_dagrun for dataset_s3_bucket_consumer to None, run_after=None
[2025-11-29T11:24:07.381+0000] {logging_mixin.py:190} INFO - [2025-11-29T11:24:07.380+0000] {dag.py:4180} INFO - Setting next_dagrun for dataset_s3_bucket_producer to None, run_after=None
[2025-11-29T11:24:07.415+0000] {processor.py:208} INFO - Processing /home/airflow/.local/lib/python3.12/site-packages/airflow/example_dags/example_dataset_alias.py took 0.192 seconds
[2025-11-29T11:24:37.482+0000] {processor.py:186} INFO - Started process (PID=870) to work on /home/airflow/.local/lib/python3.12/site-packages/airflow/example_dags/example_dataset_alias.py
[2025-11-29T11:24:37.484+0000] {processor.py:914} INFO - Processing file /home/airflow/.local/lib/python3.12/site-packages/airflow/example_dags/example_dataset_alias.py for tasks to queue
[2025-11-29T11:24:37.486+0000] {logging_mixin.py:190} INFO - [2025-11-29T11:24:37.485+0000] {dagbag.py:588} INFO - Filling up the DagBag from /home/airflow/.local/lib/python3.12/site-packages/airflow/example_dags/example_dataset_alias.py
[2025-11-29T11:24:37.528+0000] {processor.py:925} INFO - DAG(s) 'dataset_alias_example_alias_consumer', 'dataset_s3_bucket_producer', 'dataset_alias_example_alias_producer', 'dataset_s3_bucket_consumer' retrieved from /home/airflow/.local/lib/python3.12/site-packages/airflow/example_dags/example_dataset_alias.py
[2025-11-29T11:24:37.556+0000] {logging_mixin.py:190} INFO - [2025-11-29T11:24:37.556+0000] {dag.py:3239} INFO - Sync 4 DAGs
[2025-11-29T11:24:37.583+0000] {logging_mixin.py:190} INFO - [2025-11-29T11:24:37.583+0000] {dag.py:4180} INFO - Setting next_dagrun for dataset_alias_example_alias_consumer to None, run_after=None
[2025-11-29T11:24:37.586+0000] {logging_mixin.py:190} INFO - [2025-11-29T11:24:37.586+0000] {dag.py:4180} INFO - Setting next_dagrun for dataset_alias_example_alias_producer to None, run_after=None
[2025-11-29T11:24:37.588+0000] {logging_mixin.py:190} INFO - [2025-11-29T11:24:37.588+0000] {dag.py:4180} INFO - Setting next_dagrun for dataset_s3_bucket_consumer to None, run_after=None
[2025-11-29T11:24:37.590+0000] {logging_mixin.py:190} INFO - [2025-11-29T11:24:37.590+0000] {dag.py:4180} INFO - Setting next_dagrun for dataset_s3_bucket_producer to None, run_after=None
[2025-11-29T11:24:37.617+0000] {processor.py:208} INFO - Processing /home/airflow/.local/lib/python3.12/site-packages/airflow/example_dags/example_dataset_alias.py took 0.142 seconds
[2025-11-29T11:25:07.823+0000] {processor.py:186} INFO - Started process (PID=938) to work on /home/airflow/.local/lib/python3.12/site-packages/airflow/example_dags/example_dataset_alias.py
[2025-11-29T11:25:07.824+0000] {processor.py:914} INFO - Processing file /home/airflow/.local/lib/python3.12/site-packages/airflow/example_dags/example_dataset_alias.py for tasks to queue
[2025-11-29T11:25:07.826+0000] {logging_mixin.py:190} INFO - [2025-11-29T11:25:07.826+0000] {dagbag.py:588} INFO - Filling up the DagBag from /home/airflow/.local/lib/python3.12/site-packages/airflow/example_dags/example_dataset_alias.py
[2025-11-29T11:25:07.866+0000] {processor.py:925} INFO - DAG(s) 'dataset_alias_example_alias_consumer', 'dataset_s3_bucket_consumer', 'dataset_alias_example_alias_producer', 'dataset_s3_bucket_producer' retrieved from /home/airflow/.local/lib/python3.12/site-packages/airflow/example_dags/example_dataset_alias.py
[2025-11-29T11:25:07.892+0000] {logging_mixin.py:190} INFO - [2025-11-29T11:25:07.892+0000] {dag.py:3239} INFO - Sync 4 DAGs
[2025-11-29T11:25:07.919+0000] {logging_mixin.py:190} INFO - [2025-11-29T11:25:07.918+0000] {dag.py:4180} INFO - Setting next_dagrun for dataset_alias_example_alias_consumer to None, run_after=None
[2025-11-29T11:25:07.922+0000] {logging_mixin.py:190} INFO - [2025-11-29T11:25:07.922+0000] {dag.py:4180} INFO - Setting next_dagrun for dataset_alias_example_alias_producer to None, run_after=None
[2025-11-29T11:25:07.925+0000] {logging_mixin.py:190} INFO - [2025-11-29T11:25:07.924+0000] {dag.py:4180} INFO - Setting next_dagrun for dataset_s3_bucket_consumer to None, run_after=None
[2025-11-29T11:25:07.927+0000] {logging_mixin.py:190} INFO - [2025-11-29T11:25:07.926+0000] {dag.py:4180} INFO - Setting next_dagrun for dataset_s3_bucket_producer to None, run_after=None
[2025-11-29T11:25:07.951+0000] {processor.py:208} INFO - Processing /home/airflow/.local/lib/python3.12/site-packages/airflow/example_dags/example_dataset_alias.py took 0.136 seconds
[2025-11-29T11:25:38.259+0000] {processor.py:186} INFO - Started process (PID=1006) to work on /home/airflow/.local/lib/python3.12/site-packages/airflow/example_dags/example_dataset_alias.py
[2025-11-29T11:25:38.262+0000] {processor.py:914} INFO - Processing file /home/airflow/.local/lib/python3.12/site-packages/airflow/example_dags/example_dataset_alias.py for tasks to queue
[2025-11-29T11:25:38.264+0000] {logging_mixin.py:190} INFO - [2025-11-29T11:25:38.263+0000] {dagbag.py:588} INFO - Filling up the DagBag from /home/airflow/.local/lib/python3.12/site-packages/airflow/example_dags/example_dataset_alias.py
[2025-11-29T11:25:38.307+0000] {processor.py:925} INFO - DAG(s) 'dataset_alias_example_alias_producer', 'dataset_s3_bucket_producer', 'dataset_s3_bucket_consumer', 'dataset_alias_example_alias_consumer' retrieved from /home/airflow/.local/lib/python3.12/site-packages/airflow/example_dags/example_dataset_alias.py
[2025-11-29T11:25:38.344+0000] {logging_mixin.py:190} INFO - [2025-11-29T11:25:38.343+0000] {dag.py:3239} INFO - Sync 4 DAGs
[2025-11-29T11:25:38.372+0000] {logging_mixin.py:190} INFO - [2025-11-29T11:25:38.372+0000] {dag.py:4180} INFO - Setting next_dagrun for dataset_alias_example_alias_consumer to None, run_after=None
[2025-11-29T11:25:38.375+0000] {logging_mixin.py:190} INFO - [2025-11-29T11:25:38.375+0000] {dag.py:4180} INFO - Setting next_dagrun for dataset_alias_example_alias_producer to None, run_after=None
[2025-11-29T11:25:38.378+0000] {logging_mixin.py:190} INFO - [2025-11-29T11:25:38.377+0000] {dag.py:4180} INFO - Setting next_dagrun for dataset_s3_bucket_consumer to None, run_after=None
[2025-11-29T11:25:38.380+0000] {logging_mixin.py:190} INFO - [2025-11-29T11:25:38.380+0000] {dag.py:4180} INFO - Setting next_dagrun for dataset_s3_bucket_producer to None, run_after=None
[2025-11-29T11:25:38.406+0000] {processor.py:208} INFO - Processing /home/airflow/.local/lib/python3.12/site-packages/airflow/example_dags/example_dataset_alias.py took 0.158 seconds
[2025-11-29T11:26:08.783+0000] {processor.py:186} INFO - Started process (PID=1075) to work on /home/airflow/.local/lib/python3.12/site-packages/airflow/example_dags/example_dataset_alias.py
[2025-11-29T11:26:08.784+0000] {processor.py:914} INFO - Processing file /home/airflow/.local/lib/python3.12/site-packages/airflow/example_dags/example_dataset_alias.py for tasks to queue
[2025-11-29T11:26:08.786+0000] {logging_mixin.py:190} INFO - [2025-11-29T11:26:08.786+0000] {dagbag.py:588} INFO - Filling up the DagBag from /home/airflow/.local/lib/python3.12/site-packages/airflow/example_dags/example_dataset_alias.py
[2025-11-29T11:26:08.828+0000] {processor.py:925} INFO - DAG(s) 'dataset_alias_example_alias_producer', 'dataset_s3_bucket_consumer', 'dataset_alias_example_alias_consumer', 'dataset_s3_bucket_producer' retrieved from /home/airflow/.local/lib/python3.12/site-packages/airflow/example_dags/example_dataset_alias.py
[2025-11-29T11:26:08.860+0000] {logging_mixin.py:190} INFO - [2025-11-29T11:26:08.860+0000] {dag.py:3239} INFO - Sync 4 DAGs
[2025-11-29T11:26:08.888+0000] {logging_mixin.py:190} INFO - [2025-11-29T11:26:08.888+0000] {dag.py:4180} INFO - Setting next_dagrun for dataset_alias_example_alias_consumer to None, run_after=None
[2025-11-29T11:26:08.892+0000] {logging_mixin.py:190} INFO - [2025-11-29T11:26:08.892+0000] {dag.py:4180} INFO - Setting next_dagrun for dataset_alias_example_alias_producer to None, run_after=None
[2025-11-29T11:26:08.894+0000] {logging_mixin.py:190} INFO - [2025-11-29T11:26:08.894+0000] {dag.py:4180} INFO - Setting next_dagrun for dataset_s3_bucket_consumer to None, run_after=None
[2025-11-29T11:26:08.897+0000] {logging_mixin.py:190} INFO - [2025-11-29T11:26:08.897+0000] {dag.py:4180} INFO - Setting next_dagrun for dataset_s3_bucket_producer to None, run_after=None
[2025-11-29T11:26:08.924+0000] {processor.py:208} INFO - Processing /home/airflow/.local/lib/python3.12/site-packages/airflow/example_dags/example_dataset_alias.py took 0.148 seconds
[2025-11-29T11:26:39.149+0000] {processor.py:186} INFO - Started process (PID=1143) to work on /home/airflow/.local/lib/python3.12/site-packages/airflow/example_dags/example_dataset_alias.py
[2025-11-29T11:26:39.150+0000] {processor.py:914} INFO - Processing file /home/airflow/.local/lib/python3.12/site-packages/airflow/example_dags/example_dataset_alias.py for tasks to queue
[2025-11-29T11:26:39.152+0000] {logging_mixin.py:190} INFO - [2025-11-29T11:26:39.151+0000] {dagbag.py:588} INFO - Filling up the DagBag from /home/airflow/.local/lib/python3.12/site-packages/airflow/example_dags/example_dataset_alias.py
[2025-11-29T11:26:39.189+0000] {processor.py:925} INFO - DAG(s) 'dataset_s3_bucket_consumer', 'dataset_s3_bucket_producer', 'dataset_alias_example_alias_producer', 'dataset_alias_example_alias_consumer' retrieved from /home/airflow/.local/lib/python3.12/site-packages/airflow/example_dags/example_dataset_alias.py
[2025-11-29T11:26:39.216+0000] {logging_mixin.py:190} INFO - [2025-11-29T11:26:39.215+0000] {dag.py:3239} INFO - Sync 4 DAGs
[2025-11-29T11:26:39.244+0000] {logging_mixin.py:190} INFO - [2025-11-29T11:26:39.244+0000] {dag.py:4180} INFO - Setting next_dagrun for dataset_alias_example_alias_consumer to None, run_after=None
[2025-11-29T11:26:39.247+0000] {logging_mixin.py:190} INFO - [2025-11-29T11:26:39.247+0000] {dag.py:4180} INFO - Setting next_dagrun for dataset_alias_example_alias_producer to None, run_after=None
[2025-11-29T11:26:39.249+0000] {logging_mixin.py:190} INFO - [2025-11-29T11:26:39.249+0000] {dag.py:4180} INFO - Setting next_dagrun for dataset_s3_bucket_consumer to None, run_after=None
[2025-11-29T11:26:39.251+0000] {logging_mixin.py:190} INFO - [2025-11-29T11:26:39.251+0000] {dag.py:4180} INFO - Setting next_dagrun for dataset_s3_bucket_producer to None, run_after=None
[2025-11-29T11:26:39.279+0000] {processor.py:208} INFO - Processing /home/airflow/.local/lib/python3.12/site-packages/airflow/example_dags/example_dataset_alias.py took 0.138 seconds
[2025-11-29T11:27:09.711+0000] {processor.py:186} INFO - Started process (PID=1211) to work on /home/airflow/.local/lib/python3.12/site-packages/airflow/example_dags/example_dataset_alias.py
[2025-11-29T11:27:09.713+0000] {processor.py:914} INFO - Processing file /home/airflow/.local/lib/python3.12/site-packages/airflow/example_dags/example_dataset_alias.py for tasks to queue
[2025-11-29T11:27:09.715+0000] {logging_mixin.py:190} INFO - [2025-11-29T11:27:09.714+0000] {dagbag.py:588} INFO - Filling up the DagBag from /home/airflow/.local/lib/python3.12/site-packages/airflow/example_dags/example_dataset_alias.py
[2025-11-29T11:27:09.760+0000] {processor.py:925} INFO - DAG(s) 'dataset_alias_example_alias_consumer', 'dataset_s3_bucket_consumer', 'dataset_alias_example_alias_producer', 'dataset_s3_bucket_producer' retrieved from /home/airflow/.local/lib/python3.12/site-packages/airflow/example_dags/example_dataset_alias.py
[2025-11-29T11:27:09.798+0000] {logging_mixin.py:190} INFO - [2025-11-29T11:27:09.798+0000] {dag.py:3239} INFO - Sync 4 DAGs
[2025-11-29T11:27:09.831+0000] {logging_mixin.py:190} INFO - [2025-11-29T11:27:09.831+0000] {dag.py:4180} INFO - Setting next_dagrun for dataset_alias_example_alias_consumer to None, run_after=None
[2025-11-29T11:27:09.835+0000] {logging_mixin.py:190} INFO - [2025-11-29T11:27:09.835+0000] {dag.py:4180} INFO - Setting next_dagrun for dataset_alias_example_alias_producer to None, run_after=None
[2025-11-29T11:27:09.837+0000] {logging_mixin.py:190} INFO - [2025-11-29T11:27:09.837+0000] {dag.py:4180} INFO - Setting next_dagrun for dataset_s3_bucket_consumer to None, run_after=None
[2025-11-29T11:27:09.839+0000] {logging_mixin.py:190} INFO - [2025-11-29T11:27:09.839+0000] {dag.py:4180} INFO - Setting next_dagrun for dataset_s3_bucket_producer to None, run_after=None
[2025-11-29T11:27:09.869+0000] {processor.py:208} INFO - Processing /home/airflow/.local/lib/python3.12/site-packages/airflow/example_dags/example_dataset_alias.py took 0.166 seconds
[2025-11-29T11:27:40.785+0000] {processor.py:186} INFO - Started process (PID=1279) to work on /home/airflow/.local/lib/python3.12/site-packages/airflow/example_dags/example_dataset_alias.py
[2025-11-29T11:27:40.787+0000] {processor.py:914} INFO - Processing file /home/airflow/.local/lib/python3.12/site-packages/airflow/example_dags/example_dataset_alias.py for tasks to queue
[2025-11-29T11:27:40.788+0000] {logging_mixin.py:190} INFO - [2025-11-29T11:27:40.788+0000] {dagbag.py:588} INFO - Filling up the DagBag from /home/airflow/.local/lib/python3.12/site-packages/airflow/example_dags/example_dataset_alias.py
[2025-11-29T11:27:40.828+0000] {processor.py:925} INFO - DAG(s) 'dataset_alias_example_alias_producer', 'dataset_s3_bucket_consumer', 'dataset_alias_example_alias_consumer', 'dataset_s3_bucket_producer' retrieved from /home/airflow/.local/lib/python3.12/site-packages/airflow/example_dags/example_dataset_alias.py
[2025-11-29T11:27:40.855+0000] {logging_mixin.py:190} INFO - [2025-11-29T11:27:40.855+0000] {dag.py:3239} INFO - Sync 4 DAGs
[2025-11-29T11:27:40.881+0000] {logging_mixin.py:190} INFO - [2025-11-29T11:27:40.881+0000] {dag.py:4180} INFO - Setting next_dagrun for dataset_alias_example_alias_consumer to None, run_after=None
[2025-11-29T11:27:40.884+0000] {logging_mixin.py:190} INFO - [2025-11-29T11:27:40.884+0000] {dag.py:4180} INFO - Setting next_dagrun for dataset_alias_example_alias_producer to None, run_after=None
[2025-11-29T11:27:40.886+0000] {logging_mixin.py:190} INFO - [2025-11-29T11:27:40.886+0000] {dag.py:4180} INFO - Setting next_dagrun for dataset_s3_bucket_consumer to None, run_after=None
[2025-11-29T11:27:40.888+0000] {logging_mixin.py:190} INFO - [2025-11-29T11:27:40.888+0000] {dag.py:4180} INFO - Setting next_dagrun for dataset_s3_bucket_producer to None, run_after=None
[2025-11-29T11:27:40.913+0000] {processor.py:208} INFO - Processing /home/airflow/.local/lib/python3.12/site-packages/airflow/example_dags/example_dataset_alias.py took 0.135 seconds
[2025-11-29T11:28:11.163+0000] {processor.py:186} INFO - Started process (PID=1348) to work on /home/airflow/.local/lib/python3.12/site-packages/airflow/example_dags/example_dataset_alias.py
[2025-11-29T11:28:11.165+0000] {processor.py:914} INFO - Processing file /home/airflow/.local/lib/python3.12/site-packages/airflow/example_dags/example_dataset_alias.py for tasks to queue
[2025-11-29T11:28:11.166+0000] {logging_mixin.py:190} INFO - [2025-11-29T11:28:11.166+0000] {dagbag.py:588} INFO - Filling up the DagBag from /home/airflow/.local/lib/python3.12/site-packages/airflow/example_dags/example_dataset_alias.py
[2025-11-29T11:28:11.210+0000] {processor.py:925} INFO - DAG(s) 'dataset_alias_example_alias_consumer', 'dataset_alias_example_alias_producer', 'dataset_s3_bucket_producer', 'dataset_s3_bucket_consumer' retrieved from /home/airflow/.local/lib/python3.12/site-packages/airflow/example_dags/example_dataset_alias.py
[2025-11-29T11:28:11.237+0000] {logging_mixin.py:190} INFO - [2025-11-29T11:28:11.237+0000] {dag.py:3239} INFO - Sync 4 DAGs
[2025-11-29T11:28:11.264+0000] {logging_mixin.py:190} INFO - [2025-11-29T11:28:11.264+0000] {dag.py:4180} INFO - Setting next_dagrun for dataset_alias_example_alias_consumer to None, run_after=None
[2025-11-29T11:28:11.268+0000] {logging_mixin.py:190} INFO - [2025-11-29T11:28:11.267+0000] {dag.py:4180} INFO - Setting next_dagrun for dataset_alias_example_alias_producer to None, run_after=None
[2025-11-29T11:28:11.270+0000] {logging_mixin.py:190} INFO - [2025-11-29T11:28:11.270+0000] {dag.py:4180} INFO - Setting next_dagrun for dataset_s3_bucket_consumer to None, run_after=None
[2025-11-29T11:28:11.272+0000] {logging_mixin.py:190} INFO - [2025-11-29T11:28:11.272+0000] {dag.py:4180} INFO - Setting next_dagrun for dataset_s3_bucket_producer to None, run_after=None
[2025-11-29T11:28:11.298+0000] {processor.py:208} INFO - Processing /home/airflow/.local/lib/python3.12/site-packages/airflow/example_dags/example_dataset_alias.py took 0.142 seconds
[2025-11-29T11:28:41.772+0000] {processor.py:186} INFO - Started process (PID=1416) to work on /home/airflow/.local/lib/python3.12/site-packages/airflow/example_dags/example_dataset_alias.py
[2025-11-29T11:28:41.774+0000] {processor.py:914} INFO - Processing file /home/airflow/.local/lib/python3.12/site-packages/airflow/example_dags/example_dataset_alias.py for tasks to queue
[2025-11-29T11:28:41.776+0000] {logging_mixin.py:190} INFO - [2025-11-29T11:28:41.775+0000] {dagbag.py:588} INFO - Filling up the DagBag from /home/airflow/.local/lib/python3.12/site-packages/airflow/example_dags/example_dataset_alias.py
[2025-11-29T11:28:41.817+0000] {processor.py:925} INFO - DAG(s) 'dataset_alias_example_alias_producer', 'dataset_s3_bucket_consumer', 'dataset_s3_bucket_producer', 'dataset_alias_example_alias_consumer' retrieved from /home/airflow/.local/lib/python3.12/site-packages/airflow/example_dags/example_dataset_alias.py
[2025-11-29T11:28:41.849+0000] {logging_mixin.py:190} INFO - [2025-11-29T11:28:41.849+0000] {dag.py:3239} INFO - Sync 4 DAGs
[2025-11-29T11:28:41.884+0000] {logging_mixin.py:190} INFO - [2025-11-29T11:28:41.883+0000] {dag.py:4180} INFO - Setting next_dagrun for dataset_alias_example_alias_consumer to None, run_after=None
[2025-11-29T11:28:41.889+0000] {logging_mixin.py:190} INFO - [2025-11-29T11:28:41.889+0000] {dag.py:4180} INFO - Setting next_dagrun for dataset_alias_example_alias_producer to None, run_after=None
[2025-11-29T11:28:41.891+0000] {logging_mixin.py:190} INFO - [2025-11-29T11:28:41.891+0000] {dag.py:4180} INFO - Setting next_dagrun for dataset_s3_bucket_consumer to None, run_after=None
[2025-11-29T11:28:41.895+0000] {logging_mixin.py:190} INFO - [2025-11-29T11:28:41.894+0000] {dag.py:4180} INFO - Setting next_dagrun for dataset_s3_bucket_producer to None, run_after=None
[2025-11-29T11:28:41.926+0000] {processor.py:208} INFO - Processing /home/airflow/.local/lib/python3.12/site-packages/airflow/example_dags/example_dataset_alias.py took 0.162 seconds
[2025-11-29T11:29:12.563+0000] {processor.py:186} INFO - Started process (PID=1484) to work on /home/airflow/.local/lib/python3.12/site-packages/airflow/example_dags/example_dataset_alias.py
[2025-11-29T11:29:12.565+0000] {processor.py:914} INFO - Processing file /home/airflow/.local/lib/python3.12/site-packages/airflow/example_dags/example_dataset_alias.py for tasks to queue
[2025-11-29T11:29:12.567+0000] {logging_mixin.py:190} INFO - [2025-11-29T11:29:12.566+0000] {dagbag.py:588} INFO - Filling up the DagBag from /home/airflow/.local/lib/python3.12/site-packages/airflow/example_dags/example_dataset_alias.py
[2025-11-29T11:29:12.609+0000] {processor.py:925} INFO - DAG(s) 'dataset_s3_bucket_producer', 'dataset_alias_example_alias_producer', 'dataset_alias_example_alias_consumer', 'dataset_s3_bucket_consumer' retrieved from /home/airflow/.local/lib/python3.12/site-packages/airflow/example_dags/example_dataset_alias.py
[2025-11-29T11:29:12.639+0000] {logging_mixin.py:190} INFO - [2025-11-29T11:29:12.638+0000] {dag.py:3239} INFO - Sync 4 DAGs
[2025-11-29T11:29:12.666+0000] {logging_mixin.py:190} INFO - [2025-11-29T11:29:12.666+0000] {dag.py:4180} INFO - Setting next_dagrun for dataset_alias_example_alias_consumer to None, run_after=None
[2025-11-29T11:29:12.670+0000] {logging_mixin.py:190} INFO - [2025-11-29T11:29:12.669+0000] {dag.py:4180} INFO - Setting next_dagrun for dataset_alias_example_alias_producer to None, run_after=None
[2025-11-29T11:29:12.672+0000] {logging_mixin.py:190} INFO - [2025-11-29T11:29:12.672+0000] {dag.py:4180} INFO - Setting next_dagrun for dataset_s3_bucket_consumer to None, run_after=None
[2025-11-29T11:29:12.674+0000] {logging_mixin.py:190} INFO - [2025-11-29T11:29:12.674+0000] {dag.py:4180} INFO - Setting next_dagrun for dataset_s3_bucket_producer to None, run_after=None
[2025-11-29T11:29:12.702+0000] {processor.py:208} INFO - Processing /home/airflow/.local/lib/python3.12/site-packages/airflow/example_dags/example_dataset_alias.py took 0.147 seconds
[2025-11-29T11:29:42.915+0000] {processor.py:186} INFO - Started process (PID=1554) to work on /home/airflow/.local/lib/python3.12/site-packages/airflow/example_dags/example_dataset_alias.py
[2025-11-29T11:29:42.917+0000] {processor.py:914} INFO - Processing file /home/airflow/.local/lib/python3.12/site-packages/airflow/example_dags/example_dataset_alias.py for tasks to queue
[2025-11-29T11:29:42.919+0000] {logging_mixin.py:190} INFO - [2025-11-29T11:29:42.918+0000] {dagbag.py:588} INFO - Filling up the DagBag from /home/airflow/.local/lib/python3.12/site-packages/airflow/example_dags/example_dataset_alias.py
[2025-11-29T11:29:42.960+0000] {processor.py:925} INFO - DAG(s) 'dataset_s3_bucket_consumer', 'dataset_s3_bucket_producer', 'dataset_alias_example_alias_consumer', 'dataset_alias_example_alias_producer' retrieved from /home/airflow/.local/lib/python3.12/site-packages/airflow/example_dags/example_dataset_alias.py
[2025-11-29T11:29:42.990+0000] {logging_mixin.py:190} INFO - [2025-11-29T11:29:42.990+0000] {dag.py:3239} INFO - Sync 4 DAGs
[2025-11-29T11:29:43.016+0000] {logging_mixin.py:190} INFO - [2025-11-29T11:29:43.016+0000] {dag.py:4180} INFO - Setting next_dagrun for dataset_alias_example_alias_consumer to None, run_after=None
[2025-11-29T11:29:43.020+0000] {logging_mixin.py:190} INFO - [2025-11-29T11:29:43.020+0000] {dag.py:4180} INFO - Setting next_dagrun for dataset_alias_example_alias_producer to None, run_after=None
[2025-11-29T11:29:43.022+0000] {logging_mixin.py:190} INFO - [2025-11-29T11:29:43.022+0000] {dag.py:4180} INFO - Setting next_dagrun for dataset_s3_bucket_consumer to None, run_after=None
[2025-11-29T11:29:43.024+0000] {logging_mixin.py:190} INFO - [2025-11-29T11:29:43.024+0000] {dag.py:4180} INFO - Setting next_dagrun for dataset_s3_bucket_producer to None, run_after=None
[2025-11-29T11:29:43.051+0000] {processor.py:208} INFO - Processing /home/airflow/.local/lib/python3.12/site-packages/airflow/example_dags/example_dataset_alias.py took 0.144 seconds
[2025-11-29T11:30:13.624+0000] {processor.py:186} INFO - Started process (PID=1623) to work on /home/airflow/.local/lib/python3.12/site-packages/airflow/example_dags/example_dataset_alias.py
[2025-11-29T11:30:13.626+0000] {processor.py:914} INFO - Processing file /home/airflow/.local/lib/python3.12/site-packages/airflow/example_dags/example_dataset_alias.py for tasks to queue
[2025-11-29T11:30:13.629+0000] {logging_mixin.py:190} INFO - [2025-11-29T11:30:13.628+0000] {dagbag.py:588} INFO - Filling up the DagBag from /home/airflow/.local/lib/python3.12/site-packages/airflow/example_dags/example_dataset_alias.py
[2025-11-29T11:30:13.667+0000] {processor.py:925} INFO - DAG(s) 'dataset_s3_bucket_consumer', 'dataset_alias_example_alias_consumer', 'dataset_s3_bucket_producer', 'dataset_alias_example_alias_producer' retrieved from /home/airflow/.local/lib/python3.12/site-packages/airflow/example_dags/example_dataset_alias.py
[2025-11-29T11:30:13.695+0000] {logging_mixin.py:190} INFO - [2025-11-29T11:30:13.694+0000] {dag.py:3239} INFO - Sync 4 DAGs
[2025-11-29T11:30:13.720+0000] {logging_mixin.py:190} INFO - [2025-11-29T11:30:13.720+0000] {dag.py:4180} INFO - Setting next_dagrun for dataset_alias_example_alias_consumer to None, run_after=None
[2025-11-29T11:30:13.724+0000] {logging_mixin.py:190} INFO - [2025-11-29T11:30:13.724+0000] {dag.py:4180} INFO - Setting next_dagrun for dataset_alias_example_alias_producer to None, run_after=None
[2025-11-29T11:30:13.726+0000] {logging_mixin.py:190} INFO - [2025-11-29T11:30:13.726+0000] {dag.py:4180} INFO - Setting next_dagrun for dataset_s3_bucket_consumer to None, run_after=None
[2025-11-29T11:30:13.728+0000] {logging_mixin.py:190} INFO - [2025-11-29T11:30:13.728+0000] {dag.py:4180} INFO - Setting next_dagrun for dataset_s3_bucket_producer to None, run_after=None
[2025-11-29T11:30:13.754+0000] {processor.py:208} INFO - Processing /home/airflow/.local/lib/python3.12/site-packages/airflow/example_dags/example_dataset_alias.py took 0.138 seconds
[2025-11-29T11:30:44.117+0000] {processor.py:186} INFO - Started process (PID=1691) to work on /home/airflow/.local/lib/python3.12/site-packages/airflow/example_dags/example_dataset_alias.py
[2025-11-29T11:30:44.119+0000] {processor.py:914} INFO - Processing file /home/airflow/.local/lib/python3.12/site-packages/airflow/example_dags/example_dataset_alias.py for tasks to queue
[2025-11-29T11:30:44.121+0000] {logging_mixin.py:190} INFO - [2025-11-29T11:30:44.121+0000] {dagbag.py:588} INFO - Filling up the DagBag from /home/airflow/.local/lib/python3.12/site-packages/airflow/example_dags/example_dataset_alias.py
[2025-11-29T11:30:44.171+0000] {processor.py:925} INFO - DAG(s) 'dataset_alias_example_alias_producer', 'dataset_s3_bucket_producer', 'dataset_s3_bucket_consumer', 'dataset_alias_example_alias_consumer' retrieved from /home/airflow/.local/lib/python3.12/site-packages/airflow/example_dags/example_dataset_alias.py
[2025-11-29T11:30:44.206+0000] {logging_mixin.py:190} INFO - [2025-11-29T11:30:44.205+0000] {dag.py:3239} INFO - Sync 4 DAGs
[2025-11-29T11:30:44.238+0000] {logging_mixin.py:190} INFO - [2025-11-29T11:30:44.238+0000] {dag.py:4180} INFO - Setting next_dagrun for dataset_alias_example_alias_consumer to None, run_after=None
[2025-11-29T11:30:44.243+0000] {logging_mixin.py:190} INFO - [2025-11-29T11:30:44.243+0000] {dag.py:4180} INFO - Setting next_dagrun for dataset_alias_example_alias_producer to None, run_after=None
[2025-11-29T11:30:44.246+0000] {logging_mixin.py:190} INFO - [2025-11-29T11:30:44.245+0000] {dag.py:4180} INFO - Setting next_dagrun for dataset_s3_bucket_consumer to None, run_after=None
[2025-11-29T11:30:44.248+0000] {logging_mixin.py:190} INFO - [2025-11-29T11:30:44.248+0000] {dag.py:4180} INFO - Setting next_dagrun for dataset_s3_bucket_producer to None, run_after=None
[2025-11-29T11:30:44.281+0000] {processor.py:208} INFO - Processing /home/airflow/.local/lib/python3.12/site-packages/airflow/example_dags/example_dataset_alias.py took 0.175 seconds
[2025-11-29T11:31:14.378+0000] {processor.py:186} INFO - Started process (PID=1759) to work on /home/airflow/.local/lib/python3.12/site-packages/airflow/example_dags/example_dataset_alias.py
[2025-11-29T11:31:14.380+0000] {processor.py:914} INFO - Processing file /home/airflow/.local/lib/python3.12/site-packages/airflow/example_dags/example_dataset_alias.py for tasks to queue
[2025-11-29T11:31:14.382+0000] {logging_mixin.py:190} INFO - [2025-11-29T11:31:14.382+0000] {dagbag.py:588} INFO - Filling up the DagBag from /home/airflow/.local/lib/python3.12/site-packages/airflow/example_dags/example_dataset_alias.py
[2025-11-29T11:31:14.426+0000] {processor.py:925} INFO - DAG(s) 'dataset_alias_example_alias_consumer', 'dataset_alias_example_alias_producer', 'dataset_s3_bucket_consumer', 'dataset_s3_bucket_producer' retrieved from /home/airflow/.local/lib/python3.12/site-packages/airflow/example_dags/example_dataset_alias.py
[2025-11-29T11:31:14.459+0000] {logging_mixin.py:190} INFO - [2025-11-29T11:31:14.459+0000] {dag.py:3239} INFO - Sync 4 DAGs
[2025-11-29T11:31:14.491+0000] {logging_mixin.py:190} INFO - [2025-11-29T11:31:14.491+0000] {dag.py:4180} INFO - Setting next_dagrun for dataset_alias_example_alias_consumer to None, run_after=None
[2025-11-29T11:31:14.495+0000] {logging_mixin.py:190} INFO - [2025-11-29T11:31:14.495+0000] {dag.py:4180} INFO - Setting next_dagrun for dataset_alias_example_alias_producer to None, run_after=None
[2025-11-29T11:31:14.497+0000] {logging_mixin.py:190} INFO - [2025-11-29T11:31:14.496+0000] {dag.py:4180} INFO - Setting next_dagrun for dataset_s3_bucket_consumer to None, run_after=None
[2025-11-29T11:31:14.500+0000] {logging_mixin.py:190} INFO - [2025-11-29T11:31:14.499+0000] {dag.py:4180} INFO - Setting next_dagrun for dataset_s3_bucket_producer to None, run_after=None
[2025-11-29T11:31:14.528+0000] {processor.py:208} INFO - Processing /home/airflow/.local/lib/python3.12/site-packages/airflow/example_dags/example_dataset_alias.py took 0.158 seconds
[2025-11-29T11:31:45.016+0000] {processor.py:186} INFO - Started process (PID=1827) to work on /home/airflow/.local/lib/python3.12/site-packages/airflow/example_dags/example_dataset_alias.py
[2025-11-29T11:31:45.017+0000] {processor.py:914} INFO - Processing file /home/airflow/.local/lib/python3.12/site-packages/airflow/example_dags/example_dataset_alias.py for tasks to queue
[2025-11-29T11:31:45.019+0000] {logging_mixin.py:190} INFO - [2025-11-29T11:31:45.018+0000] {dagbag.py:588} INFO - Filling up the DagBag from /home/airflow/.local/lib/python3.12/site-packages/airflow/example_dags/example_dataset_alias.py
[2025-11-29T11:31:45.058+0000] {processor.py:925} INFO - DAG(s) 'dataset_alias_example_alias_consumer', 'dataset_alias_example_alias_producer', 'dataset_s3_bucket_consumer', 'dataset_s3_bucket_producer' retrieved from /home/airflow/.local/lib/python3.12/site-packages/airflow/example_dags/example_dataset_alias.py
[2025-11-29T11:31:45.089+0000] {logging_mixin.py:190} INFO - [2025-11-29T11:31:45.089+0000] {dag.py:3239} INFO - Sync 4 DAGs
[2025-11-29T11:31:45.116+0000] {logging_mixin.py:190} INFO - [2025-11-29T11:31:45.116+0000] {dag.py:4180} INFO - Setting next_dagrun for dataset_alias_example_alias_consumer to None, run_after=None
[2025-11-29T11:31:45.120+0000] {logging_mixin.py:190} INFO - [2025-11-29T11:31:45.120+0000] {dag.py:4180} INFO - Setting next_dagrun for dataset_alias_example_alias_producer to None, run_after=None
[2025-11-29T11:31:45.122+0000] {logging_mixin.py:190} INFO - [2025-11-29T11:31:45.122+0000] {dag.py:4180} INFO - Setting next_dagrun for dataset_s3_bucket_consumer to None, run_after=None
[2025-11-29T11:31:45.125+0000] {logging_mixin.py:190} INFO - [2025-11-29T11:31:45.125+0000] {dag.py:4180} INFO - Setting next_dagrun for dataset_s3_bucket_producer to None, run_after=None
[2025-11-29T11:31:45.152+0000] {processor.py:208} INFO - Processing /home/airflow/.local/lib/python3.12/site-packages/airflow/example_dags/example_dataset_alias.py took 0.144 seconds
[2025-11-29T11:32:15.367+0000] {processor.py:186} INFO - Started process (PID=1895) to work on /home/airflow/.local/lib/python3.12/site-packages/airflow/example_dags/example_dataset_alias.py
[2025-11-29T11:32:15.369+0000] {processor.py:914} INFO - Processing file /home/airflow/.local/lib/python3.12/site-packages/airflow/example_dags/example_dataset_alias.py for tasks to queue
[2025-11-29T11:32:15.370+0000] {logging_mixin.py:190} INFO - [2025-11-29T11:32:15.370+0000] {dagbag.py:588} INFO - Filling up the DagBag from /home/airflow/.local/lib/python3.12/site-packages/airflow/example_dags/example_dataset_alias.py
[2025-11-29T11:32:15.411+0000] {processor.py:925} INFO - DAG(s) 'dataset_s3_bucket_consumer', 'dataset_s3_bucket_producer', 'dataset_alias_example_alias_consumer', 'dataset_alias_example_alias_producer' retrieved from /home/airflow/.local/lib/python3.12/site-packages/airflow/example_dags/example_dataset_alias.py
[2025-11-29T11:32:15.440+0000] {logging_mixin.py:190} INFO - [2025-11-29T11:32:15.439+0000] {dag.py:3239} INFO - Sync 4 DAGs
[2025-11-29T11:32:15.473+0000] {logging_mixin.py:190} INFO - [2025-11-29T11:32:15.473+0000] {dag.py:4180} INFO - Setting next_dagrun for dataset_alias_example_alias_consumer to None, run_after=None
[2025-11-29T11:32:15.477+0000] {logging_mixin.py:190} INFO - [2025-11-29T11:32:15.476+0000] {dag.py:4180} INFO - Setting next_dagrun for dataset_alias_example_alias_producer to None, run_after=None
[2025-11-29T11:32:15.479+0000] {logging_mixin.py:190} INFO - [2025-11-29T11:32:15.479+0000] {dag.py:4180} INFO - Setting next_dagrun for dataset_s3_bucket_consumer to None, run_after=None
[2025-11-29T11:32:15.481+0000] {logging_mixin.py:190} INFO - [2025-11-29T11:32:15.481+0000] {dag.py:4180} INFO - Setting next_dagrun for dataset_s3_bucket_producer to None, run_after=None
[2025-11-29T11:32:15.512+0000] {processor.py:208} INFO - Processing /home/airflow/.local/lib/python3.12/site-packages/airflow/example_dags/example_dataset_alias.py took 0.153 seconds
[2025-11-29T11:32:45.972+0000] {processor.py:186} INFO - Started process (PID=1964) to work on /home/airflow/.local/lib/python3.12/site-packages/airflow/example_dags/example_dataset_alias.py
[2025-11-29T11:32:45.974+0000] {processor.py:914} INFO - Processing file /home/airflow/.local/lib/python3.12/site-packages/airflow/example_dags/example_dataset_alias.py for tasks to queue
[2025-11-29T11:32:45.977+0000] {logging_mixin.py:190} INFO - [2025-11-29T11:32:45.976+0000] {dagbag.py:588} INFO - Filling up the DagBag from /home/airflow/.local/lib/python3.12/site-packages/airflow/example_dags/example_dataset_alias.py
[2025-11-29T11:32:46.048+0000] {processor.py:925} INFO - DAG(s) 'dataset_alias_example_alias_consumer', 'dataset_s3_bucket_consumer', 'dataset_s3_bucket_producer', 'dataset_alias_example_alias_producer' retrieved from /home/airflow/.local/lib/python3.12/site-packages/airflow/example_dags/example_dataset_alias.py
[2025-11-29T11:32:46.097+0000] {logging_mixin.py:190} INFO - [2025-11-29T11:32:46.096+0000] {dag.py:3239} INFO - Sync 4 DAGs
[2025-11-29T11:32:46.136+0000] {logging_mixin.py:190} INFO - [2025-11-29T11:32:46.135+0000] {dag.py:4180} INFO - Setting next_dagrun for dataset_alias_example_alias_consumer to None, run_after=None
[2025-11-29T11:32:46.141+0000] {logging_mixin.py:190} INFO - [2025-11-29T11:32:46.140+0000] {dag.py:4180} INFO - Setting next_dagrun for dataset_alias_example_alias_producer to None, run_after=None
[2025-11-29T11:32:46.144+0000] {logging_mixin.py:190} INFO - [2025-11-29T11:32:46.144+0000] {dag.py:4180} INFO - Setting next_dagrun for dataset_s3_bucket_consumer to None, run_after=None
[2025-11-29T11:32:46.148+0000] {logging_mixin.py:190} INFO - [2025-11-29T11:32:46.148+0000] {dag.py:4180} INFO - Setting next_dagrun for dataset_s3_bucket_producer to None, run_after=None
[2025-11-29T11:32:46.184+0000] {processor.py:208} INFO - Processing /home/airflow/.local/lib/python3.12/site-packages/airflow/example_dags/example_dataset_alias.py took 0.228 seconds
[2025-11-29T11:33:16.864+0000] {processor.py:186} INFO - Started process (PID=2032) to work on /home/airflow/.local/lib/python3.12/site-packages/airflow/example_dags/example_dataset_alias.py
[2025-11-29T11:33:16.866+0000] {processor.py:914} INFO - Processing file /home/airflow/.local/lib/python3.12/site-packages/airflow/example_dags/example_dataset_alias.py for tasks to queue
[2025-11-29T11:33:16.868+0000] {logging_mixin.py:190} INFO - [2025-11-29T11:33:16.868+0000] {dagbag.py:588} INFO - Filling up the DagBag from /home/airflow/.local/lib/python3.12/site-packages/airflow/example_dags/example_dataset_alias.py
[2025-11-29T11:33:16.915+0000] {processor.py:925} INFO - DAG(s) 'dataset_alias_example_alias_consumer', 'dataset_s3_bucket_producer', 'dataset_s3_bucket_consumer', 'dataset_alias_example_alias_producer' retrieved from /home/airflow/.local/lib/python3.12/site-packages/airflow/example_dags/example_dataset_alias.py
[2025-11-29T11:33:16.967+0000] {logging_mixin.py:190} INFO - [2025-11-29T11:33:16.966+0000] {dag.py:3239} INFO - Sync 4 DAGs
[2025-11-29T11:33:17.008+0000] {logging_mixin.py:190} INFO - [2025-11-29T11:33:17.008+0000] {dag.py:4180} INFO - Setting next_dagrun for dataset_alias_example_alias_consumer to None, run_after=None
[2025-11-29T11:33:17.013+0000] {logging_mixin.py:190} INFO - [2025-11-29T11:33:17.013+0000] {dag.py:4180} INFO - Setting next_dagrun for dataset_alias_example_alias_producer to None, run_after=None
[2025-11-29T11:33:17.016+0000] {logging_mixin.py:190} INFO - [2025-11-29T11:33:17.015+0000] {dag.py:4180} INFO - Setting next_dagrun for dataset_s3_bucket_consumer to None, run_after=None
[2025-11-29T11:33:17.020+0000] {logging_mixin.py:190} INFO - [2025-11-29T11:33:17.019+0000] {dag.py:4180} INFO - Setting next_dagrun for dataset_s3_bucket_producer to None, run_after=None
[2025-11-29T11:33:17.060+0000] {processor.py:208} INFO - Processing /home/airflow/.local/lib/python3.12/site-packages/airflow/example_dags/example_dataset_alias.py took 0.205 seconds
[2025-11-29T11:33:47.274+0000] {processor.py:186} INFO - Started process (PID=2100) to work on /home/airflow/.local/lib/python3.12/site-packages/airflow/example_dags/example_dataset_alias.py
[2025-11-29T11:33:47.276+0000] {processor.py:914} INFO - Processing file /home/airflow/.local/lib/python3.12/site-packages/airflow/example_dags/example_dataset_alias.py for tasks to queue
[2025-11-29T11:33:47.277+0000] {logging_mixin.py:190} INFO - [2025-11-29T11:33:47.277+0000] {dagbag.py:588} INFO - Filling up the DagBag from /home/airflow/.local/lib/python3.12/site-packages/airflow/example_dags/example_dataset_alias.py
[2025-11-29T11:33:47.316+0000] {processor.py:925} INFO - DAG(s) 'dataset_alias_example_alias_consumer', 'dataset_s3_bucket_producer', 'dataset_s3_bucket_consumer', 'dataset_alias_example_alias_producer' retrieved from /home/airflow/.local/lib/python3.12/site-packages/airflow/example_dags/example_dataset_alias.py
[2025-11-29T11:33:47.345+0000] {logging_mixin.py:190} INFO - [2025-11-29T11:33:47.345+0000] {dag.py:3239} INFO - Sync 4 DAGs
[2025-11-29T11:33:47.375+0000] {logging_mixin.py:190} INFO - [2025-11-29T11:33:47.375+0000] {dag.py:4180} INFO - Setting next_dagrun for dataset_alias_example_alias_consumer to None, run_after=None
[2025-11-29T11:33:47.379+0000] {logging_mixin.py:190} INFO - [2025-11-29T11:33:47.379+0000] {dag.py:4180} INFO - Setting next_dagrun for dataset_alias_example_alias_producer to None, run_after=None
[2025-11-29T11:33:47.381+0000] {logging_mixin.py:190} INFO - [2025-11-29T11:33:47.381+0000] {dag.py:4180} INFO - Setting next_dagrun for dataset_s3_bucket_consumer to None, run_after=None
[2025-11-29T11:33:47.383+0000] {logging_mixin.py:190} INFO - [2025-11-29T11:33:47.383+0000] {dag.py:4180} INFO - Setting next_dagrun for dataset_s3_bucket_producer to None, run_after=None
[2025-11-29T11:33:47.410+0000] {processor.py:208} INFO - Processing /home/airflow/.local/lib/python3.12/site-packages/airflow/example_dags/example_dataset_alias.py took 0.144 seconds
[2025-11-29T11:34:17.656+0000] {processor.py:186} INFO - Started process (PID=2168) to work on /home/airflow/.local/lib/python3.12/site-packages/airflow/example_dags/example_dataset_alias.py
[2025-11-29T11:34:17.657+0000] {processor.py:914} INFO - Processing file /home/airflow/.local/lib/python3.12/site-packages/airflow/example_dags/example_dataset_alias.py for tasks to queue
[2025-11-29T11:34:17.659+0000] {logging_mixin.py:190} INFO - [2025-11-29T11:34:17.659+0000] {dagbag.py:588} INFO - Filling up the DagBag from /home/airflow/.local/lib/python3.12/site-packages/airflow/example_dags/example_dataset_alias.py
[2025-11-29T11:34:17.699+0000] {processor.py:925} INFO - DAG(s) 'dataset_s3_bucket_producer', 'dataset_alias_example_alias_producer', 'dataset_s3_bucket_consumer', 'dataset_alias_example_alias_consumer' retrieved from /home/airflow/.local/lib/python3.12/site-packages/airflow/example_dags/example_dataset_alias.py
[2025-11-29T11:34:17.729+0000] {logging_mixin.py:190} INFO - [2025-11-29T11:34:17.729+0000] {dag.py:3239} INFO - Sync 4 DAGs
[2025-11-29T11:34:17.758+0000] {logging_mixin.py:190} INFO - [2025-11-29T11:34:17.758+0000] {dag.py:4180} INFO - Setting next_dagrun for dataset_alias_example_alias_consumer to None, run_after=None
[2025-11-29T11:34:17.762+0000] {logging_mixin.py:190} INFO - [2025-11-29T11:34:17.761+0000] {dag.py:4180} INFO - Setting next_dagrun for dataset_alias_example_alias_producer to None, run_after=None
[2025-11-29T11:34:17.763+0000] {logging_mixin.py:190} INFO - [2025-11-29T11:34:17.763+0000] {dag.py:4180} INFO - Setting next_dagrun for dataset_s3_bucket_consumer to None, run_after=None
[2025-11-29T11:34:17.765+0000] {logging_mixin.py:190} INFO - [2025-11-29T11:34:17.765+0000] {dag.py:4180} INFO - Setting next_dagrun for dataset_s3_bucket_producer to None, run_after=None
[2025-11-29T11:34:17.793+0000] {processor.py:208} INFO - Processing /home/airflow/.local/lib/python3.12/site-packages/airflow/example_dags/example_dataset_alias.py took 0.145 seconds
[2025-11-29T11:34:48.352+0000] {processor.py:186} INFO - Started process (PID=2236) to work on /home/airflow/.local/lib/python3.12/site-packages/airflow/example_dags/example_dataset_alias.py
[2025-11-29T11:34:48.354+0000] {processor.py:914} INFO - Processing file /home/airflow/.local/lib/python3.12/site-packages/airflow/example_dags/example_dataset_alias.py for tasks to queue
[2025-11-29T11:34:48.355+0000] {logging_mixin.py:190} INFO - [2025-11-29T11:34:48.355+0000] {dagbag.py:588} INFO - Filling up the DagBag from /home/airflow/.local/lib/python3.12/site-packages/airflow/example_dags/example_dataset_alias.py
[2025-11-29T11:34:48.409+0000] {processor.py:925} INFO - DAG(s) 'dataset_alias_example_alias_consumer', 'dataset_alias_example_alias_producer', 'dataset_s3_bucket_producer', 'dataset_s3_bucket_consumer' retrieved from /home/airflow/.local/lib/python3.12/site-packages/airflow/example_dags/example_dataset_alias.py
[2025-11-29T11:34:48.446+0000] {logging_mixin.py:190} INFO - [2025-11-29T11:34:48.446+0000] {dag.py:3239} INFO - Sync 4 DAGs
[2025-11-29T11:34:48.476+0000] {logging_mixin.py:190} INFO - [2025-11-29T11:34:48.476+0000] {dag.py:4180} INFO - Setting next_dagrun for dataset_alias_example_alias_consumer to None, run_after=None
[2025-11-29T11:34:48.480+0000] {logging_mixin.py:190} INFO - [2025-11-29T11:34:48.479+0000] {dag.py:4180} INFO - Setting next_dagrun for dataset_alias_example_alias_producer to None, run_after=None
[2025-11-29T11:34:48.481+0000] {logging_mixin.py:190} INFO - [2025-11-29T11:34:48.481+0000] {dag.py:4180} INFO - Setting next_dagrun for dataset_s3_bucket_consumer to None, run_after=None
[2025-11-29T11:34:48.484+0000] {logging_mixin.py:190} INFO - [2025-11-29T11:34:48.484+0000] {dag.py:4180} INFO - Setting next_dagrun for dataset_s3_bucket_producer to None, run_after=None
[2025-11-29T11:34:48.510+0000] {processor.py:208} INFO - Processing /home/airflow/.local/lib/python3.12/site-packages/airflow/example_dags/example_dataset_alias.py took 0.168 seconds
[2025-11-29T11:35:18.723+0000] {processor.py:186} INFO - Started process (PID=2304) to work on /home/airflow/.local/lib/python3.12/site-packages/airflow/example_dags/example_dataset_alias.py
[2025-11-29T11:35:18.724+0000] {processor.py:914} INFO - Processing file /home/airflow/.local/lib/python3.12/site-packages/airflow/example_dags/example_dataset_alias.py for tasks to queue
[2025-11-29T11:35:18.726+0000] {logging_mixin.py:190} INFO - [2025-11-29T11:35:18.725+0000] {dagbag.py:588} INFO - Filling up the DagBag from /home/airflow/.local/lib/python3.12/site-packages/airflow/example_dags/example_dataset_alias.py
[2025-11-29T11:35:18.766+0000] {processor.py:925} INFO - DAG(s) 'dataset_alias_example_alias_producer', 'dataset_alias_example_alias_consumer', 'dataset_s3_bucket_producer', 'dataset_s3_bucket_consumer' retrieved from /home/airflow/.local/lib/python3.12/site-packages/airflow/example_dags/example_dataset_alias.py
[2025-11-29T11:35:18.793+0000] {logging_mixin.py:190} INFO - [2025-11-29T11:35:18.793+0000] {dag.py:3239} INFO - Sync 4 DAGs
[2025-11-29T11:35:18.819+0000] {logging_mixin.py:190} INFO - [2025-11-29T11:35:18.819+0000] {dag.py:4180} INFO - Setting next_dagrun for dataset_alias_example_alias_consumer to None, run_after=None
[2025-11-29T11:35:18.824+0000] {logging_mixin.py:190} INFO - [2025-11-29T11:35:18.823+0000] {dag.py:4180} INFO - Setting next_dagrun for dataset_alias_example_alias_producer to None, run_after=None
[2025-11-29T11:35:18.825+0000] {logging_mixin.py:190} INFO - [2025-11-29T11:35:18.825+0000] {dag.py:4180} INFO - Setting next_dagrun for dataset_s3_bucket_consumer to None, run_after=None
[2025-11-29T11:35:18.828+0000] {logging_mixin.py:190} INFO - [2025-11-29T11:35:18.827+0000] {dag.py:4180} INFO - Setting next_dagrun for dataset_s3_bucket_producer to None, run_after=None
[2025-11-29T11:35:18.852+0000] {processor.py:208} INFO - Processing /home/airflow/.local/lib/python3.12/site-packages/airflow/example_dags/example_dataset_alias.py took 0.137 seconds
[2025-11-29T11:35:49.013+0000] {processor.py:186} INFO - Started process (PID=2373) to work on /home/airflow/.local/lib/python3.12/site-packages/airflow/example_dags/example_dataset_alias.py
[2025-11-29T11:35:49.014+0000] {processor.py:914} INFO - Processing file /home/airflow/.local/lib/python3.12/site-packages/airflow/example_dags/example_dataset_alias.py for tasks to queue
[2025-11-29T11:35:49.016+0000] {logging_mixin.py:190} INFO - [2025-11-29T11:35:49.015+0000] {dagbag.py:588} INFO - Filling up the DagBag from /home/airflow/.local/lib/python3.12/site-packages/airflow/example_dags/example_dataset_alias.py
[2025-11-29T11:35:49.060+0000] {processor.py:925} INFO - DAG(s) 'dataset_alias_example_alias_consumer', 'dataset_alias_example_alias_producer', 'dataset_s3_bucket_producer', 'dataset_s3_bucket_consumer' retrieved from /home/airflow/.local/lib/python3.12/site-packages/airflow/example_dags/example_dataset_alias.py
[2025-11-29T11:35:49.087+0000] {logging_mixin.py:190} INFO - [2025-11-29T11:35:49.087+0000] {dag.py:3239} INFO - Sync 4 DAGs
[2025-11-29T11:35:49.114+0000] {logging_mixin.py:190} INFO - [2025-11-29T11:35:49.114+0000] {dag.py:4180} INFO - Setting next_dagrun for dataset_alias_example_alias_consumer to None, run_after=None
[2025-11-29T11:35:49.119+0000] {logging_mixin.py:190} INFO - [2025-11-29T11:35:49.118+0000] {dag.py:4180} INFO - Setting next_dagrun for dataset_alias_example_alias_producer to None, run_after=None
[2025-11-29T11:35:49.121+0000] {logging_mixin.py:190} INFO - [2025-11-29T11:35:49.121+0000] {dag.py:4180} INFO - Setting next_dagrun for dataset_s3_bucket_consumer to None, run_after=None
[2025-11-29T11:35:49.124+0000] {logging_mixin.py:190} INFO - [2025-11-29T11:35:49.123+0000] {dag.py:4180} INFO - Setting next_dagrun for dataset_s3_bucket_producer to None, run_after=None
[2025-11-29T11:35:49.149+0000] {processor.py:208} INFO - Processing /home/airflow/.local/lib/python3.12/site-packages/airflow/example_dags/example_dataset_alias.py took 0.145 seconds
[2025-11-29T11:36:19.731+0000] {processor.py:186} INFO - Started process (PID=2443) to work on /home/airflow/.local/lib/python3.12/site-packages/airflow/example_dags/example_dataset_alias.py
[2025-11-29T11:36:19.732+0000] {processor.py:914} INFO - Processing file /home/airflow/.local/lib/python3.12/site-packages/airflow/example_dags/example_dataset_alias.py for tasks to queue
[2025-11-29T11:36:19.734+0000] {logging_mixin.py:190} INFO - [2025-11-29T11:36:19.734+0000] {dagbag.py:588} INFO - Filling up the DagBag from /home/airflow/.local/lib/python3.12/site-packages/airflow/example_dags/example_dataset_alias.py
[2025-11-29T11:36:19.772+0000] {processor.py:925} INFO - DAG(s) 'dataset_s3_bucket_consumer', 'dataset_alias_example_alias_consumer', 'dataset_alias_example_alias_producer', 'dataset_s3_bucket_producer' retrieved from /home/airflow/.local/lib/python3.12/site-packages/airflow/example_dags/example_dataset_alias.py
[2025-11-29T11:36:19.803+0000] {logging_mixin.py:190} INFO - [2025-11-29T11:36:19.802+0000] {dag.py:3239} INFO - Sync 4 DAGs
[2025-11-29T11:36:19.828+0000] {logging_mixin.py:190} INFO - [2025-11-29T11:36:19.828+0000] {dag.py:4180} INFO - Setting next_dagrun for dataset_alias_example_alias_consumer to None, run_after=None
[2025-11-29T11:36:19.832+0000] {logging_mixin.py:190} INFO - [2025-11-29T11:36:19.832+0000] {dag.py:4180} INFO - Setting next_dagrun for dataset_alias_example_alias_producer to None, run_after=None
[2025-11-29T11:36:19.835+0000] {logging_mixin.py:190} INFO - [2025-11-29T11:36:19.834+0000] {dag.py:4180} INFO - Setting next_dagrun for dataset_s3_bucket_consumer to None, run_after=None
[2025-11-29T11:36:19.837+0000] {logging_mixin.py:190} INFO - [2025-11-29T11:36:19.837+0000] {dag.py:4180} INFO - Setting next_dagrun for dataset_s3_bucket_producer to None, run_after=None
[2025-11-29T11:36:19.862+0000] {processor.py:208} INFO - Processing /home/airflow/.local/lib/python3.12/site-packages/airflow/example_dags/example_dataset_alias.py took 0.138 seconds
[2025-11-29T11:36:50.475+0000] {processor.py:186} INFO - Started process (PID=2511) to work on /home/airflow/.local/lib/python3.12/site-packages/airflow/example_dags/example_dataset_alias.py
[2025-11-29T11:36:50.477+0000] {processor.py:914} INFO - Processing file /home/airflow/.local/lib/python3.12/site-packages/airflow/example_dags/example_dataset_alias.py for tasks to queue
[2025-11-29T11:36:50.478+0000] {logging_mixin.py:190} INFO - [2025-11-29T11:36:50.478+0000] {dagbag.py:588} INFO - Filling up the DagBag from /home/airflow/.local/lib/python3.12/site-packages/airflow/example_dags/example_dataset_alias.py
[2025-11-29T11:36:50.517+0000] {processor.py:925} INFO - DAG(s) 'dataset_s3_bucket_producer', 'dataset_s3_bucket_consumer', 'dataset_alias_example_alias_producer', 'dataset_alias_example_alias_consumer' retrieved from /home/airflow/.local/lib/python3.12/site-packages/airflow/example_dags/example_dataset_alias.py
[2025-11-29T11:36:50.542+0000] {logging_mixin.py:190} INFO - [2025-11-29T11:36:50.542+0000] {dag.py:3239} INFO - Sync 4 DAGs
[2025-11-29T11:36:50.568+0000] {logging_mixin.py:190} INFO - [2025-11-29T11:36:50.568+0000] {dag.py:4180} INFO - Setting next_dagrun for dataset_alias_example_alias_consumer to None, run_after=None
[2025-11-29T11:36:50.579+0000] {logging_mixin.py:190} INFO - [2025-11-29T11:36:50.578+0000] {dag.py:4180} INFO - Setting next_dagrun for dataset_alias_example_alias_producer to None, run_after=None
[2025-11-29T11:36:50.581+0000] {logging_mixin.py:190} INFO - [2025-11-29T11:36:50.581+0000] {dag.py:4180} INFO - Setting next_dagrun for dataset_s3_bucket_consumer to None, run_after=None
[2025-11-29T11:36:50.583+0000] {logging_mixin.py:190} INFO - [2025-11-29T11:36:50.583+0000] {dag.py:4180} INFO - Setting next_dagrun for dataset_s3_bucket_producer to None, run_after=None
[2025-11-29T11:36:50.607+0000] {processor.py:208} INFO - Processing /home/airflow/.local/lib/python3.12/site-packages/airflow/example_dags/example_dataset_alias.py took 0.140 seconds
[2025-11-29T11:37:21.334+0000] {processor.py:186} INFO - Started process (PID=2579) to work on /home/airflow/.local/lib/python3.12/site-packages/airflow/example_dags/example_dataset_alias.py
[2025-11-29T11:37:21.336+0000] {processor.py:914} INFO - Processing file /home/airflow/.local/lib/python3.12/site-packages/airflow/example_dags/example_dataset_alias.py for tasks to queue
[2025-11-29T11:37:21.338+0000] {logging_mixin.py:190} INFO - [2025-11-29T11:37:21.337+0000] {dagbag.py:588} INFO - Filling up the DagBag from /home/airflow/.local/lib/python3.12/site-packages/airflow/example_dags/example_dataset_alias.py
[2025-11-29T11:37:21.377+0000] {processor.py:925} INFO - DAG(s) 'dataset_s3_bucket_consumer', 'dataset_alias_example_alias_consumer', 'dataset_alias_example_alias_producer', 'dataset_s3_bucket_producer' retrieved from /home/airflow/.local/lib/python3.12/site-packages/airflow/example_dags/example_dataset_alias.py
[2025-11-29T11:37:21.406+0000] {logging_mixin.py:190} INFO - [2025-11-29T11:37:21.405+0000] {dag.py:3239} INFO - Sync 4 DAGs
[2025-11-29T11:37:21.432+0000] {logging_mixin.py:190} INFO - [2025-11-29T11:37:21.432+0000] {dag.py:4180} INFO - Setting next_dagrun for dataset_alias_example_alias_consumer to None, run_after=None
[2025-11-29T11:37:21.435+0000] {logging_mixin.py:190} INFO - [2025-11-29T11:37:21.435+0000] {dag.py:4180} INFO - Setting next_dagrun for dataset_alias_example_alias_producer to None, run_after=None
[2025-11-29T11:37:21.438+0000] {logging_mixin.py:190} INFO - [2025-11-29T11:37:21.437+0000] {dag.py:4180} INFO - Setting next_dagrun for dataset_s3_bucket_consumer to None, run_after=None
[2025-11-29T11:37:21.440+0000] {logging_mixin.py:190} INFO - [2025-11-29T11:37:21.440+0000] {dag.py:4180} INFO - Setting next_dagrun for dataset_s3_bucket_producer to None, run_after=None
[2025-11-29T11:37:21.466+0000] {processor.py:208} INFO - Processing /home/airflow/.local/lib/python3.12/site-packages/airflow/example_dags/example_dataset_alias.py took 0.140 seconds
