[2025-11-29T11:19:05.566+0000] {processor.py:186} INFO - Started process (PID=142) to work on /home/airflow/.local/lib/python3.12/site-packages/airflow/example_dags/example_dynamic_task_mapping.py
[2025-11-29T11:19:05.568+0000] {processor.py:914} INFO - Processing file /home/airflow/.local/lib/python3.12/site-packages/airflow/example_dags/example_dynamic_task_mapping.py for tasks to queue
[2025-11-29T11:19:05.574+0000] {logging_mixin.py:190} INFO - [2025-11-29T11:19:05.574+0000] {dagbag.py:588} INFO - Filling up the DagBag from /home/airflow/.local/lib/python3.12/site-packages/airflow/example_dags/example_dynamic_task_mapping.py
[2025-11-29T11:19:05.604+0000] {processor.py:925} INFO - DAG(s) 'example_dynamic_task_mapping' retrieved from /home/airflow/.local/lib/python3.12/site-packages/airflow/example_dags/example_dynamic_task_mapping.py
[2025-11-29T11:19:05.781+0000] {logging_mixin.py:190} INFO - [2025-11-29T11:19:05.781+0000] {override.py:1911} INFO - Created Permission View: can delete on DAG:example_dynamic_task_mapping
[2025-11-29T11:19:05.793+0000] {logging_mixin.py:190} INFO - [2025-11-29T11:19:05.793+0000] {override.py:1911} INFO - Created Permission View: can read on DAG:example_dynamic_task_mapping
[2025-11-29T11:19:05.801+0000] {logging_mixin.py:190} INFO - [2025-11-29T11:19:05.801+0000] {override.py:1911} INFO - Created Permission View: can edit on DAG:example_dynamic_task_mapping
[2025-11-29T11:19:05.812+0000] {logging_mixin.py:190} INFO - [2025-11-29T11:19:05.812+0000] {override.py:1911} INFO - Created Permission View: menu access on DAG Run:example_dynamic_task_mapping
[2025-11-29T11:19:05.821+0000] {logging_mixin.py:190} INFO - [2025-11-29T11:19:05.820+0000] {override.py:1911} INFO - Created Permission View: can delete on DAG Run:example_dynamic_task_mapping
[2025-11-29T11:19:05.829+0000] {logging_mixin.py:190} INFO - [2025-11-29T11:19:05.829+0000] {override.py:1911} INFO - Created Permission View: can read on DAG Run:example_dynamic_task_mapping
[2025-11-29T11:19:05.837+0000] {logging_mixin.py:190} INFO - [2025-11-29T11:19:05.837+0000] {override.py:1911} INFO - Created Permission View: can create on DAG Run:example_dynamic_task_mapping
[2025-11-29T11:19:05.839+0000] {logging_mixin.py:190} INFO - [2025-11-29T11:19:05.838+0000] {dag.py:3239} INFO - Sync 1 DAGs
[2025-11-29T11:19:05.852+0000] {logging_mixin.py:190} INFO - [2025-11-29T11:19:05.852+0000] {dag.py:3262} INFO - Creating ORM DAG for example_dynamic_task_mapping
[2025-11-29T11:19:05.853+0000] {logging_mixin.py:190} INFO - [2025-11-29T11:19:05.853+0000] {dag.py:4180} INFO - Setting next_dagrun for example_dynamic_task_mapping to None, run_after=None
[2025-11-29T11:19:05.872+0000] {processor.py:208} INFO - Processing /home/airflow/.local/lib/python3.12/site-packages/airflow/example_dags/example_dynamic_task_mapping.py took 0.320 seconds
[2025-11-29T11:19:36.555+0000] {processor.py:186} INFO - Started process (PID=210) to work on /home/airflow/.local/lib/python3.12/site-packages/airflow/example_dags/example_dynamic_task_mapping.py
[2025-11-29T11:19:36.556+0000] {processor.py:914} INFO - Processing file /home/airflow/.local/lib/python3.12/site-packages/airflow/example_dags/example_dynamic_task_mapping.py for tasks to queue
[2025-11-29T11:19:36.560+0000] {logging_mixin.py:190} INFO - [2025-11-29T11:19:36.559+0000] {dagbag.py:588} INFO - Filling up the DagBag from /home/airflow/.local/lib/python3.12/site-packages/airflow/example_dags/example_dynamic_task_mapping.py
[2025-11-29T11:19:36.572+0000] {processor.py:925} INFO - DAG(s) 'example_dynamic_task_mapping' retrieved from /home/airflow/.local/lib/python3.12/site-packages/airflow/example_dags/example_dynamic_task_mapping.py
[2025-11-29T11:19:36.597+0000] {logging_mixin.py:190} INFO - [2025-11-29T11:19:36.596+0000] {dag.py:3239} INFO - Sync 1 DAGs
[2025-11-29T11:19:36.612+0000] {logging_mixin.py:190} INFO - [2025-11-29T11:19:36.612+0000] {dag.py:4180} INFO - Setting next_dagrun for example_dynamic_task_mapping to None, run_after=None
[2025-11-29T11:19:36.633+0000] {processor.py:208} INFO - Processing /home/airflow/.local/lib/python3.12/site-packages/airflow/example_dags/example_dynamic_task_mapping.py took 0.086 seconds
[2025-11-29T11:20:06.880+0000] {processor.py:186} INFO - Started process (PID=278) to work on /home/airflow/.local/lib/python3.12/site-packages/airflow/example_dags/example_dynamic_task_mapping.py
[2025-11-29T11:20:06.882+0000] {processor.py:914} INFO - Processing file /home/airflow/.local/lib/python3.12/site-packages/airflow/example_dags/example_dynamic_task_mapping.py for tasks to queue
[2025-11-29T11:20:06.886+0000] {logging_mixin.py:190} INFO - [2025-11-29T11:20:06.885+0000] {dagbag.py:588} INFO - Filling up the DagBag from /home/airflow/.local/lib/python3.12/site-packages/airflow/example_dags/example_dynamic_task_mapping.py
[2025-11-29T11:20:06.898+0000] {processor.py:925} INFO - DAG(s) 'example_dynamic_task_mapping' retrieved from /home/airflow/.local/lib/python3.12/site-packages/airflow/example_dags/example_dynamic_task_mapping.py
[2025-11-29T11:20:06.922+0000] {logging_mixin.py:190} INFO - [2025-11-29T11:20:06.922+0000] {dag.py:3239} INFO - Sync 1 DAGs
[2025-11-29T11:20:06.938+0000] {logging_mixin.py:190} INFO - [2025-11-29T11:20:06.937+0000] {dag.py:4180} INFO - Setting next_dagrun for example_dynamic_task_mapping to None, run_after=None
[2025-11-29T11:20:06.960+0000] {processor.py:208} INFO - Processing /home/airflow/.local/lib/python3.12/site-packages/airflow/example_dags/example_dynamic_task_mapping.py took 0.086 seconds
[2025-11-29T11:20:37.084+0000] {processor.py:186} INFO - Started process (PID=347) to work on /home/airflow/.local/lib/python3.12/site-packages/airflow/example_dags/example_dynamic_task_mapping.py
[2025-11-29T11:20:37.085+0000] {processor.py:914} INFO - Processing file /home/airflow/.local/lib/python3.12/site-packages/airflow/example_dags/example_dynamic_task_mapping.py for tasks to queue
[2025-11-29T11:20:37.089+0000] {logging_mixin.py:190} INFO - [2025-11-29T11:20:37.089+0000] {dagbag.py:588} INFO - Filling up the DagBag from /home/airflow/.local/lib/python3.12/site-packages/airflow/example_dags/example_dynamic_task_mapping.py
[2025-11-29T11:20:37.101+0000] {processor.py:925} INFO - DAG(s) 'example_dynamic_task_mapping' retrieved from /home/airflow/.local/lib/python3.12/site-packages/airflow/example_dags/example_dynamic_task_mapping.py
[2025-11-29T11:20:37.128+0000] {logging_mixin.py:190} INFO - [2025-11-29T11:20:37.127+0000] {dag.py:3239} INFO - Sync 1 DAGs
[2025-11-29T11:20:37.144+0000] {logging_mixin.py:190} INFO - [2025-11-29T11:20:37.144+0000] {dag.py:4180} INFO - Setting next_dagrun for example_dynamic_task_mapping to None, run_after=None
[2025-11-29T11:20:37.165+0000] {processor.py:208} INFO - Processing /home/airflow/.local/lib/python3.12/site-packages/airflow/example_dags/example_dynamic_task_mapping.py took 0.088 seconds
[2025-11-29T11:21:08.203+0000] {processor.py:186} INFO - Started process (PID=416) to work on /home/airflow/.local/lib/python3.12/site-packages/airflow/example_dags/example_dynamic_task_mapping.py
[2025-11-29T11:21:08.204+0000] {processor.py:914} INFO - Processing file /home/airflow/.local/lib/python3.12/site-packages/airflow/example_dags/example_dynamic_task_mapping.py for tasks to queue
[2025-11-29T11:21:08.208+0000] {logging_mixin.py:190} INFO - [2025-11-29T11:21:08.208+0000] {dagbag.py:588} INFO - Filling up the DagBag from /home/airflow/.local/lib/python3.12/site-packages/airflow/example_dags/example_dynamic_task_mapping.py
[2025-11-29T11:21:08.222+0000] {processor.py:925} INFO - DAG(s) 'example_dynamic_task_mapping' retrieved from /home/airflow/.local/lib/python3.12/site-packages/airflow/example_dags/example_dynamic_task_mapping.py
[2025-11-29T11:21:08.250+0000] {logging_mixin.py:190} INFO - [2025-11-29T11:21:08.249+0000] {dag.py:3239} INFO - Sync 1 DAGs
[2025-11-29T11:21:08.267+0000] {logging_mixin.py:190} INFO - [2025-11-29T11:21:08.266+0000] {dag.py:4180} INFO - Setting next_dagrun for example_dynamic_task_mapping to None, run_after=None
[2025-11-29T11:21:08.291+0000] {processor.py:208} INFO - Processing /home/airflow/.local/lib/python3.12/site-packages/airflow/example_dags/example_dynamic_task_mapping.py took 0.096 seconds
[2025-11-29T11:21:38.835+0000] {processor.py:186} INFO - Started process (PID=484) to work on /home/airflow/.local/lib/python3.12/site-packages/airflow/example_dags/example_dynamic_task_mapping.py
[2025-11-29T11:21:38.836+0000] {processor.py:914} INFO - Processing file /home/airflow/.local/lib/python3.12/site-packages/airflow/example_dags/example_dynamic_task_mapping.py for tasks to queue
[2025-11-29T11:21:38.839+0000] {logging_mixin.py:190} INFO - [2025-11-29T11:21:38.839+0000] {dagbag.py:588} INFO - Filling up the DagBag from /home/airflow/.local/lib/python3.12/site-packages/airflow/example_dags/example_dynamic_task_mapping.py
[2025-11-29T11:21:38.852+0000] {processor.py:925} INFO - DAG(s) 'example_dynamic_task_mapping' retrieved from /home/airflow/.local/lib/python3.12/site-packages/airflow/example_dags/example_dynamic_task_mapping.py
[2025-11-29T11:21:38.880+0000] {logging_mixin.py:190} INFO - [2025-11-29T11:21:38.879+0000] {dag.py:3239} INFO - Sync 1 DAGs
[2025-11-29T11:21:38.896+0000] {logging_mixin.py:190} INFO - [2025-11-29T11:21:38.896+0000] {dag.py:4180} INFO - Setting next_dagrun for example_dynamic_task_mapping to None, run_after=None
[2025-11-29T11:21:38.917+0000] {processor.py:208} INFO - Processing /home/airflow/.local/lib/python3.12/site-packages/airflow/example_dags/example_dynamic_task_mapping.py took 0.090 seconds
[2025-11-29T11:22:09.331+0000] {processor.py:186} INFO - Started process (PID=553) to work on /home/airflow/.local/lib/python3.12/site-packages/airflow/example_dags/example_dynamic_task_mapping.py
[2025-11-29T11:22:09.333+0000] {processor.py:914} INFO - Processing file /home/airflow/.local/lib/python3.12/site-packages/airflow/example_dags/example_dynamic_task_mapping.py for tasks to queue
[2025-11-29T11:22:09.336+0000] {logging_mixin.py:190} INFO - [2025-11-29T11:22:09.336+0000] {dagbag.py:588} INFO - Filling up the DagBag from /home/airflow/.local/lib/python3.12/site-packages/airflow/example_dags/example_dynamic_task_mapping.py
[2025-11-29T11:22:09.348+0000] {processor.py:925} INFO - DAG(s) 'example_dynamic_task_mapping' retrieved from /home/airflow/.local/lib/python3.12/site-packages/airflow/example_dags/example_dynamic_task_mapping.py
[2025-11-29T11:22:09.377+0000] {logging_mixin.py:190} INFO - [2025-11-29T11:22:09.376+0000] {dag.py:3239} INFO - Sync 1 DAGs
[2025-11-29T11:22:09.395+0000] {logging_mixin.py:190} INFO - [2025-11-29T11:22:09.395+0000] {dag.py:4180} INFO - Setting next_dagrun for example_dynamic_task_mapping to None, run_after=None
[2025-11-29T11:22:09.422+0000] {processor.py:208} INFO - Processing /home/airflow/.local/lib/python3.12/site-packages/airflow/example_dags/example_dynamic_task_mapping.py took 0.098 seconds
[2025-11-29T11:22:39.763+0000] {processor.py:186} INFO - Started process (PID=622) to work on /home/airflow/.local/lib/python3.12/site-packages/airflow/example_dags/example_dynamic_task_mapping.py
[2025-11-29T11:22:39.765+0000] {processor.py:914} INFO - Processing file /home/airflow/.local/lib/python3.12/site-packages/airflow/example_dags/example_dynamic_task_mapping.py for tasks to queue
[2025-11-29T11:22:39.769+0000] {logging_mixin.py:190} INFO - [2025-11-29T11:22:39.768+0000] {dagbag.py:588} INFO - Filling up the DagBag from /home/airflow/.local/lib/python3.12/site-packages/airflow/example_dags/example_dynamic_task_mapping.py
[2025-11-29T11:22:39.784+0000] {processor.py:925} INFO - DAG(s) 'example_dynamic_task_mapping' retrieved from /home/airflow/.local/lib/python3.12/site-packages/airflow/example_dags/example_dynamic_task_mapping.py
[2025-11-29T11:22:39.812+0000] {logging_mixin.py:190} INFO - [2025-11-29T11:22:39.811+0000] {dag.py:3239} INFO - Sync 1 DAGs
[2025-11-29T11:22:39.829+0000] {logging_mixin.py:190} INFO - [2025-11-29T11:22:39.829+0000] {dag.py:4180} INFO - Setting next_dagrun for example_dynamic_task_mapping to None, run_after=None
[2025-11-29T11:22:39.854+0000] {processor.py:208} INFO - Processing /home/airflow/.local/lib/python3.12/site-packages/airflow/example_dags/example_dynamic_task_mapping.py took 0.100 seconds
[2025-11-29T11:23:10.565+0000] {processor.py:186} INFO - Started process (PID=690) to work on /home/airflow/.local/lib/python3.12/site-packages/airflow/example_dags/example_dynamic_task_mapping.py
[2025-11-29T11:23:10.567+0000] {processor.py:914} INFO - Processing file /home/airflow/.local/lib/python3.12/site-packages/airflow/example_dags/example_dynamic_task_mapping.py for tasks to queue
[2025-11-29T11:23:10.572+0000] {logging_mixin.py:190} INFO - [2025-11-29T11:23:10.572+0000] {dagbag.py:588} INFO - Filling up the DagBag from /home/airflow/.local/lib/python3.12/site-packages/airflow/example_dags/example_dynamic_task_mapping.py
[2025-11-29T11:23:10.586+0000] {processor.py:925} INFO - DAG(s) 'example_dynamic_task_mapping' retrieved from /home/airflow/.local/lib/python3.12/site-packages/airflow/example_dags/example_dynamic_task_mapping.py
[2025-11-29T11:23:10.621+0000] {logging_mixin.py:190} INFO - [2025-11-29T11:23:10.620+0000] {dag.py:3239} INFO - Sync 1 DAGs
[2025-11-29T11:23:10.640+0000] {logging_mixin.py:190} INFO - [2025-11-29T11:23:10.640+0000] {dag.py:4180} INFO - Setting next_dagrun for example_dynamic_task_mapping to None, run_after=None
[2025-11-29T11:23:10.668+0000] {processor.py:208} INFO - Processing /home/airflow/.local/lib/python3.12/site-packages/airflow/example_dags/example_dynamic_task_mapping.py took 0.113 seconds
[2025-11-29T11:23:40.795+0000] {processor.py:186} INFO - Started process (PID=758) to work on /home/airflow/.local/lib/python3.12/site-packages/airflow/example_dags/example_dynamic_task_mapping.py
[2025-11-29T11:23:40.797+0000] {processor.py:914} INFO - Processing file /home/airflow/.local/lib/python3.12/site-packages/airflow/example_dags/example_dynamic_task_mapping.py for tasks to queue
[2025-11-29T11:23:40.800+0000] {logging_mixin.py:190} INFO - [2025-11-29T11:23:40.800+0000] {dagbag.py:588} INFO - Filling up the DagBag from /home/airflow/.local/lib/python3.12/site-packages/airflow/example_dags/example_dynamic_task_mapping.py
[2025-11-29T11:23:40.814+0000] {processor.py:925} INFO - DAG(s) 'example_dynamic_task_mapping' retrieved from /home/airflow/.local/lib/python3.12/site-packages/airflow/example_dags/example_dynamic_task_mapping.py
[2025-11-29T11:23:40.845+0000] {logging_mixin.py:190} INFO - [2025-11-29T11:23:40.845+0000] {dag.py:3239} INFO - Sync 1 DAGs
[2025-11-29T11:23:40.863+0000] {logging_mixin.py:190} INFO - [2025-11-29T11:23:40.863+0000] {dag.py:4180} INFO - Setting next_dagrun for example_dynamic_task_mapping to None, run_after=None
[2025-11-29T11:23:40.898+0000] {processor.py:208} INFO - Processing /home/airflow/.local/lib/python3.12/site-packages/airflow/example_dags/example_dynamic_task_mapping.py took 0.111 seconds
[2025-11-29T11:24:11.082+0000] {processor.py:186} INFO - Started process (PID=827) to work on /home/airflow/.local/lib/python3.12/site-packages/airflow/example_dags/example_dynamic_task_mapping.py
[2025-11-29T11:24:11.083+0000] {processor.py:914} INFO - Processing file /home/airflow/.local/lib/python3.12/site-packages/airflow/example_dags/example_dynamic_task_mapping.py for tasks to queue
[2025-11-29T11:24:11.085+0000] {logging_mixin.py:190} INFO - [2025-11-29T11:24:11.085+0000] {dagbag.py:588} INFO - Filling up the DagBag from /home/airflow/.local/lib/python3.12/site-packages/airflow/example_dags/example_dynamic_task_mapping.py
[2025-11-29T11:24:11.101+0000] {processor.py:925} INFO - DAG(s) 'example_dynamic_task_mapping' retrieved from /home/airflow/.local/lib/python3.12/site-packages/airflow/example_dags/example_dynamic_task_mapping.py
[2025-11-29T11:24:11.128+0000] {logging_mixin.py:190} INFO - [2025-11-29T11:24:11.127+0000] {dag.py:3239} INFO - Sync 1 DAGs
[2025-11-29T11:24:11.145+0000] {logging_mixin.py:190} INFO - [2025-11-29T11:24:11.145+0000] {dag.py:4180} INFO - Setting next_dagrun for example_dynamic_task_mapping to None, run_after=None
[2025-11-29T11:24:11.169+0000] {processor.py:208} INFO - Processing /home/airflow/.local/lib/python3.12/site-packages/airflow/example_dags/example_dynamic_task_mapping.py took 0.097 seconds
[2025-11-29T11:24:41.489+0000] {processor.py:186} INFO - Started process (PID=895) to work on /home/airflow/.local/lib/python3.12/site-packages/airflow/example_dags/example_dynamic_task_mapping.py
[2025-11-29T11:24:41.490+0000] {processor.py:914} INFO - Processing file /home/airflow/.local/lib/python3.12/site-packages/airflow/example_dags/example_dynamic_task_mapping.py for tasks to queue
[2025-11-29T11:24:41.492+0000] {logging_mixin.py:190} INFO - [2025-11-29T11:24:41.492+0000] {dagbag.py:588} INFO - Filling up the DagBag from /home/airflow/.local/lib/python3.12/site-packages/airflow/example_dags/example_dynamic_task_mapping.py
[2025-11-29T11:24:41.506+0000] {processor.py:925} INFO - DAG(s) 'example_dynamic_task_mapping' retrieved from /home/airflow/.local/lib/python3.12/site-packages/airflow/example_dags/example_dynamic_task_mapping.py
[2025-11-29T11:24:41.533+0000] {logging_mixin.py:190} INFO - [2025-11-29T11:24:41.532+0000] {dag.py:3239} INFO - Sync 1 DAGs
[2025-11-29T11:24:41.549+0000] {logging_mixin.py:190} INFO - [2025-11-29T11:24:41.549+0000] {dag.py:4180} INFO - Setting next_dagrun for example_dynamic_task_mapping to None, run_after=None
[2025-11-29T11:24:41.572+0000] {processor.py:208} INFO - Processing /home/airflow/.local/lib/python3.12/site-packages/airflow/example_dags/example_dynamic_task_mapping.py took 0.091 seconds
[2025-11-29T11:25:12.579+0000] {processor.py:186} INFO - Started process (PID=963) to work on /home/airflow/.local/lib/python3.12/site-packages/airflow/example_dags/example_dynamic_task_mapping.py
[2025-11-29T11:25:12.581+0000] {processor.py:914} INFO - Processing file /home/airflow/.local/lib/python3.12/site-packages/airflow/example_dags/example_dynamic_task_mapping.py for tasks to queue
[2025-11-29T11:25:12.583+0000] {logging_mixin.py:190} INFO - [2025-11-29T11:25:12.582+0000] {dagbag.py:588} INFO - Filling up the DagBag from /home/airflow/.local/lib/python3.12/site-packages/airflow/example_dags/example_dynamic_task_mapping.py
[2025-11-29T11:25:12.596+0000] {processor.py:925} INFO - DAG(s) 'example_dynamic_task_mapping' retrieved from /home/airflow/.local/lib/python3.12/site-packages/airflow/example_dags/example_dynamic_task_mapping.py
[2025-11-29T11:25:12.620+0000] {logging_mixin.py:190} INFO - [2025-11-29T11:25:12.620+0000] {dag.py:3239} INFO - Sync 1 DAGs
[2025-11-29T11:25:12.637+0000] {logging_mixin.py:190} INFO - [2025-11-29T11:25:12.637+0000] {dag.py:4180} INFO - Setting next_dagrun for example_dynamic_task_mapping to None, run_after=None
[2025-11-29T11:25:12.658+0000] {processor.py:208} INFO - Processing /home/airflow/.local/lib/python3.12/site-packages/airflow/example_dags/example_dynamic_task_mapping.py took 0.087 seconds
[2025-11-29T11:25:42.773+0000] {processor.py:186} INFO - Started process (PID=1031) to work on /home/airflow/.local/lib/python3.12/site-packages/airflow/example_dags/example_dynamic_task_mapping.py
[2025-11-29T11:25:42.774+0000] {processor.py:914} INFO - Processing file /home/airflow/.local/lib/python3.12/site-packages/airflow/example_dags/example_dynamic_task_mapping.py for tasks to queue
[2025-11-29T11:25:42.776+0000] {logging_mixin.py:190} INFO - [2025-11-29T11:25:42.776+0000] {dagbag.py:588} INFO - Filling up the DagBag from /home/airflow/.local/lib/python3.12/site-packages/airflow/example_dags/example_dynamic_task_mapping.py
[2025-11-29T11:25:42.790+0000] {processor.py:925} INFO - DAG(s) 'example_dynamic_task_mapping' retrieved from /home/airflow/.local/lib/python3.12/site-packages/airflow/example_dags/example_dynamic_task_mapping.py
[2025-11-29T11:25:42.816+0000] {logging_mixin.py:190} INFO - [2025-11-29T11:25:42.815+0000] {dag.py:3239} INFO - Sync 1 DAGs
[2025-11-29T11:25:42.833+0000] {logging_mixin.py:190} INFO - [2025-11-29T11:25:42.833+0000] {dag.py:4180} INFO - Setting next_dagrun for example_dynamic_task_mapping to None, run_after=None
[2025-11-29T11:25:42.856+0000] {processor.py:208} INFO - Processing /home/airflow/.local/lib/python3.12/site-packages/airflow/example_dags/example_dynamic_task_mapping.py took 0.091 seconds
[2025-11-29T11:26:13.331+0000] {processor.py:186} INFO - Started process (PID=1100) to work on /home/airflow/.local/lib/python3.12/site-packages/airflow/example_dags/example_dynamic_task_mapping.py
[2025-11-29T11:26:13.332+0000] {processor.py:914} INFO - Processing file /home/airflow/.local/lib/python3.12/site-packages/airflow/example_dags/example_dynamic_task_mapping.py for tasks to queue
[2025-11-29T11:26:13.334+0000] {logging_mixin.py:190} INFO - [2025-11-29T11:26:13.334+0000] {dagbag.py:588} INFO - Filling up the DagBag from /home/airflow/.local/lib/python3.12/site-packages/airflow/example_dags/example_dynamic_task_mapping.py
[2025-11-29T11:26:13.351+0000] {processor.py:925} INFO - DAG(s) 'example_dynamic_task_mapping' retrieved from /home/airflow/.local/lib/python3.12/site-packages/airflow/example_dags/example_dynamic_task_mapping.py
[2025-11-29T11:26:13.379+0000] {logging_mixin.py:190} INFO - [2025-11-29T11:26:13.378+0000] {dag.py:3239} INFO - Sync 1 DAGs
[2025-11-29T11:26:13.398+0000] {logging_mixin.py:190} INFO - [2025-11-29T11:26:13.398+0000] {dag.py:4180} INFO - Setting next_dagrun for example_dynamic_task_mapping to None, run_after=None
[2025-11-29T11:26:13.427+0000] {processor.py:208} INFO - Processing /home/airflow/.local/lib/python3.12/site-packages/airflow/example_dags/example_dynamic_task_mapping.py took 0.105 seconds
[2025-11-29T11:26:43.768+0000] {processor.py:186} INFO - Started process (PID=1168) to work on /home/airflow/.local/lib/python3.12/site-packages/airflow/example_dags/example_dynamic_task_mapping.py
[2025-11-29T11:26:43.771+0000] {processor.py:914} INFO - Processing file /home/airflow/.local/lib/python3.12/site-packages/airflow/example_dags/example_dynamic_task_mapping.py for tasks to queue
[2025-11-29T11:26:43.773+0000] {logging_mixin.py:190} INFO - [2025-11-29T11:26:43.773+0000] {dagbag.py:588} INFO - Filling up the DagBag from /home/airflow/.local/lib/python3.12/site-packages/airflow/example_dags/example_dynamic_task_mapping.py
[2025-11-29T11:26:43.786+0000] {processor.py:925} INFO - DAG(s) 'example_dynamic_task_mapping' retrieved from /home/airflow/.local/lib/python3.12/site-packages/airflow/example_dags/example_dynamic_task_mapping.py
[2025-11-29T11:26:43.811+0000] {logging_mixin.py:190} INFO - [2025-11-29T11:26:43.811+0000] {dag.py:3239} INFO - Sync 1 DAGs
[2025-11-29T11:26:43.827+0000] {logging_mixin.py:190} INFO - [2025-11-29T11:26:43.827+0000] {dag.py:4180} INFO - Setting next_dagrun for example_dynamic_task_mapping to None, run_after=None
[2025-11-29T11:26:43.850+0000] {processor.py:208} INFO - Processing /home/airflow/.local/lib/python3.12/site-packages/airflow/example_dags/example_dynamic_task_mapping.py took 0.089 seconds
[2025-11-29T11:27:14.401+0000] {processor.py:186} INFO - Started process (PID=1236) to work on /home/airflow/.local/lib/python3.12/site-packages/airflow/example_dags/example_dynamic_task_mapping.py
[2025-11-29T11:27:14.403+0000] {processor.py:914} INFO - Processing file /home/airflow/.local/lib/python3.12/site-packages/airflow/example_dags/example_dynamic_task_mapping.py for tasks to queue
[2025-11-29T11:27:14.405+0000] {logging_mixin.py:190} INFO - [2025-11-29T11:27:14.405+0000] {dagbag.py:588} INFO - Filling up the DagBag from /home/airflow/.local/lib/python3.12/site-packages/airflow/example_dags/example_dynamic_task_mapping.py
[2025-11-29T11:27:14.422+0000] {processor.py:925} INFO - DAG(s) 'example_dynamic_task_mapping' retrieved from /home/airflow/.local/lib/python3.12/site-packages/airflow/example_dags/example_dynamic_task_mapping.py
[2025-11-29T11:27:14.452+0000] {logging_mixin.py:190} INFO - [2025-11-29T11:27:14.451+0000] {dag.py:3239} INFO - Sync 1 DAGs
[2025-11-29T11:27:14.469+0000] {logging_mixin.py:190} INFO - [2025-11-29T11:27:14.469+0000] {dag.py:4180} INFO - Setting next_dagrun for example_dynamic_task_mapping to None, run_after=None
[2025-11-29T11:27:14.491+0000] {processor.py:208} INFO - Processing /home/airflow/.local/lib/python3.12/site-packages/airflow/example_dags/example_dynamic_task_mapping.py took 0.099 seconds
[2025-11-29T11:27:45.440+0000] {processor.py:186} INFO - Started process (PID=1304) to work on /home/airflow/.local/lib/python3.12/site-packages/airflow/example_dags/example_dynamic_task_mapping.py
[2025-11-29T11:27:45.442+0000] {processor.py:914} INFO - Processing file /home/airflow/.local/lib/python3.12/site-packages/airflow/example_dags/example_dynamic_task_mapping.py for tasks to queue
[2025-11-29T11:27:45.444+0000] {logging_mixin.py:190} INFO - [2025-11-29T11:27:45.443+0000] {dagbag.py:588} INFO - Filling up the DagBag from /home/airflow/.local/lib/python3.12/site-packages/airflow/example_dags/example_dynamic_task_mapping.py
[2025-11-29T11:27:45.459+0000] {processor.py:925} INFO - DAG(s) 'example_dynamic_task_mapping' retrieved from /home/airflow/.local/lib/python3.12/site-packages/airflow/example_dags/example_dynamic_task_mapping.py
[2025-11-29T11:27:45.495+0000] {logging_mixin.py:190} INFO - [2025-11-29T11:27:45.495+0000] {dag.py:3239} INFO - Sync 1 DAGs
[2025-11-29T11:27:45.514+0000] {logging_mixin.py:190} INFO - [2025-11-29T11:27:45.513+0000] {dag.py:4180} INFO - Setting next_dagrun for example_dynamic_task_mapping to None, run_after=None
[2025-11-29T11:27:45.540+0000] {processor.py:208} INFO - Processing /home/airflow/.local/lib/python3.12/site-packages/airflow/example_dags/example_dynamic_task_mapping.py took 0.108 seconds
[2025-11-29T11:28:16.074+0000] {processor.py:186} INFO - Started process (PID=1373) to work on /home/airflow/.local/lib/python3.12/site-packages/airflow/example_dags/example_dynamic_task_mapping.py
[2025-11-29T11:28:16.076+0000] {processor.py:914} INFO - Processing file /home/airflow/.local/lib/python3.12/site-packages/airflow/example_dags/example_dynamic_task_mapping.py for tasks to queue
[2025-11-29T11:28:16.078+0000] {logging_mixin.py:190} INFO - [2025-11-29T11:28:16.078+0000] {dagbag.py:588} INFO - Filling up the DagBag from /home/airflow/.local/lib/python3.12/site-packages/airflow/example_dags/example_dynamic_task_mapping.py
[2025-11-29T11:28:16.092+0000] {processor.py:925} INFO - DAG(s) 'example_dynamic_task_mapping' retrieved from /home/airflow/.local/lib/python3.12/site-packages/airflow/example_dags/example_dynamic_task_mapping.py
[2025-11-29T11:28:16.122+0000] {logging_mixin.py:190} INFO - [2025-11-29T11:28:16.121+0000] {dag.py:3239} INFO - Sync 1 DAGs
[2025-11-29T11:28:16.137+0000] {logging_mixin.py:190} INFO - [2025-11-29T11:28:16.137+0000] {dag.py:4180} INFO - Setting next_dagrun for example_dynamic_task_mapping to None, run_after=None
[2025-11-29T11:28:16.167+0000] {processor.py:208} INFO - Processing /home/airflow/.local/lib/python3.12/site-packages/airflow/example_dags/example_dynamic_task_mapping.py took 0.100 seconds
[2025-11-29T11:28:46.318+0000] {processor.py:186} INFO - Started process (PID=1441) to work on /home/airflow/.local/lib/python3.12/site-packages/airflow/example_dags/example_dynamic_task_mapping.py
[2025-11-29T11:28:46.320+0000] {processor.py:914} INFO - Processing file /home/airflow/.local/lib/python3.12/site-packages/airflow/example_dags/example_dynamic_task_mapping.py for tasks to queue
[2025-11-29T11:28:46.322+0000] {logging_mixin.py:190} INFO - [2025-11-29T11:28:46.321+0000] {dagbag.py:588} INFO - Filling up the DagBag from /home/airflow/.local/lib/python3.12/site-packages/airflow/example_dags/example_dynamic_task_mapping.py
[2025-11-29T11:28:46.335+0000] {processor.py:925} INFO - DAG(s) 'example_dynamic_task_mapping' retrieved from /home/airflow/.local/lib/python3.12/site-packages/airflow/example_dags/example_dynamic_task_mapping.py
[2025-11-29T11:28:46.361+0000] {logging_mixin.py:190} INFO - [2025-11-29T11:28:46.360+0000] {dag.py:3239} INFO - Sync 1 DAGs
[2025-11-29T11:28:46.378+0000] {logging_mixin.py:190} INFO - [2025-11-29T11:28:46.377+0000] {dag.py:4180} INFO - Setting next_dagrun for example_dynamic_task_mapping to None, run_after=None
[2025-11-29T11:28:46.405+0000] {processor.py:208} INFO - Processing /home/airflow/.local/lib/python3.12/site-packages/airflow/example_dags/example_dynamic_task_mapping.py took 0.094 seconds
[2025-11-29T11:29:17.131+0000] {processor.py:186} INFO - Started process (PID=1509) to work on /home/airflow/.local/lib/python3.12/site-packages/airflow/example_dags/example_dynamic_task_mapping.py
[2025-11-29T11:29:17.133+0000] {processor.py:914} INFO - Processing file /home/airflow/.local/lib/python3.12/site-packages/airflow/example_dags/example_dynamic_task_mapping.py for tasks to queue
[2025-11-29T11:29:17.135+0000] {logging_mixin.py:190} INFO - [2025-11-29T11:29:17.134+0000] {dagbag.py:588} INFO - Filling up the DagBag from /home/airflow/.local/lib/python3.12/site-packages/airflow/example_dags/example_dynamic_task_mapping.py
[2025-11-29T11:29:17.150+0000] {processor.py:925} INFO - DAG(s) 'example_dynamic_task_mapping' retrieved from /home/airflow/.local/lib/python3.12/site-packages/airflow/example_dags/example_dynamic_task_mapping.py
[2025-11-29T11:29:17.175+0000] {logging_mixin.py:190} INFO - [2025-11-29T11:29:17.174+0000] {dag.py:3239} INFO - Sync 1 DAGs
[2025-11-29T11:29:17.192+0000] {logging_mixin.py:190} INFO - [2025-11-29T11:29:17.192+0000] {dag.py:4180} INFO - Setting next_dagrun for example_dynamic_task_mapping to None, run_after=None
[2025-11-29T11:29:17.220+0000] {processor.py:208} INFO - Processing /home/airflow/.local/lib/python3.12/site-packages/airflow/example_dags/example_dynamic_task_mapping.py took 0.096 seconds
[2025-11-29T11:29:47.567+0000] {processor.py:186} INFO - Started process (PID=1579) to work on /home/airflow/.local/lib/python3.12/site-packages/airflow/example_dags/example_dynamic_task_mapping.py
[2025-11-29T11:29:47.569+0000] {processor.py:914} INFO - Processing file /home/airflow/.local/lib/python3.12/site-packages/airflow/example_dags/example_dynamic_task_mapping.py for tasks to queue
[2025-11-29T11:29:47.571+0000] {logging_mixin.py:190} INFO - [2025-11-29T11:29:47.570+0000] {dagbag.py:588} INFO - Filling up the DagBag from /home/airflow/.local/lib/python3.12/site-packages/airflow/example_dags/example_dynamic_task_mapping.py
[2025-11-29T11:29:47.584+0000] {processor.py:925} INFO - DAG(s) 'example_dynamic_task_mapping' retrieved from /home/airflow/.local/lib/python3.12/site-packages/airflow/example_dags/example_dynamic_task_mapping.py
[2025-11-29T11:29:47.609+0000] {logging_mixin.py:190} INFO - [2025-11-29T11:29:47.608+0000] {dag.py:3239} INFO - Sync 1 DAGs
[2025-11-29T11:29:47.625+0000] {logging_mixin.py:190} INFO - [2025-11-29T11:29:47.625+0000] {dag.py:4180} INFO - Setting next_dagrun for example_dynamic_task_mapping to None, run_after=None
[2025-11-29T11:29:47.646+0000] {processor.py:208} INFO - Processing /home/airflow/.local/lib/python3.12/site-packages/airflow/example_dags/example_dynamic_task_mapping.py took 0.087 seconds
[2025-11-29T11:30:18.154+0000] {processor.py:186} INFO - Started process (PID=1648) to work on /home/airflow/.local/lib/python3.12/site-packages/airflow/example_dags/example_dynamic_task_mapping.py
[2025-11-29T11:30:18.156+0000] {processor.py:914} INFO - Processing file /home/airflow/.local/lib/python3.12/site-packages/airflow/example_dags/example_dynamic_task_mapping.py for tasks to queue
[2025-11-29T11:30:18.158+0000] {logging_mixin.py:190} INFO - [2025-11-29T11:30:18.157+0000] {dagbag.py:588} INFO - Filling up the DagBag from /home/airflow/.local/lib/python3.12/site-packages/airflow/example_dags/example_dynamic_task_mapping.py
[2025-11-29T11:30:18.171+0000] {processor.py:925} INFO - DAG(s) 'example_dynamic_task_mapping' retrieved from /home/airflow/.local/lib/python3.12/site-packages/airflow/example_dags/example_dynamic_task_mapping.py
[2025-11-29T11:30:18.197+0000] {logging_mixin.py:190} INFO - [2025-11-29T11:30:18.197+0000] {dag.py:3239} INFO - Sync 1 DAGs
[2025-11-29T11:30:18.214+0000] {logging_mixin.py:190} INFO - [2025-11-29T11:30:18.214+0000] {dag.py:4180} INFO - Setting next_dagrun for example_dynamic_task_mapping to None, run_after=None
[2025-11-29T11:30:18.237+0000] {processor.py:208} INFO - Processing /home/airflow/.local/lib/python3.12/site-packages/airflow/example_dags/example_dynamic_task_mapping.py took 0.090 seconds
[2025-11-29T11:30:48.753+0000] {processor.py:186} INFO - Started process (PID=1716) to work on /home/airflow/.local/lib/python3.12/site-packages/airflow/example_dags/example_dynamic_task_mapping.py
[2025-11-29T11:30:48.755+0000] {processor.py:914} INFO - Processing file /home/airflow/.local/lib/python3.12/site-packages/airflow/example_dags/example_dynamic_task_mapping.py for tasks to queue
[2025-11-29T11:30:48.757+0000] {logging_mixin.py:190} INFO - [2025-11-29T11:30:48.757+0000] {dagbag.py:588} INFO - Filling up the DagBag from /home/airflow/.local/lib/python3.12/site-packages/airflow/example_dags/example_dynamic_task_mapping.py
[2025-11-29T11:30:48.771+0000] {processor.py:925} INFO - DAG(s) 'example_dynamic_task_mapping' retrieved from /home/airflow/.local/lib/python3.12/site-packages/airflow/example_dags/example_dynamic_task_mapping.py
[2025-11-29T11:30:48.798+0000] {logging_mixin.py:190} INFO - [2025-11-29T11:30:48.797+0000] {dag.py:3239} INFO - Sync 1 DAGs
[2025-11-29T11:30:48.813+0000] {logging_mixin.py:190} INFO - [2025-11-29T11:30:48.813+0000] {dag.py:4180} INFO - Setting next_dagrun for example_dynamic_task_mapping to None, run_after=None
[2025-11-29T11:30:48.835+0000] {processor.py:208} INFO - Processing /home/airflow/.local/lib/python3.12/site-packages/airflow/example_dags/example_dynamic_task_mapping.py took 0.089 seconds
[2025-11-29T11:31:19.009+0000] {processor.py:186} INFO - Started process (PID=1784) to work on /home/airflow/.local/lib/python3.12/site-packages/airflow/example_dags/example_dynamic_task_mapping.py
[2025-11-29T11:31:19.011+0000] {processor.py:914} INFO - Processing file /home/airflow/.local/lib/python3.12/site-packages/airflow/example_dags/example_dynamic_task_mapping.py for tasks to queue
[2025-11-29T11:31:19.013+0000] {logging_mixin.py:190} INFO - [2025-11-29T11:31:19.012+0000] {dagbag.py:588} INFO - Filling up the DagBag from /home/airflow/.local/lib/python3.12/site-packages/airflow/example_dags/example_dynamic_task_mapping.py
[2025-11-29T11:31:19.031+0000] {processor.py:925} INFO - DAG(s) 'example_dynamic_task_mapping' retrieved from /home/airflow/.local/lib/python3.12/site-packages/airflow/example_dags/example_dynamic_task_mapping.py
[2025-11-29T11:31:19.060+0000] {logging_mixin.py:190} INFO - [2025-11-29T11:31:19.059+0000] {dag.py:3239} INFO - Sync 1 DAGs
[2025-11-29T11:31:19.077+0000] {logging_mixin.py:190} INFO - [2025-11-29T11:31:19.077+0000] {dag.py:4180} INFO - Setting next_dagrun for example_dynamic_task_mapping to None, run_after=None
[2025-11-29T11:31:19.101+0000] {processor.py:208} INFO - Processing /home/airflow/.local/lib/python3.12/site-packages/airflow/example_dags/example_dynamic_task_mapping.py took 0.100 seconds
[2025-11-29T11:31:49.647+0000] {processor.py:186} INFO - Started process (PID=1852) to work on /home/airflow/.local/lib/python3.12/site-packages/airflow/example_dags/example_dynamic_task_mapping.py
[2025-11-29T11:31:49.649+0000] {processor.py:914} INFO - Processing file /home/airflow/.local/lib/python3.12/site-packages/airflow/example_dags/example_dynamic_task_mapping.py for tasks to queue
[2025-11-29T11:31:49.652+0000] {logging_mixin.py:190} INFO - [2025-11-29T11:31:49.651+0000] {dagbag.py:588} INFO - Filling up the DagBag from /home/airflow/.local/lib/python3.12/site-packages/airflow/example_dags/example_dynamic_task_mapping.py
[2025-11-29T11:31:49.674+0000] {processor.py:925} INFO - DAG(s) 'example_dynamic_task_mapping' retrieved from /home/airflow/.local/lib/python3.12/site-packages/airflow/example_dags/example_dynamic_task_mapping.py
[2025-11-29T11:31:49.703+0000] {logging_mixin.py:190} INFO - [2025-11-29T11:31:49.703+0000] {dag.py:3239} INFO - Sync 1 DAGs
[2025-11-29T11:31:49.719+0000] {logging_mixin.py:190} INFO - [2025-11-29T11:31:49.719+0000] {dag.py:4180} INFO - Setting next_dagrun for example_dynamic_task_mapping to None, run_after=None
[2025-11-29T11:31:49.741+0000] {processor.py:208} INFO - Processing /home/airflow/.local/lib/python3.12/site-packages/airflow/example_dags/example_dynamic_task_mapping.py took 0.102 seconds
[2025-11-29T11:32:20.149+0000] {processor.py:186} INFO - Started process (PID=1920) to work on /home/airflow/.local/lib/python3.12/site-packages/airflow/example_dags/example_dynamic_task_mapping.py
[2025-11-29T11:32:20.151+0000] {processor.py:914} INFO - Processing file /home/airflow/.local/lib/python3.12/site-packages/airflow/example_dags/example_dynamic_task_mapping.py for tasks to queue
[2025-11-29T11:32:20.153+0000] {logging_mixin.py:190} INFO - [2025-11-29T11:32:20.153+0000] {dagbag.py:588} INFO - Filling up the DagBag from /home/airflow/.local/lib/python3.12/site-packages/airflow/example_dags/example_dynamic_task_mapping.py
[2025-11-29T11:32:20.169+0000] {processor.py:925} INFO - DAG(s) 'example_dynamic_task_mapping' retrieved from /home/airflow/.local/lib/python3.12/site-packages/airflow/example_dags/example_dynamic_task_mapping.py
[2025-11-29T11:32:20.199+0000] {logging_mixin.py:190} INFO - [2025-11-29T11:32:20.198+0000] {dag.py:3239} INFO - Sync 1 DAGs
[2025-11-29T11:32:20.227+0000] {logging_mixin.py:190} INFO - [2025-11-29T11:32:20.226+0000] {dag.py:4180} INFO - Setting next_dagrun for example_dynamic_task_mapping to None, run_after=None
[2025-11-29T11:32:20.258+0000] {processor.py:208} INFO - Processing /home/airflow/.local/lib/python3.12/site-packages/airflow/example_dags/example_dynamic_task_mapping.py took 0.118 seconds
[2025-11-29T11:32:51.102+0000] {processor.py:186} INFO - Started process (PID=1989) to work on /home/airflow/.local/lib/python3.12/site-packages/airflow/example_dags/example_dynamic_task_mapping.py
[2025-11-29T11:32:51.103+0000] {processor.py:914} INFO - Processing file /home/airflow/.local/lib/python3.12/site-packages/airflow/example_dags/example_dynamic_task_mapping.py for tasks to queue
[2025-11-29T11:32:51.105+0000] {logging_mixin.py:190} INFO - [2025-11-29T11:32:51.104+0000] {dagbag.py:588} INFO - Filling up the DagBag from /home/airflow/.local/lib/python3.12/site-packages/airflow/example_dags/example_dynamic_task_mapping.py
[2025-11-29T11:32:51.120+0000] {processor.py:925} INFO - DAG(s) 'example_dynamic_task_mapping' retrieved from /home/airflow/.local/lib/python3.12/site-packages/airflow/example_dags/example_dynamic_task_mapping.py
[2025-11-29T11:32:51.147+0000] {logging_mixin.py:190} INFO - [2025-11-29T11:32:51.146+0000] {dag.py:3239} INFO - Sync 1 DAGs
[2025-11-29T11:32:51.164+0000] {logging_mixin.py:190} INFO - [2025-11-29T11:32:51.164+0000] {dag.py:4180} INFO - Setting next_dagrun for example_dynamic_task_mapping to None, run_after=None
[2025-11-29T11:32:51.188+0000] {processor.py:208} INFO - Processing /home/airflow/.local/lib/python3.12/site-packages/airflow/example_dags/example_dynamic_task_mapping.py took 0.095 seconds
[2025-11-29T11:33:21.823+0000] {processor.py:186} INFO - Started process (PID=2057) to work on /home/airflow/.local/lib/python3.12/site-packages/airflow/example_dags/example_dynamic_task_mapping.py
[2025-11-29T11:33:21.827+0000] {processor.py:914} INFO - Processing file /home/airflow/.local/lib/python3.12/site-packages/airflow/example_dags/example_dynamic_task_mapping.py for tasks to queue
[2025-11-29T11:33:21.830+0000] {logging_mixin.py:190} INFO - [2025-11-29T11:33:21.829+0000] {dagbag.py:588} INFO - Filling up the DagBag from /home/airflow/.local/lib/python3.12/site-packages/airflow/example_dags/example_dynamic_task_mapping.py
[2025-11-29T11:33:21.851+0000] {processor.py:925} INFO - DAG(s) 'example_dynamic_task_mapping' retrieved from /home/airflow/.local/lib/python3.12/site-packages/airflow/example_dags/example_dynamic_task_mapping.py
[2025-11-29T11:33:21.882+0000] {logging_mixin.py:190} INFO - [2025-11-29T11:33:21.881+0000] {dag.py:3239} INFO - Sync 1 DAGs
[2025-11-29T11:33:21.905+0000] {logging_mixin.py:190} INFO - [2025-11-29T11:33:21.904+0000] {dag.py:4180} INFO - Setting next_dagrun for example_dynamic_task_mapping to None, run_after=None
[2025-11-29T11:33:21.930+0000] {processor.py:208} INFO - Processing /home/airflow/.local/lib/python3.12/site-packages/airflow/example_dags/example_dynamic_task_mapping.py took 0.116 seconds
[2025-11-29T11:33:52.593+0000] {processor.py:186} INFO - Started process (PID=2125) to work on /home/airflow/.local/lib/python3.12/site-packages/airflow/example_dags/example_dynamic_task_mapping.py
[2025-11-29T11:33:52.595+0000] {processor.py:914} INFO - Processing file /home/airflow/.local/lib/python3.12/site-packages/airflow/example_dags/example_dynamic_task_mapping.py for tasks to queue
[2025-11-29T11:33:52.597+0000] {logging_mixin.py:190} INFO - [2025-11-29T11:33:52.596+0000] {dagbag.py:588} INFO - Filling up the DagBag from /home/airflow/.local/lib/python3.12/site-packages/airflow/example_dags/example_dynamic_task_mapping.py
[2025-11-29T11:33:52.610+0000] {processor.py:925} INFO - DAG(s) 'example_dynamic_task_mapping' retrieved from /home/airflow/.local/lib/python3.12/site-packages/airflow/example_dags/example_dynamic_task_mapping.py
[2025-11-29T11:33:52.637+0000] {logging_mixin.py:190} INFO - [2025-11-29T11:33:52.636+0000] {dag.py:3239} INFO - Sync 1 DAGs
[2025-11-29T11:33:52.658+0000] {logging_mixin.py:190} INFO - [2025-11-29T11:33:52.658+0000] {dag.py:4180} INFO - Setting next_dagrun for example_dynamic_task_mapping to None, run_after=None
[2025-11-29T11:33:52.684+0000] {processor.py:208} INFO - Processing /home/airflow/.local/lib/python3.12/site-packages/airflow/example_dags/example_dynamic_task_mapping.py took 0.098 seconds
[2025-11-29T11:34:23.283+0000] {processor.py:186} INFO - Started process (PID=2193) to work on /home/airflow/.local/lib/python3.12/site-packages/airflow/example_dags/example_dynamic_task_mapping.py
[2025-11-29T11:34:23.284+0000] {processor.py:914} INFO - Processing file /home/airflow/.local/lib/python3.12/site-packages/airflow/example_dags/example_dynamic_task_mapping.py for tasks to queue
[2025-11-29T11:34:23.286+0000] {logging_mixin.py:190} INFO - [2025-11-29T11:34:23.286+0000] {dagbag.py:588} INFO - Filling up the DagBag from /home/airflow/.local/lib/python3.12/site-packages/airflow/example_dags/example_dynamic_task_mapping.py
[2025-11-29T11:34:23.307+0000] {processor.py:925} INFO - DAG(s) 'example_dynamic_task_mapping' retrieved from /home/airflow/.local/lib/python3.12/site-packages/airflow/example_dags/example_dynamic_task_mapping.py
[2025-11-29T11:34:23.358+0000] {logging_mixin.py:190} INFO - [2025-11-29T11:34:23.357+0000] {dag.py:3239} INFO - Sync 1 DAGs
[2025-11-29T11:34:23.389+0000] {logging_mixin.py:190} INFO - [2025-11-29T11:34:23.388+0000] {dag.py:4180} INFO - Setting next_dagrun for example_dynamic_task_mapping to None, run_after=None
[2025-11-29T11:34:23.430+0000] {processor.py:208} INFO - Processing /home/airflow/.local/lib/python3.12/site-packages/airflow/example_dags/example_dynamic_task_mapping.py took 0.157 seconds
[2025-11-29T11:34:54.050+0000] {processor.py:186} INFO - Started process (PID=2267) to work on /home/airflow/.local/lib/python3.12/site-packages/airflow/example_dags/example_dynamic_task_mapping.py
[2025-11-29T11:34:54.052+0000] {processor.py:914} INFO - Processing file /home/airflow/.local/lib/python3.12/site-packages/airflow/example_dags/example_dynamic_task_mapping.py for tasks to queue
[2025-11-29T11:34:54.054+0000] {logging_mixin.py:190} INFO - [2025-11-29T11:34:54.053+0000] {dagbag.py:588} INFO - Filling up the DagBag from /home/airflow/.local/lib/python3.12/site-packages/airflow/example_dags/example_dynamic_task_mapping.py
[2025-11-29T11:34:54.074+0000] {processor.py:925} INFO - DAG(s) 'example_dynamic_task_mapping' retrieved from /home/airflow/.local/lib/python3.12/site-packages/airflow/example_dags/example_dynamic_task_mapping.py
[2025-11-29T11:34:54.111+0000] {logging_mixin.py:190} INFO - [2025-11-29T11:34:54.111+0000] {dag.py:3239} INFO - Sync 1 DAGs
[2025-11-29T11:34:54.132+0000] {logging_mixin.py:190} INFO - [2025-11-29T11:34:54.131+0000] {dag.py:4180} INFO - Setting next_dagrun for example_dynamic_task_mapping to None, run_after=None
[2025-11-29T11:34:54.160+0000] {processor.py:208} INFO - Processing /home/airflow/.local/lib/python3.12/site-packages/airflow/example_dags/example_dynamic_task_mapping.py took 0.120 seconds
[2025-11-29T11:35:24.477+0000] {processor.py:186} INFO - Started process (PID=2336) to work on /home/airflow/.local/lib/python3.12/site-packages/airflow/example_dags/example_dynamic_task_mapping.py
[2025-11-29T11:35:24.478+0000] {processor.py:914} INFO - Processing file /home/airflow/.local/lib/python3.12/site-packages/airflow/example_dags/example_dynamic_task_mapping.py for tasks to queue
[2025-11-29T11:35:24.480+0000] {logging_mixin.py:190} INFO - [2025-11-29T11:35:24.480+0000] {dagbag.py:588} INFO - Filling up the DagBag from /home/airflow/.local/lib/python3.12/site-packages/airflow/example_dags/example_dynamic_task_mapping.py
[2025-11-29T11:35:24.496+0000] {processor.py:925} INFO - DAG(s) 'example_dynamic_task_mapping' retrieved from /home/airflow/.local/lib/python3.12/site-packages/airflow/example_dags/example_dynamic_task_mapping.py
[2025-11-29T11:35:24.525+0000] {logging_mixin.py:190} INFO - [2025-11-29T11:35:24.525+0000] {dag.py:3239} INFO - Sync 1 DAGs
[2025-11-29T11:35:24.543+0000] {logging_mixin.py:190} INFO - [2025-11-29T11:35:24.543+0000] {dag.py:4180} INFO - Setting next_dagrun for example_dynamic_task_mapping to None, run_after=None
[2025-11-29T11:35:24.573+0000] {processor.py:208} INFO - Processing /home/airflow/.local/lib/python3.12/site-packages/airflow/example_dags/example_dynamic_task_mapping.py took 0.105 seconds
[2025-11-29T11:35:55.247+0000] {processor.py:186} INFO - Started process (PID=2406) to work on /home/airflow/.local/lib/python3.12/site-packages/airflow/example_dags/example_dynamic_task_mapping.py
[2025-11-29T11:35:55.248+0000] {processor.py:914} INFO - Processing file /home/airflow/.local/lib/python3.12/site-packages/airflow/example_dags/example_dynamic_task_mapping.py for tasks to queue
[2025-11-29T11:35:55.250+0000] {logging_mixin.py:190} INFO - [2025-11-29T11:35:55.250+0000] {dagbag.py:588} INFO - Filling up the DagBag from /home/airflow/.local/lib/python3.12/site-packages/airflow/example_dags/example_dynamic_task_mapping.py
[2025-11-29T11:35:55.269+0000] {processor.py:925} INFO - DAG(s) 'example_dynamic_task_mapping' retrieved from /home/airflow/.local/lib/python3.12/site-packages/airflow/example_dags/example_dynamic_task_mapping.py
[2025-11-29T11:35:55.304+0000] {logging_mixin.py:190} INFO - [2025-11-29T11:35:55.303+0000] {dag.py:3239} INFO - Sync 1 DAGs
[2025-11-29T11:35:55.324+0000] {logging_mixin.py:190} INFO - [2025-11-29T11:35:55.324+0000] {dag.py:4180} INFO - Setting next_dagrun for example_dynamic_task_mapping to None, run_after=None
[2025-11-29T11:35:55.351+0000] {processor.py:208} INFO - Processing /home/airflow/.local/lib/python3.12/site-packages/airflow/example_dags/example_dynamic_task_mapping.py took 0.113 seconds
[2025-11-29T11:36:26.009+0000] {processor.py:186} INFO - Started process (PID=2474) to work on /home/airflow/.local/lib/python3.12/site-packages/airflow/example_dags/example_dynamic_task_mapping.py
[2025-11-29T11:36:26.011+0000] {processor.py:914} INFO - Processing file /home/airflow/.local/lib/python3.12/site-packages/airflow/example_dags/example_dynamic_task_mapping.py for tasks to queue
[2025-11-29T11:36:26.014+0000] {logging_mixin.py:190} INFO - [2025-11-29T11:36:26.013+0000] {dagbag.py:588} INFO - Filling up the DagBag from /home/airflow/.local/lib/python3.12/site-packages/airflow/example_dags/example_dynamic_task_mapping.py
[2025-11-29T11:36:26.032+0000] {processor.py:925} INFO - DAG(s) 'example_dynamic_task_mapping' retrieved from /home/airflow/.local/lib/python3.12/site-packages/airflow/example_dags/example_dynamic_task_mapping.py
[2025-11-29T11:36:26.062+0000] {logging_mixin.py:190} INFO - [2025-11-29T11:36:26.062+0000] {dag.py:3239} INFO - Sync 1 DAGs
[2025-11-29T11:36:26.080+0000] {logging_mixin.py:190} INFO - [2025-11-29T11:36:26.080+0000] {dag.py:4180} INFO - Setting next_dagrun for example_dynamic_task_mapping to None, run_after=None
[2025-11-29T11:36:26.103+0000] {processor.py:208} INFO - Processing /home/airflow/.local/lib/python3.12/site-packages/airflow/example_dags/example_dynamic_task_mapping.py took 0.104 seconds
[2025-11-29T11:36:56.742+0000] {processor.py:186} INFO - Started process (PID=2542) to work on /home/airflow/.local/lib/python3.12/site-packages/airflow/example_dags/example_dynamic_task_mapping.py
[2025-11-29T11:36:56.743+0000] {processor.py:914} INFO - Processing file /home/airflow/.local/lib/python3.12/site-packages/airflow/example_dags/example_dynamic_task_mapping.py for tasks to queue
[2025-11-29T11:36:56.745+0000] {logging_mixin.py:190} INFO - [2025-11-29T11:36:56.744+0000] {dagbag.py:588} INFO - Filling up the DagBag from /home/airflow/.local/lib/python3.12/site-packages/airflow/example_dags/example_dynamic_task_mapping.py
[2025-11-29T11:36:56.759+0000] {processor.py:925} INFO - DAG(s) 'example_dynamic_task_mapping' retrieved from /home/airflow/.local/lib/python3.12/site-packages/airflow/example_dags/example_dynamic_task_mapping.py
[2025-11-29T11:36:56.785+0000] {logging_mixin.py:190} INFO - [2025-11-29T11:36:56.785+0000] {dag.py:3239} INFO - Sync 1 DAGs
[2025-11-29T11:36:56.803+0000] {logging_mixin.py:190} INFO - [2025-11-29T11:36:56.802+0000] {dag.py:4180} INFO - Setting next_dagrun for example_dynamic_task_mapping to None, run_after=None
[2025-11-29T11:36:56.825+0000] {processor.py:208} INFO - Processing /home/airflow/.local/lib/python3.12/site-packages/airflow/example_dags/example_dynamic_task_mapping.py took 0.091 seconds
[2025-11-29T11:37:27.843+0000] {processor.py:186} INFO - Started process (PID=2610) to work on /home/airflow/.local/lib/python3.12/site-packages/airflow/example_dags/example_dynamic_task_mapping.py
[2025-11-29T11:37:27.844+0000] {processor.py:914} INFO - Processing file /home/airflow/.local/lib/python3.12/site-packages/airflow/example_dags/example_dynamic_task_mapping.py for tasks to queue
[2025-11-29T11:37:27.846+0000] {logging_mixin.py:190} INFO - [2025-11-29T11:37:27.846+0000] {dagbag.py:588} INFO - Filling up the DagBag from /home/airflow/.local/lib/python3.12/site-packages/airflow/example_dags/example_dynamic_task_mapping.py
[2025-11-29T11:37:27.860+0000] {processor.py:925} INFO - DAG(s) 'example_dynamic_task_mapping' retrieved from /home/airflow/.local/lib/python3.12/site-packages/airflow/example_dags/example_dynamic_task_mapping.py
[2025-11-29T11:37:27.887+0000] {logging_mixin.py:190} INFO - [2025-11-29T11:37:27.887+0000] {dag.py:3239} INFO - Sync 1 DAGs
[2025-11-29T11:37:27.904+0000] {logging_mixin.py:190} INFO - [2025-11-29T11:37:27.903+0000] {dag.py:4180} INFO - Setting next_dagrun for example_dynamic_task_mapping to None, run_after=None
[2025-11-29T11:37:27.931+0000] {processor.py:208} INFO - Processing /home/airflow/.local/lib/python3.12/site-packages/airflow/example_dags/example_dynamic_task_mapping.py took 0.096 seconds
