[2025-11-29T11:18:58.225+0000] {processor.py:186} INFO - Started process (PID=104) to work on /home/airflow/.local/lib/python3.12/site-packages/airflow/example_dags/example_kubernetes_executor.py
[2025-11-29T11:18:58.227+0000] {processor.py:914} INFO - Processing file /home/airflow/.local/lib/python3.12/site-packages/airflow/example_dags/example_kubernetes_executor.py for tasks to queue
[2025-11-29T11:18:58.231+0000] {logging_mixin.py:190} INFO - [2025-11-29T11:18:58.231+0000] {dagbag.py:588} INFO - Filling up the DagBag from /home/airflow/.local/lib/python3.12/site-packages/airflow/example_dags/example_kubernetes_executor.py
[2025-11-29T11:18:58.259+0000] {processor.py:925} INFO - DAG(s) 'example_kubernetes_executor' retrieved from /home/airflow/.local/lib/python3.12/site-packages/airflow/example_dags/example_kubernetes_executor.py
[2025-11-29T11:18:58.399+0000] {logging_mixin.py:190} INFO - [2025-11-29T11:18:58.398+0000] {override.py:1911} INFO - Created Permission View: can delete on DAG:example_kubernetes_executor
[2025-11-29T11:18:58.410+0000] {logging_mixin.py:190} INFO - [2025-11-29T11:18:58.410+0000] {override.py:1911} INFO - Created Permission View: can read on DAG:example_kubernetes_executor
[2025-11-29T11:18:58.419+0000] {logging_mixin.py:190} INFO - [2025-11-29T11:18:58.419+0000] {override.py:1911} INFO - Created Permission View: can edit on DAG:example_kubernetes_executor
[2025-11-29T11:18:58.429+0000] {logging_mixin.py:190} INFO - [2025-11-29T11:18:58.428+0000] {override.py:1911} INFO - Created Permission View: menu access on DAG Run:example_kubernetes_executor
[2025-11-29T11:18:58.437+0000] {logging_mixin.py:190} INFO - [2025-11-29T11:18:58.436+0000] {override.py:1911} INFO - Created Permission View: can delete on DAG Run:example_kubernetes_executor
[2025-11-29T11:18:58.445+0000] {logging_mixin.py:190} INFO - [2025-11-29T11:18:58.445+0000] {override.py:1911} INFO - Created Permission View: can read on DAG Run:example_kubernetes_executor
[2025-11-29T11:18:58.454+0000] {logging_mixin.py:190} INFO - [2025-11-29T11:18:58.454+0000] {override.py:1911} INFO - Created Permission View: can create on DAG Run:example_kubernetes_executor
[2025-11-29T11:18:58.455+0000] {logging_mixin.py:190} INFO - [2025-11-29T11:18:58.455+0000] {dag.py:3239} INFO - Sync 1 DAGs
[2025-11-29T11:18:58.468+0000] {logging_mixin.py:190} INFO - [2025-11-29T11:18:58.468+0000] {dag.py:3262} INFO - Creating ORM DAG for example_kubernetes_executor
[2025-11-29T11:18:58.469+0000] {logging_mixin.py:190} INFO - [2025-11-29T11:18:58.469+0000] {dag.py:4180} INFO - Setting next_dagrun for example_kubernetes_executor to None, run_after=None
[2025-11-29T11:18:58.491+0000] {processor.py:208} INFO - Processing /home/airflow/.local/lib/python3.12/site-packages/airflow/example_dags/example_kubernetes_executor.py took 0.274 seconds
[2025-11-29T11:19:28.936+0000] {processor.py:186} INFO - Started process (PID=172) to work on /home/airflow/.local/lib/python3.12/site-packages/airflow/example_dags/example_kubernetes_executor.py
[2025-11-29T11:19:28.937+0000] {processor.py:914} INFO - Processing file /home/airflow/.local/lib/python3.12/site-packages/airflow/example_dags/example_kubernetes_executor.py for tasks to queue
[2025-11-29T11:19:28.941+0000] {logging_mixin.py:190} INFO - [2025-11-29T11:19:28.940+0000] {dagbag.py:588} INFO - Filling up the DagBag from /home/airflow/.local/lib/python3.12/site-packages/airflow/example_dags/example_kubernetes_executor.py
[2025-11-29T11:19:28.967+0000] {processor.py:925} INFO - DAG(s) 'example_kubernetes_executor' retrieved from /home/airflow/.local/lib/python3.12/site-packages/airflow/example_dags/example_kubernetes_executor.py
[2025-11-29T11:19:29.011+0000] {logging_mixin.py:190} INFO - [2025-11-29T11:19:29.010+0000] {dag.py:3239} INFO - Sync 1 DAGs
[2025-11-29T11:19:29.032+0000] {logging_mixin.py:190} INFO - [2025-11-29T11:19:29.032+0000] {dag.py:4180} INFO - Setting next_dagrun for example_kubernetes_executor to None, run_after=None
[2025-11-29T11:19:29.064+0000] {processor.py:208} INFO - Processing /home/airflow/.local/lib/python3.12/site-packages/airflow/example_dags/example_kubernetes_executor.py took 0.135 seconds
[2025-11-29T11:20:00.218+0000] {processor.py:186} INFO - Started process (PID=240) to work on /home/airflow/.local/lib/python3.12/site-packages/airflow/example_dags/example_kubernetes_executor.py
[2025-11-29T11:20:00.221+0000] {processor.py:914} INFO - Processing file /home/airflow/.local/lib/python3.12/site-packages/airflow/example_dags/example_kubernetes_executor.py for tasks to queue
[2025-11-29T11:20:00.227+0000] {logging_mixin.py:190} INFO - [2025-11-29T11:20:00.226+0000] {dagbag.py:588} INFO - Filling up the DagBag from /home/airflow/.local/lib/python3.12/site-packages/airflow/example_dags/example_kubernetes_executor.py
[2025-11-29T11:20:00.271+0000] {processor.py:925} INFO - DAG(s) 'example_kubernetes_executor' retrieved from /home/airflow/.local/lib/python3.12/site-packages/airflow/example_dags/example_kubernetes_executor.py
[2025-11-29T11:20:00.314+0000] {logging_mixin.py:190} INFO - [2025-11-29T11:20:00.313+0000] {dag.py:3239} INFO - Sync 1 DAGs
[2025-11-29T11:20:00.333+0000] {logging_mixin.py:190} INFO - [2025-11-29T11:20:00.332+0000] {dag.py:4180} INFO - Setting next_dagrun for example_kubernetes_executor to None, run_after=None
[2025-11-29T11:20:00.358+0000] {processor.py:208} INFO - Processing /home/airflow/.local/lib/python3.12/site-packages/airflow/example_dags/example_kubernetes_executor.py took 0.150 seconds
[2025-11-29T11:20:31.097+0000] {processor.py:186} INFO - Started process (PID=309) to work on /home/airflow/.local/lib/python3.12/site-packages/airflow/example_dags/example_kubernetes_executor.py
[2025-11-29T11:20:31.098+0000] {processor.py:914} INFO - Processing file /home/airflow/.local/lib/python3.12/site-packages/airflow/example_dags/example_kubernetes_executor.py for tasks to queue
[2025-11-29T11:20:31.102+0000] {logging_mixin.py:190} INFO - [2025-11-29T11:20:31.101+0000] {dagbag.py:588} INFO - Filling up the DagBag from /home/airflow/.local/lib/python3.12/site-packages/airflow/example_dags/example_kubernetes_executor.py
[2025-11-29T11:20:31.124+0000] {processor.py:925} INFO - DAG(s) 'example_kubernetes_executor' retrieved from /home/airflow/.local/lib/python3.12/site-packages/airflow/example_dags/example_kubernetes_executor.py
[2025-11-29T11:20:31.156+0000] {logging_mixin.py:190} INFO - [2025-11-29T11:20:31.155+0000] {dag.py:3239} INFO - Sync 1 DAGs
[2025-11-29T11:20:31.172+0000] {logging_mixin.py:190} INFO - [2025-11-29T11:20:31.172+0000] {dag.py:4180} INFO - Setting next_dagrun for example_kubernetes_executor to None, run_after=None
[2025-11-29T11:20:31.194+0000] {processor.py:208} INFO - Processing /home/airflow/.local/lib/python3.12/site-packages/airflow/example_dags/example_kubernetes_executor.py took 0.106 seconds
[2025-11-29T11:21:01.530+0000] {processor.py:186} INFO - Started process (PID=378) to work on /home/airflow/.local/lib/python3.12/site-packages/airflow/example_dags/example_kubernetes_executor.py
[2025-11-29T11:21:01.532+0000] {processor.py:914} INFO - Processing file /home/airflow/.local/lib/python3.12/site-packages/airflow/example_dags/example_kubernetes_executor.py for tasks to queue
[2025-11-29T11:21:01.538+0000] {logging_mixin.py:190} INFO - [2025-11-29T11:21:01.537+0000] {dagbag.py:588} INFO - Filling up the DagBag from /home/airflow/.local/lib/python3.12/site-packages/airflow/example_dags/example_kubernetes_executor.py
[2025-11-29T11:21:01.572+0000] {processor.py:925} INFO - DAG(s) 'example_kubernetes_executor' retrieved from /home/airflow/.local/lib/python3.12/site-packages/airflow/example_dags/example_kubernetes_executor.py
[2025-11-29T11:21:01.627+0000] {logging_mixin.py:190} INFO - [2025-11-29T11:21:01.626+0000] {dag.py:3239} INFO - Sync 1 DAGs
[2025-11-29T11:21:01.652+0000] {logging_mixin.py:190} INFO - [2025-11-29T11:21:01.652+0000] {dag.py:4180} INFO - Setting next_dagrun for example_kubernetes_executor to None, run_after=None
[2025-11-29T11:21:01.682+0000] {processor.py:208} INFO - Processing /home/airflow/.local/lib/python3.12/site-packages/airflow/example_dags/example_kubernetes_executor.py took 0.165 seconds
[2025-11-29T11:21:31.885+0000] {processor.py:186} INFO - Started process (PID=446) to work on /home/airflow/.local/lib/python3.12/site-packages/airflow/example_dags/example_kubernetes_executor.py
[2025-11-29T11:21:31.887+0000] {processor.py:914} INFO - Processing file /home/airflow/.local/lib/python3.12/site-packages/airflow/example_dags/example_kubernetes_executor.py for tasks to queue
[2025-11-29T11:21:31.891+0000] {logging_mixin.py:190} INFO - [2025-11-29T11:21:31.890+0000] {dagbag.py:588} INFO - Filling up the DagBag from /home/airflow/.local/lib/python3.12/site-packages/airflow/example_dags/example_kubernetes_executor.py
[2025-11-29T11:21:31.909+0000] {processor.py:925} INFO - DAG(s) 'example_kubernetes_executor' retrieved from /home/airflow/.local/lib/python3.12/site-packages/airflow/example_dags/example_kubernetes_executor.py
[2025-11-29T11:21:31.940+0000] {logging_mixin.py:190} INFO - [2025-11-29T11:21:31.940+0000] {dag.py:3239} INFO - Sync 1 DAGs
[2025-11-29T11:21:31.957+0000] {logging_mixin.py:190} INFO - [2025-11-29T11:21:31.957+0000] {dag.py:4180} INFO - Setting next_dagrun for example_kubernetes_executor to None, run_after=None
[2025-11-29T11:21:31.980+0000] {processor.py:208} INFO - Processing /home/airflow/.local/lib/python3.12/site-packages/airflow/example_dags/example_kubernetes_executor.py took 0.101 seconds
[2025-11-29T11:22:02.144+0000] {processor.py:186} INFO - Started process (PID=515) to work on /home/airflow/.local/lib/python3.12/site-packages/airflow/example_dags/example_kubernetes_executor.py
[2025-11-29T11:22:02.145+0000] {processor.py:914} INFO - Processing file /home/airflow/.local/lib/python3.12/site-packages/airflow/example_dags/example_kubernetes_executor.py for tasks to queue
[2025-11-29T11:22:02.149+0000] {logging_mixin.py:190} INFO - [2025-11-29T11:22:02.148+0000] {dagbag.py:588} INFO - Filling up the DagBag from /home/airflow/.local/lib/python3.12/site-packages/airflow/example_dags/example_kubernetes_executor.py
[2025-11-29T11:22:02.169+0000] {processor.py:925} INFO - DAG(s) 'example_kubernetes_executor' retrieved from /home/airflow/.local/lib/python3.12/site-packages/airflow/example_dags/example_kubernetes_executor.py
[2025-11-29T11:22:02.200+0000] {logging_mixin.py:190} INFO - [2025-11-29T11:22:02.200+0000] {dag.py:3239} INFO - Sync 1 DAGs
[2025-11-29T11:22:02.218+0000] {logging_mixin.py:190} INFO - [2025-11-29T11:22:02.217+0000] {dag.py:4180} INFO - Setting next_dagrun for example_kubernetes_executor to None, run_after=None
[2025-11-29T11:22:02.241+0000] {processor.py:208} INFO - Processing /home/airflow/.local/lib/python3.12/site-packages/airflow/example_dags/example_kubernetes_executor.py took 0.105 seconds
[2025-11-29T11:22:32.492+0000] {processor.py:186} INFO - Started process (PID=584) to work on /home/airflow/.local/lib/python3.12/site-packages/airflow/example_dags/example_kubernetes_executor.py
[2025-11-29T11:22:32.494+0000] {processor.py:914} INFO - Processing file /home/airflow/.local/lib/python3.12/site-packages/airflow/example_dags/example_kubernetes_executor.py for tasks to queue
[2025-11-29T11:22:32.497+0000] {logging_mixin.py:190} INFO - [2025-11-29T11:22:32.497+0000] {dagbag.py:588} INFO - Filling up the DagBag from /home/airflow/.local/lib/python3.12/site-packages/airflow/example_dags/example_kubernetes_executor.py
[2025-11-29T11:22:32.518+0000] {processor.py:925} INFO - DAG(s) 'example_kubernetes_executor' retrieved from /home/airflow/.local/lib/python3.12/site-packages/airflow/example_dags/example_kubernetes_executor.py
[2025-11-29T11:22:32.548+0000] {logging_mixin.py:190} INFO - [2025-11-29T11:22:32.548+0000] {dag.py:3239} INFO - Sync 1 DAGs
[2025-11-29T11:22:32.565+0000] {logging_mixin.py:190} INFO - [2025-11-29T11:22:32.564+0000] {dag.py:4180} INFO - Setting next_dagrun for example_kubernetes_executor to None, run_after=None
[2025-11-29T11:22:32.589+0000] {processor.py:208} INFO - Processing /home/airflow/.local/lib/python3.12/site-packages/airflow/example_dags/example_kubernetes_executor.py took 0.107 seconds
[2025-11-29T11:23:03.135+0000] {processor.py:186} INFO - Started process (PID=652) to work on /home/airflow/.local/lib/python3.12/site-packages/airflow/example_dags/example_kubernetes_executor.py
[2025-11-29T11:23:03.137+0000] {processor.py:914} INFO - Processing file /home/airflow/.local/lib/python3.12/site-packages/airflow/example_dags/example_kubernetes_executor.py for tasks to queue
[2025-11-29T11:23:03.141+0000] {logging_mixin.py:190} INFO - [2025-11-29T11:23:03.140+0000] {dagbag.py:588} INFO - Filling up the DagBag from /home/airflow/.local/lib/python3.12/site-packages/airflow/example_dags/example_kubernetes_executor.py
[2025-11-29T11:23:03.163+0000] {processor.py:925} INFO - DAG(s) 'example_kubernetes_executor' retrieved from /home/airflow/.local/lib/python3.12/site-packages/airflow/example_dags/example_kubernetes_executor.py
[2025-11-29T11:23:03.194+0000] {logging_mixin.py:190} INFO - [2025-11-29T11:23:03.194+0000] {dag.py:3239} INFO - Sync 1 DAGs
[2025-11-29T11:23:03.210+0000] {logging_mixin.py:190} INFO - [2025-11-29T11:23:03.210+0000] {dag.py:4180} INFO - Setting next_dagrun for example_kubernetes_executor to None, run_after=None
[2025-11-29T11:23:03.232+0000] {processor.py:208} INFO - Processing /home/airflow/.local/lib/python3.12/site-packages/airflow/example_dags/example_kubernetes_executor.py took 0.106 seconds
[2025-11-29T11:23:33.908+0000] {processor.py:186} INFO - Started process (PID=720) to work on /home/airflow/.local/lib/python3.12/site-packages/airflow/example_dags/example_kubernetes_executor.py
[2025-11-29T11:23:33.910+0000] {processor.py:914} INFO - Processing file /home/airflow/.local/lib/python3.12/site-packages/airflow/example_dags/example_kubernetes_executor.py for tasks to queue
[2025-11-29T11:23:33.914+0000] {logging_mixin.py:190} INFO - [2025-11-29T11:23:33.913+0000] {dagbag.py:588} INFO - Filling up the DagBag from /home/airflow/.local/lib/python3.12/site-packages/airflow/example_dags/example_kubernetes_executor.py
[2025-11-29T11:23:33.933+0000] {processor.py:925} INFO - DAG(s) 'example_kubernetes_executor' retrieved from /home/airflow/.local/lib/python3.12/site-packages/airflow/example_dags/example_kubernetes_executor.py
[2025-11-29T11:23:33.966+0000] {logging_mixin.py:190} INFO - [2025-11-29T11:23:33.965+0000] {dag.py:3239} INFO - Sync 1 DAGs
[2025-11-29T11:23:33.982+0000] {logging_mixin.py:190} INFO - [2025-11-29T11:23:33.982+0000] {dag.py:4180} INFO - Setting next_dagrun for example_kubernetes_executor to None, run_after=None
[2025-11-29T11:23:34.004+0000] {processor.py:208} INFO - Processing /home/airflow/.local/lib/python3.12/site-packages/airflow/example_dags/example_kubernetes_executor.py took 0.103 seconds
[2025-11-29T11:24:04.638+0000] {processor.py:186} INFO - Started process (PID=789) to work on /home/airflow/.local/lib/python3.12/site-packages/airflow/example_dags/example_kubernetes_executor.py
[2025-11-29T11:24:04.640+0000] {processor.py:914} INFO - Processing file /home/airflow/.local/lib/python3.12/site-packages/airflow/example_dags/example_kubernetes_executor.py for tasks to queue
[2025-11-29T11:24:04.642+0000] {logging_mixin.py:190} INFO - [2025-11-29T11:24:04.641+0000] {dagbag.py:588} INFO - Filling up the DagBag from /home/airflow/.local/lib/python3.12/site-packages/airflow/example_dags/example_kubernetes_executor.py
[2025-11-29T11:24:04.664+0000] {processor.py:925} INFO - DAG(s) 'example_kubernetes_executor' retrieved from /home/airflow/.local/lib/python3.12/site-packages/airflow/example_dags/example_kubernetes_executor.py
[2025-11-29T11:24:04.698+0000] {logging_mixin.py:190} INFO - [2025-11-29T11:24:04.697+0000] {dag.py:3239} INFO - Sync 1 DAGs
[2025-11-29T11:24:04.717+0000] {logging_mixin.py:190} INFO - [2025-11-29T11:24:04.716+0000] {dag.py:4180} INFO - Setting next_dagrun for example_kubernetes_executor to None, run_after=None
[2025-11-29T11:24:04.745+0000] {processor.py:208} INFO - Processing /home/airflow/.local/lib/python3.12/site-packages/airflow/example_dags/example_kubernetes_executor.py took 0.115 seconds
[2025-11-29T11:24:35.194+0000] {processor.py:186} INFO - Started process (PID=857) to work on /home/airflow/.local/lib/python3.12/site-packages/airflow/example_dags/example_kubernetes_executor.py
[2025-11-29T11:24:35.195+0000] {processor.py:914} INFO - Processing file /home/airflow/.local/lib/python3.12/site-packages/airflow/example_dags/example_kubernetes_executor.py for tasks to queue
[2025-11-29T11:24:35.197+0000] {logging_mixin.py:190} INFO - [2025-11-29T11:24:35.197+0000] {dagbag.py:588} INFO - Filling up the DagBag from /home/airflow/.local/lib/python3.12/site-packages/airflow/example_dags/example_kubernetes_executor.py
[2025-11-29T11:24:35.216+0000] {processor.py:925} INFO - DAG(s) 'example_kubernetes_executor' retrieved from /home/airflow/.local/lib/python3.12/site-packages/airflow/example_dags/example_kubernetes_executor.py
[2025-11-29T11:24:35.245+0000] {logging_mixin.py:190} INFO - [2025-11-29T11:24:35.245+0000] {dag.py:3239} INFO - Sync 1 DAGs
[2025-11-29T11:24:35.266+0000] {logging_mixin.py:190} INFO - [2025-11-29T11:24:35.265+0000] {dag.py:4180} INFO - Setting next_dagrun for example_kubernetes_executor to None, run_after=None
[2025-11-29T11:24:35.288+0000] {processor.py:208} INFO - Processing /home/airflow/.local/lib/python3.12/site-packages/airflow/example_dags/example_kubernetes_executor.py took 0.102 seconds
[2025-11-29T11:25:05.491+0000] {processor.py:186} INFO - Started process (PID=925) to work on /home/airflow/.local/lib/python3.12/site-packages/airflow/example_dags/example_kubernetes_executor.py
[2025-11-29T11:25:05.492+0000] {processor.py:914} INFO - Processing file /home/airflow/.local/lib/python3.12/site-packages/airflow/example_dags/example_kubernetes_executor.py for tasks to queue
[2025-11-29T11:25:05.494+0000] {logging_mixin.py:190} INFO - [2025-11-29T11:25:05.494+0000] {dagbag.py:588} INFO - Filling up the DagBag from /home/airflow/.local/lib/python3.12/site-packages/airflow/example_dags/example_kubernetes_executor.py
[2025-11-29T11:25:05.513+0000] {processor.py:925} INFO - DAG(s) 'example_kubernetes_executor' retrieved from /home/airflow/.local/lib/python3.12/site-packages/airflow/example_dags/example_kubernetes_executor.py
[2025-11-29T11:25:05.545+0000] {logging_mixin.py:190} INFO - [2025-11-29T11:25:05.545+0000] {dag.py:3239} INFO - Sync 1 DAGs
[2025-11-29T11:25:05.563+0000] {logging_mixin.py:190} INFO - [2025-11-29T11:25:05.563+0000] {dag.py:4180} INFO - Setting next_dagrun for example_kubernetes_executor to None, run_after=None
[2025-11-29T11:25:05.587+0000] {processor.py:208} INFO - Processing /home/airflow/.local/lib/python3.12/site-packages/airflow/example_dags/example_kubernetes_executor.py took 0.103 seconds
[2025-11-29T11:25:36.000+0000] {processor.py:186} INFO - Started process (PID=993) to work on /home/airflow/.local/lib/python3.12/site-packages/airflow/example_dags/example_kubernetes_executor.py
[2025-11-29T11:25:36.002+0000] {processor.py:914} INFO - Processing file /home/airflow/.local/lib/python3.12/site-packages/airflow/example_dags/example_kubernetes_executor.py for tasks to queue
[2025-11-29T11:25:36.004+0000] {logging_mixin.py:190} INFO - [2025-11-29T11:25:36.003+0000] {dagbag.py:588} INFO - Filling up the DagBag from /home/airflow/.local/lib/python3.12/site-packages/airflow/example_dags/example_kubernetes_executor.py
[2025-11-29T11:25:36.022+0000] {processor.py:925} INFO - DAG(s) 'example_kubernetes_executor' retrieved from /home/airflow/.local/lib/python3.12/site-packages/airflow/example_dags/example_kubernetes_executor.py
[2025-11-29T11:25:36.052+0000] {logging_mixin.py:190} INFO - [2025-11-29T11:25:36.051+0000] {dag.py:3239} INFO - Sync 1 DAGs
[2025-11-29T11:25:36.068+0000] {logging_mixin.py:190} INFO - [2025-11-29T11:25:36.067+0000] {dag.py:4180} INFO - Setting next_dagrun for example_kubernetes_executor to None, run_after=None
[2025-11-29T11:25:36.089+0000] {processor.py:208} INFO - Processing /home/airflow/.local/lib/python3.12/site-packages/airflow/example_dags/example_kubernetes_executor.py took 0.096 seconds
[2025-11-29T11:26:06.496+0000] {processor.py:186} INFO - Started process (PID=1062) to work on /home/airflow/.local/lib/python3.12/site-packages/airflow/example_dags/example_kubernetes_executor.py
[2025-11-29T11:26:06.498+0000] {processor.py:914} INFO - Processing file /home/airflow/.local/lib/python3.12/site-packages/airflow/example_dags/example_kubernetes_executor.py for tasks to queue
[2025-11-29T11:26:06.500+0000] {logging_mixin.py:190} INFO - [2025-11-29T11:26:06.499+0000] {dagbag.py:588} INFO - Filling up the DagBag from /home/airflow/.local/lib/python3.12/site-packages/airflow/example_dags/example_kubernetes_executor.py
[2025-11-29T11:26:06.520+0000] {processor.py:925} INFO - DAG(s) 'example_kubernetes_executor' retrieved from /home/airflow/.local/lib/python3.12/site-packages/airflow/example_dags/example_kubernetes_executor.py
[2025-11-29T11:26:06.561+0000] {logging_mixin.py:190} INFO - [2025-11-29T11:26:06.561+0000] {dag.py:3239} INFO - Sync 1 DAGs
[2025-11-29T11:26:06.580+0000] {logging_mixin.py:190} INFO - [2025-11-29T11:26:06.580+0000] {dag.py:4180} INFO - Setting next_dagrun for example_kubernetes_executor to None, run_after=None
[2025-11-29T11:26:06.605+0000] {processor.py:208} INFO - Processing /home/airflow/.local/lib/python3.12/site-packages/airflow/example_dags/example_kubernetes_executor.py took 0.117 seconds
[2025-11-29T11:26:36.811+0000] {processor.py:186} INFO - Started process (PID=1130) to work on /home/airflow/.local/lib/python3.12/site-packages/airflow/example_dags/example_kubernetes_executor.py
[2025-11-29T11:26:36.813+0000] {processor.py:914} INFO - Processing file /home/airflow/.local/lib/python3.12/site-packages/airflow/example_dags/example_kubernetes_executor.py for tasks to queue
[2025-11-29T11:26:36.815+0000] {logging_mixin.py:190} INFO - [2025-11-29T11:26:36.815+0000] {dagbag.py:588} INFO - Filling up the DagBag from /home/airflow/.local/lib/python3.12/site-packages/airflow/example_dags/example_kubernetes_executor.py
[2025-11-29T11:26:36.845+0000] {processor.py:925} INFO - DAG(s) 'example_kubernetes_executor' retrieved from /home/airflow/.local/lib/python3.12/site-packages/airflow/example_dags/example_kubernetes_executor.py
[2025-11-29T11:26:36.882+0000] {logging_mixin.py:190} INFO - [2025-11-29T11:26:36.882+0000] {dag.py:3239} INFO - Sync 1 DAGs
[2025-11-29T11:26:36.909+0000] {logging_mixin.py:190} INFO - [2025-11-29T11:26:36.909+0000] {dag.py:4180} INFO - Setting next_dagrun for example_kubernetes_executor to None, run_after=None
[2025-11-29T11:26:36.935+0000] {processor.py:208} INFO - Processing /home/airflow/.local/lib/python3.12/site-packages/airflow/example_dags/example_kubernetes_executor.py took 0.134 seconds
[2025-11-29T11:27:07.226+0000] {processor.py:186} INFO - Started process (PID=1198) to work on /home/airflow/.local/lib/python3.12/site-packages/airflow/example_dags/example_kubernetes_executor.py
[2025-11-29T11:27:07.228+0000] {processor.py:914} INFO - Processing file /home/airflow/.local/lib/python3.12/site-packages/airflow/example_dags/example_kubernetes_executor.py for tasks to queue
[2025-11-29T11:27:07.230+0000] {logging_mixin.py:190} INFO - [2025-11-29T11:27:07.230+0000] {dagbag.py:588} INFO - Filling up the DagBag from /home/airflow/.local/lib/python3.12/site-packages/airflow/example_dags/example_kubernetes_executor.py
[2025-11-29T11:27:07.254+0000] {processor.py:925} INFO - DAG(s) 'example_kubernetes_executor' retrieved from /home/airflow/.local/lib/python3.12/site-packages/airflow/example_dags/example_kubernetes_executor.py
[2025-11-29T11:27:07.292+0000] {logging_mixin.py:190} INFO - [2025-11-29T11:27:07.292+0000] {dag.py:3239} INFO - Sync 1 DAGs
[2025-11-29T11:27:07.318+0000] {logging_mixin.py:190} INFO - [2025-11-29T11:27:07.318+0000] {dag.py:4180} INFO - Setting next_dagrun for example_kubernetes_executor to None, run_after=None
[2025-11-29T11:27:07.345+0000] {processor.py:208} INFO - Processing /home/airflow/.local/lib/python3.12/site-packages/airflow/example_dags/example_kubernetes_executor.py took 0.127 seconds
[2025-11-29T11:27:37.618+0000] {processor.py:186} INFO - Started process (PID=1266) to work on /home/airflow/.local/lib/python3.12/site-packages/airflow/example_dags/example_kubernetes_executor.py
[2025-11-29T11:27:37.620+0000] {processor.py:914} INFO - Processing file /home/airflow/.local/lib/python3.12/site-packages/airflow/example_dags/example_kubernetes_executor.py for tasks to queue
[2025-11-29T11:27:37.622+0000] {logging_mixin.py:190} INFO - [2025-11-29T11:27:37.621+0000] {dagbag.py:588} INFO - Filling up the DagBag from /home/airflow/.local/lib/python3.12/site-packages/airflow/example_dags/example_kubernetes_executor.py
[2025-11-29T11:27:37.642+0000] {processor.py:925} INFO - DAG(s) 'example_kubernetes_executor' retrieved from /home/airflow/.local/lib/python3.12/site-packages/airflow/example_dags/example_kubernetes_executor.py
[2025-11-29T11:27:37.671+0000] {logging_mixin.py:190} INFO - [2025-11-29T11:27:37.671+0000] {dag.py:3239} INFO - Sync 1 DAGs
[2025-11-29T11:27:37.690+0000] {logging_mixin.py:190} INFO - [2025-11-29T11:27:37.690+0000] {dag.py:4180} INFO - Setting next_dagrun for example_kubernetes_executor to None, run_after=None
[2025-11-29T11:27:37.713+0000] {processor.py:208} INFO - Processing /home/airflow/.local/lib/python3.12/site-packages/airflow/example_dags/example_kubernetes_executor.py took 0.102 seconds
[2025-11-29T11:28:07.960+0000] {processor.py:186} INFO - Started process (PID=1335) to work on /home/airflow/.local/lib/python3.12/site-packages/airflow/example_dags/example_kubernetes_executor.py
[2025-11-29T11:28:07.962+0000] {processor.py:914} INFO - Processing file /home/airflow/.local/lib/python3.12/site-packages/airflow/example_dags/example_kubernetes_executor.py for tasks to queue
[2025-11-29T11:28:07.964+0000] {logging_mixin.py:190} INFO - [2025-11-29T11:28:07.964+0000] {dagbag.py:588} INFO - Filling up the DagBag from /home/airflow/.local/lib/python3.12/site-packages/airflow/example_dags/example_kubernetes_executor.py
[2025-11-29T11:28:07.985+0000] {processor.py:925} INFO - DAG(s) 'example_kubernetes_executor' retrieved from /home/airflow/.local/lib/python3.12/site-packages/airflow/example_dags/example_kubernetes_executor.py
[2025-11-29T11:28:08.024+0000] {logging_mixin.py:190} INFO - [2025-11-29T11:28:08.024+0000] {dag.py:3239} INFO - Sync 1 DAGs
[2025-11-29T11:28:08.052+0000] {logging_mixin.py:190} INFO - [2025-11-29T11:28:08.051+0000] {dag.py:4180} INFO - Setting next_dagrun for example_kubernetes_executor to None, run_after=None
[2025-11-29T11:28:08.082+0000] {processor.py:208} INFO - Processing /home/airflow/.local/lib/python3.12/site-packages/airflow/example_dags/example_kubernetes_executor.py took 0.131 seconds
[2025-11-29T11:28:38.444+0000] {processor.py:186} INFO - Started process (PID=1403) to work on /home/airflow/.local/lib/python3.12/site-packages/airflow/example_dags/example_kubernetes_executor.py
[2025-11-29T11:28:38.445+0000] {processor.py:914} INFO - Processing file /home/airflow/.local/lib/python3.12/site-packages/airflow/example_dags/example_kubernetes_executor.py for tasks to queue
[2025-11-29T11:28:38.447+0000] {logging_mixin.py:190} INFO - [2025-11-29T11:28:38.447+0000] {dagbag.py:588} INFO - Filling up the DagBag from /home/airflow/.local/lib/python3.12/site-packages/airflow/example_dags/example_kubernetes_executor.py
[2025-11-29T11:28:38.468+0000] {processor.py:925} INFO - DAG(s) 'example_kubernetes_executor' retrieved from /home/airflow/.local/lib/python3.12/site-packages/airflow/example_dags/example_kubernetes_executor.py
[2025-11-29T11:28:38.502+0000] {logging_mixin.py:190} INFO - [2025-11-29T11:28:38.502+0000] {dag.py:3239} INFO - Sync 1 DAGs
[2025-11-29T11:28:38.525+0000] {logging_mixin.py:190} INFO - [2025-11-29T11:28:38.525+0000] {dag.py:4180} INFO - Setting next_dagrun for example_kubernetes_executor to None, run_after=None
[2025-11-29T11:28:38.555+0000] {processor.py:208} INFO - Processing /home/airflow/.local/lib/python3.12/site-packages/airflow/example_dags/example_kubernetes_executor.py took 0.119 seconds
[2025-11-29T11:29:09.321+0000] {processor.py:186} INFO - Started process (PID=1471) to work on /home/airflow/.local/lib/python3.12/site-packages/airflow/example_dags/example_kubernetes_executor.py
[2025-11-29T11:29:09.323+0000] {processor.py:914} INFO - Processing file /home/airflow/.local/lib/python3.12/site-packages/airflow/example_dags/example_kubernetes_executor.py for tasks to queue
[2025-11-29T11:29:09.324+0000] {logging_mixin.py:190} INFO - [2025-11-29T11:29:09.324+0000] {dagbag.py:588} INFO - Filling up the DagBag from /home/airflow/.local/lib/python3.12/site-packages/airflow/example_dags/example_kubernetes_executor.py
[2025-11-29T11:29:09.343+0000] {processor.py:925} INFO - DAG(s) 'example_kubernetes_executor' retrieved from /home/airflow/.local/lib/python3.12/site-packages/airflow/example_dags/example_kubernetes_executor.py
[2025-11-29T11:29:09.374+0000] {logging_mixin.py:190} INFO - [2025-11-29T11:29:09.374+0000] {dag.py:3239} INFO - Sync 1 DAGs
[2025-11-29T11:29:09.394+0000] {logging_mixin.py:190} INFO - [2025-11-29T11:29:09.394+0000] {dag.py:4180} INFO - Setting next_dagrun for example_kubernetes_executor to None, run_after=None
[2025-11-29T11:29:09.419+0000] {processor.py:208} INFO - Processing /home/airflow/.local/lib/python3.12/site-packages/airflow/example_dags/example_kubernetes_executor.py took 0.106 seconds
[2025-11-29T11:29:39.569+0000] {processor.py:186} INFO - Started process (PID=1541) to work on /home/airflow/.local/lib/python3.12/site-packages/airflow/example_dags/example_kubernetes_executor.py
[2025-11-29T11:29:39.571+0000] {processor.py:914} INFO - Processing file /home/airflow/.local/lib/python3.12/site-packages/airflow/example_dags/example_kubernetes_executor.py for tasks to queue
[2025-11-29T11:29:39.572+0000] {logging_mixin.py:190} INFO - [2025-11-29T11:29:39.572+0000] {dagbag.py:588} INFO - Filling up the DagBag from /home/airflow/.local/lib/python3.12/site-packages/airflow/example_dags/example_kubernetes_executor.py
[2025-11-29T11:29:39.591+0000] {processor.py:925} INFO - DAG(s) 'example_kubernetes_executor' retrieved from /home/airflow/.local/lib/python3.12/site-packages/airflow/example_dags/example_kubernetes_executor.py
[2025-11-29T11:29:39.621+0000] {logging_mixin.py:190} INFO - [2025-11-29T11:29:39.621+0000] {dag.py:3239} INFO - Sync 1 DAGs
[2025-11-29T11:29:39.641+0000] {logging_mixin.py:190} INFO - [2025-11-29T11:29:39.641+0000] {dag.py:4180} INFO - Setting next_dagrun for example_kubernetes_executor to None, run_after=None
[2025-11-29T11:29:39.666+0000] {processor.py:208} INFO - Processing /home/airflow/.local/lib/python3.12/site-packages/airflow/example_dags/example_kubernetes_executor.py took 0.104 seconds
[2025-11-29T11:30:10.211+0000] {processor.py:186} INFO - Started process (PID=1609) to work on /home/airflow/.local/lib/python3.12/site-packages/airflow/example_dags/example_kubernetes_executor.py
[2025-11-29T11:30:10.212+0000] {processor.py:914} INFO - Processing file /home/airflow/.local/lib/python3.12/site-packages/airflow/example_dags/example_kubernetes_executor.py for tasks to queue
[2025-11-29T11:30:10.214+0000] {logging_mixin.py:190} INFO - [2025-11-29T11:30:10.214+0000] {dagbag.py:588} INFO - Filling up the DagBag from /home/airflow/.local/lib/python3.12/site-packages/airflow/example_dags/example_kubernetes_executor.py
[2025-11-29T11:30:10.232+0000] {processor.py:925} INFO - DAG(s) 'example_kubernetes_executor' retrieved from /home/airflow/.local/lib/python3.12/site-packages/airflow/example_dags/example_kubernetes_executor.py
[2025-11-29T11:30:10.268+0000] {logging_mixin.py:190} INFO - [2025-11-29T11:30:10.268+0000] {dag.py:3239} INFO - Sync 1 DAGs
[2025-11-29T11:30:10.293+0000] {logging_mixin.py:190} INFO - [2025-11-29T11:30:10.293+0000] {dag.py:4180} INFO - Setting next_dagrun for example_kubernetes_executor to None, run_after=None
[2025-11-29T11:30:10.317+0000] {processor.py:208} INFO - Processing /home/airflow/.local/lib/python3.12/site-packages/airflow/example_dags/example_kubernetes_executor.py took 0.113 seconds
[2025-11-29T11:30:40.639+0000] {processor.py:186} INFO - Started process (PID=1678) to work on /home/airflow/.local/lib/python3.12/site-packages/airflow/example_dags/example_kubernetes_executor.py
[2025-11-29T11:30:40.641+0000] {processor.py:914} INFO - Processing file /home/airflow/.local/lib/python3.12/site-packages/airflow/example_dags/example_kubernetes_executor.py for tasks to queue
[2025-11-29T11:30:40.644+0000] {logging_mixin.py:190} INFO - [2025-11-29T11:30:40.643+0000] {dagbag.py:588} INFO - Filling up the DagBag from /home/airflow/.local/lib/python3.12/site-packages/airflow/example_dags/example_kubernetes_executor.py
[2025-11-29T11:30:40.666+0000] {processor.py:925} INFO - DAG(s) 'example_kubernetes_executor' retrieved from /home/airflow/.local/lib/python3.12/site-packages/airflow/example_dags/example_kubernetes_executor.py
[2025-11-29T11:30:40.702+0000] {logging_mixin.py:190} INFO - [2025-11-29T11:30:40.702+0000] {dag.py:3239} INFO - Sync 1 DAGs
[2025-11-29T11:30:40.728+0000] {logging_mixin.py:190} INFO - [2025-11-29T11:30:40.727+0000] {dag.py:4180} INFO - Setting next_dagrun for example_kubernetes_executor to None, run_after=None
[2025-11-29T11:30:40.759+0000] {processor.py:208} INFO - Processing /home/airflow/.local/lib/python3.12/site-packages/airflow/example_dags/example_kubernetes_executor.py took 0.131 seconds
[2025-11-29T11:31:11.023+0000] {processor.py:186} INFO - Started process (PID=1746) to work on /home/airflow/.local/lib/python3.12/site-packages/airflow/example_dags/example_kubernetes_executor.py
[2025-11-29T11:31:11.025+0000] {processor.py:914} INFO - Processing file /home/airflow/.local/lib/python3.12/site-packages/airflow/example_dags/example_kubernetes_executor.py for tasks to queue
[2025-11-29T11:31:11.027+0000] {logging_mixin.py:190} INFO - [2025-11-29T11:31:11.026+0000] {dagbag.py:588} INFO - Filling up the DagBag from /home/airflow/.local/lib/python3.12/site-packages/airflow/example_dags/example_kubernetes_executor.py
[2025-11-29T11:31:11.047+0000] {processor.py:925} INFO - DAG(s) 'example_kubernetes_executor' retrieved from /home/airflow/.local/lib/python3.12/site-packages/airflow/example_dags/example_kubernetes_executor.py
[2025-11-29T11:31:11.081+0000] {logging_mixin.py:190} INFO - [2025-11-29T11:31:11.081+0000] {dag.py:3239} INFO - Sync 1 DAGs
[2025-11-29T11:31:11.100+0000] {logging_mixin.py:190} INFO - [2025-11-29T11:31:11.100+0000] {dag.py:4180} INFO - Setting next_dagrun for example_kubernetes_executor to None, run_after=None
[2025-11-29T11:31:11.128+0000] {processor.py:208} INFO - Processing /home/airflow/.local/lib/python3.12/site-packages/airflow/example_dags/example_kubernetes_executor.py took 0.113 seconds
[2025-11-29T11:31:41.756+0000] {processor.py:186} INFO - Started process (PID=1814) to work on /home/airflow/.local/lib/python3.12/site-packages/airflow/example_dags/example_kubernetes_executor.py
[2025-11-29T11:31:41.757+0000] {processor.py:914} INFO - Processing file /home/airflow/.local/lib/python3.12/site-packages/airflow/example_dags/example_kubernetes_executor.py for tasks to queue
[2025-11-29T11:31:41.759+0000] {logging_mixin.py:190} INFO - [2025-11-29T11:31:41.759+0000] {dagbag.py:588} INFO - Filling up the DagBag from /home/airflow/.local/lib/python3.12/site-packages/airflow/example_dags/example_kubernetes_executor.py
[2025-11-29T11:31:41.786+0000] {processor.py:925} INFO - DAG(s) 'example_kubernetes_executor' retrieved from /home/airflow/.local/lib/python3.12/site-packages/airflow/example_dags/example_kubernetes_executor.py
[2025-11-29T11:31:41.829+0000] {logging_mixin.py:190} INFO - [2025-11-29T11:31:41.829+0000] {dag.py:3239} INFO - Sync 1 DAGs
[2025-11-29T11:31:41.860+0000] {logging_mixin.py:190} INFO - [2025-11-29T11:31:41.860+0000] {dag.py:4180} INFO - Setting next_dagrun for example_kubernetes_executor to None, run_after=None
[2025-11-29T11:31:41.886+0000] {processor.py:208} INFO - Processing /home/airflow/.local/lib/python3.12/site-packages/airflow/example_dags/example_kubernetes_executor.py took 0.139 seconds
[2025-11-29T11:32:12.131+0000] {processor.py:186} INFO - Started process (PID=1882) to work on /home/airflow/.local/lib/python3.12/site-packages/airflow/example_dags/example_kubernetes_executor.py
[2025-11-29T11:32:12.133+0000] {processor.py:914} INFO - Processing file /home/airflow/.local/lib/python3.12/site-packages/airflow/example_dags/example_kubernetes_executor.py for tasks to queue
[2025-11-29T11:32:12.136+0000] {logging_mixin.py:190} INFO - [2025-11-29T11:32:12.135+0000] {dagbag.py:588} INFO - Filling up the DagBag from /home/airflow/.local/lib/python3.12/site-packages/airflow/example_dags/example_kubernetes_executor.py
[2025-11-29T11:32:12.161+0000] {processor.py:925} INFO - DAG(s) 'example_kubernetes_executor' retrieved from /home/airflow/.local/lib/python3.12/site-packages/airflow/example_dags/example_kubernetes_executor.py
[2025-11-29T11:32:12.200+0000] {logging_mixin.py:190} INFO - [2025-11-29T11:32:12.200+0000] {dag.py:3239} INFO - Sync 1 DAGs
[2025-11-29T11:32:12.224+0000] {logging_mixin.py:190} INFO - [2025-11-29T11:32:12.224+0000] {dag.py:4180} INFO - Setting next_dagrun for example_kubernetes_executor to None, run_after=None
[2025-11-29T11:32:12.250+0000] {processor.py:208} INFO - Processing /home/airflow/.local/lib/python3.12/site-packages/airflow/example_dags/example_kubernetes_executor.py took 0.129 seconds
[2025-11-29T11:32:43.150+0000] {processor.py:186} INFO - Started process (PID=1951) to work on /home/airflow/.local/lib/python3.12/site-packages/airflow/example_dags/example_kubernetes_executor.py
[2025-11-29T11:32:43.152+0000] {processor.py:914} INFO - Processing file /home/airflow/.local/lib/python3.12/site-packages/airflow/example_dags/example_kubernetes_executor.py for tasks to queue
[2025-11-29T11:32:43.155+0000] {logging_mixin.py:190} INFO - [2025-11-29T11:32:43.154+0000] {dagbag.py:588} INFO - Filling up the DagBag from /home/airflow/.local/lib/python3.12/site-packages/airflow/example_dags/example_kubernetes_executor.py
[2025-11-29T11:32:43.201+0000] {processor.py:925} INFO - DAG(s) 'example_kubernetes_executor' retrieved from /home/airflow/.local/lib/python3.12/site-packages/airflow/example_dags/example_kubernetes_executor.py
[2025-11-29T11:32:43.304+0000] {logging_mixin.py:190} INFO - [2025-11-29T11:32:43.302+0000] {dag.py:3239} INFO - Sync 1 DAGs
[2025-11-29T11:32:43.367+0000] {logging_mixin.py:190} INFO - [2025-11-29T11:32:43.366+0000] {dag.py:4180} INFO - Setting next_dagrun for example_kubernetes_executor to None, run_after=None
[2025-11-29T11:32:43.434+0000] {processor.py:208} INFO - Processing /home/airflow/.local/lib/python3.12/site-packages/airflow/example_dags/example_kubernetes_executor.py took 0.297 seconds
[2025-11-29T11:33:14.440+0000] {processor.py:186} INFO - Started process (PID=2019) to work on /home/airflow/.local/lib/python3.12/site-packages/airflow/example_dags/example_kubernetes_executor.py
[2025-11-29T11:33:14.443+0000] {processor.py:914} INFO - Processing file /home/airflow/.local/lib/python3.12/site-packages/airflow/example_dags/example_kubernetes_executor.py for tasks to queue
[2025-11-29T11:33:14.445+0000] {logging_mixin.py:190} INFO - [2025-11-29T11:33:14.444+0000] {dagbag.py:588} INFO - Filling up the DagBag from /home/airflow/.local/lib/python3.12/site-packages/airflow/example_dags/example_kubernetes_executor.py
[2025-11-29T11:33:14.473+0000] {processor.py:925} INFO - DAG(s) 'example_kubernetes_executor' retrieved from /home/airflow/.local/lib/python3.12/site-packages/airflow/example_dags/example_kubernetes_executor.py
[2025-11-29T11:33:14.511+0000] {logging_mixin.py:190} INFO - [2025-11-29T11:33:14.510+0000] {dag.py:3239} INFO - Sync 1 DAGs
[2025-11-29T11:33:14.535+0000] {logging_mixin.py:190} INFO - [2025-11-29T11:33:14.535+0000] {dag.py:4180} INFO - Setting next_dagrun for example_kubernetes_executor to None, run_after=None
[2025-11-29T11:33:14.563+0000] {processor.py:208} INFO - Processing /home/airflow/.local/lib/python3.12/site-packages/airflow/example_dags/example_kubernetes_executor.py took 0.132 seconds
[2025-11-29T11:33:44.853+0000] {processor.py:186} INFO - Started process (PID=2087) to work on /home/airflow/.local/lib/python3.12/site-packages/airflow/example_dags/example_kubernetes_executor.py
[2025-11-29T11:33:44.855+0000] {processor.py:914} INFO - Processing file /home/airflow/.local/lib/python3.12/site-packages/airflow/example_dags/example_kubernetes_executor.py for tasks to queue
[2025-11-29T11:33:44.857+0000] {logging_mixin.py:190} INFO - [2025-11-29T11:33:44.856+0000] {dagbag.py:588} INFO - Filling up the DagBag from /home/airflow/.local/lib/python3.12/site-packages/airflow/example_dags/example_kubernetes_executor.py
[2025-11-29T11:33:44.879+0000] {processor.py:925} INFO - DAG(s) 'example_kubernetes_executor' retrieved from /home/airflow/.local/lib/python3.12/site-packages/airflow/example_dags/example_kubernetes_executor.py
[2025-11-29T11:33:44.912+0000] {logging_mixin.py:190} INFO - [2025-11-29T11:33:44.912+0000] {dag.py:3239} INFO - Sync 1 DAGs
[2025-11-29T11:33:44.934+0000] {logging_mixin.py:190} INFO - [2025-11-29T11:33:44.934+0000] {dag.py:4180} INFO - Setting next_dagrun for example_kubernetes_executor to None, run_after=None
[2025-11-29T11:33:44.960+0000] {processor.py:208} INFO - Processing /home/airflow/.local/lib/python3.12/site-packages/airflow/example_dags/example_kubernetes_executor.py took 0.114 seconds
[2025-11-29T11:34:15.176+0000] {processor.py:186} INFO - Started process (PID=2155) to work on /home/airflow/.local/lib/python3.12/site-packages/airflow/example_dags/example_kubernetes_executor.py
[2025-11-29T11:34:15.178+0000] {processor.py:914} INFO - Processing file /home/airflow/.local/lib/python3.12/site-packages/airflow/example_dags/example_kubernetes_executor.py for tasks to queue
[2025-11-29T11:34:15.181+0000] {logging_mixin.py:190} INFO - [2025-11-29T11:34:15.180+0000] {dagbag.py:588} INFO - Filling up the DagBag from /home/airflow/.local/lib/python3.12/site-packages/airflow/example_dags/example_kubernetes_executor.py
[2025-11-29T11:34:15.204+0000] {processor.py:925} INFO - DAG(s) 'example_kubernetes_executor' retrieved from /home/airflow/.local/lib/python3.12/site-packages/airflow/example_dags/example_kubernetes_executor.py
[2025-11-29T11:34:15.240+0000] {logging_mixin.py:190} INFO - [2025-11-29T11:34:15.239+0000] {dag.py:3239} INFO - Sync 1 DAGs
[2025-11-29T11:34:15.265+0000] {logging_mixin.py:190} INFO - [2025-11-29T11:34:15.265+0000] {dag.py:4180} INFO - Setting next_dagrun for example_kubernetes_executor to None, run_after=None
[2025-11-29T11:34:15.297+0000] {processor.py:208} INFO - Processing /home/airflow/.local/lib/python3.12/site-packages/airflow/example_dags/example_kubernetes_executor.py took 0.130 seconds
[2025-11-29T11:34:45.864+0000] {processor.py:186} INFO - Started process (PID=2223) to work on /home/airflow/.local/lib/python3.12/site-packages/airflow/example_dags/example_kubernetes_executor.py
[2025-11-29T11:34:45.866+0000] {processor.py:914} INFO - Processing file /home/airflow/.local/lib/python3.12/site-packages/airflow/example_dags/example_kubernetes_executor.py for tasks to queue
[2025-11-29T11:34:45.869+0000] {logging_mixin.py:190} INFO - [2025-11-29T11:34:45.868+0000] {dagbag.py:588} INFO - Filling up the DagBag from /home/airflow/.local/lib/python3.12/site-packages/airflow/example_dags/example_kubernetes_executor.py
[2025-11-29T11:34:45.908+0000] {processor.py:925} INFO - DAG(s) 'example_kubernetes_executor' retrieved from /home/airflow/.local/lib/python3.12/site-packages/airflow/example_dags/example_kubernetes_executor.py
[2025-11-29T11:34:45.975+0000] {logging_mixin.py:190} INFO - [2025-11-29T11:34:45.975+0000] {dag.py:3239} INFO - Sync 1 DAGs
[2025-11-29T11:34:46.030+0000] {logging_mixin.py:190} INFO - [2025-11-29T11:34:46.029+0000] {dag.py:4180} INFO - Setting next_dagrun for example_kubernetes_executor to None, run_after=None
[2025-11-29T11:34:46.069+0000] {processor.py:208} INFO - Processing /home/airflow/.local/lib/python3.12/site-packages/airflow/example_dags/example_kubernetes_executor.py took 0.215 seconds
[2025-11-29T11:35:16.519+0000] {processor.py:186} INFO - Started process (PID=2291) to work on /home/airflow/.local/lib/python3.12/site-packages/airflow/example_dags/example_kubernetes_executor.py
[2025-11-29T11:35:16.521+0000] {processor.py:914} INFO - Processing file /home/airflow/.local/lib/python3.12/site-packages/airflow/example_dags/example_kubernetes_executor.py for tasks to queue
[2025-11-29T11:35:16.523+0000] {logging_mixin.py:190} INFO - [2025-11-29T11:35:16.523+0000] {dagbag.py:588} INFO - Filling up the DagBag from /home/airflow/.local/lib/python3.12/site-packages/airflow/example_dags/example_kubernetes_executor.py
[2025-11-29T11:35:16.545+0000] {processor.py:925} INFO - DAG(s) 'example_kubernetes_executor' retrieved from /home/airflow/.local/lib/python3.12/site-packages/airflow/example_dags/example_kubernetes_executor.py
[2025-11-29T11:35:16.575+0000] {logging_mixin.py:190} INFO - [2025-11-29T11:35:16.575+0000] {dag.py:3239} INFO - Sync 1 DAGs
[2025-11-29T11:35:16.594+0000] {logging_mixin.py:190} INFO - [2025-11-29T11:35:16.594+0000] {dag.py:4180} INFO - Setting next_dagrun for example_kubernetes_executor to None, run_after=None
[2025-11-29T11:35:16.616+0000] {processor.py:208} INFO - Processing /home/airflow/.local/lib/python3.12/site-packages/airflow/example_dags/example_kubernetes_executor.py took 0.111 seconds
[2025-11-29T11:35:46.825+0000] {processor.py:186} INFO - Started process (PID=2360) to work on /home/airflow/.local/lib/python3.12/site-packages/airflow/example_dags/example_kubernetes_executor.py
[2025-11-29T11:35:46.826+0000] {processor.py:914} INFO - Processing file /home/airflow/.local/lib/python3.12/site-packages/airflow/example_dags/example_kubernetes_executor.py for tasks to queue
[2025-11-29T11:35:46.828+0000] {logging_mixin.py:190} INFO - [2025-11-29T11:35:46.827+0000] {dagbag.py:588} INFO - Filling up the DagBag from /home/airflow/.local/lib/python3.12/site-packages/airflow/example_dags/example_kubernetes_executor.py
[2025-11-29T11:35:46.847+0000] {processor.py:925} INFO - DAG(s) 'example_kubernetes_executor' retrieved from /home/airflow/.local/lib/python3.12/site-packages/airflow/example_dags/example_kubernetes_executor.py
[2025-11-29T11:35:46.878+0000] {logging_mixin.py:190} INFO - [2025-11-29T11:35:46.877+0000] {dag.py:3239} INFO - Sync 1 DAGs
[2025-11-29T11:35:46.895+0000] {logging_mixin.py:190} INFO - [2025-11-29T11:35:46.895+0000] {dag.py:4180} INFO - Setting next_dagrun for example_kubernetes_executor to None, run_after=None
[2025-11-29T11:35:46.920+0000] {processor.py:208} INFO - Processing /home/airflow/.local/lib/python3.12/site-packages/airflow/example_dags/example_kubernetes_executor.py took 0.103 seconds
[2025-11-29T11:36:17.620+0000] {processor.py:186} INFO - Started process (PID=2430) to work on /home/airflow/.local/lib/python3.12/site-packages/airflow/example_dags/example_kubernetes_executor.py
[2025-11-29T11:36:17.622+0000] {processor.py:914} INFO - Processing file /home/airflow/.local/lib/python3.12/site-packages/airflow/example_dags/example_kubernetes_executor.py for tasks to queue
[2025-11-29T11:36:17.624+0000] {logging_mixin.py:190} INFO - [2025-11-29T11:36:17.623+0000] {dagbag.py:588} INFO - Filling up the DagBag from /home/airflow/.local/lib/python3.12/site-packages/airflow/example_dags/example_kubernetes_executor.py
[2025-11-29T11:36:17.643+0000] {processor.py:925} INFO - DAG(s) 'example_kubernetes_executor' retrieved from /home/airflow/.local/lib/python3.12/site-packages/airflow/example_dags/example_kubernetes_executor.py
[2025-11-29T11:36:17.673+0000] {logging_mixin.py:190} INFO - [2025-11-29T11:36:17.673+0000] {dag.py:3239} INFO - Sync 1 DAGs
[2025-11-29T11:36:17.697+0000] {logging_mixin.py:190} INFO - [2025-11-29T11:36:17.696+0000] {dag.py:4180} INFO - Setting next_dagrun for example_kubernetes_executor to None, run_after=None
[2025-11-29T11:36:17.720+0000] {processor.py:208} INFO - Processing /home/airflow/.local/lib/python3.12/site-packages/airflow/example_dags/example_kubernetes_executor.py took 0.108 seconds
[2025-11-29T11:36:48.382+0000] {processor.py:186} INFO - Started process (PID=2498) to work on /home/airflow/.local/lib/python3.12/site-packages/airflow/example_dags/example_kubernetes_executor.py
[2025-11-29T11:36:48.383+0000] {processor.py:914} INFO - Processing file /home/airflow/.local/lib/python3.12/site-packages/airflow/example_dags/example_kubernetes_executor.py for tasks to queue
[2025-11-29T11:36:48.385+0000] {logging_mixin.py:190} INFO - [2025-11-29T11:36:48.385+0000] {dagbag.py:588} INFO - Filling up the DagBag from /home/airflow/.local/lib/python3.12/site-packages/airflow/example_dags/example_kubernetes_executor.py
[2025-11-29T11:36:48.404+0000] {processor.py:925} INFO - DAG(s) 'example_kubernetes_executor' retrieved from /home/airflow/.local/lib/python3.12/site-packages/airflow/example_dags/example_kubernetes_executor.py
[2025-11-29T11:36:48.433+0000] {logging_mixin.py:190} INFO - [2025-11-29T11:36:48.433+0000] {dag.py:3239} INFO - Sync 1 DAGs
[2025-11-29T11:36:48.454+0000] {logging_mixin.py:190} INFO - [2025-11-29T11:36:48.454+0000] {dag.py:4180} INFO - Setting next_dagrun for example_kubernetes_executor to None, run_after=None
[2025-11-29T11:36:48.478+0000] {processor.py:208} INFO - Processing /home/airflow/.local/lib/python3.12/site-packages/airflow/example_dags/example_kubernetes_executor.py took 0.104 seconds
[2025-11-29T11:37:19.316+0000] {processor.py:186} INFO - Started process (PID=2566) to work on /home/airflow/.local/lib/python3.12/site-packages/airflow/example_dags/example_kubernetes_executor.py
[2025-11-29T11:37:19.317+0000] {processor.py:914} INFO - Processing file /home/airflow/.local/lib/python3.12/site-packages/airflow/example_dags/example_kubernetes_executor.py for tasks to queue
[2025-11-29T11:37:19.319+0000] {logging_mixin.py:190} INFO - [2025-11-29T11:37:19.319+0000] {dagbag.py:588} INFO - Filling up the DagBag from /home/airflow/.local/lib/python3.12/site-packages/airflow/example_dags/example_kubernetes_executor.py
[2025-11-29T11:37:19.338+0000] {processor.py:925} INFO - DAG(s) 'example_kubernetes_executor' retrieved from /home/airflow/.local/lib/python3.12/site-packages/airflow/example_dags/example_kubernetes_executor.py
[2025-11-29T11:37:19.367+0000] {logging_mixin.py:190} INFO - [2025-11-29T11:37:19.367+0000] {dag.py:3239} INFO - Sync 1 DAGs
[2025-11-29T11:37:19.385+0000] {logging_mixin.py:190} INFO - [2025-11-29T11:37:19.385+0000] {dag.py:4180} INFO - Setting next_dagrun for example_kubernetes_executor to None, run_after=None
[2025-11-29T11:37:19.407+0000] {processor.py:208} INFO - Processing /home/airflow/.local/lib/python3.12/site-packages/airflow/example_dags/example_kubernetes_executor.py took 0.098 seconds
