[2025-11-29T11:18:59.522+0000] {processor.py:186} INFO - Started process (PID=112) to work on /home/airflow/.local/lib/python3.12/site-packages/airflow/example_dags/example_bash_decorator.py
[2025-11-29T11:18:59.523+0000] {processor.py:914} INFO - Processing file /home/airflow/.local/lib/python3.12/site-packages/airflow/example_dags/example_bash_decorator.py for tasks to queue
[2025-11-29T11:18:59.527+0000] {logging_mixin.py:190} INFO - [2025-11-29T11:18:59.527+0000] {dagbag.py:588} INFO - Filling up the DagBag from /home/airflow/.local/lib/python3.12/site-packages/airflow/example_dags/example_bash_decorator.py
[2025-11-29T11:18:59.552+0000] {processor.py:925} INFO - DAG(s) 'example_bash_decorator' retrieved from /home/airflow/.local/lib/python3.12/site-packages/airflow/example_dags/example_bash_decorator.py
[2025-11-29T11:18:59.678+0000] {logging_mixin.py:190} INFO - [2025-11-29T11:18:59.678+0000] {override.py:1911} INFO - Created Permission View: can delete on DAG:example_bash_decorator
[2025-11-29T11:18:59.692+0000] {logging_mixin.py:190} INFO - [2025-11-29T11:18:59.692+0000] {override.py:1911} INFO - Created Permission View: can read on DAG:example_bash_decorator
[2025-11-29T11:18:59.701+0000] {logging_mixin.py:190} INFO - [2025-11-29T11:18:59.701+0000] {override.py:1911} INFO - Created Permission View: can edit on DAG:example_bash_decorator
[2025-11-29T11:18:59.711+0000] {logging_mixin.py:190} INFO - [2025-11-29T11:18:59.711+0000] {override.py:1911} INFO - Created Permission View: menu access on DAG Run:example_bash_decorator
[2025-11-29T11:18:59.721+0000] {logging_mixin.py:190} INFO - [2025-11-29T11:18:59.720+0000] {override.py:1911} INFO - Created Permission View: can delete on DAG Run:example_bash_decorator
[2025-11-29T11:18:59.730+0000] {logging_mixin.py:190} INFO - [2025-11-29T11:18:59.730+0000] {override.py:1911} INFO - Created Permission View: can read on DAG Run:example_bash_decorator
[2025-11-29T11:18:59.740+0000] {logging_mixin.py:190} INFO - [2025-11-29T11:18:59.739+0000] {override.py:1911} INFO - Created Permission View: can create on DAG Run:example_bash_decorator
[2025-11-29T11:18:59.741+0000] {logging_mixin.py:190} INFO - [2025-11-29T11:18:59.740+0000] {dag.py:3239} INFO - Sync 1 DAGs
[2025-11-29T11:18:59.756+0000] {logging_mixin.py:190} INFO - [2025-11-29T11:18:59.756+0000] {dag.py:3262} INFO - Creating ORM DAG for example_bash_decorator
[2025-11-29T11:18:59.758+0000] {logging_mixin.py:190} INFO - [2025-11-29T11:18:59.757+0000] {dag.py:4180} INFO - Setting next_dagrun for example_bash_decorator to None, run_after=None
[2025-11-29T11:18:59.778+0000] {processor.py:208} INFO - Processing /home/airflow/.local/lib/python3.12/site-packages/airflow/example_dags/example_bash_decorator.py took 0.264 seconds
[2025-11-29T11:19:30.174+0000] {processor.py:186} INFO - Started process (PID=180) to work on /home/airflow/.local/lib/python3.12/site-packages/airflow/example_dags/example_bash_decorator.py
[2025-11-29T11:19:30.175+0000] {processor.py:914} INFO - Processing file /home/airflow/.local/lib/python3.12/site-packages/airflow/example_dags/example_bash_decorator.py for tasks to queue
[2025-11-29T11:19:30.179+0000] {logging_mixin.py:190} INFO - [2025-11-29T11:19:30.178+0000] {dagbag.py:588} INFO - Filling up the DagBag from /home/airflow/.local/lib/python3.12/site-packages/airflow/example_dags/example_bash_decorator.py
[2025-11-29T11:19:30.219+0000] {processor.py:925} INFO - DAG(s) 'example_bash_decorator' retrieved from /home/airflow/.local/lib/python3.12/site-packages/airflow/example_dags/example_bash_decorator.py
[2025-11-29T11:19:30.254+0000] {logging_mixin.py:190} INFO - [2025-11-29T11:19:30.254+0000] {dag.py:3239} INFO - Sync 1 DAGs
[2025-11-29T11:19:30.273+0000] {logging_mixin.py:190} INFO - [2025-11-29T11:19:30.273+0000] {dag.py:4180} INFO - Setting next_dagrun for example_bash_decorator to None, run_after=None
[2025-11-29T11:19:30.293+0000] {processor.py:208} INFO - Processing /home/airflow/.local/lib/python3.12/site-packages/airflow/example_dags/example_bash_decorator.py took 0.127 seconds
[2025-11-29T11:20:01.099+0000] {processor.py:186} INFO - Started process (PID=248) to work on /home/airflow/.local/lib/python3.12/site-packages/airflow/example_dags/example_bash_decorator.py
[2025-11-29T11:20:01.101+0000] {processor.py:914} INFO - Processing file /home/airflow/.local/lib/python3.12/site-packages/airflow/example_dags/example_bash_decorator.py for tasks to queue
[2025-11-29T11:20:01.104+0000] {logging_mixin.py:190} INFO - [2025-11-29T11:20:01.104+0000] {dagbag.py:588} INFO - Filling up the DagBag from /home/airflow/.local/lib/python3.12/site-packages/airflow/example_dags/example_bash_decorator.py
[2025-11-29T11:20:01.124+0000] {processor.py:925} INFO - DAG(s) 'example_bash_decorator' retrieved from /home/airflow/.local/lib/python3.12/site-packages/airflow/example_dags/example_bash_decorator.py
[2025-11-29T11:20:01.154+0000] {logging_mixin.py:190} INFO - [2025-11-29T11:20:01.154+0000] {dag.py:3239} INFO - Sync 1 DAGs
[2025-11-29T11:20:01.170+0000] {logging_mixin.py:190} INFO - [2025-11-29T11:20:01.170+0000] {dag.py:4180} INFO - Setting next_dagrun for example_bash_decorator to None, run_after=None
[2025-11-29T11:20:01.191+0000] {processor.py:208} INFO - Processing /home/airflow/.local/lib/python3.12/site-packages/airflow/example_dags/example_bash_decorator.py took 0.099 seconds
[2025-11-29T11:20:31.865+0000] {processor.py:186} INFO - Started process (PID=317) to work on /home/airflow/.local/lib/python3.12/site-packages/airflow/example_dags/example_bash_decorator.py
[2025-11-29T11:20:31.867+0000] {processor.py:914} INFO - Processing file /home/airflow/.local/lib/python3.12/site-packages/airflow/example_dags/example_bash_decorator.py for tasks to queue
[2025-11-29T11:20:31.871+0000] {logging_mixin.py:190} INFO - [2025-11-29T11:20:31.870+0000] {dagbag.py:588} INFO - Filling up the DagBag from /home/airflow/.local/lib/python3.12/site-packages/airflow/example_dags/example_bash_decorator.py
[2025-11-29T11:20:31.892+0000] {processor.py:925} INFO - DAG(s) 'example_bash_decorator' retrieved from /home/airflow/.local/lib/python3.12/site-packages/airflow/example_dags/example_bash_decorator.py
[2025-11-29T11:20:31.919+0000] {logging_mixin.py:190} INFO - [2025-11-29T11:20:31.919+0000] {dag.py:3239} INFO - Sync 1 DAGs
[2025-11-29T11:20:31.935+0000] {logging_mixin.py:190} INFO - [2025-11-29T11:20:31.935+0000] {dag.py:4180} INFO - Setting next_dagrun for example_bash_decorator to None, run_after=None
[2025-11-29T11:20:31.956+0000] {processor.py:208} INFO - Processing /home/airflow/.local/lib/python3.12/site-packages/airflow/example_dags/example_bash_decorator.py took 0.098 seconds
[2025-11-29T11:21:02.509+0000] {processor.py:186} INFO - Started process (PID=386) to work on /home/airflow/.local/lib/python3.12/site-packages/airflow/example_dags/example_bash_decorator.py
[2025-11-29T11:21:02.510+0000] {processor.py:914} INFO - Processing file /home/airflow/.local/lib/python3.12/site-packages/airflow/example_dags/example_bash_decorator.py for tasks to queue
[2025-11-29T11:21:02.514+0000] {logging_mixin.py:190} INFO - [2025-11-29T11:21:02.514+0000] {dagbag.py:588} INFO - Filling up the DagBag from /home/airflow/.local/lib/python3.12/site-packages/airflow/example_dags/example_bash_decorator.py
[2025-11-29T11:21:02.559+0000] {processor.py:925} INFO - DAG(s) 'example_bash_decorator' retrieved from /home/airflow/.local/lib/python3.12/site-packages/airflow/example_dags/example_bash_decorator.py
[2025-11-29T11:21:02.599+0000] {logging_mixin.py:190} INFO - [2025-11-29T11:21:02.599+0000] {dag.py:3239} INFO - Sync 1 DAGs
[2025-11-29T11:21:02.623+0000] {logging_mixin.py:190} INFO - [2025-11-29T11:21:02.622+0000] {dag.py:4180} INFO - Setting next_dagrun for example_bash_decorator to None, run_after=None
[2025-11-29T11:21:02.656+0000] {processor.py:208} INFO - Processing /home/airflow/.local/lib/python3.12/site-packages/airflow/example_dags/example_bash_decorator.py took 0.156 seconds
[2025-11-29T11:21:32.904+0000] {processor.py:186} INFO - Started process (PID=454) to work on /home/airflow/.local/lib/python3.12/site-packages/airflow/example_dags/example_bash_decorator.py
[2025-11-29T11:21:32.906+0000] {processor.py:914} INFO - Processing file /home/airflow/.local/lib/python3.12/site-packages/airflow/example_dags/example_bash_decorator.py for tasks to queue
[2025-11-29T11:21:32.910+0000] {logging_mixin.py:190} INFO - [2025-11-29T11:21:32.909+0000] {dagbag.py:588} INFO - Filling up the DagBag from /home/airflow/.local/lib/python3.12/site-packages/airflow/example_dags/example_bash_decorator.py
[2025-11-29T11:21:32.933+0000] {processor.py:925} INFO - DAG(s) 'example_bash_decorator' retrieved from /home/airflow/.local/lib/python3.12/site-packages/airflow/example_dags/example_bash_decorator.py
[2025-11-29T11:21:32.970+0000] {logging_mixin.py:190} INFO - [2025-11-29T11:21:32.970+0000] {dag.py:3239} INFO - Sync 1 DAGs
[2025-11-29T11:21:32.987+0000] {logging_mixin.py:190} INFO - [2025-11-29T11:21:32.986+0000] {dag.py:4180} INFO - Setting next_dagrun for example_bash_decorator to None, run_after=None
[2025-11-29T11:21:33.007+0000] {processor.py:208} INFO - Processing /home/airflow/.local/lib/python3.12/site-packages/airflow/example_dags/example_bash_decorator.py took 0.110 seconds
[2025-11-29T11:22:03.205+0000] {processor.py:186} INFO - Started process (PID=523) to work on /home/airflow/.local/lib/python3.12/site-packages/airflow/example_dags/example_bash_decorator.py
[2025-11-29T11:22:03.206+0000] {processor.py:914} INFO - Processing file /home/airflow/.local/lib/python3.12/site-packages/airflow/example_dags/example_bash_decorator.py for tasks to queue
[2025-11-29T11:22:03.210+0000] {logging_mixin.py:190} INFO - [2025-11-29T11:22:03.209+0000] {dagbag.py:588} INFO - Filling up the DagBag from /home/airflow/.local/lib/python3.12/site-packages/airflow/example_dags/example_bash_decorator.py
[2025-11-29T11:22:03.229+0000] {processor.py:925} INFO - DAG(s) 'example_bash_decorator' retrieved from /home/airflow/.local/lib/python3.12/site-packages/airflow/example_dags/example_bash_decorator.py
[2025-11-29T11:22:03.256+0000] {logging_mixin.py:190} INFO - [2025-11-29T11:22:03.256+0000] {dag.py:3239} INFO - Sync 1 DAGs
[2025-11-29T11:22:03.274+0000] {logging_mixin.py:190} INFO - [2025-11-29T11:22:03.273+0000] {dag.py:4180} INFO - Setting next_dagrun for example_bash_decorator to None, run_after=None
[2025-11-29T11:22:03.296+0000] {processor.py:208} INFO - Processing /home/airflow/.local/lib/python3.12/site-packages/airflow/example_dags/example_bash_decorator.py took 0.099 seconds
[2025-11-29T11:22:34.157+0000] {processor.py:186} INFO - Started process (PID=592) to work on /home/airflow/.local/lib/python3.12/site-packages/airflow/example_dags/example_bash_decorator.py
[2025-11-29T11:22:34.159+0000] {processor.py:914} INFO - Processing file /home/airflow/.local/lib/python3.12/site-packages/airflow/example_dags/example_bash_decorator.py for tasks to queue
[2025-11-29T11:22:34.162+0000] {logging_mixin.py:190} INFO - [2025-11-29T11:22:34.162+0000] {dagbag.py:588} INFO - Filling up the DagBag from /home/airflow/.local/lib/python3.12/site-packages/airflow/example_dags/example_bash_decorator.py
[2025-11-29T11:22:34.184+0000] {processor.py:925} INFO - DAG(s) 'example_bash_decorator' retrieved from /home/airflow/.local/lib/python3.12/site-packages/airflow/example_dags/example_bash_decorator.py
[2025-11-29T11:22:34.211+0000] {logging_mixin.py:190} INFO - [2025-11-29T11:22:34.211+0000] {dag.py:3239} INFO - Sync 1 DAGs
[2025-11-29T11:22:34.232+0000] {logging_mixin.py:190} INFO - [2025-11-29T11:22:34.232+0000] {dag.py:4180} INFO - Setting next_dagrun for example_bash_decorator to None, run_after=None
[2025-11-29T11:22:34.259+0000] {processor.py:208} INFO - Processing /home/airflow/.local/lib/python3.12/site-packages/airflow/example_dags/example_bash_decorator.py took 0.110 seconds
[2025-11-29T11:23:04.858+0000] {processor.py:186} INFO - Started process (PID=660) to work on /home/airflow/.local/lib/python3.12/site-packages/airflow/example_dags/example_bash_decorator.py
[2025-11-29T11:23:04.859+0000] {processor.py:914} INFO - Processing file /home/airflow/.local/lib/python3.12/site-packages/airflow/example_dags/example_bash_decorator.py for tasks to queue
[2025-11-29T11:23:04.863+0000] {logging_mixin.py:190} INFO - [2025-11-29T11:23:04.863+0000] {dagbag.py:588} INFO - Filling up the DagBag from /home/airflow/.local/lib/python3.12/site-packages/airflow/example_dags/example_bash_decorator.py
[2025-11-29T11:23:04.884+0000] {processor.py:925} INFO - DAG(s) 'example_bash_decorator' retrieved from /home/airflow/.local/lib/python3.12/site-packages/airflow/example_dags/example_bash_decorator.py
[2025-11-29T11:23:04.913+0000] {logging_mixin.py:190} INFO - [2025-11-29T11:23:04.913+0000] {dag.py:3239} INFO - Sync 1 DAGs
[2025-11-29T11:23:04.931+0000] {logging_mixin.py:190} INFO - [2025-11-29T11:23:04.931+0000] {dag.py:4180} INFO - Setting next_dagrun for example_bash_decorator to None, run_after=None
[2025-11-29T11:23:04.954+0000] {processor.py:208} INFO - Processing /home/airflow/.local/lib/python3.12/site-packages/airflow/example_dags/example_bash_decorator.py took 0.104 seconds
[2025-11-29T11:23:35.562+0000] {processor.py:186} INFO - Started process (PID=728) to work on /home/airflow/.local/lib/python3.12/site-packages/airflow/example_dags/example_bash_decorator.py
[2025-11-29T11:23:35.563+0000] {processor.py:914} INFO - Processing file /home/airflow/.local/lib/python3.12/site-packages/airflow/example_dags/example_bash_decorator.py for tasks to queue
[2025-11-29T11:23:35.566+0000] {logging_mixin.py:190} INFO - [2025-11-29T11:23:35.566+0000] {dagbag.py:588} INFO - Filling up the DagBag from /home/airflow/.local/lib/python3.12/site-packages/airflow/example_dags/example_bash_decorator.py
[2025-11-29T11:23:35.586+0000] {processor.py:925} INFO - DAG(s) 'example_bash_decorator' retrieved from /home/airflow/.local/lib/python3.12/site-packages/airflow/example_dags/example_bash_decorator.py
[2025-11-29T11:23:35.612+0000] {logging_mixin.py:190} INFO - [2025-11-29T11:23:35.612+0000] {dag.py:3239} INFO - Sync 1 DAGs
[2025-11-29T11:23:35.628+0000] {logging_mixin.py:190} INFO - [2025-11-29T11:23:35.627+0000] {dag.py:4180} INFO - Setting next_dagrun for example_bash_decorator to None, run_after=None
[2025-11-29T11:23:35.649+0000] {processor.py:208} INFO - Processing /home/airflow/.local/lib/python3.12/site-packages/airflow/example_dags/example_bash_decorator.py took 0.094 seconds
[2025-11-29T11:24:06.575+0000] {processor.py:186} INFO - Started process (PID=797) to work on /home/airflow/.local/lib/python3.12/site-packages/airflow/example_dags/example_bash_decorator.py
[2025-11-29T11:24:06.577+0000] {processor.py:914} INFO - Processing file /home/airflow/.local/lib/python3.12/site-packages/airflow/example_dags/example_bash_decorator.py for tasks to queue
[2025-11-29T11:24:06.579+0000] {logging_mixin.py:190} INFO - [2025-11-29T11:24:06.578+0000] {dagbag.py:588} INFO - Filling up the DagBag from /home/airflow/.local/lib/python3.12/site-packages/airflow/example_dags/example_bash_decorator.py
[2025-11-29T11:24:06.604+0000] {processor.py:925} INFO - DAG(s) 'example_bash_decorator' retrieved from /home/airflow/.local/lib/python3.12/site-packages/airflow/example_dags/example_bash_decorator.py
[2025-11-29T11:24:06.646+0000] {logging_mixin.py:190} INFO - [2025-11-29T11:24:06.646+0000] {dag.py:3239} INFO - Sync 1 DAGs
[2025-11-29T11:24:06.679+0000] {logging_mixin.py:190} INFO - [2025-11-29T11:24:06.679+0000] {dag.py:4180} INFO - Setting next_dagrun for example_bash_decorator to None, run_after=None
[2025-11-29T11:24:06.709+0000] {processor.py:208} INFO - Processing /home/airflow/.local/lib/python3.12/site-packages/airflow/example_dags/example_bash_decorator.py took 0.144 seconds
[2025-11-29T11:24:36.867+0000] {processor.py:186} INFO - Started process (PID=864) to work on /home/airflow/.local/lib/python3.12/site-packages/airflow/example_dags/example_bash_decorator.py
[2025-11-29T11:24:36.868+0000] {processor.py:914} INFO - Processing file /home/airflow/.local/lib/python3.12/site-packages/airflow/example_dags/example_bash_decorator.py for tasks to queue
[2025-11-29T11:24:36.870+0000] {logging_mixin.py:190} INFO - [2025-11-29T11:24:36.870+0000] {dagbag.py:588} INFO - Filling up the DagBag from /home/airflow/.local/lib/python3.12/site-packages/airflow/example_dags/example_bash_decorator.py
[2025-11-29T11:24:36.889+0000] {processor.py:925} INFO - DAG(s) 'example_bash_decorator' retrieved from /home/airflow/.local/lib/python3.12/site-packages/airflow/example_dags/example_bash_decorator.py
[2025-11-29T11:24:36.919+0000] {logging_mixin.py:190} INFO - [2025-11-29T11:24:36.918+0000] {dag.py:3239} INFO - Sync 1 DAGs
[2025-11-29T11:24:36.937+0000] {logging_mixin.py:190} INFO - [2025-11-29T11:24:36.936+0000] {dag.py:4180} INFO - Setting next_dagrun for example_bash_decorator to None, run_after=None
[2025-11-29T11:24:36.960+0000] {processor.py:208} INFO - Processing /home/airflow/.local/lib/python3.12/site-packages/airflow/example_dags/example_bash_decorator.py took 0.101 seconds
[2025-11-29T11:25:07.138+0000] {processor.py:186} INFO - Started process (PID=932) to work on /home/airflow/.local/lib/python3.12/site-packages/airflow/example_dags/example_bash_decorator.py
[2025-11-29T11:25:07.140+0000] {processor.py:914} INFO - Processing file /home/airflow/.local/lib/python3.12/site-packages/airflow/example_dags/example_bash_decorator.py for tasks to queue
[2025-11-29T11:25:07.142+0000] {logging_mixin.py:190} INFO - [2025-11-29T11:25:07.141+0000] {dagbag.py:588} INFO - Filling up the DagBag from /home/airflow/.local/lib/python3.12/site-packages/airflow/example_dags/example_bash_decorator.py
[2025-11-29T11:25:07.160+0000] {processor.py:925} INFO - DAG(s) 'example_bash_decorator' retrieved from /home/airflow/.local/lib/python3.12/site-packages/airflow/example_dags/example_bash_decorator.py
[2025-11-29T11:25:07.187+0000] {logging_mixin.py:190} INFO - [2025-11-29T11:25:07.187+0000] {dag.py:3239} INFO - Sync 1 DAGs
[2025-11-29T11:25:07.206+0000] {logging_mixin.py:190} INFO - [2025-11-29T11:25:07.205+0000] {dag.py:4180} INFO - Setting next_dagrun for example_bash_decorator to None, run_after=None
[2025-11-29T11:25:07.229+0000] {processor.py:208} INFO - Processing /home/airflow/.local/lib/python3.12/site-packages/airflow/example_dags/example_bash_decorator.py took 0.097 seconds
[2025-11-29T11:25:37.672+0000] {processor.py:186} INFO - Started process (PID=1001) to work on /home/airflow/.local/lib/python3.12/site-packages/airflow/example_dags/example_bash_decorator.py
[2025-11-29T11:25:37.674+0000] {processor.py:914} INFO - Processing file /home/airflow/.local/lib/python3.12/site-packages/airflow/example_dags/example_bash_decorator.py for tasks to queue
[2025-11-29T11:25:37.676+0000] {logging_mixin.py:190} INFO - [2025-11-29T11:25:37.675+0000] {dagbag.py:588} INFO - Filling up the DagBag from /home/airflow/.local/lib/python3.12/site-packages/airflow/example_dags/example_bash_decorator.py
[2025-11-29T11:25:37.697+0000] {processor.py:925} INFO - DAG(s) 'example_bash_decorator' retrieved from /home/airflow/.local/lib/python3.12/site-packages/airflow/example_dags/example_bash_decorator.py
[2025-11-29T11:25:37.734+0000] {logging_mixin.py:190} INFO - [2025-11-29T11:25:37.734+0000] {dag.py:3239} INFO - Sync 1 DAGs
[2025-11-29T11:25:37.752+0000] {logging_mixin.py:190} INFO - [2025-11-29T11:25:37.752+0000] {dag.py:4180} INFO - Setting next_dagrun for example_bash_decorator to None, run_after=None
[2025-11-29T11:25:37.776+0000] {processor.py:208} INFO - Processing /home/airflow/.local/lib/python3.12/site-packages/airflow/example_dags/example_bash_decorator.py took 0.113 seconds
[2025-11-29T11:26:08.216+0000] {processor.py:186} INFO - Started process (PID=1070) to work on /home/airflow/.local/lib/python3.12/site-packages/airflow/example_dags/example_bash_decorator.py
[2025-11-29T11:26:08.218+0000] {processor.py:914} INFO - Processing file /home/airflow/.local/lib/python3.12/site-packages/airflow/example_dags/example_bash_decorator.py for tasks to queue
[2025-11-29T11:26:08.219+0000] {logging_mixin.py:190} INFO - [2025-11-29T11:26:08.219+0000] {dagbag.py:588} INFO - Filling up the DagBag from /home/airflow/.local/lib/python3.12/site-packages/airflow/example_dags/example_bash_decorator.py
[2025-11-29T11:26:08.239+0000] {processor.py:925} INFO - DAG(s) 'example_bash_decorator' retrieved from /home/airflow/.local/lib/python3.12/site-packages/airflow/example_dags/example_bash_decorator.py
[2025-11-29T11:26:08.271+0000] {logging_mixin.py:190} INFO - [2025-11-29T11:26:08.271+0000] {dag.py:3239} INFO - Sync 1 DAGs
[2025-11-29T11:26:08.288+0000] {logging_mixin.py:190} INFO - [2025-11-29T11:26:08.287+0000] {dag.py:4180} INFO - Setting next_dagrun for example_bash_decorator to None, run_after=None
[2025-11-29T11:26:08.310+0000] {processor.py:208} INFO - Processing /home/airflow/.local/lib/python3.12/site-packages/airflow/example_dags/example_bash_decorator.py took 0.101 seconds
[2025-11-29T11:26:38.574+0000] {processor.py:186} INFO - Started process (PID=1138) to work on /home/airflow/.local/lib/python3.12/site-packages/airflow/example_dags/example_bash_decorator.py
[2025-11-29T11:26:38.576+0000] {processor.py:914} INFO - Processing file /home/airflow/.local/lib/python3.12/site-packages/airflow/example_dags/example_bash_decorator.py for tasks to queue
[2025-11-29T11:26:38.578+0000] {logging_mixin.py:190} INFO - [2025-11-29T11:26:38.577+0000] {dagbag.py:588} INFO - Filling up the DagBag from /home/airflow/.local/lib/python3.12/site-packages/airflow/example_dags/example_bash_decorator.py
[2025-11-29T11:26:38.598+0000] {processor.py:925} INFO - DAG(s) 'example_bash_decorator' retrieved from /home/airflow/.local/lib/python3.12/site-packages/airflow/example_dags/example_bash_decorator.py
[2025-11-29T11:26:38.628+0000] {logging_mixin.py:190} INFO - [2025-11-29T11:26:38.628+0000] {dag.py:3239} INFO - Sync 1 DAGs
[2025-11-29T11:26:38.646+0000] {logging_mixin.py:190} INFO - [2025-11-29T11:26:38.645+0000] {dag.py:4180} INFO - Setting next_dagrun for example_bash_decorator to None, run_after=None
[2025-11-29T11:26:38.668+0000] {processor.py:208} INFO - Processing /home/airflow/.local/lib/python3.12/site-packages/airflow/example_dags/example_bash_decorator.py took 0.102 seconds
[2025-11-29T11:27:09.098+0000] {processor.py:186} INFO - Started process (PID=1206) to work on /home/airflow/.local/lib/python3.12/site-packages/airflow/example_dags/example_bash_decorator.py
[2025-11-29T11:27:09.100+0000] {processor.py:914} INFO - Processing file /home/airflow/.local/lib/python3.12/site-packages/airflow/example_dags/example_bash_decorator.py for tasks to queue
[2025-11-29T11:27:09.102+0000] {logging_mixin.py:190} INFO - [2025-11-29T11:27:09.101+0000] {dagbag.py:588} INFO - Filling up the DagBag from /home/airflow/.local/lib/python3.12/site-packages/airflow/example_dags/example_bash_decorator.py
[2025-11-29T11:27:09.127+0000] {processor.py:925} INFO - DAG(s) 'example_bash_decorator' retrieved from /home/airflow/.local/lib/python3.12/site-packages/airflow/example_dags/example_bash_decorator.py
[2025-11-29T11:27:09.161+0000] {logging_mixin.py:190} INFO - [2025-11-29T11:27:09.160+0000] {dag.py:3239} INFO - Sync 1 DAGs
[2025-11-29T11:27:09.182+0000] {logging_mixin.py:190} INFO - [2025-11-29T11:27:09.181+0000] {dag.py:4180} INFO - Setting next_dagrun for example_bash_decorator to None, run_after=None
[2025-11-29T11:27:09.209+0000] {processor.py:208} INFO - Processing /home/airflow/.local/lib/python3.12/site-packages/airflow/example_dags/example_bash_decorator.py took 0.119 seconds
[2025-11-29T11:27:39.294+0000] {processor.py:186} INFO - Started process (PID=1274) to work on /home/airflow/.local/lib/python3.12/site-packages/airflow/example_dags/example_bash_decorator.py
[2025-11-29T11:27:39.296+0000] {processor.py:914} INFO - Processing file /home/airflow/.local/lib/python3.12/site-packages/airflow/example_dags/example_bash_decorator.py for tasks to queue
[2025-11-29T11:27:39.297+0000] {logging_mixin.py:190} INFO - [2025-11-29T11:27:39.297+0000] {dagbag.py:588} INFO - Filling up the DagBag from /home/airflow/.local/lib/python3.12/site-packages/airflow/example_dags/example_bash_decorator.py
[2025-11-29T11:27:39.320+0000] {processor.py:925} INFO - DAG(s) 'example_bash_decorator' retrieved from /home/airflow/.local/lib/python3.12/site-packages/airflow/example_dags/example_bash_decorator.py
[2025-11-29T11:27:39.352+0000] {logging_mixin.py:190} INFO - [2025-11-29T11:27:39.352+0000] {dag.py:3239} INFO - Sync 1 DAGs
[2025-11-29T11:27:39.371+0000] {logging_mixin.py:190} INFO - [2025-11-29T11:27:39.371+0000] {dag.py:4180} INFO - Setting next_dagrun for example_bash_decorator to None, run_after=None
[2025-11-29T11:27:39.397+0000] {processor.py:208} INFO - Processing /home/airflow/.local/lib/python3.12/site-packages/airflow/example_dags/example_bash_decorator.py took 0.111 seconds
[2025-11-29T11:28:09.741+0000] {processor.py:186} INFO - Started process (PID=1343) to work on /home/airflow/.local/lib/python3.12/site-packages/airflow/example_dags/example_bash_decorator.py
[2025-11-29T11:28:09.742+0000] {processor.py:914} INFO - Processing file /home/airflow/.local/lib/python3.12/site-packages/airflow/example_dags/example_bash_decorator.py for tasks to queue
[2025-11-29T11:28:09.744+0000] {logging_mixin.py:190} INFO - [2025-11-29T11:28:09.743+0000] {dagbag.py:588} INFO - Filling up the DagBag from /home/airflow/.local/lib/python3.12/site-packages/airflow/example_dags/example_bash_decorator.py
[2025-11-29T11:28:09.763+0000] {processor.py:925} INFO - DAG(s) 'example_bash_decorator' retrieved from /home/airflow/.local/lib/python3.12/site-packages/airflow/example_dags/example_bash_decorator.py
[2025-11-29T11:28:09.792+0000] {logging_mixin.py:190} INFO - [2025-11-29T11:28:09.792+0000] {dag.py:3239} INFO - Sync 1 DAGs
[2025-11-29T11:28:09.810+0000] {logging_mixin.py:190} INFO - [2025-11-29T11:28:09.810+0000] {dag.py:4180} INFO - Setting next_dagrun for example_bash_decorator to None, run_after=None
[2025-11-29T11:28:09.835+0000] {processor.py:208} INFO - Processing /home/airflow/.local/lib/python3.12/site-packages/airflow/example_dags/example_bash_decorator.py took 0.102 seconds
[2025-11-29T11:28:40.215+0000] {processor.py:186} INFO - Started process (PID=1411) to work on /home/airflow/.local/lib/python3.12/site-packages/airflow/example_dags/example_bash_decorator.py
[2025-11-29T11:28:40.217+0000] {processor.py:914} INFO - Processing file /home/airflow/.local/lib/python3.12/site-packages/airflow/example_dags/example_bash_decorator.py for tasks to queue
[2025-11-29T11:28:40.218+0000] {logging_mixin.py:190} INFO - [2025-11-29T11:28:40.218+0000] {dagbag.py:588} INFO - Filling up the DagBag from /home/airflow/.local/lib/python3.12/site-packages/airflow/example_dags/example_bash_decorator.py
[2025-11-29T11:28:40.238+0000] {processor.py:925} INFO - DAG(s) 'example_bash_decorator' retrieved from /home/airflow/.local/lib/python3.12/site-packages/airflow/example_dags/example_bash_decorator.py
[2025-11-29T11:28:40.267+0000] {logging_mixin.py:190} INFO - [2025-11-29T11:28:40.267+0000] {dag.py:3239} INFO - Sync 1 DAGs
[2025-11-29T11:28:40.285+0000] {logging_mixin.py:190} INFO - [2025-11-29T11:28:40.284+0000] {dag.py:4180} INFO - Setting next_dagrun for example_bash_decorator to None, run_after=None
[2025-11-29T11:28:40.313+0000] {processor.py:208} INFO - Processing /home/airflow/.local/lib/python3.12/site-packages/airflow/example_dags/example_bash_decorator.py took 0.105 seconds
[2025-11-29T11:29:10.981+0000] {processor.py:186} INFO - Started process (PID=1479) to work on /home/airflow/.local/lib/python3.12/site-packages/airflow/example_dags/example_bash_decorator.py
[2025-11-29T11:29:10.983+0000] {processor.py:914} INFO - Processing file /home/airflow/.local/lib/python3.12/site-packages/airflow/example_dags/example_bash_decorator.py for tasks to queue
[2025-11-29T11:29:10.985+0000] {logging_mixin.py:190} INFO - [2025-11-29T11:29:10.984+0000] {dagbag.py:588} INFO - Filling up the DagBag from /home/airflow/.local/lib/python3.12/site-packages/airflow/example_dags/example_bash_decorator.py
[2025-11-29T11:29:11.010+0000] {processor.py:925} INFO - DAG(s) 'example_bash_decorator' retrieved from /home/airflow/.local/lib/python3.12/site-packages/airflow/example_dags/example_bash_decorator.py
[2025-11-29T11:29:11.043+0000] {logging_mixin.py:190} INFO - [2025-11-29T11:29:11.043+0000] {dag.py:3239} INFO - Sync 1 DAGs
[2025-11-29T11:29:11.063+0000] {logging_mixin.py:190} INFO - [2025-11-29T11:29:11.063+0000] {dag.py:4180} INFO - Setting next_dagrun for example_bash_decorator to None, run_after=None
[2025-11-29T11:29:11.091+0000] {processor.py:208} INFO - Processing /home/airflow/.local/lib/python3.12/site-packages/airflow/example_dags/example_bash_decorator.py took 0.117 seconds
[2025-11-29T11:29:41.220+0000] {processor.py:186} INFO - Started process (PID=1548) to work on /home/airflow/.local/lib/python3.12/site-packages/airflow/example_dags/example_bash_decorator.py
[2025-11-29T11:29:41.222+0000] {processor.py:914} INFO - Processing file /home/airflow/.local/lib/python3.12/site-packages/airflow/example_dags/example_bash_decorator.py for tasks to queue
[2025-11-29T11:29:41.223+0000] {logging_mixin.py:190} INFO - [2025-11-29T11:29:41.223+0000] {dagbag.py:588} INFO - Filling up the DagBag from /home/airflow/.local/lib/python3.12/site-packages/airflow/example_dags/example_bash_decorator.py
[2025-11-29T11:29:41.241+0000] {processor.py:925} INFO - DAG(s) 'example_bash_decorator' retrieved from /home/airflow/.local/lib/python3.12/site-packages/airflow/example_dags/example_bash_decorator.py
[2025-11-29T11:29:41.270+0000] {logging_mixin.py:190} INFO - [2025-11-29T11:29:41.270+0000] {dag.py:3239} INFO - Sync 1 DAGs
[2025-11-29T11:29:41.288+0000] {logging_mixin.py:190} INFO - [2025-11-29T11:29:41.287+0000] {dag.py:4180} INFO - Setting next_dagrun for example_bash_decorator to None, run_after=None
[2025-11-29T11:29:41.310+0000] {processor.py:208} INFO - Processing /home/airflow/.local/lib/python3.12/site-packages/airflow/example_dags/example_bash_decorator.py took 0.096 seconds
[2025-11-29T11:30:11.927+0000] {processor.py:186} INFO - Started process (PID=1617) to work on /home/airflow/.local/lib/python3.12/site-packages/airflow/example_dags/example_bash_decorator.py
[2025-11-29T11:30:11.929+0000] {processor.py:914} INFO - Processing file /home/airflow/.local/lib/python3.12/site-packages/airflow/example_dags/example_bash_decorator.py for tasks to queue
[2025-11-29T11:30:11.931+0000] {logging_mixin.py:190} INFO - [2025-11-29T11:30:11.930+0000] {dagbag.py:588} INFO - Filling up the DagBag from /home/airflow/.local/lib/python3.12/site-packages/airflow/example_dags/example_bash_decorator.py
[2025-11-29T11:30:11.949+0000] {processor.py:925} INFO - DAG(s) 'example_bash_decorator' retrieved from /home/airflow/.local/lib/python3.12/site-packages/airflow/example_dags/example_bash_decorator.py
[2025-11-29T11:30:11.976+0000] {logging_mixin.py:190} INFO - [2025-11-29T11:30:11.976+0000] {dag.py:3239} INFO - Sync 1 DAGs
[2025-11-29T11:30:11.998+0000] {logging_mixin.py:190} INFO - [2025-11-29T11:30:11.998+0000] {dag.py:4180} INFO - Setting next_dagrun for example_bash_decorator to None, run_after=None
[2025-11-29T11:30:12.020+0000] {processor.py:208} INFO - Processing /home/airflow/.local/lib/python3.12/site-packages/airflow/example_dags/example_bash_decorator.py took 0.099 seconds
[2025-11-29T11:30:42.350+0000] {processor.py:186} INFO - Started process (PID=1686) to work on /home/airflow/.local/lib/python3.12/site-packages/airflow/example_dags/example_bash_decorator.py
[2025-11-29T11:30:42.352+0000] {processor.py:914} INFO - Processing file /home/airflow/.local/lib/python3.12/site-packages/airflow/example_dags/example_bash_decorator.py for tasks to queue
[2025-11-29T11:30:42.354+0000] {logging_mixin.py:190} INFO - [2025-11-29T11:30:42.354+0000] {dagbag.py:588} INFO - Filling up the DagBag from /home/airflow/.local/lib/python3.12/site-packages/airflow/example_dags/example_bash_decorator.py
[2025-11-29T11:30:42.374+0000] {processor.py:925} INFO - DAG(s) 'example_bash_decorator' retrieved from /home/airflow/.local/lib/python3.12/site-packages/airflow/example_dags/example_bash_decorator.py
[2025-11-29T11:30:42.409+0000] {logging_mixin.py:190} INFO - [2025-11-29T11:30:42.409+0000] {dag.py:3239} INFO - Sync 1 DAGs
[2025-11-29T11:30:42.427+0000] {logging_mixin.py:190} INFO - [2025-11-29T11:30:42.427+0000] {dag.py:4180} INFO - Setting next_dagrun for example_bash_decorator to None, run_after=None
[2025-11-29T11:30:42.455+0000] {processor.py:208} INFO - Processing /home/airflow/.local/lib/python3.12/site-packages/airflow/example_dags/example_bash_decorator.py took 0.112 seconds
[2025-11-29T11:31:12.727+0000] {processor.py:186} INFO - Started process (PID=1753) to work on /home/airflow/.local/lib/python3.12/site-packages/airflow/example_dags/example_bash_decorator.py
[2025-11-29T11:31:12.729+0000] {processor.py:914} INFO - Processing file /home/airflow/.local/lib/python3.12/site-packages/airflow/example_dags/example_bash_decorator.py for tasks to queue
[2025-11-29T11:31:12.730+0000] {logging_mixin.py:190} INFO - [2025-11-29T11:31:12.730+0000] {dagbag.py:588} INFO - Filling up the DagBag from /home/airflow/.local/lib/python3.12/site-packages/airflow/example_dags/example_bash_decorator.py
[2025-11-29T11:31:12.754+0000] {processor.py:925} INFO - DAG(s) 'example_bash_decorator' retrieved from /home/airflow/.local/lib/python3.12/site-packages/airflow/example_dags/example_bash_decorator.py
[2025-11-29T11:31:12.790+0000] {logging_mixin.py:190} INFO - [2025-11-29T11:31:12.790+0000] {dag.py:3239} INFO - Sync 1 DAGs
[2025-11-29T11:31:12.817+0000] {logging_mixin.py:190} INFO - [2025-11-29T11:31:12.816+0000] {dag.py:4180} INFO - Setting next_dagrun for example_bash_decorator to None, run_after=None
[2025-11-29T11:31:12.859+0000] {processor.py:208} INFO - Processing /home/airflow/.local/lib/python3.12/site-packages/airflow/example_dags/example_bash_decorator.py took 0.140 seconds
[2025-11-29T11:31:43.459+0000] {processor.py:186} INFO - Started process (PID=1822) to work on /home/airflow/.local/lib/python3.12/site-packages/airflow/example_dags/example_bash_decorator.py
[2025-11-29T11:31:43.463+0000] {processor.py:914} INFO - Processing file /home/airflow/.local/lib/python3.12/site-packages/airflow/example_dags/example_bash_decorator.py for tasks to queue
[2025-11-29T11:31:43.470+0000] {logging_mixin.py:190} INFO - [2025-11-29T11:31:43.468+0000] {dagbag.py:588} INFO - Filling up the DagBag from /home/airflow/.local/lib/python3.12/site-packages/airflow/example_dags/example_bash_decorator.py
[2025-11-29T11:31:43.496+0000] {processor.py:925} INFO - DAG(s) 'example_bash_decorator' retrieved from /home/airflow/.local/lib/python3.12/site-packages/airflow/example_dags/example_bash_decorator.py
[2025-11-29T11:31:43.531+0000] {logging_mixin.py:190} INFO - [2025-11-29T11:31:43.530+0000] {dag.py:3239} INFO - Sync 1 DAGs
[2025-11-29T11:31:43.550+0000] {logging_mixin.py:190} INFO - [2025-11-29T11:31:43.550+0000] {dag.py:4180} INFO - Setting next_dagrun for example_bash_decorator to None, run_after=None
[2025-11-29T11:31:43.570+0000] {processor.py:208} INFO - Processing /home/airflow/.local/lib/python3.12/site-packages/airflow/example_dags/example_bash_decorator.py took 0.120 seconds
[2025-11-29T11:32:13.809+0000] {processor.py:186} INFO - Started process (PID=1890) to work on /home/airflow/.local/lib/python3.12/site-packages/airflow/example_dags/example_bash_decorator.py
[2025-11-29T11:32:13.810+0000] {processor.py:914} INFO - Processing file /home/airflow/.local/lib/python3.12/site-packages/airflow/example_dags/example_bash_decorator.py for tasks to queue
[2025-11-29T11:32:13.812+0000] {logging_mixin.py:190} INFO - [2025-11-29T11:32:13.812+0000] {dagbag.py:588} INFO - Filling up the DagBag from /home/airflow/.local/lib/python3.12/site-packages/airflow/example_dags/example_bash_decorator.py
[2025-11-29T11:32:13.834+0000] {processor.py:925} INFO - DAG(s) 'example_bash_decorator' retrieved from /home/airflow/.local/lib/python3.12/site-packages/airflow/example_dags/example_bash_decorator.py
[2025-11-29T11:32:13.860+0000] {logging_mixin.py:190} INFO - [2025-11-29T11:32:13.860+0000] {dag.py:3239} INFO - Sync 1 DAGs
[2025-11-29T11:32:13.877+0000] {logging_mixin.py:190} INFO - [2025-11-29T11:32:13.877+0000] {dag.py:4180} INFO - Setting next_dagrun for example_bash_decorator to None, run_after=None
[2025-11-29T11:32:13.899+0000] {processor.py:208} INFO - Processing /home/airflow/.local/lib/python3.12/site-packages/airflow/example_dags/example_bash_decorator.py took 0.097 seconds
[2025-11-29T11:32:44.259+0000] {processor.py:186} INFO - Started process (PID=1959) to work on /home/airflow/.local/lib/python3.12/site-packages/airflow/example_dags/example_bash_decorator.py
[2025-11-29T11:32:44.261+0000] {processor.py:914} INFO - Processing file /home/airflow/.local/lib/python3.12/site-packages/airflow/example_dags/example_bash_decorator.py for tasks to queue
[2025-11-29T11:32:44.263+0000] {logging_mixin.py:190} INFO - [2025-11-29T11:32:44.263+0000] {dagbag.py:588} INFO - Filling up the DagBag from /home/airflow/.local/lib/python3.12/site-packages/airflow/example_dags/example_bash_decorator.py
[2025-11-29T11:32:44.291+0000] {processor.py:925} INFO - DAG(s) 'example_bash_decorator' retrieved from /home/airflow/.local/lib/python3.12/site-packages/airflow/example_dags/example_bash_decorator.py
[2025-11-29T11:32:44.331+0000] {logging_mixin.py:190} INFO - [2025-11-29T11:32:44.331+0000] {dag.py:3239} INFO - Sync 1 DAGs
[2025-11-29T11:32:44.357+0000] {logging_mixin.py:190} INFO - [2025-11-29T11:32:44.357+0000] {dag.py:4180} INFO - Setting next_dagrun for example_bash_decorator to None, run_after=None
[2025-11-29T11:32:44.389+0000] {processor.py:208} INFO - Processing /home/airflow/.local/lib/python3.12/site-packages/airflow/example_dags/example_bash_decorator.py took 0.139 seconds
[2025-11-29T11:33:15.320+0000] {processor.py:186} INFO - Started process (PID=2027) to work on /home/airflow/.local/lib/python3.12/site-packages/airflow/example_dags/example_bash_decorator.py
[2025-11-29T11:33:15.321+0000] {processor.py:914} INFO - Processing file /home/airflow/.local/lib/python3.12/site-packages/airflow/example_dags/example_bash_decorator.py for tasks to queue
[2025-11-29T11:33:15.323+0000] {logging_mixin.py:190} INFO - [2025-11-29T11:33:15.323+0000] {dagbag.py:588} INFO - Filling up the DagBag from /home/airflow/.local/lib/python3.12/site-packages/airflow/example_dags/example_bash_decorator.py
[2025-11-29T11:33:15.343+0000] {processor.py:925} INFO - DAG(s) 'example_bash_decorator' retrieved from /home/airflow/.local/lib/python3.12/site-packages/airflow/example_dags/example_bash_decorator.py
[2025-11-29T11:33:15.373+0000] {logging_mixin.py:190} INFO - [2025-11-29T11:33:15.373+0000] {dag.py:3239} INFO - Sync 1 DAGs
[2025-11-29T11:33:15.391+0000] {logging_mixin.py:190} INFO - [2025-11-29T11:33:15.391+0000] {dag.py:4180} INFO - Setting next_dagrun for example_bash_decorator to None, run_after=None
[2025-11-29T11:33:15.417+0000] {processor.py:208} INFO - Processing /home/airflow/.local/lib/python3.12/site-packages/airflow/example_dags/example_bash_decorator.py took 0.106 seconds
[2025-11-29T11:33:45.531+0000] {processor.py:186} INFO - Started process (PID=2094) to work on /home/airflow/.local/lib/python3.12/site-packages/airflow/example_dags/example_bash_decorator.py
[2025-11-29T11:33:45.533+0000] {processor.py:914} INFO - Processing file /home/airflow/.local/lib/python3.12/site-packages/airflow/example_dags/example_bash_decorator.py for tasks to queue
[2025-11-29T11:33:45.535+0000] {logging_mixin.py:190} INFO - [2025-11-29T11:33:45.534+0000] {dagbag.py:588} INFO - Filling up the DagBag from /home/airflow/.local/lib/python3.12/site-packages/airflow/example_dags/example_bash_decorator.py
[2025-11-29T11:33:45.557+0000] {processor.py:925} INFO - DAG(s) 'example_bash_decorator' retrieved from /home/airflow/.local/lib/python3.12/site-packages/airflow/example_dags/example_bash_decorator.py
[2025-11-29T11:33:45.588+0000] {logging_mixin.py:190} INFO - [2025-11-29T11:33:45.588+0000] {dag.py:3239} INFO - Sync 1 DAGs
[2025-11-29T11:33:45.609+0000] {logging_mixin.py:190} INFO - [2025-11-29T11:33:45.609+0000] {dag.py:4180} INFO - Setting next_dagrun for example_bash_decorator to None, run_after=None
[2025-11-29T11:33:45.633+0000] {processor.py:208} INFO - Processing /home/airflow/.local/lib/python3.12/site-packages/airflow/example_dags/example_bash_decorator.py took 0.111 seconds
[2025-11-29T11:34:15.919+0000] {processor.py:186} INFO - Started process (PID=2162) to work on /home/airflow/.local/lib/python3.12/site-packages/airflow/example_dags/example_bash_decorator.py
[2025-11-29T11:34:15.920+0000] {processor.py:914} INFO - Processing file /home/airflow/.local/lib/python3.12/site-packages/airflow/example_dags/example_bash_decorator.py for tasks to queue
[2025-11-29T11:34:15.923+0000] {logging_mixin.py:190} INFO - [2025-11-29T11:34:15.922+0000] {dagbag.py:588} INFO - Filling up the DagBag from /home/airflow/.local/lib/python3.12/site-packages/airflow/example_dags/example_bash_decorator.py
[2025-11-29T11:34:15.952+0000] {processor.py:925} INFO - DAG(s) 'example_bash_decorator' retrieved from /home/airflow/.local/lib/python3.12/site-packages/airflow/example_dags/example_bash_decorator.py
[2025-11-29T11:34:15.987+0000] {logging_mixin.py:190} INFO - [2025-11-29T11:34:15.986+0000] {dag.py:3239} INFO - Sync 1 DAGs
[2025-11-29T11:34:16.008+0000] {logging_mixin.py:190} INFO - [2025-11-29T11:34:16.008+0000] {dag.py:4180} INFO - Setting next_dagrun for example_bash_decorator to None, run_after=None
[2025-11-29T11:34:16.034+0000] {processor.py:208} INFO - Processing /home/airflow/.local/lib/python3.12/site-packages/airflow/example_dags/example_bash_decorator.py took 0.124 seconds
[2025-11-29T11:34:46.881+0000] {processor.py:186} INFO - Started process (PID=2231) to work on /home/airflow/.local/lib/python3.12/site-packages/airflow/example_dags/example_bash_decorator.py
[2025-11-29T11:34:46.883+0000] {processor.py:914} INFO - Processing file /home/airflow/.local/lib/python3.12/site-packages/airflow/example_dags/example_bash_decorator.py for tasks to queue
[2025-11-29T11:34:46.886+0000] {logging_mixin.py:190} INFO - [2025-11-29T11:34:46.885+0000] {dagbag.py:588} INFO - Filling up the DagBag from /home/airflow/.local/lib/python3.12/site-packages/airflow/example_dags/example_bash_decorator.py
[2025-11-29T11:34:46.907+0000] {processor.py:925} INFO - DAG(s) 'example_bash_decorator' retrieved from /home/airflow/.local/lib/python3.12/site-packages/airflow/example_dags/example_bash_decorator.py
[2025-11-29T11:34:46.937+0000] {logging_mixin.py:190} INFO - [2025-11-29T11:34:46.936+0000] {dag.py:3239} INFO - Sync 1 DAGs
[2025-11-29T11:34:46.957+0000] {logging_mixin.py:190} INFO - [2025-11-29T11:34:46.957+0000] {dag.py:4180} INFO - Setting next_dagrun for example_bash_decorator to None, run_after=None
[2025-11-29T11:34:46.982+0000] {processor.py:208} INFO - Processing /home/airflow/.local/lib/python3.12/site-packages/airflow/example_dags/example_bash_decorator.py took 0.109 seconds
[2025-11-29T11:35:17.294+0000] {processor.py:186} INFO - Started process (PID=2299) to work on /home/airflow/.local/lib/python3.12/site-packages/airflow/example_dags/example_bash_decorator.py
[2025-11-29T11:35:17.296+0000] {processor.py:914} INFO - Processing file /home/airflow/.local/lib/python3.12/site-packages/airflow/example_dags/example_bash_decorator.py for tasks to queue
[2025-11-29T11:35:17.298+0000] {logging_mixin.py:190} INFO - [2025-11-29T11:35:17.297+0000] {dagbag.py:588} INFO - Filling up the DagBag from /home/airflow/.local/lib/python3.12/site-packages/airflow/example_dags/example_bash_decorator.py
[2025-11-29T11:35:17.320+0000] {processor.py:925} INFO - DAG(s) 'example_bash_decorator' retrieved from /home/airflow/.local/lib/python3.12/site-packages/airflow/example_dags/example_bash_decorator.py
[2025-11-29T11:35:17.351+0000] {logging_mixin.py:190} INFO - [2025-11-29T11:35:17.351+0000] {dag.py:3239} INFO - Sync 1 DAGs
[2025-11-29T11:35:17.369+0000] {logging_mixin.py:190} INFO - [2025-11-29T11:35:17.369+0000] {dag.py:4180} INFO - Setting next_dagrun for example_bash_decorator to None, run_after=None
[2025-11-29T11:35:17.390+0000] {processor.py:208} INFO - Processing /home/airflow/.local/lib/python3.12/site-packages/airflow/example_dags/example_bash_decorator.py took 0.106 seconds
[2025-11-29T11:35:47.503+0000] {processor.py:186} INFO - Started process (PID=2368) to work on /home/airflow/.local/lib/python3.12/site-packages/airflow/example_dags/example_bash_decorator.py
[2025-11-29T11:35:47.505+0000] {processor.py:914} INFO - Processing file /home/airflow/.local/lib/python3.12/site-packages/airflow/example_dags/example_bash_decorator.py for tasks to queue
[2025-11-29T11:35:47.508+0000] {logging_mixin.py:190} INFO - [2025-11-29T11:35:47.507+0000] {dagbag.py:588} INFO - Filling up the DagBag from /home/airflow/.local/lib/python3.12/site-packages/airflow/example_dags/example_bash_decorator.py
[2025-11-29T11:35:47.530+0000] {processor.py:925} INFO - DAG(s) 'example_bash_decorator' retrieved from /home/airflow/.local/lib/python3.12/site-packages/airflow/example_dags/example_bash_decorator.py
[2025-11-29T11:35:47.559+0000] {logging_mixin.py:190} INFO - [2025-11-29T11:35:47.559+0000] {dag.py:3239} INFO - Sync 1 DAGs
[2025-11-29T11:35:47.577+0000] {logging_mixin.py:190} INFO - [2025-11-29T11:35:47.577+0000] {dag.py:4180} INFO - Setting next_dagrun for example_bash_decorator to None, run_after=None
[2025-11-29T11:35:47.601+0000] {processor.py:208} INFO - Processing /home/airflow/.local/lib/python3.12/site-packages/airflow/example_dags/example_bash_decorator.py took 0.110 seconds
[2025-11-29T11:36:18.250+0000] {processor.py:186} INFO - Started process (PID=2438) to work on /home/airflow/.local/lib/python3.12/site-packages/airflow/example_dags/example_bash_decorator.py
[2025-11-29T11:36:18.251+0000] {processor.py:914} INFO - Processing file /home/airflow/.local/lib/python3.12/site-packages/airflow/example_dags/example_bash_decorator.py for tasks to queue
[2025-11-29T11:36:18.253+0000] {logging_mixin.py:190} INFO - [2025-11-29T11:36:18.252+0000] {dagbag.py:588} INFO - Filling up the DagBag from /home/airflow/.local/lib/python3.12/site-packages/airflow/example_dags/example_bash_decorator.py
[2025-11-29T11:36:18.272+0000] {processor.py:925} INFO - DAG(s) 'example_bash_decorator' retrieved from /home/airflow/.local/lib/python3.12/site-packages/airflow/example_dags/example_bash_decorator.py
[2025-11-29T11:36:18.302+0000] {logging_mixin.py:190} INFO - [2025-11-29T11:36:18.301+0000] {dag.py:3239} INFO - Sync 1 DAGs
[2025-11-29T11:36:18.321+0000] {logging_mixin.py:190} INFO - [2025-11-29T11:36:18.321+0000] {dag.py:4180} INFO - Setting next_dagrun for example_bash_decorator to None, run_after=None
[2025-11-29T11:36:18.343+0000] {processor.py:208} INFO - Processing /home/airflow/.local/lib/python3.12/site-packages/airflow/example_dags/example_bash_decorator.py took 0.101 seconds
[2025-11-29T11:36:49.003+0000] {processor.py:186} INFO - Started process (PID=2506) to work on /home/airflow/.local/lib/python3.12/site-packages/airflow/example_dags/example_bash_decorator.py
[2025-11-29T11:36:49.004+0000] {processor.py:914} INFO - Processing file /home/airflow/.local/lib/python3.12/site-packages/airflow/example_dags/example_bash_decorator.py for tasks to queue
[2025-11-29T11:36:49.006+0000] {logging_mixin.py:190} INFO - [2025-11-29T11:36:49.005+0000] {dagbag.py:588} INFO - Filling up the DagBag from /home/airflow/.local/lib/python3.12/site-packages/airflow/example_dags/example_bash_decorator.py
[2025-11-29T11:36:49.024+0000] {processor.py:925} INFO - DAG(s) 'example_bash_decorator' retrieved from /home/airflow/.local/lib/python3.12/site-packages/airflow/example_dags/example_bash_decorator.py
[2025-11-29T11:36:49.052+0000] {logging_mixin.py:190} INFO - [2025-11-29T11:36:49.052+0000] {dag.py:3239} INFO - Sync 1 DAGs
[2025-11-29T11:36:49.068+0000] {logging_mixin.py:190} INFO - [2025-11-29T11:36:49.068+0000] {dag.py:4180} INFO - Setting next_dagrun for example_bash_decorator to None, run_after=None
[2025-11-29T11:36:49.092+0000] {processor.py:208} INFO - Processing /home/airflow/.local/lib/python3.12/site-packages/airflow/example_dags/example_bash_decorator.py took 0.096 seconds
[2025-11-29T11:37:19.893+0000] {processor.py:186} INFO - Started process (PID=2573) to work on /home/airflow/.local/lib/python3.12/site-packages/airflow/example_dags/example_bash_decorator.py
[2025-11-29T11:37:19.894+0000] {processor.py:914} INFO - Processing file /home/airflow/.local/lib/python3.12/site-packages/airflow/example_dags/example_bash_decorator.py for tasks to queue
[2025-11-29T11:37:19.896+0000] {logging_mixin.py:190} INFO - [2025-11-29T11:37:19.895+0000] {dagbag.py:588} INFO - Filling up the DagBag from /home/airflow/.local/lib/python3.12/site-packages/airflow/example_dags/example_bash_decorator.py
[2025-11-29T11:37:19.915+0000] {processor.py:925} INFO - DAG(s) 'example_bash_decorator' retrieved from /home/airflow/.local/lib/python3.12/site-packages/airflow/example_dags/example_bash_decorator.py
[2025-11-29T11:37:19.943+0000] {logging_mixin.py:190} INFO - [2025-11-29T11:37:19.943+0000] {dag.py:3239} INFO - Sync 1 DAGs
[2025-11-29T11:37:19.960+0000] {logging_mixin.py:190} INFO - [2025-11-29T11:37:19.960+0000] {dag.py:4180} INFO - Setting next_dagrun for example_bash_decorator to None, run_after=None
[2025-11-29T11:37:19.981+0000] {processor.py:208} INFO - Processing /home/airflow/.local/lib/python3.12/site-packages/airflow/example_dags/example_bash_decorator.py took 0.097 seconds
