[2025-11-29T11:19:05.886+0000] {processor.py:186} INFO - Started process (PID=143) to work on /home/airflow/.local/lib/python3.12/site-packages/airflow/example_dags/example_latest_only_with_trigger.py
[2025-11-29T11:19:05.888+0000] {processor.py:914} INFO - Processing file /home/airflow/.local/lib/python3.12/site-packages/airflow/example_dags/example_latest_only_with_trigger.py for tasks to queue
[2025-11-29T11:19:05.892+0000] {logging_mixin.py:190} INFO - [2025-11-29T11:19:05.891+0000] {dagbag.py:588} INFO - Filling up the DagBag from /home/airflow/.local/lib/python3.12/site-packages/airflow/example_dags/example_latest_only_with_trigger.py
[2025-11-29T11:19:05.904+0000] {processor.py:925} INFO - DAG(s) 'latest_only_with_trigger' retrieved from /home/airflow/.local/lib/python3.12/site-packages/airflow/example_dags/example_latest_only_with_trigger.py
[2025-11-29T11:19:06.107+0000] {logging_mixin.py:190} INFO - [2025-11-29T11:19:06.106+0000] {override.py:1911} INFO - Created Permission View: can delete on DAG:latest_only_with_trigger
[2025-11-29T11:19:06.126+0000] {logging_mixin.py:190} INFO - [2025-11-29T11:19:06.125+0000] {override.py:1911} INFO - Created Permission View: can read on DAG:latest_only_with_trigger
[2025-11-29T11:19:06.140+0000] {logging_mixin.py:190} INFO - [2025-11-29T11:19:06.139+0000] {override.py:1911} INFO - Created Permission View: can edit on DAG:latest_only_with_trigger
[2025-11-29T11:19:06.157+0000] {logging_mixin.py:190} INFO - [2025-11-29T11:19:06.156+0000] {override.py:1911} INFO - Created Permission View: menu access on DAG Run:latest_only_with_trigger
[2025-11-29T11:19:06.170+0000] {logging_mixin.py:190} INFO - [2025-11-29T11:19:06.169+0000] {override.py:1911} INFO - Created Permission View: can delete on DAG Run:latest_only_with_trigger
[2025-11-29T11:19:06.183+0000] {logging_mixin.py:190} INFO - [2025-11-29T11:19:06.183+0000] {override.py:1911} INFO - Created Permission View: can read on DAG Run:latest_only_with_trigger
[2025-11-29T11:19:06.197+0000] {logging_mixin.py:190} INFO - [2025-11-29T11:19:06.197+0000] {override.py:1911} INFO - Created Permission View: can create on DAG Run:latest_only_with_trigger
[2025-11-29T11:19:06.199+0000] {logging_mixin.py:190} INFO - [2025-11-29T11:19:06.198+0000] {dag.py:3239} INFO - Sync 1 DAGs
[2025-11-29T11:19:06.214+0000] {logging_mixin.py:190} INFO - [2025-11-29T11:19:06.213+0000] {dag.py:3262} INFO - Creating ORM DAG for latest_only_with_trigger
[2025-11-29T11:19:06.227+0000] {logging_mixin.py:190} INFO - [2025-11-29T11:19:06.227+0000] {dag.py:4180} INFO - Setting next_dagrun for latest_only_with_trigger to 2025-11-29 04:00:00+00:00, run_after=2025-11-29 08:00:00+00:00
[2025-11-29T11:19:06.251+0000] {processor.py:208} INFO - Processing /home/airflow/.local/lib/python3.12/site-packages/airflow/example_dags/example_latest_only_with_trigger.py took 0.372 seconds
[2025-11-29T11:19:36.704+0000] {processor.py:186} INFO - Started process (PID=211) to work on /home/airflow/.local/lib/python3.12/site-packages/airflow/example_dags/example_latest_only_with_trigger.py
[2025-11-29T11:19:36.705+0000] {processor.py:914} INFO - Processing file /home/airflow/.local/lib/python3.12/site-packages/airflow/example_dags/example_latest_only_with_trigger.py for tasks to queue
[2025-11-29T11:19:36.709+0000] {logging_mixin.py:190} INFO - [2025-11-29T11:19:36.709+0000] {dagbag.py:588} INFO - Filling up the DagBag from /home/airflow/.local/lib/python3.12/site-packages/airflow/example_dags/example_latest_only_with_trigger.py
[2025-11-29T11:19:36.720+0000] {processor.py:925} INFO - DAG(s) 'latest_only_with_trigger' retrieved from /home/airflow/.local/lib/python3.12/site-packages/airflow/example_dags/example_latest_only_with_trigger.py
[2025-11-29T11:19:36.749+0000] {logging_mixin.py:190} INFO - [2025-11-29T11:19:36.748+0000] {dag.py:3239} INFO - Sync 1 DAGs
[2025-11-29T11:19:36.779+0000] {logging_mixin.py:190} INFO - [2025-11-29T11:19:36.779+0000] {dag.py:4180} INFO - Setting next_dagrun for latest_only_with_trigger to 2025-11-29 04:00:00+00:00, run_after=2025-11-29 08:00:00+00:00
[2025-11-29T11:19:36.818+0000] {processor.py:208} INFO - Processing /home/airflow/.local/lib/python3.12/site-packages/airflow/example_dags/example_latest_only_with_trigger.py took 0.122 seconds
[2025-11-29T11:20:07.026+0000] {processor.py:186} INFO - Started process (PID=280) to work on /home/airflow/.local/lib/python3.12/site-packages/airflow/example_dags/example_latest_only_with_trigger.py
[2025-11-29T11:20:07.027+0000] {processor.py:914} INFO - Processing file /home/airflow/.local/lib/python3.12/site-packages/airflow/example_dags/example_latest_only_with_trigger.py for tasks to queue
[2025-11-29T11:20:07.031+0000] {logging_mixin.py:190} INFO - [2025-11-29T11:20:07.031+0000] {dagbag.py:588} INFO - Filling up the DagBag from /home/airflow/.local/lib/python3.12/site-packages/airflow/example_dags/example_latest_only_with_trigger.py
[2025-11-29T11:20:07.042+0000] {processor.py:925} INFO - DAG(s) 'latest_only_with_trigger' retrieved from /home/airflow/.local/lib/python3.12/site-packages/airflow/example_dags/example_latest_only_with_trigger.py
[2025-11-29T11:20:07.067+0000] {logging_mixin.py:190} INFO - [2025-11-29T11:20:07.067+0000] {dag.py:3239} INFO - Sync 1 DAGs
[2025-11-29T11:20:07.091+0000] {logging_mixin.py:190} INFO - [2025-11-29T11:20:07.091+0000] {dag.py:4180} INFO - Setting next_dagrun for latest_only_with_trigger to 2025-11-29 04:00:00+00:00, run_after=2025-11-29 08:00:00+00:00
[2025-11-29T11:20:07.112+0000] {processor.py:208} INFO - Processing /home/airflow/.local/lib/python3.12/site-packages/airflow/example_dags/example_latest_only_with_trigger.py took 0.094 seconds
[2025-11-29T11:20:37.230+0000] {processor.py:186} INFO - Started process (PID=349) to work on /home/airflow/.local/lib/python3.12/site-packages/airflow/example_dags/example_latest_only_with_trigger.py
[2025-11-29T11:20:37.232+0000] {processor.py:914} INFO - Processing file /home/airflow/.local/lib/python3.12/site-packages/airflow/example_dags/example_latest_only_with_trigger.py for tasks to queue
[2025-11-29T11:20:37.236+0000] {logging_mixin.py:190} INFO - [2025-11-29T11:20:37.235+0000] {dagbag.py:588} INFO - Filling up the DagBag from /home/airflow/.local/lib/python3.12/site-packages/airflow/example_dags/example_latest_only_with_trigger.py
[2025-11-29T11:20:37.248+0000] {processor.py:925} INFO - DAG(s) 'latest_only_with_trigger' retrieved from /home/airflow/.local/lib/python3.12/site-packages/airflow/example_dags/example_latest_only_with_trigger.py
[2025-11-29T11:20:37.280+0000] {logging_mixin.py:190} INFO - [2025-11-29T11:20:37.280+0000] {dag.py:3239} INFO - Sync 1 DAGs
[2025-11-29T11:20:37.307+0000] {logging_mixin.py:190} INFO - [2025-11-29T11:20:37.307+0000] {dag.py:4180} INFO - Setting next_dagrun for latest_only_with_trigger to 2025-11-29 04:00:00+00:00, run_after=2025-11-29 08:00:00+00:00
[2025-11-29T11:20:37.329+0000] {processor.py:208} INFO - Processing /home/airflow/.local/lib/python3.12/site-packages/airflow/example_dags/example_latest_only_with_trigger.py took 0.108 seconds
[2025-11-29T11:21:08.206+0000] {processor.py:186} INFO - Started process (PID=417) to work on /home/airflow/.local/lib/python3.12/site-packages/airflow/example_dags/example_latest_only_with_trigger.py
[2025-11-29T11:21:08.208+0000] {processor.py:914} INFO - Processing file /home/airflow/.local/lib/python3.12/site-packages/airflow/example_dags/example_latest_only_with_trigger.py for tasks to queue
[2025-11-29T11:21:08.213+0000] {logging_mixin.py:190} INFO - [2025-11-29T11:21:08.211+0000] {dagbag.py:588} INFO - Filling up the DagBag from /home/airflow/.local/lib/python3.12/site-packages/airflow/example_dags/example_latest_only_with_trigger.py
[2025-11-29T11:21:08.225+0000] {processor.py:925} INFO - DAG(s) 'latest_only_with_trigger' retrieved from /home/airflow/.local/lib/python3.12/site-packages/airflow/example_dags/example_latest_only_with_trigger.py
[2025-11-29T11:21:08.255+0000] {logging_mixin.py:190} INFO - [2025-11-29T11:21:08.254+0000] {dag.py:3239} INFO - Sync 1 DAGs
[2025-11-29T11:21:08.283+0000] {logging_mixin.py:190} INFO - [2025-11-29T11:21:08.283+0000] {dag.py:4180} INFO - Setting next_dagrun for latest_only_with_trigger to 2025-11-29 04:00:00+00:00, run_after=2025-11-29 08:00:00+00:00
[2025-11-29T11:21:08.309+0000] {processor.py:208} INFO - Processing /home/airflow/.local/lib/python3.12/site-packages/airflow/example_dags/example_latest_only_with_trigger.py took 0.112 seconds
[2025-11-29T11:21:38.838+0000] {processor.py:186} INFO - Started process (PID=485) to work on /home/airflow/.local/lib/python3.12/site-packages/airflow/example_dags/example_latest_only_with_trigger.py
[2025-11-29T11:21:38.840+0000] {processor.py:914} INFO - Processing file /home/airflow/.local/lib/python3.12/site-packages/airflow/example_dags/example_latest_only_with_trigger.py for tasks to queue
[2025-11-29T11:21:38.844+0000] {logging_mixin.py:190} INFO - [2025-11-29T11:21:38.844+0000] {dagbag.py:588} INFO - Filling up the DagBag from /home/airflow/.local/lib/python3.12/site-packages/airflow/example_dags/example_latest_only_with_trigger.py
[2025-11-29T11:21:38.855+0000] {processor.py:925} INFO - DAG(s) 'latest_only_with_trigger' retrieved from /home/airflow/.local/lib/python3.12/site-packages/airflow/example_dags/example_latest_only_with_trigger.py
[2025-11-29T11:21:38.884+0000] {logging_mixin.py:190} INFO - [2025-11-29T11:21:38.883+0000] {dag.py:3239} INFO - Sync 1 DAGs
[2025-11-29T11:21:38.909+0000] {logging_mixin.py:190} INFO - [2025-11-29T11:21:38.909+0000] {dag.py:4180} INFO - Setting next_dagrun for latest_only_with_trigger to 2025-11-29 04:00:00+00:00, run_after=2025-11-29 08:00:00+00:00
[2025-11-29T11:21:38.933+0000] {processor.py:208} INFO - Processing /home/airflow/.local/lib/python3.12/site-packages/airflow/example_dags/example_latest_only_with_trigger.py took 0.103 seconds
[2025-11-29T11:22:09.333+0000] {processor.py:186} INFO - Started process (PID=554) to work on /home/airflow/.local/lib/python3.12/site-packages/airflow/example_dags/example_latest_only_with_trigger.py
[2025-11-29T11:22:09.335+0000] {processor.py:914} INFO - Processing file /home/airflow/.local/lib/python3.12/site-packages/airflow/example_dags/example_latest_only_with_trigger.py for tasks to queue
[2025-11-29T11:22:09.339+0000] {logging_mixin.py:190} INFO - [2025-11-29T11:22:09.339+0000] {dagbag.py:588} INFO - Filling up the DagBag from /home/airflow/.local/lib/python3.12/site-packages/airflow/example_dags/example_latest_only_with_trigger.py
[2025-11-29T11:22:09.350+0000] {processor.py:925} INFO - DAG(s) 'latest_only_with_trigger' retrieved from /home/airflow/.local/lib/python3.12/site-packages/airflow/example_dags/example_latest_only_with_trigger.py
[2025-11-29T11:22:09.379+0000] {logging_mixin.py:190} INFO - [2025-11-29T11:22:09.379+0000] {dag.py:3239} INFO - Sync 1 DAGs
[2025-11-29T11:22:09.412+0000] {logging_mixin.py:190} INFO - [2025-11-29T11:22:09.411+0000] {dag.py:4180} INFO - Setting next_dagrun for latest_only_with_trigger to 2025-11-29 04:00:00+00:00, run_after=2025-11-29 08:00:00+00:00
[2025-11-29T11:22:09.436+0000] {processor.py:208} INFO - Processing /home/airflow/.local/lib/python3.12/site-packages/airflow/example_dags/example_latest_only_with_trigger.py took 0.111 seconds
[2025-11-29T11:22:39.927+0000] {processor.py:186} INFO - Started process (PID=623) to work on /home/airflow/.local/lib/python3.12/site-packages/airflow/example_dags/example_latest_only_with_trigger.py
[2025-11-29T11:22:39.929+0000] {processor.py:914} INFO - Processing file /home/airflow/.local/lib/python3.12/site-packages/airflow/example_dags/example_latest_only_with_trigger.py for tasks to queue
[2025-11-29T11:22:39.934+0000] {logging_mixin.py:190} INFO - [2025-11-29T11:22:39.933+0000] {dagbag.py:588} INFO - Filling up the DagBag from /home/airflow/.local/lib/python3.12/site-packages/airflow/example_dags/example_latest_only_with_trigger.py
[2025-11-29T11:22:39.945+0000] {processor.py:925} INFO - DAG(s) 'latest_only_with_trigger' retrieved from /home/airflow/.local/lib/python3.12/site-packages/airflow/example_dags/example_latest_only_with_trigger.py
[2025-11-29T11:22:39.973+0000] {logging_mixin.py:190} INFO - [2025-11-29T11:22:39.972+0000] {dag.py:3239} INFO - Sync 1 DAGs
[2025-11-29T11:22:40.001+0000] {logging_mixin.py:190} INFO - [2025-11-29T11:22:40.001+0000] {dag.py:4180} INFO - Setting next_dagrun for latest_only_with_trigger to 2025-11-29 04:00:00+00:00, run_after=2025-11-29 08:00:00+00:00
[2025-11-29T11:22:40.029+0000] {processor.py:208} INFO - Processing /home/airflow/.local/lib/python3.12/site-packages/airflow/example_dags/example_latest_only_with_trigger.py took 0.110 seconds
[2025-11-29T11:23:10.748+0000] {processor.py:186} INFO - Started process (PID=691) to work on /home/airflow/.local/lib/python3.12/site-packages/airflow/example_dags/example_latest_only_with_trigger.py
[2025-11-29T11:23:10.749+0000] {processor.py:914} INFO - Processing file /home/airflow/.local/lib/python3.12/site-packages/airflow/example_dags/example_latest_only_with_trigger.py for tasks to queue
[2025-11-29T11:23:10.754+0000] {logging_mixin.py:190} INFO - [2025-11-29T11:23:10.753+0000] {dagbag.py:588} INFO - Filling up the DagBag from /home/airflow/.local/lib/python3.12/site-packages/airflow/example_dags/example_latest_only_with_trigger.py
[2025-11-29T11:23:10.768+0000] {processor.py:925} INFO - DAG(s) 'latest_only_with_trigger' retrieved from /home/airflow/.local/lib/python3.12/site-packages/airflow/example_dags/example_latest_only_with_trigger.py
[2025-11-29T11:23:10.804+0000] {logging_mixin.py:190} INFO - [2025-11-29T11:23:10.803+0000] {dag.py:3239} INFO - Sync 1 DAGs
[2025-11-29T11:23:10.837+0000] {logging_mixin.py:190} INFO - [2025-11-29T11:23:10.837+0000] {dag.py:4180} INFO - Setting next_dagrun for latest_only_with_trigger to 2025-11-29 04:00:00+00:00, run_after=2025-11-29 08:00:00+00:00
[2025-11-29T11:23:10.868+0000] {processor.py:208} INFO - Processing /home/airflow/.local/lib/python3.12/site-packages/airflow/example_dags/example_latest_only_with_trigger.py took 0.128 seconds
[2025-11-29T11:23:40.988+0000] {processor.py:186} INFO - Started process (PID=759) to work on /home/airflow/.local/lib/python3.12/site-packages/airflow/example_dags/example_latest_only_with_trigger.py
[2025-11-29T11:23:40.989+0000] {processor.py:914} INFO - Processing file /home/airflow/.local/lib/python3.12/site-packages/airflow/example_dags/example_latest_only_with_trigger.py for tasks to queue
[2025-11-29T11:23:40.994+0000] {logging_mixin.py:190} INFO - [2025-11-29T11:23:40.993+0000] {dagbag.py:588} INFO - Filling up the DagBag from /home/airflow/.local/lib/python3.12/site-packages/airflow/example_dags/example_latest_only_with_trigger.py
[2025-11-29T11:23:41.006+0000] {processor.py:925} INFO - DAG(s) 'latest_only_with_trigger' retrieved from /home/airflow/.local/lib/python3.12/site-packages/airflow/example_dags/example_latest_only_with_trigger.py
[2025-11-29T11:23:41.038+0000] {logging_mixin.py:190} INFO - [2025-11-29T11:23:41.036+0000] {dag.py:3239} INFO - Sync 1 DAGs
[2025-11-29T11:23:41.064+0000] {logging_mixin.py:190} INFO - [2025-11-29T11:23:41.064+0000] {dag.py:4180} INFO - Setting next_dagrun for latest_only_with_trigger to 2025-11-29 04:00:00+00:00, run_after=2025-11-29 08:00:00+00:00
[2025-11-29T11:23:41.086+0000] {processor.py:208} INFO - Processing /home/airflow/.local/lib/python3.12/site-packages/airflow/example_dags/example_latest_only_with_trigger.py took 0.108 seconds
[2025-11-29T11:24:11.247+0000] {processor.py:186} INFO - Started process (PID=828) to work on /home/airflow/.local/lib/python3.12/site-packages/airflow/example_dags/example_latest_only_with_trigger.py
[2025-11-29T11:24:11.248+0000] {processor.py:914} INFO - Processing file /home/airflow/.local/lib/python3.12/site-packages/airflow/example_dags/example_latest_only_with_trigger.py for tasks to queue
[2025-11-29T11:24:11.250+0000] {logging_mixin.py:190} INFO - [2025-11-29T11:24:11.250+0000] {dagbag.py:588} INFO - Filling up the DagBag from /home/airflow/.local/lib/python3.12/site-packages/airflow/example_dags/example_latest_only_with_trigger.py
[2025-11-29T11:24:11.264+0000] {processor.py:925} INFO - DAG(s) 'latest_only_with_trigger' retrieved from /home/airflow/.local/lib/python3.12/site-packages/airflow/example_dags/example_latest_only_with_trigger.py
[2025-11-29T11:24:11.295+0000] {logging_mixin.py:190} INFO - [2025-11-29T11:24:11.295+0000] {dag.py:3239} INFO - Sync 1 DAGs
[2025-11-29T11:24:11.322+0000] {logging_mixin.py:190} INFO - [2025-11-29T11:24:11.322+0000] {dag.py:4180} INFO - Setting next_dagrun for latest_only_with_trigger to 2025-11-29 04:00:00+00:00, run_after=2025-11-29 08:00:00+00:00
[2025-11-29T11:24:11.345+0000] {processor.py:208} INFO - Processing /home/airflow/.local/lib/python3.12/site-packages/airflow/example_dags/example_latest_only_with_trigger.py took 0.106 seconds
[2025-11-29T11:24:41.492+0000] {processor.py:186} INFO - Started process (PID=896) to work on /home/airflow/.local/lib/python3.12/site-packages/airflow/example_dags/example_latest_only_with_trigger.py
[2025-11-29T11:24:41.493+0000] {processor.py:914} INFO - Processing file /home/airflow/.local/lib/python3.12/site-packages/airflow/example_dags/example_latest_only_with_trigger.py for tasks to queue
[2025-11-29T11:24:41.495+0000] {logging_mixin.py:190} INFO - [2025-11-29T11:24:41.494+0000] {dagbag.py:588} INFO - Filling up the DagBag from /home/airflow/.local/lib/python3.12/site-packages/airflow/example_dags/example_latest_only_with_trigger.py
[2025-11-29T11:24:41.507+0000] {processor.py:925} INFO - DAG(s) 'latest_only_with_trigger' retrieved from /home/airflow/.local/lib/python3.12/site-packages/airflow/example_dags/example_latest_only_with_trigger.py
[2025-11-29T11:24:41.533+0000] {logging_mixin.py:190} INFO - [2025-11-29T11:24:41.532+0000] {dag.py:3239} INFO - Sync 1 DAGs
[2025-11-29T11:24:41.557+0000] {logging_mixin.py:190} INFO - [2025-11-29T11:24:41.557+0000] {dag.py:4180} INFO - Setting next_dagrun for latest_only_with_trigger to 2025-11-29 04:00:00+00:00, run_after=2025-11-29 08:00:00+00:00
[2025-11-29T11:24:41.579+0000] {processor.py:208} INFO - Processing /home/airflow/.local/lib/python3.12/site-packages/airflow/example_dags/example_latest_only_with_trigger.py took 0.095 seconds
[2025-11-29T11:25:12.579+0000] {processor.py:186} INFO - Started process (PID=964) to work on /home/airflow/.local/lib/python3.12/site-packages/airflow/example_dags/example_latest_only_with_trigger.py
[2025-11-29T11:25:12.581+0000] {processor.py:914} INFO - Processing file /home/airflow/.local/lib/python3.12/site-packages/airflow/example_dags/example_latest_only_with_trigger.py for tasks to queue
[2025-11-29T11:25:12.583+0000] {logging_mixin.py:190} INFO - [2025-11-29T11:25:12.582+0000] {dagbag.py:588} INFO - Filling up the DagBag from /home/airflow/.local/lib/python3.12/site-packages/airflow/example_dags/example_latest_only_with_trigger.py
[2025-11-29T11:25:12.595+0000] {processor.py:925} INFO - DAG(s) 'latest_only_with_trigger' retrieved from /home/airflow/.local/lib/python3.12/site-packages/airflow/example_dags/example_latest_only_with_trigger.py
[2025-11-29T11:25:12.621+0000] {logging_mixin.py:190} INFO - [2025-11-29T11:25:12.621+0000] {dag.py:3239} INFO - Sync 1 DAGs
[2025-11-29T11:25:12.647+0000] {logging_mixin.py:190} INFO - [2025-11-29T11:25:12.647+0000] {dag.py:4180} INFO - Setting next_dagrun for latest_only_with_trigger to 2025-11-29 04:00:00+00:00, run_after=2025-11-29 08:00:00+00:00
[2025-11-29T11:25:12.670+0000] {processor.py:208} INFO - Processing /home/airflow/.local/lib/python3.12/site-packages/airflow/example_dags/example_latest_only_with_trigger.py took 0.099 seconds
[2025-11-29T11:25:42.777+0000] {processor.py:186} INFO - Started process (PID=1032) to work on /home/airflow/.local/lib/python3.12/site-packages/airflow/example_dags/example_latest_only_with_trigger.py
[2025-11-29T11:25:42.778+0000] {processor.py:914} INFO - Processing file /home/airflow/.local/lib/python3.12/site-packages/airflow/example_dags/example_latest_only_with_trigger.py for tasks to queue
[2025-11-29T11:25:42.780+0000] {logging_mixin.py:190} INFO - [2025-11-29T11:25:42.779+0000] {dagbag.py:588} INFO - Filling up the DagBag from /home/airflow/.local/lib/python3.12/site-packages/airflow/example_dags/example_latest_only_with_trigger.py
[2025-11-29T11:25:42.791+0000] {processor.py:925} INFO - DAG(s) 'latest_only_with_trigger' retrieved from /home/airflow/.local/lib/python3.12/site-packages/airflow/example_dags/example_latest_only_with_trigger.py
[2025-11-29T11:25:42.819+0000] {logging_mixin.py:190} INFO - [2025-11-29T11:25:42.819+0000] {dag.py:3239} INFO - Sync 1 DAGs
[2025-11-29T11:25:42.845+0000] {logging_mixin.py:190} INFO - [2025-11-29T11:25:42.845+0000] {dag.py:4180} INFO - Setting next_dagrun for latest_only_with_trigger to 2025-11-29 04:00:00+00:00, run_after=2025-11-29 08:00:00+00:00
[2025-11-29T11:25:42.869+0000] {processor.py:208} INFO - Processing /home/airflow/.local/lib/python3.12/site-packages/airflow/example_dags/example_latest_only_with_trigger.py took 0.101 seconds
[2025-11-29T11:26:13.331+0000] {processor.py:186} INFO - Started process (PID=1101) to work on /home/airflow/.local/lib/python3.12/site-packages/airflow/example_dags/example_latest_only_with_trigger.py
[2025-11-29T11:26:13.332+0000] {processor.py:914} INFO - Processing file /home/airflow/.local/lib/python3.12/site-packages/airflow/example_dags/example_latest_only_with_trigger.py for tasks to queue
[2025-11-29T11:26:13.335+0000] {logging_mixin.py:190} INFO - [2025-11-29T11:26:13.334+0000] {dagbag.py:588} INFO - Filling up the DagBag from /home/airflow/.local/lib/python3.12/site-packages/airflow/example_dags/example_latest_only_with_trigger.py
[2025-11-29T11:26:13.349+0000] {processor.py:925} INFO - DAG(s) 'latest_only_with_trigger' retrieved from /home/airflow/.local/lib/python3.12/site-packages/airflow/example_dags/example_latest_only_with_trigger.py
[2025-11-29T11:26:13.379+0000] {logging_mixin.py:190} INFO - [2025-11-29T11:26:13.378+0000] {dag.py:3239} INFO - Sync 1 DAGs
[2025-11-29T11:26:13.410+0000] {logging_mixin.py:190} INFO - [2025-11-29T11:26:13.409+0000] {dag.py:4180} INFO - Setting next_dagrun for latest_only_with_trigger to 2025-11-29 04:00:00+00:00, run_after=2025-11-29 08:00:00+00:00
[2025-11-29T11:26:13.440+0000] {processor.py:208} INFO - Processing /home/airflow/.local/lib/python3.12/site-packages/airflow/example_dags/example_latest_only_with_trigger.py took 0.117 seconds
[2025-11-29T11:26:43.769+0000] {processor.py:186} INFO - Started process (PID=1169) to work on /home/airflow/.local/lib/python3.12/site-packages/airflow/example_dags/example_latest_only_with_trigger.py
[2025-11-29T11:26:43.771+0000] {processor.py:914} INFO - Processing file /home/airflow/.local/lib/python3.12/site-packages/airflow/example_dags/example_latest_only_with_trigger.py for tasks to queue
[2025-11-29T11:26:43.773+0000] {logging_mixin.py:190} INFO - [2025-11-29T11:26:43.772+0000] {dagbag.py:588} INFO - Filling up the DagBag from /home/airflow/.local/lib/python3.12/site-packages/airflow/example_dags/example_latest_only_with_trigger.py
[2025-11-29T11:26:43.784+0000] {processor.py:925} INFO - DAG(s) 'latest_only_with_trigger' retrieved from /home/airflow/.local/lib/python3.12/site-packages/airflow/example_dags/example_latest_only_with_trigger.py
[2025-11-29T11:26:43.812+0000] {logging_mixin.py:190} INFO - [2025-11-29T11:26:43.811+0000] {dag.py:3239} INFO - Sync 1 DAGs
[2025-11-29T11:26:43.837+0000] {logging_mixin.py:190} INFO - [2025-11-29T11:26:43.837+0000] {dag.py:4180} INFO - Setting next_dagrun for latest_only_with_trigger to 2025-11-29 04:00:00+00:00, run_after=2025-11-29 08:00:00+00:00
[2025-11-29T11:26:43.861+0000] {processor.py:208} INFO - Processing /home/airflow/.local/lib/python3.12/site-packages/airflow/example_dags/example_latest_only_with_trigger.py took 0.099 seconds
[2025-11-29T11:27:14.563+0000] {processor.py:186} INFO - Started process (PID=1237) to work on /home/airflow/.local/lib/python3.12/site-packages/airflow/example_dags/example_latest_only_with_trigger.py
[2025-11-29T11:27:14.564+0000] {processor.py:914} INFO - Processing file /home/airflow/.local/lib/python3.12/site-packages/airflow/example_dags/example_latest_only_with_trigger.py for tasks to queue
[2025-11-29T11:27:14.566+0000] {logging_mixin.py:190} INFO - [2025-11-29T11:27:14.566+0000] {dagbag.py:588} INFO - Filling up the DagBag from /home/airflow/.local/lib/python3.12/site-packages/airflow/example_dags/example_latest_only_with_trigger.py
[2025-11-29T11:27:14.579+0000] {processor.py:925} INFO - DAG(s) 'latest_only_with_trigger' retrieved from /home/airflow/.local/lib/python3.12/site-packages/airflow/example_dags/example_latest_only_with_trigger.py
[2025-11-29T11:27:14.606+0000] {logging_mixin.py:190} INFO - [2025-11-29T11:27:14.605+0000] {dag.py:3239} INFO - Sync 1 DAGs
[2025-11-29T11:27:14.635+0000] {logging_mixin.py:190} INFO - [2025-11-29T11:27:14.635+0000] {dag.py:4180} INFO - Setting next_dagrun for latest_only_with_trigger to 2025-11-29 04:00:00+00:00, run_after=2025-11-29 08:00:00+00:00
[2025-11-29T11:27:14.657+0000] {processor.py:208} INFO - Processing /home/airflow/.local/lib/python3.12/site-packages/airflow/example_dags/example_latest_only_with_trigger.py took 0.102 seconds
[2025-11-29T11:27:45.554+0000] {processor.py:186} INFO - Started process (PID=1305) to work on /home/airflow/.local/lib/python3.12/site-packages/airflow/example_dags/example_latest_only_with_trigger.py
[2025-11-29T11:27:45.555+0000] {processor.py:914} INFO - Processing file /home/airflow/.local/lib/python3.12/site-packages/airflow/example_dags/example_latest_only_with_trigger.py for tasks to queue
[2025-11-29T11:27:45.557+0000] {logging_mixin.py:190} INFO - [2025-11-29T11:27:45.557+0000] {dagbag.py:588} INFO - Filling up the DagBag from /home/airflow/.local/lib/python3.12/site-packages/airflow/example_dags/example_latest_only_with_trigger.py
[2025-11-29T11:27:45.572+0000] {processor.py:925} INFO - DAG(s) 'latest_only_with_trigger' retrieved from /home/airflow/.local/lib/python3.12/site-packages/airflow/example_dags/example_latest_only_with_trigger.py
[2025-11-29T11:27:45.604+0000] {logging_mixin.py:190} INFO - [2025-11-29T11:27:45.604+0000] {dag.py:3239} INFO - Sync 1 DAGs
[2025-11-29T11:27:45.632+0000] {logging_mixin.py:190} INFO - [2025-11-29T11:27:45.632+0000] {dag.py:4180} INFO - Setting next_dagrun for latest_only_with_trigger to 2025-11-29 04:00:00+00:00, run_after=2025-11-29 08:00:00+00:00
[2025-11-29T11:27:45.661+0000] {processor.py:208} INFO - Processing /home/airflow/.local/lib/python3.12/site-packages/airflow/example_dags/example_latest_only_with_trigger.py took 0.115 seconds
[2025-11-29T11:28:16.076+0000] {processor.py:186} INFO - Started process (PID=1374) to work on /home/airflow/.local/lib/python3.12/site-packages/airflow/example_dags/example_latest_only_with_trigger.py
[2025-11-29T11:28:16.077+0000] {processor.py:914} INFO - Processing file /home/airflow/.local/lib/python3.12/site-packages/airflow/example_dags/example_latest_only_with_trigger.py for tasks to queue
[2025-11-29T11:28:16.079+0000] {logging_mixin.py:190} INFO - [2025-11-29T11:28:16.079+0000] {dagbag.py:588} INFO - Filling up the DagBag from /home/airflow/.local/lib/python3.12/site-packages/airflow/example_dags/example_latest_only_with_trigger.py
[2025-11-29T11:28:16.091+0000] {processor.py:925} INFO - DAG(s) 'latest_only_with_trigger' retrieved from /home/airflow/.local/lib/python3.12/site-packages/airflow/example_dags/example_latest_only_with_trigger.py
[2025-11-29T11:28:16.118+0000] {logging_mixin.py:190} INFO - [2025-11-29T11:28:16.118+0000] {dag.py:3239} INFO - Sync 1 DAGs
[2025-11-29T11:28:16.142+0000] {logging_mixin.py:190} INFO - [2025-11-29T11:28:16.142+0000] {dag.py:4180} INFO - Setting next_dagrun for latest_only_with_trigger to 2025-11-29 04:00:00+00:00, run_after=2025-11-29 08:00:00+00:00
[2025-11-29T11:28:16.174+0000] {processor.py:208} INFO - Processing /home/airflow/.local/lib/python3.12/site-packages/airflow/example_dags/example_latest_only_with_trigger.py took 0.106 seconds
[2025-11-29T11:28:46.322+0000] {processor.py:186} INFO - Started process (PID=1442) to work on /home/airflow/.local/lib/python3.12/site-packages/airflow/example_dags/example_latest_only_with_trigger.py
[2025-11-29T11:28:46.323+0000] {processor.py:914} INFO - Processing file /home/airflow/.local/lib/python3.12/site-packages/airflow/example_dags/example_latest_only_with_trigger.py for tasks to queue
[2025-11-29T11:28:46.325+0000] {logging_mixin.py:190} INFO - [2025-11-29T11:28:46.324+0000] {dagbag.py:588} INFO - Filling up the DagBag from /home/airflow/.local/lib/python3.12/site-packages/airflow/example_dags/example_latest_only_with_trigger.py
[2025-11-29T11:28:46.337+0000] {processor.py:925} INFO - DAG(s) 'latest_only_with_trigger' retrieved from /home/airflow/.local/lib/python3.12/site-packages/airflow/example_dags/example_latest_only_with_trigger.py
[2025-11-29T11:28:46.363+0000] {logging_mixin.py:190} INFO - [2025-11-29T11:28:46.363+0000] {dag.py:3239} INFO - Sync 1 DAGs
[2025-11-29T11:28:46.388+0000] {logging_mixin.py:190} INFO - [2025-11-29T11:28:46.388+0000] {dag.py:4180} INFO - Setting next_dagrun for latest_only_with_trigger to 2025-11-29 04:00:00+00:00, run_after=2025-11-29 08:00:00+00:00
[2025-11-29T11:28:46.411+0000] {processor.py:208} INFO - Processing /home/airflow/.local/lib/python3.12/site-packages/airflow/example_dags/example_latest_only_with_trigger.py took 0.097 seconds
[2025-11-29T11:29:17.287+0000] {processor.py:186} INFO - Started process (PID=1510) to work on /home/airflow/.local/lib/python3.12/site-packages/airflow/example_dags/example_latest_only_with_trigger.py
[2025-11-29T11:29:17.289+0000] {processor.py:914} INFO - Processing file /home/airflow/.local/lib/python3.12/site-packages/airflow/example_dags/example_latest_only_with_trigger.py for tasks to queue
[2025-11-29T11:29:17.291+0000] {logging_mixin.py:190} INFO - [2025-11-29T11:29:17.290+0000] {dagbag.py:588} INFO - Filling up the DagBag from /home/airflow/.local/lib/python3.12/site-packages/airflow/example_dags/example_latest_only_with_trigger.py
[2025-11-29T11:29:17.305+0000] {processor.py:925} INFO - DAG(s) 'latest_only_with_trigger' retrieved from /home/airflow/.local/lib/python3.12/site-packages/airflow/example_dags/example_latest_only_with_trigger.py
[2025-11-29T11:29:17.334+0000] {logging_mixin.py:190} INFO - [2025-11-29T11:29:17.334+0000] {dag.py:3239} INFO - Sync 1 DAGs
[2025-11-29T11:29:17.361+0000] {logging_mixin.py:190} INFO - [2025-11-29T11:29:17.361+0000] {dag.py:4180} INFO - Setting next_dagrun for latest_only_with_trigger to 2025-11-29 04:00:00+00:00, run_after=2025-11-29 08:00:00+00:00
[2025-11-29T11:29:17.385+0000] {processor.py:208} INFO - Processing /home/airflow/.local/lib/python3.12/site-packages/airflow/example_dags/example_latest_only_with_trigger.py took 0.105 seconds
[2025-11-29T11:29:47.567+0000] {processor.py:186} INFO - Started process (PID=1580) to work on /home/airflow/.local/lib/python3.12/site-packages/airflow/example_dags/example_latest_only_with_trigger.py
[2025-11-29T11:29:47.569+0000] {processor.py:914} INFO - Processing file /home/airflow/.local/lib/python3.12/site-packages/airflow/example_dags/example_latest_only_with_trigger.py for tasks to queue
[2025-11-29T11:29:47.571+0000] {logging_mixin.py:190} INFO - [2025-11-29T11:29:47.570+0000] {dagbag.py:588} INFO - Filling up the DagBag from /home/airflow/.local/lib/python3.12/site-packages/airflow/example_dags/example_latest_only_with_trigger.py
[2025-11-29T11:29:47.582+0000] {processor.py:925} INFO - DAG(s) 'latest_only_with_trigger' retrieved from /home/airflow/.local/lib/python3.12/site-packages/airflow/example_dags/example_latest_only_with_trigger.py
[2025-11-29T11:29:47.609+0000] {logging_mixin.py:190} INFO - [2025-11-29T11:29:47.608+0000] {dag.py:3239} INFO - Sync 1 DAGs
[2025-11-29T11:29:47.634+0000] {logging_mixin.py:190} INFO - [2025-11-29T11:29:47.634+0000] {dag.py:4180} INFO - Setting next_dagrun for latest_only_with_trigger to 2025-11-29 04:00:00+00:00, run_after=2025-11-29 08:00:00+00:00
[2025-11-29T11:29:47.654+0000] {processor.py:208} INFO - Processing /home/airflow/.local/lib/python3.12/site-packages/airflow/example_dags/example_latest_only_with_trigger.py took 0.094 seconds
[2025-11-29T11:30:18.157+0000] {processor.py:186} INFO - Started process (PID=1649) to work on /home/airflow/.local/lib/python3.12/site-packages/airflow/example_dags/example_latest_only_with_trigger.py
[2025-11-29T11:30:18.158+0000] {processor.py:914} INFO - Processing file /home/airflow/.local/lib/python3.12/site-packages/airflow/example_dags/example_latest_only_with_trigger.py for tasks to queue
[2025-11-29T11:30:18.160+0000] {logging_mixin.py:190} INFO - [2025-11-29T11:30:18.160+0000] {dagbag.py:588} INFO - Filling up the DagBag from /home/airflow/.local/lib/python3.12/site-packages/airflow/example_dags/example_latest_only_with_trigger.py
[2025-11-29T11:30:18.171+0000] {processor.py:925} INFO - DAG(s) 'latest_only_with_trigger' retrieved from /home/airflow/.local/lib/python3.12/site-packages/airflow/example_dags/example_latest_only_with_trigger.py
[2025-11-29T11:30:18.201+0000] {logging_mixin.py:190} INFO - [2025-11-29T11:30:18.200+0000] {dag.py:3239} INFO - Sync 1 DAGs
[2025-11-29T11:30:18.226+0000] {logging_mixin.py:190} INFO - [2025-11-29T11:30:18.226+0000] {dag.py:4180} INFO - Setting next_dagrun for latest_only_with_trigger to 2025-11-29 04:00:00+00:00, run_after=2025-11-29 08:00:00+00:00
[2025-11-29T11:30:18.253+0000] {processor.py:208} INFO - Processing /home/airflow/.local/lib/python3.12/site-packages/airflow/example_dags/example_latest_only_with_trigger.py took 0.104 seconds
[2025-11-29T11:30:48.755+0000] {processor.py:186} INFO - Started process (PID=1717) to work on /home/airflow/.local/lib/python3.12/site-packages/airflow/example_dags/example_latest_only_with_trigger.py
[2025-11-29T11:30:48.756+0000] {processor.py:914} INFO - Processing file /home/airflow/.local/lib/python3.12/site-packages/airflow/example_dags/example_latest_only_with_trigger.py for tasks to queue
[2025-11-29T11:30:48.758+0000] {logging_mixin.py:190} INFO - [2025-11-29T11:30:48.758+0000] {dagbag.py:588} INFO - Filling up the DagBag from /home/airflow/.local/lib/python3.12/site-packages/airflow/example_dags/example_latest_only_with_trigger.py
[2025-11-29T11:30:48.770+0000] {processor.py:925} INFO - DAG(s) 'latest_only_with_trigger' retrieved from /home/airflow/.local/lib/python3.12/site-packages/airflow/example_dags/example_latest_only_with_trigger.py
[2025-11-29T11:30:48.797+0000] {logging_mixin.py:190} INFO - [2025-11-29T11:30:48.797+0000] {dag.py:3239} INFO - Sync 1 DAGs
[2025-11-29T11:30:48.824+0000] {logging_mixin.py:190} INFO - [2025-11-29T11:30:48.824+0000] {dag.py:4180} INFO - Setting next_dagrun for latest_only_with_trigger to 2025-11-29 04:00:00+00:00, run_after=2025-11-29 08:00:00+00:00
[2025-11-29T11:30:48.848+0000] {processor.py:208} INFO - Processing /home/airflow/.local/lib/python3.12/site-packages/airflow/example_dags/example_latest_only_with_trigger.py took 0.101 seconds
[2025-11-29T11:31:19.068+0000] {processor.py:186} INFO - Started process (PID=1785) to work on /home/airflow/.local/lib/python3.12/site-packages/airflow/example_dags/example_latest_only_with_trigger.py
[2025-11-29T11:31:19.069+0000] {processor.py:914} INFO - Processing file /home/airflow/.local/lib/python3.12/site-packages/airflow/example_dags/example_latest_only_with_trigger.py for tasks to queue
[2025-11-29T11:31:19.071+0000] {logging_mixin.py:190} INFO - [2025-11-29T11:31:19.071+0000] {dagbag.py:588} INFO - Filling up the DagBag from /home/airflow/.local/lib/python3.12/site-packages/airflow/example_dags/example_latest_only_with_trigger.py
[2025-11-29T11:31:19.084+0000] {processor.py:925} INFO - DAG(s) 'latest_only_with_trigger' retrieved from /home/airflow/.local/lib/python3.12/site-packages/airflow/example_dags/example_latest_only_with_trigger.py
[2025-11-29T11:31:19.113+0000] {logging_mixin.py:190} INFO - [2025-11-29T11:31:19.113+0000] {dag.py:3239} INFO - Sync 1 DAGs
[2025-11-29T11:31:19.142+0000] {logging_mixin.py:190} INFO - [2025-11-29T11:31:19.142+0000] {dag.py:4180} INFO - Setting next_dagrun for latest_only_with_trigger to 2025-11-29 04:00:00+00:00, run_after=2025-11-29 08:00:00+00:00
[2025-11-29T11:31:19.167+0000] {processor.py:208} INFO - Processing /home/airflow/.local/lib/python3.12/site-packages/airflow/example_dags/example_latest_only_with_trigger.py took 0.108 seconds
[2025-11-29T11:31:49.811+0000] {processor.py:186} INFO - Started process (PID=1853) to work on /home/airflow/.local/lib/python3.12/site-packages/airflow/example_dags/example_latest_only_with_trigger.py
[2025-11-29T11:31:49.813+0000] {processor.py:914} INFO - Processing file /home/airflow/.local/lib/python3.12/site-packages/airflow/example_dags/example_latest_only_with_trigger.py for tasks to queue
[2025-11-29T11:31:49.815+0000] {logging_mixin.py:190} INFO - [2025-11-29T11:31:49.814+0000] {dagbag.py:588} INFO - Filling up the DagBag from /home/airflow/.local/lib/python3.12/site-packages/airflow/example_dags/example_latest_only_with_trigger.py
[2025-11-29T11:31:49.827+0000] {processor.py:925} INFO - DAG(s) 'latest_only_with_trigger' retrieved from /home/airflow/.local/lib/python3.12/site-packages/airflow/example_dags/example_latest_only_with_trigger.py
[2025-11-29T11:31:49.857+0000] {logging_mixin.py:190} INFO - [2025-11-29T11:31:49.857+0000] {dag.py:3239} INFO - Sync 1 DAGs
[2025-11-29T11:31:49.884+0000] {logging_mixin.py:190} INFO - [2025-11-29T11:31:49.883+0000] {dag.py:4180} INFO - Setting next_dagrun for latest_only_with_trigger to 2025-11-29 04:00:00+00:00, run_after=2025-11-29 08:00:00+00:00
[2025-11-29T11:31:49.908+0000] {processor.py:208} INFO - Processing /home/airflow/.local/lib/python3.12/site-packages/airflow/example_dags/example_latest_only_with_trigger.py took 0.104 seconds
[2025-11-29T11:32:20.269+0000] {processor.py:186} INFO - Started process (PID=1921) to work on /home/airflow/.local/lib/python3.12/site-packages/airflow/example_dags/example_latest_only_with_trigger.py
[2025-11-29T11:32:20.271+0000] {processor.py:914} INFO - Processing file /home/airflow/.local/lib/python3.12/site-packages/airflow/example_dags/example_latest_only_with_trigger.py for tasks to queue
[2025-11-29T11:32:20.273+0000] {logging_mixin.py:190} INFO - [2025-11-29T11:32:20.272+0000] {dagbag.py:588} INFO - Filling up the DagBag from /home/airflow/.local/lib/python3.12/site-packages/airflow/example_dags/example_latest_only_with_trigger.py
[2025-11-29T11:32:20.290+0000] {processor.py:925} INFO - DAG(s) 'latest_only_with_trigger' retrieved from /home/airflow/.local/lib/python3.12/site-packages/airflow/example_dags/example_latest_only_with_trigger.py
[2025-11-29T11:32:20.328+0000] {logging_mixin.py:190} INFO - [2025-11-29T11:32:20.327+0000] {dag.py:3239} INFO - Sync 1 DAGs
[2025-11-29T11:32:20.373+0000] {logging_mixin.py:190} INFO - [2025-11-29T11:32:20.372+0000] {dag.py:4180} INFO - Setting next_dagrun for latest_only_with_trigger to 2025-11-29 04:00:00+00:00, run_after=2025-11-29 08:00:00+00:00
[2025-11-29T11:32:20.402+0000] {processor.py:208} INFO - Processing /home/airflow/.local/lib/python3.12/site-packages/airflow/example_dags/example_latest_only_with_trigger.py took 0.143 seconds
[2025-11-29T11:32:51.105+0000] {processor.py:186} INFO - Started process (PID=1990) to work on /home/airflow/.local/lib/python3.12/site-packages/airflow/example_dags/example_latest_only_with_trigger.py
[2025-11-29T11:32:51.106+0000] {processor.py:914} INFO - Processing file /home/airflow/.local/lib/python3.12/site-packages/airflow/example_dags/example_latest_only_with_trigger.py for tasks to queue
[2025-11-29T11:32:51.108+0000] {logging_mixin.py:190} INFO - [2025-11-29T11:32:51.108+0000] {dagbag.py:588} INFO - Filling up the DagBag from /home/airflow/.local/lib/python3.12/site-packages/airflow/example_dags/example_latest_only_with_trigger.py
[2025-11-29T11:32:51.121+0000] {processor.py:925} INFO - DAG(s) 'latest_only_with_trigger' retrieved from /home/airflow/.local/lib/python3.12/site-packages/airflow/example_dags/example_latest_only_with_trigger.py
[2025-11-29T11:32:51.149+0000] {logging_mixin.py:190} INFO - [2025-11-29T11:32:51.148+0000] {dag.py:3239} INFO - Sync 1 DAGs
[2025-11-29T11:32:51.175+0000] {logging_mixin.py:190} INFO - [2025-11-29T11:32:51.175+0000] {dag.py:4180} INFO - Setting next_dagrun for latest_only_with_trigger to 2025-11-29 04:00:00+00:00, run_after=2025-11-29 08:00:00+00:00
[2025-11-29T11:32:51.200+0000] {processor.py:208} INFO - Processing /home/airflow/.local/lib/python3.12/site-packages/airflow/example_dags/example_latest_only_with_trigger.py took 0.104 seconds
[2025-11-29T11:33:21.960+0000] {processor.py:186} INFO - Started process (PID=2058) to work on /home/airflow/.local/lib/python3.12/site-packages/airflow/example_dags/example_latest_only_with_trigger.py
[2025-11-29T11:33:21.962+0000] {processor.py:914} INFO - Processing file /home/airflow/.local/lib/python3.12/site-packages/airflow/example_dags/example_latest_only_with_trigger.py for tasks to queue
[2025-11-29T11:33:21.964+0000] {logging_mixin.py:190} INFO - [2025-11-29T11:33:21.963+0000] {dagbag.py:588} INFO - Filling up the DagBag from /home/airflow/.local/lib/python3.12/site-packages/airflow/example_dags/example_latest_only_with_trigger.py
[2025-11-29T11:33:21.975+0000] {processor.py:925} INFO - DAG(s) 'latest_only_with_trigger' retrieved from /home/airflow/.local/lib/python3.12/site-packages/airflow/example_dags/example_latest_only_with_trigger.py
[2025-11-29T11:33:22.001+0000] {logging_mixin.py:190} INFO - [2025-11-29T11:33:22.001+0000] {dag.py:3239} INFO - Sync 1 DAGs
[2025-11-29T11:33:22.033+0000] {logging_mixin.py:190} INFO - [2025-11-29T11:33:22.033+0000] {dag.py:4180} INFO - Setting next_dagrun for latest_only_with_trigger to 2025-11-29 04:00:00+00:00, run_after=2025-11-29 08:00:00+00:00
[2025-11-29T11:33:22.059+0000] {processor.py:208} INFO - Processing /home/airflow/.local/lib/python3.12/site-packages/airflow/example_dags/example_latest_only_with_trigger.py took 0.105 seconds
[2025-11-29T11:33:52.594+0000] {processor.py:186} INFO - Started process (PID=2126) to work on /home/airflow/.local/lib/python3.12/site-packages/airflow/example_dags/example_latest_only_with_trigger.py
[2025-11-29T11:33:52.595+0000] {processor.py:914} INFO - Processing file /home/airflow/.local/lib/python3.12/site-packages/airflow/example_dags/example_latest_only_with_trigger.py for tasks to queue
[2025-11-29T11:33:52.597+0000] {logging_mixin.py:190} INFO - [2025-11-29T11:33:52.597+0000] {dagbag.py:588} INFO - Filling up the DagBag from /home/airflow/.local/lib/python3.12/site-packages/airflow/example_dags/example_latest_only_with_trigger.py
[2025-11-29T11:33:52.609+0000] {processor.py:925} INFO - DAG(s) 'latest_only_with_trigger' retrieved from /home/airflow/.local/lib/python3.12/site-packages/airflow/example_dags/example_latest_only_with_trigger.py
[2025-11-29T11:33:52.638+0000] {logging_mixin.py:190} INFO - [2025-11-29T11:33:52.637+0000] {dag.py:3239} INFO - Sync 1 DAGs
[2025-11-29T11:33:52.669+0000] {logging_mixin.py:190} INFO - [2025-11-29T11:33:52.669+0000] {dag.py:4180} INFO - Setting next_dagrun for latest_only_with_trigger to 2025-11-29 04:00:00+00:00, run_after=2025-11-29 08:00:00+00:00
[2025-11-29T11:33:52.695+0000] {processor.py:208} INFO - Processing /home/airflow/.local/lib/python3.12/site-packages/airflow/example_dags/example_latest_only_with_trigger.py took 0.108 seconds
[2025-11-29T11:34:23.287+0000] {processor.py:186} INFO - Started process (PID=2194) to work on /home/airflow/.local/lib/python3.12/site-packages/airflow/example_dags/example_latest_only_with_trigger.py
[2025-11-29T11:34:23.288+0000] {processor.py:914} INFO - Processing file /home/airflow/.local/lib/python3.12/site-packages/airflow/example_dags/example_latest_only_with_trigger.py for tasks to queue
[2025-11-29T11:34:23.290+0000] {logging_mixin.py:190} INFO - [2025-11-29T11:34:23.290+0000] {dagbag.py:588} INFO - Filling up the DagBag from /home/airflow/.local/lib/python3.12/site-packages/airflow/example_dags/example_latest_only_with_trigger.py
[2025-11-29T11:34:23.320+0000] {processor.py:925} INFO - DAG(s) 'latest_only_with_trigger' retrieved from /home/airflow/.local/lib/python3.12/site-packages/airflow/example_dags/example_latest_only_with_trigger.py
[2025-11-29T11:34:23.374+0000] {logging_mixin.py:190} INFO - [2025-11-29T11:34:23.374+0000] {dag.py:3239} INFO - Sync 1 DAGs
[2025-11-29T11:34:23.426+0000] {logging_mixin.py:190} INFO - [2025-11-29T11:34:23.425+0000] {dag.py:4180} INFO - Setting next_dagrun for latest_only_with_trigger to 2025-11-29 04:00:00+00:00, run_after=2025-11-29 08:00:00+00:00
[2025-11-29T11:34:23.456+0000] {processor.py:208} INFO - Processing /home/airflow/.local/lib/python3.12/site-packages/airflow/example_dags/example_latest_only_with_trigger.py took 0.178 seconds
[2025-11-29T11:34:54.052+0000] {processor.py:186} INFO - Started process (PID=2268) to work on /home/airflow/.local/lib/python3.12/site-packages/airflow/example_dags/example_latest_only_with_trigger.py
[2025-11-29T11:34:54.054+0000] {processor.py:914} INFO - Processing file /home/airflow/.local/lib/python3.12/site-packages/airflow/example_dags/example_latest_only_with_trigger.py for tasks to queue
[2025-11-29T11:34:54.057+0000] {logging_mixin.py:190} INFO - [2025-11-29T11:34:54.056+0000] {dagbag.py:588} INFO - Filling up the DagBag from /home/airflow/.local/lib/python3.12/site-packages/airflow/example_dags/example_latest_only_with_trigger.py
[2025-11-29T11:34:54.074+0000] {processor.py:925} INFO - DAG(s) 'latest_only_with_trigger' retrieved from /home/airflow/.local/lib/python3.12/site-packages/airflow/example_dags/example_latest_only_with_trigger.py
[2025-11-29T11:34:54.112+0000] {logging_mixin.py:190} INFO - [2025-11-29T11:34:54.112+0000] {dag.py:3239} INFO - Sync 1 DAGs
[2025-11-29T11:34:54.146+0000] {logging_mixin.py:190} INFO - [2025-11-29T11:34:54.146+0000] {dag.py:4180} INFO - Setting next_dagrun for latest_only_with_trigger to 2025-11-29 04:00:00+00:00, run_after=2025-11-29 08:00:00+00:00
[2025-11-29T11:34:54.177+0000] {processor.py:208} INFO - Processing /home/airflow/.local/lib/python3.12/site-packages/airflow/example_dags/example_latest_only_with_trigger.py took 0.135 seconds
[2025-11-29T11:35:24.479+0000] {processor.py:186} INFO - Started process (PID=2337) to work on /home/airflow/.local/lib/python3.12/site-packages/airflow/example_dags/example_latest_only_with_trigger.py
[2025-11-29T11:35:24.481+0000] {processor.py:914} INFO - Processing file /home/airflow/.local/lib/python3.12/site-packages/airflow/example_dags/example_latest_only_with_trigger.py for tasks to queue
[2025-11-29T11:35:24.482+0000] {logging_mixin.py:190} INFO - [2025-11-29T11:35:24.482+0000] {dagbag.py:588} INFO - Filling up the DagBag from /home/airflow/.local/lib/python3.12/site-packages/airflow/example_dags/example_latest_only_with_trigger.py
[2025-11-29T11:35:24.496+0000] {processor.py:925} INFO - DAG(s) 'latest_only_with_trigger' retrieved from /home/airflow/.local/lib/python3.12/site-packages/airflow/example_dags/example_latest_only_with_trigger.py
[2025-11-29T11:35:24.525+0000] {logging_mixin.py:190} INFO - [2025-11-29T11:35:24.525+0000] {dag.py:3239} INFO - Sync 1 DAGs
[2025-11-29T11:35:24.556+0000] {logging_mixin.py:190} INFO - [2025-11-29T11:35:24.555+0000] {dag.py:4180} INFO - Setting next_dagrun for latest_only_with_trigger to 2025-11-29 04:00:00+00:00, run_after=2025-11-29 08:00:00+00:00
[2025-11-29T11:35:24.582+0000] {processor.py:208} INFO - Processing /home/airflow/.local/lib/python3.12/site-packages/airflow/example_dags/example_latest_only_with_trigger.py took 0.111 seconds
[2025-11-29T11:35:55.352+0000] {processor.py:186} INFO - Started process (PID=2407) to work on /home/airflow/.local/lib/python3.12/site-packages/airflow/example_dags/example_latest_only_with_trigger.py
[2025-11-29T11:35:55.354+0000] {processor.py:914} INFO - Processing file /home/airflow/.local/lib/python3.12/site-packages/airflow/example_dags/example_latest_only_with_trigger.py for tasks to queue
[2025-11-29T11:35:55.356+0000] {logging_mixin.py:190} INFO - [2025-11-29T11:35:55.356+0000] {dagbag.py:588} INFO - Filling up the DagBag from /home/airflow/.local/lib/python3.12/site-packages/airflow/example_dags/example_latest_only_with_trigger.py
[2025-11-29T11:35:55.373+0000] {processor.py:925} INFO - DAG(s) 'latest_only_with_trigger' retrieved from /home/airflow/.local/lib/python3.12/site-packages/airflow/example_dags/example_latest_only_with_trigger.py
[2025-11-29T11:35:55.404+0000] {logging_mixin.py:190} INFO - [2025-11-29T11:35:55.404+0000] {dag.py:3239} INFO - Sync 1 DAGs
[2025-11-29T11:35:55.437+0000] {logging_mixin.py:190} INFO - [2025-11-29T11:35:55.436+0000] {dag.py:4180} INFO - Setting next_dagrun for latest_only_with_trigger to 2025-11-29 04:00:00+00:00, run_after=2025-11-29 08:00:00+00:00
[2025-11-29T11:35:55.462+0000] {processor.py:208} INFO - Processing /home/airflow/.local/lib/python3.12/site-packages/airflow/example_dags/example_latest_only_with_trigger.py took 0.118 seconds
[2025-11-29T11:36:26.167+0000] {processor.py:186} INFO - Started process (PID=2475) to work on /home/airflow/.local/lib/python3.12/site-packages/airflow/example_dags/example_latest_only_with_trigger.py
[2025-11-29T11:36:26.168+0000] {processor.py:914} INFO - Processing file /home/airflow/.local/lib/python3.12/site-packages/airflow/example_dags/example_latest_only_with_trigger.py for tasks to queue
[2025-11-29T11:36:26.170+0000] {logging_mixin.py:190} INFO - [2025-11-29T11:36:26.169+0000] {dagbag.py:588} INFO - Filling up the DagBag from /home/airflow/.local/lib/python3.12/site-packages/airflow/example_dags/example_latest_only_with_trigger.py
[2025-11-29T11:36:26.181+0000] {processor.py:925} INFO - DAG(s) 'latest_only_with_trigger' retrieved from /home/airflow/.local/lib/python3.12/site-packages/airflow/example_dags/example_latest_only_with_trigger.py
[2025-11-29T11:36:26.208+0000] {logging_mixin.py:190} INFO - [2025-11-29T11:36:26.208+0000] {dag.py:3239} INFO - Sync 1 DAGs
[2025-11-29T11:36:26.234+0000] {logging_mixin.py:190} INFO - [2025-11-29T11:36:26.234+0000] {dag.py:4180} INFO - Setting next_dagrun for latest_only_with_trigger to 2025-11-29 04:00:00+00:00, run_after=2025-11-29 08:00:00+00:00
[2025-11-29T11:36:26.258+0000] {processor.py:208} INFO - Processing /home/airflow/.local/lib/python3.12/site-packages/airflow/example_dags/example_latest_only_with_trigger.py took 0.100 seconds
[2025-11-29T11:36:56.887+0000] {processor.py:186} INFO - Started process (PID=2543) to work on /home/airflow/.local/lib/python3.12/site-packages/airflow/example_dags/example_latest_only_with_trigger.py
[2025-11-29T11:36:56.888+0000] {processor.py:914} INFO - Processing file /home/airflow/.local/lib/python3.12/site-packages/airflow/example_dags/example_latest_only_with_trigger.py for tasks to queue
[2025-11-29T11:36:56.890+0000] {logging_mixin.py:190} INFO - [2025-11-29T11:36:56.889+0000] {dagbag.py:588} INFO - Filling up the DagBag from /home/airflow/.local/lib/python3.12/site-packages/airflow/example_dags/example_latest_only_with_trigger.py
[2025-11-29T11:36:56.903+0000] {processor.py:925} INFO - DAG(s) 'latest_only_with_trigger' retrieved from /home/airflow/.local/lib/python3.12/site-packages/airflow/example_dags/example_latest_only_with_trigger.py
[2025-11-29T11:36:56.931+0000] {logging_mixin.py:190} INFO - [2025-11-29T11:36:56.931+0000] {dag.py:3239} INFO - Sync 1 DAGs
[2025-11-29T11:36:56.957+0000] {logging_mixin.py:190} INFO - [2025-11-29T11:36:56.957+0000] {dag.py:4180} INFO - Setting next_dagrun for latest_only_with_trigger to 2025-11-29 04:00:00+00:00, run_after=2025-11-29 08:00:00+00:00
[2025-11-29T11:36:56.979+0000] {processor.py:208} INFO - Processing /home/airflow/.local/lib/python3.12/site-packages/airflow/example_dags/example_latest_only_with_trigger.py took 0.100 seconds
[2025-11-29T11:37:27.994+0000] {processor.py:186} INFO - Started process (PID=2611) to work on /home/airflow/.local/lib/python3.12/site-packages/airflow/example_dags/example_latest_only_with_trigger.py
[2025-11-29T11:37:27.995+0000] {processor.py:914} INFO - Processing file /home/airflow/.local/lib/python3.12/site-packages/airflow/example_dags/example_latest_only_with_trigger.py for tasks to queue
[2025-11-29T11:37:27.997+0000] {logging_mixin.py:190} INFO - [2025-11-29T11:37:27.997+0000] {dagbag.py:588} INFO - Filling up the DagBag from /home/airflow/.local/lib/python3.12/site-packages/airflow/example_dags/example_latest_only_with_trigger.py
[2025-11-29T11:37:28.009+0000] {processor.py:925} INFO - DAG(s) 'latest_only_with_trigger' retrieved from /home/airflow/.local/lib/python3.12/site-packages/airflow/example_dags/example_latest_only_with_trigger.py
[2025-11-29T11:37:28.037+0000] {logging_mixin.py:190} INFO - [2025-11-29T11:37:28.036+0000] {dag.py:3239} INFO - Sync 1 DAGs
[2025-11-29T11:37:28.062+0000] {logging_mixin.py:190} INFO - [2025-11-29T11:37:28.062+0000] {dag.py:4180} INFO - Setting next_dagrun for latest_only_with_trigger to 2025-11-29 04:00:00+00:00, run_after=2025-11-29 08:00:00+00:00
[2025-11-29T11:37:28.085+0000] {processor.py:208} INFO - Processing /home/airflow/.local/lib/python3.12/site-packages/airflow/example_dags/example_latest_only_with_trigger.py took 0.099 seconds
