[2025-11-29T11:18:59.309+0000] {processor.py:186} INFO - Started process (PID=111) to work on /home/airflow/.local/lib/python3.12/site-packages/airflow/example_dags/example_display_name.py
[2025-11-29T11:18:59.311+0000] {processor.py:914} INFO - Processing file /home/airflow/.local/lib/python3.12/site-packages/airflow/example_dags/example_display_name.py for tasks to queue
[2025-11-29T11:18:59.315+0000] {logging_mixin.py:190} INFO - [2025-11-29T11:18:59.315+0000] {dagbag.py:588} INFO - Filling up the DagBag from /home/airflow/.local/lib/python3.12/site-packages/airflow/example_dags/example_display_name.py
[2025-11-29T11:18:59.331+0000] {processor.py:925} INFO - DAG(s) 'example_display_name' retrieved from /home/airflow/.local/lib/python3.12/site-packages/airflow/example_dags/example_display_name.py
[2025-11-29T11:18:59.462+0000] {logging_mixin.py:190} INFO - [2025-11-29T11:18:59.461+0000] {override.py:1911} INFO - Created Permission View: can delete on DAG:example_display_name
[2025-11-29T11:18:59.475+0000] {logging_mixin.py:190} INFO - [2025-11-29T11:18:59.475+0000] {override.py:1911} INFO - Created Permission View: can read on DAG:example_display_name
[2025-11-29T11:18:59.484+0000] {logging_mixin.py:190} INFO - [2025-11-29T11:18:59.483+0000] {override.py:1911} INFO - Created Permission View: can edit on DAG:example_display_name
[2025-11-29T11:18:59.493+0000] {logging_mixin.py:190} INFO - [2025-11-29T11:18:59.493+0000] {override.py:1911} INFO - Created Permission View: menu access on DAG Run:example_display_name
[2025-11-29T11:18:59.501+0000] {logging_mixin.py:190} INFO - [2025-11-29T11:18:59.501+0000] {override.py:1911} INFO - Created Permission View: can delete on DAG Run:example_display_name
[2025-11-29T11:18:59.510+0000] {logging_mixin.py:190} INFO - [2025-11-29T11:18:59.510+0000] {override.py:1911} INFO - Created Permission View: can read on DAG Run:example_display_name
[2025-11-29T11:18:59.518+0000] {logging_mixin.py:190} INFO - [2025-11-29T11:18:59.518+0000] {override.py:1911} INFO - Created Permission View: can create on DAG Run:example_display_name
[2025-11-29T11:18:59.520+0000] {logging_mixin.py:190} INFO - [2025-11-29T11:18:59.519+0000] {dag.py:3239} INFO - Sync 1 DAGs
[2025-11-29T11:18:59.534+0000] {logging_mixin.py:190} INFO - [2025-11-29T11:18:59.533+0000] {dag.py:3262} INFO - Creating ORM DAG for example_display_name
[2025-11-29T11:18:59.535+0000] {logging_mixin.py:190} INFO - [2025-11-29T11:18:59.534+0000] {dag.py:4180} INFO - Setting next_dagrun for example_display_name to None, run_after=None
[2025-11-29T11:18:59.554+0000] {processor.py:208} INFO - Processing /home/airflow/.local/lib/python3.12/site-packages/airflow/example_dags/example_display_name.py took 0.253 seconds
[2025-11-29T11:19:30.007+0000] {processor.py:186} INFO - Started process (PID=179) to work on /home/airflow/.local/lib/python3.12/site-packages/airflow/example_dags/example_display_name.py
[2025-11-29T11:19:30.008+0000] {processor.py:914} INFO - Processing file /home/airflow/.local/lib/python3.12/site-packages/airflow/example_dags/example_display_name.py for tasks to queue
[2025-11-29T11:19:30.012+0000] {logging_mixin.py:190} INFO - [2025-11-29T11:19:30.012+0000] {dagbag.py:588} INFO - Filling up the DagBag from /home/airflow/.local/lib/python3.12/site-packages/airflow/example_dags/example_display_name.py
[2025-11-29T11:19:30.026+0000] {processor.py:925} INFO - DAG(s) 'example_display_name' retrieved from /home/airflow/.local/lib/python3.12/site-packages/airflow/example_dags/example_display_name.py
[2025-11-29T11:19:30.056+0000] {logging_mixin.py:190} INFO - [2025-11-29T11:19:30.056+0000] {dag.py:3239} INFO - Sync 1 DAGs
[2025-11-29T11:19:30.074+0000] {logging_mixin.py:190} INFO - [2025-11-29T11:19:30.074+0000] {dag.py:4180} INFO - Setting next_dagrun for example_display_name to None, run_after=None
[2025-11-29T11:19:30.098+0000] {processor.py:208} INFO - Processing /home/airflow/.local/lib/python3.12/site-packages/airflow/example_dags/example_display_name.py took 0.100 seconds
[2025-11-29T11:20:00.956+0000] {processor.py:186} INFO - Started process (PID=247) to work on /home/airflow/.local/lib/python3.12/site-packages/airflow/example_dags/example_display_name.py
[2025-11-29T11:20:00.957+0000] {processor.py:914} INFO - Processing file /home/airflow/.local/lib/python3.12/site-packages/airflow/example_dags/example_display_name.py for tasks to queue
[2025-11-29T11:20:00.962+0000] {logging_mixin.py:190} INFO - [2025-11-29T11:20:00.961+0000] {dagbag.py:588} INFO - Filling up the DagBag from /home/airflow/.local/lib/python3.12/site-packages/airflow/example_dags/example_display_name.py
[2025-11-29T11:20:00.975+0000] {processor.py:925} INFO - DAG(s) 'example_display_name' retrieved from /home/airflow/.local/lib/python3.12/site-packages/airflow/example_dags/example_display_name.py
[2025-11-29T11:20:01.006+0000] {logging_mixin.py:190} INFO - [2025-11-29T11:20:01.005+0000] {dag.py:3239} INFO - Sync 1 DAGs
[2025-11-29T11:20:01.030+0000] {logging_mixin.py:190} INFO - [2025-11-29T11:20:01.030+0000] {dag.py:4180} INFO - Setting next_dagrun for example_display_name to None, run_after=None
[2025-11-29T11:20:01.056+0000] {processor.py:208} INFO - Processing /home/airflow/.local/lib/python3.12/site-packages/airflow/example_dags/example_display_name.py took 0.109 seconds
[2025-11-29T11:20:31.726+0000] {processor.py:186} INFO - Started process (PID=316) to work on /home/airflow/.local/lib/python3.12/site-packages/airflow/example_dags/example_display_name.py
[2025-11-29T11:20:31.728+0000] {processor.py:914} INFO - Processing file /home/airflow/.local/lib/python3.12/site-packages/airflow/example_dags/example_display_name.py for tasks to queue
[2025-11-29T11:20:31.732+0000] {logging_mixin.py:190} INFO - [2025-11-29T11:20:31.731+0000] {dagbag.py:588} INFO - Filling up the DagBag from /home/airflow/.local/lib/python3.12/site-packages/airflow/example_dags/example_display_name.py
[2025-11-29T11:20:31.745+0000] {processor.py:925} INFO - DAG(s) 'example_display_name' retrieved from /home/airflow/.local/lib/python3.12/site-packages/airflow/example_dags/example_display_name.py
[2025-11-29T11:20:31.770+0000] {logging_mixin.py:190} INFO - [2025-11-29T11:20:31.770+0000] {dag.py:3239} INFO - Sync 1 DAGs
[2025-11-29T11:20:31.787+0000] {logging_mixin.py:190} INFO - [2025-11-29T11:20:31.786+0000] {dag.py:4180} INFO - Setting next_dagrun for example_display_name to None, run_after=None
[2025-11-29T11:20:31.808+0000] {processor.py:208} INFO - Processing /home/airflow/.local/lib/python3.12/site-packages/airflow/example_dags/example_display_name.py took 0.091 seconds
[2025-11-29T11:21:02.297+0000] {processor.py:186} INFO - Started process (PID=385) to work on /home/airflow/.local/lib/python3.12/site-packages/airflow/example_dags/example_display_name.py
[2025-11-29T11:21:02.299+0000] {processor.py:914} INFO - Processing file /home/airflow/.local/lib/python3.12/site-packages/airflow/example_dags/example_display_name.py for tasks to queue
[2025-11-29T11:21:02.303+0000] {logging_mixin.py:190} INFO - [2025-11-29T11:21:02.302+0000] {dagbag.py:588} INFO - Filling up the DagBag from /home/airflow/.local/lib/python3.12/site-packages/airflow/example_dags/example_display_name.py
[2025-11-29T11:21:02.319+0000] {processor.py:925} INFO - DAG(s) 'example_display_name' retrieved from /home/airflow/.local/lib/python3.12/site-packages/airflow/example_dags/example_display_name.py
[2025-11-29T11:21:02.371+0000] {logging_mixin.py:190} INFO - [2025-11-29T11:21:02.370+0000] {dag.py:3239} INFO - Sync 1 DAGs
[2025-11-29T11:21:02.398+0000] {logging_mixin.py:190} INFO - [2025-11-29T11:21:02.398+0000] {dag.py:4180} INFO - Setting next_dagrun for example_display_name to None, run_after=None
[2025-11-29T11:21:02.425+0000] {processor.py:208} INFO - Processing /home/airflow/.local/lib/python3.12/site-packages/airflow/example_dags/example_display_name.py took 0.136 seconds
[2025-11-29T11:21:32.502+0000] {processor.py:186} INFO - Started process (PID=452) to work on /home/airflow/.local/lib/python3.12/site-packages/airflow/example_dags/example_display_name.py
[2025-11-29T11:21:32.503+0000] {processor.py:914} INFO - Processing file /home/airflow/.local/lib/python3.12/site-packages/airflow/example_dags/example_display_name.py for tasks to queue
[2025-11-29T11:21:32.507+0000] {logging_mixin.py:190} INFO - [2025-11-29T11:21:32.507+0000] {dagbag.py:588} INFO - Filling up the DagBag from /home/airflow/.local/lib/python3.12/site-packages/airflow/example_dags/example_display_name.py
[2025-11-29T11:21:32.518+0000] {processor.py:925} INFO - DAG(s) 'example_display_name' retrieved from /home/airflow/.local/lib/python3.12/site-packages/airflow/example_dags/example_display_name.py
[2025-11-29T11:21:32.543+0000] {logging_mixin.py:190} INFO - [2025-11-29T11:21:32.543+0000] {dag.py:3239} INFO - Sync 1 DAGs
[2025-11-29T11:21:32.559+0000] {logging_mixin.py:190} INFO - [2025-11-29T11:21:32.559+0000] {dag.py:4180} INFO - Setting next_dagrun for example_display_name to None, run_after=None
[2025-11-29T11:21:32.580+0000] {processor.py:208} INFO - Processing /home/airflow/.local/lib/python3.12/site-packages/airflow/example_dags/example_display_name.py took 0.085 seconds
[2025-11-29T11:22:02.783+0000] {processor.py:186} INFO - Started process (PID=521) to work on /home/airflow/.local/lib/python3.12/site-packages/airflow/example_dags/example_display_name.py
[2025-11-29T11:22:02.785+0000] {processor.py:914} INFO - Processing file /home/airflow/.local/lib/python3.12/site-packages/airflow/example_dags/example_display_name.py for tasks to queue
[2025-11-29T11:22:02.788+0000] {logging_mixin.py:190} INFO - [2025-11-29T11:22:02.788+0000] {dagbag.py:588} INFO - Filling up the DagBag from /home/airflow/.local/lib/python3.12/site-packages/airflow/example_dags/example_display_name.py
[2025-11-29T11:22:02.799+0000] {processor.py:925} INFO - DAG(s) 'example_display_name' retrieved from /home/airflow/.local/lib/python3.12/site-packages/airflow/example_dags/example_display_name.py
[2025-11-29T11:22:02.822+0000] {logging_mixin.py:190} INFO - [2025-11-29T11:22:02.822+0000] {dag.py:3239} INFO - Sync 1 DAGs
[2025-11-29T11:22:02.838+0000] {logging_mixin.py:190} INFO - [2025-11-29T11:22:02.838+0000] {dag.py:4180} INFO - Setting next_dagrun for example_display_name to None, run_after=None
[2025-11-29T11:22:02.857+0000] {processor.py:208} INFO - Processing /home/airflow/.local/lib/python3.12/site-packages/airflow/example_dags/example_display_name.py took 0.081 seconds
[2025-11-29T11:22:33.028+0000] {processor.py:186} INFO - Started process (PID=590) to work on /home/airflow/.local/lib/python3.12/site-packages/airflow/example_dags/example_display_name.py
[2025-11-29T11:22:33.030+0000] {processor.py:914} INFO - Processing file /home/airflow/.local/lib/python3.12/site-packages/airflow/example_dags/example_display_name.py for tasks to queue
[2025-11-29T11:22:33.033+0000] {logging_mixin.py:190} INFO - [2025-11-29T11:22:33.033+0000] {dagbag.py:588} INFO - Filling up the DagBag from /home/airflow/.local/lib/python3.12/site-packages/airflow/example_dags/example_display_name.py
[2025-11-29T11:22:33.045+0000] {processor.py:925} INFO - DAG(s) 'example_display_name' retrieved from /home/airflow/.local/lib/python3.12/site-packages/airflow/example_dags/example_display_name.py
[2025-11-29T11:22:33.070+0000] {logging_mixin.py:190} INFO - [2025-11-29T11:22:33.069+0000] {dag.py:3239} INFO - Sync 1 DAGs
[2025-11-29T11:22:33.086+0000] {logging_mixin.py:190} INFO - [2025-11-29T11:22:33.086+0000] {dag.py:4180} INFO - Setting next_dagrun for example_display_name to None, run_after=None
[2025-11-29T11:22:33.107+0000] {processor.py:208} INFO - Processing /home/airflow/.local/lib/python3.12/site-packages/airflow/example_dags/example_display_name.py took 0.088 seconds
[2025-11-29T11:23:03.684+0000] {processor.py:186} INFO - Started process (PID=658) to work on /home/airflow/.local/lib/python3.12/site-packages/airflow/example_dags/example_display_name.py
[2025-11-29T11:23:03.685+0000] {processor.py:914} INFO - Processing file /home/airflow/.local/lib/python3.12/site-packages/airflow/example_dags/example_display_name.py for tasks to queue
[2025-11-29T11:23:03.690+0000] {logging_mixin.py:190} INFO - [2025-11-29T11:23:03.689+0000] {dagbag.py:588} INFO - Filling up the DagBag from /home/airflow/.local/lib/python3.12/site-packages/airflow/example_dags/example_display_name.py
[2025-11-29T11:23:03.712+0000] {processor.py:925} INFO - DAG(s) 'example_display_name' retrieved from /home/airflow/.local/lib/python3.12/site-packages/airflow/example_dags/example_display_name.py
[2025-11-29T11:23:03.749+0000] {logging_mixin.py:190} INFO - [2025-11-29T11:23:03.748+0000] {dag.py:3239} INFO - Sync 1 DAGs
[2025-11-29T11:23:03.771+0000] {logging_mixin.py:190} INFO - [2025-11-29T11:23:03.770+0000] {dag.py:4180} INFO - Setting next_dagrun for example_display_name to None, run_after=None
[2025-11-29T11:23:03.800+0000] {processor.py:208} INFO - Processing /home/airflow/.local/lib/python3.12/site-packages/airflow/example_dags/example_display_name.py took 0.127 seconds
[2025-11-29T11:23:34.424+0000] {processor.py:186} INFO - Started process (PID=726) to work on /home/airflow/.local/lib/python3.12/site-packages/airflow/example_dags/example_display_name.py
[2025-11-29T11:23:34.425+0000] {processor.py:914} INFO - Processing file /home/airflow/.local/lib/python3.12/site-packages/airflow/example_dags/example_display_name.py for tasks to queue
[2025-11-29T11:23:34.430+0000] {logging_mixin.py:190} INFO - [2025-11-29T11:23:34.429+0000] {dagbag.py:588} INFO - Filling up the DagBag from /home/airflow/.local/lib/python3.12/site-packages/airflow/example_dags/example_display_name.py
[2025-11-29T11:23:34.441+0000] {processor.py:925} INFO - DAG(s) 'example_display_name' retrieved from /home/airflow/.local/lib/python3.12/site-packages/airflow/example_dags/example_display_name.py
[2025-11-29T11:23:34.468+0000] {logging_mixin.py:190} INFO - [2025-11-29T11:23:34.468+0000] {dag.py:3239} INFO - Sync 1 DAGs
[2025-11-29T11:23:34.488+0000] {logging_mixin.py:190} INFO - [2025-11-29T11:23:34.488+0000] {dag.py:4180} INFO - Setting next_dagrun for example_display_name to None, run_after=None
[2025-11-29T11:23:34.513+0000] {processor.py:208} INFO - Processing /home/airflow/.local/lib/python3.12/site-packages/airflow/example_dags/example_display_name.py took 0.098 seconds
[2025-11-29T11:24:05.436+0000] {processor.py:186} INFO - Started process (PID=795) to work on /home/airflow/.local/lib/python3.12/site-packages/airflow/example_dags/example_display_name.py
[2025-11-29T11:24:05.438+0000] {processor.py:914} INFO - Processing file /home/airflow/.local/lib/python3.12/site-packages/airflow/example_dags/example_display_name.py for tasks to queue
[2025-11-29T11:24:05.439+0000] {logging_mixin.py:190} INFO - [2025-11-29T11:24:05.439+0000] {dagbag.py:588} INFO - Filling up the DagBag from /home/airflow/.local/lib/python3.12/site-packages/airflow/example_dags/example_display_name.py
[2025-11-29T11:24:05.455+0000] {processor.py:925} INFO - DAG(s) 'example_display_name' retrieved from /home/airflow/.local/lib/python3.12/site-packages/airflow/example_dags/example_display_name.py
[2025-11-29T11:24:05.489+0000] {logging_mixin.py:190} INFO - [2025-11-29T11:24:05.489+0000] {dag.py:3239} INFO - Sync 1 DAGs
[2025-11-29T11:24:05.510+0000] {logging_mixin.py:190} INFO - [2025-11-29T11:24:05.509+0000] {dag.py:4180} INFO - Setting next_dagrun for example_display_name to None, run_after=None
[2025-11-29T11:24:05.536+0000] {processor.py:208} INFO - Processing /home/airflow/.local/lib/python3.12/site-packages/airflow/example_dags/example_display_name.py took 0.110 seconds
[2025-11-29T11:24:35.801+0000] {processor.py:186} INFO - Started process (PID=863) to work on /home/airflow/.local/lib/python3.12/site-packages/airflow/example_dags/example_display_name.py
[2025-11-29T11:24:35.802+0000] {processor.py:914} INFO - Processing file /home/airflow/.local/lib/python3.12/site-packages/airflow/example_dags/example_display_name.py for tasks to queue
[2025-11-29T11:24:35.804+0000] {logging_mixin.py:190} INFO - [2025-11-29T11:24:35.803+0000] {dagbag.py:588} INFO - Filling up the DagBag from /home/airflow/.local/lib/python3.12/site-packages/airflow/example_dags/example_display_name.py
[2025-11-29T11:24:35.817+0000] {processor.py:925} INFO - DAG(s) 'example_display_name' retrieved from /home/airflow/.local/lib/python3.12/site-packages/airflow/example_dags/example_display_name.py
[2025-11-29T11:24:35.844+0000] {logging_mixin.py:190} INFO - [2025-11-29T11:24:35.844+0000] {dag.py:3239} INFO - Sync 1 DAGs
[2025-11-29T11:24:35.864+0000] {logging_mixin.py:190} INFO - [2025-11-29T11:24:35.864+0000] {dag.py:4180} INFO - Setting next_dagrun for example_display_name to None, run_after=None
[2025-11-29T11:24:35.885+0000] {processor.py:208} INFO - Processing /home/airflow/.local/lib/python3.12/site-packages/airflow/example_dags/example_display_name.py took 0.093 seconds
[2025-11-29T11:25:05.972+0000] {processor.py:186} INFO - Started process (PID=931) to work on /home/airflow/.local/lib/python3.12/site-packages/airflow/example_dags/example_display_name.py
[2025-11-29T11:25:05.974+0000] {processor.py:914} INFO - Processing file /home/airflow/.local/lib/python3.12/site-packages/airflow/example_dags/example_display_name.py for tasks to queue
[2025-11-29T11:25:05.975+0000] {logging_mixin.py:190} INFO - [2025-11-29T11:25:05.975+0000] {dagbag.py:588} INFO - Filling up the DagBag from /home/airflow/.local/lib/python3.12/site-packages/airflow/example_dags/example_display_name.py
[2025-11-29T11:25:05.989+0000] {processor.py:925} INFO - DAG(s) 'example_display_name' retrieved from /home/airflow/.local/lib/python3.12/site-packages/airflow/example_dags/example_display_name.py
[2025-11-29T11:25:06.014+0000] {logging_mixin.py:190} INFO - [2025-11-29T11:25:06.014+0000] {dag.py:3239} INFO - Sync 1 DAGs
[2025-11-29T11:25:06.032+0000] {logging_mixin.py:190} INFO - [2025-11-29T11:25:06.031+0000] {dag.py:4180} INFO - Setting next_dagrun for example_display_name to None, run_after=None
[2025-11-29T11:25:06.053+0000] {processor.py:208} INFO - Processing /home/airflow/.local/lib/python3.12/site-packages/airflow/example_dags/example_display_name.py took 0.090 seconds
[2025-11-29T11:25:36.636+0000] {processor.py:186} INFO - Started process (PID=999) to work on /home/airflow/.local/lib/python3.12/site-packages/airflow/example_dags/example_display_name.py
[2025-11-29T11:25:36.638+0000] {processor.py:914} INFO - Processing file /home/airflow/.local/lib/python3.12/site-packages/airflow/example_dags/example_display_name.py for tasks to queue
[2025-11-29T11:25:36.639+0000] {logging_mixin.py:190} INFO - [2025-11-29T11:25:36.639+0000] {dagbag.py:588} INFO - Filling up the DagBag from /home/airflow/.local/lib/python3.12/site-packages/airflow/example_dags/example_display_name.py
[2025-11-29T11:25:36.651+0000] {processor.py:925} INFO - DAG(s) 'example_display_name' retrieved from /home/airflow/.local/lib/python3.12/site-packages/airflow/example_dags/example_display_name.py
[2025-11-29T11:25:36.678+0000] {logging_mixin.py:190} INFO - [2025-11-29T11:25:36.677+0000] {dag.py:3239} INFO - Sync 1 DAGs
[2025-11-29T11:25:36.695+0000] {logging_mixin.py:190} INFO - [2025-11-29T11:25:36.695+0000] {dag.py:4180} INFO - Setting next_dagrun for example_display_name to None, run_after=None
[2025-11-29T11:25:36.717+0000] {processor.py:208} INFO - Processing /home/airflow/.local/lib/python3.12/site-packages/airflow/example_dags/example_display_name.py took 0.088 seconds
[2025-11-29T11:26:07.193+0000] {processor.py:186} INFO - Started process (PID=1068) to work on /home/airflow/.local/lib/python3.12/site-packages/airflow/example_dags/example_display_name.py
[2025-11-29T11:26:07.195+0000] {processor.py:914} INFO - Processing file /home/airflow/.local/lib/python3.12/site-packages/airflow/example_dags/example_display_name.py for tasks to queue
[2025-11-29T11:26:07.197+0000] {logging_mixin.py:190} INFO - [2025-11-29T11:26:07.196+0000] {dagbag.py:588} INFO - Filling up the DagBag from /home/airflow/.local/lib/python3.12/site-packages/airflow/example_dags/example_display_name.py
[2025-11-29T11:26:07.209+0000] {processor.py:925} INFO - DAG(s) 'example_display_name' retrieved from /home/airflow/.local/lib/python3.12/site-packages/airflow/example_dags/example_display_name.py
[2025-11-29T11:26:07.236+0000] {logging_mixin.py:190} INFO - [2025-11-29T11:26:07.236+0000] {dag.py:3239} INFO - Sync 1 DAGs
[2025-11-29T11:26:07.255+0000] {logging_mixin.py:190} INFO - [2025-11-29T11:26:07.254+0000] {dag.py:4180} INFO - Setting next_dagrun for example_display_name to None, run_after=None
[2025-11-29T11:26:07.278+0000] {processor.py:208} INFO - Processing /home/airflow/.local/lib/python3.12/site-packages/airflow/example_dags/example_display_name.py took 0.092 seconds
[2025-11-29T11:26:37.555+0000] {processor.py:186} INFO - Started process (PID=1136) to work on /home/airflow/.local/lib/python3.12/site-packages/airflow/example_dags/example_display_name.py
[2025-11-29T11:26:37.557+0000] {processor.py:914} INFO - Processing file /home/airflow/.local/lib/python3.12/site-packages/airflow/example_dags/example_display_name.py for tasks to queue
[2025-11-29T11:26:37.559+0000] {logging_mixin.py:190} INFO - [2025-11-29T11:26:37.558+0000] {dagbag.py:588} INFO - Filling up the DagBag from /home/airflow/.local/lib/python3.12/site-packages/airflow/example_dags/example_display_name.py
[2025-11-29T11:26:37.571+0000] {processor.py:925} INFO - DAG(s) 'example_display_name' retrieved from /home/airflow/.local/lib/python3.12/site-packages/airflow/example_dags/example_display_name.py
[2025-11-29T11:26:37.599+0000] {logging_mixin.py:190} INFO - [2025-11-29T11:26:37.599+0000] {dag.py:3239} INFO - Sync 1 DAGs
[2025-11-29T11:26:37.623+0000] {logging_mixin.py:190} INFO - [2025-11-29T11:26:37.623+0000] {dag.py:4180} INFO - Setting next_dagrun for example_display_name to None, run_after=None
[2025-11-29T11:26:37.648+0000] {processor.py:208} INFO - Processing /home/airflow/.local/lib/python3.12/site-packages/airflow/example_dags/example_display_name.py took 0.101 seconds
[2025-11-29T11:27:07.967+0000] {processor.py:186} INFO - Started process (PID=1204) to work on /home/airflow/.local/lib/python3.12/site-packages/airflow/example_dags/example_display_name.py
[2025-11-29T11:27:07.969+0000] {processor.py:914} INFO - Processing file /home/airflow/.local/lib/python3.12/site-packages/airflow/example_dags/example_display_name.py for tasks to queue
[2025-11-29T11:27:07.971+0000] {logging_mixin.py:190} INFO - [2025-11-29T11:27:07.970+0000] {dagbag.py:588} INFO - Filling up the DagBag from /home/airflow/.local/lib/python3.12/site-packages/airflow/example_dags/example_display_name.py
[2025-11-29T11:27:07.985+0000] {processor.py:925} INFO - DAG(s) 'example_display_name' retrieved from /home/airflow/.local/lib/python3.12/site-packages/airflow/example_dags/example_display_name.py
[2025-11-29T11:27:08.018+0000] {logging_mixin.py:190} INFO - [2025-11-29T11:27:08.017+0000] {dag.py:3239} INFO - Sync 1 DAGs
[2025-11-29T11:27:08.039+0000] {logging_mixin.py:190} INFO - [2025-11-29T11:27:08.038+0000] {dag.py:4180} INFO - Setting next_dagrun for example_display_name to None, run_after=None
[2025-11-29T11:27:08.063+0000] {processor.py:208} INFO - Processing /home/airflow/.local/lib/python3.12/site-packages/airflow/example_dags/example_display_name.py took 0.107 seconds
[2025-11-29T11:27:38.135+0000] {processor.py:186} INFO - Started process (PID=1272) to work on /home/airflow/.local/lib/python3.12/site-packages/airflow/example_dags/example_display_name.py
[2025-11-29T11:27:38.137+0000] {processor.py:914} INFO - Processing file /home/airflow/.local/lib/python3.12/site-packages/airflow/example_dags/example_display_name.py for tasks to queue
[2025-11-29T11:27:38.139+0000] {logging_mixin.py:190} INFO - [2025-11-29T11:27:38.138+0000] {dagbag.py:588} INFO - Filling up the DagBag from /home/airflow/.local/lib/python3.12/site-packages/airflow/example_dags/example_display_name.py
[2025-11-29T11:27:38.150+0000] {processor.py:925} INFO - DAG(s) 'example_display_name' retrieved from /home/airflow/.local/lib/python3.12/site-packages/airflow/example_dags/example_display_name.py
[2025-11-29T11:27:38.176+0000] {logging_mixin.py:190} INFO - [2025-11-29T11:27:38.176+0000] {dag.py:3239} INFO - Sync 1 DAGs
[2025-11-29T11:27:38.191+0000] {logging_mixin.py:190} INFO - [2025-11-29T11:27:38.190+0000] {dag.py:4180} INFO - Setting next_dagrun for example_display_name to None, run_after=None
[2025-11-29T11:27:38.211+0000] {processor.py:208} INFO - Processing /home/airflow/.local/lib/python3.12/site-packages/airflow/example_dags/example_display_name.py took 0.086 seconds
[2025-11-29T11:28:08.590+0000] {processor.py:186} INFO - Started process (PID=1341) to work on /home/airflow/.local/lib/python3.12/site-packages/airflow/example_dags/example_display_name.py
[2025-11-29T11:28:08.592+0000] {processor.py:914} INFO - Processing file /home/airflow/.local/lib/python3.12/site-packages/airflow/example_dags/example_display_name.py for tasks to queue
[2025-11-29T11:28:08.593+0000] {logging_mixin.py:190} INFO - [2025-11-29T11:28:08.593+0000] {dagbag.py:588} INFO - Filling up the DagBag from /home/airflow/.local/lib/python3.12/site-packages/airflow/example_dags/example_display_name.py
[2025-11-29T11:28:08.609+0000] {processor.py:925} INFO - DAG(s) 'example_display_name' retrieved from /home/airflow/.local/lib/python3.12/site-packages/airflow/example_dags/example_display_name.py
[2025-11-29T11:28:08.643+0000] {logging_mixin.py:190} INFO - [2025-11-29T11:28:08.642+0000] {dag.py:3239} INFO - Sync 1 DAGs
[2025-11-29T11:28:08.665+0000] {logging_mixin.py:190} INFO - [2025-11-29T11:28:08.665+0000] {dag.py:4180} INFO - Setting next_dagrun for example_display_name to None, run_after=None
[2025-11-29T11:28:08.695+0000] {processor.py:208} INFO - Processing /home/airflow/.local/lib/python3.12/site-packages/airflow/example_dags/example_display_name.py took 0.113 seconds
[2025-11-29T11:28:38.985+0000] {processor.py:186} INFO - Started process (PID=1409) to work on /home/airflow/.local/lib/python3.12/site-packages/airflow/example_dags/example_display_name.py
[2025-11-29T11:28:38.987+0000] {processor.py:914} INFO - Processing file /home/airflow/.local/lib/python3.12/site-packages/airflow/example_dags/example_display_name.py for tasks to queue
[2025-11-29T11:28:38.989+0000] {logging_mixin.py:190} INFO - [2025-11-29T11:28:38.988+0000] {dagbag.py:588} INFO - Filling up the DagBag from /home/airflow/.local/lib/python3.12/site-packages/airflow/example_dags/example_display_name.py
[2025-11-29T11:28:39.000+0000] {processor.py:925} INFO - DAG(s) 'example_display_name' retrieved from /home/airflow/.local/lib/python3.12/site-packages/airflow/example_dags/example_display_name.py
[2025-11-29T11:28:39.026+0000] {logging_mixin.py:190} INFO - [2025-11-29T11:28:39.025+0000] {dag.py:3239} INFO - Sync 1 DAGs
[2025-11-29T11:28:39.045+0000] {logging_mixin.py:190} INFO - [2025-11-29T11:28:39.045+0000] {dag.py:4180} INFO - Setting next_dagrun for example_display_name to None, run_after=None
[2025-11-29T11:28:39.163+0000] {processor.py:208} INFO - Processing /home/airflow/.local/lib/python3.12/site-packages/airflow/example_dags/example_display_name.py took 0.185 seconds
[2025-11-29T11:29:09.830+0000] {processor.py:186} INFO - Started process (PID=1477) to work on /home/airflow/.local/lib/python3.12/site-packages/airflow/example_dags/example_display_name.py
[2025-11-29T11:29:09.832+0000] {processor.py:914} INFO - Processing file /home/airflow/.local/lib/python3.12/site-packages/airflow/example_dags/example_display_name.py for tasks to queue
[2025-11-29T11:29:09.834+0000] {logging_mixin.py:190} INFO - [2025-11-29T11:29:09.833+0000] {dagbag.py:588} INFO - Filling up the DagBag from /home/airflow/.local/lib/python3.12/site-packages/airflow/example_dags/example_display_name.py
[2025-11-29T11:29:09.846+0000] {processor.py:925} INFO - DAG(s) 'example_display_name' retrieved from /home/airflow/.local/lib/python3.12/site-packages/airflow/example_dags/example_display_name.py
[2025-11-29T11:29:09.881+0000] {logging_mixin.py:190} INFO - [2025-11-29T11:29:09.880+0000] {dag.py:3239} INFO - Sync 1 DAGs
[2025-11-29T11:29:09.903+0000] {logging_mixin.py:190} INFO - [2025-11-29T11:29:09.903+0000] {dag.py:4180} INFO - Setting next_dagrun for example_display_name to None, run_after=None
[2025-11-29T11:29:09.925+0000] {processor.py:208} INFO - Processing /home/airflow/.local/lib/python3.12/site-packages/airflow/example_dags/example_display_name.py took 0.103 seconds
[2025-11-29T11:29:40.076+0000] {processor.py:186} INFO - Started process (PID=1547) to work on /home/airflow/.local/lib/python3.12/site-packages/airflow/example_dags/example_display_name.py
[2025-11-29T11:29:40.078+0000] {processor.py:914} INFO - Processing file /home/airflow/.local/lib/python3.12/site-packages/airflow/example_dags/example_display_name.py for tasks to queue
[2025-11-29T11:29:40.080+0000] {logging_mixin.py:190} INFO - [2025-11-29T11:29:40.079+0000] {dagbag.py:588} INFO - Filling up the DagBag from /home/airflow/.local/lib/python3.12/site-packages/airflow/example_dags/example_display_name.py
[2025-11-29T11:29:40.093+0000] {processor.py:925} INFO - DAG(s) 'example_display_name' retrieved from /home/airflow/.local/lib/python3.12/site-packages/airflow/example_dags/example_display_name.py
[2025-11-29T11:29:40.123+0000] {logging_mixin.py:190} INFO - [2025-11-29T11:29:40.123+0000] {dag.py:3239} INFO - Sync 1 DAGs
[2025-11-29T11:29:40.143+0000] {logging_mixin.py:190} INFO - [2025-11-29T11:29:40.142+0000] {dag.py:4180} INFO - Setting next_dagrun for example_display_name to None, run_after=None
[2025-11-29T11:29:40.170+0000] {processor.py:208} INFO - Processing /home/airflow/.local/lib/python3.12/site-packages/airflow/example_dags/example_display_name.py took 0.101 seconds
[2025-11-29T11:30:10.778+0000] {processor.py:186} INFO - Started process (PID=1615) to work on /home/airflow/.local/lib/python3.12/site-packages/airflow/example_dags/example_display_name.py
[2025-11-29T11:30:10.780+0000] {processor.py:914} INFO - Processing file /home/airflow/.local/lib/python3.12/site-packages/airflow/example_dags/example_display_name.py for tasks to queue
[2025-11-29T11:30:10.788+0000] {logging_mixin.py:190} INFO - [2025-11-29T11:30:10.786+0000] {dagbag.py:588} INFO - Filling up the DagBag from /home/airflow/.local/lib/python3.12/site-packages/airflow/example_dags/example_display_name.py
[2025-11-29T11:30:10.806+0000] {processor.py:925} INFO - DAG(s) 'example_display_name' retrieved from /home/airflow/.local/lib/python3.12/site-packages/airflow/example_dags/example_display_name.py
[2025-11-29T11:30:10.838+0000] {logging_mixin.py:190} INFO - [2025-11-29T11:30:10.837+0000] {dag.py:3239} INFO - Sync 1 DAGs
[2025-11-29T11:30:10.859+0000] {logging_mixin.py:190} INFO - [2025-11-29T11:30:10.859+0000] {dag.py:4180} INFO - Setting next_dagrun for example_display_name to None, run_after=None
[2025-11-29T11:30:10.880+0000] {processor.py:208} INFO - Processing /home/airflow/.local/lib/python3.12/site-packages/airflow/example_dags/example_display_name.py took 0.115 seconds
[2025-11-29T11:30:41.223+0000] {processor.py:186} INFO - Started process (PID=1684) to work on /home/airflow/.local/lib/python3.12/site-packages/airflow/example_dags/example_display_name.py
[2025-11-29T11:30:41.225+0000] {processor.py:914} INFO - Processing file /home/airflow/.local/lib/python3.12/site-packages/airflow/example_dags/example_display_name.py for tasks to queue
[2025-11-29T11:30:41.227+0000] {logging_mixin.py:190} INFO - [2025-11-29T11:30:41.227+0000] {dagbag.py:588} INFO - Filling up the DagBag from /home/airflow/.local/lib/python3.12/site-packages/airflow/example_dags/example_display_name.py
[2025-11-29T11:30:41.239+0000] {processor.py:925} INFO - DAG(s) 'example_display_name' retrieved from /home/airflow/.local/lib/python3.12/site-packages/airflow/example_dags/example_display_name.py
[2025-11-29T11:30:41.264+0000] {logging_mixin.py:190} INFO - [2025-11-29T11:30:41.264+0000] {dag.py:3239} INFO - Sync 1 DAGs
[2025-11-29T11:30:41.282+0000] {logging_mixin.py:190} INFO - [2025-11-29T11:30:41.282+0000] {dag.py:4180} INFO - Setting next_dagrun for example_display_name to None, run_after=None
[2025-11-29T11:30:41.302+0000] {processor.py:208} INFO - Processing /home/airflow/.local/lib/python3.12/site-packages/airflow/example_dags/example_display_name.py took 0.086 seconds
[2025-11-29T11:31:11.582+0000] {processor.py:186} INFO - Started process (PID=1752) to work on /home/airflow/.local/lib/python3.12/site-packages/airflow/example_dags/example_display_name.py
[2025-11-29T11:31:11.584+0000] {processor.py:914} INFO - Processing file /home/airflow/.local/lib/python3.12/site-packages/airflow/example_dags/example_display_name.py for tasks to queue
[2025-11-29T11:31:11.585+0000] {logging_mixin.py:190} INFO - [2025-11-29T11:31:11.585+0000] {dagbag.py:588} INFO - Filling up the DagBag from /home/airflow/.local/lib/python3.12/site-packages/airflow/example_dags/example_display_name.py
[2025-11-29T11:31:11.598+0000] {processor.py:925} INFO - DAG(s) 'example_display_name' retrieved from /home/airflow/.local/lib/python3.12/site-packages/airflow/example_dags/example_display_name.py
[2025-11-29T11:31:11.628+0000] {logging_mixin.py:190} INFO - [2025-11-29T11:31:11.628+0000] {dag.py:3239} INFO - Sync 1 DAGs
[2025-11-29T11:31:11.648+0000] {logging_mixin.py:190} INFO - [2025-11-29T11:31:11.648+0000] {dag.py:4180} INFO - Setting next_dagrun for example_display_name to None, run_after=None
[2025-11-29T11:31:11.675+0000] {processor.py:208} INFO - Processing /home/airflow/.local/lib/python3.12/site-packages/airflow/example_dags/example_display_name.py took 0.102 seconds
[2025-11-29T11:31:42.303+0000] {processor.py:186} INFO - Started process (PID=1820) to work on /home/airflow/.local/lib/python3.12/site-packages/airflow/example_dags/example_display_name.py
[2025-11-29T11:31:42.304+0000] {processor.py:914} INFO - Processing file /home/airflow/.local/lib/python3.12/site-packages/airflow/example_dags/example_display_name.py for tasks to queue
[2025-11-29T11:31:42.306+0000] {logging_mixin.py:190} INFO - [2025-11-29T11:31:42.306+0000] {dagbag.py:588} INFO - Filling up the DagBag from /home/airflow/.local/lib/python3.12/site-packages/airflow/example_dags/example_display_name.py
[2025-11-29T11:31:42.318+0000] {processor.py:925} INFO - DAG(s) 'example_display_name' retrieved from /home/airflow/.local/lib/python3.12/site-packages/airflow/example_dags/example_display_name.py
[2025-11-29T11:31:42.344+0000] {logging_mixin.py:190} INFO - [2025-11-29T11:31:42.344+0000] {dag.py:3239} INFO - Sync 1 DAGs
[2025-11-29T11:31:42.364+0000] {logging_mixin.py:190} INFO - [2025-11-29T11:31:42.363+0000] {dag.py:4180} INFO - Setting next_dagrun for example_display_name to None, run_after=None
[2025-11-29T11:31:42.392+0000] {processor.py:208} INFO - Processing /home/airflow/.local/lib/python3.12/site-packages/airflow/example_dags/example_display_name.py took 0.097 seconds
[2025-11-29T11:32:12.678+0000] {processor.py:186} INFO - Started process (PID=1888) to work on /home/airflow/.local/lib/python3.12/site-packages/airflow/example_dags/example_display_name.py
[2025-11-29T11:32:12.680+0000] {processor.py:914} INFO - Processing file /home/airflow/.local/lib/python3.12/site-packages/airflow/example_dags/example_display_name.py for tasks to queue
[2025-11-29T11:32:12.682+0000] {logging_mixin.py:190} INFO - [2025-11-29T11:32:12.681+0000] {dagbag.py:588} INFO - Filling up the DagBag from /home/airflow/.local/lib/python3.12/site-packages/airflow/example_dags/example_display_name.py
[2025-11-29T11:32:12.694+0000] {processor.py:925} INFO - DAG(s) 'example_display_name' retrieved from /home/airflow/.local/lib/python3.12/site-packages/airflow/example_dags/example_display_name.py
[2025-11-29T11:32:12.720+0000] {logging_mixin.py:190} INFO - [2025-11-29T11:32:12.720+0000] {dag.py:3239} INFO - Sync 1 DAGs
[2025-11-29T11:32:12.738+0000] {logging_mixin.py:190} INFO - [2025-11-29T11:32:12.738+0000] {dag.py:4180} INFO - Setting next_dagrun for example_display_name to None, run_after=None
[2025-11-29T11:32:12.760+0000] {processor.py:208} INFO - Processing /home/airflow/.local/lib/python3.12/site-packages/airflow/example_dags/example_display_name.py took 0.089 seconds
[2025-11-29T11:32:44.083+0000] {processor.py:186} INFO - Started process (PID=1957) to work on /home/airflow/.local/lib/python3.12/site-packages/airflow/example_dags/example_display_name.py
[2025-11-29T11:32:44.084+0000] {processor.py:914} INFO - Processing file /home/airflow/.local/lib/python3.12/site-packages/airflow/example_dags/example_display_name.py for tasks to queue
[2025-11-29T11:32:44.086+0000] {logging_mixin.py:190} INFO - [2025-11-29T11:32:44.086+0000] {dagbag.py:588} INFO - Filling up the DagBag from /home/airflow/.local/lib/python3.12/site-packages/airflow/example_dags/example_display_name.py
[2025-11-29T11:32:44.099+0000] {processor.py:925} INFO - DAG(s) 'example_display_name' retrieved from /home/airflow/.local/lib/python3.12/site-packages/airflow/example_dags/example_display_name.py
[2025-11-29T11:32:44.134+0000] {logging_mixin.py:190} INFO - [2025-11-29T11:32:44.133+0000] {dag.py:3239} INFO - Sync 1 DAGs
[2025-11-29T11:32:44.157+0000] {logging_mixin.py:190} INFO - [2025-11-29T11:32:44.157+0000] {dag.py:4180} INFO - Setting next_dagrun for example_display_name to None, run_after=None
[2025-11-29T11:32:44.187+0000] {processor.py:208} INFO - Processing /home/airflow/.local/lib/python3.12/site-packages/airflow/example_dags/example_display_name.py took 0.112 seconds
[2025-11-29T11:33:15.168+0000] {processor.py:186} INFO - Started process (PID=2025) to work on /home/airflow/.local/lib/python3.12/site-packages/airflow/example_dags/example_display_name.py
[2025-11-29T11:33:15.169+0000] {processor.py:914} INFO - Processing file /home/airflow/.local/lib/python3.12/site-packages/airflow/example_dags/example_display_name.py for tasks to queue
[2025-11-29T11:33:15.171+0000] {logging_mixin.py:190} INFO - [2025-11-29T11:33:15.171+0000] {dagbag.py:588} INFO - Filling up the DagBag from /home/airflow/.local/lib/python3.12/site-packages/airflow/example_dags/example_display_name.py
[2025-11-29T11:33:15.184+0000] {processor.py:925} INFO - DAG(s) 'example_display_name' retrieved from /home/airflow/.local/lib/python3.12/site-packages/airflow/example_dags/example_display_name.py
[2025-11-29T11:33:15.213+0000] {logging_mixin.py:190} INFO - [2025-11-29T11:33:15.212+0000] {dag.py:3239} INFO - Sync 1 DAGs
[2025-11-29T11:33:15.233+0000] {logging_mixin.py:190} INFO - [2025-11-29T11:33:15.233+0000] {dag.py:4180} INFO - Setting next_dagrun for example_display_name to None, run_after=None
[2025-11-29T11:33:15.258+0000] {processor.py:208} INFO - Processing /home/airflow/.local/lib/python3.12/site-packages/airflow/example_dags/example_display_name.py took 0.099 seconds
[2025-11-29T11:33:45.400+0000] {processor.py:186} INFO - Started process (PID=2093) to work on /home/airflow/.local/lib/python3.12/site-packages/airflow/example_dags/example_display_name.py
[2025-11-29T11:33:45.402+0000] {processor.py:914} INFO - Processing file /home/airflow/.local/lib/python3.12/site-packages/airflow/example_dags/example_display_name.py for tasks to queue
[2025-11-29T11:33:45.404+0000] {logging_mixin.py:190} INFO - [2025-11-29T11:33:45.404+0000] {dagbag.py:588} INFO - Filling up the DagBag from /home/airflow/.local/lib/python3.12/site-packages/airflow/example_dags/example_display_name.py
[2025-11-29T11:33:45.417+0000] {processor.py:925} INFO - DAG(s) 'example_display_name' retrieved from /home/airflow/.local/lib/python3.12/site-packages/airflow/example_dags/example_display_name.py
[2025-11-29T11:33:45.451+0000] {logging_mixin.py:190} INFO - [2025-11-29T11:33:45.450+0000] {dag.py:3239} INFO - Sync 1 DAGs
[2025-11-29T11:33:45.470+0000] {logging_mixin.py:190} INFO - [2025-11-29T11:33:45.470+0000] {dag.py:4180} INFO - Setting next_dagrun for example_display_name to None, run_after=None
[2025-11-29T11:33:45.496+0000] {processor.py:208} INFO - Processing /home/airflow/.local/lib/python3.12/site-packages/airflow/example_dags/example_display_name.py took 0.105 seconds
[2025-11-29T11:34:15.804+0000] {processor.py:186} INFO - Started process (PID=2161) to work on /home/airflow/.local/lib/python3.12/site-packages/airflow/example_dags/example_display_name.py
[2025-11-29T11:34:15.805+0000] {processor.py:914} INFO - Processing file /home/airflow/.local/lib/python3.12/site-packages/airflow/example_dags/example_display_name.py for tasks to queue
[2025-11-29T11:34:15.807+0000] {logging_mixin.py:190} INFO - [2025-11-29T11:34:15.807+0000] {dagbag.py:588} INFO - Filling up the DagBag from /home/airflow/.local/lib/python3.12/site-packages/airflow/example_dags/example_display_name.py
[2025-11-29T11:34:15.820+0000] {processor.py:925} INFO - DAG(s) 'example_display_name' retrieved from /home/airflow/.local/lib/python3.12/site-packages/airflow/example_dags/example_display_name.py
[2025-11-29T11:34:15.846+0000] {logging_mixin.py:190} INFO - [2025-11-29T11:34:15.846+0000] {dag.py:3239} INFO - Sync 1 DAGs
[2025-11-29T11:34:15.866+0000] {logging_mixin.py:190} INFO - [2025-11-29T11:34:15.866+0000] {dag.py:4180} INFO - Setting next_dagrun for example_display_name to None, run_after=None
[2025-11-29T11:34:15.891+0000] {processor.py:208} INFO - Processing /home/airflow/.local/lib/python3.12/site-packages/airflow/example_dags/example_display_name.py took 0.096 seconds
[2025-11-29T11:34:46.717+0000] {processor.py:186} INFO - Started process (PID=2230) to work on /home/airflow/.local/lib/python3.12/site-packages/airflow/example_dags/example_display_name.py
[2025-11-29T11:34:46.719+0000] {processor.py:914} INFO - Processing file /home/airflow/.local/lib/python3.12/site-packages/airflow/example_dags/example_display_name.py for tasks to queue
[2025-11-29T11:34:46.721+0000] {logging_mixin.py:190} INFO - [2025-11-29T11:34:46.720+0000] {dagbag.py:588} INFO - Filling up the DagBag from /home/airflow/.local/lib/python3.12/site-packages/airflow/example_dags/example_display_name.py
[2025-11-29T11:34:46.734+0000] {processor.py:925} INFO - DAG(s) 'example_display_name' retrieved from /home/airflow/.local/lib/python3.12/site-packages/airflow/example_dags/example_display_name.py
[2025-11-29T11:34:46.764+0000] {logging_mixin.py:190} INFO - [2025-11-29T11:34:46.764+0000] {dag.py:3239} INFO - Sync 1 DAGs
[2025-11-29T11:34:46.786+0000] {logging_mixin.py:190} INFO - [2025-11-29T11:34:46.786+0000] {dag.py:4180} INFO - Setting next_dagrun for example_display_name to None, run_after=None
[2025-11-29T11:34:46.817+0000] {processor.py:208} INFO - Processing /home/airflow/.local/lib/python3.12/site-packages/airflow/example_dags/example_display_name.py took 0.109 seconds
[2025-11-29T11:35:17.151+0000] {processor.py:186} INFO - Started process (PID=2298) to work on /home/airflow/.local/lib/python3.12/site-packages/airflow/example_dags/example_display_name.py
[2025-11-29T11:35:17.153+0000] {processor.py:914} INFO - Processing file /home/airflow/.local/lib/python3.12/site-packages/airflow/example_dags/example_display_name.py for tasks to queue
[2025-11-29T11:35:17.155+0000] {logging_mixin.py:190} INFO - [2025-11-29T11:35:17.154+0000] {dagbag.py:588} INFO - Filling up the DagBag from /home/airflow/.local/lib/python3.12/site-packages/airflow/example_dags/example_display_name.py
[2025-11-29T11:35:17.168+0000] {processor.py:925} INFO - DAG(s) 'example_display_name' retrieved from /home/airflow/.local/lib/python3.12/site-packages/airflow/example_dags/example_display_name.py
[2025-11-29T11:35:17.195+0000] {logging_mixin.py:190} INFO - [2025-11-29T11:35:17.195+0000] {dag.py:3239} INFO - Sync 1 DAGs
[2025-11-29T11:35:17.214+0000] {logging_mixin.py:190} INFO - [2025-11-29T11:35:17.213+0000] {dag.py:4180} INFO - Setting next_dagrun for example_display_name to None, run_after=None
[2025-11-29T11:35:17.236+0000] {processor.py:208} INFO - Processing /home/airflow/.local/lib/python3.12/site-packages/airflow/example_dags/example_display_name.py took 0.093 seconds
[2025-11-29T11:35:47.353+0000] {processor.py:186} INFO - Started process (PID=2366) to work on /home/airflow/.local/lib/python3.12/site-packages/airflow/example_dags/example_display_name.py
[2025-11-29T11:35:47.355+0000] {processor.py:914} INFO - Processing file /home/airflow/.local/lib/python3.12/site-packages/airflow/example_dags/example_display_name.py for tasks to queue
[2025-11-29T11:35:47.357+0000] {logging_mixin.py:190} INFO - [2025-11-29T11:35:47.356+0000] {dagbag.py:588} INFO - Filling up the DagBag from /home/airflow/.local/lib/python3.12/site-packages/airflow/example_dags/example_display_name.py
[2025-11-29T11:35:47.370+0000] {processor.py:925} INFO - DAG(s) 'example_display_name' retrieved from /home/airflow/.local/lib/python3.12/site-packages/airflow/example_dags/example_display_name.py
[2025-11-29T11:35:47.394+0000] {logging_mixin.py:190} INFO - [2025-11-29T11:35:47.394+0000] {dag.py:3239} INFO - Sync 1 DAGs
[2025-11-29T11:35:47.412+0000] {logging_mixin.py:190} INFO - [2025-11-29T11:35:47.412+0000] {dag.py:4180} INFO - Setting next_dagrun for example_display_name to None, run_after=None
[2025-11-29T11:35:47.436+0000] {processor.py:208} INFO - Processing /home/airflow/.local/lib/python3.12/site-packages/airflow/example_dags/example_display_name.py took 0.092 seconds
[2025-11-29T11:36:18.103+0000] {processor.py:186} INFO - Started process (PID=2436) to work on /home/airflow/.local/lib/python3.12/site-packages/airflow/example_dags/example_display_name.py
[2025-11-29T11:36:18.105+0000] {processor.py:914} INFO - Processing file /home/airflow/.local/lib/python3.12/site-packages/airflow/example_dags/example_display_name.py for tasks to queue
[2025-11-29T11:36:18.107+0000] {logging_mixin.py:190} INFO - [2025-11-29T11:36:18.106+0000] {dagbag.py:588} INFO - Filling up the DagBag from /home/airflow/.local/lib/python3.12/site-packages/airflow/example_dags/example_display_name.py
[2025-11-29T11:36:18.118+0000] {processor.py:925} INFO - DAG(s) 'example_display_name' retrieved from /home/airflow/.local/lib/python3.12/site-packages/airflow/example_dags/example_display_name.py
[2025-11-29T11:36:18.144+0000] {logging_mixin.py:190} INFO - [2025-11-29T11:36:18.144+0000] {dag.py:3239} INFO - Sync 1 DAGs
[2025-11-29T11:36:18.164+0000] {logging_mixin.py:190} INFO - [2025-11-29T11:36:18.164+0000] {dag.py:4180} INFO - Setting next_dagrun for example_display_name to None, run_after=None
[2025-11-29T11:36:18.190+0000] {processor.py:208} INFO - Processing /home/airflow/.local/lib/python3.12/site-packages/airflow/example_dags/example_display_name.py took 0.095 seconds
[2025-11-29T11:36:48.858+0000] {processor.py:186} INFO - Started process (PID=2504) to work on /home/airflow/.local/lib/python3.12/site-packages/airflow/example_dags/example_display_name.py
[2025-11-29T11:36:48.860+0000] {processor.py:914} INFO - Processing file /home/airflow/.local/lib/python3.12/site-packages/airflow/example_dags/example_display_name.py for tasks to queue
[2025-11-29T11:36:48.861+0000] {logging_mixin.py:190} INFO - [2025-11-29T11:36:48.861+0000] {dagbag.py:588} INFO - Filling up the DagBag from /home/airflow/.local/lib/python3.12/site-packages/airflow/example_dags/example_display_name.py
[2025-11-29T11:36:48.872+0000] {processor.py:925} INFO - DAG(s) 'example_display_name' retrieved from /home/airflow/.local/lib/python3.12/site-packages/airflow/example_dags/example_display_name.py
[2025-11-29T11:36:48.899+0000] {logging_mixin.py:190} INFO - [2025-11-29T11:36:48.898+0000] {dag.py:3239} INFO - Sync 1 DAGs
[2025-11-29T11:36:48.920+0000] {logging_mixin.py:190} INFO - [2025-11-29T11:36:48.919+0000] {dag.py:4180} INFO - Setting next_dagrun for example_display_name to None, run_after=None
[2025-11-29T11:36:48.943+0000] {processor.py:208} INFO - Processing /home/airflow/.local/lib/python3.12/site-packages/airflow/example_dags/example_display_name.py took 0.094 seconds
[2025-11-29T11:37:19.791+0000] {processor.py:186} INFO - Started process (PID=2572) to work on /home/airflow/.local/lib/python3.12/site-packages/airflow/example_dags/example_display_name.py
[2025-11-29T11:37:19.793+0000] {processor.py:914} INFO - Processing file /home/airflow/.local/lib/python3.12/site-packages/airflow/example_dags/example_display_name.py for tasks to queue
[2025-11-29T11:37:19.795+0000] {logging_mixin.py:190} INFO - [2025-11-29T11:37:19.795+0000] {dagbag.py:588} INFO - Filling up the DagBag from /home/airflow/.local/lib/python3.12/site-packages/airflow/example_dags/example_display_name.py
[2025-11-29T11:37:19.806+0000] {processor.py:925} INFO - DAG(s) 'example_display_name' retrieved from /home/airflow/.local/lib/python3.12/site-packages/airflow/example_dags/example_display_name.py
[2025-11-29T11:37:19.832+0000] {logging_mixin.py:190} INFO - [2025-11-29T11:37:19.832+0000] {dag.py:3239} INFO - Sync 1 DAGs
[2025-11-29T11:37:19.851+0000] {logging_mixin.py:190} INFO - [2025-11-29T11:37:19.850+0000] {dag.py:4180} INFO - Setting next_dagrun for example_display_name to None, run_after=None
[2025-11-29T11:37:19.874+0000] {processor.py:208} INFO - Processing /home/airflow/.local/lib/python3.12/site-packages/airflow/example_dags/example_display_name.py took 0.090 seconds
