[2025-11-29T11:19:04.028+0000] {processor.py:186} INFO - Started process (PID=136) to work on /home/airflow/.local/lib/python3.12/site-packages/airflow/example_dags/example_bash_operator.py
[2025-11-29T11:19:04.029+0000] {processor.py:914} INFO - Processing file /home/airflow/.local/lib/python3.12/site-packages/airflow/example_dags/example_bash_operator.py for tasks to queue
[2025-11-29T11:19:04.033+0000] {logging_mixin.py:190} INFO - [2025-11-29T11:19:04.033+0000] {dagbag.py:588} INFO - Filling up the DagBag from /home/airflow/.local/lib/python3.12/site-packages/airflow/example_dags/example_bash_operator.py
[2025-11-29T11:19:04.054+0000] {processor.py:925} INFO - DAG(s) 'example_bash_operator' retrieved from /home/airflow/.local/lib/python3.12/site-packages/airflow/example_dags/example_bash_operator.py
[2025-11-29T11:19:04.186+0000] {logging_mixin.py:190} INFO - [2025-11-29T11:19:04.185+0000] {override.py:1911} INFO - Created Permission View: can delete on DAG:example_bash_operator
[2025-11-29T11:19:04.198+0000] {logging_mixin.py:190} INFO - [2025-11-29T11:19:04.198+0000] {override.py:1911} INFO - Created Permission View: can read on DAG:example_bash_operator
[2025-11-29T11:19:04.208+0000] {logging_mixin.py:190} INFO - [2025-11-29T11:19:04.208+0000] {override.py:1911} INFO - Created Permission View: can edit on DAG:example_bash_operator
[2025-11-29T11:19:04.221+0000] {logging_mixin.py:190} INFO - [2025-11-29T11:19:04.220+0000] {override.py:1911} INFO - Created Permission View: menu access on DAG Run:example_bash_operator
[2025-11-29T11:19:04.232+0000] {logging_mixin.py:190} INFO - [2025-11-29T11:19:04.231+0000] {override.py:1911} INFO - Created Permission View: can delete on DAG Run:example_bash_operator
[2025-11-29T11:19:04.243+0000] {logging_mixin.py:190} INFO - [2025-11-29T11:19:04.243+0000] {override.py:1911} INFO - Created Permission View: can read on DAG Run:example_bash_operator
[2025-11-29T11:19:04.255+0000] {logging_mixin.py:190} INFO - [2025-11-29T11:19:04.254+0000] {override.py:1911} INFO - Created Permission View: can create on DAG Run:example_bash_operator
[2025-11-29T11:19:04.256+0000] {logging_mixin.py:190} INFO - [2025-11-29T11:19:04.255+0000] {dag.py:3239} INFO - Sync 1 DAGs
[2025-11-29T11:19:04.272+0000] {logging_mixin.py:190} INFO - [2025-11-29T11:19:04.272+0000] {dag.py:3262} INFO - Creating ORM DAG for example_bash_operator
[2025-11-29T11:19:04.289+0000] {logging_mixin.py:190} INFO - [2025-11-29T11:19:04.288+0000] {dag.py:4180} INFO - Setting next_dagrun for example_bash_operator to 2025-11-28 00:00:00+00:00, run_after=2025-11-29 00:00:00+00:00
[2025-11-29T11:19:04.316+0000] {processor.py:208} INFO - Processing /home/airflow/.local/lib/python3.12/site-packages/airflow/example_dags/example_bash_operator.py took 0.296 seconds
[2025-11-29T11:19:34.935+0000] {processor.py:186} INFO - Started process (PID=204) to work on /home/airflow/.local/lib/python3.12/site-packages/airflow/example_dags/example_bash_operator.py
[2025-11-29T11:19:34.937+0000] {processor.py:914} INFO - Processing file /home/airflow/.local/lib/python3.12/site-packages/airflow/example_dags/example_bash_operator.py for tasks to queue
[2025-11-29T11:19:34.940+0000] {logging_mixin.py:190} INFO - [2025-11-29T11:19:34.939+0000] {dagbag.py:588} INFO - Filling up the DagBag from /home/airflow/.local/lib/python3.12/site-packages/airflow/example_dags/example_bash_operator.py
[2025-11-29T11:19:34.957+0000] {processor.py:925} INFO - DAG(s) 'example_bash_operator' retrieved from /home/airflow/.local/lib/python3.12/site-packages/airflow/example_dags/example_bash_operator.py
[2025-11-29T11:19:34.989+0000] {logging_mixin.py:190} INFO - [2025-11-29T11:19:34.988+0000] {dag.py:3239} INFO - Sync 1 DAGs
[2025-11-29T11:19:35.014+0000] {logging_mixin.py:190} INFO - [2025-11-29T11:19:35.014+0000] {dag.py:4180} INFO - Setting next_dagrun for example_bash_operator to 2025-11-28 00:00:00+00:00, run_after=2025-11-29 00:00:00+00:00
[2025-11-29T11:19:35.036+0000] {processor.py:208} INFO - Processing /home/airflow/.local/lib/python3.12/site-packages/airflow/example_dags/example_bash_operator.py took 0.109 seconds
[2025-11-29T11:20:05.385+0000] {processor.py:186} INFO - Started process (PID=272) to work on /home/airflow/.local/lib/python3.12/site-packages/airflow/example_dags/example_bash_operator.py
[2025-11-29T11:20:05.387+0000] {processor.py:914} INFO - Processing file /home/airflow/.local/lib/python3.12/site-packages/airflow/example_dags/example_bash_operator.py for tasks to queue
[2025-11-29T11:20:05.390+0000] {logging_mixin.py:190} INFO - [2025-11-29T11:20:05.390+0000] {dagbag.py:588} INFO - Filling up the DagBag from /home/airflow/.local/lib/python3.12/site-packages/airflow/example_dags/example_bash_operator.py
[2025-11-29T11:20:05.407+0000] {processor.py:925} INFO - DAG(s) 'example_bash_operator' retrieved from /home/airflow/.local/lib/python3.12/site-packages/airflow/example_dags/example_bash_operator.py
[2025-11-29T11:20:05.438+0000] {logging_mixin.py:190} INFO - [2025-11-29T11:20:05.438+0000] {dag.py:3239} INFO - Sync 1 DAGs
[2025-11-29T11:20:05.464+0000] {logging_mixin.py:190} INFO - [2025-11-29T11:20:05.463+0000] {dag.py:4180} INFO - Setting next_dagrun for example_bash_operator to 2025-11-28 00:00:00+00:00, run_after=2025-11-29 00:00:00+00:00
[2025-11-29T11:20:05.486+0000] {processor.py:208} INFO - Processing /home/airflow/.local/lib/python3.12/site-packages/airflow/example_dags/example_bash_operator.py took 0.108 seconds
[2025-11-29T11:20:35.559+0000] {processor.py:186} INFO - Started process (PID=341) to work on /home/airflow/.local/lib/python3.12/site-packages/airflow/example_dags/example_bash_operator.py
[2025-11-29T11:20:35.562+0000] {processor.py:914} INFO - Processing file /home/airflow/.local/lib/python3.12/site-packages/airflow/example_dags/example_bash_operator.py for tasks to queue
[2025-11-29T11:20:35.566+0000] {logging_mixin.py:190} INFO - [2025-11-29T11:20:35.565+0000] {dagbag.py:588} INFO - Filling up the DagBag from /home/airflow/.local/lib/python3.12/site-packages/airflow/example_dags/example_bash_operator.py
[2025-11-29T11:20:35.585+0000] {processor.py:925} INFO - DAG(s) 'example_bash_operator' retrieved from /home/airflow/.local/lib/python3.12/site-packages/airflow/example_dags/example_bash_operator.py
[2025-11-29T11:20:35.617+0000] {logging_mixin.py:190} INFO - [2025-11-29T11:20:35.617+0000] {dag.py:3239} INFO - Sync 1 DAGs
[2025-11-29T11:20:35.644+0000] {logging_mixin.py:190} INFO - [2025-11-29T11:20:35.644+0000] {dag.py:4180} INFO - Setting next_dagrun for example_bash_operator to 2025-11-28 00:00:00+00:00, run_after=2025-11-29 00:00:00+00:00
[2025-11-29T11:20:35.667+0000] {processor.py:208} INFO - Processing /home/airflow/.local/lib/python3.12/site-packages/airflow/example_dags/example_bash_operator.py took 0.115 seconds
[2025-11-29T11:21:06.471+0000] {processor.py:186} INFO - Started process (PID=410) to work on /home/airflow/.local/lib/python3.12/site-packages/airflow/example_dags/example_bash_operator.py
[2025-11-29T11:21:06.473+0000] {processor.py:914} INFO - Processing file /home/airflow/.local/lib/python3.12/site-packages/airflow/example_dags/example_bash_operator.py for tasks to queue
[2025-11-29T11:21:06.477+0000] {logging_mixin.py:190} INFO - [2025-11-29T11:21:06.476+0000] {dagbag.py:588} INFO - Filling up the DagBag from /home/airflow/.local/lib/python3.12/site-packages/airflow/example_dags/example_bash_operator.py
[2025-11-29T11:21:06.498+0000] {processor.py:925} INFO - DAG(s) 'example_bash_operator' retrieved from /home/airflow/.local/lib/python3.12/site-packages/airflow/example_dags/example_bash_operator.py
[2025-11-29T11:21:06.533+0000] {logging_mixin.py:190} INFO - [2025-11-29T11:21:06.533+0000] {dag.py:3239} INFO - Sync 1 DAGs
[2025-11-29T11:21:06.564+0000] {logging_mixin.py:190} INFO - [2025-11-29T11:21:06.564+0000] {dag.py:4180} INFO - Setting next_dagrun for example_bash_operator to 2025-11-28 00:00:00+00:00, run_after=2025-11-29 00:00:00+00:00
[2025-11-29T11:21:06.591+0000] {processor.py:208} INFO - Processing /home/airflow/.local/lib/python3.12/site-packages/airflow/example_dags/example_bash_operator.py took 0.129 seconds
[2025-11-29T11:21:37.104+0000] {processor.py:186} INFO - Started process (PID=478) to work on /home/airflow/.local/lib/python3.12/site-packages/airflow/example_dags/example_bash_operator.py
[2025-11-29T11:21:37.106+0000] {processor.py:914} INFO - Processing file /home/airflow/.local/lib/python3.12/site-packages/airflow/example_dags/example_bash_operator.py for tasks to queue
[2025-11-29T11:21:37.110+0000] {logging_mixin.py:190} INFO - [2025-11-29T11:21:37.109+0000] {dagbag.py:588} INFO - Filling up the DagBag from /home/airflow/.local/lib/python3.12/site-packages/airflow/example_dags/example_bash_operator.py
[2025-11-29T11:21:37.127+0000] {processor.py:925} INFO - DAG(s) 'example_bash_operator' retrieved from /home/airflow/.local/lib/python3.12/site-packages/airflow/example_dags/example_bash_operator.py
[2025-11-29T11:21:37.160+0000] {logging_mixin.py:190} INFO - [2025-11-29T11:21:37.160+0000] {dag.py:3239} INFO - Sync 1 DAGs
[2025-11-29T11:21:37.191+0000] {logging_mixin.py:190} INFO - [2025-11-29T11:21:37.191+0000] {dag.py:4180} INFO - Setting next_dagrun for example_bash_operator to 2025-11-28 00:00:00+00:00, run_after=2025-11-29 00:00:00+00:00
[2025-11-29T11:21:37.213+0000] {processor.py:208} INFO - Processing /home/airflow/.local/lib/python3.12/site-packages/airflow/example_dags/example_bash_operator.py took 0.116 seconds
[2025-11-29T11:22:07.656+0000] {processor.py:186} INFO - Started process (PID=547) to work on /home/airflow/.local/lib/python3.12/site-packages/airflow/example_dags/example_bash_operator.py
[2025-11-29T11:22:07.657+0000] {processor.py:914} INFO - Processing file /home/airflow/.local/lib/python3.12/site-packages/airflow/example_dags/example_bash_operator.py for tasks to queue
[2025-11-29T11:22:07.661+0000] {logging_mixin.py:190} INFO - [2025-11-29T11:22:07.660+0000] {dagbag.py:588} INFO - Filling up the DagBag from /home/airflow/.local/lib/python3.12/site-packages/airflow/example_dags/example_bash_operator.py
[2025-11-29T11:22:07.678+0000] {processor.py:925} INFO - DAG(s) 'example_bash_operator' retrieved from /home/airflow/.local/lib/python3.12/site-packages/airflow/example_dags/example_bash_operator.py
[2025-11-29T11:22:07.712+0000] {logging_mixin.py:190} INFO - [2025-11-29T11:22:07.711+0000] {dag.py:3239} INFO - Sync 1 DAGs
[2025-11-29T11:22:07.737+0000] {logging_mixin.py:190} INFO - [2025-11-29T11:22:07.737+0000] {dag.py:4180} INFO - Setting next_dagrun for example_bash_operator to 2025-11-28 00:00:00+00:00, run_after=2025-11-29 00:00:00+00:00
[2025-11-29T11:22:07.758+0000] {processor.py:208} INFO - Processing /home/airflow/.local/lib/python3.12/site-packages/airflow/example_dags/example_bash_operator.py took 0.110 seconds
[2025-11-29T11:22:38.986+0000] {processor.py:186} INFO - Started process (PID=616) to work on /home/airflow/.local/lib/python3.12/site-packages/airflow/example_dags/example_bash_operator.py
[2025-11-29T11:22:38.988+0000] {processor.py:914} INFO - Processing file /home/airflow/.local/lib/python3.12/site-packages/airflow/example_dags/example_bash_operator.py for tasks to queue
[2025-11-29T11:22:38.991+0000] {logging_mixin.py:190} INFO - [2025-11-29T11:22:38.991+0000] {dagbag.py:588} INFO - Filling up the DagBag from /home/airflow/.local/lib/python3.12/site-packages/airflow/example_dags/example_bash_operator.py
[2025-11-29T11:22:39.008+0000] {processor.py:925} INFO - DAG(s) 'example_bash_operator' retrieved from /home/airflow/.local/lib/python3.12/site-packages/airflow/example_dags/example_bash_operator.py
[2025-11-29T11:22:39.039+0000] {logging_mixin.py:190} INFO - [2025-11-29T11:22:39.038+0000] {dag.py:3239} INFO - Sync 1 DAGs
[2025-11-29T11:22:39.065+0000] {logging_mixin.py:190} INFO - [2025-11-29T11:22:39.064+0000] {dag.py:4180} INFO - Setting next_dagrun for example_bash_operator to 2025-11-28 00:00:00+00:00, run_after=2025-11-29 00:00:00+00:00
[2025-11-29T11:22:39.088+0000] {processor.py:208} INFO - Processing /home/airflow/.local/lib/python3.12/site-packages/airflow/example_dags/example_bash_operator.py took 0.109 seconds
[2025-11-29T11:23:09.664+0000] {processor.py:186} INFO - Started process (PID=684) to work on /home/airflow/.local/lib/python3.12/site-packages/airflow/example_dags/example_bash_operator.py
[2025-11-29T11:23:09.666+0000] {processor.py:914} INFO - Processing file /home/airflow/.local/lib/python3.12/site-packages/airflow/example_dags/example_bash_operator.py for tasks to queue
[2025-11-29T11:23:09.670+0000] {logging_mixin.py:190} INFO - [2025-11-29T11:23:09.669+0000] {dagbag.py:588} INFO - Filling up the DagBag from /home/airflow/.local/lib/python3.12/site-packages/airflow/example_dags/example_bash_operator.py
[2025-11-29T11:23:09.691+0000] {processor.py:925} INFO - DAG(s) 'example_bash_operator' retrieved from /home/airflow/.local/lib/python3.12/site-packages/airflow/example_dags/example_bash_operator.py
[2025-11-29T11:23:09.731+0000] {logging_mixin.py:190} INFO - [2025-11-29T11:23:09.730+0000] {dag.py:3239} INFO - Sync 1 DAGs
[2025-11-29T11:23:09.764+0000] {logging_mixin.py:190} INFO - [2025-11-29T11:23:09.763+0000] {dag.py:4180} INFO - Setting next_dagrun for example_bash_operator to 2025-11-28 00:00:00+00:00, run_after=2025-11-29 00:00:00+00:00
[2025-11-29T11:23:09.793+0000] {processor.py:208} INFO - Processing /home/airflow/.local/lib/python3.12/site-packages/airflow/example_dags/example_bash_operator.py took 0.139 seconds
[2025-11-29T11:23:40.029+0000] {processor.py:186} INFO - Started process (PID=752) to work on /home/airflow/.local/lib/python3.12/site-packages/airflow/example_dags/example_bash_operator.py
[2025-11-29T11:23:40.031+0000] {processor.py:914} INFO - Processing file /home/airflow/.local/lib/python3.12/site-packages/airflow/example_dags/example_bash_operator.py for tasks to queue
[2025-11-29T11:23:40.034+0000] {logging_mixin.py:190} INFO - [2025-11-29T11:23:40.034+0000] {dagbag.py:588} INFO - Filling up the DagBag from /home/airflow/.local/lib/python3.12/site-packages/airflow/example_dags/example_bash_operator.py
[2025-11-29T11:23:40.052+0000] {processor.py:925} INFO - DAG(s) 'example_bash_operator' retrieved from /home/airflow/.local/lib/python3.12/site-packages/airflow/example_dags/example_bash_operator.py
[2025-11-29T11:23:40.086+0000] {logging_mixin.py:190} INFO - [2025-11-29T11:23:40.085+0000] {dag.py:3239} INFO - Sync 1 DAGs
[2025-11-29T11:23:40.114+0000] {logging_mixin.py:190} INFO - [2025-11-29T11:23:40.114+0000] {dag.py:4180} INFO - Setting next_dagrun for example_bash_operator to 2025-11-28 00:00:00+00:00, run_after=2025-11-29 00:00:00+00:00
[2025-11-29T11:23:40.137+0000] {processor.py:208} INFO - Processing /home/airflow/.local/lib/python3.12/site-packages/airflow/example_dags/example_bash_operator.py took 0.116 seconds
[2025-11-29T11:24:10.327+0000] {processor.py:186} INFO - Started process (PID=821) to work on /home/airflow/.local/lib/python3.12/site-packages/airflow/example_dags/example_bash_operator.py
[2025-11-29T11:24:10.328+0000] {processor.py:914} INFO - Processing file /home/airflow/.local/lib/python3.12/site-packages/airflow/example_dags/example_bash_operator.py for tasks to queue
[2025-11-29T11:24:10.330+0000] {logging_mixin.py:190} INFO - [2025-11-29T11:24:10.330+0000] {dagbag.py:588} INFO - Filling up the DagBag from /home/airflow/.local/lib/python3.12/site-packages/airflow/example_dags/example_bash_operator.py
[2025-11-29T11:24:10.350+0000] {processor.py:925} INFO - DAG(s) 'example_bash_operator' retrieved from /home/airflow/.local/lib/python3.12/site-packages/airflow/example_dags/example_bash_operator.py
[2025-11-29T11:24:10.388+0000] {logging_mixin.py:190} INFO - [2025-11-29T11:24:10.388+0000] {dag.py:3239} INFO - Sync 1 DAGs
[2025-11-29T11:24:10.424+0000] {logging_mixin.py:190} INFO - [2025-11-29T11:24:10.424+0000] {dag.py:4180} INFO - Setting next_dagrun for example_bash_operator to 2025-11-28 00:00:00+00:00, run_after=2025-11-29 00:00:00+00:00
[2025-11-29T11:24:10.458+0000] {processor.py:208} INFO - Processing /home/airflow/.local/lib/python3.12/site-packages/airflow/example_dags/example_bash_operator.py took 0.141 seconds
[2025-11-29T11:24:40.856+0000] {processor.py:186} INFO - Started process (PID=889) to work on /home/airflow/.local/lib/python3.12/site-packages/airflow/example_dags/example_bash_operator.py
[2025-11-29T11:24:40.858+0000] {processor.py:914} INFO - Processing file /home/airflow/.local/lib/python3.12/site-packages/airflow/example_dags/example_bash_operator.py for tasks to queue
[2025-11-29T11:24:40.860+0000] {logging_mixin.py:190} INFO - [2025-11-29T11:24:40.859+0000] {dagbag.py:588} INFO - Filling up the DagBag from /home/airflow/.local/lib/python3.12/site-packages/airflow/example_dags/example_bash_operator.py
[2025-11-29T11:24:40.877+0000] {processor.py:925} INFO - DAG(s) 'example_bash_operator' retrieved from /home/airflow/.local/lib/python3.12/site-packages/airflow/example_dags/example_bash_operator.py
[2025-11-29T11:24:40.909+0000] {logging_mixin.py:190} INFO - [2025-11-29T11:24:40.909+0000] {dag.py:3239} INFO - Sync 1 DAGs
[2025-11-29T11:24:40.936+0000] {logging_mixin.py:190} INFO - [2025-11-29T11:24:40.936+0000] {dag.py:4180} INFO - Setting next_dagrun for example_bash_operator to 2025-11-28 00:00:00+00:00, run_after=2025-11-29 00:00:00+00:00
[2025-11-29T11:24:40.957+0000] {processor.py:208} INFO - Processing /home/airflow/.local/lib/python3.12/site-packages/airflow/example_dags/example_bash_operator.py took 0.108 seconds
[2025-11-29T11:25:11.891+0000] {processor.py:186} INFO - Started process (PID=957) to work on /home/airflow/.local/lib/python3.12/site-packages/airflow/example_dags/example_bash_operator.py
[2025-11-29T11:25:11.893+0000] {processor.py:914} INFO - Processing file /home/airflow/.local/lib/python3.12/site-packages/airflow/example_dags/example_bash_operator.py for tasks to queue
[2025-11-29T11:25:11.895+0000] {logging_mixin.py:190} INFO - [2025-11-29T11:25:11.895+0000] {dagbag.py:588} INFO - Filling up the DagBag from /home/airflow/.local/lib/python3.12/site-packages/airflow/example_dags/example_bash_operator.py
[2025-11-29T11:25:11.916+0000] {processor.py:925} INFO - DAG(s) 'example_bash_operator' retrieved from /home/airflow/.local/lib/python3.12/site-packages/airflow/example_dags/example_bash_operator.py
[2025-11-29T11:25:11.948+0000] {logging_mixin.py:190} INFO - [2025-11-29T11:25:11.948+0000] {dag.py:3239} INFO - Sync 1 DAGs
[2025-11-29T11:25:11.976+0000] {logging_mixin.py:190} INFO - [2025-11-29T11:25:11.976+0000] {dag.py:4180} INFO - Setting next_dagrun for example_bash_operator to 2025-11-28 00:00:00+00:00, run_after=2025-11-29 00:00:00+00:00
[2025-11-29T11:25:11.998+0000] {processor.py:208} INFO - Processing /home/airflow/.local/lib/python3.12/site-packages/airflow/example_dags/example_bash_operator.py took 0.117 seconds
[2025-11-29T11:25:42.107+0000] {processor.py:186} INFO - Started process (PID=1025) to work on /home/airflow/.local/lib/python3.12/site-packages/airflow/example_dags/example_bash_operator.py
[2025-11-29T11:25:42.108+0000] {processor.py:914} INFO - Processing file /home/airflow/.local/lib/python3.12/site-packages/airflow/example_dags/example_bash_operator.py for tasks to queue
[2025-11-29T11:25:42.110+0000] {logging_mixin.py:190} INFO - [2025-11-29T11:25:42.109+0000] {dagbag.py:588} INFO - Filling up the DagBag from /home/airflow/.local/lib/python3.12/site-packages/airflow/example_dags/example_bash_operator.py
[2025-11-29T11:25:42.127+0000] {processor.py:925} INFO - DAG(s) 'example_bash_operator' retrieved from /home/airflow/.local/lib/python3.12/site-packages/airflow/example_dags/example_bash_operator.py
[2025-11-29T11:25:42.158+0000] {logging_mixin.py:190} INFO - [2025-11-29T11:25:42.158+0000] {dag.py:3239} INFO - Sync 1 DAGs
[2025-11-29T11:25:42.187+0000] {logging_mixin.py:190} INFO - [2025-11-29T11:25:42.187+0000] {dag.py:4180} INFO - Setting next_dagrun for example_bash_operator to 2025-11-28 00:00:00+00:00, run_after=2025-11-29 00:00:00+00:00
[2025-11-29T11:25:42.209+0000] {processor.py:208} INFO - Processing /home/airflow/.local/lib/python3.12/site-packages/airflow/example_dags/example_bash_operator.py took 0.110 seconds
[2025-11-29T11:26:12.662+0000] {processor.py:186} INFO - Started process (PID=1094) to work on /home/airflow/.local/lib/python3.12/site-packages/airflow/example_dags/example_bash_operator.py
[2025-11-29T11:26:12.663+0000] {processor.py:914} INFO - Processing file /home/airflow/.local/lib/python3.12/site-packages/airflow/example_dags/example_bash_operator.py for tasks to queue
[2025-11-29T11:26:12.665+0000] {logging_mixin.py:190} INFO - [2025-11-29T11:26:12.664+0000] {dagbag.py:588} INFO - Filling up the DagBag from /home/airflow/.local/lib/python3.12/site-packages/airflow/example_dags/example_bash_operator.py
[2025-11-29T11:26:12.682+0000] {processor.py:925} INFO - DAG(s) 'example_bash_operator' retrieved from /home/airflow/.local/lib/python3.12/site-packages/airflow/example_dags/example_bash_operator.py
[2025-11-29T11:26:12.715+0000] {logging_mixin.py:190} INFO - [2025-11-29T11:26:12.715+0000] {dag.py:3239} INFO - Sync 1 DAGs
[2025-11-29T11:26:12.743+0000] {logging_mixin.py:190} INFO - [2025-11-29T11:26:12.743+0000] {dag.py:4180} INFO - Setting next_dagrun for example_bash_operator to 2025-11-28 00:00:00+00:00, run_after=2025-11-29 00:00:00+00:00
[2025-11-29T11:26:12.768+0000] {processor.py:208} INFO - Processing /home/airflow/.local/lib/python3.12/site-packages/airflow/example_dags/example_bash_operator.py took 0.114 seconds
[2025-11-29T11:26:43.073+0000] {processor.py:186} INFO - Started process (PID=1162) to work on /home/airflow/.local/lib/python3.12/site-packages/airflow/example_dags/example_bash_operator.py
[2025-11-29T11:26:43.075+0000] {processor.py:914} INFO - Processing file /home/airflow/.local/lib/python3.12/site-packages/airflow/example_dags/example_bash_operator.py for tasks to queue
[2025-11-29T11:26:43.076+0000] {logging_mixin.py:190} INFO - [2025-11-29T11:26:43.076+0000] {dagbag.py:588} INFO - Filling up the DagBag from /home/airflow/.local/lib/python3.12/site-packages/airflow/example_dags/example_bash_operator.py
[2025-11-29T11:26:43.101+0000] {processor.py:925} INFO - DAG(s) 'example_bash_operator' retrieved from /home/airflow/.local/lib/python3.12/site-packages/airflow/example_dags/example_bash_operator.py
[2025-11-29T11:26:43.132+0000] {logging_mixin.py:190} INFO - [2025-11-29T11:26:43.131+0000] {dag.py:3239} INFO - Sync 1 DAGs
[2025-11-29T11:26:43.164+0000] {logging_mixin.py:190} INFO - [2025-11-29T11:26:43.163+0000] {dag.py:4180} INFO - Setting next_dagrun for example_bash_operator to 2025-11-28 00:00:00+00:00, run_after=2025-11-29 00:00:00+00:00
[2025-11-29T11:26:43.190+0000] {processor.py:208} INFO - Processing /home/airflow/.local/lib/python3.12/site-packages/airflow/example_dags/example_bash_operator.py took 0.125 seconds
[2025-11-29T11:27:13.751+0000] {processor.py:186} INFO - Started process (PID=1230) to work on /home/airflow/.local/lib/python3.12/site-packages/airflow/example_dags/example_bash_operator.py
[2025-11-29T11:27:13.752+0000] {processor.py:914} INFO - Processing file /home/airflow/.local/lib/python3.12/site-packages/airflow/example_dags/example_bash_operator.py for tasks to queue
[2025-11-29T11:27:13.754+0000] {logging_mixin.py:190} INFO - [2025-11-29T11:27:13.753+0000] {dagbag.py:588} INFO - Filling up the DagBag from /home/airflow/.local/lib/python3.12/site-packages/airflow/example_dags/example_bash_operator.py
[2025-11-29T11:27:13.771+0000] {processor.py:925} INFO - DAG(s) 'example_bash_operator' retrieved from /home/airflow/.local/lib/python3.12/site-packages/airflow/example_dags/example_bash_operator.py
[2025-11-29T11:27:13.803+0000] {logging_mixin.py:190} INFO - [2025-11-29T11:27:13.803+0000] {dag.py:3239} INFO - Sync 1 DAGs
[2025-11-29T11:27:13.832+0000] {logging_mixin.py:190} INFO - [2025-11-29T11:27:13.832+0000] {dag.py:4180} INFO - Setting next_dagrun for example_bash_operator to 2025-11-28 00:00:00+00:00, run_after=2025-11-29 00:00:00+00:00
[2025-11-29T11:27:13.856+0000] {processor.py:208} INFO - Processing /home/airflow/.local/lib/python3.12/site-packages/airflow/example_dags/example_bash_operator.py took 0.113 seconds
[2025-11-29T11:27:44.864+0000] {processor.py:186} INFO - Started process (PID=1298) to work on /home/airflow/.local/lib/python3.12/site-packages/airflow/example_dags/example_bash_operator.py
[2025-11-29T11:27:44.866+0000] {processor.py:914} INFO - Processing file /home/airflow/.local/lib/python3.12/site-packages/airflow/example_dags/example_bash_operator.py for tasks to queue
[2025-11-29T11:27:44.869+0000] {logging_mixin.py:190} INFO - [2025-11-29T11:27:44.868+0000] {dagbag.py:588} INFO - Filling up the DagBag from /home/airflow/.local/lib/python3.12/site-packages/airflow/example_dags/example_bash_operator.py
[2025-11-29T11:27:44.894+0000] {processor.py:925} INFO - DAG(s) 'example_bash_operator' retrieved from /home/airflow/.local/lib/python3.12/site-packages/airflow/example_dags/example_bash_operator.py
[2025-11-29T11:27:44.935+0000] {logging_mixin.py:190} INFO - [2025-11-29T11:27:44.934+0000] {dag.py:3239} INFO - Sync 1 DAGs
[2025-11-29T11:27:44.973+0000] {logging_mixin.py:190} INFO - [2025-11-29T11:27:44.973+0000] {dag.py:4180} INFO - Setting next_dagrun for example_bash_operator to 2025-11-28 00:00:00+00:00, run_after=2025-11-29 00:00:00+00:00
[2025-11-29T11:27:44.999+0000] {processor.py:208} INFO - Processing /home/airflow/.local/lib/python3.12/site-packages/airflow/example_dags/example_bash_operator.py took 0.145 seconds
[2025-11-29T11:28:15.392+0000] {processor.py:186} INFO - Started process (PID=1367) to work on /home/airflow/.local/lib/python3.12/site-packages/airflow/example_dags/example_bash_operator.py
[2025-11-29T11:28:15.394+0000] {processor.py:914} INFO - Processing file /home/airflow/.local/lib/python3.12/site-packages/airflow/example_dags/example_bash_operator.py for tasks to queue
[2025-11-29T11:28:15.396+0000] {logging_mixin.py:190} INFO - [2025-11-29T11:28:15.395+0000] {dagbag.py:588} INFO - Filling up the DagBag from /home/airflow/.local/lib/python3.12/site-packages/airflow/example_dags/example_bash_operator.py
[2025-11-29T11:28:15.414+0000] {processor.py:925} INFO - DAG(s) 'example_bash_operator' retrieved from /home/airflow/.local/lib/python3.12/site-packages/airflow/example_dags/example_bash_operator.py
[2025-11-29T11:28:15.446+0000] {logging_mixin.py:190} INFO - [2025-11-29T11:28:15.446+0000] {dag.py:3239} INFO - Sync 1 DAGs
[2025-11-29T11:28:15.472+0000] {logging_mixin.py:190} INFO - [2025-11-29T11:28:15.472+0000] {dag.py:4180} INFO - Setting next_dagrun for example_bash_operator to 2025-11-28 00:00:00+00:00, run_after=2025-11-29 00:00:00+00:00
[2025-11-29T11:28:15.494+0000] {processor.py:208} INFO - Processing /home/airflow/.local/lib/python3.12/site-packages/airflow/example_dags/example_bash_operator.py took 0.109 seconds
[2025-11-29T11:28:45.645+0000] {processor.py:186} INFO - Started process (PID=1435) to work on /home/airflow/.local/lib/python3.12/site-packages/airflow/example_dags/example_bash_operator.py
[2025-11-29T11:28:45.647+0000] {processor.py:914} INFO - Processing file /home/airflow/.local/lib/python3.12/site-packages/airflow/example_dags/example_bash_operator.py for tasks to queue
[2025-11-29T11:28:45.648+0000] {logging_mixin.py:190} INFO - [2025-11-29T11:28:45.648+0000] {dagbag.py:588} INFO - Filling up the DagBag from /home/airflow/.local/lib/python3.12/site-packages/airflow/example_dags/example_bash_operator.py
[2025-11-29T11:28:45.665+0000] {processor.py:925} INFO - DAG(s) 'example_bash_operator' retrieved from /home/airflow/.local/lib/python3.12/site-packages/airflow/example_dags/example_bash_operator.py
[2025-11-29T11:28:45.695+0000] {logging_mixin.py:190} INFO - [2025-11-29T11:28:45.695+0000] {dag.py:3239} INFO - Sync 1 DAGs
[2025-11-29T11:28:45.723+0000] {logging_mixin.py:190} INFO - [2025-11-29T11:28:45.723+0000] {dag.py:4180} INFO - Setting next_dagrun for example_bash_operator to 2025-11-28 00:00:00+00:00, run_after=2025-11-29 00:00:00+00:00
[2025-11-29T11:28:45.744+0000] {processor.py:208} INFO - Processing /home/airflow/.local/lib/python3.12/site-packages/airflow/example_dags/example_bash_operator.py took 0.106 seconds
[2025-11-29T11:29:16.473+0000] {processor.py:186} INFO - Started process (PID=1503) to work on /home/airflow/.local/lib/python3.12/site-packages/airflow/example_dags/example_bash_operator.py
[2025-11-29T11:29:16.475+0000] {processor.py:914} INFO - Processing file /home/airflow/.local/lib/python3.12/site-packages/airflow/example_dags/example_bash_operator.py for tasks to queue
[2025-11-29T11:29:16.477+0000] {logging_mixin.py:190} INFO - [2025-11-29T11:29:16.477+0000] {dagbag.py:588} INFO - Filling up the DagBag from /home/airflow/.local/lib/python3.12/site-packages/airflow/example_dags/example_bash_operator.py
[2025-11-29T11:29:16.494+0000] {processor.py:925} INFO - DAG(s) 'example_bash_operator' retrieved from /home/airflow/.local/lib/python3.12/site-packages/airflow/example_dags/example_bash_operator.py
[2025-11-29T11:29:16.525+0000] {logging_mixin.py:190} INFO - [2025-11-29T11:29:16.524+0000] {dag.py:3239} INFO - Sync 1 DAGs
[2025-11-29T11:29:16.553+0000] {logging_mixin.py:190} INFO - [2025-11-29T11:29:16.553+0000] {dag.py:4180} INFO - Setting next_dagrun for example_bash_operator to 2025-11-28 00:00:00+00:00, run_after=2025-11-29 00:00:00+00:00
[2025-11-29T11:29:16.577+0000] {processor.py:208} INFO - Processing /home/airflow/.local/lib/python3.12/site-packages/airflow/example_dags/example_bash_operator.py took 0.111 seconds
[2025-11-29T11:29:46.915+0000] {processor.py:186} INFO - Started process (PID=1573) to work on /home/airflow/.local/lib/python3.12/site-packages/airflow/example_dags/example_bash_operator.py
[2025-11-29T11:29:46.917+0000] {processor.py:914} INFO - Processing file /home/airflow/.local/lib/python3.12/site-packages/airflow/example_dags/example_bash_operator.py for tasks to queue
[2025-11-29T11:29:46.919+0000] {logging_mixin.py:190} INFO - [2025-11-29T11:29:46.918+0000] {dagbag.py:588} INFO - Filling up the DagBag from /home/airflow/.local/lib/python3.12/site-packages/airflow/example_dags/example_bash_operator.py
[2025-11-29T11:29:46.938+0000] {processor.py:925} INFO - DAG(s) 'example_bash_operator' retrieved from /home/airflow/.local/lib/python3.12/site-packages/airflow/example_dags/example_bash_operator.py
[2025-11-29T11:29:46.971+0000] {logging_mixin.py:190} INFO - [2025-11-29T11:29:46.971+0000] {dag.py:3239} INFO - Sync 1 DAGs
[2025-11-29T11:29:47.001+0000] {logging_mixin.py:190} INFO - [2025-11-29T11:29:47.000+0000] {dag.py:4180} INFO - Setting next_dagrun for example_bash_operator to 2025-11-28 00:00:00+00:00, run_after=2025-11-29 00:00:00+00:00
[2025-11-29T11:29:47.023+0000] {processor.py:208} INFO - Processing /home/airflow/.local/lib/python3.12/site-packages/airflow/example_dags/example_bash_operator.py took 0.116 seconds
[2025-11-29T11:30:17.491+0000] {processor.py:186} INFO - Started process (PID=1642) to work on /home/airflow/.local/lib/python3.12/site-packages/airflow/example_dags/example_bash_operator.py
[2025-11-29T11:30:17.493+0000] {processor.py:914} INFO - Processing file /home/airflow/.local/lib/python3.12/site-packages/airflow/example_dags/example_bash_operator.py for tasks to queue
[2025-11-29T11:30:17.495+0000] {logging_mixin.py:190} INFO - [2025-11-29T11:30:17.495+0000] {dagbag.py:588} INFO - Filling up the DagBag from /home/airflow/.local/lib/python3.12/site-packages/airflow/example_dags/example_bash_operator.py
[2025-11-29T11:30:17.515+0000] {processor.py:925} INFO - DAG(s) 'example_bash_operator' retrieved from /home/airflow/.local/lib/python3.12/site-packages/airflow/example_dags/example_bash_operator.py
[2025-11-29T11:30:17.552+0000] {logging_mixin.py:190} INFO - [2025-11-29T11:30:17.552+0000] {dag.py:3239} INFO - Sync 1 DAGs
[2025-11-29T11:30:17.582+0000] {logging_mixin.py:190} INFO - [2025-11-29T11:30:17.582+0000] {dag.py:4180} INFO - Setting next_dagrun for example_bash_operator to 2025-11-28 00:00:00+00:00, run_after=2025-11-29 00:00:00+00:00
[2025-11-29T11:30:17.604+0000] {processor.py:208} INFO - Processing /home/airflow/.local/lib/python3.12/site-packages/airflow/example_dags/example_bash_operator.py took 0.122 seconds
[2025-11-29T11:30:48.118+0000] {processor.py:186} INFO - Started process (PID=1710) to work on /home/airflow/.local/lib/python3.12/site-packages/airflow/example_dags/example_bash_operator.py
[2025-11-29T11:30:48.120+0000] {processor.py:914} INFO - Processing file /home/airflow/.local/lib/python3.12/site-packages/airflow/example_dags/example_bash_operator.py for tasks to queue
[2025-11-29T11:30:48.121+0000] {logging_mixin.py:190} INFO - [2025-11-29T11:30:48.121+0000] {dagbag.py:588} INFO - Filling up the DagBag from /home/airflow/.local/lib/python3.12/site-packages/airflow/example_dags/example_bash_operator.py
[2025-11-29T11:30:48.138+0000] {processor.py:925} INFO - DAG(s) 'example_bash_operator' retrieved from /home/airflow/.local/lib/python3.12/site-packages/airflow/example_dags/example_bash_operator.py
[2025-11-29T11:30:48.168+0000] {logging_mixin.py:190} INFO - [2025-11-29T11:30:48.168+0000] {dag.py:3239} INFO - Sync 1 DAGs
[2025-11-29T11:30:48.198+0000] {logging_mixin.py:190} INFO - [2025-11-29T11:30:48.198+0000] {dag.py:4180} INFO - Setting next_dagrun for example_bash_operator to 2025-11-28 00:00:00+00:00, run_after=2025-11-29 00:00:00+00:00
[2025-11-29T11:30:48.218+0000] {processor.py:208} INFO - Processing /home/airflow/.local/lib/python3.12/site-packages/airflow/example_dags/example_bash_operator.py took 0.108 seconds
[2025-11-29T11:31:18.505+0000] {processor.py:186} INFO - Started process (PID=1778) to work on /home/airflow/.local/lib/python3.12/site-packages/airflow/example_dags/example_bash_operator.py
[2025-11-29T11:31:18.507+0000] {processor.py:914} INFO - Processing file /home/airflow/.local/lib/python3.12/site-packages/airflow/example_dags/example_bash_operator.py for tasks to queue
[2025-11-29T11:31:18.508+0000] {logging_mixin.py:190} INFO - [2025-11-29T11:31:18.508+0000] {dagbag.py:588} INFO - Filling up the DagBag from /home/airflow/.local/lib/python3.12/site-packages/airflow/example_dags/example_bash_operator.py
[2025-11-29T11:31:18.529+0000] {processor.py:925} INFO - DAG(s) 'example_bash_operator' retrieved from /home/airflow/.local/lib/python3.12/site-packages/airflow/example_dags/example_bash_operator.py
[2025-11-29T11:31:18.569+0000] {logging_mixin.py:190} INFO - [2025-11-29T11:31:18.568+0000] {dag.py:3239} INFO - Sync 1 DAGs
[2025-11-29T11:31:18.599+0000] {logging_mixin.py:190} INFO - [2025-11-29T11:31:18.598+0000] {dag.py:4180} INFO - Setting next_dagrun for example_bash_operator to 2025-11-28 00:00:00+00:00, run_after=2025-11-29 00:00:00+00:00
[2025-11-29T11:31:18.625+0000] {processor.py:208} INFO - Processing /home/airflow/.local/lib/python3.12/site-packages/airflow/example_dags/example_bash_operator.py took 0.128 seconds
[2025-11-29T11:31:48.847+0000] {processor.py:186} INFO - Started process (PID=1846) to work on /home/airflow/.local/lib/python3.12/site-packages/airflow/example_dags/example_bash_operator.py
[2025-11-29T11:31:48.848+0000] {processor.py:914} INFO - Processing file /home/airflow/.local/lib/python3.12/site-packages/airflow/example_dags/example_bash_operator.py for tasks to queue
[2025-11-29T11:31:48.850+0000] {logging_mixin.py:190} INFO - [2025-11-29T11:31:48.849+0000] {dagbag.py:588} INFO - Filling up the DagBag from /home/airflow/.local/lib/python3.12/site-packages/airflow/example_dags/example_bash_operator.py
[2025-11-29T11:31:48.866+0000] {processor.py:925} INFO - DAG(s) 'example_bash_operator' retrieved from /home/airflow/.local/lib/python3.12/site-packages/airflow/example_dags/example_bash_operator.py
[2025-11-29T11:31:48.899+0000] {logging_mixin.py:190} INFO - [2025-11-29T11:31:48.898+0000] {dag.py:3239} INFO - Sync 1 DAGs
[2025-11-29T11:31:48.926+0000] {logging_mixin.py:190} INFO - [2025-11-29T11:31:48.926+0000] {dag.py:4180} INFO - Setting next_dagrun for example_bash_operator to 2025-11-28 00:00:00+00:00, run_after=2025-11-29 00:00:00+00:00
[2025-11-29T11:31:48.954+0000] {processor.py:208} INFO - Processing /home/airflow/.local/lib/python3.12/site-packages/airflow/example_dags/example_bash_operator.py took 0.114 seconds
[2025-11-29T11:32:19.432+0000] {processor.py:186} INFO - Started process (PID=1914) to work on /home/airflow/.local/lib/python3.12/site-packages/airflow/example_dags/example_bash_operator.py
[2025-11-29T11:32:19.434+0000] {processor.py:914} INFO - Processing file /home/airflow/.local/lib/python3.12/site-packages/airflow/example_dags/example_bash_operator.py for tasks to queue
[2025-11-29T11:32:19.436+0000] {logging_mixin.py:190} INFO - [2025-11-29T11:32:19.435+0000] {dagbag.py:588} INFO - Filling up the DagBag from /home/airflow/.local/lib/python3.12/site-packages/airflow/example_dags/example_bash_operator.py
[2025-11-29T11:32:19.459+0000] {processor.py:925} INFO - DAG(s) 'example_bash_operator' retrieved from /home/airflow/.local/lib/python3.12/site-packages/airflow/example_dags/example_bash_operator.py
[2025-11-29T11:32:19.521+0000] {logging_mixin.py:190} INFO - [2025-11-29T11:32:19.520+0000] {dag.py:3239} INFO - Sync 1 DAGs
[2025-11-29T11:32:19.568+0000] {logging_mixin.py:190} INFO - [2025-11-29T11:32:19.568+0000] {dag.py:4180} INFO - Setting next_dagrun for example_bash_operator to 2025-11-28 00:00:00+00:00, run_after=2025-11-29 00:00:00+00:00
[2025-11-29T11:32:19.613+0000] {processor.py:208} INFO - Processing /home/airflow/.local/lib/python3.12/site-packages/airflow/example_dags/example_bash_operator.py took 0.190 seconds
[2025-11-29T11:32:50.211+0000] {processor.py:186} INFO - Started process (PID=1983) to work on /home/airflow/.local/lib/python3.12/site-packages/airflow/example_dags/example_bash_operator.py
[2025-11-29T11:32:50.213+0000] {processor.py:914} INFO - Processing file /home/airflow/.local/lib/python3.12/site-packages/airflow/example_dags/example_bash_operator.py for tasks to queue
[2025-11-29T11:32:50.215+0000] {logging_mixin.py:190} INFO - [2025-11-29T11:32:50.215+0000] {dagbag.py:588} INFO - Filling up the DagBag from /home/airflow/.local/lib/python3.12/site-packages/airflow/example_dags/example_bash_operator.py
[2025-11-29T11:32:50.240+0000] {processor.py:925} INFO - DAG(s) 'example_bash_operator' retrieved from /home/airflow/.local/lib/python3.12/site-packages/airflow/example_dags/example_bash_operator.py
[2025-11-29T11:32:50.281+0000] {logging_mixin.py:190} INFO - [2025-11-29T11:32:50.281+0000] {dag.py:3239} INFO - Sync 1 DAGs
[2025-11-29T11:32:50.319+0000] {logging_mixin.py:190} INFO - [2025-11-29T11:32:50.319+0000] {dag.py:4180} INFO - Setting next_dagrun for example_bash_operator to 2025-11-28 00:00:00+00:00, run_after=2025-11-29 00:00:00+00:00
[2025-11-29T11:32:50.345+0000] {processor.py:208} INFO - Processing /home/airflow/.local/lib/python3.12/site-packages/airflow/example_dags/example_bash_operator.py took 0.142 seconds
[2025-11-29T11:33:21.282+0000] {processor.py:186} INFO - Started process (PID=2051) to work on /home/airflow/.local/lib/python3.12/site-packages/airflow/example_dags/example_bash_operator.py
[2025-11-29T11:33:21.284+0000] {processor.py:914} INFO - Processing file /home/airflow/.local/lib/python3.12/site-packages/airflow/example_dags/example_bash_operator.py for tasks to queue
[2025-11-29T11:33:21.286+0000] {logging_mixin.py:190} INFO - [2025-11-29T11:33:21.286+0000] {dagbag.py:588} INFO - Filling up the DagBag from /home/airflow/.local/lib/python3.12/site-packages/airflow/example_dags/example_bash_operator.py
[2025-11-29T11:33:21.303+0000] {processor.py:925} INFO - DAG(s) 'example_bash_operator' retrieved from /home/airflow/.local/lib/python3.12/site-packages/airflow/example_dags/example_bash_operator.py
[2025-11-29T11:33:21.343+0000] {logging_mixin.py:190} INFO - [2025-11-29T11:33:21.343+0000] {dag.py:3239} INFO - Sync 1 DAGs
[2025-11-29T11:33:21.373+0000] {logging_mixin.py:190} INFO - [2025-11-29T11:33:21.373+0000] {dag.py:4180} INFO - Setting next_dagrun for example_bash_operator to 2025-11-28 00:00:00+00:00, run_after=2025-11-29 00:00:00+00:00
[2025-11-29T11:33:21.400+0000] {processor.py:208} INFO - Processing /home/airflow/.local/lib/python3.12/site-packages/airflow/example_dags/example_bash_operator.py took 0.125 seconds
[2025-11-29T11:33:51.753+0000] {processor.py:186} INFO - Started process (PID=2119) to work on /home/airflow/.local/lib/python3.12/site-packages/airflow/example_dags/example_bash_operator.py
[2025-11-29T11:33:51.755+0000] {processor.py:914} INFO - Processing file /home/airflow/.local/lib/python3.12/site-packages/airflow/example_dags/example_bash_operator.py for tasks to queue
[2025-11-29T11:33:51.757+0000] {logging_mixin.py:190} INFO - [2025-11-29T11:33:51.756+0000] {dagbag.py:588} INFO - Filling up the DagBag from /home/airflow/.local/lib/python3.12/site-packages/airflow/example_dags/example_bash_operator.py
[2025-11-29T11:33:51.782+0000] {processor.py:925} INFO - DAG(s) 'example_bash_operator' retrieved from /home/airflow/.local/lib/python3.12/site-packages/airflow/example_dags/example_bash_operator.py
[2025-11-29T11:33:51.833+0000] {logging_mixin.py:190} INFO - [2025-11-29T11:33:51.832+0000] {dag.py:3239} INFO - Sync 1 DAGs
[2025-11-29T11:33:51.875+0000] {logging_mixin.py:190} INFO - [2025-11-29T11:33:51.875+0000] {dag.py:4180} INFO - Setting next_dagrun for example_bash_operator to 2025-11-28 00:00:00+00:00, run_after=2025-11-29 00:00:00+00:00
[2025-11-29T11:33:51.910+0000] {processor.py:208} INFO - Processing /home/airflow/.local/lib/python3.12/site-packages/airflow/example_dags/example_bash_operator.py took 0.168 seconds
[2025-11-29T11:34:22.599+0000] {processor.py:186} INFO - Started process (PID=2187) to work on /home/airflow/.local/lib/python3.12/site-packages/airflow/example_dags/example_bash_operator.py
[2025-11-29T11:34:22.600+0000] {processor.py:914} INFO - Processing file /home/airflow/.local/lib/python3.12/site-packages/airflow/example_dags/example_bash_operator.py for tasks to queue
[2025-11-29T11:34:22.602+0000] {logging_mixin.py:190} INFO - [2025-11-29T11:34:22.602+0000] {dagbag.py:588} INFO - Filling up the DagBag from /home/airflow/.local/lib/python3.12/site-packages/airflow/example_dags/example_bash_operator.py
[2025-11-29T11:34:22.622+0000] {processor.py:925} INFO - DAG(s) 'example_bash_operator' retrieved from /home/airflow/.local/lib/python3.12/site-packages/airflow/example_dags/example_bash_operator.py
[2025-11-29T11:34:22.656+0000] {logging_mixin.py:190} INFO - [2025-11-29T11:34:22.655+0000] {dag.py:3239} INFO - Sync 1 DAGs
[2025-11-29T11:34:22.685+0000] {logging_mixin.py:190} INFO - [2025-11-29T11:34:22.684+0000] {dag.py:4180} INFO - Setting next_dagrun for example_bash_operator to 2025-11-28 00:00:00+00:00, run_after=2025-11-29 00:00:00+00:00
[2025-11-29T11:34:22.709+0000] {processor.py:208} INFO - Processing /home/airflow/.local/lib/python3.12/site-packages/airflow/example_dags/example_bash_operator.py took 0.120 seconds
[2025-11-29T11:34:53.349+0000] {processor.py:186} INFO - Started process (PID=2255) to work on /home/airflow/.local/lib/python3.12/site-packages/airflow/example_dags/example_bash_operator.py
[2025-11-29T11:34:53.350+0000] {processor.py:914} INFO - Processing file /home/airflow/.local/lib/python3.12/site-packages/airflow/example_dags/example_bash_operator.py for tasks to queue
[2025-11-29T11:34:53.352+0000] {logging_mixin.py:190} INFO - [2025-11-29T11:34:53.352+0000] {dagbag.py:588} INFO - Filling up the DagBag from /home/airflow/.local/lib/python3.12/site-packages/airflow/example_dags/example_bash_operator.py
[2025-11-29T11:34:53.370+0000] {processor.py:925} INFO - DAG(s) 'example_bash_operator' retrieved from /home/airflow/.local/lib/python3.12/site-packages/airflow/example_dags/example_bash_operator.py
[2025-11-29T11:34:53.411+0000] {logging_mixin.py:190} INFO - [2025-11-29T11:34:53.410+0000] {dag.py:3239} INFO - Sync 1 DAGs
[2025-11-29T11:34:53.457+0000] {logging_mixin.py:190} INFO - [2025-11-29T11:34:53.456+0000] {dag.py:4180} INFO - Setting next_dagrun for example_bash_operator to 2025-11-28 00:00:00+00:00, run_after=2025-11-29 00:00:00+00:00
[2025-11-29T11:34:53.485+0000] {processor.py:208} INFO - Processing /home/airflow/.local/lib/python3.12/site-packages/airflow/example_dags/example_bash_operator.py took 0.144 seconds
[2025-11-29T11:35:23.770+0000] {processor.py:186} INFO - Started process (PID=2330) to work on /home/airflow/.local/lib/python3.12/site-packages/airflow/example_dags/example_bash_operator.py
[2025-11-29T11:35:23.772+0000] {processor.py:914} INFO - Processing file /home/airflow/.local/lib/python3.12/site-packages/airflow/example_dags/example_bash_operator.py for tasks to queue
[2025-11-29T11:35:23.775+0000] {logging_mixin.py:190} INFO - [2025-11-29T11:35:23.775+0000] {dagbag.py:588} INFO - Filling up the DagBag from /home/airflow/.local/lib/python3.12/site-packages/airflow/example_dags/example_bash_operator.py
[2025-11-29T11:35:23.800+0000] {processor.py:925} INFO - DAG(s) 'example_bash_operator' retrieved from /home/airflow/.local/lib/python3.12/site-packages/airflow/example_dags/example_bash_operator.py
[2025-11-29T11:35:23.834+0000] {logging_mixin.py:190} INFO - [2025-11-29T11:35:23.833+0000] {dag.py:3239} INFO - Sync 1 DAGs
[2025-11-29T11:35:23.861+0000] {logging_mixin.py:190} INFO - [2025-11-29T11:35:23.861+0000] {dag.py:4180} INFO - Setting next_dagrun for example_bash_operator to 2025-11-28 00:00:00+00:00, run_after=2025-11-29 00:00:00+00:00
[2025-11-29T11:35:23.887+0000] {processor.py:208} INFO - Processing /home/airflow/.local/lib/python3.12/site-packages/airflow/example_dags/example_bash_operator.py took 0.136 seconds
[2025-11-29T11:35:54.694+0000] {processor.py:186} INFO - Started process (PID=2400) to work on /home/airflow/.local/lib/python3.12/site-packages/airflow/example_dags/example_bash_operator.py
[2025-11-29T11:35:54.696+0000] {processor.py:914} INFO - Processing file /home/airflow/.local/lib/python3.12/site-packages/airflow/example_dags/example_bash_operator.py for tasks to queue
[2025-11-29T11:35:54.698+0000] {logging_mixin.py:190} INFO - [2025-11-29T11:35:54.697+0000] {dagbag.py:588} INFO - Filling up the DagBag from /home/airflow/.local/lib/python3.12/site-packages/airflow/example_dags/example_bash_operator.py
[2025-11-29T11:35:54.717+0000] {processor.py:925} INFO - DAG(s) 'example_bash_operator' retrieved from /home/airflow/.local/lib/python3.12/site-packages/airflow/example_dags/example_bash_operator.py
[2025-11-29T11:35:54.754+0000] {logging_mixin.py:190} INFO - [2025-11-29T11:35:54.754+0000] {dag.py:3239} INFO - Sync 1 DAGs
[2025-11-29T11:35:54.791+0000] {logging_mixin.py:190} INFO - [2025-11-29T11:35:54.791+0000] {dag.py:4180} INFO - Setting next_dagrun for example_bash_operator to 2025-11-28 00:00:00+00:00, run_after=2025-11-29 00:00:00+00:00
[2025-11-29T11:35:54.816+0000] {processor.py:208} INFO - Processing /home/airflow/.local/lib/python3.12/site-packages/airflow/example_dags/example_bash_operator.py took 0.130 seconds
[2025-11-29T11:36:25.332+0000] {processor.py:186} INFO - Started process (PID=2468) to work on /home/airflow/.local/lib/python3.12/site-packages/airflow/example_dags/example_bash_operator.py
[2025-11-29T11:36:25.333+0000] {processor.py:914} INFO - Processing file /home/airflow/.local/lib/python3.12/site-packages/airflow/example_dags/example_bash_operator.py for tasks to queue
[2025-11-29T11:36:25.335+0000] {logging_mixin.py:190} INFO - [2025-11-29T11:36:25.335+0000] {dagbag.py:588} INFO - Filling up the DagBag from /home/airflow/.local/lib/python3.12/site-packages/airflow/example_dags/example_bash_operator.py
[2025-11-29T11:36:25.352+0000] {processor.py:925} INFO - DAG(s) 'example_bash_operator' retrieved from /home/airflow/.local/lib/python3.12/site-packages/airflow/example_dags/example_bash_operator.py
[2025-11-29T11:36:25.383+0000] {logging_mixin.py:190} INFO - [2025-11-29T11:36:25.383+0000] {dag.py:3239} INFO - Sync 1 DAGs
[2025-11-29T11:36:25.411+0000] {logging_mixin.py:190} INFO - [2025-11-29T11:36:25.411+0000] {dag.py:4180} INFO - Setting next_dagrun for example_bash_operator to 2025-11-28 00:00:00+00:00, run_after=2025-11-29 00:00:00+00:00
[2025-11-29T11:36:25.433+0000] {processor.py:208} INFO - Processing /home/airflow/.local/lib/python3.12/site-packages/airflow/example_dags/example_bash_operator.py took 0.110 seconds
[2025-11-29T11:36:56.082+0000] {processor.py:186} INFO - Started process (PID=2536) to work on /home/airflow/.local/lib/python3.12/site-packages/airflow/example_dags/example_bash_operator.py
[2025-11-29T11:36:56.083+0000] {processor.py:914} INFO - Processing file /home/airflow/.local/lib/python3.12/site-packages/airflow/example_dags/example_bash_operator.py for tasks to queue
[2025-11-29T11:36:56.085+0000] {logging_mixin.py:190} INFO - [2025-11-29T11:36:56.085+0000] {dagbag.py:588} INFO - Filling up the DagBag from /home/airflow/.local/lib/python3.12/site-packages/airflow/example_dags/example_bash_operator.py
[2025-11-29T11:36:56.104+0000] {processor.py:925} INFO - DAG(s) 'example_bash_operator' retrieved from /home/airflow/.local/lib/python3.12/site-packages/airflow/example_dags/example_bash_operator.py
[2025-11-29T11:36:56.134+0000] {logging_mixin.py:190} INFO - [2025-11-29T11:36:56.133+0000] {dag.py:3239} INFO - Sync 1 DAGs
[2025-11-29T11:36:56.162+0000] {logging_mixin.py:190} INFO - [2025-11-29T11:36:56.161+0000] {dag.py:4180} INFO - Setting next_dagrun for example_bash_operator to 2025-11-28 00:00:00+00:00, run_after=2025-11-29 00:00:00+00:00
[2025-11-29T11:36:56.185+0000] {processor.py:208} INFO - Processing /home/airflow/.local/lib/python3.12/site-packages/airflow/example_dags/example_bash_operator.py took 0.111 seconds
[2025-11-29T11:37:27.118+0000] {processor.py:186} INFO - Started process (PID=2604) to work on /home/airflow/.local/lib/python3.12/site-packages/airflow/example_dags/example_bash_operator.py
[2025-11-29T11:37:27.120+0000] {processor.py:914} INFO - Processing file /home/airflow/.local/lib/python3.12/site-packages/airflow/example_dags/example_bash_operator.py for tasks to queue
[2025-11-29T11:37:27.123+0000] {logging_mixin.py:190} INFO - [2025-11-29T11:37:27.122+0000] {dagbag.py:588} INFO - Filling up the DagBag from /home/airflow/.local/lib/python3.12/site-packages/airflow/example_dags/example_bash_operator.py
[2025-11-29T11:37:27.149+0000] {processor.py:925} INFO - DAG(s) 'example_bash_operator' retrieved from /home/airflow/.local/lib/python3.12/site-packages/airflow/example_dags/example_bash_operator.py
[2025-11-29T11:37:27.203+0000] {logging_mixin.py:190} INFO - [2025-11-29T11:37:27.203+0000] {dag.py:3239} INFO - Sync 1 DAGs
[2025-11-29T11:37:27.237+0000] {logging_mixin.py:190} INFO - [2025-11-29T11:37:27.237+0000] {dag.py:4180} INFO - Setting next_dagrun for example_bash_operator to 2025-11-28 00:00:00+00:00, run_after=2025-11-29 00:00:00+00:00
[2025-11-29T11:37:27.267+0000] {processor.py:208} INFO - Processing /home/airflow/.local/lib/python3.12/site-packages/airflow/example_dags/example_bash_operator.py took 0.161 seconds
