[2025-11-29T11:19:06.649+0000] {processor.py:186} INFO - Started process (PID=147) to work on /home/airflow/.local/lib/python3.12/site-packages/airflow/example_dags/example_external_task_marker_dag.py
[2025-11-29T11:19:06.651+0000] {processor.py:914} INFO - Processing file /home/airflow/.local/lib/python3.12/site-packages/airflow/example_dags/example_external_task_marker_dag.py for tasks to queue
[2025-11-29T11:19:06.656+0000] {logging_mixin.py:190} INFO - [2025-11-29T11:19:06.655+0000] {dagbag.py:588} INFO - Filling up the DagBag from /home/airflow/.local/lib/python3.12/site-packages/airflow/example_dags/example_external_task_marker_dag.py
[2025-11-29T11:19:06.670+0000] {processor.py:925} INFO - DAG(s) 'example_external_task_marker_parent', 'example_external_task_marker_child' retrieved from /home/airflow/.local/lib/python3.12/site-packages/airflow/example_dags/example_external_task_marker_dag.py
[2025-11-29T11:19:06.796+0000] {logging_mixin.py:190} INFO - [2025-11-29T11:19:06.795+0000] {override.py:1911} INFO - Created Permission View: can delete on DAG:example_external_task_marker_parent
[2025-11-29T11:19:06.808+0000] {logging_mixin.py:190} INFO - [2025-11-29T11:19:06.808+0000] {override.py:1911} INFO - Created Permission View: can read on DAG:example_external_task_marker_parent
[2025-11-29T11:19:06.821+0000] {logging_mixin.py:190} INFO - [2025-11-29T11:19:06.820+0000] {override.py:1911} INFO - Created Permission View: can edit on DAG:example_external_task_marker_parent
[2025-11-29T11:19:06.831+0000] {logging_mixin.py:190} INFO - [2025-11-29T11:19:06.831+0000] {override.py:1911} INFO - Created Permission View: menu access on DAG Run:example_external_task_marker_parent
[2025-11-29T11:19:06.840+0000] {logging_mixin.py:190} INFO - [2025-11-29T11:19:06.840+0000] {override.py:1911} INFO - Created Permission View: can delete on DAG Run:example_external_task_marker_parent
[2025-11-29T11:19:06.848+0000] {logging_mixin.py:190} INFO - [2025-11-29T11:19:06.848+0000] {override.py:1911} INFO - Created Permission View: can read on DAG Run:example_external_task_marker_parent
[2025-11-29T11:19:06.858+0000] {logging_mixin.py:190} INFO - [2025-11-29T11:19:06.858+0000] {override.py:1911} INFO - Created Permission View: can create on DAG Run:example_external_task_marker_parent
[2025-11-29T11:19:06.875+0000] {logging_mixin.py:190} INFO - [2025-11-29T11:19:06.875+0000] {override.py:1911} INFO - Created Permission View: can delete on DAG:example_external_task_marker_child
[2025-11-29T11:19:06.884+0000] {logging_mixin.py:190} INFO - [2025-11-29T11:19:06.884+0000] {override.py:1911} INFO - Created Permission View: can read on DAG:example_external_task_marker_child
[2025-11-29T11:19:06.892+0000] {logging_mixin.py:190} INFO - [2025-11-29T11:19:06.892+0000] {override.py:1911} INFO - Created Permission View: can edit on DAG:example_external_task_marker_child
[2025-11-29T11:19:06.902+0000] {logging_mixin.py:190} INFO - [2025-11-29T11:19:06.901+0000] {override.py:1911} INFO - Created Permission View: menu access on DAG Run:example_external_task_marker_child
[2025-11-29T11:19:06.910+0000] {logging_mixin.py:190} INFO - [2025-11-29T11:19:06.910+0000] {override.py:1911} INFO - Created Permission View: can delete on DAG Run:example_external_task_marker_child
[2025-11-29T11:19:06.919+0000] {logging_mixin.py:190} INFO - [2025-11-29T11:19:06.918+0000] {override.py:1911} INFO - Created Permission View: can read on DAG Run:example_external_task_marker_child
[2025-11-29T11:19:06.927+0000] {logging_mixin.py:190} INFO - [2025-11-29T11:19:06.926+0000] {override.py:1911} INFO - Created Permission View: can create on DAG Run:example_external_task_marker_child
[2025-11-29T11:19:06.928+0000] {logging_mixin.py:190} INFO - [2025-11-29T11:19:06.927+0000] {dag.py:3239} INFO - Sync 2 DAGs
[2025-11-29T11:19:06.943+0000] {logging_mixin.py:190} INFO - [2025-11-29T11:19:06.943+0000] {dag.py:3262} INFO - Creating ORM DAG for example_external_task_marker_child
[2025-11-29T11:19:06.944+0000] {logging_mixin.py:190} INFO - [2025-11-29T11:19:06.944+0000] {dag.py:3262} INFO - Creating ORM DAG for example_external_task_marker_parent
[2025-11-29T11:19:06.949+0000] {logging_mixin.py:190} INFO - [2025-11-29T11:19:06.949+0000] {dag.py:4180} INFO - Setting next_dagrun for example_external_task_marker_child to None, run_after=None
[2025-11-29T11:19:06.950+0000] {logging_mixin.py:190} INFO - [2025-11-29T11:19:06.950+0000] {dag.py:4180} INFO - Setting next_dagrun for example_external_task_marker_parent to None, run_after=None
[2025-11-29T11:19:06.973+0000] {processor.py:208} INFO - Processing /home/airflow/.local/lib/python3.12/site-packages/airflow/example_dags/example_external_task_marker_dag.py took 0.331 seconds
[2025-11-29T11:19:37.092+0000] {processor.py:186} INFO - Started process (PID=215) to work on /home/airflow/.local/lib/python3.12/site-packages/airflow/example_dags/example_external_task_marker_dag.py
[2025-11-29T11:19:37.093+0000] {processor.py:914} INFO - Processing file /home/airflow/.local/lib/python3.12/site-packages/airflow/example_dags/example_external_task_marker_dag.py for tasks to queue
[2025-11-29T11:19:37.098+0000] {logging_mixin.py:190} INFO - [2025-11-29T11:19:37.097+0000] {dagbag.py:588} INFO - Filling up the DagBag from /home/airflow/.local/lib/python3.12/site-packages/airflow/example_dags/example_external_task_marker_dag.py
[2025-11-29T11:19:37.116+0000] {processor.py:925} INFO - DAG(s) 'example_external_task_marker_child', 'example_external_task_marker_parent' retrieved from /home/airflow/.local/lib/python3.12/site-packages/airflow/example_dags/example_external_task_marker_dag.py
[2025-11-29T11:19:37.150+0000] {logging_mixin.py:190} INFO - [2025-11-29T11:19:37.149+0000] {dag.py:3239} INFO - Sync 2 DAGs
[2025-11-29T11:19:37.166+0000] {logging_mixin.py:190} INFO - [2025-11-29T11:19:37.166+0000] {dag.py:4180} INFO - Setting next_dagrun for example_external_task_marker_child to None, run_after=None
[2025-11-29T11:19:37.171+0000] {logging_mixin.py:190} INFO - [2025-11-29T11:19:37.171+0000] {dag.py:4180} INFO - Setting next_dagrun for example_external_task_marker_parent to None, run_after=None
[2025-11-29T11:19:37.191+0000] {processor.py:208} INFO - Processing /home/airflow/.local/lib/python3.12/site-packages/airflow/example_dags/example_external_task_marker_dag.py took 0.110 seconds
[2025-11-29T11:20:07.338+0000] {processor.py:186} INFO - Started process (PID=283) to work on /home/airflow/.local/lib/python3.12/site-packages/airflow/example_dags/example_external_task_marker_dag.py
[2025-11-29T11:20:07.339+0000] {processor.py:914} INFO - Processing file /home/airflow/.local/lib/python3.12/site-packages/airflow/example_dags/example_external_task_marker_dag.py for tasks to queue
[2025-11-29T11:20:07.344+0000] {logging_mixin.py:190} INFO - [2025-11-29T11:20:07.343+0000] {dagbag.py:588} INFO - Filling up the DagBag from /home/airflow/.local/lib/python3.12/site-packages/airflow/example_dags/example_external_task_marker_dag.py
[2025-11-29T11:20:07.355+0000] {processor.py:925} INFO - DAG(s) 'example_external_task_marker_parent', 'example_external_task_marker_child' retrieved from /home/airflow/.local/lib/python3.12/site-packages/airflow/example_dags/example_external_task_marker_dag.py
[2025-11-29T11:20:07.386+0000] {logging_mixin.py:190} INFO - [2025-11-29T11:20:07.385+0000] {dag.py:3239} INFO - Sync 2 DAGs
[2025-11-29T11:20:07.401+0000] {logging_mixin.py:190} INFO - [2025-11-29T11:20:07.401+0000] {dag.py:4180} INFO - Setting next_dagrun for example_external_task_marker_child to None, run_after=None
[2025-11-29T11:20:07.406+0000] {logging_mixin.py:190} INFO - [2025-11-29T11:20:07.405+0000] {dag.py:4180} INFO - Setting next_dagrun for example_external_task_marker_parent to None, run_after=None
[2025-11-29T11:20:07.426+0000] {processor.py:208} INFO - Processing /home/airflow/.local/lib/python3.12/site-packages/airflow/example_dags/example_external_task_marker_dag.py took 0.096 seconds
[2025-11-29T11:20:37.552+0000] {processor.py:186} INFO - Started process (PID=352) to work on /home/airflow/.local/lib/python3.12/site-packages/airflow/example_dags/example_external_task_marker_dag.py
[2025-11-29T11:20:37.554+0000] {processor.py:914} INFO - Processing file /home/airflow/.local/lib/python3.12/site-packages/airflow/example_dags/example_external_task_marker_dag.py for tasks to queue
[2025-11-29T11:20:37.559+0000] {logging_mixin.py:190} INFO - [2025-11-29T11:20:37.558+0000] {dagbag.py:588} INFO - Filling up the DagBag from /home/airflow/.local/lib/python3.12/site-packages/airflow/example_dags/example_external_task_marker_dag.py
[2025-11-29T11:20:37.570+0000] {processor.py:925} INFO - DAG(s) 'example_external_task_marker_child', 'example_external_task_marker_parent' retrieved from /home/airflow/.local/lib/python3.12/site-packages/airflow/example_dags/example_external_task_marker_dag.py
[2025-11-29T11:20:37.601+0000] {logging_mixin.py:190} INFO - [2025-11-29T11:20:37.600+0000] {dag.py:3239} INFO - Sync 2 DAGs
[2025-11-29T11:20:37.617+0000] {logging_mixin.py:190} INFO - [2025-11-29T11:20:37.617+0000] {dag.py:4180} INFO - Setting next_dagrun for example_external_task_marker_child to None, run_after=None
[2025-11-29T11:20:37.621+0000] {logging_mixin.py:190} INFO - [2025-11-29T11:20:37.621+0000] {dag.py:4180} INFO - Setting next_dagrun for example_external_task_marker_parent to None, run_after=None
[2025-11-29T11:20:37.641+0000] {processor.py:208} INFO - Processing /home/airflow/.local/lib/python3.12/site-packages/airflow/example_dags/example_external_task_marker_dag.py took 0.096 seconds
[2025-11-29T11:21:08.725+0000] {processor.py:186} INFO - Started process (PID=421) to work on /home/airflow/.local/lib/python3.12/site-packages/airflow/example_dags/example_external_task_marker_dag.py
[2025-11-29T11:21:08.727+0000] {processor.py:914} INFO - Processing file /home/airflow/.local/lib/python3.12/site-packages/airflow/example_dags/example_external_task_marker_dag.py for tasks to queue
[2025-11-29T11:21:08.731+0000] {logging_mixin.py:190} INFO - [2025-11-29T11:21:08.730+0000] {dagbag.py:588} INFO - Filling up the DagBag from /home/airflow/.local/lib/python3.12/site-packages/airflow/example_dags/example_external_task_marker_dag.py
[2025-11-29T11:21:08.743+0000] {processor.py:925} INFO - DAG(s) 'example_external_task_marker_child', 'example_external_task_marker_parent' retrieved from /home/airflow/.local/lib/python3.12/site-packages/airflow/example_dags/example_external_task_marker_dag.py
[2025-11-29T11:21:08.773+0000] {logging_mixin.py:190} INFO - [2025-11-29T11:21:08.773+0000] {dag.py:3239} INFO - Sync 2 DAGs
[2025-11-29T11:21:08.791+0000] {logging_mixin.py:190} INFO - [2025-11-29T11:21:08.791+0000] {dag.py:4180} INFO - Setting next_dagrun for example_external_task_marker_child to None, run_after=None
[2025-11-29T11:21:08.796+0000] {logging_mixin.py:190} INFO - [2025-11-29T11:21:08.796+0000] {dag.py:4180} INFO - Setting next_dagrun for example_external_task_marker_parent to None, run_after=None
[2025-11-29T11:21:08.817+0000] {processor.py:208} INFO - Processing /home/airflow/.local/lib/python3.12/site-packages/airflow/example_dags/example_external_task_marker_dag.py took 0.101 seconds
[2025-11-29T11:21:39.266+0000] {processor.py:186} INFO - Started process (PID=489) to work on /home/airflow/.local/lib/python3.12/site-packages/airflow/example_dags/example_external_task_marker_dag.py
[2025-11-29T11:21:39.267+0000] {processor.py:914} INFO - Processing file /home/airflow/.local/lib/python3.12/site-packages/airflow/example_dags/example_external_task_marker_dag.py for tasks to queue
[2025-11-29T11:21:39.272+0000] {logging_mixin.py:190} INFO - [2025-11-29T11:21:39.271+0000] {dagbag.py:588} INFO - Filling up the DagBag from /home/airflow/.local/lib/python3.12/site-packages/airflow/example_dags/example_external_task_marker_dag.py
[2025-11-29T11:21:39.285+0000] {processor.py:925} INFO - DAG(s) 'example_external_task_marker_parent', 'example_external_task_marker_child' retrieved from /home/airflow/.local/lib/python3.12/site-packages/airflow/example_dags/example_external_task_marker_dag.py
[2025-11-29T11:21:39.321+0000] {logging_mixin.py:190} INFO - [2025-11-29T11:21:39.321+0000] {dag.py:3239} INFO - Sync 2 DAGs
[2025-11-29T11:21:39.340+0000] {logging_mixin.py:190} INFO - [2025-11-29T11:21:39.340+0000] {dag.py:4180} INFO - Setting next_dagrun for example_external_task_marker_child to None, run_after=None
[2025-11-29T11:21:39.345+0000] {logging_mixin.py:190} INFO - [2025-11-29T11:21:39.345+0000] {dag.py:4180} INFO - Setting next_dagrun for example_external_task_marker_parent to None, run_after=None
[2025-11-29T11:21:39.366+0000] {processor.py:208} INFO - Processing /home/airflow/.local/lib/python3.12/site-packages/airflow/example_dags/example_external_task_marker_dag.py took 0.107 seconds
[2025-11-29T11:22:09.803+0000] {processor.py:186} INFO - Started process (PID=558) to work on /home/airflow/.local/lib/python3.12/site-packages/airflow/example_dags/example_external_task_marker_dag.py
[2025-11-29T11:22:09.805+0000] {processor.py:914} INFO - Processing file /home/airflow/.local/lib/python3.12/site-packages/airflow/example_dags/example_external_task_marker_dag.py for tasks to queue
[2025-11-29T11:22:09.808+0000] {logging_mixin.py:190} INFO - [2025-11-29T11:22:09.808+0000] {dagbag.py:588} INFO - Filling up the DagBag from /home/airflow/.local/lib/python3.12/site-packages/airflow/example_dags/example_external_task_marker_dag.py
[2025-11-29T11:22:09.820+0000] {processor.py:925} INFO - DAG(s) 'example_external_task_marker_child', 'example_external_task_marker_parent' retrieved from /home/airflow/.local/lib/python3.12/site-packages/airflow/example_dags/example_external_task_marker_dag.py
[2025-11-29T11:22:09.848+0000] {logging_mixin.py:190} INFO - [2025-11-29T11:22:09.847+0000] {dag.py:3239} INFO - Sync 2 DAGs
[2025-11-29T11:22:09.869+0000] {logging_mixin.py:190} INFO - [2025-11-29T11:22:09.869+0000] {dag.py:4180} INFO - Setting next_dagrun for example_external_task_marker_child to None, run_after=None
[2025-11-29T11:22:09.873+0000] {logging_mixin.py:190} INFO - [2025-11-29T11:22:09.873+0000] {dag.py:4180} INFO - Setting next_dagrun for example_external_task_marker_parent to None, run_after=None
[2025-11-29T11:22:09.894+0000] {processor.py:208} INFO - Processing /home/airflow/.local/lib/python3.12/site-packages/airflow/example_dags/example_external_task_marker_dag.py took 0.098 seconds
[2025-11-29T11:22:40.276+0000] {processor.py:186} INFO - Started process (PID=627) to work on /home/airflow/.local/lib/python3.12/site-packages/airflow/example_dags/example_external_task_marker_dag.py
[2025-11-29T11:22:40.278+0000] {processor.py:914} INFO - Processing file /home/airflow/.local/lib/python3.12/site-packages/airflow/example_dags/example_external_task_marker_dag.py for tasks to queue
[2025-11-29T11:22:40.282+0000] {logging_mixin.py:190} INFO - [2025-11-29T11:22:40.282+0000] {dagbag.py:588} INFO - Filling up the DagBag from /home/airflow/.local/lib/python3.12/site-packages/airflow/example_dags/example_external_task_marker_dag.py
[2025-11-29T11:22:40.300+0000] {processor.py:925} INFO - DAG(s) 'example_external_task_marker_parent', 'example_external_task_marker_child' retrieved from /home/airflow/.local/lib/python3.12/site-packages/airflow/example_dags/example_external_task_marker_dag.py
[2025-11-29T11:22:40.347+0000] {logging_mixin.py:190} INFO - [2025-11-29T11:22:40.346+0000] {dag.py:3239} INFO - Sync 2 DAGs
[2025-11-29T11:22:40.372+0000] {logging_mixin.py:190} INFO - [2025-11-29T11:22:40.372+0000] {dag.py:4180} INFO - Setting next_dagrun for example_external_task_marker_child to None, run_after=None
[2025-11-29T11:22:40.379+0000] {logging_mixin.py:190} INFO - [2025-11-29T11:22:40.379+0000] {dag.py:4180} INFO - Setting next_dagrun for example_external_task_marker_parent to None, run_after=None
[2025-11-29T11:22:40.417+0000] {processor.py:208} INFO - Processing /home/airflow/.local/lib/python3.12/site-packages/airflow/example_dags/example_external_task_marker_dag.py took 0.151 seconds
[2025-11-29T11:23:11.137+0000] {processor.py:186} INFO - Started process (PID=695) to work on /home/airflow/.local/lib/python3.12/site-packages/airflow/example_dags/example_external_task_marker_dag.py
[2025-11-29T11:23:11.139+0000] {processor.py:914} INFO - Processing file /home/airflow/.local/lib/python3.12/site-packages/airflow/example_dags/example_external_task_marker_dag.py for tasks to queue
[2025-11-29T11:23:11.143+0000] {logging_mixin.py:190} INFO - [2025-11-29T11:23:11.142+0000] {dagbag.py:588} INFO - Filling up the DagBag from /home/airflow/.local/lib/python3.12/site-packages/airflow/example_dags/example_external_task_marker_dag.py
[2025-11-29T11:23:11.156+0000] {processor.py:925} INFO - DAG(s) 'example_external_task_marker_parent', 'example_external_task_marker_child' retrieved from /home/airflow/.local/lib/python3.12/site-packages/airflow/example_dags/example_external_task_marker_dag.py
[2025-11-29T11:23:11.191+0000] {logging_mixin.py:190} INFO - [2025-11-29T11:23:11.191+0000] {dag.py:3239} INFO - Sync 2 DAGs
[2025-11-29T11:23:11.211+0000] {logging_mixin.py:190} INFO - [2025-11-29T11:23:11.210+0000] {dag.py:4180} INFO - Setting next_dagrun for example_external_task_marker_child to None, run_after=None
[2025-11-29T11:23:11.216+0000] {logging_mixin.py:190} INFO - [2025-11-29T11:23:11.216+0000] {dag.py:4180} INFO - Setting next_dagrun for example_external_task_marker_parent to None, run_after=None
[2025-11-29T11:23:11.242+0000] {processor.py:208} INFO - Processing /home/airflow/.local/lib/python3.12/site-packages/airflow/example_dags/example_external_task_marker_dag.py took 0.116 seconds
[2025-11-29T11:23:41.360+0000] {processor.py:186} INFO - Started process (PID=763) to work on /home/airflow/.local/lib/python3.12/site-packages/airflow/example_dags/example_external_task_marker_dag.py
[2025-11-29T11:23:41.362+0000] {processor.py:914} INFO - Processing file /home/airflow/.local/lib/python3.12/site-packages/airflow/example_dags/example_external_task_marker_dag.py for tasks to queue
[2025-11-29T11:23:41.366+0000] {logging_mixin.py:190} INFO - [2025-11-29T11:23:41.366+0000] {dagbag.py:588} INFO - Filling up the DagBag from /home/airflow/.local/lib/python3.12/site-packages/airflow/example_dags/example_external_task_marker_dag.py
[2025-11-29T11:23:41.383+0000] {processor.py:925} INFO - DAG(s) 'example_external_task_marker_child', 'example_external_task_marker_parent' retrieved from /home/airflow/.local/lib/python3.12/site-packages/airflow/example_dags/example_external_task_marker_dag.py
[2025-11-29T11:23:41.415+0000] {logging_mixin.py:190} INFO - [2025-11-29T11:23:41.414+0000] {dag.py:3239} INFO - Sync 2 DAGs
[2025-11-29T11:23:41.433+0000] {logging_mixin.py:190} INFO - [2025-11-29T11:23:41.433+0000] {dag.py:4180} INFO - Setting next_dagrun for example_external_task_marker_child to None, run_after=None
[2025-11-29T11:23:41.440+0000] {logging_mixin.py:190} INFO - [2025-11-29T11:23:41.440+0000] {dag.py:4180} INFO - Setting next_dagrun for example_external_task_marker_parent to None, run_after=None
[2025-11-29T11:23:41.464+0000] {processor.py:208} INFO - Processing /home/airflow/.local/lib/python3.12/site-packages/airflow/example_dags/example_external_task_marker_dag.py took 0.112 seconds
[2025-11-29T11:24:11.578+0000] {processor.py:186} INFO - Started process (PID=832) to work on /home/airflow/.local/lib/python3.12/site-packages/airflow/example_dags/example_external_task_marker_dag.py
[2025-11-29T11:24:11.579+0000] {processor.py:914} INFO - Processing file /home/airflow/.local/lib/python3.12/site-packages/airflow/example_dags/example_external_task_marker_dag.py for tasks to queue
[2025-11-29T11:24:11.581+0000] {logging_mixin.py:190} INFO - [2025-11-29T11:24:11.581+0000] {dagbag.py:588} INFO - Filling up the DagBag from /home/airflow/.local/lib/python3.12/site-packages/airflow/example_dags/example_external_task_marker_dag.py
[2025-11-29T11:24:11.592+0000] {processor.py:925} INFO - DAG(s) 'example_external_task_marker_parent', 'example_external_task_marker_child' retrieved from /home/airflow/.local/lib/python3.12/site-packages/airflow/example_dags/example_external_task_marker_dag.py
[2025-11-29T11:24:11.621+0000] {logging_mixin.py:190} INFO - [2025-11-29T11:24:11.621+0000] {dag.py:3239} INFO - Sync 2 DAGs
[2025-11-29T11:24:11.638+0000] {logging_mixin.py:190} INFO - [2025-11-29T11:24:11.638+0000] {dag.py:4180} INFO - Setting next_dagrun for example_external_task_marker_child to None, run_after=None
[2025-11-29T11:24:11.644+0000] {logging_mixin.py:190} INFO - [2025-11-29T11:24:11.643+0000] {dag.py:4180} INFO - Setting next_dagrun for example_external_task_marker_parent to None, run_after=None
[2025-11-29T11:24:11.663+0000] {processor.py:208} INFO - Processing /home/airflow/.local/lib/python3.12/site-packages/airflow/example_dags/example_external_task_marker_dag.py took 0.093 seconds
[2025-11-29T11:24:41.935+0000] {processor.py:186} INFO - Started process (PID=900) to work on /home/airflow/.local/lib/python3.12/site-packages/airflow/example_dags/example_external_task_marker_dag.py
[2025-11-29T11:24:41.936+0000] {processor.py:914} INFO - Processing file /home/airflow/.local/lib/python3.12/site-packages/airflow/example_dags/example_external_task_marker_dag.py for tasks to queue
[2025-11-29T11:24:41.938+0000] {logging_mixin.py:190} INFO - [2025-11-29T11:24:41.938+0000] {dagbag.py:588} INFO - Filling up the DagBag from /home/airflow/.local/lib/python3.12/site-packages/airflow/example_dags/example_external_task_marker_dag.py
[2025-11-29T11:24:41.950+0000] {processor.py:925} INFO - DAG(s) 'example_external_task_marker_parent', 'example_external_task_marker_child' retrieved from /home/airflow/.local/lib/python3.12/site-packages/airflow/example_dags/example_external_task_marker_dag.py
[2025-11-29T11:24:41.980+0000] {logging_mixin.py:190} INFO - [2025-11-29T11:24:41.979+0000] {dag.py:3239} INFO - Sync 2 DAGs
[2025-11-29T11:24:41.996+0000] {logging_mixin.py:190} INFO - [2025-11-29T11:24:41.996+0000] {dag.py:4180} INFO - Setting next_dagrun for example_external_task_marker_child to None, run_after=None
[2025-11-29T11:24:42.001+0000] {logging_mixin.py:190} INFO - [2025-11-29T11:24:42.001+0000] {dag.py:4180} INFO - Setting next_dagrun for example_external_task_marker_parent to None, run_after=None
[2025-11-29T11:24:42.028+0000] {processor.py:208} INFO - Processing /home/airflow/.local/lib/python3.12/site-packages/airflow/example_dags/example_external_task_marker_dag.py took 0.101 seconds
[2025-11-29T11:25:13.032+0000] {processor.py:186} INFO - Started process (PID=968) to work on /home/airflow/.local/lib/python3.12/site-packages/airflow/example_dags/example_external_task_marker_dag.py
[2025-11-29T11:25:13.034+0000] {processor.py:914} INFO - Processing file /home/airflow/.local/lib/python3.12/site-packages/airflow/example_dags/example_external_task_marker_dag.py for tasks to queue
[2025-11-29T11:25:13.036+0000] {logging_mixin.py:190} INFO - [2025-11-29T11:25:13.035+0000] {dagbag.py:588} INFO - Filling up the DagBag from /home/airflow/.local/lib/python3.12/site-packages/airflow/example_dags/example_external_task_marker_dag.py
[2025-11-29T11:25:13.048+0000] {processor.py:925} INFO - DAG(s) 'example_external_task_marker_child', 'example_external_task_marker_parent' retrieved from /home/airflow/.local/lib/python3.12/site-packages/airflow/example_dags/example_external_task_marker_dag.py
[2025-11-29T11:25:13.084+0000] {logging_mixin.py:190} INFO - [2025-11-29T11:25:13.084+0000] {dag.py:3239} INFO - Sync 2 DAGs
[2025-11-29T11:25:13.111+0000] {logging_mixin.py:190} INFO - [2025-11-29T11:25:13.110+0000] {dag.py:4180} INFO - Setting next_dagrun for example_external_task_marker_child to None, run_after=None
[2025-11-29T11:25:13.119+0000] {logging_mixin.py:190} INFO - [2025-11-29T11:25:13.119+0000] {dag.py:4180} INFO - Setting next_dagrun for example_external_task_marker_parent to None, run_after=None
[2025-11-29T11:25:13.143+0000] {processor.py:208} INFO - Processing /home/airflow/.local/lib/python3.12/site-packages/airflow/example_dags/example_external_task_marker_dag.py took 0.119 seconds
[2025-11-29T11:25:43.287+0000] {processor.py:186} INFO - Started process (PID=1036) to work on /home/airflow/.local/lib/python3.12/site-packages/airflow/example_dags/example_external_task_marker_dag.py
[2025-11-29T11:25:43.288+0000] {processor.py:914} INFO - Processing file /home/airflow/.local/lib/python3.12/site-packages/airflow/example_dags/example_external_task_marker_dag.py for tasks to queue
[2025-11-29T11:25:43.290+0000] {logging_mixin.py:190} INFO - [2025-11-29T11:25:43.290+0000] {dagbag.py:588} INFO - Filling up the DagBag from /home/airflow/.local/lib/python3.12/site-packages/airflow/example_dags/example_external_task_marker_dag.py
[2025-11-29T11:25:43.303+0000] {processor.py:925} INFO - DAG(s) 'example_external_task_marker_parent', 'example_external_task_marker_child' retrieved from /home/airflow/.local/lib/python3.12/site-packages/airflow/example_dags/example_external_task_marker_dag.py
[2025-11-29T11:25:43.336+0000] {logging_mixin.py:190} INFO - [2025-11-29T11:25:43.335+0000] {dag.py:3239} INFO - Sync 2 DAGs
[2025-11-29T11:25:43.357+0000] {logging_mixin.py:190} INFO - [2025-11-29T11:25:43.357+0000] {dag.py:4180} INFO - Setting next_dagrun for example_external_task_marker_child to None, run_after=None
[2025-11-29T11:25:43.363+0000] {logging_mixin.py:190} INFO - [2025-11-29T11:25:43.362+0000] {dag.py:4180} INFO - Setting next_dagrun for example_external_task_marker_parent to None, run_after=None
[2025-11-29T11:25:43.384+0000] {processor.py:208} INFO - Processing /home/airflow/.local/lib/python3.12/site-packages/airflow/example_dags/example_external_task_marker_dag.py took 0.105 seconds
[2025-11-29T11:26:13.816+0000] {processor.py:186} INFO - Started process (PID=1105) to work on /home/airflow/.local/lib/python3.12/site-packages/airflow/example_dags/example_external_task_marker_dag.py
[2025-11-29T11:26:13.818+0000] {processor.py:914} INFO - Processing file /home/airflow/.local/lib/python3.12/site-packages/airflow/example_dags/example_external_task_marker_dag.py for tasks to queue
[2025-11-29T11:26:13.820+0000] {logging_mixin.py:190} INFO - [2025-11-29T11:26:13.819+0000] {dagbag.py:588} INFO - Filling up the DagBag from /home/airflow/.local/lib/python3.12/site-packages/airflow/example_dags/example_external_task_marker_dag.py
[2025-11-29T11:26:13.832+0000] {processor.py:925} INFO - DAG(s) 'example_external_task_marker_parent', 'example_external_task_marker_child' retrieved from /home/airflow/.local/lib/python3.12/site-packages/airflow/example_dags/example_external_task_marker_dag.py
[2025-11-29T11:26:13.864+0000] {logging_mixin.py:190} INFO - [2025-11-29T11:26:13.863+0000] {dag.py:3239} INFO - Sync 2 DAGs
[2025-11-29T11:26:13.881+0000] {logging_mixin.py:190} INFO - [2025-11-29T11:26:13.881+0000] {dag.py:4180} INFO - Setting next_dagrun for example_external_task_marker_child to None, run_after=None
[2025-11-29T11:26:13.886+0000] {logging_mixin.py:190} INFO - [2025-11-29T11:26:13.885+0000] {dag.py:4180} INFO - Setting next_dagrun for example_external_task_marker_parent to None, run_after=None
[2025-11-29T11:26:13.906+0000] {processor.py:208} INFO - Processing /home/airflow/.local/lib/python3.12/site-packages/airflow/example_dags/example_external_task_marker_dag.py took 0.097 seconds
[2025-11-29T11:26:44.216+0000] {processor.py:186} INFO - Started process (PID=1173) to work on /home/airflow/.local/lib/python3.12/site-packages/airflow/example_dags/example_external_task_marker_dag.py
[2025-11-29T11:26:44.217+0000] {processor.py:914} INFO - Processing file /home/airflow/.local/lib/python3.12/site-packages/airflow/example_dags/example_external_task_marker_dag.py for tasks to queue
[2025-11-29T11:26:44.219+0000] {logging_mixin.py:190} INFO - [2025-11-29T11:26:44.219+0000] {dagbag.py:588} INFO - Filling up the DagBag from /home/airflow/.local/lib/python3.12/site-packages/airflow/example_dags/example_external_task_marker_dag.py
[2025-11-29T11:26:44.230+0000] {processor.py:925} INFO - DAG(s) 'example_external_task_marker_parent', 'example_external_task_marker_child' retrieved from /home/airflow/.local/lib/python3.12/site-packages/airflow/example_dags/example_external_task_marker_dag.py
[2025-11-29T11:26:44.259+0000] {logging_mixin.py:190} INFO - [2025-11-29T11:26:44.259+0000] {dag.py:3239} INFO - Sync 2 DAGs
[2025-11-29T11:26:44.277+0000] {logging_mixin.py:190} INFO - [2025-11-29T11:26:44.277+0000] {dag.py:4180} INFO - Setting next_dagrun for example_external_task_marker_child to None, run_after=None
[2025-11-29T11:26:44.282+0000] {logging_mixin.py:190} INFO - [2025-11-29T11:26:44.281+0000] {dag.py:4180} INFO - Setting next_dagrun for example_external_task_marker_parent to None, run_after=None
[2025-11-29T11:26:44.303+0000] {processor.py:208} INFO - Processing /home/airflow/.local/lib/python3.12/site-packages/airflow/example_dags/example_external_task_marker_dag.py took 0.095 seconds
[2025-11-29T11:27:14.859+0000] {processor.py:186} INFO - Started process (PID=1241) to work on /home/airflow/.local/lib/python3.12/site-packages/airflow/example_dags/example_external_task_marker_dag.py
[2025-11-29T11:27:14.861+0000] {processor.py:914} INFO - Processing file /home/airflow/.local/lib/python3.12/site-packages/airflow/example_dags/example_external_task_marker_dag.py for tasks to queue
[2025-11-29T11:27:14.862+0000] {logging_mixin.py:190} INFO - [2025-11-29T11:27:14.862+0000] {dagbag.py:588} INFO - Filling up the DagBag from /home/airflow/.local/lib/python3.12/site-packages/airflow/example_dags/example_external_task_marker_dag.py
[2025-11-29T11:27:14.874+0000] {processor.py:925} INFO - DAG(s) 'example_external_task_marker_child', 'example_external_task_marker_parent' retrieved from /home/airflow/.local/lib/python3.12/site-packages/airflow/example_dags/example_external_task_marker_dag.py
[2025-11-29T11:27:14.904+0000] {logging_mixin.py:190} INFO - [2025-11-29T11:27:14.904+0000] {dag.py:3239} INFO - Sync 2 DAGs
[2025-11-29T11:27:14.923+0000] {logging_mixin.py:190} INFO - [2025-11-29T11:27:14.923+0000] {dag.py:4180} INFO - Setting next_dagrun for example_external_task_marker_child to None, run_after=None
[2025-11-29T11:27:14.928+0000] {logging_mixin.py:190} INFO - [2025-11-29T11:27:14.927+0000] {dag.py:4180} INFO - Setting next_dagrun for example_external_task_marker_parent to None, run_after=None
[2025-11-29T11:27:14.948+0000] {processor.py:208} INFO - Processing /home/airflow/.local/lib/python3.12/site-packages/airflow/example_dags/example_external_task_marker_dag.py took 0.096 seconds
[2025-11-29T11:27:45.880+0000] {processor.py:186} INFO - Started process (PID=1309) to work on /home/airflow/.local/lib/python3.12/site-packages/airflow/example_dags/example_external_task_marker_dag.py
[2025-11-29T11:27:45.881+0000] {processor.py:914} INFO - Processing file /home/airflow/.local/lib/python3.12/site-packages/airflow/example_dags/example_external_task_marker_dag.py for tasks to queue
[2025-11-29T11:27:45.883+0000] {logging_mixin.py:190} INFO - [2025-11-29T11:27:45.883+0000] {dagbag.py:588} INFO - Filling up the DagBag from /home/airflow/.local/lib/python3.12/site-packages/airflow/example_dags/example_external_task_marker_dag.py
[2025-11-29T11:27:45.898+0000] {processor.py:925} INFO - DAG(s) 'example_external_task_marker_parent', 'example_external_task_marker_child' retrieved from /home/airflow/.local/lib/python3.12/site-packages/airflow/example_dags/example_external_task_marker_dag.py
[2025-11-29T11:27:45.934+0000] {logging_mixin.py:190} INFO - [2025-11-29T11:27:45.934+0000] {dag.py:3239} INFO - Sync 2 DAGs
[2025-11-29T11:27:45.962+0000] {logging_mixin.py:190} INFO - [2025-11-29T11:27:45.962+0000] {dag.py:4180} INFO - Setting next_dagrun for example_external_task_marker_child to None, run_after=None
[2025-11-29T11:27:45.968+0000] {logging_mixin.py:190} INFO - [2025-11-29T11:27:45.968+0000] {dag.py:4180} INFO - Setting next_dagrun for example_external_task_marker_parent to None, run_after=None
[2025-11-29T11:27:45.989+0000] {processor.py:208} INFO - Processing /home/airflow/.local/lib/python3.12/site-packages/airflow/example_dags/example_external_task_marker_dag.py took 0.117 seconds
[2025-11-29T11:28:16.614+0000] {processor.py:186} INFO - Started process (PID=1378) to work on /home/airflow/.local/lib/python3.12/site-packages/airflow/example_dags/example_external_task_marker_dag.py
[2025-11-29T11:28:16.616+0000] {processor.py:914} INFO - Processing file /home/airflow/.local/lib/python3.12/site-packages/airflow/example_dags/example_external_task_marker_dag.py for tasks to queue
[2025-11-29T11:28:16.618+0000] {logging_mixin.py:190} INFO - [2025-11-29T11:28:16.617+0000] {dagbag.py:588} INFO - Filling up the DagBag from /home/airflow/.local/lib/python3.12/site-packages/airflow/example_dags/example_external_task_marker_dag.py
[2025-11-29T11:28:16.633+0000] {processor.py:925} INFO - DAG(s) 'example_external_task_marker_child', 'example_external_task_marker_parent' retrieved from /home/airflow/.local/lib/python3.12/site-packages/airflow/example_dags/example_external_task_marker_dag.py
[2025-11-29T11:28:16.672+0000] {logging_mixin.py:190} INFO - [2025-11-29T11:28:16.672+0000] {dag.py:3239} INFO - Sync 2 DAGs
[2025-11-29T11:28:16.691+0000] {logging_mixin.py:190} INFO - [2025-11-29T11:28:16.691+0000] {dag.py:4180} INFO - Setting next_dagrun for example_external_task_marker_child to None, run_after=None
[2025-11-29T11:28:16.698+0000] {logging_mixin.py:190} INFO - [2025-11-29T11:28:16.698+0000] {dag.py:4180} INFO - Setting next_dagrun for example_external_task_marker_parent to None, run_after=None
[2025-11-29T11:28:16.729+0000] {processor.py:208} INFO - Processing /home/airflow/.local/lib/python3.12/site-packages/airflow/example_dags/example_external_task_marker_dag.py took 0.124 seconds
[2025-11-29T11:28:46.978+0000] {processor.py:186} INFO - Started process (PID=1446) to work on /home/airflow/.local/lib/python3.12/site-packages/airflow/example_dags/example_external_task_marker_dag.py
[2025-11-29T11:28:46.979+0000] {processor.py:914} INFO - Processing file /home/airflow/.local/lib/python3.12/site-packages/airflow/example_dags/example_external_task_marker_dag.py for tasks to queue
[2025-11-29T11:28:46.981+0000] {logging_mixin.py:190} INFO - [2025-11-29T11:28:46.980+0000] {dagbag.py:588} INFO - Filling up the DagBag from /home/airflow/.local/lib/python3.12/site-packages/airflow/example_dags/example_external_task_marker_dag.py
[2025-11-29T11:28:46.992+0000] {processor.py:925} INFO - DAG(s) 'example_external_task_marker_parent', 'example_external_task_marker_child' retrieved from /home/airflow/.local/lib/python3.12/site-packages/airflow/example_dags/example_external_task_marker_dag.py
[2025-11-29T11:28:47.022+0000] {logging_mixin.py:190} INFO - [2025-11-29T11:28:47.021+0000] {dag.py:3239} INFO - Sync 2 DAGs
[2025-11-29T11:28:47.041+0000] {logging_mixin.py:190} INFO - [2025-11-29T11:28:47.040+0000] {dag.py:4180} INFO - Setting next_dagrun for example_external_task_marker_child to None, run_after=None
[2025-11-29T11:28:47.046+0000] {logging_mixin.py:190} INFO - [2025-11-29T11:28:47.046+0000] {dag.py:4180} INFO - Setting next_dagrun for example_external_task_marker_parent to None, run_after=None
[2025-11-29T11:28:47.069+0000] {processor.py:208} INFO - Processing /home/airflow/.local/lib/python3.12/site-packages/airflow/example_dags/example_external_task_marker_dag.py took 0.099 seconds
[2025-11-29T11:29:17.611+0000] {processor.py:186} INFO - Started process (PID=1514) to work on /home/airflow/.local/lib/python3.12/site-packages/airflow/example_dags/example_external_task_marker_dag.py
[2025-11-29T11:29:17.613+0000] {processor.py:914} INFO - Processing file /home/airflow/.local/lib/python3.12/site-packages/airflow/example_dags/example_external_task_marker_dag.py for tasks to queue
[2025-11-29T11:29:17.615+0000] {logging_mixin.py:190} INFO - [2025-11-29T11:29:17.614+0000] {dagbag.py:588} INFO - Filling up the DagBag from /home/airflow/.local/lib/python3.12/site-packages/airflow/example_dags/example_external_task_marker_dag.py
[2025-11-29T11:29:17.628+0000] {processor.py:925} INFO - DAG(s) 'example_external_task_marker_child', 'example_external_task_marker_parent' retrieved from /home/airflow/.local/lib/python3.12/site-packages/airflow/example_dags/example_external_task_marker_dag.py
[2025-11-29T11:29:17.662+0000] {logging_mixin.py:190} INFO - [2025-11-29T11:29:17.662+0000] {dag.py:3239} INFO - Sync 2 DAGs
[2025-11-29T11:29:17.680+0000] {logging_mixin.py:190} INFO - [2025-11-29T11:29:17.679+0000] {dag.py:4180} INFO - Setting next_dagrun for example_external_task_marker_child to None, run_after=None
[2025-11-29T11:29:17.684+0000] {logging_mixin.py:190} INFO - [2025-11-29T11:29:17.684+0000] {dag.py:4180} INFO - Setting next_dagrun for example_external_task_marker_parent to None, run_after=None
[2025-11-29T11:29:17.707+0000] {processor.py:208} INFO - Processing /home/airflow/.local/lib/python3.12/site-packages/airflow/example_dags/example_external_task_marker_dag.py took 0.102 seconds
[2025-11-29T11:29:48.008+0000] {processor.py:186} INFO - Started process (PID=1584) to work on /home/airflow/.local/lib/python3.12/site-packages/airflow/example_dags/example_external_task_marker_dag.py
[2025-11-29T11:29:48.009+0000] {processor.py:914} INFO - Processing file /home/airflow/.local/lib/python3.12/site-packages/airflow/example_dags/example_external_task_marker_dag.py for tasks to queue
[2025-11-29T11:29:48.011+0000] {logging_mixin.py:190} INFO - [2025-11-29T11:29:48.011+0000] {dagbag.py:588} INFO - Filling up the DagBag from /home/airflow/.local/lib/python3.12/site-packages/airflow/example_dags/example_external_task_marker_dag.py
[2025-11-29T11:29:48.023+0000] {processor.py:925} INFO - DAG(s) 'example_external_task_marker_parent', 'example_external_task_marker_child' retrieved from /home/airflow/.local/lib/python3.12/site-packages/airflow/example_dags/example_external_task_marker_dag.py
[2025-11-29T11:29:48.052+0000] {logging_mixin.py:190} INFO - [2025-11-29T11:29:48.051+0000] {dag.py:3239} INFO - Sync 2 DAGs
[2025-11-29T11:29:48.071+0000] {logging_mixin.py:190} INFO - [2025-11-29T11:29:48.071+0000] {dag.py:4180} INFO - Setting next_dagrun for example_external_task_marker_child to None, run_after=None
[2025-11-29T11:29:48.076+0000] {logging_mixin.py:190} INFO - [2025-11-29T11:29:48.076+0000] {dag.py:4180} INFO - Setting next_dagrun for example_external_task_marker_parent to None, run_after=None
[2025-11-29T11:29:48.095+0000] {processor.py:208} INFO - Processing /home/airflow/.local/lib/python3.12/site-packages/airflow/example_dags/example_external_task_marker_dag.py took 0.095 seconds
[2025-11-29T11:30:18.600+0000] {processor.py:186} INFO - Started process (PID=1653) to work on /home/airflow/.local/lib/python3.12/site-packages/airflow/example_dags/example_external_task_marker_dag.py
[2025-11-29T11:30:18.601+0000] {processor.py:914} INFO - Processing file /home/airflow/.local/lib/python3.12/site-packages/airflow/example_dags/example_external_task_marker_dag.py for tasks to queue
[2025-11-29T11:30:18.603+0000] {logging_mixin.py:190} INFO - [2025-11-29T11:30:18.603+0000] {dagbag.py:588} INFO - Filling up the DagBag from /home/airflow/.local/lib/python3.12/site-packages/airflow/example_dags/example_external_task_marker_dag.py
[2025-11-29T11:30:18.614+0000] {processor.py:925} INFO - DAG(s) 'example_external_task_marker_parent', 'example_external_task_marker_child' retrieved from /home/airflow/.local/lib/python3.12/site-packages/airflow/example_dags/example_external_task_marker_dag.py
[2025-11-29T11:30:18.644+0000] {logging_mixin.py:190} INFO - [2025-11-29T11:30:18.644+0000] {dag.py:3239} INFO - Sync 2 DAGs
[2025-11-29T11:30:18.661+0000] {logging_mixin.py:190} INFO - [2025-11-29T11:30:18.661+0000] {dag.py:4180} INFO - Setting next_dagrun for example_external_task_marker_child to None, run_after=None
[2025-11-29T11:30:18.665+0000] {logging_mixin.py:190} INFO - [2025-11-29T11:30:18.665+0000] {dag.py:4180} INFO - Setting next_dagrun for example_external_task_marker_parent to None, run_after=None
[2025-11-29T11:30:18.684+0000] {processor.py:208} INFO - Processing /home/airflow/.local/lib/python3.12/site-packages/airflow/example_dags/example_external_task_marker_dag.py took 0.092 seconds
[2025-11-29T11:30:49.296+0000] {processor.py:186} INFO - Started process (PID=1721) to work on /home/airflow/.local/lib/python3.12/site-packages/airflow/example_dags/example_external_task_marker_dag.py
[2025-11-29T11:30:49.298+0000] {processor.py:914} INFO - Processing file /home/airflow/.local/lib/python3.12/site-packages/airflow/example_dags/example_external_task_marker_dag.py for tasks to queue
[2025-11-29T11:30:49.300+0000] {logging_mixin.py:190} INFO - [2025-11-29T11:30:49.299+0000] {dagbag.py:588} INFO - Filling up the DagBag from /home/airflow/.local/lib/python3.12/site-packages/airflow/example_dags/example_external_task_marker_dag.py
[2025-11-29T11:30:49.312+0000] {processor.py:925} INFO - DAG(s) 'example_external_task_marker_child', 'example_external_task_marker_parent' retrieved from /home/airflow/.local/lib/python3.12/site-packages/airflow/example_dags/example_external_task_marker_dag.py
[2025-11-29T11:30:49.340+0000] {logging_mixin.py:190} INFO - [2025-11-29T11:30:49.340+0000] {dag.py:3239} INFO - Sync 2 DAGs
[2025-11-29T11:30:49.358+0000] {logging_mixin.py:190} INFO - [2025-11-29T11:30:49.358+0000] {dag.py:4180} INFO - Setting next_dagrun for example_external_task_marker_child to None, run_after=None
[2025-11-29T11:30:49.362+0000] {logging_mixin.py:190} INFO - [2025-11-29T11:30:49.362+0000] {dag.py:4180} INFO - Setting next_dagrun for example_external_task_marker_parent to None, run_after=None
[2025-11-29T11:30:49.381+0000] {processor.py:208} INFO - Processing /home/airflow/.local/lib/python3.12/site-packages/airflow/example_dags/example_external_task_marker_dag.py took 0.092 seconds
[2025-11-29T11:31:19.563+0000] {processor.py:186} INFO - Started process (PID=1789) to work on /home/airflow/.local/lib/python3.12/site-packages/airflow/example_dags/example_external_task_marker_dag.py
[2025-11-29T11:31:19.565+0000] {processor.py:914} INFO - Processing file /home/airflow/.local/lib/python3.12/site-packages/airflow/example_dags/example_external_task_marker_dag.py for tasks to queue
[2025-11-29T11:31:19.567+0000] {logging_mixin.py:190} INFO - [2025-11-29T11:31:19.566+0000] {dagbag.py:588} INFO - Filling up the DagBag from /home/airflow/.local/lib/python3.12/site-packages/airflow/example_dags/example_external_task_marker_dag.py
[2025-11-29T11:31:19.581+0000] {processor.py:925} INFO - DAG(s) 'example_external_task_marker_child', 'example_external_task_marker_parent' retrieved from /home/airflow/.local/lib/python3.12/site-packages/airflow/example_dags/example_external_task_marker_dag.py
[2025-11-29T11:31:19.615+0000] {logging_mixin.py:190} INFO - [2025-11-29T11:31:19.615+0000] {dag.py:3239} INFO - Sync 2 DAGs
[2025-11-29T11:31:19.637+0000] {logging_mixin.py:190} INFO - [2025-11-29T11:31:19.637+0000] {dag.py:4180} INFO - Setting next_dagrun for example_external_task_marker_child to None, run_after=None
[2025-11-29T11:31:19.644+0000] {logging_mixin.py:190} INFO - [2025-11-29T11:31:19.643+0000] {dag.py:4180} INFO - Setting next_dagrun for example_external_task_marker_parent to None, run_after=None
[2025-11-29T11:31:19.669+0000] {processor.py:208} INFO - Processing /home/airflow/.local/lib/python3.12/site-packages/airflow/example_dags/example_external_task_marker_dag.py took 0.115 seconds
[2025-11-29T11:31:50.129+0000] {processor.py:186} INFO - Started process (PID=1857) to work on /home/airflow/.local/lib/python3.12/site-packages/airflow/example_dags/example_external_task_marker_dag.py
[2025-11-29T11:31:50.130+0000] {processor.py:914} INFO - Processing file /home/airflow/.local/lib/python3.12/site-packages/airflow/example_dags/example_external_task_marker_dag.py for tasks to queue
[2025-11-29T11:31:50.132+0000] {logging_mixin.py:190} INFO - [2025-11-29T11:31:50.132+0000] {dagbag.py:588} INFO - Filling up the DagBag from /home/airflow/.local/lib/python3.12/site-packages/airflow/example_dags/example_external_task_marker_dag.py
[2025-11-29T11:31:50.145+0000] {processor.py:925} INFO - DAG(s) 'example_external_task_marker_child', 'example_external_task_marker_parent' retrieved from /home/airflow/.local/lib/python3.12/site-packages/airflow/example_dags/example_external_task_marker_dag.py
[2025-11-29T11:31:50.173+0000] {logging_mixin.py:190} INFO - [2025-11-29T11:31:50.173+0000] {dag.py:3239} INFO - Sync 2 DAGs
[2025-11-29T11:31:50.190+0000] {logging_mixin.py:190} INFO - [2025-11-29T11:31:50.190+0000] {dag.py:4180} INFO - Setting next_dagrun for example_external_task_marker_child to None, run_after=None
[2025-11-29T11:31:50.195+0000] {logging_mixin.py:190} INFO - [2025-11-29T11:31:50.194+0000] {dag.py:4180} INFO - Setting next_dagrun for example_external_task_marker_parent to None, run_after=None
[2025-11-29T11:31:50.214+0000] {processor.py:208} INFO - Processing /home/airflow/.local/lib/python3.12/site-packages/airflow/example_dags/example_external_task_marker_dag.py took 0.092 seconds
[2025-11-29T11:32:20.667+0000] {processor.py:186} INFO - Started process (PID=1925) to work on /home/airflow/.local/lib/python3.12/site-packages/airflow/example_dags/example_external_task_marker_dag.py
[2025-11-29T11:32:20.669+0000] {processor.py:914} INFO - Processing file /home/airflow/.local/lib/python3.12/site-packages/airflow/example_dags/example_external_task_marker_dag.py for tasks to queue
[2025-11-29T11:32:20.671+0000] {logging_mixin.py:190} INFO - [2025-11-29T11:32:20.670+0000] {dagbag.py:588} INFO - Filling up the DagBag from /home/airflow/.local/lib/python3.12/site-packages/airflow/example_dags/example_external_task_marker_dag.py
[2025-11-29T11:32:20.687+0000] {processor.py:925} INFO - DAG(s) 'example_external_task_marker_child', 'example_external_task_marker_parent' retrieved from /home/airflow/.local/lib/python3.12/site-packages/airflow/example_dags/example_external_task_marker_dag.py
[2025-11-29T11:32:20.725+0000] {logging_mixin.py:190} INFO - [2025-11-29T11:32:20.725+0000] {dag.py:3239} INFO - Sync 2 DAGs
[2025-11-29T11:32:20.750+0000] {logging_mixin.py:190} INFO - [2025-11-29T11:32:20.750+0000] {dag.py:4180} INFO - Setting next_dagrun for example_external_task_marker_child to None, run_after=None
[2025-11-29T11:32:20.756+0000] {logging_mixin.py:190} INFO - [2025-11-29T11:32:20.756+0000] {dag.py:4180} INFO - Setting next_dagrun for example_external_task_marker_parent to None, run_after=None
[2025-11-29T11:32:20.785+0000] {processor.py:208} INFO - Processing /home/airflow/.local/lib/python3.12/site-packages/airflow/example_dags/example_external_task_marker_dag.py took 0.127 seconds
[2025-11-29T11:32:51.579+0000] {processor.py:186} INFO - Started process (PID=1994) to work on /home/airflow/.local/lib/python3.12/site-packages/airflow/example_dags/example_external_task_marker_dag.py
[2025-11-29T11:32:51.581+0000] {processor.py:914} INFO - Processing file /home/airflow/.local/lib/python3.12/site-packages/airflow/example_dags/example_external_task_marker_dag.py for tasks to queue
[2025-11-29T11:32:51.583+0000] {logging_mixin.py:190} INFO - [2025-11-29T11:32:51.582+0000] {dagbag.py:588} INFO - Filling up the DagBag from /home/airflow/.local/lib/python3.12/site-packages/airflow/example_dags/example_external_task_marker_dag.py
[2025-11-29T11:32:51.599+0000] {processor.py:925} INFO - DAG(s) 'example_external_task_marker_parent', 'example_external_task_marker_child' retrieved from /home/airflow/.local/lib/python3.12/site-packages/airflow/example_dags/example_external_task_marker_dag.py
[2025-11-29T11:32:51.629+0000] {logging_mixin.py:190} INFO - [2025-11-29T11:32:51.629+0000] {dag.py:3239} INFO - Sync 2 DAGs
[2025-11-29T11:32:51.648+0000] {logging_mixin.py:190} INFO - [2025-11-29T11:32:51.647+0000] {dag.py:4180} INFO - Setting next_dagrun for example_external_task_marker_child to None, run_after=None
[2025-11-29T11:32:51.653+0000] {logging_mixin.py:190} INFO - [2025-11-29T11:32:51.653+0000] {dag.py:4180} INFO - Setting next_dagrun for example_external_task_marker_parent to None, run_after=None
[2025-11-29T11:32:51.675+0000] {processor.py:208} INFO - Processing /home/airflow/.local/lib/python3.12/site-packages/airflow/example_dags/example_external_task_marker_dag.py took 0.103 seconds
[2025-11-29T11:33:22.510+0000] {processor.py:186} INFO - Started process (PID=2062) to work on /home/airflow/.local/lib/python3.12/site-packages/airflow/example_dags/example_external_task_marker_dag.py
[2025-11-29T11:33:22.512+0000] {processor.py:914} INFO - Processing file /home/airflow/.local/lib/python3.12/site-packages/airflow/example_dags/example_external_task_marker_dag.py for tasks to queue
[2025-11-29T11:33:22.514+0000] {logging_mixin.py:190} INFO - [2025-11-29T11:33:22.514+0000] {dagbag.py:588} INFO - Filling up the DagBag from /home/airflow/.local/lib/python3.12/site-packages/airflow/example_dags/example_external_task_marker_dag.py
[2025-11-29T11:33:22.531+0000] {processor.py:925} INFO - DAG(s) 'example_external_task_marker_child', 'example_external_task_marker_parent' retrieved from /home/airflow/.local/lib/python3.12/site-packages/airflow/example_dags/example_external_task_marker_dag.py
[2025-11-29T11:33:22.569+0000] {logging_mixin.py:190} INFO - [2025-11-29T11:33:22.569+0000] {dag.py:3239} INFO - Sync 2 DAGs
[2025-11-29T11:33:22.596+0000] {logging_mixin.py:190} INFO - [2025-11-29T11:33:22.595+0000] {dag.py:4180} INFO - Setting next_dagrun for example_external_task_marker_child to None, run_after=None
[2025-11-29T11:33:22.602+0000] {logging_mixin.py:190} INFO - [2025-11-29T11:33:22.601+0000] {dag.py:4180} INFO - Setting next_dagrun for example_external_task_marker_parent to None, run_after=None
[2025-11-29T11:33:22.631+0000] {processor.py:208} INFO - Processing /home/airflow/.local/lib/python3.12/site-packages/airflow/example_dags/example_external_task_marker_dag.py took 0.132 seconds
[2025-11-29T11:33:53.085+0000] {processor.py:186} INFO - Started process (PID=2130) to work on /home/airflow/.local/lib/python3.12/site-packages/airflow/example_dags/example_external_task_marker_dag.py
[2025-11-29T11:33:53.086+0000] {processor.py:914} INFO - Processing file /home/airflow/.local/lib/python3.12/site-packages/airflow/example_dags/example_external_task_marker_dag.py for tasks to queue
[2025-11-29T11:33:53.088+0000] {logging_mixin.py:190} INFO - [2025-11-29T11:33:53.087+0000] {dagbag.py:588} INFO - Filling up the DagBag from /home/airflow/.local/lib/python3.12/site-packages/airflow/example_dags/example_external_task_marker_dag.py
[2025-11-29T11:33:53.099+0000] {processor.py:925} INFO - DAG(s) 'example_external_task_marker_child', 'example_external_task_marker_parent' retrieved from /home/airflow/.local/lib/python3.12/site-packages/airflow/example_dags/example_external_task_marker_dag.py
[2025-11-29T11:33:53.129+0000] {logging_mixin.py:190} INFO - [2025-11-29T11:33:53.128+0000] {dag.py:3239} INFO - Sync 2 DAGs
[2025-11-29T11:33:53.146+0000] {logging_mixin.py:190} INFO - [2025-11-29T11:33:53.146+0000] {dag.py:4180} INFO - Setting next_dagrun for example_external_task_marker_child to None, run_after=None
[2025-11-29T11:33:53.152+0000] {logging_mixin.py:190} INFO - [2025-11-29T11:33:53.152+0000] {dag.py:4180} INFO - Setting next_dagrun for example_external_task_marker_parent to None, run_after=None
[2025-11-29T11:33:53.175+0000] {processor.py:208} INFO - Processing /home/airflow/.local/lib/python3.12/site-packages/airflow/example_dags/example_external_task_marker_dag.py took 0.098 seconds
[2025-11-29T11:34:23.709+0000] {processor.py:186} INFO - Started process (PID=2204) to work on /home/airflow/.local/lib/python3.12/site-packages/airflow/example_dags/example_external_task_marker_dag.py
[2025-11-29T11:34:23.711+0000] {processor.py:914} INFO - Processing file /home/airflow/.local/lib/python3.12/site-packages/airflow/example_dags/example_external_task_marker_dag.py for tasks to queue
[2025-11-29T11:34:23.713+0000] {logging_mixin.py:190} INFO - [2025-11-29T11:34:23.713+0000] {dagbag.py:588} INFO - Filling up the DagBag from /home/airflow/.local/lib/python3.12/site-packages/airflow/example_dags/example_external_task_marker_dag.py
[2025-11-29T11:34:23.729+0000] {processor.py:925} INFO - DAG(s) 'example_external_task_marker_parent', 'example_external_task_marker_child' retrieved from /home/airflow/.local/lib/python3.12/site-packages/airflow/example_dags/example_external_task_marker_dag.py
[2025-11-29T11:34:23.764+0000] {logging_mixin.py:190} INFO - [2025-11-29T11:34:23.764+0000] {dag.py:3239} INFO - Sync 2 DAGs
[2025-11-29T11:34:23.783+0000] {logging_mixin.py:190} INFO - [2025-11-29T11:34:23.783+0000] {dag.py:4180} INFO - Setting next_dagrun for example_external_task_marker_child to None, run_after=None
[2025-11-29T11:34:23.788+0000] {logging_mixin.py:190} INFO - [2025-11-29T11:34:23.787+0000] {dag.py:4180} INFO - Setting next_dagrun for example_external_task_marker_parent to None, run_after=None
[2025-11-29T11:34:23.809+0000] {processor.py:208} INFO - Processing /home/airflow/.local/lib/python3.12/site-packages/airflow/example_dags/example_external_task_marker_dag.py took 0.109 seconds
[2025-11-29T11:34:54.562+0000] {processor.py:186} INFO - Started process (PID=2272) to work on /home/airflow/.local/lib/python3.12/site-packages/airflow/example_dags/example_external_task_marker_dag.py
[2025-11-29T11:34:54.563+0000] {processor.py:914} INFO - Processing file /home/airflow/.local/lib/python3.12/site-packages/airflow/example_dags/example_external_task_marker_dag.py for tasks to queue
[2025-11-29T11:34:54.565+0000] {logging_mixin.py:190} INFO - [2025-11-29T11:34:54.565+0000] {dagbag.py:588} INFO - Filling up the DagBag from /home/airflow/.local/lib/python3.12/site-packages/airflow/example_dags/example_external_task_marker_dag.py
[2025-11-29T11:34:54.578+0000] {processor.py:925} INFO - DAG(s) 'example_external_task_marker_parent', 'example_external_task_marker_child' retrieved from /home/airflow/.local/lib/python3.12/site-packages/airflow/example_dags/example_external_task_marker_dag.py
[2025-11-29T11:34:54.609+0000] {logging_mixin.py:190} INFO - [2025-11-29T11:34:54.608+0000] {dag.py:3239} INFO - Sync 2 DAGs
[2025-11-29T11:34:54.627+0000] {logging_mixin.py:190} INFO - [2025-11-29T11:34:54.627+0000] {dag.py:4180} INFO - Setting next_dagrun for example_external_task_marker_child to None, run_after=None
[2025-11-29T11:34:54.633+0000] {logging_mixin.py:190} INFO - [2025-11-29T11:34:54.633+0000] {dag.py:4180} INFO - Setting next_dagrun for example_external_task_marker_parent to None, run_after=None
[2025-11-29T11:34:54.653+0000] {processor.py:208} INFO - Processing /home/airflow/.local/lib/python3.12/site-packages/airflow/example_dags/example_external_task_marker_dag.py took 0.099 seconds
[2025-11-29T11:35:24.963+0000] {processor.py:186} INFO - Started process (PID=2341) to work on /home/airflow/.local/lib/python3.12/site-packages/airflow/example_dags/example_external_task_marker_dag.py
[2025-11-29T11:35:24.965+0000] {processor.py:914} INFO - Processing file /home/airflow/.local/lib/python3.12/site-packages/airflow/example_dags/example_external_task_marker_dag.py for tasks to queue
[2025-11-29T11:35:24.967+0000] {logging_mixin.py:190} INFO - [2025-11-29T11:35:24.966+0000] {dagbag.py:588} INFO - Filling up the DagBag from /home/airflow/.local/lib/python3.12/site-packages/airflow/example_dags/example_external_task_marker_dag.py
[2025-11-29T11:35:24.978+0000] {processor.py:925} INFO - DAG(s) 'example_external_task_marker_child', 'example_external_task_marker_parent' retrieved from /home/airflow/.local/lib/python3.12/site-packages/airflow/example_dags/example_external_task_marker_dag.py
[2025-11-29T11:35:25.007+0000] {logging_mixin.py:190} INFO - [2025-11-29T11:35:25.007+0000] {dag.py:3239} INFO - Sync 2 DAGs
[2025-11-29T11:35:25.026+0000] {logging_mixin.py:190} INFO - [2025-11-29T11:35:25.026+0000] {dag.py:4180} INFO - Setting next_dagrun for example_external_task_marker_child to None, run_after=None
[2025-11-29T11:35:25.031+0000] {logging_mixin.py:190} INFO - [2025-11-29T11:35:25.031+0000] {dag.py:4180} INFO - Setting next_dagrun for example_external_task_marker_parent to None, run_after=None
[2025-11-29T11:35:25.052+0000] {processor.py:208} INFO - Processing /home/airflow/.local/lib/python3.12/site-packages/airflow/example_dags/example_external_task_marker_dag.py took 0.096 seconds
[2025-11-29T11:35:55.700+0000] {processor.py:186} INFO - Started process (PID=2411) to work on /home/airflow/.local/lib/python3.12/site-packages/airflow/example_dags/example_external_task_marker_dag.py
[2025-11-29T11:35:55.702+0000] {processor.py:914} INFO - Processing file /home/airflow/.local/lib/python3.12/site-packages/airflow/example_dags/example_external_task_marker_dag.py for tasks to queue
[2025-11-29T11:35:55.704+0000] {logging_mixin.py:190} INFO - [2025-11-29T11:35:55.704+0000] {dagbag.py:588} INFO - Filling up the DagBag from /home/airflow/.local/lib/python3.12/site-packages/airflow/example_dags/example_external_task_marker_dag.py
[2025-11-29T11:35:55.718+0000] {processor.py:925} INFO - DAG(s) 'example_external_task_marker_child', 'example_external_task_marker_parent' retrieved from /home/airflow/.local/lib/python3.12/site-packages/airflow/example_dags/example_external_task_marker_dag.py
[2025-11-29T11:35:55.753+0000] {logging_mixin.py:190} INFO - [2025-11-29T11:35:55.753+0000] {dag.py:3239} INFO - Sync 2 DAGs
[2025-11-29T11:35:55.774+0000] {logging_mixin.py:190} INFO - [2025-11-29T11:35:55.774+0000] {dag.py:4180} INFO - Setting next_dagrun for example_external_task_marker_child to None, run_after=None
[2025-11-29T11:35:55.780+0000] {logging_mixin.py:190} INFO - [2025-11-29T11:35:55.780+0000] {dag.py:4180} INFO - Setting next_dagrun for example_external_task_marker_parent to None, run_after=None
[2025-11-29T11:35:55.805+0000] {processor.py:208} INFO - Processing /home/airflow/.local/lib/python3.12/site-packages/airflow/example_dags/example_external_task_marker_dag.py took 0.113 seconds
[2025-11-29T11:36:26.614+0000] {processor.py:186} INFO - Started process (PID=2479) to work on /home/airflow/.local/lib/python3.12/site-packages/airflow/example_dags/example_external_task_marker_dag.py
[2025-11-29T11:36:26.616+0000] {processor.py:914} INFO - Processing file /home/airflow/.local/lib/python3.12/site-packages/airflow/example_dags/example_external_task_marker_dag.py for tasks to queue
[2025-11-29T11:36:26.617+0000] {logging_mixin.py:190} INFO - [2025-11-29T11:36:26.617+0000] {dagbag.py:588} INFO - Filling up the DagBag from /home/airflow/.local/lib/python3.12/site-packages/airflow/example_dags/example_external_task_marker_dag.py
[2025-11-29T11:36:26.630+0000] {processor.py:925} INFO - DAG(s) 'example_external_task_marker_parent', 'example_external_task_marker_child' retrieved from /home/airflow/.local/lib/python3.12/site-packages/airflow/example_dags/example_external_task_marker_dag.py
[2025-11-29T11:36:26.659+0000] {logging_mixin.py:190} INFO - [2025-11-29T11:36:26.658+0000] {dag.py:3239} INFO - Sync 2 DAGs
[2025-11-29T11:36:26.676+0000] {logging_mixin.py:190} INFO - [2025-11-29T11:36:26.675+0000] {dag.py:4180} INFO - Setting next_dagrun for example_external_task_marker_child to None, run_after=None
[2025-11-29T11:36:26.680+0000] {logging_mixin.py:190} INFO - [2025-11-29T11:36:26.680+0000] {dag.py:4180} INFO - Setting next_dagrun for example_external_task_marker_parent to None, run_after=None
[2025-11-29T11:36:26.701+0000] {processor.py:208} INFO - Processing /home/airflow/.local/lib/python3.12/site-packages/airflow/example_dags/example_external_task_marker_dag.py took 0.094 seconds
[2025-11-29T11:36:57.395+0000] {processor.py:186} INFO - Started process (PID=2547) to work on /home/airflow/.local/lib/python3.12/site-packages/airflow/example_dags/example_external_task_marker_dag.py
[2025-11-29T11:36:57.396+0000] {processor.py:914} INFO - Processing file /home/airflow/.local/lib/python3.12/site-packages/airflow/example_dags/example_external_task_marker_dag.py for tasks to queue
[2025-11-29T11:36:57.398+0000] {logging_mixin.py:190} INFO - [2025-11-29T11:36:57.398+0000] {dagbag.py:588} INFO - Filling up the DagBag from /home/airflow/.local/lib/python3.12/site-packages/airflow/example_dags/example_external_task_marker_dag.py
[2025-11-29T11:36:57.411+0000] {processor.py:925} INFO - DAG(s) 'example_external_task_marker_child', 'example_external_task_marker_parent' retrieved from /home/airflow/.local/lib/python3.12/site-packages/airflow/example_dags/example_external_task_marker_dag.py
[2025-11-29T11:36:57.442+0000] {logging_mixin.py:190} INFO - [2025-11-29T11:36:57.441+0000] {dag.py:3239} INFO - Sync 2 DAGs
[2025-11-29T11:36:57.459+0000] {logging_mixin.py:190} INFO - [2025-11-29T11:36:57.459+0000] {dag.py:4180} INFO - Setting next_dagrun for example_external_task_marker_child to None, run_after=None
[2025-11-29T11:36:57.464+0000] {logging_mixin.py:190} INFO - [2025-11-29T11:36:57.464+0000] {dag.py:4180} INFO - Setting next_dagrun for example_external_task_marker_parent to None, run_after=None
[2025-11-29T11:36:57.485+0000] {processor.py:208} INFO - Processing /home/airflow/.local/lib/python3.12/site-packages/airflow/example_dags/example_external_task_marker_dag.py took 0.098 seconds
[2025-11-29T11:37:28.302+0000] {processor.py:186} INFO - Started process (PID=2615) to work on /home/airflow/.local/lib/python3.12/site-packages/airflow/example_dags/example_external_task_marker_dag.py
[2025-11-29T11:37:28.304+0000] {processor.py:914} INFO - Processing file /home/airflow/.local/lib/python3.12/site-packages/airflow/example_dags/example_external_task_marker_dag.py for tasks to queue
[2025-11-29T11:37:28.306+0000] {logging_mixin.py:190} INFO - [2025-11-29T11:37:28.306+0000] {dagbag.py:588} INFO - Filling up the DagBag from /home/airflow/.local/lib/python3.12/site-packages/airflow/example_dags/example_external_task_marker_dag.py
[2025-11-29T11:37:28.317+0000] {processor.py:925} INFO - DAG(s) 'example_external_task_marker_parent', 'example_external_task_marker_child' retrieved from /home/airflow/.local/lib/python3.12/site-packages/airflow/example_dags/example_external_task_marker_dag.py
[2025-11-29T11:37:28.347+0000] {logging_mixin.py:190} INFO - [2025-11-29T11:37:28.346+0000] {dag.py:3239} INFO - Sync 2 DAGs
[2025-11-29T11:37:28.365+0000] {logging_mixin.py:190} INFO - [2025-11-29T11:37:28.364+0000] {dag.py:4180} INFO - Setting next_dagrun for example_external_task_marker_child to None, run_after=None
[2025-11-29T11:37:28.369+0000] {logging_mixin.py:190} INFO - [2025-11-29T11:37:28.369+0000] {dag.py:4180} INFO - Setting next_dagrun for example_external_task_marker_parent to None, run_after=None
[2025-11-29T11:37:28.389+0000] {processor.py:208} INFO - Processing /home/airflow/.local/lib/python3.12/site-packages/airflow/example_dags/example_external_task_marker_dag.py took 0.095 seconds
