[2025-11-29T11:19:04.134+0000] {processor.py:186} INFO - Started process (PID=137) to work on /home/airflow/.local/lib/python3.12/site-packages/airflow/example_dags/example_branch_datetime_operator.py
[2025-11-29T11:19:04.136+0000] {processor.py:914} INFO - Processing file /home/airflow/.local/lib/python3.12/site-packages/airflow/example_dags/example_branch_datetime_operator.py for tasks to queue
[2025-11-29T11:19:04.140+0000] {logging_mixin.py:190} INFO - [2025-11-29T11:19:04.140+0000] {dagbag.py:588} INFO - Filling up the DagBag from /home/airflow/.local/lib/python3.12/site-packages/airflow/example_dags/example_branch_datetime_operator.py
[2025-11-29T11:19:04.161+0000] {processor.py:925} INFO - DAG(s) 'example_branch_datetime_operator_2', 'example_branch_datetime_operator', 'example_branch_datetime_operator_3' retrieved from /home/airflow/.local/lib/python3.12/site-packages/airflow/example_dags/example_branch_datetime_operator.py
[2025-11-29T11:19:04.309+0000] {logging_mixin.py:190} INFO - [2025-11-29T11:19:04.307+0000] {override.py:1911} INFO - Created Permission View: can delete on DAG:example_branch_datetime_operator_2
[2025-11-29T11:19:04.327+0000] {logging_mixin.py:190} INFO - [2025-11-29T11:19:04.326+0000] {override.py:1911} INFO - Created Permission View: can read on DAG:example_branch_datetime_operator_2
[2025-11-29T11:19:04.338+0000] {logging_mixin.py:190} INFO - [2025-11-29T11:19:04.337+0000] {override.py:1911} INFO - Created Permission View: can edit on DAG:example_branch_datetime_operator_2
[2025-11-29T11:19:04.351+0000] {logging_mixin.py:190} INFO - [2025-11-29T11:19:04.350+0000] {override.py:1911} INFO - Created Permission View: menu access on DAG Run:example_branch_datetime_operator_2
[2025-11-29T11:19:04.366+0000] {logging_mixin.py:190} INFO - [2025-11-29T11:19:04.365+0000] {override.py:1911} INFO - Created Permission View: can delete on DAG Run:example_branch_datetime_operator_2
[2025-11-29T11:19:04.382+0000] {logging_mixin.py:190} INFO - [2025-11-29T11:19:04.382+0000] {override.py:1911} INFO - Created Permission View: can read on DAG Run:example_branch_datetime_operator_2
[2025-11-29T11:19:04.400+0000] {logging_mixin.py:190} INFO - [2025-11-29T11:19:04.399+0000] {override.py:1911} INFO - Created Permission View: can create on DAG Run:example_branch_datetime_operator_2
[2025-11-29T11:19:04.428+0000] {logging_mixin.py:190} INFO - [2025-11-29T11:19:04.428+0000] {override.py:1911} INFO - Created Permission View: can delete on DAG:example_branch_datetime_operator
[2025-11-29T11:19:04.443+0000] {logging_mixin.py:190} INFO - [2025-11-29T11:19:04.442+0000] {override.py:1911} INFO - Created Permission View: can read on DAG:example_branch_datetime_operator
[2025-11-29T11:19:04.457+0000] {logging_mixin.py:190} INFO - [2025-11-29T11:19:04.457+0000] {override.py:1911} INFO - Created Permission View: can edit on DAG:example_branch_datetime_operator
[2025-11-29T11:19:04.474+0000] {logging_mixin.py:190} INFO - [2025-11-29T11:19:04.473+0000] {override.py:1911} INFO - Created Permission View: menu access on DAG Run:example_branch_datetime_operator
[2025-11-29T11:19:04.490+0000] {logging_mixin.py:190} INFO - [2025-11-29T11:19:04.489+0000] {override.py:1911} INFO - Created Permission View: can delete on DAG Run:example_branch_datetime_operator
[2025-11-29T11:19:04.504+0000] {logging_mixin.py:190} INFO - [2025-11-29T11:19:04.503+0000] {override.py:1911} INFO - Created Permission View: can read on DAG Run:example_branch_datetime_operator
[2025-11-29T11:19:04.519+0000] {logging_mixin.py:190} INFO - [2025-11-29T11:19:04.518+0000] {override.py:1911} INFO - Created Permission View: can create on DAG Run:example_branch_datetime_operator
[2025-11-29T11:19:04.550+0000] {logging_mixin.py:190} INFO - [2025-11-29T11:19:04.549+0000] {override.py:1911} INFO - Created Permission View: can delete on DAG:example_branch_datetime_operator_3
[2025-11-29T11:19:04.569+0000] {logging_mixin.py:190} INFO - [2025-11-29T11:19:04.568+0000] {override.py:1911} INFO - Created Permission View: can read on DAG:example_branch_datetime_operator_3
[2025-11-29T11:19:04.588+0000] {logging_mixin.py:190} INFO - [2025-11-29T11:19:04.588+0000] {override.py:1911} INFO - Created Permission View: can edit on DAG:example_branch_datetime_operator_3
[2025-11-29T11:19:04.605+0000] {logging_mixin.py:190} INFO - [2025-11-29T11:19:04.605+0000] {override.py:1911} INFO - Created Permission View: menu access on DAG Run:example_branch_datetime_operator_3
[2025-11-29T11:19:04.621+0000] {logging_mixin.py:190} INFO - [2025-11-29T11:19:04.620+0000] {override.py:1911} INFO - Created Permission View: can delete on DAG Run:example_branch_datetime_operator_3
[2025-11-29T11:19:04.638+0000] {logging_mixin.py:190} INFO - [2025-11-29T11:19:04.638+0000] {override.py:1911} INFO - Created Permission View: can read on DAG Run:example_branch_datetime_operator_3
[2025-11-29T11:19:04.655+0000] {logging_mixin.py:190} INFO - [2025-11-29T11:19:04.654+0000] {override.py:1911} INFO - Created Permission View: can create on DAG Run:example_branch_datetime_operator_3
[2025-11-29T11:19:04.658+0000] {logging_mixin.py:190} INFO - [2025-11-29T11:19:04.657+0000] {dag.py:3239} INFO - Sync 3 DAGs
[2025-11-29T11:19:04.719+0000] {logging_mixin.py:190} INFO - [2025-11-29T11:19:04.719+0000] {dag.py:3262} INFO - Creating ORM DAG for example_branch_datetime_operator
[2025-11-29T11:19:04.722+0000] {logging_mixin.py:190} INFO - [2025-11-29T11:19:04.721+0000] {dag.py:3262} INFO - Creating ORM DAG for example_branch_datetime_operator_3
[2025-11-29T11:19:04.724+0000] {logging_mixin.py:190} INFO - [2025-11-29T11:19:04.723+0000] {dag.py:3262} INFO - Creating ORM DAG for example_branch_datetime_operator_2
[2025-11-29T11:19:04.756+0000] {logging_mixin.py:190} INFO - [2025-11-29T11:19:04.756+0000] {dag.py:4180} INFO - Setting next_dagrun for example_branch_datetime_operator to 2025-11-28 00:00:00+00:00, run_after=2025-11-29 00:00:00+00:00
[2025-11-29T11:19:04.761+0000] {logging_mixin.py:190} INFO - [2025-11-29T11:19:04.760+0000] {dag.py:4180} INFO - Setting next_dagrun for example_branch_datetime_operator_2 to 2025-11-28 00:00:00+00:00, run_after=2025-11-29 00:00:00+00:00
[2025-11-29T11:19:04.765+0000] {logging_mixin.py:190} INFO - [2025-11-29T11:19:04.765+0000] {dag.py:4180} INFO - Setting next_dagrun for example_branch_datetime_operator_3 to 2025-11-28 00:00:00+00:00, run_after=2025-11-29 00:00:00+00:00
[2025-11-29T11:19:04.824+0000] {processor.py:208} INFO - Processing /home/airflow/.local/lib/python3.12/site-packages/airflow/example_dags/example_branch_datetime_operator.py took 0.696 seconds
[2025-11-29T11:19:35.103+0000] {processor.py:186} INFO - Started process (PID=205) to work on /home/airflow/.local/lib/python3.12/site-packages/airflow/example_dags/example_branch_datetime_operator.py
[2025-11-29T11:19:35.104+0000] {processor.py:914} INFO - Processing file /home/airflow/.local/lib/python3.12/site-packages/airflow/example_dags/example_branch_datetime_operator.py for tasks to queue
[2025-11-29T11:19:35.107+0000] {logging_mixin.py:190} INFO - [2025-11-29T11:19:35.107+0000] {dagbag.py:588} INFO - Filling up the DagBag from /home/airflow/.local/lib/python3.12/site-packages/airflow/example_dags/example_branch_datetime_operator.py
[2025-11-29T11:19:35.121+0000] {processor.py:925} INFO - DAG(s) 'example_branch_datetime_operator_2', 'example_branch_datetime_operator', 'example_branch_datetime_operator_3' retrieved from /home/airflow/.local/lib/python3.12/site-packages/airflow/example_dags/example_branch_datetime_operator.py
[2025-11-29T11:19:35.155+0000] {logging_mixin.py:190} INFO - [2025-11-29T11:19:35.154+0000] {dag.py:3239} INFO - Sync 3 DAGs
[2025-11-29T11:19:35.181+0000] {logging_mixin.py:190} INFO - [2025-11-29T11:19:35.180+0000] {dag.py:4180} INFO - Setting next_dagrun for example_branch_datetime_operator to 2025-11-28 00:00:00+00:00, run_after=2025-11-29 00:00:00+00:00
[2025-11-29T11:19:35.186+0000] {logging_mixin.py:190} INFO - [2025-11-29T11:19:35.186+0000] {dag.py:4180} INFO - Setting next_dagrun for example_branch_datetime_operator_2 to 2025-11-28 00:00:00+00:00, run_after=2025-11-29 00:00:00+00:00
[2025-11-29T11:19:35.189+0000] {logging_mixin.py:190} INFO - [2025-11-29T11:19:35.189+0000] {dag.py:4180} INFO - Setting next_dagrun for example_branch_datetime_operator_3 to 2025-11-28 00:00:00+00:00, run_after=2025-11-29 00:00:00+00:00
[2025-11-29T11:19:35.207+0000] {processor.py:208} INFO - Processing /home/airflow/.local/lib/python3.12/site-packages/airflow/example_dags/example_branch_datetime_operator.py took 0.113 seconds
[2025-11-29T11:20:05.388+0000] {processor.py:186} INFO - Started process (PID=273) to work on /home/airflow/.local/lib/python3.12/site-packages/airflow/example_dags/example_branch_datetime_operator.py
[2025-11-29T11:20:05.389+0000] {processor.py:914} INFO - Processing file /home/airflow/.local/lib/python3.12/site-packages/airflow/example_dags/example_branch_datetime_operator.py for tasks to queue
[2025-11-29T11:20:05.393+0000] {logging_mixin.py:190} INFO - [2025-11-29T11:20:05.393+0000] {dagbag.py:588} INFO - Filling up the DagBag from /home/airflow/.local/lib/python3.12/site-packages/airflow/example_dags/example_branch_datetime_operator.py
[2025-11-29T11:20:05.407+0000] {processor.py:925} INFO - DAG(s) 'example_branch_datetime_operator', 'example_branch_datetime_operator_2', 'example_branch_datetime_operator_3' retrieved from /home/airflow/.local/lib/python3.12/site-packages/airflow/example_dags/example_branch_datetime_operator.py
[2025-11-29T11:20:05.439+0000] {logging_mixin.py:190} INFO - [2025-11-29T11:20:05.438+0000] {dag.py:3239} INFO - Sync 3 DAGs
[2025-11-29T11:20:05.464+0000] {logging_mixin.py:190} INFO - [2025-11-29T11:20:05.463+0000] {dag.py:4180} INFO - Setting next_dagrun for example_branch_datetime_operator to 2025-11-28 00:00:00+00:00, run_after=2025-11-29 00:00:00+00:00
[2025-11-29T11:20:05.469+0000] {logging_mixin.py:190} INFO - [2025-11-29T11:20:05.469+0000] {dag.py:4180} INFO - Setting next_dagrun for example_branch_datetime_operator_2 to 2025-11-28 00:00:00+00:00, run_after=2025-11-29 00:00:00+00:00
[2025-11-29T11:20:05.472+0000] {logging_mixin.py:190} INFO - [2025-11-29T11:20:05.472+0000] {dag.py:4180} INFO - Setting next_dagrun for example_branch_datetime_operator_3 to 2025-11-28 00:00:00+00:00, run_after=2025-11-29 00:00:00+00:00
[2025-11-29T11:20:05.491+0000] {processor.py:208} INFO - Processing /home/airflow/.local/lib/python3.12/site-packages/airflow/example_dags/example_branch_datetime_operator.py took 0.111 seconds
[2025-11-29T11:20:35.734+0000] {processor.py:186} INFO - Started process (PID=342) to work on /home/airflow/.local/lib/python3.12/site-packages/airflow/example_dags/example_branch_datetime_operator.py
[2025-11-29T11:20:35.736+0000] {processor.py:914} INFO - Processing file /home/airflow/.local/lib/python3.12/site-packages/airflow/example_dags/example_branch_datetime_operator.py for tasks to queue
[2025-11-29T11:20:35.740+0000] {logging_mixin.py:190} INFO - [2025-11-29T11:20:35.739+0000] {dagbag.py:588} INFO - Filling up the DagBag from /home/airflow/.local/lib/python3.12/site-packages/airflow/example_dags/example_branch_datetime_operator.py
[2025-11-29T11:20:35.754+0000] {processor.py:925} INFO - DAG(s) 'example_branch_datetime_operator_2', 'example_branch_datetime_operator_3', 'example_branch_datetime_operator' retrieved from /home/airflow/.local/lib/python3.12/site-packages/airflow/example_dags/example_branch_datetime_operator.py
[2025-11-29T11:20:35.788+0000] {logging_mixin.py:190} INFO - [2025-11-29T11:20:35.787+0000] {dag.py:3239} INFO - Sync 3 DAGs
[2025-11-29T11:20:35.815+0000] {logging_mixin.py:190} INFO - [2025-11-29T11:20:35.815+0000] {dag.py:4180} INFO - Setting next_dagrun for example_branch_datetime_operator to 2025-11-28 00:00:00+00:00, run_after=2025-11-29 00:00:00+00:00
[2025-11-29T11:20:35.820+0000] {logging_mixin.py:190} INFO - [2025-11-29T11:20:35.820+0000] {dag.py:4180} INFO - Setting next_dagrun for example_branch_datetime_operator_2 to 2025-11-28 00:00:00+00:00, run_after=2025-11-29 00:00:00+00:00
[2025-11-29T11:20:35.823+0000] {logging_mixin.py:190} INFO - [2025-11-29T11:20:35.823+0000] {dag.py:4180} INFO - Setting next_dagrun for example_branch_datetime_operator_3 to 2025-11-28 00:00:00+00:00, run_after=2025-11-29 00:00:00+00:00
[2025-11-29T11:20:35.843+0000] {processor.py:208} INFO - Processing /home/airflow/.local/lib/python3.12/site-packages/airflow/example_dags/example_branch_datetime_operator.py took 0.115 seconds
[2025-11-29T11:21:06.628+0000] {processor.py:186} INFO - Started process (PID=411) to work on /home/airflow/.local/lib/python3.12/site-packages/airflow/example_dags/example_branch_datetime_operator.py
[2025-11-29T11:21:06.629+0000] {processor.py:914} INFO - Processing file /home/airflow/.local/lib/python3.12/site-packages/airflow/example_dags/example_branch_datetime_operator.py for tasks to queue
[2025-11-29T11:21:06.633+0000] {logging_mixin.py:190} INFO - [2025-11-29T11:21:06.633+0000] {dagbag.py:588} INFO - Filling up the DagBag from /home/airflow/.local/lib/python3.12/site-packages/airflow/example_dags/example_branch_datetime_operator.py
[2025-11-29T11:21:06.650+0000] {processor.py:925} INFO - DAG(s) 'example_branch_datetime_operator_2', 'example_branch_datetime_operator', 'example_branch_datetime_operator_3' retrieved from /home/airflow/.local/lib/python3.12/site-packages/airflow/example_dags/example_branch_datetime_operator.py
[2025-11-29T11:21:06.686+0000] {logging_mixin.py:190} INFO - [2025-11-29T11:21:06.685+0000] {dag.py:3239} INFO - Sync 3 DAGs
[2025-11-29T11:21:06.714+0000] {logging_mixin.py:190} INFO - [2025-11-29T11:21:06.714+0000] {dag.py:4180} INFO - Setting next_dagrun for example_branch_datetime_operator to 2025-11-28 00:00:00+00:00, run_after=2025-11-29 00:00:00+00:00
[2025-11-29T11:21:06.721+0000] {logging_mixin.py:190} INFO - [2025-11-29T11:21:06.721+0000] {dag.py:4180} INFO - Setting next_dagrun for example_branch_datetime_operator_2 to 2025-11-28 00:00:00+00:00, run_after=2025-11-29 00:00:00+00:00
[2025-11-29T11:21:06.724+0000] {logging_mixin.py:190} INFO - [2025-11-29T11:21:06.724+0000] {dag.py:4180} INFO - Setting next_dagrun for example_branch_datetime_operator_3 to 2025-11-28 00:00:00+00:00, run_after=2025-11-29 00:00:00+00:00
[2025-11-29T11:21:06.749+0000] {processor.py:208} INFO - Processing /home/airflow/.local/lib/python3.12/site-packages/airflow/example_dags/example_branch_datetime_operator.py took 0.129 seconds
[2025-11-29T11:21:37.277+0000] {processor.py:186} INFO - Started process (PID=479) to work on /home/airflow/.local/lib/python3.12/site-packages/airflow/example_dags/example_branch_datetime_operator.py
[2025-11-29T11:21:37.279+0000] {processor.py:914} INFO - Processing file /home/airflow/.local/lib/python3.12/site-packages/airflow/example_dags/example_branch_datetime_operator.py for tasks to queue
[2025-11-29T11:21:37.283+0000] {logging_mixin.py:190} INFO - [2025-11-29T11:21:37.283+0000] {dagbag.py:588} INFO - Filling up the DagBag from /home/airflow/.local/lib/python3.12/site-packages/airflow/example_dags/example_branch_datetime_operator.py
[2025-11-29T11:21:37.308+0000] {processor.py:925} INFO - DAG(s) 'example_branch_datetime_operator_2', 'example_branch_datetime_operator', 'example_branch_datetime_operator_3' retrieved from /home/airflow/.local/lib/python3.12/site-packages/airflow/example_dags/example_branch_datetime_operator.py
[2025-11-29T11:21:37.353+0000] {logging_mixin.py:190} INFO - [2025-11-29T11:21:37.352+0000] {dag.py:3239} INFO - Sync 3 DAGs
[2025-11-29T11:21:37.391+0000] {logging_mixin.py:190} INFO - [2025-11-29T11:21:37.391+0000] {dag.py:4180} INFO - Setting next_dagrun for example_branch_datetime_operator to 2025-11-28 00:00:00+00:00, run_after=2025-11-29 00:00:00+00:00
[2025-11-29T11:21:37.398+0000] {logging_mixin.py:190} INFO - [2025-11-29T11:21:37.398+0000] {dag.py:4180} INFO - Setting next_dagrun for example_branch_datetime_operator_2 to 2025-11-28 00:00:00+00:00, run_after=2025-11-29 00:00:00+00:00
[2025-11-29T11:21:37.402+0000] {logging_mixin.py:190} INFO - [2025-11-29T11:21:37.401+0000] {dag.py:4180} INFO - Setting next_dagrun for example_branch_datetime_operator_3 to 2025-11-28 00:00:00+00:00, run_after=2025-11-29 00:00:00+00:00
[2025-11-29T11:21:37.425+0000] {processor.py:208} INFO - Processing /home/airflow/.local/lib/python3.12/site-packages/airflow/example_dags/example_branch_datetime_operator.py took 0.160 seconds
[2025-11-29T11:22:07.836+0000] {processor.py:186} INFO - Started process (PID=548) to work on /home/airflow/.local/lib/python3.12/site-packages/airflow/example_dags/example_branch_datetime_operator.py
[2025-11-29T11:22:07.837+0000] {processor.py:914} INFO - Processing file /home/airflow/.local/lib/python3.12/site-packages/airflow/example_dags/example_branch_datetime_operator.py for tasks to queue
[2025-11-29T11:22:07.840+0000] {logging_mixin.py:190} INFO - [2025-11-29T11:22:07.840+0000] {dagbag.py:588} INFO - Filling up the DagBag from /home/airflow/.local/lib/python3.12/site-packages/airflow/example_dags/example_branch_datetime_operator.py
[2025-11-29T11:22:07.854+0000] {processor.py:925} INFO - DAG(s) 'example_branch_datetime_operator', 'example_branch_datetime_operator_3', 'example_branch_datetime_operator_2' retrieved from /home/airflow/.local/lib/python3.12/site-packages/airflow/example_dags/example_branch_datetime_operator.py
[2025-11-29T11:22:07.891+0000] {logging_mixin.py:190} INFO - [2025-11-29T11:22:07.891+0000] {dag.py:3239} INFO - Sync 3 DAGs
[2025-11-29T11:22:07.918+0000] {logging_mixin.py:190} INFO - [2025-11-29T11:22:07.918+0000] {dag.py:4180} INFO - Setting next_dagrun for example_branch_datetime_operator to 2025-11-28 00:00:00+00:00, run_after=2025-11-29 00:00:00+00:00
[2025-11-29T11:22:07.924+0000] {logging_mixin.py:190} INFO - [2025-11-29T11:22:07.924+0000] {dag.py:4180} INFO - Setting next_dagrun for example_branch_datetime_operator_2 to 2025-11-28 00:00:00+00:00, run_after=2025-11-29 00:00:00+00:00
[2025-11-29T11:22:07.927+0000] {logging_mixin.py:190} INFO - [2025-11-29T11:22:07.927+0000] {dag.py:4180} INFO - Setting next_dagrun for example_branch_datetime_operator_3 to 2025-11-28 00:00:00+00:00, run_after=2025-11-29 00:00:00+00:00
[2025-11-29T11:22:07.948+0000] {processor.py:208} INFO - Processing /home/airflow/.local/lib/python3.12/site-packages/airflow/example_dags/example_branch_datetime_operator.py took 0.120 seconds
[2025-11-29T11:22:39.159+0000] {processor.py:186} INFO - Started process (PID=617) to work on /home/airflow/.local/lib/python3.12/site-packages/airflow/example_dags/example_branch_datetime_operator.py
[2025-11-29T11:22:39.160+0000] {processor.py:914} INFO - Processing file /home/airflow/.local/lib/python3.12/site-packages/airflow/example_dags/example_branch_datetime_operator.py for tasks to queue
[2025-11-29T11:22:39.164+0000] {logging_mixin.py:190} INFO - [2025-11-29T11:22:39.164+0000] {dagbag.py:588} INFO - Filling up the DagBag from /home/airflow/.local/lib/python3.12/site-packages/airflow/example_dags/example_branch_datetime_operator.py
[2025-11-29T11:22:39.180+0000] {processor.py:925} INFO - DAG(s) 'example_branch_datetime_operator_3', 'example_branch_datetime_operator_2', 'example_branch_datetime_operator' retrieved from /home/airflow/.local/lib/python3.12/site-packages/airflow/example_dags/example_branch_datetime_operator.py
[2025-11-29T11:22:39.222+0000] {logging_mixin.py:190} INFO - [2025-11-29T11:22:39.221+0000] {dag.py:3239} INFO - Sync 3 DAGs
[2025-11-29T11:22:39.251+0000] {logging_mixin.py:190} INFO - [2025-11-29T11:22:39.251+0000] {dag.py:4180} INFO - Setting next_dagrun for example_branch_datetime_operator to 2025-11-28 00:00:00+00:00, run_after=2025-11-29 00:00:00+00:00
[2025-11-29T11:22:39.257+0000] {logging_mixin.py:190} INFO - [2025-11-29T11:22:39.256+0000] {dag.py:4180} INFO - Setting next_dagrun for example_branch_datetime_operator_2 to 2025-11-28 00:00:00+00:00, run_after=2025-11-29 00:00:00+00:00
[2025-11-29T11:22:39.260+0000] {logging_mixin.py:190} INFO - [2025-11-29T11:22:39.260+0000] {dag.py:4180} INFO - Setting next_dagrun for example_branch_datetime_operator_3 to 2025-11-28 00:00:00+00:00, run_after=2025-11-29 00:00:00+00:00
[2025-11-29T11:22:39.283+0000] {processor.py:208} INFO - Processing /home/airflow/.local/lib/python3.12/site-packages/airflow/example_dags/example_branch_datetime_operator.py took 0.132 seconds
[2025-11-29T11:23:09.874+0000] {processor.py:186} INFO - Started process (PID=685) to work on /home/airflow/.local/lib/python3.12/site-packages/airflow/example_dags/example_branch_datetime_operator.py
[2025-11-29T11:23:09.876+0000] {processor.py:914} INFO - Processing file /home/airflow/.local/lib/python3.12/site-packages/airflow/example_dags/example_branch_datetime_operator.py for tasks to queue
[2025-11-29T11:23:09.880+0000] {logging_mixin.py:190} INFO - [2025-11-29T11:23:09.879+0000] {dagbag.py:588} INFO - Filling up the DagBag from /home/airflow/.local/lib/python3.12/site-packages/airflow/example_dags/example_branch_datetime_operator.py
[2025-11-29T11:23:09.900+0000] {processor.py:925} INFO - DAG(s) 'example_branch_datetime_operator', 'example_branch_datetime_operator_2', 'example_branch_datetime_operator_3' retrieved from /home/airflow/.local/lib/python3.12/site-packages/airflow/example_dags/example_branch_datetime_operator.py
[2025-11-29T11:23:09.947+0000] {logging_mixin.py:190} INFO - [2025-11-29T11:23:09.946+0000] {dag.py:3239} INFO - Sync 3 DAGs
[2025-11-29T11:23:09.984+0000] {logging_mixin.py:190} INFO - [2025-11-29T11:23:09.984+0000] {dag.py:4180} INFO - Setting next_dagrun for example_branch_datetime_operator to 2025-11-28 00:00:00+00:00, run_after=2025-11-29 00:00:00+00:00
[2025-11-29T11:23:09.991+0000] {logging_mixin.py:190} INFO - [2025-11-29T11:23:09.991+0000] {dag.py:4180} INFO - Setting next_dagrun for example_branch_datetime_operator_2 to 2025-11-28 00:00:00+00:00, run_after=2025-11-29 00:00:00+00:00
[2025-11-29T11:23:09.995+0000] {logging_mixin.py:190} INFO - [2025-11-29T11:23:09.994+0000] {dag.py:4180} INFO - Setting next_dagrun for example_branch_datetime_operator_3 to 2025-11-28 00:00:00+00:00, run_after=2025-11-29 00:00:00+00:00
[2025-11-29T11:23:10.025+0000] {processor.py:208} INFO - Processing /home/airflow/.local/lib/python3.12/site-packages/airflow/example_dags/example_branch_datetime_operator.py took 0.158 seconds
[2025-11-29T11:23:40.205+0000] {processor.py:186} INFO - Started process (PID=753) to work on /home/airflow/.local/lib/python3.12/site-packages/airflow/example_dags/example_branch_datetime_operator.py
[2025-11-29T11:23:40.206+0000] {processor.py:914} INFO - Processing file /home/airflow/.local/lib/python3.12/site-packages/airflow/example_dags/example_branch_datetime_operator.py for tasks to queue
[2025-11-29T11:23:40.209+0000] {logging_mixin.py:190} INFO - [2025-11-29T11:23:40.209+0000] {dagbag.py:588} INFO - Filling up the DagBag from /home/airflow/.local/lib/python3.12/site-packages/airflow/example_dags/example_branch_datetime_operator.py
[2025-11-29T11:23:40.223+0000] {processor.py:925} INFO - DAG(s) 'example_branch_datetime_operator_3', 'example_branch_datetime_operator', 'example_branch_datetime_operator_2' retrieved from /home/airflow/.local/lib/python3.12/site-packages/airflow/example_dags/example_branch_datetime_operator.py
[2025-11-29T11:23:40.258+0000] {logging_mixin.py:190} INFO - [2025-11-29T11:23:40.258+0000] {dag.py:3239} INFO - Sync 3 DAGs
[2025-11-29T11:23:40.286+0000] {logging_mixin.py:190} INFO - [2025-11-29T11:23:40.285+0000] {dag.py:4180} INFO - Setting next_dagrun for example_branch_datetime_operator to 2025-11-28 00:00:00+00:00, run_after=2025-11-29 00:00:00+00:00
[2025-11-29T11:23:40.291+0000] {logging_mixin.py:190} INFO - [2025-11-29T11:23:40.291+0000] {dag.py:4180} INFO - Setting next_dagrun for example_branch_datetime_operator_2 to 2025-11-28 00:00:00+00:00, run_after=2025-11-29 00:00:00+00:00
[2025-11-29T11:23:40.294+0000] {logging_mixin.py:190} INFO - [2025-11-29T11:23:40.294+0000] {dag.py:4180} INFO - Setting next_dagrun for example_branch_datetime_operator_3 to 2025-11-28 00:00:00+00:00, run_after=2025-11-29 00:00:00+00:00
[2025-11-29T11:23:40.314+0000] {processor.py:208} INFO - Processing /home/airflow/.local/lib/python3.12/site-packages/airflow/example_dags/example_branch_datetime_operator.py took 0.116 seconds
[2025-11-29T11:24:10.547+0000] {processor.py:186} INFO - Started process (PID=822) to work on /home/airflow/.local/lib/python3.12/site-packages/airflow/example_dags/example_branch_datetime_operator.py
[2025-11-29T11:24:10.549+0000] {processor.py:914} INFO - Processing file /home/airflow/.local/lib/python3.12/site-packages/airflow/example_dags/example_branch_datetime_operator.py for tasks to queue
[2025-11-29T11:24:10.551+0000] {logging_mixin.py:190} INFO - [2025-11-29T11:24:10.550+0000] {dagbag.py:588} INFO - Filling up the DagBag from /home/airflow/.local/lib/python3.12/site-packages/airflow/example_dags/example_branch_datetime_operator.py
[2025-11-29T11:24:10.566+0000] {processor.py:925} INFO - DAG(s) 'example_branch_datetime_operator', 'example_branch_datetime_operator_2', 'example_branch_datetime_operator_3' retrieved from /home/airflow/.local/lib/python3.12/site-packages/airflow/example_dags/example_branch_datetime_operator.py
[2025-11-29T11:24:10.600+0000] {logging_mixin.py:190} INFO - [2025-11-29T11:24:10.600+0000] {dag.py:3239} INFO - Sync 3 DAGs
[2025-11-29T11:24:10.632+0000] {logging_mixin.py:190} INFO - [2025-11-29T11:24:10.632+0000] {dag.py:4180} INFO - Setting next_dagrun for example_branch_datetime_operator to 2025-11-28 00:00:00+00:00, run_after=2025-11-29 00:00:00+00:00
[2025-11-29T11:24:10.639+0000] {logging_mixin.py:190} INFO - [2025-11-29T11:24:10.639+0000] {dag.py:4180} INFO - Setting next_dagrun for example_branch_datetime_operator_2 to 2025-11-28 00:00:00+00:00, run_after=2025-11-29 00:00:00+00:00
[2025-11-29T11:24:10.643+0000] {logging_mixin.py:190} INFO - [2025-11-29T11:24:10.643+0000] {dag.py:4180} INFO - Setting next_dagrun for example_branch_datetime_operator_3 to 2025-11-28 00:00:00+00:00, run_after=2025-11-29 00:00:00+00:00
[2025-11-29T11:24:10.670+0000] {processor.py:208} INFO - Processing /home/airflow/.local/lib/python3.12/site-packages/airflow/example_dags/example_branch_datetime_operator.py took 0.130 seconds
[2025-11-29T11:24:40.858+0000] {processor.py:186} INFO - Started process (PID=890) to work on /home/airflow/.local/lib/python3.12/site-packages/airflow/example_dags/example_branch_datetime_operator.py
[2025-11-29T11:24:40.859+0000] {processor.py:914} INFO - Processing file /home/airflow/.local/lib/python3.12/site-packages/airflow/example_dags/example_branch_datetime_operator.py for tasks to queue
[2025-11-29T11:24:40.861+0000] {logging_mixin.py:190} INFO - [2025-11-29T11:24:40.860+0000] {dagbag.py:588} INFO - Filling up the DagBag from /home/airflow/.local/lib/python3.12/site-packages/airflow/example_dags/example_branch_datetime_operator.py
[2025-11-29T11:24:40.874+0000] {processor.py:925} INFO - DAG(s) 'example_branch_datetime_operator_2', 'example_branch_datetime_operator_3', 'example_branch_datetime_operator' retrieved from /home/airflow/.local/lib/python3.12/site-packages/airflow/example_dags/example_branch_datetime_operator.py
[2025-11-29T11:24:40.908+0000] {logging_mixin.py:190} INFO - [2025-11-29T11:24:40.908+0000] {dag.py:3239} INFO - Sync 3 DAGs
[2025-11-29T11:24:40.935+0000] {logging_mixin.py:190} INFO - [2025-11-29T11:24:40.935+0000] {dag.py:4180} INFO - Setting next_dagrun for example_branch_datetime_operator to 2025-11-28 00:00:00+00:00, run_after=2025-11-29 00:00:00+00:00
[2025-11-29T11:24:40.940+0000] {logging_mixin.py:190} INFO - [2025-11-29T11:24:40.940+0000] {dag.py:4180} INFO - Setting next_dagrun for example_branch_datetime_operator_2 to 2025-11-28 00:00:00+00:00, run_after=2025-11-29 00:00:00+00:00
[2025-11-29T11:24:40.943+0000] {logging_mixin.py:190} INFO - [2025-11-29T11:24:40.943+0000] {dag.py:4180} INFO - Setting next_dagrun for example_branch_datetime_operator_3 to 2025-11-28 00:00:00+00:00, run_after=2025-11-29 00:00:00+00:00
[2025-11-29T11:24:40.966+0000] {processor.py:208} INFO - Processing /home/airflow/.local/lib/python3.12/site-packages/airflow/example_dags/example_branch_datetime_operator.py took 0.115 seconds
[2025-11-29T11:25:11.891+0000] {processor.py:186} INFO - Started process (PID=958) to work on /home/airflow/.local/lib/python3.12/site-packages/airflow/example_dags/example_branch_datetime_operator.py
[2025-11-29T11:25:11.893+0000] {processor.py:914} INFO - Processing file /home/airflow/.local/lib/python3.12/site-packages/airflow/example_dags/example_branch_datetime_operator.py for tasks to queue
[2025-11-29T11:25:11.895+0000] {logging_mixin.py:190} INFO - [2025-11-29T11:25:11.895+0000] {dagbag.py:588} INFO - Filling up the DagBag from /home/airflow/.local/lib/python3.12/site-packages/airflow/example_dags/example_branch_datetime_operator.py
[2025-11-29T11:25:11.908+0000] {processor.py:925} INFO - DAG(s) 'example_branch_datetime_operator', 'example_branch_datetime_operator_2', 'example_branch_datetime_operator_3' retrieved from /home/airflow/.local/lib/python3.12/site-packages/airflow/example_dags/example_branch_datetime_operator.py
[2025-11-29T11:25:11.943+0000] {logging_mixin.py:190} INFO - [2025-11-29T11:25:11.943+0000] {dag.py:3239} INFO - Sync 3 DAGs
[2025-11-29T11:25:11.972+0000] {logging_mixin.py:190} INFO - [2025-11-29T11:25:11.972+0000] {dag.py:4180} INFO - Setting next_dagrun for example_branch_datetime_operator to 2025-11-28 00:00:00+00:00, run_after=2025-11-29 00:00:00+00:00
[2025-11-29T11:25:11.977+0000] {logging_mixin.py:190} INFO - [2025-11-29T11:25:11.977+0000] {dag.py:4180} INFO - Setting next_dagrun for example_branch_datetime_operator_2 to 2025-11-28 00:00:00+00:00, run_after=2025-11-29 00:00:00+00:00
[2025-11-29T11:25:11.980+0000] {logging_mixin.py:190} INFO - [2025-11-29T11:25:11.980+0000] {dag.py:4180} INFO - Setting next_dagrun for example_branch_datetime_operator_3 to 2025-11-28 00:00:00+00:00, run_after=2025-11-29 00:00:00+00:00
[2025-11-29T11:25:11.999+0000] {processor.py:208} INFO - Processing /home/airflow/.local/lib/python3.12/site-packages/airflow/example_dags/example_branch_datetime_operator.py took 0.115 seconds
[2025-11-29T11:25:42.109+0000] {processor.py:186} INFO - Started process (PID=1026) to work on /home/airflow/.local/lib/python3.12/site-packages/airflow/example_dags/example_branch_datetime_operator.py
[2025-11-29T11:25:42.110+0000] {processor.py:914} INFO - Processing file /home/airflow/.local/lib/python3.12/site-packages/airflow/example_dags/example_branch_datetime_operator.py for tasks to queue
[2025-11-29T11:25:42.112+0000] {logging_mixin.py:190} INFO - [2025-11-29T11:25:42.112+0000] {dagbag.py:588} INFO - Filling up the DagBag from /home/airflow/.local/lib/python3.12/site-packages/airflow/example_dags/example_branch_datetime_operator.py
[2025-11-29T11:25:42.127+0000] {processor.py:925} INFO - DAG(s) 'example_branch_datetime_operator_3', 'example_branch_datetime_operator_2', 'example_branch_datetime_operator' retrieved from /home/airflow/.local/lib/python3.12/site-packages/airflow/example_dags/example_branch_datetime_operator.py
[2025-11-29T11:25:42.163+0000] {logging_mixin.py:190} INFO - [2025-11-29T11:25:42.163+0000] {dag.py:3239} INFO - Sync 3 DAGs
[2025-11-29T11:25:42.192+0000] {logging_mixin.py:190} INFO - [2025-11-29T11:25:42.191+0000] {dag.py:4180} INFO - Setting next_dagrun for example_branch_datetime_operator to 2025-11-28 00:00:00+00:00, run_after=2025-11-29 00:00:00+00:00
[2025-11-29T11:25:42.197+0000] {logging_mixin.py:190} INFO - [2025-11-29T11:25:42.197+0000] {dag.py:4180} INFO - Setting next_dagrun for example_branch_datetime_operator_2 to 2025-11-28 00:00:00+00:00, run_after=2025-11-29 00:00:00+00:00
[2025-11-29T11:25:42.200+0000] {logging_mixin.py:190} INFO - [2025-11-29T11:25:42.200+0000] {dag.py:4180} INFO - Setting next_dagrun for example_branch_datetime_operator_3 to 2025-11-28 00:00:00+00:00, run_after=2025-11-29 00:00:00+00:00
[2025-11-29T11:25:42.220+0000] {processor.py:208} INFO - Processing /home/airflow/.local/lib/python3.12/site-packages/airflow/example_dags/example_branch_datetime_operator.py took 0.118 seconds
[2025-11-29T11:26:12.665+0000] {processor.py:186} INFO - Started process (PID=1095) to work on /home/airflow/.local/lib/python3.12/site-packages/airflow/example_dags/example_branch_datetime_operator.py
[2025-11-29T11:26:12.667+0000] {processor.py:914} INFO - Processing file /home/airflow/.local/lib/python3.12/site-packages/airflow/example_dags/example_branch_datetime_operator.py for tasks to queue
[2025-11-29T11:26:12.668+0000] {logging_mixin.py:190} INFO - [2025-11-29T11:26:12.668+0000] {dagbag.py:588} INFO - Filling up the DagBag from /home/airflow/.local/lib/python3.12/site-packages/airflow/example_dags/example_branch_datetime_operator.py
[2025-11-29T11:26:12.683+0000] {processor.py:925} INFO - DAG(s) 'example_branch_datetime_operator_2', 'example_branch_datetime_operator_3', 'example_branch_datetime_operator' retrieved from /home/airflow/.local/lib/python3.12/site-packages/airflow/example_dags/example_branch_datetime_operator.py
[2025-11-29T11:26:12.717+0000] {logging_mixin.py:190} INFO - [2025-11-29T11:26:12.717+0000] {dag.py:3239} INFO - Sync 3 DAGs
[2025-11-29T11:26:12.746+0000] {logging_mixin.py:190} INFO - [2025-11-29T11:26:12.746+0000] {dag.py:4180} INFO - Setting next_dagrun for example_branch_datetime_operator to 2025-11-28 00:00:00+00:00, run_after=2025-11-29 00:00:00+00:00
[2025-11-29T11:26:12.752+0000] {logging_mixin.py:190} INFO - [2025-11-29T11:26:12.752+0000] {dag.py:4180} INFO - Setting next_dagrun for example_branch_datetime_operator_2 to 2025-11-28 00:00:00+00:00, run_after=2025-11-29 00:00:00+00:00
[2025-11-29T11:26:12.756+0000] {logging_mixin.py:190} INFO - [2025-11-29T11:26:12.755+0000] {dag.py:4180} INFO - Setting next_dagrun for example_branch_datetime_operator_3 to 2025-11-28 00:00:00+00:00, run_after=2025-11-29 00:00:00+00:00
[2025-11-29T11:26:12.778+0000] {processor.py:208} INFO - Processing /home/airflow/.local/lib/python3.12/site-packages/airflow/example_dags/example_branch_datetime_operator.py took 0.121 seconds
[2025-11-29T11:26:43.074+0000] {processor.py:186} INFO - Started process (PID=1163) to work on /home/airflow/.local/lib/python3.12/site-packages/airflow/example_dags/example_branch_datetime_operator.py
[2025-11-29T11:26:43.075+0000] {processor.py:914} INFO - Processing file /home/airflow/.local/lib/python3.12/site-packages/airflow/example_dags/example_branch_datetime_operator.py for tasks to queue
[2025-11-29T11:26:43.076+0000] {logging_mixin.py:190} INFO - [2025-11-29T11:26:43.076+0000] {dagbag.py:588} INFO - Filling up the DagBag from /home/airflow/.local/lib/python3.12/site-packages/airflow/example_dags/example_branch_datetime_operator.py
[2025-11-29T11:26:43.092+0000] {processor.py:925} INFO - DAG(s) 'example_branch_datetime_operator_3', 'example_branch_datetime_operator_2', 'example_branch_datetime_operator' retrieved from /home/airflow/.local/lib/python3.12/site-packages/airflow/example_dags/example_branch_datetime_operator.py
[2025-11-29T11:26:43.130+0000] {logging_mixin.py:190} INFO - [2025-11-29T11:26:43.130+0000] {dag.py:3239} INFO - Sync 3 DAGs
[2025-11-29T11:26:43.169+0000] {logging_mixin.py:190} INFO - [2025-11-29T11:26:43.169+0000] {dag.py:4180} INFO - Setting next_dagrun for example_branch_datetime_operator to 2025-11-28 00:00:00+00:00, run_after=2025-11-29 00:00:00+00:00
[2025-11-29T11:26:43.174+0000] {logging_mixin.py:190} INFO - [2025-11-29T11:26:43.174+0000] {dag.py:4180} INFO - Setting next_dagrun for example_branch_datetime_operator_2 to 2025-11-28 00:00:00+00:00, run_after=2025-11-29 00:00:00+00:00
[2025-11-29T11:26:43.177+0000] {logging_mixin.py:190} INFO - [2025-11-29T11:26:43.177+0000] {dag.py:4180} INFO - Setting next_dagrun for example_branch_datetime_operator_3 to 2025-11-28 00:00:00+00:00, run_after=2025-11-29 00:00:00+00:00
[2025-11-29T11:26:43.205+0000] {processor.py:208} INFO - Processing /home/airflow/.local/lib/python3.12/site-packages/airflow/example_dags/example_branch_datetime_operator.py took 0.139 seconds
[2025-11-29T11:27:13.752+0000] {processor.py:186} INFO - Started process (PID=1231) to work on /home/airflow/.local/lib/python3.12/site-packages/airflow/example_dags/example_branch_datetime_operator.py
[2025-11-29T11:27:13.753+0000] {processor.py:914} INFO - Processing file /home/airflow/.local/lib/python3.12/site-packages/airflow/example_dags/example_branch_datetime_operator.py for tasks to queue
[2025-11-29T11:27:13.755+0000] {logging_mixin.py:190} INFO - [2025-11-29T11:27:13.755+0000] {dagbag.py:588} INFO - Filling up the DagBag from /home/airflow/.local/lib/python3.12/site-packages/airflow/example_dags/example_branch_datetime_operator.py
[2025-11-29T11:27:13.769+0000] {processor.py:925} INFO - DAG(s) 'example_branch_datetime_operator_2', 'example_branch_datetime_operator', 'example_branch_datetime_operator_3' retrieved from /home/airflow/.local/lib/python3.12/site-packages/airflow/example_dags/example_branch_datetime_operator.py
[2025-11-29T11:27:13.805+0000] {logging_mixin.py:190} INFO - [2025-11-29T11:27:13.805+0000] {dag.py:3239} INFO - Sync 3 DAGs
[2025-11-29T11:27:13.836+0000] {logging_mixin.py:190} INFO - [2025-11-29T11:27:13.835+0000] {dag.py:4180} INFO - Setting next_dagrun for example_branch_datetime_operator to 2025-11-28 00:00:00+00:00, run_after=2025-11-29 00:00:00+00:00
[2025-11-29T11:27:13.841+0000] {logging_mixin.py:190} INFO - [2025-11-29T11:27:13.841+0000] {dag.py:4180} INFO - Setting next_dagrun for example_branch_datetime_operator_2 to 2025-11-28 00:00:00+00:00, run_after=2025-11-29 00:00:00+00:00
[2025-11-29T11:27:13.844+0000] {logging_mixin.py:190} INFO - [2025-11-29T11:27:13.844+0000] {dag.py:4180} INFO - Setting next_dagrun for example_branch_datetime_operator_3 to 2025-11-28 00:00:00+00:00, run_after=2025-11-29 00:00:00+00:00
[2025-11-29T11:27:13.865+0000] {processor.py:208} INFO - Processing /home/airflow/.local/lib/python3.12/site-packages/airflow/example_dags/example_branch_datetime_operator.py took 0.121 seconds
[2025-11-29T11:27:44.999+0000] {processor.py:186} INFO - Started process (PID=1299) to work on /home/airflow/.local/lib/python3.12/site-packages/airflow/example_dags/example_branch_datetime_operator.py
[2025-11-29T11:27:45.001+0000] {processor.py:914} INFO - Processing file /home/airflow/.local/lib/python3.12/site-packages/airflow/example_dags/example_branch_datetime_operator.py for tasks to queue
[2025-11-29T11:27:45.003+0000] {logging_mixin.py:190} INFO - [2025-11-29T11:27:45.003+0000] {dagbag.py:588} INFO - Filling up the DagBag from /home/airflow/.local/lib/python3.12/site-packages/airflow/example_dags/example_branch_datetime_operator.py
[2025-11-29T11:27:45.020+0000] {processor.py:925} INFO - DAG(s) 'example_branch_datetime_operator', 'example_branch_datetime_operator_3', 'example_branch_datetime_operator_2' retrieved from /home/airflow/.local/lib/python3.12/site-packages/airflow/example_dags/example_branch_datetime_operator.py
[2025-11-29T11:27:45.057+0000] {logging_mixin.py:190} INFO - [2025-11-29T11:27:45.057+0000] {dag.py:3239} INFO - Sync 3 DAGs
[2025-11-29T11:27:45.091+0000] {logging_mixin.py:190} INFO - [2025-11-29T11:27:45.090+0000] {dag.py:4180} INFO - Setting next_dagrun for example_branch_datetime_operator to 2025-11-28 00:00:00+00:00, run_after=2025-11-29 00:00:00+00:00
[2025-11-29T11:27:45.097+0000] {logging_mixin.py:190} INFO - [2025-11-29T11:27:45.097+0000] {dag.py:4180} INFO - Setting next_dagrun for example_branch_datetime_operator_2 to 2025-11-28 00:00:00+00:00, run_after=2025-11-29 00:00:00+00:00
[2025-11-29T11:27:45.101+0000] {logging_mixin.py:190} INFO - [2025-11-29T11:27:45.101+0000] {dag.py:4180} INFO - Setting next_dagrun for example_branch_datetime_operator_3 to 2025-11-28 00:00:00+00:00, run_after=2025-11-29 00:00:00+00:00
[2025-11-29T11:27:45.127+0000] {processor.py:208} INFO - Processing /home/airflow/.local/lib/python3.12/site-packages/airflow/example_dags/example_branch_datetime_operator.py took 0.135 seconds
[2025-11-29T11:28:15.396+0000] {processor.py:186} INFO - Started process (PID=1368) to work on /home/airflow/.local/lib/python3.12/site-packages/airflow/example_dags/example_branch_datetime_operator.py
[2025-11-29T11:28:15.398+0000] {processor.py:914} INFO - Processing file /home/airflow/.local/lib/python3.12/site-packages/airflow/example_dags/example_branch_datetime_operator.py for tasks to queue
[2025-11-29T11:28:15.400+0000] {logging_mixin.py:190} INFO - [2025-11-29T11:28:15.399+0000] {dagbag.py:588} INFO - Filling up the DagBag from /home/airflow/.local/lib/python3.12/site-packages/airflow/example_dags/example_branch_datetime_operator.py
[2025-11-29T11:28:15.414+0000] {processor.py:925} INFO - DAG(s) 'example_branch_datetime_operator_3', 'example_branch_datetime_operator', 'example_branch_datetime_operator_2' retrieved from /home/airflow/.local/lib/python3.12/site-packages/airflow/example_dags/example_branch_datetime_operator.py
[2025-11-29T11:28:15.450+0000] {logging_mixin.py:190} INFO - [2025-11-29T11:28:15.450+0000] {dag.py:3239} INFO - Sync 3 DAGs
[2025-11-29T11:28:15.478+0000] {logging_mixin.py:190} INFO - [2025-11-29T11:28:15.478+0000] {dag.py:4180} INFO - Setting next_dagrun for example_branch_datetime_operator to 2025-11-28 00:00:00+00:00, run_after=2025-11-29 00:00:00+00:00
[2025-11-29T11:28:15.483+0000] {logging_mixin.py:190} INFO - [2025-11-29T11:28:15.483+0000] {dag.py:4180} INFO - Setting next_dagrun for example_branch_datetime_operator_2 to 2025-11-28 00:00:00+00:00, run_after=2025-11-29 00:00:00+00:00
[2025-11-29T11:28:15.486+0000] {logging_mixin.py:190} INFO - [2025-11-29T11:28:15.486+0000] {dag.py:4180} INFO - Setting next_dagrun for example_branch_datetime_operator_3 to 2025-11-28 00:00:00+00:00, run_after=2025-11-29 00:00:00+00:00
[2025-11-29T11:28:15.507+0000] {processor.py:208} INFO - Processing /home/airflow/.local/lib/python3.12/site-packages/airflow/example_dags/example_branch_datetime_operator.py took 0.120 seconds
[2025-11-29T11:28:45.649+0000] {processor.py:186} INFO - Started process (PID=1436) to work on /home/airflow/.local/lib/python3.12/site-packages/airflow/example_dags/example_branch_datetime_operator.py
[2025-11-29T11:28:45.650+0000] {processor.py:914} INFO - Processing file /home/airflow/.local/lib/python3.12/site-packages/airflow/example_dags/example_branch_datetime_operator.py for tasks to queue
[2025-11-29T11:28:45.652+0000] {logging_mixin.py:190} INFO - [2025-11-29T11:28:45.651+0000] {dagbag.py:588} INFO - Filling up the DagBag from /home/airflow/.local/lib/python3.12/site-packages/airflow/example_dags/example_branch_datetime_operator.py
[2025-11-29T11:28:45.666+0000] {processor.py:925} INFO - DAG(s) 'example_branch_datetime_operator', 'example_branch_datetime_operator_2', 'example_branch_datetime_operator_3' retrieved from /home/airflow/.local/lib/python3.12/site-packages/airflow/example_dags/example_branch_datetime_operator.py
[2025-11-29T11:28:45.699+0000] {logging_mixin.py:190} INFO - [2025-11-29T11:28:45.698+0000] {dag.py:3239} INFO - Sync 3 DAGs
[2025-11-29T11:28:45.728+0000] {logging_mixin.py:190} INFO - [2025-11-29T11:28:45.728+0000] {dag.py:4180} INFO - Setting next_dagrun for example_branch_datetime_operator to 2025-11-28 00:00:00+00:00, run_after=2025-11-29 00:00:00+00:00
[2025-11-29T11:28:45.733+0000] {logging_mixin.py:190} INFO - [2025-11-29T11:28:45.733+0000] {dag.py:4180} INFO - Setting next_dagrun for example_branch_datetime_operator_2 to 2025-11-28 00:00:00+00:00, run_after=2025-11-29 00:00:00+00:00
[2025-11-29T11:28:45.736+0000] {logging_mixin.py:190} INFO - [2025-11-29T11:28:45.736+0000] {dag.py:4180} INFO - Setting next_dagrun for example_branch_datetime_operator_3 to 2025-11-28 00:00:00+00:00, run_after=2025-11-29 00:00:00+00:00
[2025-11-29T11:28:45.756+0000] {processor.py:208} INFO - Processing /home/airflow/.local/lib/python3.12/site-packages/airflow/example_dags/example_branch_datetime_operator.py took 0.115 seconds
[2025-11-29T11:29:16.641+0000] {processor.py:186} INFO - Started process (PID=1504) to work on /home/airflow/.local/lib/python3.12/site-packages/airflow/example_dags/example_branch_datetime_operator.py
[2025-11-29T11:29:16.642+0000] {processor.py:914} INFO - Processing file /home/airflow/.local/lib/python3.12/site-packages/airflow/example_dags/example_branch_datetime_operator.py for tasks to queue
[2025-11-29T11:29:16.644+0000] {logging_mixin.py:190} INFO - [2025-11-29T11:29:16.644+0000] {dagbag.py:588} INFO - Filling up the DagBag from /home/airflow/.local/lib/python3.12/site-packages/airflow/example_dags/example_branch_datetime_operator.py
[2025-11-29T11:29:16.659+0000] {processor.py:925} INFO - DAG(s) 'example_branch_datetime_operator', 'example_branch_datetime_operator_3', 'example_branch_datetime_operator_2' retrieved from /home/airflow/.local/lib/python3.12/site-packages/airflow/example_dags/example_branch_datetime_operator.py
[2025-11-29T11:29:16.696+0000] {logging_mixin.py:190} INFO - [2025-11-29T11:29:16.696+0000] {dag.py:3239} INFO - Sync 3 DAGs
[2025-11-29T11:29:16.727+0000] {logging_mixin.py:190} INFO - [2025-11-29T11:29:16.727+0000] {dag.py:4180} INFO - Setting next_dagrun for example_branch_datetime_operator to 2025-11-28 00:00:00+00:00, run_after=2025-11-29 00:00:00+00:00
[2025-11-29T11:29:16.734+0000] {logging_mixin.py:190} INFO - [2025-11-29T11:29:16.733+0000] {dag.py:4180} INFO - Setting next_dagrun for example_branch_datetime_operator_2 to 2025-11-28 00:00:00+00:00, run_after=2025-11-29 00:00:00+00:00
[2025-11-29T11:29:16.736+0000] {logging_mixin.py:190} INFO - [2025-11-29T11:29:16.736+0000] {dag.py:4180} INFO - Setting next_dagrun for example_branch_datetime_operator_3 to 2025-11-28 00:00:00+00:00, run_after=2025-11-29 00:00:00+00:00
[2025-11-29T11:29:16.757+0000] {processor.py:208} INFO - Processing /home/airflow/.local/lib/python3.12/site-packages/airflow/example_dags/example_branch_datetime_operator.py took 0.124 seconds
[2025-11-29T11:29:46.919+0000] {processor.py:186} INFO - Started process (PID=1574) to work on /home/airflow/.local/lib/python3.12/site-packages/airflow/example_dags/example_branch_datetime_operator.py
[2025-11-29T11:29:46.921+0000] {processor.py:914} INFO - Processing file /home/airflow/.local/lib/python3.12/site-packages/airflow/example_dags/example_branch_datetime_operator.py for tasks to queue
[2025-11-29T11:29:46.922+0000] {logging_mixin.py:190} INFO - [2025-11-29T11:29:46.922+0000] {dagbag.py:588} INFO - Filling up the DagBag from /home/airflow/.local/lib/python3.12/site-packages/airflow/example_dags/example_branch_datetime_operator.py
[2025-11-29T11:29:46.937+0000] {processor.py:925} INFO - DAG(s) 'example_branch_datetime_operator_2', 'example_branch_datetime_operator', 'example_branch_datetime_operator_3' retrieved from /home/airflow/.local/lib/python3.12/site-packages/airflow/example_dags/example_branch_datetime_operator.py
[2025-11-29T11:29:46.974+0000] {logging_mixin.py:190} INFO - [2025-11-29T11:29:46.974+0000] {dag.py:3239} INFO - Sync 3 DAGs
[2025-11-29T11:29:47.004+0000] {logging_mixin.py:190} INFO - [2025-11-29T11:29:47.003+0000] {dag.py:4180} INFO - Setting next_dagrun for example_branch_datetime_operator to 2025-11-28 00:00:00+00:00, run_after=2025-11-29 00:00:00+00:00
[2025-11-29T11:29:47.010+0000] {logging_mixin.py:190} INFO - [2025-11-29T11:29:47.009+0000] {dag.py:4180} INFO - Setting next_dagrun for example_branch_datetime_operator_2 to 2025-11-28 00:00:00+00:00, run_after=2025-11-29 00:00:00+00:00
[2025-11-29T11:29:47.013+0000] {logging_mixin.py:190} INFO - [2025-11-29T11:29:47.013+0000] {dag.py:4180} INFO - Setting next_dagrun for example_branch_datetime_operator_3 to 2025-11-28 00:00:00+00:00, run_after=2025-11-29 00:00:00+00:00
[2025-11-29T11:29:47.036+0000] {processor.py:208} INFO - Processing /home/airflow/.local/lib/python3.12/site-packages/airflow/example_dags/example_branch_datetime_operator.py took 0.125 seconds
[2025-11-29T11:30:17.494+0000] {processor.py:186} INFO - Started process (PID=1643) to work on /home/airflow/.local/lib/python3.12/site-packages/airflow/example_dags/example_branch_datetime_operator.py
[2025-11-29T11:30:17.496+0000] {processor.py:914} INFO - Processing file /home/airflow/.local/lib/python3.12/site-packages/airflow/example_dags/example_branch_datetime_operator.py for tasks to queue
[2025-11-29T11:30:17.498+0000] {logging_mixin.py:190} INFO - [2025-11-29T11:30:17.498+0000] {dagbag.py:588} INFO - Filling up the DagBag from /home/airflow/.local/lib/python3.12/site-packages/airflow/example_dags/example_branch_datetime_operator.py
[2025-11-29T11:30:17.514+0000] {processor.py:925} INFO - DAG(s) 'example_branch_datetime_operator', 'example_branch_datetime_operator_3', 'example_branch_datetime_operator_2' retrieved from /home/airflow/.local/lib/python3.12/site-packages/airflow/example_dags/example_branch_datetime_operator.py
[2025-11-29T11:30:17.551+0000] {logging_mixin.py:190} INFO - [2025-11-29T11:30:17.550+0000] {dag.py:3239} INFO - Sync 3 DAGs
[2025-11-29T11:30:17.580+0000] {logging_mixin.py:190} INFO - [2025-11-29T11:30:17.580+0000] {dag.py:4180} INFO - Setting next_dagrun for example_branch_datetime_operator to 2025-11-28 00:00:00+00:00, run_after=2025-11-29 00:00:00+00:00
[2025-11-29T11:30:17.586+0000] {logging_mixin.py:190} INFO - [2025-11-29T11:30:17.586+0000] {dag.py:4180} INFO - Setting next_dagrun for example_branch_datetime_operator_2 to 2025-11-28 00:00:00+00:00, run_after=2025-11-29 00:00:00+00:00
[2025-11-29T11:30:17.589+0000] {logging_mixin.py:190} INFO - [2025-11-29T11:30:17.588+0000] {dag.py:4180} INFO - Setting next_dagrun for example_branch_datetime_operator_3 to 2025-11-28 00:00:00+00:00, run_after=2025-11-29 00:00:00+00:00
[2025-11-29T11:30:17.609+0000] {processor.py:208} INFO - Processing /home/airflow/.local/lib/python3.12/site-packages/airflow/example_dags/example_branch_datetime_operator.py took 0.123 seconds
[2025-11-29T11:30:48.121+0000] {processor.py:186} INFO - Started process (PID=1711) to work on /home/airflow/.local/lib/python3.12/site-packages/airflow/example_dags/example_branch_datetime_operator.py
[2025-11-29T11:30:48.122+0000] {processor.py:914} INFO - Processing file /home/airflow/.local/lib/python3.12/site-packages/airflow/example_dags/example_branch_datetime_operator.py for tasks to queue
[2025-11-29T11:30:48.124+0000] {logging_mixin.py:190} INFO - [2025-11-29T11:30:48.124+0000] {dagbag.py:588} INFO - Filling up the DagBag from /home/airflow/.local/lib/python3.12/site-packages/airflow/example_dags/example_branch_datetime_operator.py
[2025-11-29T11:30:48.139+0000] {processor.py:925} INFO - DAG(s) 'example_branch_datetime_operator_3', 'example_branch_datetime_operator', 'example_branch_datetime_operator_2' retrieved from /home/airflow/.local/lib/python3.12/site-packages/airflow/example_dags/example_branch_datetime_operator.py
[2025-11-29T11:30:48.173+0000] {logging_mixin.py:190} INFO - [2025-11-29T11:30:48.173+0000] {dag.py:3239} INFO - Sync 3 DAGs
[2025-11-29T11:30:48.203+0000] {logging_mixin.py:190} INFO - [2025-11-29T11:30:48.203+0000] {dag.py:4180} INFO - Setting next_dagrun for example_branch_datetime_operator to 2025-11-28 00:00:00+00:00, run_after=2025-11-29 00:00:00+00:00
[2025-11-29T11:30:48.209+0000] {logging_mixin.py:190} INFO - [2025-11-29T11:30:48.209+0000] {dag.py:4180} INFO - Setting next_dagrun for example_branch_datetime_operator_2 to 2025-11-28 00:00:00+00:00, run_after=2025-11-29 00:00:00+00:00
[2025-11-29T11:30:48.212+0000] {logging_mixin.py:190} INFO - [2025-11-29T11:30:48.212+0000] {dag.py:4180} INFO - Setting next_dagrun for example_branch_datetime_operator_3 to 2025-11-28 00:00:00+00:00, run_after=2025-11-29 00:00:00+00:00
[2025-11-29T11:30:48.232+0000] {processor.py:208} INFO - Processing /home/airflow/.local/lib/python3.12/site-packages/airflow/example_dags/example_branch_datetime_operator.py took 0.120 seconds
[2025-11-29T11:31:18.544+0000] {processor.py:186} INFO - Started process (PID=1779) to work on /home/airflow/.local/lib/python3.12/site-packages/airflow/example_dags/example_branch_datetime_operator.py
[2025-11-29T11:31:18.545+0000] {processor.py:914} INFO - Processing file /home/airflow/.local/lib/python3.12/site-packages/airflow/example_dags/example_branch_datetime_operator.py for tasks to queue
[2025-11-29T11:31:18.547+0000] {logging_mixin.py:190} INFO - [2025-11-29T11:31:18.547+0000] {dagbag.py:588} INFO - Filling up the DagBag from /home/airflow/.local/lib/python3.12/site-packages/airflow/example_dags/example_branch_datetime_operator.py
[2025-11-29T11:31:18.563+0000] {processor.py:925} INFO - DAG(s) 'example_branch_datetime_operator', 'example_branch_datetime_operator_2', 'example_branch_datetime_operator_3' retrieved from /home/airflow/.local/lib/python3.12/site-packages/airflow/example_dags/example_branch_datetime_operator.py
[2025-11-29T11:31:18.600+0000] {logging_mixin.py:190} INFO - [2025-11-29T11:31:18.600+0000] {dag.py:3239} INFO - Sync 3 DAGs
[2025-11-29T11:31:18.632+0000] {logging_mixin.py:190} INFO - [2025-11-29T11:31:18.632+0000] {dag.py:4180} INFO - Setting next_dagrun for example_branch_datetime_operator to 2025-11-28 00:00:00+00:00, run_after=2025-11-29 00:00:00+00:00
[2025-11-29T11:31:18.639+0000] {logging_mixin.py:190} INFO - [2025-11-29T11:31:18.639+0000] {dag.py:4180} INFO - Setting next_dagrun for example_branch_datetime_operator_2 to 2025-11-28 00:00:00+00:00, run_after=2025-11-29 00:00:00+00:00
[2025-11-29T11:31:18.642+0000] {logging_mixin.py:190} INFO - [2025-11-29T11:31:18.641+0000] {dag.py:4180} INFO - Setting next_dagrun for example_branch_datetime_operator_3 to 2025-11-28 00:00:00+00:00, run_after=2025-11-29 00:00:00+00:00
[2025-11-29T11:31:18.663+0000] {processor.py:208} INFO - Processing /home/airflow/.local/lib/python3.12/site-packages/airflow/example_dags/example_branch_datetime_operator.py took 0.127 seconds
[2025-11-29T11:31:48.968+0000] {processor.py:186} INFO - Started process (PID=1847) to work on /home/airflow/.local/lib/python3.12/site-packages/airflow/example_dags/example_branch_datetime_operator.py
[2025-11-29T11:31:48.969+0000] {processor.py:914} INFO - Processing file /home/airflow/.local/lib/python3.12/site-packages/airflow/example_dags/example_branch_datetime_operator.py for tasks to queue
[2025-11-29T11:31:48.972+0000] {logging_mixin.py:190} INFO - [2025-11-29T11:31:48.972+0000] {dagbag.py:588} INFO - Filling up the DagBag from /home/airflow/.local/lib/python3.12/site-packages/airflow/example_dags/example_branch_datetime_operator.py
[2025-11-29T11:31:48.992+0000] {processor.py:925} INFO - DAG(s) 'example_branch_datetime_operator_2', 'example_branch_datetime_operator_3', 'example_branch_datetime_operator' retrieved from /home/airflow/.local/lib/python3.12/site-packages/airflow/example_dags/example_branch_datetime_operator.py
[2025-11-29T11:31:49.035+0000] {logging_mixin.py:190} INFO - [2025-11-29T11:31:49.035+0000] {dag.py:3239} INFO - Sync 3 DAGs
[2025-11-29T11:31:49.071+0000] {logging_mixin.py:190} INFO - [2025-11-29T11:31:49.070+0000] {dag.py:4180} INFO - Setting next_dagrun for example_branch_datetime_operator to 2025-11-28 00:00:00+00:00, run_after=2025-11-29 00:00:00+00:00
[2025-11-29T11:31:49.077+0000] {logging_mixin.py:190} INFO - [2025-11-29T11:31:49.077+0000] {dag.py:4180} INFO - Setting next_dagrun for example_branch_datetime_operator_2 to 2025-11-28 00:00:00+00:00, run_after=2025-11-29 00:00:00+00:00
[2025-11-29T11:31:49.081+0000] {logging_mixin.py:190} INFO - [2025-11-29T11:31:49.080+0000] {dag.py:4180} INFO - Setting next_dagrun for example_branch_datetime_operator_3 to 2025-11-28 00:00:00+00:00, run_after=2025-11-29 00:00:00+00:00
[2025-11-29T11:31:49.104+0000] {processor.py:208} INFO - Processing /home/airflow/.local/lib/python3.12/site-packages/airflow/example_dags/example_branch_datetime_operator.py took 0.145 seconds
[2025-11-29T11:32:19.704+0000] {processor.py:186} INFO - Started process (PID=1915) to work on /home/airflow/.local/lib/python3.12/site-packages/airflow/example_dags/example_branch_datetime_operator.py
[2025-11-29T11:32:19.706+0000] {processor.py:914} INFO - Processing file /home/airflow/.local/lib/python3.12/site-packages/airflow/example_dags/example_branch_datetime_operator.py for tasks to queue
[2025-11-29T11:32:19.708+0000] {logging_mixin.py:190} INFO - [2025-11-29T11:32:19.708+0000] {dagbag.py:588} INFO - Filling up the DagBag from /home/airflow/.local/lib/python3.12/site-packages/airflow/example_dags/example_branch_datetime_operator.py
[2025-11-29T11:32:19.724+0000] {processor.py:925} INFO - DAG(s) 'example_branch_datetime_operator', 'example_branch_datetime_operator_2', 'example_branch_datetime_operator_3' retrieved from /home/airflow/.local/lib/python3.12/site-packages/airflow/example_dags/example_branch_datetime_operator.py
[2025-11-29T11:32:19.764+0000] {logging_mixin.py:190} INFO - [2025-11-29T11:32:19.764+0000] {dag.py:3239} INFO - Sync 3 DAGs
[2025-11-29T11:32:19.802+0000] {logging_mixin.py:190} INFO - [2025-11-29T11:32:19.802+0000] {dag.py:4180} INFO - Setting next_dagrun for example_branch_datetime_operator to 2025-11-28 00:00:00+00:00, run_after=2025-11-29 00:00:00+00:00
[2025-11-29T11:32:19.809+0000] {logging_mixin.py:190} INFO - [2025-11-29T11:32:19.809+0000] {dag.py:4180} INFO - Setting next_dagrun for example_branch_datetime_operator_2 to 2025-11-28 00:00:00+00:00, run_after=2025-11-29 00:00:00+00:00
[2025-11-29T11:32:19.814+0000] {logging_mixin.py:190} INFO - [2025-11-29T11:32:19.813+0000] {dag.py:4180} INFO - Setting next_dagrun for example_branch_datetime_operator_3 to 2025-11-28 00:00:00+00:00, run_after=2025-11-29 00:00:00+00:00
[2025-11-29T11:32:19.840+0000] {processor.py:208} INFO - Processing /home/airflow/.local/lib/python3.12/site-packages/airflow/example_dags/example_branch_datetime_operator.py took 0.143 seconds
[2025-11-29T11:32:50.211+0000] {processor.py:186} INFO - Started process (PID=1984) to work on /home/airflow/.local/lib/python3.12/site-packages/airflow/example_dags/example_branch_datetime_operator.py
[2025-11-29T11:32:50.213+0000] {processor.py:914} INFO - Processing file /home/airflow/.local/lib/python3.12/site-packages/airflow/example_dags/example_branch_datetime_operator.py for tasks to queue
[2025-11-29T11:32:50.215+0000] {logging_mixin.py:190} INFO - [2025-11-29T11:32:50.215+0000] {dagbag.py:588} INFO - Filling up the DagBag from /home/airflow/.local/lib/python3.12/site-packages/airflow/example_dags/example_branch_datetime_operator.py
[2025-11-29T11:32:50.235+0000] {processor.py:925} INFO - DAG(s) 'example_branch_datetime_operator_2', 'example_branch_datetime_operator', 'example_branch_datetime_operator_3' retrieved from /home/airflow/.local/lib/python3.12/site-packages/airflow/example_dags/example_branch_datetime_operator.py
[2025-11-29T11:32:50.281+0000] {logging_mixin.py:190} INFO - [2025-11-29T11:32:50.281+0000] {dag.py:3239} INFO - Sync 3 DAGs
[2025-11-29T11:32:50.321+0000] {logging_mixin.py:190} INFO - [2025-11-29T11:32:50.320+0000] {dag.py:4180} INFO - Setting next_dagrun for example_branch_datetime_operator to 2025-11-28 00:00:00+00:00, run_after=2025-11-29 00:00:00+00:00
[2025-11-29T11:32:50.327+0000] {logging_mixin.py:190} INFO - [2025-11-29T11:32:50.327+0000] {dag.py:4180} INFO - Setting next_dagrun for example_branch_datetime_operator_2 to 2025-11-28 00:00:00+00:00, run_after=2025-11-29 00:00:00+00:00
[2025-11-29T11:32:50.332+0000] {logging_mixin.py:190} INFO - [2025-11-29T11:32:50.332+0000] {dag.py:4180} INFO - Setting next_dagrun for example_branch_datetime_operator_3 to 2025-11-28 00:00:00+00:00, run_after=2025-11-29 00:00:00+00:00
[2025-11-29T11:32:50.359+0000] {processor.py:208} INFO - Processing /home/airflow/.local/lib/python3.12/site-packages/airflow/example_dags/example_branch_datetime_operator.py took 0.156 seconds
[2025-11-29T11:33:21.284+0000] {processor.py:186} INFO - Started process (PID=2052) to work on /home/airflow/.local/lib/python3.12/site-packages/airflow/example_dags/example_branch_datetime_operator.py
[2025-11-29T11:33:21.286+0000] {processor.py:914} INFO - Processing file /home/airflow/.local/lib/python3.12/site-packages/airflow/example_dags/example_branch_datetime_operator.py for tasks to queue
[2025-11-29T11:33:21.288+0000] {logging_mixin.py:190} INFO - [2025-11-29T11:33:21.287+0000] {dagbag.py:588} INFO - Filling up the DagBag from /home/airflow/.local/lib/python3.12/site-packages/airflow/example_dags/example_branch_datetime_operator.py
[2025-11-29T11:33:21.302+0000] {processor.py:925} INFO - DAG(s) 'example_branch_datetime_operator_2', 'example_branch_datetime_operator', 'example_branch_datetime_operator_3' retrieved from /home/airflow/.local/lib/python3.12/site-packages/airflow/example_dags/example_branch_datetime_operator.py
[2025-11-29T11:33:21.343+0000] {logging_mixin.py:190} INFO - [2025-11-29T11:33:21.343+0000] {dag.py:3239} INFO - Sync 3 DAGs
[2025-11-29T11:33:21.374+0000] {logging_mixin.py:190} INFO - [2025-11-29T11:33:21.374+0000] {dag.py:4180} INFO - Setting next_dagrun for example_branch_datetime_operator to 2025-11-28 00:00:00+00:00, run_after=2025-11-29 00:00:00+00:00
[2025-11-29T11:33:21.381+0000] {logging_mixin.py:190} INFO - [2025-11-29T11:33:21.380+0000] {dag.py:4180} INFO - Setting next_dagrun for example_branch_datetime_operator_2 to 2025-11-28 00:00:00+00:00, run_after=2025-11-29 00:00:00+00:00
[2025-11-29T11:33:21.384+0000] {logging_mixin.py:190} INFO - [2025-11-29T11:33:21.383+0000] {dag.py:4180} INFO - Setting next_dagrun for example_branch_datetime_operator_3 to 2025-11-28 00:00:00+00:00, run_after=2025-11-29 00:00:00+00:00
[2025-11-29T11:33:21.411+0000] {processor.py:208} INFO - Processing /home/airflow/.local/lib/python3.12/site-packages/airflow/example_dags/example_branch_datetime_operator.py took 0.134 seconds
[2025-11-29T11:33:51.755+0000] {processor.py:186} INFO - Started process (PID=2120) to work on /home/airflow/.local/lib/python3.12/site-packages/airflow/example_dags/example_branch_datetime_operator.py
[2025-11-29T11:33:51.757+0000] {processor.py:914} INFO - Processing file /home/airflow/.local/lib/python3.12/site-packages/airflow/example_dags/example_branch_datetime_operator.py for tasks to queue
[2025-11-29T11:33:51.760+0000] {logging_mixin.py:190} INFO - [2025-11-29T11:33:51.759+0000] {dagbag.py:588} INFO - Filling up the DagBag from /home/airflow/.local/lib/python3.12/site-packages/airflow/example_dags/example_branch_datetime_operator.py
[2025-11-29T11:33:51.781+0000] {processor.py:925} INFO - DAG(s) 'example_branch_datetime_operator_2', 'example_branch_datetime_operator_3', 'example_branch_datetime_operator' retrieved from /home/airflow/.local/lib/python3.12/site-packages/airflow/example_dags/example_branch_datetime_operator.py
[2025-11-29T11:33:51.833+0000] {logging_mixin.py:190} INFO - [2025-11-29T11:33:51.833+0000] {dag.py:3239} INFO - Sync 3 DAGs
[2025-11-29T11:33:51.882+0000] {logging_mixin.py:190} INFO - [2025-11-29T11:33:51.882+0000] {dag.py:4180} INFO - Setting next_dagrun for example_branch_datetime_operator to 2025-11-28 00:00:00+00:00, run_after=2025-11-29 00:00:00+00:00
[2025-11-29T11:33:51.889+0000] {logging_mixin.py:190} INFO - [2025-11-29T11:33:51.889+0000] {dag.py:4180} INFO - Setting next_dagrun for example_branch_datetime_operator_2 to 2025-11-28 00:00:00+00:00, run_after=2025-11-29 00:00:00+00:00
[2025-11-29T11:33:51.894+0000] {logging_mixin.py:190} INFO - [2025-11-29T11:33:51.893+0000] {dag.py:4180} INFO - Setting next_dagrun for example_branch_datetime_operator_3 to 2025-11-28 00:00:00+00:00, run_after=2025-11-29 00:00:00+00:00
[2025-11-29T11:33:51.924+0000] {processor.py:208} INFO - Processing /home/airflow/.local/lib/python3.12/site-packages/airflow/example_dags/example_branch_datetime_operator.py took 0.179 seconds
[2025-11-29T11:34:22.600+0000] {processor.py:186} INFO - Started process (PID=2188) to work on /home/airflow/.local/lib/python3.12/site-packages/airflow/example_dags/example_branch_datetime_operator.py
[2025-11-29T11:34:22.602+0000] {processor.py:914} INFO - Processing file /home/airflow/.local/lib/python3.12/site-packages/airflow/example_dags/example_branch_datetime_operator.py for tasks to queue
[2025-11-29T11:34:22.604+0000] {logging_mixin.py:190} INFO - [2025-11-29T11:34:22.603+0000] {dagbag.py:588} INFO - Filling up the DagBag from /home/airflow/.local/lib/python3.12/site-packages/airflow/example_dags/example_branch_datetime_operator.py
[2025-11-29T11:34:22.618+0000] {processor.py:925} INFO - DAG(s) 'example_branch_datetime_operator_2', 'example_branch_datetime_operator', 'example_branch_datetime_operator_3' retrieved from /home/airflow/.local/lib/python3.12/site-packages/airflow/example_dags/example_branch_datetime_operator.py
[2025-11-29T11:34:22.653+0000] {logging_mixin.py:190} INFO - [2025-11-29T11:34:22.653+0000] {dag.py:3239} INFO - Sync 3 DAGs
[2025-11-29T11:34:22.685+0000] {logging_mixin.py:190} INFO - [2025-11-29T11:34:22.684+0000] {dag.py:4180} INFO - Setting next_dagrun for example_branch_datetime_operator to 2025-11-28 00:00:00+00:00, run_after=2025-11-29 00:00:00+00:00
[2025-11-29T11:34:22.690+0000] {logging_mixin.py:190} INFO - [2025-11-29T11:34:22.690+0000] {dag.py:4180} INFO - Setting next_dagrun for example_branch_datetime_operator_2 to 2025-11-28 00:00:00+00:00, run_after=2025-11-29 00:00:00+00:00
[2025-11-29T11:34:22.697+0000] {logging_mixin.py:190} INFO - [2025-11-29T11:34:22.696+0000] {dag.py:4180} INFO - Setting next_dagrun for example_branch_datetime_operator_3 to 2025-11-28 00:00:00+00:00, run_after=2025-11-29 00:00:00+00:00
[2025-11-29T11:34:22.719+0000] {processor.py:208} INFO - Processing /home/airflow/.local/lib/python3.12/site-packages/airflow/example_dags/example_branch_datetime_operator.py took 0.127 seconds
[2025-11-29T11:34:53.350+0000] {processor.py:186} INFO - Started process (PID=2256) to work on /home/airflow/.local/lib/python3.12/site-packages/airflow/example_dags/example_branch_datetime_operator.py
[2025-11-29T11:34:53.351+0000] {processor.py:914} INFO - Processing file /home/airflow/.local/lib/python3.12/site-packages/airflow/example_dags/example_branch_datetime_operator.py for tasks to queue
[2025-11-29T11:34:53.353+0000] {logging_mixin.py:190} INFO - [2025-11-29T11:34:53.353+0000] {dagbag.py:588} INFO - Filling up the DagBag from /home/airflow/.local/lib/python3.12/site-packages/airflow/example_dags/example_branch_datetime_operator.py
[2025-11-29T11:34:53.366+0000] {processor.py:925} INFO - DAG(s) 'example_branch_datetime_operator_3', 'example_branch_datetime_operator', 'example_branch_datetime_operator_2' retrieved from /home/airflow/.local/lib/python3.12/site-packages/airflow/example_dags/example_branch_datetime_operator.py
[2025-11-29T11:34:53.410+0000] {logging_mixin.py:190} INFO - [2025-11-29T11:34:53.409+0000] {dag.py:3239} INFO - Sync 3 DAGs
[2025-11-29T11:34:53.456+0000] {logging_mixin.py:190} INFO - [2025-11-29T11:34:53.456+0000] {dag.py:4180} INFO - Setting next_dagrun for example_branch_datetime_operator to 2025-11-28 00:00:00+00:00, run_after=2025-11-29 00:00:00+00:00
[2025-11-29T11:34:53.464+0000] {logging_mixin.py:190} INFO - [2025-11-29T11:34:53.463+0000] {dag.py:4180} INFO - Setting next_dagrun for example_branch_datetime_operator_2 to 2025-11-28 00:00:00+00:00, run_after=2025-11-29 00:00:00+00:00
[2025-11-29T11:34:53.468+0000] {logging_mixin.py:190} INFO - [2025-11-29T11:34:53.467+0000] {dag.py:4180} INFO - Setting next_dagrun for example_branch_datetime_operator_3 to 2025-11-28 00:00:00+00:00, run_after=2025-11-29 00:00:00+00:00
[2025-11-29T11:34:53.498+0000] {processor.py:208} INFO - Processing /home/airflow/.local/lib/python3.12/site-packages/airflow/example_dags/example_branch_datetime_operator.py took 0.155 seconds
[2025-11-29T11:35:23.771+0000] {processor.py:186} INFO - Started process (PID=2331) to work on /home/airflow/.local/lib/python3.12/site-packages/airflow/example_dags/example_branch_datetime_operator.py
[2025-11-29T11:35:23.774+0000] {processor.py:914} INFO - Processing file /home/airflow/.local/lib/python3.12/site-packages/airflow/example_dags/example_branch_datetime_operator.py for tasks to queue
[2025-11-29T11:35:23.777+0000] {logging_mixin.py:190} INFO - [2025-11-29T11:35:23.777+0000] {dagbag.py:588} INFO - Filling up the DagBag from /home/airflow/.local/lib/python3.12/site-packages/airflow/example_dags/example_branch_datetime_operator.py
[2025-11-29T11:35:23.797+0000] {processor.py:925} INFO - DAG(s) 'example_branch_datetime_operator_3', 'example_branch_datetime_operator_2', 'example_branch_datetime_operator' retrieved from /home/airflow/.local/lib/python3.12/site-packages/airflow/example_dags/example_branch_datetime_operator.py
[2025-11-29T11:35:23.836+0000] {logging_mixin.py:190} INFO - [2025-11-29T11:35:23.835+0000] {dag.py:3239} INFO - Sync 3 DAGs
[2025-11-29T11:35:23.863+0000] {logging_mixin.py:190} INFO - [2025-11-29T11:35:23.863+0000] {dag.py:4180} INFO - Setting next_dagrun for example_branch_datetime_operator to 2025-11-28 00:00:00+00:00, run_after=2025-11-29 00:00:00+00:00
[2025-11-29T11:35:23.869+0000] {logging_mixin.py:190} INFO - [2025-11-29T11:35:23.869+0000] {dag.py:4180} INFO - Setting next_dagrun for example_branch_datetime_operator_2 to 2025-11-28 00:00:00+00:00, run_after=2025-11-29 00:00:00+00:00
[2025-11-29T11:35:23.872+0000] {logging_mixin.py:190} INFO - [2025-11-29T11:35:23.871+0000] {dag.py:4180} INFO - Setting next_dagrun for example_branch_datetime_operator_3 to 2025-11-28 00:00:00+00:00, run_after=2025-11-29 00:00:00+00:00
[2025-11-29T11:35:23.893+0000] {processor.py:208} INFO - Processing /home/airflow/.local/lib/python3.12/site-packages/airflow/example_dags/example_branch_datetime_operator.py took 0.135 seconds
[2025-11-29T11:35:54.781+0000] {processor.py:186} INFO - Started process (PID=2401) to work on /home/airflow/.local/lib/python3.12/site-packages/airflow/example_dags/example_branch_datetime_operator.py
[2025-11-29T11:35:54.782+0000] {processor.py:914} INFO - Processing file /home/airflow/.local/lib/python3.12/site-packages/airflow/example_dags/example_branch_datetime_operator.py for tasks to queue
[2025-11-29T11:35:54.785+0000] {logging_mixin.py:190} INFO - [2025-11-29T11:35:54.784+0000] {dagbag.py:588} INFO - Filling up the DagBag from /home/airflow/.local/lib/python3.12/site-packages/airflow/example_dags/example_branch_datetime_operator.py
[2025-11-29T11:35:54.801+0000] {processor.py:925} INFO - DAG(s) 'example_branch_datetime_operator', 'example_branch_datetime_operator_3', 'example_branch_datetime_operator_2' retrieved from /home/airflow/.local/lib/python3.12/site-packages/airflow/example_dags/example_branch_datetime_operator.py
[2025-11-29T11:35:54.844+0000] {logging_mixin.py:190} INFO - [2025-11-29T11:35:54.844+0000] {dag.py:3239} INFO - Sync 3 DAGs
[2025-11-29T11:35:54.879+0000] {logging_mixin.py:190} INFO - [2025-11-29T11:35:54.878+0000] {dag.py:4180} INFO - Setting next_dagrun for example_branch_datetime_operator to 2025-11-28 00:00:00+00:00, run_after=2025-11-29 00:00:00+00:00
[2025-11-29T11:35:54.886+0000] {logging_mixin.py:190} INFO - [2025-11-29T11:35:54.885+0000] {dag.py:4180} INFO - Setting next_dagrun for example_branch_datetime_operator_2 to 2025-11-28 00:00:00+00:00, run_after=2025-11-29 00:00:00+00:00
[2025-11-29T11:35:54.889+0000] {logging_mixin.py:190} INFO - [2025-11-29T11:35:54.889+0000] {dag.py:4180} INFO - Setting next_dagrun for example_branch_datetime_operator_3 to 2025-11-28 00:00:00+00:00, run_after=2025-11-29 00:00:00+00:00
[2025-11-29T11:35:54.912+0000] {processor.py:208} INFO - Processing /home/airflow/.local/lib/python3.12/site-packages/airflow/example_dags/example_branch_datetime_operator.py took 0.139 seconds
[2025-11-29T11:36:25.495+0000] {processor.py:186} INFO - Started process (PID=2469) to work on /home/airflow/.local/lib/python3.12/site-packages/airflow/example_dags/example_branch_datetime_operator.py
[2025-11-29T11:36:25.496+0000] {processor.py:914} INFO - Processing file /home/airflow/.local/lib/python3.12/site-packages/airflow/example_dags/example_branch_datetime_operator.py for tasks to queue
[2025-11-29T11:36:25.498+0000] {logging_mixin.py:190} INFO - [2025-11-29T11:36:25.498+0000] {dagbag.py:588} INFO - Filling up the DagBag from /home/airflow/.local/lib/python3.12/site-packages/airflow/example_dags/example_branch_datetime_operator.py
[2025-11-29T11:36:25.514+0000] {processor.py:925} INFO - DAG(s) 'example_branch_datetime_operator', 'example_branch_datetime_operator_3', 'example_branch_datetime_operator_2' retrieved from /home/airflow/.local/lib/python3.12/site-packages/airflow/example_dags/example_branch_datetime_operator.py
[2025-11-29T11:36:25.549+0000] {logging_mixin.py:190} INFO - [2025-11-29T11:36:25.549+0000] {dag.py:3239} INFO - Sync 3 DAGs
[2025-11-29T11:36:25.580+0000] {logging_mixin.py:190} INFO - [2025-11-29T11:36:25.580+0000] {dag.py:4180} INFO - Setting next_dagrun for example_branch_datetime_operator to 2025-11-28 00:00:00+00:00, run_after=2025-11-29 00:00:00+00:00
[2025-11-29T11:36:25.585+0000] {logging_mixin.py:190} INFO - [2025-11-29T11:36:25.585+0000] {dag.py:4180} INFO - Setting next_dagrun for example_branch_datetime_operator_2 to 2025-11-28 00:00:00+00:00, run_after=2025-11-29 00:00:00+00:00
[2025-11-29T11:36:25.589+0000] {logging_mixin.py:190} INFO - [2025-11-29T11:36:25.588+0000] {dag.py:4180} INFO - Setting next_dagrun for example_branch_datetime_operator_3 to 2025-11-28 00:00:00+00:00, run_after=2025-11-29 00:00:00+00:00
[2025-11-29T11:36:25.606+0000] {processor.py:208} INFO - Processing /home/airflow/.local/lib/python3.12/site-packages/airflow/example_dags/example_branch_datetime_operator.py took 0.119 seconds
[2025-11-29T11:36:56.250+0000] {processor.py:186} INFO - Started process (PID=2537) to work on /home/airflow/.local/lib/python3.12/site-packages/airflow/example_dags/example_branch_datetime_operator.py
[2025-11-29T11:36:56.251+0000] {processor.py:914} INFO - Processing file /home/airflow/.local/lib/python3.12/site-packages/airflow/example_dags/example_branch_datetime_operator.py for tasks to queue
[2025-11-29T11:36:56.253+0000] {logging_mixin.py:190} INFO - [2025-11-29T11:36:56.253+0000] {dagbag.py:588} INFO - Filling up the DagBag from /home/airflow/.local/lib/python3.12/site-packages/airflow/example_dags/example_branch_datetime_operator.py
[2025-11-29T11:36:56.268+0000] {processor.py:925} INFO - DAG(s) 'example_branch_datetime_operator_2', 'example_branch_datetime_operator_3', 'example_branch_datetime_operator' retrieved from /home/airflow/.local/lib/python3.12/site-packages/airflow/example_dags/example_branch_datetime_operator.py
[2025-11-29T11:36:56.302+0000] {logging_mixin.py:190} INFO - [2025-11-29T11:36:56.302+0000] {dag.py:3239} INFO - Sync 3 DAGs
[2025-11-29T11:36:56.332+0000] {logging_mixin.py:190} INFO - [2025-11-29T11:36:56.332+0000] {dag.py:4180} INFO - Setting next_dagrun for example_branch_datetime_operator to 2025-11-28 00:00:00+00:00, run_after=2025-11-29 00:00:00+00:00
[2025-11-29T11:36:56.338+0000] {logging_mixin.py:190} INFO - [2025-11-29T11:36:56.337+0000] {dag.py:4180} INFO - Setting next_dagrun for example_branch_datetime_operator_2 to 2025-11-28 00:00:00+00:00, run_after=2025-11-29 00:00:00+00:00
[2025-11-29T11:36:56.341+0000] {logging_mixin.py:190} INFO - [2025-11-29T11:36:56.340+0000] {dag.py:4180} INFO - Setting next_dagrun for example_branch_datetime_operator_3 to 2025-11-28 00:00:00+00:00, run_after=2025-11-29 00:00:00+00:00
[2025-11-29T11:36:56.360+0000] {processor.py:208} INFO - Processing /home/airflow/.local/lib/python3.12/site-packages/airflow/example_dags/example_branch_datetime_operator.py took 0.118 seconds
[2025-11-29T11:37:27.123+0000] {processor.py:186} INFO - Started process (PID=2605) to work on /home/airflow/.local/lib/python3.12/site-packages/airflow/example_dags/example_branch_datetime_operator.py
[2025-11-29T11:37:27.125+0000] {processor.py:914} INFO - Processing file /home/airflow/.local/lib/python3.12/site-packages/airflow/example_dags/example_branch_datetime_operator.py for tasks to queue
[2025-11-29T11:37:27.128+0000] {logging_mixin.py:190} INFO - [2025-11-29T11:37:27.127+0000] {dagbag.py:588} INFO - Filling up the DagBag from /home/airflow/.local/lib/python3.12/site-packages/airflow/example_dags/example_branch_datetime_operator.py
[2025-11-29T11:37:27.151+0000] {processor.py:925} INFO - DAG(s) 'example_branch_datetime_operator_3', 'example_branch_datetime_operator', 'example_branch_datetime_operator_2' retrieved from /home/airflow/.local/lib/python3.12/site-packages/airflow/example_dags/example_branch_datetime_operator.py
[2025-11-29T11:37:27.203+0000] {logging_mixin.py:190} INFO - [2025-11-29T11:37:27.203+0000] {dag.py:3239} INFO - Sync 3 DAGs
[2025-11-29T11:37:27.237+0000] {logging_mixin.py:190} INFO - [2025-11-29T11:37:27.236+0000] {dag.py:4180} INFO - Setting next_dagrun for example_branch_datetime_operator to 2025-11-28 00:00:00+00:00, run_after=2025-11-29 00:00:00+00:00
[2025-11-29T11:37:27.245+0000] {logging_mixin.py:190} INFO - [2025-11-29T11:37:27.244+0000] {dag.py:4180} INFO - Setting next_dagrun for example_branch_datetime_operator_2 to 2025-11-28 00:00:00+00:00, run_after=2025-11-29 00:00:00+00:00
[2025-11-29T11:37:27.249+0000] {logging_mixin.py:190} INFO - [2025-11-29T11:37:27.248+0000] {dag.py:4180} INFO - Setting next_dagrun for example_branch_datetime_operator_3 to 2025-11-28 00:00:00+00:00, run_after=2025-11-29 00:00:00+00:00
[2025-11-29T11:37:27.273+0000] {processor.py:208} INFO - Processing /home/airflow/.local/lib/python3.12/site-packages/airflow/example_dags/example_branch_datetime_operator.py took 0.163 seconds
