[2025-11-29T11:19:03.082+0000] {processor.py:186} INFO - Started process (PID=130) to work on /home/airflow/.local/lib/python3.12/site-packages/airflow/example_dags/example_latest_only.py
[2025-11-29T11:19:03.083+0000] {processor.py:914} INFO - Processing file /home/airflow/.local/lib/python3.12/site-packages/airflow/example_dags/example_latest_only.py for tasks to queue
[2025-11-29T11:19:03.090+0000] {logging_mixin.py:190} INFO - [2025-11-29T11:19:03.089+0000] {dagbag.py:588} INFO - Filling up the DagBag from /home/airflow/.local/lib/python3.12/site-packages/airflow/example_dags/example_latest_only.py
[2025-11-29T11:19:03.102+0000] {processor.py:925} INFO - DAG(s) 'latest_only' retrieved from /home/airflow/.local/lib/python3.12/site-packages/airflow/example_dags/example_latest_only.py
[2025-11-29T11:19:03.231+0000] {logging_mixin.py:190} INFO - [2025-11-29T11:19:03.230+0000] {override.py:1911} INFO - Created Permission View: can delete on DAG:latest_only
[2025-11-29T11:19:03.243+0000] {logging_mixin.py:190} INFO - [2025-11-29T11:19:03.243+0000] {override.py:1911} INFO - Created Permission View: can read on DAG:latest_only
[2025-11-29T11:19:03.251+0000] {logging_mixin.py:190} INFO - [2025-11-29T11:19:03.251+0000] {override.py:1911} INFO - Created Permission View: can edit on DAG:latest_only
[2025-11-29T11:19:03.261+0000] {logging_mixin.py:190} INFO - [2025-11-29T11:19:03.261+0000] {override.py:1911} INFO - Created Permission View: menu access on DAG Run:latest_only
[2025-11-29T11:19:03.270+0000] {logging_mixin.py:190} INFO - [2025-11-29T11:19:03.269+0000] {override.py:1911} INFO - Created Permission View: can delete on DAG Run:latest_only
[2025-11-29T11:19:03.278+0000] {logging_mixin.py:190} INFO - [2025-11-29T11:19:03.278+0000] {override.py:1911} INFO - Created Permission View: can read on DAG Run:latest_only
[2025-11-29T11:19:03.287+0000] {logging_mixin.py:190} INFO - [2025-11-29T11:19:03.286+0000] {override.py:1911} INFO - Created Permission View: can create on DAG Run:latest_only
[2025-11-29T11:19:03.288+0000] {logging_mixin.py:190} INFO - [2025-11-29T11:19:03.287+0000] {dag.py:3239} INFO - Sync 1 DAGs
[2025-11-29T11:19:03.303+0000] {logging_mixin.py:190} INFO - [2025-11-29T11:19:03.302+0000] {dag.py:3262} INFO - Creating ORM DAG for latest_only
[2025-11-29T11:19:03.314+0000] {logging_mixin.py:190} INFO - [2025-11-29T11:19:03.314+0000] {dag.py:4180} INFO - Setting next_dagrun for latest_only to 2025-11-29 04:00:00+00:00, run_after=2025-11-29 08:00:00+00:00
[2025-11-29T11:19:03.335+0000] {processor.py:208} INFO - Processing /home/airflow/.local/lib/python3.12/site-packages/airflow/example_dags/example_latest_only.py took 0.261 seconds
[2025-11-29T11:19:33.403+0000] {processor.py:186} INFO - Started process (PID=198) to work on /home/airflow/.local/lib/python3.12/site-packages/airflow/example_dags/example_latest_only.py
[2025-11-29T11:19:33.405+0000] {processor.py:914} INFO - Processing file /home/airflow/.local/lib/python3.12/site-packages/airflow/example_dags/example_latest_only.py for tasks to queue
[2025-11-29T11:19:33.409+0000] {logging_mixin.py:190} INFO - [2025-11-29T11:19:33.408+0000] {dagbag.py:588} INFO - Filling up the DagBag from /home/airflow/.local/lib/python3.12/site-packages/airflow/example_dags/example_latest_only.py
[2025-11-29T11:19:33.418+0000] {processor.py:925} INFO - DAG(s) 'latest_only' retrieved from /home/airflow/.local/lib/python3.12/site-packages/airflow/example_dags/example_latest_only.py
[2025-11-29T11:19:33.446+0000] {logging_mixin.py:190} INFO - [2025-11-29T11:19:33.445+0000] {dag.py:3239} INFO - Sync 1 DAGs
[2025-11-29T11:19:33.470+0000] {logging_mixin.py:190} INFO - [2025-11-29T11:19:33.470+0000] {dag.py:4180} INFO - Setting next_dagrun for latest_only to 2025-11-29 04:00:00+00:00, run_after=2025-11-29 08:00:00+00:00
[2025-11-29T11:19:33.490+0000] {processor.py:208} INFO - Processing /home/airflow/.local/lib/python3.12/site-packages/airflow/example_dags/example_latest_only.py took 0.094 seconds
[2025-11-29T11:20:03.591+0000] {processor.py:186} INFO - Started process (PID=266) to work on /home/airflow/.local/lib/python3.12/site-packages/airflow/example_dags/example_latest_only.py
[2025-11-29T11:20:03.594+0000] {processor.py:914} INFO - Processing file /home/airflow/.local/lib/python3.12/site-packages/airflow/example_dags/example_latest_only.py for tasks to queue
[2025-11-29T11:20:03.598+0000] {logging_mixin.py:190} INFO - [2025-11-29T11:20:03.597+0000] {dagbag.py:588} INFO - Filling up the DagBag from /home/airflow/.local/lib/python3.12/site-packages/airflow/example_dags/example_latest_only.py
[2025-11-29T11:20:03.608+0000] {processor.py:925} INFO - DAG(s) 'latest_only' retrieved from /home/airflow/.local/lib/python3.12/site-packages/airflow/example_dags/example_latest_only.py
[2025-11-29T11:20:03.634+0000] {logging_mixin.py:190} INFO - [2025-11-29T11:20:03.633+0000] {dag.py:3239} INFO - Sync 1 DAGs
[2025-11-29T11:20:03.658+0000] {logging_mixin.py:190} INFO - [2025-11-29T11:20:03.657+0000] {dag.py:4180} INFO - Setting next_dagrun for latest_only to 2025-11-29 04:00:00+00:00, run_after=2025-11-29 08:00:00+00:00
[2025-11-29T11:20:03.680+0000] {processor.py:208} INFO - Processing /home/airflow/.local/lib/python3.12/site-packages/airflow/example_dags/example_latest_only.py took 0.096 seconds
[2025-11-29T11:20:33.752+0000] {processor.py:186} INFO - Started process (PID=335) to work on /home/airflow/.local/lib/python3.12/site-packages/airflow/example_dags/example_latest_only.py
[2025-11-29T11:20:33.753+0000] {processor.py:914} INFO - Processing file /home/airflow/.local/lib/python3.12/site-packages/airflow/example_dags/example_latest_only.py for tasks to queue
[2025-11-29T11:20:33.758+0000] {logging_mixin.py:190} INFO - [2025-11-29T11:20:33.758+0000] {dagbag.py:588} INFO - Filling up the DagBag from /home/airflow/.local/lib/python3.12/site-packages/airflow/example_dags/example_latest_only.py
[2025-11-29T11:20:33.770+0000] {processor.py:925} INFO - DAG(s) 'latest_only' retrieved from /home/airflow/.local/lib/python3.12/site-packages/airflow/example_dags/example_latest_only.py
[2025-11-29T11:20:33.802+0000] {logging_mixin.py:190} INFO - [2025-11-29T11:20:33.801+0000] {dag.py:3239} INFO - Sync 1 DAGs
[2025-11-29T11:20:33.828+0000] {logging_mixin.py:190} INFO - [2025-11-29T11:20:33.828+0000] {dag.py:4180} INFO - Setting next_dagrun for latest_only to 2025-11-29 04:00:00+00:00, run_after=2025-11-29 08:00:00+00:00
[2025-11-29T11:20:33.850+0000] {processor.py:208} INFO - Processing /home/airflow/.local/lib/python3.12/site-packages/airflow/example_dags/example_latest_only.py took 0.108 seconds
[2025-11-29T11:21:04.901+0000] {processor.py:186} INFO - Started process (PID=404) to work on /home/airflow/.local/lib/python3.12/site-packages/airflow/example_dags/example_latest_only.py
[2025-11-29T11:21:04.903+0000] {processor.py:914} INFO - Processing file /home/airflow/.local/lib/python3.12/site-packages/airflow/example_dags/example_latest_only.py for tasks to queue
[2025-11-29T11:21:04.907+0000] {logging_mixin.py:190} INFO - [2025-11-29T11:21:04.906+0000] {dagbag.py:588} INFO - Filling up the DagBag from /home/airflow/.local/lib/python3.12/site-packages/airflow/example_dags/example_latest_only.py
[2025-11-29T11:21:04.918+0000] {processor.py:925} INFO - DAG(s) 'latest_only' retrieved from /home/airflow/.local/lib/python3.12/site-packages/airflow/example_dags/example_latest_only.py
[2025-11-29T11:21:04.948+0000] {logging_mixin.py:190} INFO - [2025-11-29T11:21:04.947+0000] {dag.py:3239} INFO - Sync 1 DAGs
[2025-11-29T11:21:04.976+0000] {logging_mixin.py:190} INFO - [2025-11-29T11:21:04.975+0000] {dag.py:4180} INFO - Setting next_dagrun for latest_only to 2025-11-29 04:00:00+00:00, run_after=2025-11-29 08:00:00+00:00
[2025-11-29T11:21:04.999+0000] {processor.py:208} INFO - Processing /home/airflow/.local/lib/python3.12/site-packages/airflow/example_dags/example_latest_only.py took 0.106 seconds
[2025-11-29T11:21:36.261+0000] {processor.py:186} INFO - Started process (PID=472) to work on /home/airflow/.local/lib/python3.12/site-packages/airflow/example_dags/example_latest_only.py
[2025-11-29T11:21:36.263+0000] {processor.py:914} INFO - Processing file /home/airflow/.local/lib/python3.12/site-packages/airflow/example_dags/example_latest_only.py for tasks to queue
[2025-11-29T11:21:36.266+0000] {logging_mixin.py:190} INFO - [2025-11-29T11:21:36.266+0000] {dagbag.py:588} INFO - Filling up the DagBag from /home/airflow/.local/lib/python3.12/site-packages/airflow/example_dags/example_latest_only.py
[2025-11-29T11:21:36.276+0000] {processor.py:925} INFO - DAG(s) 'latest_only' retrieved from /home/airflow/.local/lib/python3.12/site-packages/airflow/example_dags/example_latest_only.py
[2025-11-29T11:21:36.313+0000] {logging_mixin.py:190} INFO - [2025-11-29T11:21:36.312+0000] {dag.py:3239} INFO - Sync 1 DAGs
[2025-11-29T11:21:36.348+0000] {logging_mixin.py:190} INFO - [2025-11-29T11:21:36.348+0000] {dag.py:4180} INFO - Setting next_dagrun for latest_only to 2025-11-29 04:00:00+00:00, run_after=2025-11-29 08:00:00+00:00
[2025-11-29T11:21:36.378+0000] {processor.py:208} INFO - Processing /home/airflow/.local/lib/python3.12/site-packages/airflow/example_dags/example_latest_only.py took 0.126 seconds
[2025-11-29T11:22:07.027+0000] {processor.py:186} INFO - Started process (PID=541) to work on /home/airflow/.local/lib/python3.12/site-packages/airflow/example_dags/example_latest_only.py
[2025-11-29T11:22:07.028+0000] {processor.py:914} INFO - Processing file /home/airflow/.local/lib/python3.12/site-packages/airflow/example_dags/example_latest_only.py for tasks to queue
[2025-11-29T11:22:07.032+0000] {logging_mixin.py:190} INFO - [2025-11-29T11:22:07.031+0000] {dagbag.py:588} INFO - Filling up the DagBag from /home/airflow/.local/lib/python3.12/site-packages/airflow/example_dags/example_latest_only.py
[2025-11-29T11:22:07.042+0000] {processor.py:925} INFO - DAG(s) 'latest_only' retrieved from /home/airflow/.local/lib/python3.12/site-packages/airflow/example_dags/example_latest_only.py
[2025-11-29T11:22:07.068+0000] {logging_mixin.py:190} INFO - [2025-11-29T11:22:07.067+0000] {dag.py:3239} INFO - Sync 1 DAGs
[2025-11-29T11:22:07.096+0000] {logging_mixin.py:190} INFO - [2025-11-29T11:22:07.095+0000] {dag.py:4180} INFO - Setting next_dagrun for latest_only to 2025-11-29 04:00:00+00:00, run_after=2025-11-29 08:00:00+00:00
[2025-11-29T11:22:07.117+0000] {processor.py:208} INFO - Processing /home/airflow/.local/lib/python3.12/site-packages/airflow/example_dags/example_latest_only.py took 0.097 seconds
[2025-11-29T11:22:38.241+0000] {processor.py:186} INFO - Started process (PID=610) to work on /home/airflow/.local/lib/python3.12/site-packages/airflow/example_dags/example_latest_only.py
[2025-11-29T11:22:38.243+0000] {processor.py:914} INFO - Processing file /home/airflow/.local/lib/python3.12/site-packages/airflow/example_dags/example_latest_only.py for tasks to queue
[2025-11-29T11:22:38.246+0000] {logging_mixin.py:190} INFO - [2025-11-29T11:22:38.246+0000] {dagbag.py:588} INFO - Filling up the DagBag from /home/airflow/.local/lib/python3.12/site-packages/airflow/example_dags/example_latest_only.py
[2025-11-29T11:22:38.258+0000] {processor.py:925} INFO - DAG(s) 'latest_only' retrieved from /home/airflow/.local/lib/python3.12/site-packages/airflow/example_dags/example_latest_only.py
[2025-11-29T11:22:38.300+0000] {logging_mixin.py:190} INFO - [2025-11-29T11:22:38.293+0000] {dag.py:3239} INFO - Sync 1 DAGs
[2025-11-29T11:22:38.332+0000] {logging_mixin.py:190} INFO - [2025-11-29T11:22:38.332+0000] {dag.py:4180} INFO - Setting next_dagrun for latest_only to 2025-11-29 04:00:00+00:00, run_after=2025-11-29 08:00:00+00:00
[2025-11-29T11:22:38.354+0000] {processor.py:208} INFO - Processing /home/airflow/.local/lib/python3.12/site-packages/airflow/example_dags/example_latest_only.py took 0.122 seconds
[2025-11-29T11:23:08.831+0000] {processor.py:186} INFO - Started process (PID=678) to work on /home/airflow/.local/lib/python3.12/site-packages/airflow/example_dags/example_latest_only.py
[2025-11-29T11:23:08.832+0000] {processor.py:914} INFO - Processing file /home/airflow/.local/lib/python3.12/site-packages/airflow/example_dags/example_latest_only.py for tasks to queue
[2025-11-29T11:23:08.837+0000] {logging_mixin.py:190} INFO - [2025-11-29T11:23:08.836+0000] {dagbag.py:588} INFO - Filling up the DagBag from /home/airflow/.local/lib/python3.12/site-packages/airflow/example_dags/example_latest_only.py
[2025-11-29T11:23:08.850+0000] {processor.py:925} INFO - DAG(s) 'latest_only' retrieved from /home/airflow/.local/lib/python3.12/site-packages/airflow/example_dags/example_latest_only.py
[2025-11-29T11:23:08.881+0000] {logging_mixin.py:190} INFO - [2025-11-29T11:23:08.880+0000] {dag.py:3239} INFO - Sync 1 DAGs
[2025-11-29T11:23:08.915+0000] {logging_mixin.py:190} INFO - [2025-11-29T11:23:08.915+0000] {dag.py:4180} INFO - Setting next_dagrun for latest_only to 2025-11-29 04:00:00+00:00, run_after=2025-11-29 08:00:00+00:00
[2025-11-29T11:23:08.939+0000] {processor.py:208} INFO - Processing /home/airflow/.local/lib/python3.12/site-packages/airflow/example_dags/example_latest_only.py took 0.119 seconds
[2025-11-29T11:23:39.324+0000] {processor.py:186} INFO - Started process (PID=746) to work on /home/airflow/.local/lib/python3.12/site-packages/airflow/example_dags/example_latest_only.py
[2025-11-29T11:23:39.325+0000] {processor.py:914} INFO - Processing file /home/airflow/.local/lib/python3.12/site-packages/airflow/example_dags/example_latest_only.py for tasks to queue
[2025-11-29T11:23:39.329+0000] {logging_mixin.py:190} INFO - [2025-11-29T11:23:39.328+0000] {dagbag.py:588} INFO - Filling up the DagBag from /home/airflow/.local/lib/python3.12/site-packages/airflow/example_dags/example_latest_only.py
[2025-11-29T11:23:39.339+0000] {processor.py:925} INFO - DAG(s) 'latest_only' retrieved from /home/airflow/.local/lib/python3.12/site-packages/airflow/example_dags/example_latest_only.py
[2025-11-29T11:23:39.367+0000] {logging_mixin.py:190} INFO - [2025-11-29T11:23:39.367+0000] {dag.py:3239} INFO - Sync 1 DAGs
[2025-11-29T11:23:39.394+0000] {logging_mixin.py:190} INFO - [2025-11-29T11:23:39.394+0000] {dag.py:4180} INFO - Setting next_dagrun for latest_only to 2025-11-29 04:00:00+00:00, run_after=2025-11-29 08:00:00+00:00
[2025-11-29T11:23:39.418+0000] {processor.py:208} INFO - Processing /home/airflow/.local/lib/python3.12/site-packages/airflow/example_dags/example_latest_only.py took 0.103 seconds
[2025-11-29T11:24:09.623+0000] {processor.py:186} INFO - Started process (PID=815) to work on /home/airflow/.local/lib/python3.12/site-packages/airflow/example_dags/example_latest_only.py
[2025-11-29T11:24:09.625+0000] {processor.py:914} INFO - Processing file /home/airflow/.local/lib/python3.12/site-packages/airflow/example_dags/example_latest_only.py for tasks to queue
[2025-11-29T11:24:09.627+0000] {logging_mixin.py:190} INFO - [2025-11-29T11:24:09.626+0000] {dagbag.py:588} INFO - Filling up the DagBag from /home/airflow/.local/lib/python3.12/site-packages/airflow/example_dags/example_latest_only.py
[2025-11-29T11:24:09.638+0000] {processor.py:925} INFO - DAG(s) 'latest_only' retrieved from /home/airflow/.local/lib/python3.12/site-packages/airflow/example_dags/example_latest_only.py
[2025-11-29T11:24:09.666+0000] {logging_mixin.py:190} INFO - [2025-11-29T11:24:09.666+0000] {dag.py:3239} INFO - Sync 1 DAGs
[2025-11-29T11:24:09.695+0000] {logging_mixin.py:190} INFO - [2025-11-29T11:24:09.695+0000] {dag.py:4180} INFO - Setting next_dagrun for latest_only to 2025-11-29 04:00:00+00:00, run_after=2025-11-29 08:00:00+00:00
[2025-11-29T11:24:09.722+0000] {processor.py:208} INFO - Processing /home/airflow/.local/lib/python3.12/site-packages/airflow/example_dags/example_latest_only.py took 0.105 seconds
[2025-11-29T11:24:40.189+0000] {processor.py:186} INFO - Started process (PID=883) to work on /home/airflow/.local/lib/python3.12/site-packages/airflow/example_dags/example_latest_only.py
[2025-11-29T11:24:40.190+0000] {processor.py:914} INFO - Processing file /home/airflow/.local/lib/python3.12/site-packages/airflow/example_dags/example_latest_only.py for tasks to queue
[2025-11-29T11:24:40.192+0000] {logging_mixin.py:190} INFO - [2025-11-29T11:24:40.192+0000] {dagbag.py:588} INFO - Filling up the DagBag from /home/airflow/.local/lib/python3.12/site-packages/airflow/example_dags/example_latest_only.py
[2025-11-29T11:24:40.203+0000] {processor.py:925} INFO - DAG(s) 'latest_only' retrieved from /home/airflow/.local/lib/python3.12/site-packages/airflow/example_dags/example_latest_only.py
[2025-11-29T11:24:40.229+0000] {logging_mixin.py:190} INFO - [2025-11-29T11:24:40.229+0000] {dag.py:3239} INFO - Sync 1 DAGs
[2025-11-29T11:24:40.254+0000] {logging_mixin.py:190} INFO - [2025-11-29T11:24:40.254+0000] {dag.py:4180} INFO - Setting next_dagrun for latest_only to 2025-11-29 04:00:00+00:00, run_after=2025-11-29 08:00:00+00:00
[2025-11-29T11:24:40.277+0000] {processor.py:208} INFO - Processing /home/airflow/.local/lib/python3.12/site-packages/airflow/example_dags/example_latest_only.py took 0.096 seconds
[2025-11-29T11:25:11.227+0000] {processor.py:186} INFO - Started process (PID=951) to work on /home/airflow/.local/lib/python3.12/site-packages/airflow/example_dags/example_latest_only.py
[2025-11-29T11:25:11.228+0000] {processor.py:914} INFO - Processing file /home/airflow/.local/lib/python3.12/site-packages/airflow/example_dags/example_latest_only.py for tasks to queue
[2025-11-29T11:25:11.231+0000] {logging_mixin.py:190} INFO - [2025-11-29T11:25:11.230+0000] {dagbag.py:588} INFO - Filling up the DagBag from /home/airflow/.local/lib/python3.12/site-packages/airflow/example_dags/example_latest_only.py
[2025-11-29T11:25:11.243+0000] {processor.py:925} INFO - DAG(s) 'latest_only' retrieved from /home/airflow/.local/lib/python3.12/site-packages/airflow/example_dags/example_latest_only.py
[2025-11-29T11:25:11.270+0000] {logging_mixin.py:190} INFO - [2025-11-29T11:25:11.270+0000] {dag.py:3239} INFO - Sync 1 DAGs
[2025-11-29T11:25:11.297+0000] {logging_mixin.py:190} INFO - [2025-11-29T11:25:11.296+0000] {dag.py:4180} INFO - Setting next_dagrun for latest_only to 2025-11-29 04:00:00+00:00, run_after=2025-11-29 08:00:00+00:00
[2025-11-29T11:25:11.319+0000] {processor.py:208} INFO - Processing /home/airflow/.local/lib/python3.12/site-packages/airflow/example_dags/example_latest_only.py took 0.102 seconds
[2025-11-29T11:25:41.441+0000] {processor.py:186} INFO - Started process (PID=1019) to work on /home/airflow/.local/lib/python3.12/site-packages/airflow/example_dags/example_latest_only.py
[2025-11-29T11:25:41.442+0000] {processor.py:914} INFO - Processing file /home/airflow/.local/lib/python3.12/site-packages/airflow/example_dags/example_latest_only.py for tasks to queue
[2025-11-29T11:25:41.444+0000] {logging_mixin.py:190} INFO - [2025-11-29T11:25:41.444+0000] {dagbag.py:588} INFO - Filling up the DagBag from /home/airflow/.local/lib/python3.12/site-packages/airflow/example_dags/example_latest_only.py
[2025-11-29T11:25:41.455+0000] {processor.py:925} INFO - DAG(s) 'latest_only' retrieved from /home/airflow/.local/lib/python3.12/site-packages/airflow/example_dags/example_latest_only.py
[2025-11-29T11:25:41.481+0000] {logging_mixin.py:190} INFO - [2025-11-29T11:25:41.481+0000] {dag.py:3239} INFO - Sync 1 DAGs
[2025-11-29T11:25:41.509+0000] {logging_mixin.py:190} INFO - [2025-11-29T11:25:41.509+0000] {dag.py:4180} INFO - Setting next_dagrun for latest_only to 2025-11-29 04:00:00+00:00, run_after=2025-11-29 08:00:00+00:00
[2025-11-29T11:25:41.538+0000] {processor.py:208} INFO - Processing /home/airflow/.local/lib/python3.12/site-packages/airflow/example_dags/example_latest_only.py took 0.104 seconds
[2025-11-29T11:26:11.996+0000] {processor.py:186} INFO - Started process (PID=1088) to work on /home/airflow/.local/lib/python3.12/site-packages/airflow/example_dags/example_latest_only.py
[2025-11-29T11:26:11.997+0000] {processor.py:914} INFO - Processing file /home/airflow/.local/lib/python3.12/site-packages/airflow/example_dags/example_latest_only.py for tasks to queue
[2025-11-29T11:26:11.999+0000] {logging_mixin.py:190} INFO - [2025-11-29T11:26:11.999+0000] {dagbag.py:588} INFO - Filling up the DagBag from /home/airflow/.local/lib/python3.12/site-packages/airflow/example_dags/example_latest_only.py
[2025-11-29T11:26:12.011+0000] {processor.py:925} INFO - DAG(s) 'latest_only' retrieved from /home/airflow/.local/lib/python3.12/site-packages/airflow/example_dags/example_latest_only.py
[2025-11-29T11:26:12.039+0000] {logging_mixin.py:190} INFO - [2025-11-29T11:26:12.039+0000] {dag.py:3239} INFO - Sync 1 DAGs
[2025-11-29T11:26:12.066+0000] {logging_mixin.py:190} INFO - [2025-11-29T11:26:12.066+0000] {dag.py:4180} INFO - Setting next_dagrun for latest_only to 2025-11-29 04:00:00+00:00, run_after=2025-11-29 08:00:00+00:00
[2025-11-29T11:26:12.091+0000] {processor.py:208} INFO - Processing /home/airflow/.local/lib/python3.12/site-packages/airflow/example_dags/example_latest_only.py took 0.102 seconds
[2025-11-29T11:26:42.437+0000] {processor.py:186} INFO - Started process (PID=1156) to work on /home/airflow/.local/lib/python3.12/site-packages/airflow/example_dags/example_latest_only.py
[2025-11-29T11:26:42.439+0000] {processor.py:914} INFO - Processing file /home/airflow/.local/lib/python3.12/site-packages/airflow/example_dags/example_latest_only.py for tasks to queue
[2025-11-29T11:26:42.441+0000] {logging_mixin.py:190} INFO - [2025-11-29T11:26:42.440+0000] {dagbag.py:588} INFO - Filling up the DagBag from /home/airflow/.local/lib/python3.12/site-packages/airflow/example_dags/example_latest_only.py
[2025-11-29T11:26:42.451+0000] {processor.py:925} INFO - DAG(s) 'latest_only' retrieved from /home/airflow/.local/lib/python3.12/site-packages/airflow/example_dags/example_latest_only.py
[2025-11-29T11:26:42.477+0000] {logging_mixin.py:190} INFO - [2025-11-29T11:26:42.476+0000] {dag.py:3239} INFO - Sync 1 DAGs
[2025-11-29T11:26:42.501+0000] {logging_mixin.py:190} INFO - [2025-11-29T11:26:42.500+0000] {dag.py:4180} INFO - Setting next_dagrun for latest_only to 2025-11-29 04:00:00+00:00, run_after=2025-11-29 08:00:00+00:00
[2025-11-29T11:26:42.522+0000] {processor.py:208} INFO - Processing /home/airflow/.local/lib/python3.12/site-packages/airflow/example_dags/example_latest_only.py took 0.093 seconds
[2025-11-29T11:27:13.061+0000] {processor.py:186} INFO - Started process (PID=1224) to work on /home/airflow/.local/lib/python3.12/site-packages/airflow/example_dags/example_latest_only.py
[2025-11-29T11:27:13.062+0000] {processor.py:914} INFO - Processing file /home/airflow/.local/lib/python3.12/site-packages/airflow/example_dags/example_latest_only.py for tasks to queue
[2025-11-29T11:27:13.065+0000] {logging_mixin.py:190} INFO - [2025-11-29T11:27:13.064+0000] {dagbag.py:588} INFO - Filling up the DagBag from /home/airflow/.local/lib/python3.12/site-packages/airflow/example_dags/example_latest_only.py
[2025-11-29T11:27:13.076+0000] {processor.py:925} INFO - DAG(s) 'latest_only' retrieved from /home/airflow/.local/lib/python3.12/site-packages/airflow/example_dags/example_latest_only.py
[2025-11-29T11:27:13.105+0000] {logging_mixin.py:190} INFO - [2025-11-29T11:27:13.105+0000] {dag.py:3239} INFO - Sync 1 DAGs
[2025-11-29T11:27:13.133+0000] {logging_mixin.py:190} INFO - [2025-11-29T11:27:13.133+0000] {dag.py:4180} INFO - Setting next_dagrun for latest_only to 2025-11-29 04:00:00+00:00, run_after=2025-11-29 08:00:00+00:00
[2025-11-29T11:27:13.157+0000] {processor.py:208} INFO - Processing /home/airflow/.local/lib/python3.12/site-packages/airflow/example_dags/example_latest_only.py took 0.103 seconds
[2025-11-29T11:27:44.150+0000] {processor.py:186} INFO - Started process (PID=1292) to work on /home/airflow/.local/lib/python3.12/site-packages/airflow/example_dags/example_latest_only.py
[2025-11-29T11:27:44.151+0000] {processor.py:914} INFO - Processing file /home/airflow/.local/lib/python3.12/site-packages/airflow/example_dags/example_latest_only.py for tasks to queue
[2025-11-29T11:27:44.153+0000] {logging_mixin.py:190} INFO - [2025-11-29T11:27:44.152+0000] {dagbag.py:588} INFO - Filling up the DagBag from /home/airflow/.local/lib/python3.12/site-packages/airflow/example_dags/example_latest_only.py
[2025-11-29T11:27:44.165+0000] {processor.py:925} INFO - DAG(s) 'latest_only' retrieved from /home/airflow/.local/lib/python3.12/site-packages/airflow/example_dags/example_latest_only.py
[2025-11-29T11:27:44.195+0000] {logging_mixin.py:190} INFO - [2025-11-29T11:27:44.195+0000] {dag.py:3239} INFO - Sync 1 DAGs
[2025-11-29T11:27:44.231+0000] {logging_mixin.py:190} INFO - [2025-11-29T11:27:44.231+0000] {dag.py:4180} INFO - Setting next_dagrun for latest_only to 2025-11-29 04:00:00+00:00, run_after=2025-11-29 08:00:00+00:00
[2025-11-29T11:27:44.259+0000] {processor.py:208} INFO - Processing /home/airflow/.local/lib/python3.12/site-packages/airflow/example_dags/example_latest_only.py took 0.117 seconds
[2025-11-29T11:28:14.717+0000] {processor.py:186} INFO - Started process (PID=1361) to work on /home/airflow/.local/lib/python3.12/site-packages/airflow/example_dags/example_latest_only.py
[2025-11-29T11:28:14.718+0000] {processor.py:914} INFO - Processing file /home/airflow/.local/lib/python3.12/site-packages/airflow/example_dags/example_latest_only.py for tasks to queue
[2025-11-29T11:28:14.720+0000] {logging_mixin.py:190} INFO - [2025-11-29T11:28:14.719+0000] {dagbag.py:588} INFO - Filling up the DagBag from /home/airflow/.local/lib/python3.12/site-packages/airflow/example_dags/example_latest_only.py
[2025-11-29T11:28:14.730+0000] {processor.py:925} INFO - DAG(s) 'latest_only' retrieved from /home/airflow/.local/lib/python3.12/site-packages/airflow/example_dags/example_latest_only.py
[2025-11-29T11:28:14.759+0000] {logging_mixin.py:190} INFO - [2025-11-29T11:28:14.758+0000] {dag.py:3239} INFO - Sync 1 DAGs
[2025-11-29T11:28:14.786+0000] {logging_mixin.py:190} INFO - [2025-11-29T11:28:14.785+0000] {dag.py:4180} INFO - Setting next_dagrun for latest_only to 2025-11-29 04:00:00+00:00, run_after=2025-11-29 08:00:00+00:00
[2025-11-29T11:28:14.808+0000] {processor.py:208} INFO - Processing /home/airflow/.local/lib/python3.12/site-packages/airflow/example_dags/example_latest_only.py took 0.098 seconds
[2025-11-29T11:28:45.017+0000] {processor.py:186} INFO - Started process (PID=1429) to work on /home/airflow/.local/lib/python3.12/site-packages/airflow/example_dags/example_latest_only.py
[2025-11-29T11:28:45.019+0000] {processor.py:914} INFO - Processing file /home/airflow/.local/lib/python3.12/site-packages/airflow/example_dags/example_latest_only.py for tasks to queue
[2025-11-29T11:28:45.021+0000] {logging_mixin.py:190} INFO - [2025-11-29T11:28:45.020+0000] {dagbag.py:588} INFO - Filling up the DagBag from /home/airflow/.local/lib/python3.12/site-packages/airflow/example_dags/example_latest_only.py
[2025-11-29T11:28:45.033+0000] {processor.py:925} INFO - DAG(s) 'latest_only' retrieved from /home/airflow/.local/lib/python3.12/site-packages/airflow/example_dags/example_latest_only.py
[2025-11-29T11:28:45.065+0000] {logging_mixin.py:190} INFO - [2025-11-29T11:28:45.064+0000] {dag.py:3239} INFO - Sync 1 DAGs
[2025-11-29T11:28:45.094+0000] {logging_mixin.py:190} INFO - [2025-11-29T11:28:45.094+0000] {dag.py:4180} INFO - Setting next_dagrun for latest_only to 2025-11-29 04:00:00+00:00, run_after=2025-11-29 08:00:00+00:00
[2025-11-29T11:28:45.120+0000] {processor.py:208} INFO - Processing /home/airflow/.local/lib/python3.12/site-packages/airflow/example_dags/example_latest_only.py took 0.111 seconds
[2025-11-29T11:29:15.839+0000] {processor.py:186} INFO - Started process (PID=1497) to work on /home/airflow/.local/lib/python3.12/site-packages/airflow/example_dags/example_latest_only.py
[2025-11-29T11:29:15.842+0000] {processor.py:914} INFO - Processing file /home/airflow/.local/lib/python3.12/site-packages/airflow/example_dags/example_latest_only.py for tasks to queue
[2025-11-29T11:29:15.844+0000] {logging_mixin.py:190} INFO - [2025-11-29T11:29:15.843+0000] {dagbag.py:588} INFO - Filling up the DagBag from /home/airflow/.local/lib/python3.12/site-packages/airflow/example_dags/example_latest_only.py
[2025-11-29T11:29:15.856+0000] {processor.py:925} INFO - DAG(s) 'latest_only' retrieved from /home/airflow/.local/lib/python3.12/site-packages/airflow/example_dags/example_latest_only.py
[2025-11-29T11:29:15.883+0000] {logging_mixin.py:190} INFO - [2025-11-29T11:29:15.882+0000] {dag.py:3239} INFO - Sync 1 DAGs
[2025-11-29T11:29:15.909+0000] {logging_mixin.py:190} INFO - [2025-11-29T11:29:15.909+0000] {dag.py:4180} INFO - Setting next_dagrun for latest_only to 2025-11-29 04:00:00+00:00, run_after=2025-11-29 08:00:00+00:00
[2025-11-29T11:29:15.931+0000] {processor.py:208} INFO - Processing /home/airflow/.local/lib/python3.12/site-packages/airflow/example_dags/example_latest_only.py took 0.103 seconds
[2025-11-29T11:29:46.286+0000] {processor.py:186} INFO - Started process (PID=1567) to work on /home/airflow/.local/lib/python3.12/site-packages/airflow/example_dags/example_latest_only.py
[2025-11-29T11:29:46.288+0000] {processor.py:914} INFO - Processing file /home/airflow/.local/lib/python3.12/site-packages/airflow/example_dags/example_latest_only.py for tasks to queue
[2025-11-29T11:29:46.289+0000] {logging_mixin.py:190} INFO - [2025-11-29T11:29:46.289+0000] {dagbag.py:588} INFO - Filling up the DagBag from /home/airflow/.local/lib/python3.12/site-packages/airflow/example_dags/example_latest_only.py
[2025-11-29T11:29:46.300+0000] {processor.py:925} INFO - DAG(s) 'latest_only' retrieved from /home/airflow/.local/lib/python3.12/site-packages/airflow/example_dags/example_latest_only.py
[2025-11-29T11:29:46.327+0000] {logging_mixin.py:190} INFO - [2025-11-29T11:29:46.327+0000] {dag.py:3239} INFO - Sync 1 DAGs
[2025-11-29T11:29:46.353+0000] {logging_mixin.py:190} INFO - [2025-11-29T11:29:46.353+0000] {dag.py:4180} INFO - Setting next_dagrun for latest_only to 2025-11-29 04:00:00+00:00, run_after=2025-11-29 08:00:00+00:00
[2025-11-29T11:29:46.376+0000] {processor.py:208} INFO - Processing /home/airflow/.local/lib/python3.12/site-packages/airflow/example_dags/example_latest_only.py took 0.099 seconds
[2025-11-29T11:30:16.825+0000] {processor.py:186} INFO - Started process (PID=1636) to work on /home/airflow/.local/lib/python3.12/site-packages/airflow/example_dags/example_latest_only.py
[2025-11-29T11:30:16.827+0000] {processor.py:914} INFO - Processing file /home/airflow/.local/lib/python3.12/site-packages/airflow/example_dags/example_latest_only.py for tasks to queue
[2025-11-29T11:30:16.828+0000] {logging_mixin.py:190} INFO - [2025-11-29T11:30:16.828+0000] {dagbag.py:588} INFO - Filling up the DagBag from /home/airflow/.local/lib/python3.12/site-packages/airflow/example_dags/example_latest_only.py
[2025-11-29T11:30:16.840+0000] {processor.py:925} INFO - DAG(s) 'latest_only' retrieved from /home/airflow/.local/lib/python3.12/site-packages/airflow/example_dags/example_latest_only.py
[2025-11-29T11:30:16.869+0000] {logging_mixin.py:190} INFO - [2025-11-29T11:30:16.868+0000] {dag.py:3239} INFO - Sync 1 DAGs
[2025-11-29T11:30:16.894+0000] {logging_mixin.py:190} INFO - [2025-11-29T11:30:16.894+0000] {dag.py:4180} INFO - Setting next_dagrun for latest_only to 2025-11-29 04:00:00+00:00, run_after=2025-11-29 08:00:00+00:00
[2025-11-29T11:30:16.919+0000] {processor.py:208} INFO - Processing /home/airflow/.local/lib/python3.12/site-packages/airflow/example_dags/example_latest_only.py took 0.102 seconds
[2025-11-29T11:30:47.497+0000] {processor.py:186} INFO - Started process (PID=1704) to work on /home/airflow/.local/lib/python3.12/site-packages/airflow/example_dags/example_latest_only.py
[2025-11-29T11:30:47.498+0000] {processor.py:914} INFO - Processing file /home/airflow/.local/lib/python3.12/site-packages/airflow/example_dags/example_latest_only.py for tasks to queue
[2025-11-29T11:30:47.500+0000] {logging_mixin.py:190} INFO - [2025-11-29T11:30:47.500+0000] {dagbag.py:588} INFO - Filling up the DagBag from /home/airflow/.local/lib/python3.12/site-packages/airflow/example_dags/example_latest_only.py
[2025-11-29T11:30:47.511+0000] {processor.py:925} INFO - DAG(s) 'latest_only' retrieved from /home/airflow/.local/lib/python3.12/site-packages/airflow/example_dags/example_latest_only.py
[2025-11-29T11:30:47.536+0000] {logging_mixin.py:190} INFO - [2025-11-29T11:30:47.536+0000] {dag.py:3239} INFO - Sync 1 DAGs
[2025-11-29T11:30:47.560+0000] {logging_mixin.py:190} INFO - [2025-11-29T11:30:47.560+0000] {dag.py:4180} INFO - Setting next_dagrun for latest_only to 2025-11-29 04:00:00+00:00, run_after=2025-11-29 08:00:00+00:00
[2025-11-29T11:30:47.583+0000] {processor.py:208} INFO - Processing /home/airflow/.local/lib/python3.12/site-packages/airflow/example_dags/example_latest_only.py took 0.094 seconds
[2025-11-29T11:31:17.801+0000] {processor.py:186} INFO - Started process (PID=1772) to work on /home/airflow/.local/lib/python3.12/site-packages/airflow/example_dags/example_latest_only.py
[2025-11-29T11:31:17.802+0000] {processor.py:914} INFO - Processing file /home/airflow/.local/lib/python3.12/site-packages/airflow/example_dags/example_latest_only.py for tasks to queue
[2025-11-29T11:31:17.804+0000] {logging_mixin.py:190} INFO - [2025-11-29T11:31:17.804+0000] {dagbag.py:588} INFO - Filling up the DagBag from /home/airflow/.local/lib/python3.12/site-packages/airflow/example_dags/example_latest_only.py
[2025-11-29T11:31:17.816+0000] {processor.py:925} INFO - DAG(s) 'latest_only' retrieved from /home/airflow/.local/lib/python3.12/site-packages/airflow/example_dags/example_latest_only.py
[2025-11-29T11:31:17.847+0000] {logging_mixin.py:190} INFO - [2025-11-29T11:31:17.846+0000] {dag.py:3239} INFO - Sync 1 DAGs
[2025-11-29T11:31:17.872+0000] {logging_mixin.py:190} INFO - [2025-11-29T11:31:17.872+0000] {dag.py:4180} INFO - Setting next_dagrun for latest_only to 2025-11-29 04:00:00+00:00, run_after=2025-11-29 08:00:00+00:00
[2025-11-29T11:31:17.898+0000] {processor.py:208} INFO - Processing /home/airflow/.local/lib/python3.12/site-packages/airflow/example_dags/example_latest_only.py took 0.105 seconds
[2025-11-29T11:31:48.229+0000] {processor.py:186} INFO - Started process (PID=1840) to work on /home/airflow/.local/lib/python3.12/site-packages/airflow/example_dags/example_latest_only.py
[2025-11-29T11:31:48.230+0000] {processor.py:914} INFO - Processing file /home/airflow/.local/lib/python3.12/site-packages/airflow/example_dags/example_latest_only.py for tasks to queue
[2025-11-29T11:31:48.232+0000] {logging_mixin.py:190} INFO - [2025-11-29T11:31:48.231+0000] {dagbag.py:588} INFO - Filling up the DagBag from /home/airflow/.local/lib/python3.12/site-packages/airflow/example_dags/example_latest_only.py
[2025-11-29T11:31:48.243+0000] {processor.py:925} INFO - DAG(s) 'latest_only' retrieved from /home/airflow/.local/lib/python3.12/site-packages/airflow/example_dags/example_latest_only.py
[2025-11-29T11:31:48.268+0000] {logging_mixin.py:190} INFO - [2025-11-29T11:31:48.267+0000] {dag.py:3239} INFO - Sync 1 DAGs
[2025-11-29T11:31:48.292+0000] {logging_mixin.py:190} INFO - [2025-11-29T11:31:48.292+0000] {dag.py:4180} INFO - Setting next_dagrun for latest_only to 2025-11-29 04:00:00+00:00, run_after=2025-11-29 08:00:00+00:00
[2025-11-29T11:31:48.314+0000] {processor.py:208} INFO - Processing /home/airflow/.local/lib/python3.12/site-packages/airflow/example_dags/example_latest_only.py took 0.092 seconds
[2025-11-29T11:32:18.743+0000] {processor.py:186} INFO - Started process (PID=1908) to work on /home/airflow/.local/lib/python3.12/site-packages/airflow/example_dags/example_latest_only.py
[2025-11-29T11:32:18.745+0000] {processor.py:914} INFO - Processing file /home/airflow/.local/lib/python3.12/site-packages/airflow/example_dags/example_latest_only.py for tasks to queue
[2025-11-29T11:32:18.747+0000] {logging_mixin.py:190} INFO - [2025-11-29T11:32:18.746+0000] {dagbag.py:588} INFO - Filling up the DagBag from /home/airflow/.local/lib/python3.12/site-packages/airflow/example_dags/example_latest_only.py
[2025-11-29T11:32:18.759+0000] {processor.py:925} INFO - DAG(s) 'latest_only' retrieved from /home/airflow/.local/lib/python3.12/site-packages/airflow/example_dags/example_latest_only.py
[2025-11-29T11:32:18.786+0000] {logging_mixin.py:190} INFO - [2025-11-29T11:32:18.786+0000] {dag.py:3239} INFO - Sync 1 DAGs
[2025-11-29T11:32:18.813+0000] {logging_mixin.py:190} INFO - [2025-11-29T11:32:18.812+0000] {dag.py:4180} INFO - Setting next_dagrun for latest_only to 2025-11-29 04:00:00+00:00, run_after=2025-11-29 08:00:00+00:00
[2025-11-29T11:32:18.836+0000] {processor.py:208} INFO - Processing /home/airflow/.local/lib/python3.12/site-packages/airflow/example_dags/example_latest_only.py took 0.101 seconds
[2025-11-29T11:32:49.543+0000] {processor.py:186} INFO - Started process (PID=1977) to work on /home/airflow/.local/lib/python3.12/site-packages/airflow/example_dags/example_latest_only.py
[2025-11-29T11:32:49.544+0000] {processor.py:914} INFO - Processing file /home/airflow/.local/lib/python3.12/site-packages/airflow/example_dags/example_latest_only.py for tasks to queue
[2025-11-29T11:32:49.546+0000] {logging_mixin.py:190} INFO - [2025-11-29T11:32:49.546+0000] {dagbag.py:588} INFO - Filling up the DagBag from /home/airflow/.local/lib/python3.12/site-packages/airflow/example_dags/example_latest_only.py
[2025-11-29T11:32:49.557+0000] {processor.py:925} INFO - DAG(s) 'latest_only' retrieved from /home/airflow/.local/lib/python3.12/site-packages/airflow/example_dags/example_latest_only.py
[2025-11-29T11:32:49.584+0000] {logging_mixin.py:190} INFO - [2025-11-29T11:32:49.584+0000] {dag.py:3239} INFO - Sync 1 DAGs
[2025-11-29T11:32:49.611+0000] {logging_mixin.py:190} INFO - [2025-11-29T11:32:49.611+0000] {dag.py:4180} INFO - Setting next_dagrun for latest_only to 2025-11-29 04:00:00+00:00, run_after=2025-11-29 08:00:00+00:00
[2025-11-29T11:32:49.634+0000] {processor.py:208} INFO - Processing /home/airflow/.local/lib/python3.12/site-packages/airflow/example_dags/example_latest_only.py took 0.099 seconds
[2025-11-29T11:33:20.584+0000] {processor.py:186} INFO - Started process (PID=2045) to work on /home/airflow/.local/lib/python3.12/site-packages/airflow/example_dags/example_latest_only.py
[2025-11-29T11:33:20.585+0000] {processor.py:914} INFO - Processing file /home/airflow/.local/lib/python3.12/site-packages/airflow/example_dags/example_latest_only.py for tasks to queue
[2025-11-29T11:33:20.587+0000] {logging_mixin.py:190} INFO - [2025-11-29T11:33:20.587+0000] {dagbag.py:588} INFO - Filling up the DagBag from /home/airflow/.local/lib/python3.12/site-packages/airflow/example_dags/example_latest_only.py
[2025-11-29T11:33:20.598+0000] {processor.py:925} INFO - DAG(s) 'latest_only' retrieved from /home/airflow/.local/lib/python3.12/site-packages/airflow/example_dags/example_latest_only.py
[2025-11-29T11:33:20.627+0000] {logging_mixin.py:190} INFO - [2025-11-29T11:33:20.626+0000] {dag.py:3239} INFO - Sync 1 DAGs
[2025-11-29T11:33:20.657+0000] {logging_mixin.py:190} INFO - [2025-11-29T11:33:20.656+0000] {dag.py:4180} INFO - Setting next_dagrun for latest_only to 2025-11-29 04:00:00+00:00, run_after=2025-11-29 08:00:00+00:00
[2025-11-29T11:33:20.685+0000] {processor.py:208} INFO - Processing /home/airflow/.local/lib/python3.12/site-packages/airflow/example_dags/example_latest_only.py took 0.110 seconds
[2025-11-29T11:33:50.891+0000] {processor.py:186} INFO - Started process (PID=2113) to work on /home/airflow/.local/lib/python3.12/site-packages/airflow/example_dags/example_latest_only.py
[2025-11-29T11:33:50.893+0000] {processor.py:914} INFO - Processing file /home/airflow/.local/lib/python3.12/site-packages/airflow/example_dags/example_latest_only.py for tasks to queue
[2025-11-29T11:33:50.896+0000] {logging_mixin.py:190} INFO - [2025-11-29T11:33:50.896+0000] {dagbag.py:588} INFO - Filling up the DagBag from /home/airflow/.local/lib/python3.12/site-packages/airflow/example_dags/example_latest_only.py
[2025-11-29T11:33:50.919+0000] {processor.py:925} INFO - DAG(s) 'latest_only' retrieved from /home/airflow/.local/lib/python3.12/site-packages/airflow/example_dags/example_latest_only.py
[2025-11-29T11:33:50.988+0000] {logging_mixin.py:190} INFO - [2025-11-29T11:33:50.986+0000] {dag.py:3239} INFO - Sync 1 DAGs
[2025-11-29T11:33:51.042+0000] {logging_mixin.py:190} INFO - [2025-11-29T11:33:51.042+0000] {dag.py:4180} INFO - Setting next_dagrun for latest_only to 2025-11-29 04:00:00+00:00, run_after=2025-11-29 08:00:00+00:00
[2025-11-29T11:33:51.078+0000] {processor.py:208} INFO - Processing /home/airflow/.local/lib/python3.12/site-packages/airflow/example_dags/example_latest_only.py took 0.199 seconds
[2025-11-29T11:34:21.912+0000] {processor.py:186} INFO - Started process (PID=2181) to work on /home/airflow/.local/lib/python3.12/site-packages/airflow/example_dags/example_latest_only.py
[2025-11-29T11:34:21.913+0000] {processor.py:914} INFO - Processing file /home/airflow/.local/lib/python3.12/site-packages/airflow/example_dags/example_latest_only.py for tasks to queue
[2025-11-29T11:34:21.916+0000] {logging_mixin.py:190} INFO - [2025-11-29T11:34:21.915+0000] {dagbag.py:588} INFO - Filling up the DagBag from /home/airflow/.local/lib/python3.12/site-packages/airflow/example_dags/example_latest_only.py
[2025-11-29T11:34:21.928+0000] {processor.py:925} INFO - DAG(s) 'latest_only' retrieved from /home/airflow/.local/lib/python3.12/site-packages/airflow/example_dags/example_latest_only.py
[2025-11-29T11:34:21.958+0000] {logging_mixin.py:190} INFO - [2025-11-29T11:34:21.958+0000] {dag.py:3239} INFO - Sync 1 DAGs
[2025-11-29T11:34:21.990+0000] {logging_mixin.py:190} INFO - [2025-11-29T11:34:21.990+0000] {dag.py:4180} INFO - Setting next_dagrun for latest_only to 2025-11-29 04:00:00+00:00, run_after=2025-11-29 08:00:00+00:00
[2025-11-29T11:34:22.017+0000] {processor.py:208} INFO - Processing /home/airflow/.local/lib/python3.12/site-packages/airflow/example_dags/example_latest_only.py took 0.114 seconds
[2025-11-29T11:34:52.700+0000] {processor.py:186} INFO - Started process (PID=2249) to work on /home/airflow/.local/lib/python3.12/site-packages/airflow/example_dags/example_latest_only.py
[2025-11-29T11:34:52.702+0000] {processor.py:914} INFO - Processing file /home/airflow/.local/lib/python3.12/site-packages/airflow/example_dags/example_latest_only.py for tasks to queue
[2025-11-29T11:34:52.703+0000] {logging_mixin.py:190} INFO - [2025-11-29T11:34:52.703+0000] {dagbag.py:588} INFO - Filling up the DagBag from /home/airflow/.local/lib/python3.12/site-packages/airflow/example_dags/example_latest_only.py
[2025-11-29T11:34:52.716+0000] {processor.py:925} INFO - DAG(s) 'latest_only' retrieved from /home/airflow/.local/lib/python3.12/site-packages/airflow/example_dags/example_latest_only.py
[2025-11-29T11:34:52.743+0000] {logging_mixin.py:190} INFO - [2025-11-29T11:34:52.743+0000] {dag.py:3239} INFO - Sync 1 DAGs
[2025-11-29T11:34:52.769+0000] {logging_mixin.py:190} INFO - [2025-11-29T11:34:52.769+0000] {dag.py:4180} INFO - Setting next_dagrun for latest_only to 2025-11-29 04:00:00+00:00, run_after=2025-11-29 08:00:00+00:00
[2025-11-29T11:34:52.790+0000] {processor.py:208} INFO - Processing /home/airflow/.local/lib/python3.12/site-packages/airflow/example_dags/example_latest_only.py took 0.097 seconds
[2025-11-29T11:35:22.900+0000] {processor.py:186} INFO - Started process (PID=2317) to work on /home/airflow/.local/lib/python3.12/site-packages/airflow/example_dags/example_latest_only.py
[2025-11-29T11:35:22.902+0000] {processor.py:914} INFO - Processing file /home/airflow/.local/lib/python3.12/site-packages/airflow/example_dags/example_latest_only.py for tasks to queue
[2025-11-29T11:35:22.903+0000] {logging_mixin.py:190} INFO - [2025-11-29T11:35:22.903+0000] {dagbag.py:588} INFO - Filling up the DagBag from /home/airflow/.local/lib/python3.12/site-packages/airflow/example_dags/example_latest_only.py
[2025-11-29T11:35:22.915+0000] {processor.py:925} INFO - DAG(s) 'latest_only' retrieved from /home/airflow/.local/lib/python3.12/site-packages/airflow/example_dags/example_latest_only.py
[2025-11-29T11:35:22.943+0000] {logging_mixin.py:190} INFO - [2025-11-29T11:35:22.942+0000] {dag.py:3239} INFO - Sync 1 DAGs
[2025-11-29T11:35:22.968+0000] {logging_mixin.py:190} INFO - [2025-11-29T11:35:22.967+0000] {dag.py:4180} INFO - Setting next_dagrun for latest_only to 2025-11-29 04:00:00+00:00, run_after=2025-11-29 08:00:00+00:00
[2025-11-29T11:35:22.989+0000] {processor.py:208} INFO - Processing /home/airflow/.local/lib/python3.12/site-packages/airflow/example_dags/example_latest_only.py took 0.096 seconds
[2025-11-29T11:35:53.265+0000] {processor.py:186} INFO - Started process (PID=2387) to work on /home/airflow/.local/lib/python3.12/site-packages/airflow/example_dags/example_latest_only.py
[2025-11-29T11:35:53.267+0000] {processor.py:914} INFO - Processing file /home/airflow/.local/lib/python3.12/site-packages/airflow/example_dags/example_latest_only.py for tasks to queue
[2025-11-29T11:35:53.269+0000] {logging_mixin.py:190} INFO - [2025-11-29T11:35:53.269+0000] {dagbag.py:588} INFO - Filling up the DagBag from /home/airflow/.local/lib/python3.12/site-packages/airflow/example_dags/example_latest_only.py
[2025-11-29T11:35:53.280+0000] {processor.py:925} INFO - DAG(s) 'latest_only' retrieved from /home/airflow/.local/lib/python3.12/site-packages/airflow/example_dags/example_latest_only.py
[2025-11-29T11:35:53.307+0000] {logging_mixin.py:190} INFO - [2025-11-29T11:35:53.306+0000] {dag.py:3239} INFO - Sync 1 DAGs
[2025-11-29T11:35:53.333+0000] {logging_mixin.py:190} INFO - [2025-11-29T11:35:53.333+0000] {dag.py:4180} INFO - Setting next_dagrun for latest_only to 2025-11-29 04:00:00+00:00, run_after=2025-11-29 08:00:00+00:00
[2025-11-29T11:35:53.361+0000] {processor.py:208} INFO - Processing /home/airflow/.local/lib/python3.12/site-packages/airflow/example_dags/example_latest_only.py took 0.103 seconds
[2025-11-29T11:36:23.860+0000] {processor.py:186} INFO - Started process (PID=2462) to work on /home/airflow/.local/lib/python3.12/site-packages/airflow/example_dags/example_latest_only.py
[2025-11-29T11:36:23.861+0000] {processor.py:914} INFO - Processing file /home/airflow/.local/lib/python3.12/site-packages/airflow/example_dags/example_latest_only.py for tasks to queue
[2025-11-29T11:36:23.863+0000] {logging_mixin.py:190} INFO - [2025-11-29T11:36:23.862+0000] {dagbag.py:588} INFO - Filling up the DagBag from /home/airflow/.local/lib/python3.12/site-packages/airflow/example_dags/example_latest_only.py
[2025-11-29T11:36:23.875+0000] {processor.py:925} INFO - DAG(s) 'latest_only' retrieved from /home/airflow/.local/lib/python3.12/site-packages/airflow/example_dags/example_latest_only.py
[2025-11-29T11:36:23.903+0000] {logging_mixin.py:190} INFO - [2025-11-29T11:36:23.903+0000] {dag.py:3239} INFO - Sync 1 DAGs
[2025-11-29T11:36:23.931+0000] {logging_mixin.py:190} INFO - [2025-11-29T11:36:23.931+0000] {dag.py:4180} INFO - Setting next_dagrun for latest_only to 2025-11-29 04:00:00+00:00, run_after=2025-11-29 08:00:00+00:00
[2025-11-29T11:36:23.956+0000] {processor.py:208} INFO - Processing /home/airflow/.local/lib/python3.12/site-packages/airflow/example_dags/example_latest_only.py took 0.105 seconds
[2025-11-29T11:36:54.729+0000] {processor.py:186} INFO - Started process (PID=2530) to work on /home/airflow/.local/lib/python3.12/site-packages/airflow/example_dags/example_latest_only.py
[2025-11-29T11:36:54.731+0000] {processor.py:914} INFO - Processing file /home/airflow/.local/lib/python3.12/site-packages/airflow/example_dags/example_latest_only.py for tasks to queue
[2025-11-29T11:36:54.733+0000] {logging_mixin.py:190} INFO - [2025-11-29T11:36:54.732+0000] {dagbag.py:588} INFO - Filling up the DagBag from /home/airflow/.local/lib/python3.12/site-packages/airflow/example_dags/example_latest_only.py
[2025-11-29T11:36:54.744+0000] {processor.py:925} INFO - DAG(s) 'latest_only' retrieved from /home/airflow/.local/lib/python3.12/site-packages/airflow/example_dags/example_latest_only.py
[2025-11-29T11:36:54.772+0000] {logging_mixin.py:190} INFO - [2025-11-29T11:36:54.772+0000] {dag.py:3239} INFO - Sync 1 DAGs
[2025-11-29T11:36:54.799+0000] {logging_mixin.py:190} INFO - [2025-11-29T11:36:54.799+0000] {dag.py:4180} INFO - Setting next_dagrun for latest_only to 2025-11-29 04:00:00+00:00, run_after=2025-11-29 08:00:00+00:00
[2025-11-29T11:36:54.823+0000] {processor.py:208} INFO - Processing /home/airflow/.local/lib/python3.12/site-packages/airflow/example_dags/example_latest_only.py took 0.102 seconds
[2025-11-29T11:37:25.487+0000] {processor.py:186} INFO - Started process (PID=2598) to work on /home/airflow/.local/lib/python3.12/site-packages/airflow/example_dags/example_latest_only.py
[2025-11-29T11:37:25.488+0000] {processor.py:914} INFO - Processing file /home/airflow/.local/lib/python3.12/site-packages/airflow/example_dags/example_latest_only.py for tasks to queue
[2025-11-29T11:37:25.491+0000] {logging_mixin.py:190} INFO - [2025-11-29T11:37:25.490+0000] {dagbag.py:588} INFO - Filling up the DagBag from /home/airflow/.local/lib/python3.12/site-packages/airflow/example_dags/example_latest_only.py
[2025-11-29T11:37:25.503+0000] {processor.py:925} INFO - DAG(s) 'latest_only' retrieved from /home/airflow/.local/lib/python3.12/site-packages/airflow/example_dags/example_latest_only.py
[2025-11-29T11:37:25.532+0000] {logging_mixin.py:190} INFO - [2025-11-29T11:37:25.532+0000] {dag.py:3239} INFO - Sync 1 DAGs
[2025-11-29T11:37:25.559+0000] {logging_mixin.py:190} INFO - [2025-11-29T11:37:25.558+0000] {dag.py:4180} INFO - Setting next_dagrun for latest_only to 2025-11-29 04:00:00+00:00, run_after=2025-11-29 08:00:00+00:00
[2025-11-29T11:37:25.583+0000] {processor.py:208} INFO - Processing /home/airflow/.local/lib/python3.12/site-packages/airflow/example_dags/example_latest_only.py took 0.104 seconds
