[2025-11-29T11:18:57.999+0000] {processor.py:186} INFO - Started process (PID=103) to work on /home/airflow/.local/lib/python3.12/site-packages/airflow/example_dags/example_inlet_event_extra.py
[2025-11-29T11:18:58.001+0000] {processor.py:914} INFO - Processing file /home/airflow/.local/lib/python3.12/site-packages/airflow/example_dags/example_inlet_event_extra.py for tasks to queue
[2025-11-29T11:18:58.005+0000] {logging_mixin.py:190} INFO - [2025-11-29T11:18:58.005+0000] {dagbag.py:588} INFO - Filling up the DagBag from /home/airflow/.local/lib/python3.12/site-packages/airflow/example_dags/example_inlet_event_extra.py
[2025-11-29T11:18:58.029+0000] {processor.py:925} INFO - DAG(s) 'read_dataset_event_from_classic', 'read_dataset_event' retrieved from /home/airflow/.local/lib/python3.12/site-packages/airflow/example_dags/example_inlet_event_extra.py
[2025-11-29T11:18:58.152+0000] {logging_mixin.py:190} INFO - [2025-11-29T11:18:58.152+0000] {override.py:1911} INFO - Created Permission View: can delete on DAG:read_dataset_event_from_classic
[2025-11-29T11:18:58.166+0000] {logging_mixin.py:190} INFO - [2025-11-29T11:18:58.166+0000] {override.py:1911} INFO - Created Permission View: can read on DAG:read_dataset_event_from_classic
[2025-11-29T11:18:58.175+0000] {logging_mixin.py:190} INFO - [2025-11-29T11:18:58.175+0000] {override.py:1911} INFO - Created Permission View: can edit on DAG:read_dataset_event_from_classic
[2025-11-29T11:18:58.186+0000] {logging_mixin.py:190} INFO - [2025-11-29T11:18:58.185+0000] {override.py:1911} INFO - Created Permission View: menu access on DAG Run:read_dataset_event_from_classic
[2025-11-29T11:18:58.194+0000] {logging_mixin.py:190} INFO - [2025-11-29T11:18:58.194+0000] {override.py:1911} INFO - Created Permission View: can delete on DAG Run:read_dataset_event_from_classic
[2025-11-29T11:18:58.203+0000] {logging_mixin.py:190} INFO - [2025-11-29T11:18:58.202+0000] {override.py:1911} INFO - Created Permission View: can read on DAG Run:read_dataset_event_from_classic
[2025-11-29T11:18:58.213+0000] {logging_mixin.py:190} INFO - [2025-11-29T11:18:58.212+0000] {override.py:1911} INFO - Created Permission View: can create on DAG Run:read_dataset_event_from_classic
[2025-11-29T11:18:58.228+0000] {logging_mixin.py:190} INFO - [2025-11-29T11:18:58.228+0000] {override.py:1911} INFO - Created Permission View: can delete on DAG:read_dataset_event
[2025-11-29T11:18:58.237+0000] {logging_mixin.py:190} INFO - [2025-11-29T11:18:58.237+0000] {override.py:1911} INFO - Created Permission View: can read on DAG:read_dataset_event
[2025-11-29T11:18:58.245+0000] {logging_mixin.py:190} INFO - [2025-11-29T11:18:58.245+0000] {override.py:1911} INFO - Created Permission View: can edit on DAG:read_dataset_event
[2025-11-29T11:18:58.255+0000] {logging_mixin.py:190} INFO - [2025-11-29T11:18:58.255+0000] {override.py:1911} INFO - Created Permission View: menu access on DAG Run:read_dataset_event
[2025-11-29T11:18:58.264+0000] {logging_mixin.py:190} INFO - [2025-11-29T11:18:58.264+0000] {override.py:1911} INFO - Created Permission View: can delete on DAG Run:read_dataset_event
[2025-11-29T11:18:58.273+0000] {logging_mixin.py:190} INFO - [2025-11-29T11:18:58.273+0000] {override.py:1911} INFO - Created Permission View: can read on DAG Run:read_dataset_event
[2025-11-29T11:18:58.281+0000] {logging_mixin.py:190} INFO - [2025-11-29T11:18:58.281+0000] {override.py:1911} INFO - Created Permission View: can create on DAG Run:read_dataset_event
[2025-11-29T11:18:58.282+0000] {logging_mixin.py:190} INFO - [2025-11-29T11:18:58.282+0000] {dag.py:3239} INFO - Sync 2 DAGs
[2025-11-29T11:18:58.295+0000] {logging_mixin.py:190} INFO - [2025-11-29T11:18:58.295+0000] {dag.py:3262} INFO - Creating ORM DAG for read_dataset_event_from_classic
[2025-11-29T11:18:58.297+0000] {logging_mixin.py:190} INFO - [2025-11-29T11:18:58.297+0000] {dag.py:3262} INFO - Creating ORM DAG for read_dataset_event
[2025-11-29T11:18:58.308+0000] {logging_mixin.py:190} INFO - [2025-11-29T11:18:58.307+0000] {dag.py:4180} INFO - Setting next_dagrun for read_dataset_event to 2025-11-28 00:00:00+00:00, run_after=2025-11-29 00:00:00+00:00
[2025-11-29T11:18:58.310+0000] {logging_mixin.py:190} INFO - [2025-11-29T11:18:58.310+0000] {dag.py:4180} INFO - Setting next_dagrun for read_dataset_event_from_classic to 2025-11-28 00:00:00+00:00, run_after=2025-11-29 00:00:00+00:00
[2025-11-29T11:18:58.330+0000] {processor.py:208} INFO - Processing /home/airflow/.local/lib/python3.12/site-packages/airflow/example_dags/example_inlet_event_extra.py took 0.338 seconds
[2025-11-29T11:19:28.821+0000] {processor.py:186} INFO - Started process (PID=171) to work on /home/airflow/.local/lib/python3.12/site-packages/airflow/example_dags/example_inlet_event_extra.py
[2025-11-29T11:19:28.824+0000] {processor.py:914} INFO - Processing file /home/airflow/.local/lib/python3.12/site-packages/airflow/example_dags/example_inlet_event_extra.py for tasks to queue
[2025-11-29T11:19:28.836+0000] {logging_mixin.py:190} INFO - [2025-11-29T11:19:28.834+0000] {dagbag.py:588} INFO - Filling up the DagBag from /home/airflow/.local/lib/python3.12/site-packages/airflow/example_dags/example_inlet_event_extra.py
[2025-11-29T11:19:28.873+0000] {processor.py:925} INFO - DAG(s) 'read_dataset_event', 'read_dataset_event_from_classic' retrieved from /home/airflow/.local/lib/python3.12/site-packages/airflow/example_dags/example_inlet_event_extra.py
[2025-11-29T11:19:28.907+0000] {logging_mixin.py:190} INFO - [2025-11-29T11:19:28.906+0000] {dag.py:3239} INFO - Sync 2 DAGs
[2025-11-29T11:19:28.936+0000] {logging_mixin.py:190} INFO - [2025-11-29T11:19:28.936+0000] {dag.py:4180} INFO - Setting next_dagrun for read_dataset_event to 2025-11-28 00:00:00+00:00, run_after=2025-11-29 00:00:00+00:00
[2025-11-29T11:19:28.941+0000] {logging_mixin.py:190} INFO - [2025-11-29T11:19:28.941+0000] {dag.py:4180} INFO - Setting next_dagrun for read_dataset_event_from_classic to 2025-11-28 00:00:00+00:00, run_after=2025-11-29 00:00:00+00:00
[2025-11-29T11:19:28.963+0000] {processor.py:208} INFO - Processing /home/airflow/.local/lib/python3.12/site-packages/airflow/example_dags/example_inlet_event_extra.py took 0.153 seconds
[2025-11-29T11:19:59.046+0000] {processor.py:186} INFO - Started process (PID=239) to work on /home/airflow/.local/lib/python3.12/site-packages/airflow/example_dags/example_inlet_event_extra.py
[2025-11-29T11:19:59.048+0000] {processor.py:914} INFO - Processing file /home/airflow/.local/lib/python3.12/site-packages/airflow/example_dags/example_inlet_event_extra.py for tasks to queue
[2025-11-29T11:19:59.051+0000] {logging_mixin.py:190} INFO - [2025-11-29T11:19:59.051+0000] {dagbag.py:588} INFO - Filling up the DagBag from /home/airflow/.local/lib/python3.12/site-packages/airflow/example_dags/example_inlet_event_extra.py
[2025-11-29T11:19:59.070+0000] {processor.py:925} INFO - DAG(s) 'read_dataset_event', 'read_dataset_event_from_classic' retrieved from /home/airflow/.local/lib/python3.12/site-packages/airflow/example_dags/example_inlet_event_extra.py
[2025-11-29T11:19:59.098+0000] {logging_mixin.py:190} INFO - [2025-11-29T11:19:59.098+0000] {dag.py:3239} INFO - Sync 2 DAGs
[2025-11-29T11:19:59.126+0000] {logging_mixin.py:190} INFO - [2025-11-29T11:19:59.126+0000] {dag.py:4180} INFO - Setting next_dagrun for read_dataset_event to 2025-11-28 00:00:00+00:00, run_after=2025-11-29 00:00:00+00:00
[2025-11-29T11:19:59.132+0000] {logging_mixin.py:190} INFO - [2025-11-29T11:19:59.132+0000] {dag.py:4180} INFO - Setting next_dagrun for read_dataset_event_from_classic to 2025-11-28 00:00:00+00:00, run_after=2025-11-29 00:00:00+00:00
[2025-11-29T11:19:59.152+0000] {processor.py:208} INFO - Processing /home/airflow/.local/lib/python3.12/site-packages/airflow/example_dags/example_inlet_event_extra.py took 0.114 seconds
[2025-11-29T11:20:29.976+0000] {processor.py:186} INFO - Started process (PID=308) to work on /home/airflow/.local/lib/python3.12/site-packages/airflow/example_dags/example_inlet_event_extra.py
[2025-11-29T11:20:29.977+0000] {processor.py:914} INFO - Processing file /home/airflow/.local/lib/python3.12/site-packages/airflow/example_dags/example_inlet_event_extra.py for tasks to queue
[2025-11-29T11:20:29.981+0000] {logging_mixin.py:190} INFO - [2025-11-29T11:20:29.981+0000] {dagbag.py:588} INFO - Filling up the DagBag from /home/airflow/.local/lib/python3.12/site-packages/airflow/example_dags/example_inlet_event_extra.py
[2025-11-29T11:20:30.002+0000] {processor.py:925} INFO - DAG(s) 'read_dataset_event_from_classic', 'read_dataset_event' retrieved from /home/airflow/.local/lib/python3.12/site-packages/airflow/example_dags/example_inlet_event_extra.py
[2025-11-29T11:20:30.031+0000] {logging_mixin.py:190} INFO - [2025-11-29T11:20:30.031+0000] {dag.py:3239} INFO - Sync 2 DAGs
[2025-11-29T11:20:30.060+0000] {logging_mixin.py:190} INFO - [2025-11-29T11:20:30.059+0000] {dag.py:4180} INFO - Setting next_dagrun for read_dataset_event to 2025-11-28 00:00:00+00:00, run_after=2025-11-29 00:00:00+00:00
[2025-11-29T11:20:30.065+0000] {logging_mixin.py:190} INFO - [2025-11-29T11:20:30.065+0000] {dag.py:4180} INFO - Setting next_dagrun for read_dataset_event_from_classic to 2025-11-28 00:00:00+00:00, run_after=2025-11-29 00:00:00+00:00
[2025-11-29T11:20:30.086+0000] {processor.py:208} INFO - Processing /home/airflow/.local/lib/python3.12/site-packages/airflow/example_dags/example_inlet_event_extra.py took 0.119 seconds
[2025-11-29T11:21:00.399+0000] {processor.py:186} INFO - Started process (PID=377) to work on /home/airflow/.local/lib/python3.12/site-packages/airflow/example_dags/example_inlet_event_extra.py
[2025-11-29T11:21:00.401+0000] {processor.py:914} INFO - Processing file /home/airflow/.local/lib/python3.12/site-packages/airflow/example_dags/example_inlet_event_extra.py for tasks to queue
[2025-11-29T11:21:00.405+0000] {logging_mixin.py:190} INFO - [2025-11-29T11:21:00.405+0000] {dagbag.py:588} INFO - Filling up the DagBag from /home/airflow/.local/lib/python3.12/site-packages/airflow/example_dags/example_inlet_event_extra.py
[2025-11-29T11:21:00.434+0000] {processor.py:925} INFO - DAG(s) 'read_dataset_event_from_classic', 'read_dataset_event' retrieved from /home/airflow/.local/lib/python3.12/site-packages/airflow/example_dags/example_inlet_event_extra.py
[2025-11-29T11:21:00.471+0000] {logging_mixin.py:190} INFO - [2025-11-29T11:21:00.470+0000] {dag.py:3239} INFO - Sync 2 DAGs
[2025-11-29T11:21:00.509+0000] {logging_mixin.py:190} INFO - [2025-11-29T11:21:00.509+0000] {dag.py:4180} INFO - Setting next_dagrun for read_dataset_event to 2025-11-28 00:00:00+00:00, run_after=2025-11-29 00:00:00+00:00
[2025-11-29T11:21:00.517+0000] {logging_mixin.py:190} INFO - [2025-11-29T11:21:00.516+0000] {dag.py:4180} INFO - Setting next_dagrun for read_dataset_event_from_classic to 2025-11-28 00:00:00+00:00, run_after=2025-11-29 00:00:00+00:00
[2025-11-29T11:21:00.541+0000] {processor.py:208} INFO - Processing /home/airflow/.local/lib/python3.12/site-packages/airflow/example_dags/example_inlet_event_extra.py took 0.154 seconds
[2025-11-29T11:21:30.861+0000] {processor.py:186} INFO - Started process (PID=445) to work on /home/airflow/.local/lib/python3.12/site-packages/airflow/example_dags/example_inlet_event_extra.py
[2025-11-29T11:21:30.863+0000] {processor.py:914} INFO - Processing file /home/airflow/.local/lib/python3.12/site-packages/airflow/example_dags/example_inlet_event_extra.py for tasks to queue
[2025-11-29T11:21:30.866+0000] {logging_mixin.py:190} INFO - [2025-11-29T11:21:30.866+0000] {dagbag.py:588} INFO - Filling up the DagBag from /home/airflow/.local/lib/python3.12/site-packages/airflow/example_dags/example_inlet_event_extra.py
[2025-11-29T11:21:30.889+0000] {processor.py:925} INFO - DAG(s) 'read_dataset_event', 'read_dataset_event_from_classic' retrieved from /home/airflow/.local/lib/python3.12/site-packages/airflow/example_dags/example_inlet_event_extra.py
[2025-11-29T11:21:30.920+0000] {logging_mixin.py:190} INFO - [2025-11-29T11:21:30.919+0000] {dag.py:3239} INFO - Sync 2 DAGs
[2025-11-29T11:21:30.948+0000] {logging_mixin.py:190} INFO - [2025-11-29T11:21:30.948+0000] {dag.py:4180} INFO - Setting next_dagrun for read_dataset_event to 2025-11-28 00:00:00+00:00, run_after=2025-11-29 00:00:00+00:00
[2025-11-29T11:21:30.954+0000] {logging_mixin.py:190} INFO - [2025-11-29T11:21:30.954+0000] {dag.py:4180} INFO - Setting next_dagrun for read_dataset_event_from_classic to 2025-11-28 00:00:00+00:00, run_after=2025-11-29 00:00:00+00:00
[2025-11-29T11:21:30.976+0000] {processor.py:208} INFO - Processing /home/airflow/.local/lib/python3.12/site-packages/airflow/example_dags/example_inlet_event_extra.py took 0.123 seconds
[2025-11-29T11:22:01.119+0000] {processor.py:186} INFO - Started process (PID=514) to work on /home/airflow/.local/lib/python3.12/site-packages/airflow/example_dags/example_inlet_event_extra.py
[2025-11-29T11:22:01.120+0000] {processor.py:914} INFO - Processing file /home/airflow/.local/lib/python3.12/site-packages/airflow/example_dags/example_inlet_event_extra.py for tasks to queue
[2025-11-29T11:22:01.124+0000] {logging_mixin.py:190} INFO - [2025-11-29T11:22:01.123+0000] {dagbag.py:588} INFO - Filling up the DagBag from /home/airflow/.local/lib/python3.12/site-packages/airflow/example_dags/example_inlet_event_extra.py
[2025-11-29T11:22:01.143+0000] {processor.py:925} INFO - DAG(s) 'read_dataset_event', 'read_dataset_event_from_classic' retrieved from /home/airflow/.local/lib/python3.12/site-packages/airflow/example_dags/example_inlet_event_extra.py
[2025-11-29T11:22:01.171+0000] {logging_mixin.py:190} INFO - [2025-11-29T11:22:01.171+0000] {dag.py:3239} INFO - Sync 2 DAGs
[2025-11-29T11:22:01.198+0000] {logging_mixin.py:190} INFO - [2025-11-29T11:22:01.198+0000] {dag.py:4180} INFO - Setting next_dagrun for read_dataset_event to 2025-11-28 00:00:00+00:00, run_after=2025-11-29 00:00:00+00:00
[2025-11-29T11:22:01.204+0000] {logging_mixin.py:190} INFO - [2025-11-29T11:22:01.204+0000] {dag.py:4180} INFO - Setting next_dagrun for read_dataset_event_from_classic to 2025-11-28 00:00:00+00:00, run_after=2025-11-29 00:00:00+00:00
[2025-11-29T11:22:01.227+0000] {processor.py:208} INFO - Processing /home/airflow/.local/lib/python3.12/site-packages/airflow/example_dags/example_inlet_event_extra.py took 0.116 seconds
[2025-11-29T11:22:31.333+0000] {processor.py:186} INFO - Started process (PID=583) to work on /home/airflow/.local/lib/python3.12/site-packages/airflow/example_dags/example_inlet_event_extra.py
[2025-11-29T11:22:31.335+0000] {processor.py:914} INFO - Processing file /home/airflow/.local/lib/python3.12/site-packages/airflow/example_dags/example_inlet_event_extra.py for tasks to queue
[2025-11-29T11:22:31.341+0000] {logging_mixin.py:190} INFO - [2025-11-29T11:22:31.340+0000] {dagbag.py:588} INFO - Filling up the DagBag from /home/airflow/.local/lib/python3.12/site-packages/airflow/example_dags/example_inlet_event_extra.py
[2025-11-29T11:22:31.387+0000] {processor.py:925} INFO - DAG(s) 'read_dataset_event', 'read_dataset_event_from_classic' retrieved from /home/airflow/.local/lib/python3.12/site-packages/airflow/example_dags/example_inlet_event_extra.py
[2025-11-29T11:22:31.429+0000] {logging_mixin.py:190} INFO - [2025-11-29T11:22:31.428+0000] {dag.py:3239} INFO - Sync 2 DAGs
[2025-11-29T11:22:31.464+0000] {logging_mixin.py:190} INFO - [2025-11-29T11:22:31.463+0000] {dag.py:4180} INFO - Setting next_dagrun for read_dataset_event to 2025-11-28 00:00:00+00:00, run_after=2025-11-29 00:00:00+00:00
[2025-11-29T11:22:31.469+0000] {logging_mixin.py:190} INFO - [2025-11-29T11:22:31.469+0000] {dag.py:4180} INFO - Setting next_dagrun for read_dataset_event_from_classic to 2025-11-28 00:00:00+00:00, run_after=2025-11-29 00:00:00+00:00
[2025-11-29T11:22:31.489+0000] {processor.py:208} INFO - Processing /home/airflow/.local/lib/python3.12/site-packages/airflow/example_dags/example_inlet_event_extra.py took 0.168 seconds
[2025-11-29T11:23:02.012+0000] {processor.py:186} INFO - Started process (PID=651) to work on /home/airflow/.local/lib/python3.12/site-packages/airflow/example_dags/example_inlet_event_extra.py
[2025-11-29T11:23:02.013+0000] {processor.py:914} INFO - Processing file /home/airflow/.local/lib/python3.12/site-packages/airflow/example_dags/example_inlet_event_extra.py for tasks to queue
[2025-11-29T11:23:02.017+0000] {logging_mixin.py:190} INFO - [2025-11-29T11:23:02.017+0000] {dagbag.py:588} INFO - Filling up the DagBag from /home/airflow/.local/lib/python3.12/site-packages/airflow/example_dags/example_inlet_event_extra.py
[2025-11-29T11:23:02.038+0000] {processor.py:925} INFO - DAG(s) 'read_dataset_event', 'read_dataset_event_from_classic' retrieved from /home/airflow/.local/lib/python3.12/site-packages/airflow/example_dags/example_inlet_event_extra.py
[2025-11-29T11:23:02.068+0000] {logging_mixin.py:190} INFO - [2025-11-29T11:23:02.068+0000] {dag.py:3239} INFO - Sync 2 DAGs
[2025-11-29T11:23:02.096+0000] {logging_mixin.py:190} INFO - [2025-11-29T11:23:02.096+0000] {dag.py:4180} INFO - Setting next_dagrun for read_dataset_event to 2025-11-28 00:00:00+00:00, run_after=2025-11-29 00:00:00+00:00
[2025-11-29T11:23:02.101+0000] {logging_mixin.py:190} INFO - [2025-11-29T11:23:02.101+0000] {dag.py:4180} INFO - Setting next_dagrun for read_dataset_event_from_classic to 2025-11-28 00:00:00+00:00, run_after=2025-11-29 00:00:00+00:00
[2025-11-29T11:23:02.122+0000] {processor.py:208} INFO - Processing /home/airflow/.local/lib/python3.12/site-packages/airflow/example_dags/example_inlet_event_extra.py took 0.118 seconds
[2025-11-29T11:23:32.783+0000] {processor.py:186} INFO - Started process (PID=719) to work on /home/airflow/.local/lib/python3.12/site-packages/airflow/example_dags/example_inlet_event_extra.py
[2025-11-29T11:23:32.784+0000] {processor.py:914} INFO - Processing file /home/airflow/.local/lib/python3.12/site-packages/airflow/example_dags/example_inlet_event_extra.py for tasks to queue
[2025-11-29T11:23:32.788+0000] {logging_mixin.py:190} INFO - [2025-11-29T11:23:32.787+0000] {dagbag.py:588} INFO - Filling up the DagBag from /home/airflow/.local/lib/python3.12/site-packages/airflow/example_dags/example_inlet_event_extra.py
[2025-11-29T11:23:32.808+0000] {processor.py:925} INFO - DAG(s) 'read_dataset_event_from_classic', 'read_dataset_event' retrieved from /home/airflow/.local/lib/python3.12/site-packages/airflow/example_dags/example_inlet_event_extra.py
[2025-11-29T11:23:32.838+0000] {logging_mixin.py:190} INFO - [2025-11-29T11:23:32.837+0000] {dag.py:3239} INFO - Sync 2 DAGs
[2025-11-29T11:23:32.865+0000] {logging_mixin.py:190} INFO - [2025-11-29T11:23:32.864+0000] {dag.py:4180} INFO - Setting next_dagrun for read_dataset_event to 2025-11-28 00:00:00+00:00, run_after=2025-11-29 00:00:00+00:00
[2025-11-29T11:23:32.871+0000] {logging_mixin.py:190} INFO - [2025-11-29T11:23:32.871+0000] {dag.py:4180} INFO - Setting next_dagrun for read_dataset_event_from_classic to 2025-11-28 00:00:00+00:00, run_after=2025-11-29 00:00:00+00:00
[2025-11-29T11:23:32.892+0000] {processor.py:208} INFO - Processing /home/airflow/.local/lib/python3.12/site-packages/airflow/example_dags/example_inlet_event_extra.py took 0.118 seconds
[2025-11-29T11:24:03.489+0000] {processor.py:186} INFO - Started process (PID=788) to work on /home/airflow/.local/lib/python3.12/site-packages/airflow/example_dags/example_inlet_event_extra.py
[2025-11-29T11:24:03.491+0000] {processor.py:914} INFO - Processing file /home/airflow/.local/lib/python3.12/site-packages/airflow/example_dags/example_inlet_event_extra.py for tasks to queue
[2025-11-29T11:24:03.494+0000] {logging_mixin.py:190} INFO - [2025-11-29T11:24:03.493+0000] {dagbag.py:588} INFO - Filling up the DagBag from /home/airflow/.local/lib/python3.12/site-packages/airflow/example_dags/example_inlet_event_extra.py
[2025-11-29T11:24:03.523+0000] {processor.py:925} INFO - DAG(s) 'read_dataset_event', 'read_dataset_event_from_classic' retrieved from /home/airflow/.local/lib/python3.12/site-packages/airflow/example_dags/example_inlet_event_extra.py
[2025-11-29T11:24:03.563+0000] {logging_mixin.py:190} INFO - [2025-11-29T11:24:03.563+0000] {dag.py:3239} INFO - Sync 2 DAGs
[2025-11-29T11:24:03.595+0000] {logging_mixin.py:190} INFO - [2025-11-29T11:24:03.595+0000] {dag.py:4180} INFO - Setting next_dagrun for read_dataset_event to 2025-11-28 00:00:00+00:00, run_after=2025-11-29 00:00:00+00:00
[2025-11-29T11:24:03.602+0000] {logging_mixin.py:190} INFO - [2025-11-29T11:24:03.602+0000] {dag.py:4180} INFO - Setting next_dagrun for read_dataset_event_from_classic to 2025-11-28 00:00:00+00:00, run_after=2025-11-29 00:00:00+00:00
[2025-11-29T11:24:03.621+0000] {processor.py:208} INFO - Processing /home/airflow/.local/lib/python3.12/site-packages/airflow/example_dags/example_inlet_event_extra.py took 0.143 seconds
[2025-11-29T11:24:34.078+0000] {processor.py:186} INFO - Started process (PID=856) to work on /home/airflow/.local/lib/python3.12/site-packages/airflow/example_dags/example_inlet_event_extra.py
[2025-11-29T11:24:34.080+0000] {processor.py:914} INFO - Processing file /home/airflow/.local/lib/python3.12/site-packages/airflow/example_dags/example_inlet_event_extra.py for tasks to queue
[2025-11-29T11:24:34.081+0000] {logging_mixin.py:190} INFO - [2025-11-29T11:24:34.081+0000] {dagbag.py:588} INFO - Filling up the DagBag from /home/airflow/.local/lib/python3.12/site-packages/airflow/example_dags/example_inlet_event_extra.py
[2025-11-29T11:24:34.103+0000] {processor.py:925} INFO - DAG(s) 'read_dataset_event_from_classic', 'read_dataset_event' retrieved from /home/airflow/.local/lib/python3.12/site-packages/airflow/example_dags/example_inlet_event_extra.py
[2025-11-29T11:24:34.132+0000] {logging_mixin.py:190} INFO - [2025-11-29T11:24:34.132+0000] {dag.py:3239} INFO - Sync 2 DAGs
[2025-11-29T11:24:34.160+0000] {logging_mixin.py:190} INFO - [2025-11-29T11:24:34.160+0000] {dag.py:4180} INFO - Setting next_dagrun for read_dataset_event to 2025-11-28 00:00:00+00:00, run_after=2025-11-29 00:00:00+00:00
[2025-11-29T11:24:34.165+0000] {logging_mixin.py:190} INFO - [2025-11-29T11:24:34.165+0000] {dag.py:4180} INFO - Setting next_dagrun for read_dataset_event_from_classic to 2025-11-28 00:00:00+00:00, run_after=2025-11-29 00:00:00+00:00
[2025-11-29T11:24:34.183+0000] {processor.py:208} INFO - Processing /home/airflow/.local/lib/python3.12/site-packages/airflow/example_dags/example_inlet_event_extra.py took 0.112 seconds
[2025-11-29T11:25:04.377+0000] {processor.py:186} INFO - Started process (PID=924) to work on /home/airflow/.local/lib/python3.12/site-packages/airflow/example_dags/example_inlet_event_extra.py
[2025-11-29T11:25:04.379+0000] {processor.py:914} INFO - Processing file /home/airflow/.local/lib/python3.12/site-packages/airflow/example_dags/example_inlet_event_extra.py for tasks to queue
[2025-11-29T11:25:04.381+0000] {logging_mixin.py:190} INFO - [2025-11-29T11:25:04.380+0000] {dagbag.py:588} INFO - Filling up the DagBag from /home/airflow/.local/lib/python3.12/site-packages/airflow/example_dags/example_inlet_event_extra.py
[2025-11-29T11:25:04.401+0000] {processor.py:925} INFO - DAG(s) 'read_dataset_event', 'read_dataset_event_from_classic' retrieved from /home/airflow/.local/lib/python3.12/site-packages/airflow/example_dags/example_inlet_event_extra.py
[2025-11-29T11:25:04.429+0000] {logging_mixin.py:190} INFO - [2025-11-29T11:25:04.429+0000] {dag.py:3239} INFO - Sync 2 DAGs
[2025-11-29T11:25:04.457+0000] {logging_mixin.py:190} INFO - [2025-11-29T11:25:04.457+0000] {dag.py:4180} INFO - Setting next_dagrun for read_dataset_event to 2025-11-28 00:00:00+00:00, run_after=2025-11-29 00:00:00+00:00
[2025-11-29T11:25:04.463+0000] {logging_mixin.py:190} INFO - [2025-11-29T11:25:04.463+0000] {dag.py:4180} INFO - Setting next_dagrun for read_dataset_event_from_classic to 2025-11-28 00:00:00+00:00, run_after=2025-11-29 00:00:00+00:00
[2025-11-29T11:25:04.482+0000] {processor.py:208} INFO - Processing /home/airflow/.local/lib/python3.12/site-packages/airflow/example_dags/example_inlet_event_extra.py took 0.113 seconds
[2025-11-29T11:25:34.893+0000] {processor.py:186} INFO - Started process (PID=992) to work on /home/airflow/.local/lib/python3.12/site-packages/airflow/example_dags/example_inlet_event_extra.py
[2025-11-29T11:25:34.894+0000] {processor.py:914} INFO - Processing file /home/airflow/.local/lib/python3.12/site-packages/airflow/example_dags/example_inlet_event_extra.py for tasks to queue
[2025-11-29T11:25:34.896+0000] {logging_mixin.py:190} INFO - [2025-11-29T11:25:34.896+0000] {dagbag.py:588} INFO - Filling up the DagBag from /home/airflow/.local/lib/python3.12/site-packages/airflow/example_dags/example_inlet_event_extra.py
[2025-11-29T11:25:34.918+0000] {processor.py:925} INFO - DAG(s) 'read_dataset_event', 'read_dataset_event_from_classic' retrieved from /home/airflow/.local/lib/python3.12/site-packages/airflow/example_dags/example_inlet_event_extra.py
[2025-11-29T11:25:34.948+0000] {logging_mixin.py:190} INFO - [2025-11-29T11:25:34.948+0000] {dag.py:3239} INFO - Sync 2 DAGs
[2025-11-29T11:25:34.977+0000] {logging_mixin.py:190} INFO - [2025-11-29T11:25:34.977+0000] {dag.py:4180} INFO - Setting next_dagrun for read_dataset_event to 2025-11-28 00:00:00+00:00, run_after=2025-11-29 00:00:00+00:00
[2025-11-29T11:25:34.983+0000] {logging_mixin.py:190} INFO - [2025-11-29T11:25:34.982+0000] {dag.py:4180} INFO - Setting next_dagrun for read_dataset_event_from_classic to 2025-11-28 00:00:00+00:00, run_after=2025-11-29 00:00:00+00:00
[2025-11-29T11:25:35.005+0000] {processor.py:208} INFO - Processing /home/airflow/.local/lib/python3.12/site-packages/airflow/example_dags/example_inlet_event_extra.py took 0.121 seconds
[2025-11-29T11:26:05.349+0000] {processor.py:186} INFO - Started process (PID=1061) to work on /home/airflow/.local/lib/python3.12/site-packages/airflow/example_dags/example_inlet_event_extra.py
[2025-11-29T11:26:05.350+0000] {processor.py:914} INFO - Processing file /home/airflow/.local/lib/python3.12/site-packages/airflow/example_dags/example_inlet_event_extra.py for tasks to queue
[2025-11-29T11:26:05.353+0000] {logging_mixin.py:190} INFO - [2025-11-29T11:26:05.352+0000] {dagbag.py:588} INFO - Filling up the DagBag from /home/airflow/.local/lib/python3.12/site-packages/airflow/example_dags/example_inlet_event_extra.py
[2025-11-29T11:26:05.383+0000] {processor.py:925} INFO - DAG(s) 'read_dataset_event_from_classic', 'read_dataset_event' retrieved from /home/airflow/.local/lib/python3.12/site-packages/airflow/example_dags/example_inlet_event_extra.py
[2025-11-29T11:26:05.419+0000] {logging_mixin.py:190} INFO - [2025-11-29T11:26:05.419+0000] {dag.py:3239} INFO - Sync 2 DAGs
[2025-11-29T11:26:05.460+0000] {logging_mixin.py:190} INFO - [2025-11-29T11:26:05.460+0000] {dag.py:4180} INFO - Setting next_dagrun for read_dataset_event to 2025-11-28 00:00:00+00:00, run_after=2025-11-29 00:00:00+00:00
[2025-11-29T11:26:05.466+0000] {logging_mixin.py:190} INFO - [2025-11-29T11:26:05.466+0000] {dag.py:4180} INFO - Setting next_dagrun for read_dataset_event_from_classic to 2025-11-28 00:00:00+00:00, run_after=2025-11-29 00:00:00+00:00
[2025-11-29T11:26:05.489+0000] {processor.py:208} INFO - Processing /home/airflow/.local/lib/python3.12/site-packages/airflow/example_dags/example_inlet_event_extra.py took 0.149 seconds
[2025-11-29T11:26:35.744+0000] {processor.py:186} INFO - Started process (PID=1129) to work on /home/airflow/.local/lib/python3.12/site-packages/airflow/example_dags/example_inlet_event_extra.py
[2025-11-29T11:26:35.745+0000] {processor.py:914} INFO - Processing file /home/airflow/.local/lib/python3.12/site-packages/airflow/example_dags/example_inlet_event_extra.py for tasks to queue
[2025-11-29T11:26:35.747+0000] {logging_mixin.py:190} INFO - [2025-11-29T11:26:35.746+0000] {dagbag.py:588} INFO - Filling up the DagBag from /home/airflow/.local/lib/python3.12/site-packages/airflow/example_dags/example_inlet_event_extra.py
[2025-11-29T11:26:35.767+0000] {processor.py:925} INFO - DAG(s) 'read_dataset_event', 'read_dataset_event_from_classic' retrieved from /home/airflow/.local/lib/python3.12/site-packages/airflow/example_dags/example_inlet_event_extra.py
[2025-11-29T11:26:35.796+0000] {logging_mixin.py:190} INFO - [2025-11-29T11:26:35.795+0000] {dag.py:3239} INFO - Sync 2 DAGs
[2025-11-29T11:26:35.825+0000] {logging_mixin.py:190} INFO - [2025-11-29T11:26:35.825+0000] {dag.py:4180} INFO - Setting next_dagrun for read_dataset_event to 2025-11-28 00:00:00+00:00, run_after=2025-11-29 00:00:00+00:00
[2025-11-29T11:26:35.830+0000] {logging_mixin.py:190} INFO - [2025-11-29T11:26:35.830+0000] {dag.py:4180} INFO - Setting next_dagrun for read_dataset_event_from_classic to 2025-11-28 00:00:00+00:00, run_after=2025-11-29 00:00:00+00:00
[2025-11-29T11:26:35.852+0000] {processor.py:208} INFO - Processing /home/airflow/.local/lib/python3.12/site-packages/airflow/example_dags/example_inlet_event_extra.py took 0.116 seconds
[2025-11-29T11:27:06.153+0000] {processor.py:186} INFO - Started process (PID=1197) to work on /home/airflow/.local/lib/python3.12/site-packages/airflow/example_dags/example_inlet_event_extra.py
[2025-11-29T11:27:06.154+0000] {processor.py:914} INFO - Processing file /home/airflow/.local/lib/python3.12/site-packages/airflow/example_dags/example_inlet_event_extra.py for tasks to queue
[2025-11-29T11:27:06.157+0000] {logging_mixin.py:190} INFO - [2025-11-29T11:27:06.156+0000] {dagbag.py:588} INFO - Filling up the DagBag from /home/airflow/.local/lib/python3.12/site-packages/airflow/example_dags/example_inlet_event_extra.py
[2025-11-29T11:27:06.182+0000] {processor.py:925} INFO - DAG(s) 'read_dataset_event_from_classic', 'read_dataset_event' retrieved from /home/airflow/.local/lib/python3.12/site-packages/airflow/example_dags/example_inlet_event_extra.py
[2025-11-29T11:27:06.217+0000] {logging_mixin.py:190} INFO - [2025-11-29T11:27:06.217+0000] {dag.py:3239} INFO - Sync 2 DAGs
[2025-11-29T11:27:06.257+0000] {logging_mixin.py:190} INFO - [2025-11-29T11:27:06.257+0000] {dag.py:4180} INFO - Setting next_dagrun for read_dataset_event to 2025-11-28 00:00:00+00:00, run_after=2025-11-29 00:00:00+00:00
[2025-11-29T11:27:06.264+0000] {logging_mixin.py:190} INFO - [2025-11-29T11:27:06.264+0000] {dag.py:4180} INFO - Setting next_dagrun for read_dataset_event_from_classic to 2025-11-28 00:00:00+00:00, run_after=2025-11-29 00:00:00+00:00
[2025-11-29T11:27:06.293+0000] {processor.py:208} INFO - Processing /home/airflow/.local/lib/python3.12/site-packages/airflow/example_dags/example_inlet_event_extra.py took 0.150 seconds
[2025-11-29T11:27:36.485+0000] {processor.py:186} INFO - Started process (PID=1265) to work on /home/airflow/.local/lib/python3.12/site-packages/airflow/example_dags/example_inlet_event_extra.py
[2025-11-29T11:27:36.486+0000] {processor.py:914} INFO - Processing file /home/airflow/.local/lib/python3.12/site-packages/airflow/example_dags/example_inlet_event_extra.py for tasks to queue
[2025-11-29T11:27:36.488+0000] {logging_mixin.py:190} INFO - [2025-11-29T11:27:36.488+0000] {dagbag.py:588} INFO - Filling up the DagBag from /home/airflow/.local/lib/python3.12/site-packages/airflow/example_dags/example_inlet_event_extra.py
[2025-11-29T11:27:36.509+0000] {processor.py:925} INFO - DAG(s) 'read_dataset_event', 'read_dataset_event_from_classic' retrieved from /home/airflow/.local/lib/python3.12/site-packages/airflow/example_dags/example_inlet_event_extra.py
[2025-11-29T11:27:36.537+0000] {logging_mixin.py:190} INFO - [2025-11-29T11:27:36.537+0000] {dag.py:3239} INFO - Sync 2 DAGs
[2025-11-29T11:27:36.566+0000] {logging_mixin.py:190} INFO - [2025-11-29T11:27:36.565+0000] {dag.py:4180} INFO - Setting next_dagrun for read_dataset_event to 2025-11-28 00:00:00+00:00, run_after=2025-11-29 00:00:00+00:00
[2025-11-29T11:27:36.571+0000] {logging_mixin.py:190} INFO - [2025-11-29T11:27:36.570+0000] {dag.py:4180} INFO - Setting next_dagrun for read_dataset_event_from_classic to 2025-11-28 00:00:00+00:00, run_after=2025-11-29 00:00:00+00:00
[2025-11-29T11:27:36.589+0000] {processor.py:208} INFO - Processing /home/airflow/.local/lib/python3.12/site-packages/airflow/example_dags/example_inlet_event_extra.py took 0.113 seconds
[2025-11-29T11:28:06.778+0000] {processor.py:186} INFO - Started process (PID=1334) to work on /home/airflow/.local/lib/python3.12/site-packages/airflow/example_dags/example_inlet_event_extra.py
[2025-11-29T11:28:06.779+0000] {processor.py:914} INFO - Processing file /home/airflow/.local/lib/python3.12/site-packages/airflow/example_dags/example_inlet_event_extra.py for tasks to queue
[2025-11-29T11:28:06.781+0000] {logging_mixin.py:190} INFO - [2025-11-29T11:28:06.781+0000] {dagbag.py:588} INFO - Filling up the DagBag from /home/airflow/.local/lib/python3.12/site-packages/airflow/example_dags/example_inlet_event_extra.py
[2025-11-29T11:28:06.801+0000] {processor.py:925} INFO - DAG(s) 'read_dataset_event_from_classic', 'read_dataset_event' retrieved from /home/airflow/.local/lib/python3.12/site-packages/airflow/example_dags/example_inlet_event_extra.py
[2025-11-29T11:28:06.833+0000] {logging_mixin.py:190} INFO - [2025-11-29T11:28:06.832+0000] {dag.py:3239} INFO - Sync 2 DAGs
[2025-11-29T11:28:06.867+0000] {logging_mixin.py:190} INFO - [2025-11-29T11:28:06.867+0000] {dag.py:4180} INFO - Setting next_dagrun for read_dataset_event to 2025-11-28 00:00:00+00:00, run_after=2025-11-29 00:00:00+00:00
[2025-11-29T11:28:06.873+0000] {logging_mixin.py:190} INFO - [2025-11-29T11:28:06.873+0000] {dag.py:4180} INFO - Setting next_dagrun for read_dataset_event_from_classic to 2025-11-28 00:00:00+00:00, run_after=2025-11-29 00:00:00+00:00
[2025-11-29T11:28:06.894+0000] {processor.py:208} INFO - Processing /home/airflow/.local/lib/python3.12/site-packages/airflow/example_dags/example_inlet_event_extra.py took 0.124 seconds
[2025-11-29T11:28:37.298+0000] {processor.py:186} INFO - Started process (PID=1402) to work on /home/airflow/.local/lib/python3.12/site-packages/airflow/example_dags/example_inlet_event_extra.py
[2025-11-29T11:28:37.299+0000] {processor.py:914} INFO - Processing file /home/airflow/.local/lib/python3.12/site-packages/airflow/example_dags/example_inlet_event_extra.py for tasks to queue
[2025-11-29T11:28:37.301+0000] {logging_mixin.py:190} INFO - [2025-11-29T11:28:37.300+0000] {dagbag.py:588} INFO - Filling up the DagBag from /home/airflow/.local/lib/python3.12/site-packages/airflow/example_dags/example_inlet_event_extra.py
[2025-11-29T11:28:37.320+0000] {processor.py:925} INFO - DAG(s) 'read_dataset_event', 'read_dataset_event_from_classic' retrieved from /home/airflow/.local/lib/python3.12/site-packages/airflow/example_dags/example_inlet_event_extra.py
[2025-11-29T11:28:37.349+0000] {logging_mixin.py:190} INFO - [2025-11-29T11:28:37.349+0000] {dag.py:3239} INFO - Sync 2 DAGs
[2025-11-29T11:28:37.388+0000] {logging_mixin.py:190} INFO - [2025-11-29T11:28:37.387+0000] {dag.py:4180} INFO - Setting next_dagrun for read_dataset_event to 2025-11-28 00:00:00+00:00, run_after=2025-11-29 00:00:00+00:00
[2025-11-29T11:28:37.395+0000] {logging_mixin.py:190} INFO - [2025-11-29T11:28:37.395+0000] {dag.py:4180} INFO - Setting next_dagrun for read_dataset_event_from_classic to 2025-11-28 00:00:00+00:00, run_after=2025-11-29 00:00:00+00:00
[2025-11-29T11:28:37.422+0000] {processor.py:208} INFO - Processing /home/airflow/.local/lib/python3.12/site-packages/airflow/example_dags/example_inlet_event_extra.py took 0.132 seconds
[2025-11-29T11:29:08.192+0000] {processor.py:186} INFO - Started process (PID=1470) to work on /home/airflow/.local/lib/python3.12/site-packages/airflow/example_dags/example_inlet_event_extra.py
[2025-11-29T11:29:08.193+0000] {processor.py:914} INFO - Processing file /home/airflow/.local/lib/python3.12/site-packages/airflow/example_dags/example_inlet_event_extra.py for tasks to queue
[2025-11-29T11:29:08.195+0000] {logging_mixin.py:190} INFO - [2025-11-29T11:29:08.194+0000] {dagbag.py:588} INFO - Filling up the DagBag from /home/airflow/.local/lib/python3.12/site-packages/airflow/example_dags/example_inlet_event_extra.py
[2025-11-29T11:29:08.214+0000] {processor.py:925} INFO - DAG(s) 'read_dataset_event', 'read_dataset_event_from_classic' retrieved from /home/airflow/.local/lib/python3.12/site-packages/airflow/example_dags/example_inlet_event_extra.py
[2025-11-29T11:29:08.241+0000] {logging_mixin.py:190} INFO - [2025-11-29T11:29:08.241+0000] {dag.py:3239} INFO - Sync 2 DAGs
[2025-11-29T11:29:08.270+0000] {logging_mixin.py:190} INFO - [2025-11-29T11:29:08.270+0000] {dag.py:4180} INFO - Setting next_dagrun for read_dataset_event to 2025-11-28 00:00:00+00:00, run_after=2025-11-29 00:00:00+00:00
[2025-11-29T11:29:08.275+0000] {logging_mixin.py:190} INFO - [2025-11-29T11:29:08.275+0000] {dag.py:4180} INFO - Setting next_dagrun for read_dataset_event_from_classic to 2025-11-28 00:00:00+00:00, run_after=2025-11-29 00:00:00+00:00
[2025-11-29T11:29:08.297+0000] {processor.py:208} INFO - Processing /home/airflow/.local/lib/python3.12/site-packages/airflow/example_dags/example_inlet_event_extra.py took 0.113 seconds
[2025-11-29T11:29:38.426+0000] {processor.py:186} INFO - Started process (PID=1540) to work on /home/airflow/.local/lib/python3.12/site-packages/airflow/example_dags/example_inlet_event_extra.py
[2025-11-29T11:29:38.428+0000] {processor.py:914} INFO - Processing file /home/airflow/.local/lib/python3.12/site-packages/airflow/example_dags/example_inlet_event_extra.py for tasks to queue
[2025-11-29T11:29:38.429+0000] {logging_mixin.py:190} INFO - [2025-11-29T11:29:38.429+0000] {dagbag.py:588} INFO - Filling up the DagBag from /home/airflow/.local/lib/python3.12/site-packages/airflow/example_dags/example_inlet_event_extra.py
[2025-11-29T11:29:38.450+0000] {processor.py:925} INFO - DAG(s) 'read_dataset_event_from_classic', 'read_dataset_event' retrieved from /home/airflow/.local/lib/python3.12/site-packages/airflow/example_dags/example_inlet_event_extra.py
[2025-11-29T11:29:38.481+0000] {logging_mixin.py:190} INFO - [2025-11-29T11:29:38.481+0000] {dag.py:3239} INFO - Sync 2 DAGs
[2025-11-29T11:29:38.510+0000] {logging_mixin.py:190} INFO - [2025-11-29T11:29:38.510+0000] {dag.py:4180} INFO - Setting next_dagrun for read_dataset_event to 2025-11-28 00:00:00+00:00, run_after=2025-11-29 00:00:00+00:00
[2025-11-29T11:29:38.515+0000] {logging_mixin.py:190} INFO - [2025-11-29T11:29:38.515+0000] {dag.py:4180} INFO - Setting next_dagrun for read_dataset_event_from_classic to 2025-11-28 00:00:00+00:00, run_after=2025-11-29 00:00:00+00:00
[2025-11-29T11:29:38.533+0000] {processor.py:208} INFO - Processing /home/airflow/.local/lib/python3.12/site-packages/airflow/example_dags/example_inlet_event_extra.py took 0.115 seconds
[2025-11-29T11:30:09.184+0000] {processor.py:186} INFO - Started process (PID=1608) to work on /home/airflow/.local/lib/python3.12/site-packages/airflow/example_dags/example_inlet_event_extra.py
[2025-11-29T11:30:09.185+0000] {processor.py:914} INFO - Processing file /home/airflow/.local/lib/python3.12/site-packages/airflow/example_dags/example_inlet_event_extra.py for tasks to queue
[2025-11-29T11:30:09.187+0000] {logging_mixin.py:190} INFO - [2025-11-29T11:30:09.187+0000] {dagbag.py:588} INFO - Filling up the DagBag from /home/airflow/.local/lib/python3.12/site-packages/airflow/example_dags/example_inlet_event_extra.py
[2025-11-29T11:30:09.206+0000] {processor.py:925} INFO - DAG(s) 'read_dataset_event', 'read_dataset_event_from_classic' retrieved from /home/airflow/.local/lib/python3.12/site-packages/airflow/example_dags/example_inlet_event_extra.py
[2025-11-29T11:30:09.236+0000] {logging_mixin.py:190} INFO - [2025-11-29T11:30:09.235+0000] {dag.py:3239} INFO - Sync 2 DAGs
[2025-11-29T11:30:09.266+0000] {logging_mixin.py:190} INFO - [2025-11-29T11:30:09.266+0000] {dag.py:4180} INFO - Setting next_dagrun for read_dataset_event to 2025-11-28 00:00:00+00:00, run_after=2025-11-29 00:00:00+00:00
[2025-11-29T11:30:09.273+0000] {logging_mixin.py:190} INFO - [2025-11-29T11:30:09.273+0000] {dag.py:4180} INFO - Setting next_dagrun for read_dataset_event_from_classic to 2025-11-28 00:00:00+00:00, run_after=2025-11-29 00:00:00+00:00
[2025-11-29T11:30:09.292+0000] {processor.py:208} INFO - Processing /home/airflow/.local/lib/python3.12/site-packages/airflow/example_dags/example_inlet_event_extra.py took 0.116 seconds
[2025-11-29T11:30:39.553+0000] {processor.py:186} INFO - Started process (PID=1677) to work on /home/airflow/.local/lib/python3.12/site-packages/airflow/example_dags/example_inlet_event_extra.py
[2025-11-29T11:30:39.554+0000] {processor.py:914} INFO - Processing file /home/airflow/.local/lib/python3.12/site-packages/airflow/example_dags/example_inlet_event_extra.py for tasks to queue
[2025-11-29T11:30:39.556+0000] {logging_mixin.py:190} INFO - [2025-11-29T11:30:39.556+0000] {dagbag.py:588} INFO - Filling up the DagBag from /home/airflow/.local/lib/python3.12/site-packages/airflow/example_dags/example_inlet_event_extra.py
[2025-11-29T11:30:39.577+0000] {processor.py:925} INFO - DAG(s) 'read_dataset_event_from_classic', 'read_dataset_event' retrieved from /home/airflow/.local/lib/python3.12/site-packages/airflow/example_dags/example_inlet_event_extra.py
[2025-11-29T11:30:39.605+0000] {logging_mixin.py:190} INFO - [2025-11-29T11:30:39.605+0000] {dag.py:3239} INFO - Sync 2 DAGs
[2025-11-29T11:30:39.634+0000] {logging_mixin.py:190} INFO - [2025-11-29T11:30:39.634+0000] {dag.py:4180} INFO - Setting next_dagrun for read_dataset_event to 2025-11-28 00:00:00+00:00, run_after=2025-11-29 00:00:00+00:00
[2025-11-29T11:30:39.639+0000] {logging_mixin.py:190} INFO - [2025-11-29T11:30:39.639+0000] {dag.py:4180} INFO - Setting next_dagrun for read_dataset_event_from_classic to 2025-11-28 00:00:00+00:00, run_after=2025-11-29 00:00:00+00:00
[2025-11-29T11:30:39.658+0000] {processor.py:208} INFO - Processing /home/airflow/.local/lib/python3.12/site-packages/airflow/example_dags/example_inlet_event_extra.py took 0.114 seconds
[2025-11-29T11:31:09.900+0000] {processor.py:186} INFO - Started process (PID=1745) to work on /home/airflow/.local/lib/python3.12/site-packages/airflow/example_dags/example_inlet_event_extra.py
[2025-11-29T11:31:09.902+0000] {processor.py:914} INFO - Processing file /home/airflow/.local/lib/python3.12/site-packages/airflow/example_dags/example_inlet_event_extra.py for tasks to queue
[2025-11-29T11:31:09.903+0000] {logging_mixin.py:190} INFO - [2025-11-29T11:31:09.903+0000] {dagbag.py:588} INFO - Filling up the DagBag from /home/airflow/.local/lib/python3.12/site-packages/airflow/example_dags/example_inlet_event_extra.py
[2025-11-29T11:31:09.924+0000] {processor.py:925} INFO - DAG(s) 'read_dataset_event_from_classic', 'read_dataset_event' retrieved from /home/airflow/.local/lib/python3.12/site-packages/airflow/example_dags/example_inlet_event_extra.py
[2025-11-29T11:31:09.959+0000] {logging_mixin.py:190} INFO - [2025-11-29T11:31:09.959+0000] {dag.py:3239} INFO - Sync 2 DAGs
[2025-11-29T11:31:09.992+0000] {logging_mixin.py:190} INFO - [2025-11-29T11:31:09.991+0000] {dag.py:4180} INFO - Setting next_dagrun for read_dataset_event to 2025-11-28 00:00:00+00:00, run_after=2025-11-29 00:00:00+00:00
[2025-11-29T11:31:09.999+0000] {logging_mixin.py:190} INFO - [2025-11-29T11:31:09.998+0000] {dag.py:4180} INFO - Setting next_dagrun for read_dataset_event_from_classic to 2025-11-28 00:00:00+00:00, run_after=2025-11-29 00:00:00+00:00
[2025-11-29T11:31:10.021+0000] {processor.py:208} INFO - Processing /home/airflow/.local/lib/python3.12/site-packages/airflow/example_dags/example_inlet_event_extra.py took 0.130 seconds
[2025-11-29T11:31:40.743+0000] {processor.py:186} INFO - Started process (PID=1813) to work on /home/airflow/.local/lib/python3.12/site-packages/airflow/example_dags/example_inlet_event_extra.py
[2025-11-29T11:31:40.745+0000] {processor.py:914} INFO - Processing file /home/airflow/.local/lib/python3.12/site-packages/airflow/example_dags/example_inlet_event_extra.py for tasks to queue
[2025-11-29T11:31:40.748+0000] {logging_mixin.py:190} INFO - [2025-11-29T11:31:40.747+0000] {dagbag.py:588} INFO - Filling up the DagBag from /home/airflow/.local/lib/python3.12/site-packages/airflow/example_dags/example_inlet_event_extra.py
[2025-11-29T11:31:40.788+0000] {processor.py:925} INFO - DAG(s) 'read_dataset_event', 'read_dataset_event_from_classic' retrieved from /home/airflow/.local/lib/python3.12/site-packages/airflow/example_dags/example_inlet_event_extra.py
[2025-11-29T11:31:40.867+0000] {logging_mixin.py:190} INFO - [2025-11-29T11:31:40.866+0000] {dag.py:3239} INFO - Sync 2 DAGs
[2025-11-29T11:31:40.950+0000] {logging_mixin.py:190} INFO - [2025-11-29T11:31:40.949+0000] {dag.py:4180} INFO - Setting next_dagrun for read_dataset_event to 2025-11-28 00:00:00+00:00, run_after=2025-11-29 00:00:00+00:00
[2025-11-29T11:31:40.962+0000] {logging_mixin.py:190} INFO - [2025-11-29T11:31:40.962+0000] {dag.py:4180} INFO - Setting next_dagrun for read_dataset_event_from_classic to 2025-11-28 00:00:00+00:00, run_after=2025-11-29 00:00:00+00:00
[2025-11-29T11:31:40.992+0000] {processor.py:208} INFO - Processing /home/airflow/.local/lib/python3.12/site-packages/airflow/example_dags/example_inlet_event_extra.py took 0.259 seconds
[2025-11-29T11:32:11.097+0000] {processor.py:186} INFO - Started process (PID=1881) to work on /home/airflow/.local/lib/python3.12/site-packages/airflow/example_dags/example_inlet_event_extra.py
[2025-11-29T11:32:11.098+0000] {processor.py:914} INFO - Processing file /home/airflow/.local/lib/python3.12/site-packages/airflow/example_dags/example_inlet_event_extra.py for tasks to queue
[2025-11-29T11:32:11.100+0000] {logging_mixin.py:190} INFO - [2025-11-29T11:32:11.099+0000] {dagbag.py:588} INFO - Filling up the DagBag from /home/airflow/.local/lib/python3.12/site-packages/airflow/example_dags/example_inlet_event_extra.py
[2025-11-29T11:32:11.119+0000] {processor.py:925} INFO - DAG(s) 'read_dataset_event_from_classic', 'read_dataset_event' retrieved from /home/airflow/.local/lib/python3.12/site-packages/airflow/example_dags/example_inlet_event_extra.py
[2025-11-29T11:32:11.150+0000] {logging_mixin.py:190} INFO - [2025-11-29T11:32:11.150+0000] {dag.py:3239} INFO - Sync 2 DAGs
[2025-11-29T11:32:11.180+0000] {logging_mixin.py:190} INFO - [2025-11-29T11:32:11.180+0000] {dag.py:4180} INFO - Setting next_dagrun for read_dataset_event to 2025-11-28 00:00:00+00:00, run_after=2025-11-29 00:00:00+00:00
[2025-11-29T11:32:11.185+0000] {logging_mixin.py:190} INFO - [2025-11-29T11:32:11.185+0000] {dag.py:4180} INFO - Setting next_dagrun for read_dataset_event_from_classic to 2025-11-28 00:00:00+00:00, run_after=2025-11-29 00:00:00+00:00
[2025-11-29T11:32:11.207+0000] {processor.py:208} INFO - Processing /home/airflow/.local/lib/python3.12/site-packages/airflow/example_dags/example_inlet_event_extra.py took 0.118 seconds
[2025-11-29T11:32:41.888+0000] {processor.py:186} INFO - Started process (PID=1950) to work on /home/airflow/.local/lib/python3.12/site-packages/airflow/example_dags/example_inlet_event_extra.py
[2025-11-29T11:32:41.889+0000] {processor.py:914} INFO - Processing file /home/airflow/.local/lib/python3.12/site-packages/airflow/example_dags/example_inlet_event_extra.py for tasks to queue
[2025-11-29T11:32:41.891+0000] {logging_mixin.py:190} INFO - [2025-11-29T11:32:41.891+0000] {dagbag.py:588} INFO - Filling up the DagBag from /home/airflow/.local/lib/python3.12/site-packages/airflow/example_dags/example_inlet_event_extra.py
[2025-11-29T11:32:41.922+0000] {processor.py:925} INFO - DAG(s) 'read_dataset_event_from_classic', 'read_dataset_event' retrieved from /home/airflow/.local/lib/python3.12/site-packages/airflow/example_dags/example_inlet_event_extra.py
[2025-11-29T11:32:41.971+0000] {logging_mixin.py:190} INFO - [2025-11-29T11:32:41.970+0000] {dag.py:3239} INFO - Sync 2 DAGs
[2025-11-29T11:32:42.013+0000] {logging_mixin.py:190} INFO - [2025-11-29T11:32:42.013+0000] {dag.py:4180} INFO - Setting next_dagrun for read_dataset_event to 2025-11-28 00:00:00+00:00, run_after=2025-11-29 00:00:00+00:00
[2025-11-29T11:32:42.020+0000] {logging_mixin.py:190} INFO - [2025-11-29T11:32:42.020+0000] {dag.py:4180} INFO - Setting next_dagrun for read_dataset_event_from_classic to 2025-11-28 00:00:00+00:00, run_after=2025-11-29 00:00:00+00:00
[2025-11-29T11:32:42.046+0000] {processor.py:208} INFO - Processing /home/airflow/.local/lib/python3.12/site-packages/airflow/example_dags/example_inlet_event_extra.py took 0.168 seconds
[2025-11-29T11:33:12.297+0000] {processor.py:186} INFO - Started process (PID=2018) to work on /home/airflow/.local/lib/python3.12/site-packages/airflow/example_dags/example_inlet_event_extra.py
[2025-11-29T11:33:12.298+0000] {processor.py:914} INFO - Processing file /home/airflow/.local/lib/python3.12/site-packages/airflow/example_dags/example_inlet_event_extra.py for tasks to queue
[2025-11-29T11:33:12.300+0000] {logging_mixin.py:190} INFO - [2025-11-29T11:33:12.300+0000] {dagbag.py:588} INFO - Filling up the DagBag from /home/airflow/.local/lib/python3.12/site-packages/airflow/example_dags/example_inlet_event_extra.py
[2025-11-29T11:33:12.321+0000] {processor.py:925} INFO - DAG(s) 'read_dataset_event', 'read_dataset_event_from_classic' retrieved from /home/airflow/.local/lib/python3.12/site-packages/airflow/example_dags/example_inlet_event_extra.py
[2025-11-29T11:33:12.352+0000] {logging_mixin.py:190} INFO - [2025-11-29T11:33:12.352+0000] {dag.py:3239} INFO - Sync 2 DAGs
[2025-11-29T11:33:12.382+0000] {logging_mixin.py:190} INFO - [2025-11-29T11:33:12.382+0000] {dag.py:4180} INFO - Setting next_dagrun for read_dataset_event to 2025-11-28 00:00:00+00:00, run_after=2025-11-29 00:00:00+00:00
[2025-11-29T11:33:12.388+0000] {logging_mixin.py:190} INFO - [2025-11-29T11:33:12.387+0000] {dag.py:4180} INFO - Setting next_dagrun for read_dataset_event_from_classic to 2025-11-28 00:00:00+00:00, run_after=2025-11-29 00:00:00+00:00
[2025-11-29T11:33:12.412+0000] {processor.py:208} INFO - Processing /home/airflow/.local/lib/python3.12/site-packages/airflow/example_dags/example_inlet_event_extra.py took 0.124 seconds
[2025-11-29T11:33:42.706+0000] {processor.py:186} INFO - Started process (PID=2086) to work on /home/airflow/.local/lib/python3.12/site-packages/airflow/example_dags/example_inlet_event_extra.py
[2025-11-29T11:33:42.707+0000] {processor.py:914} INFO - Processing file /home/airflow/.local/lib/python3.12/site-packages/airflow/example_dags/example_inlet_event_extra.py for tasks to queue
[2025-11-29T11:33:42.709+0000] {logging_mixin.py:190} INFO - [2025-11-29T11:33:42.709+0000] {dagbag.py:588} INFO - Filling up the DagBag from /home/airflow/.local/lib/python3.12/site-packages/airflow/example_dags/example_inlet_event_extra.py
[2025-11-29T11:33:42.731+0000] {processor.py:925} INFO - DAG(s) 'read_dataset_event_from_classic', 'read_dataset_event' retrieved from /home/airflow/.local/lib/python3.12/site-packages/airflow/example_dags/example_inlet_event_extra.py
[2025-11-29T11:33:42.765+0000] {logging_mixin.py:190} INFO - [2025-11-29T11:33:42.765+0000] {dag.py:3239} INFO - Sync 2 DAGs
[2025-11-29T11:33:42.826+0000] {logging_mixin.py:190} INFO - [2025-11-29T11:33:42.826+0000] {dag.py:4180} INFO - Setting next_dagrun for read_dataset_event to 2025-11-28 00:00:00+00:00, run_after=2025-11-29 00:00:00+00:00
[2025-11-29T11:33:42.833+0000] {logging_mixin.py:190} INFO - [2025-11-29T11:33:42.833+0000] {dag.py:4180} INFO - Setting next_dagrun for read_dataset_event_from_classic to 2025-11-28 00:00:00+00:00, run_after=2025-11-29 00:00:00+00:00
[2025-11-29T11:33:42.860+0000] {processor.py:208} INFO - Processing /home/airflow/.local/lib/python3.12/site-packages/airflow/example_dags/example_inlet_event_extra.py took 0.163 seconds
[2025-11-29T11:34:13.054+0000] {processor.py:186} INFO - Started process (PID=2154) to work on /home/airflow/.local/lib/python3.12/site-packages/airflow/example_dags/example_inlet_event_extra.py
[2025-11-29T11:34:13.055+0000] {processor.py:914} INFO - Processing file /home/airflow/.local/lib/python3.12/site-packages/airflow/example_dags/example_inlet_event_extra.py for tasks to queue
[2025-11-29T11:34:13.057+0000] {logging_mixin.py:190} INFO - [2025-11-29T11:34:13.057+0000] {dagbag.py:588} INFO - Filling up the DagBag from /home/airflow/.local/lib/python3.12/site-packages/airflow/example_dags/example_inlet_event_extra.py
[2025-11-29T11:34:13.077+0000] {processor.py:925} INFO - DAG(s) 'read_dataset_event_from_classic', 'read_dataset_event' retrieved from /home/airflow/.local/lib/python3.12/site-packages/airflow/example_dags/example_inlet_event_extra.py
[2025-11-29T11:34:13.107+0000] {logging_mixin.py:190} INFO - [2025-11-29T11:34:13.107+0000] {dag.py:3239} INFO - Sync 2 DAGs
[2025-11-29T11:34:13.136+0000] {logging_mixin.py:190} INFO - [2025-11-29T11:34:13.136+0000] {dag.py:4180} INFO - Setting next_dagrun for read_dataset_event to 2025-11-28 00:00:00+00:00, run_after=2025-11-29 00:00:00+00:00
[2025-11-29T11:34:13.141+0000] {logging_mixin.py:190} INFO - [2025-11-29T11:34:13.141+0000] {dag.py:4180} INFO - Setting next_dagrun for read_dataset_event_from_classic to 2025-11-28 00:00:00+00:00, run_after=2025-11-29 00:00:00+00:00
[2025-11-29T11:34:13.161+0000] {processor.py:208} INFO - Processing /home/airflow/.local/lib/python3.12/site-packages/airflow/example_dags/example_inlet_event_extra.py took 0.115 seconds
[2025-11-29T11:34:43.709+0000] {processor.py:186} INFO - Started process (PID=2222) to work on /home/airflow/.local/lib/python3.12/site-packages/airflow/example_dags/example_inlet_event_extra.py
[2025-11-29T11:34:43.712+0000] {processor.py:914} INFO - Processing file /home/airflow/.local/lib/python3.12/site-packages/airflow/example_dags/example_inlet_event_extra.py for tasks to queue
[2025-11-29T11:34:43.715+0000] {logging_mixin.py:190} INFO - [2025-11-29T11:34:43.714+0000] {dagbag.py:588} INFO - Filling up the DagBag from /home/airflow/.local/lib/python3.12/site-packages/airflow/example_dags/example_inlet_event_extra.py
[2025-11-29T11:34:43.738+0000] {processor.py:925} INFO - DAG(s) 'read_dataset_event', 'read_dataset_event_from_classic' retrieved from /home/airflow/.local/lib/python3.12/site-packages/airflow/example_dags/example_inlet_event_extra.py
[2025-11-29T11:34:43.771+0000] {logging_mixin.py:190} INFO - [2025-11-29T11:34:43.770+0000] {dag.py:3239} INFO - Sync 2 DAGs
[2025-11-29T11:34:43.802+0000] {logging_mixin.py:190} INFO - [2025-11-29T11:34:43.802+0000] {dag.py:4180} INFO - Setting next_dagrun for read_dataset_event to 2025-11-28 00:00:00+00:00, run_after=2025-11-29 00:00:00+00:00
[2025-11-29T11:34:43.807+0000] {logging_mixin.py:190} INFO - [2025-11-29T11:34:43.807+0000] {dag.py:4180} INFO - Setting next_dagrun for read_dataset_event_from_classic to 2025-11-28 00:00:00+00:00, run_after=2025-11-29 00:00:00+00:00
[2025-11-29T11:34:43.829+0000] {processor.py:208} INFO - Processing /home/airflow/.local/lib/python3.12/site-packages/airflow/example_dags/example_inlet_event_extra.py took 0.131 seconds
[2025-11-29T11:35:14.377+0000] {processor.py:186} INFO - Started process (PID=2290) to work on /home/airflow/.local/lib/python3.12/site-packages/airflow/example_dags/example_inlet_event_extra.py
[2025-11-29T11:35:14.379+0000] {processor.py:914} INFO - Processing file /home/airflow/.local/lib/python3.12/site-packages/airflow/example_dags/example_inlet_event_extra.py for tasks to queue
[2025-11-29T11:35:14.380+0000] {logging_mixin.py:190} INFO - [2025-11-29T11:35:14.380+0000] {dagbag.py:588} INFO - Filling up the DagBag from /home/airflow/.local/lib/python3.12/site-packages/airflow/example_dags/example_inlet_event_extra.py
[2025-11-29T11:35:14.400+0000] {processor.py:925} INFO - DAG(s) 'read_dataset_event', 'read_dataset_event_from_classic' retrieved from /home/airflow/.local/lib/python3.12/site-packages/airflow/example_dags/example_inlet_event_extra.py
[2025-11-29T11:35:14.429+0000] {logging_mixin.py:190} INFO - [2025-11-29T11:35:14.428+0000] {dag.py:3239} INFO - Sync 2 DAGs
[2025-11-29T11:35:14.459+0000] {logging_mixin.py:190} INFO - [2025-11-29T11:35:14.458+0000] {dag.py:4180} INFO - Setting next_dagrun for read_dataset_event to 2025-11-28 00:00:00+00:00, run_after=2025-11-29 00:00:00+00:00
[2025-11-29T11:35:14.464+0000] {logging_mixin.py:190} INFO - [2025-11-29T11:35:14.464+0000] {dag.py:4180} INFO - Setting next_dagrun for read_dataset_event_from_classic to 2025-11-28 00:00:00+00:00, run_after=2025-11-29 00:00:00+00:00
[2025-11-29T11:35:14.484+0000] {processor.py:208} INFO - Processing /home/airflow/.local/lib/python3.12/site-packages/airflow/example_dags/example_inlet_event_extra.py took 0.115 seconds
[2025-11-29T11:35:44.659+0000] {processor.py:186} INFO - Started process (PID=2359) to work on /home/airflow/.local/lib/python3.12/site-packages/airflow/example_dags/example_inlet_event_extra.py
[2025-11-29T11:35:44.661+0000] {processor.py:914} INFO - Processing file /home/airflow/.local/lib/python3.12/site-packages/airflow/example_dags/example_inlet_event_extra.py for tasks to queue
[2025-11-29T11:35:44.663+0000] {logging_mixin.py:190} INFO - [2025-11-29T11:35:44.662+0000] {dagbag.py:588} INFO - Filling up the DagBag from /home/airflow/.local/lib/python3.12/site-packages/airflow/example_dags/example_inlet_event_extra.py
[2025-11-29T11:35:44.681+0000] {processor.py:925} INFO - DAG(s) 'read_dataset_event', 'read_dataset_event_from_classic' retrieved from /home/airflow/.local/lib/python3.12/site-packages/airflow/example_dags/example_inlet_event_extra.py
[2025-11-29T11:35:44.710+0000] {logging_mixin.py:190} INFO - [2025-11-29T11:35:44.710+0000] {dag.py:3239} INFO - Sync 2 DAGs
[2025-11-29T11:35:44.737+0000] {logging_mixin.py:190} INFO - [2025-11-29T11:35:44.737+0000] {dag.py:4180} INFO - Setting next_dagrun for read_dataset_event to 2025-11-28 00:00:00+00:00, run_after=2025-11-29 00:00:00+00:00
[2025-11-29T11:35:44.742+0000] {logging_mixin.py:190} INFO - [2025-11-29T11:35:44.742+0000] {dag.py:4180} INFO - Setting next_dagrun for read_dataset_event_from_classic to 2025-11-28 00:00:00+00:00, run_after=2025-11-29 00:00:00+00:00
[2025-11-29T11:35:44.762+0000] {processor.py:208} INFO - Processing /home/airflow/.local/lib/python3.12/site-packages/airflow/example_dags/example_inlet_event_extra.py took 0.110 seconds
[2025-11-29T11:36:15.489+0000] {processor.py:186} INFO - Started process (PID=2429) to work on /home/airflow/.local/lib/python3.12/site-packages/airflow/example_dags/example_inlet_event_extra.py
[2025-11-29T11:36:15.491+0000] {processor.py:914} INFO - Processing file /home/airflow/.local/lib/python3.12/site-packages/airflow/example_dags/example_inlet_event_extra.py for tasks to queue
[2025-11-29T11:36:15.493+0000] {logging_mixin.py:190} INFO - [2025-11-29T11:36:15.492+0000] {dagbag.py:588} INFO - Filling up the DagBag from /home/airflow/.local/lib/python3.12/site-packages/airflow/example_dags/example_inlet_event_extra.py
[2025-11-29T11:36:15.515+0000] {processor.py:925} INFO - DAG(s) 'read_dataset_event', 'read_dataset_event_from_classic' retrieved from /home/airflow/.local/lib/python3.12/site-packages/airflow/example_dags/example_inlet_event_extra.py
[2025-11-29T11:36:15.547+0000] {logging_mixin.py:190} INFO - [2025-11-29T11:36:15.547+0000] {dag.py:3239} INFO - Sync 2 DAGs
[2025-11-29T11:36:15.576+0000] {logging_mixin.py:190} INFO - [2025-11-29T11:36:15.576+0000] {dag.py:4180} INFO - Setting next_dagrun for read_dataset_event to 2025-11-28 00:00:00+00:00, run_after=2025-11-29 00:00:00+00:00
[2025-11-29T11:36:15.582+0000] {logging_mixin.py:190} INFO - [2025-11-29T11:36:15.582+0000] {dag.py:4180} INFO - Setting next_dagrun for read_dataset_event_from_classic to 2025-11-28 00:00:00+00:00, run_after=2025-11-29 00:00:00+00:00
[2025-11-29T11:36:15.602+0000] {processor.py:208} INFO - Processing /home/airflow/.local/lib/python3.12/site-packages/airflow/example_dags/example_inlet_event_extra.py took 0.122 seconds
[2025-11-29T11:36:46.248+0000] {processor.py:186} INFO - Started process (PID=2497) to work on /home/airflow/.local/lib/python3.12/site-packages/airflow/example_dags/example_inlet_event_extra.py
[2025-11-29T11:36:46.249+0000] {processor.py:914} INFO - Processing file /home/airflow/.local/lib/python3.12/site-packages/airflow/example_dags/example_inlet_event_extra.py for tasks to queue
[2025-11-29T11:36:46.252+0000] {logging_mixin.py:190} INFO - [2025-11-29T11:36:46.252+0000] {dagbag.py:588} INFO - Filling up the DagBag from /home/airflow/.local/lib/python3.12/site-packages/airflow/example_dags/example_inlet_event_extra.py
[2025-11-29T11:36:46.276+0000] {processor.py:925} INFO - DAG(s) 'read_dataset_event_from_classic', 'read_dataset_event' retrieved from /home/airflow/.local/lib/python3.12/site-packages/airflow/example_dags/example_inlet_event_extra.py
[2025-11-29T11:36:46.313+0000] {logging_mixin.py:190} INFO - [2025-11-29T11:36:46.313+0000] {dag.py:3239} INFO - Sync 2 DAGs
[2025-11-29T11:36:46.346+0000] {logging_mixin.py:190} INFO - [2025-11-29T11:36:46.346+0000] {dag.py:4180} INFO - Setting next_dagrun for read_dataset_event to 2025-11-28 00:00:00+00:00, run_after=2025-11-29 00:00:00+00:00
[2025-11-29T11:36:46.352+0000] {logging_mixin.py:190} INFO - [2025-11-29T11:36:46.352+0000] {dag.py:4180} INFO - Setting next_dagrun for read_dataset_event_from_classic to 2025-11-28 00:00:00+00:00, run_after=2025-11-29 00:00:00+00:00
[2025-11-29T11:36:46.373+0000] {processor.py:208} INFO - Processing /home/airflow/.local/lib/python3.12/site-packages/airflow/example_dags/example_inlet_event_extra.py took 0.133 seconds
[2025-11-29T11:37:17.044+0000] {processor.py:186} INFO - Started process (PID=2565) to work on /home/airflow/.local/lib/python3.12/site-packages/airflow/example_dags/example_inlet_event_extra.py
[2025-11-29T11:37:17.046+0000] {processor.py:914} INFO - Processing file /home/airflow/.local/lib/python3.12/site-packages/airflow/example_dags/example_inlet_event_extra.py for tasks to queue
[2025-11-29T11:37:17.048+0000] {logging_mixin.py:190} INFO - [2025-11-29T11:37:17.047+0000] {dagbag.py:588} INFO - Filling up the DagBag from /home/airflow/.local/lib/python3.12/site-packages/airflow/example_dags/example_inlet_event_extra.py
[2025-11-29T11:37:17.067+0000] {processor.py:925} INFO - DAG(s) 'read_dataset_event', 'read_dataset_event_from_classic' retrieved from /home/airflow/.local/lib/python3.12/site-packages/airflow/example_dags/example_inlet_event_extra.py
[2025-11-29T11:37:17.095+0000] {logging_mixin.py:190} INFO - [2025-11-29T11:37:17.095+0000] {dag.py:3239} INFO - Sync 2 DAGs
[2025-11-29T11:37:17.125+0000] {logging_mixin.py:190} INFO - [2025-11-29T11:37:17.125+0000] {dag.py:4180} INFO - Setting next_dagrun for read_dataset_event to 2025-11-28 00:00:00+00:00, run_after=2025-11-29 00:00:00+00:00
[2025-11-29T11:37:17.132+0000] {logging_mixin.py:190} INFO - [2025-11-29T11:37:17.131+0000] {dag.py:4180} INFO - Setting next_dagrun for read_dataset_event_from_classic to 2025-11-28 00:00:00+00:00, run_after=2025-11-29 00:00:00+00:00
[2025-11-29T11:37:17.151+0000] {processor.py:208} INFO - Processing /home/airflow/.local/lib/python3.12/site-packages/airflow/example_dags/example_inlet_event_extra.py took 0.115 seconds
