[2025-11-29T11:19:02.830+0000] {processor.py:186} INFO - Started process (PID=129) to work on /home/airflow/.local/lib/python3.12/site-packages/airflow/example_dags/tutorial_taskflow_api.py
[2025-11-29T11:19:02.832+0000] {processor.py:914} INFO - Processing file /home/airflow/.local/lib/python3.12/site-packages/airflow/example_dags/tutorial_taskflow_api.py for tasks to queue
[2025-11-29T11:19:02.836+0000] {logging_mixin.py:190} INFO - [2025-11-29T11:19:02.836+0000] {dagbag.py:588} INFO - Filling up the DagBag from /home/airflow/.local/lib/python3.12/site-packages/airflow/example_dags/tutorial_taskflow_api.py
[2025-11-29T11:19:02.854+0000] {processor.py:925} INFO - DAG(s) 'tutorial_taskflow_api' retrieved from /home/airflow/.local/lib/python3.12/site-packages/airflow/example_dags/tutorial_taskflow_api.py
[2025-11-29T11:19:02.995+0000] {logging_mixin.py:190} INFO - [2025-11-29T11:19:02.994+0000] {override.py:1911} INFO - Created Permission View: can delete on DAG:tutorial_taskflow_api
[2025-11-29T11:19:03.007+0000] {logging_mixin.py:190} INFO - [2025-11-29T11:19:03.007+0000] {override.py:1911} INFO - Created Permission View: can read on DAG:tutorial_taskflow_api
[2025-11-29T11:19:03.016+0000] {logging_mixin.py:190} INFO - [2025-11-29T11:19:03.016+0000] {override.py:1911} INFO - Created Permission View: can edit on DAG:tutorial_taskflow_api
[2025-11-29T11:19:03.026+0000] {logging_mixin.py:190} INFO - [2025-11-29T11:19:03.026+0000] {override.py:1911} INFO - Created Permission View: menu access on DAG Run:tutorial_taskflow_api
[2025-11-29T11:19:03.035+0000] {logging_mixin.py:190} INFO - [2025-11-29T11:19:03.034+0000] {override.py:1911} INFO - Created Permission View: can delete on DAG Run:tutorial_taskflow_api
[2025-11-29T11:19:03.042+0000] {logging_mixin.py:190} INFO - [2025-11-29T11:19:03.042+0000] {override.py:1911} INFO - Created Permission View: can read on DAG Run:tutorial_taskflow_api
[2025-11-29T11:19:03.051+0000] {logging_mixin.py:190} INFO - [2025-11-29T11:19:03.050+0000] {override.py:1911} INFO - Created Permission View: can create on DAG Run:tutorial_taskflow_api
[2025-11-29T11:19:03.052+0000] {logging_mixin.py:190} INFO - [2025-11-29T11:19:03.051+0000] {dag.py:3239} INFO - Sync 1 DAGs
[2025-11-29T11:19:03.065+0000] {logging_mixin.py:190} INFO - [2025-11-29T11:19:03.064+0000] {dag.py:3262} INFO - Creating ORM DAG for tutorial_taskflow_api
[2025-11-29T11:19:03.066+0000] {logging_mixin.py:190} INFO - [2025-11-29T11:19:03.065+0000] {dag.py:4180} INFO - Setting next_dagrun for tutorial_taskflow_api to None, run_after=None
[2025-11-29T11:19:03.084+0000] {processor.py:208} INFO - Processing /home/airflow/.local/lib/python3.12/site-packages/airflow/example_dags/tutorial_taskflow_api.py took 0.262 seconds
[2025-11-29T11:19:33.251+0000] {processor.py:186} INFO - Started process (PID=197) to work on /home/airflow/.local/lib/python3.12/site-packages/airflow/example_dags/tutorial_taskflow_api.py
[2025-11-29T11:19:33.252+0000] {processor.py:914} INFO - Processing file /home/airflow/.local/lib/python3.12/site-packages/airflow/example_dags/tutorial_taskflow_api.py for tasks to queue
[2025-11-29T11:19:33.257+0000] {logging_mixin.py:190} INFO - [2025-11-29T11:19:33.257+0000] {dagbag.py:588} INFO - Filling up the DagBag from /home/airflow/.local/lib/python3.12/site-packages/airflow/example_dags/tutorial_taskflow_api.py
[2025-11-29T11:19:33.269+0000] {processor.py:925} INFO - DAG(s) 'tutorial_taskflow_api' retrieved from /home/airflow/.local/lib/python3.12/site-packages/airflow/example_dags/tutorial_taskflow_api.py
[2025-11-29T11:19:33.295+0000] {logging_mixin.py:190} INFO - [2025-11-29T11:19:33.295+0000] {dag.py:3239} INFO - Sync 1 DAGs
[2025-11-29T11:19:33.312+0000] {logging_mixin.py:190} INFO - [2025-11-29T11:19:33.312+0000] {dag.py:4180} INFO - Setting next_dagrun for tutorial_taskflow_api to None, run_after=None
[2025-11-29T11:19:33.335+0000] {processor.py:208} INFO - Processing /home/airflow/.local/lib/python3.12/site-packages/airflow/example_dags/tutorial_taskflow_api.py took 0.092 seconds
[2025-11-29T11:20:03.441+0000] {processor.py:186} INFO - Started process (PID=265) to work on /home/airflow/.local/lib/python3.12/site-packages/airflow/example_dags/tutorial_taskflow_api.py
[2025-11-29T11:20:03.443+0000] {processor.py:914} INFO - Processing file /home/airflow/.local/lib/python3.12/site-packages/airflow/example_dags/tutorial_taskflow_api.py for tasks to queue
[2025-11-29T11:20:03.447+0000] {logging_mixin.py:190} INFO - [2025-11-29T11:20:03.446+0000] {dagbag.py:588} INFO - Filling up the DagBag from /home/airflow/.local/lib/python3.12/site-packages/airflow/example_dags/tutorial_taskflow_api.py
[2025-11-29T11:20:03.459+0000] {processor.py:925} INFO - DAG(s) 'tutorial_taskflow_api' retrieved from /home/airflow/.local/lib/python3.12/site-packages/airflow/example_dags/tutorial_taskflow_api.py
[2025-11-29T11:20:03.485+0000] {logging_mixin.py:190} INFO - [2025-11-29T11:20:03.484+0000] {dag.py:3239} INFO - Sync 1 DAGs
[2025-11-29T11:20:03.502+0000] {logging_mixin.py:190} INFO - [2025-11-29T11:20:03.502+0000] {dag.py:4180} INFO - Setting next_dagrun for tutorial_taskflow_api to None, run_after=None
[2025-11-29T11:20:03.524+0000] {processor.py:208} INFO - Processing /home/airflow/.local/lib/python3.12/site-packages/airflow/example_dags/tutorial_taskflow_api.py took 0.091 seconds
[2025-11-29T11:20:33.598+0000] {processor.py:186} INFO - Started process (PID=334) to work on /home/airflow/.local/lib/python3.12/site-packages/airflow/example_dags/tutorial_taskflow_api.py
[2025-11-29T11:20:33.600+0000] {processor.py:914} INFO - Processing file /home/airflow/.local/lib/python3.12/site-packages/airflow/example_dags/tutorial_taskflow_api.py for tasks to queue
[2025-11-29T11:20:33.603+0000] {logging_mixin.py:190} INFO - [2025-11-29T11:20:33.603+0000] {dagbag.py:588} INFO - Filling up the DagBag from /home/airflow/.local/lib/python3.12/site-packages/airflow/example_dags/tutorial_taskflow_api.py
[2025-11-29T11:20:33.615+0000] {processor.py:925} INFO - DAG(s) 'tutorial_taskflow_api' retrieved from /home/airflow/.local/lib/python3.12/site-packages/airflow/example_dags/tutorial_taskflow_api.py
[2025-11-29T11:20:33.640+0000] {logging_mixin.py:190} INFO - [2025-11-29T11:20:33.640+0000] {dag.py:3239} INFO - Sync 1 DAGs
[2025-11-29T11:20:33.657+0000] {logging_mixin.py:190} INFO - [2025-11-29T11:20:33.656+0000] {dag.py:4180} INFO - Setting next_dagrun for tutorial_taskflow_api to None, run_after=None
[2025-11-29T11:20:33.680+0000] {processor.py:208} INFO - Processing /home/airflow/.local/lib/python3.12/site-packages/airflow/example_dags/tutorial_taskflow_api.py took 0.089 seconds
[2025-11-29T11:21:04.901+0000] {processor.py:186} INFO - Started process (PID=403) to work on /home/airflow/.local/lib/python3.12/site-packages/airflow/example_dags/tutorial_taskflow_api.py
[2025-11-29T11:21:04.903+0000] {processor.py:914} INFO - Processing file /home/airflow/.local/lib/python3.12/site-packages/airflow/example_dags/tutorial_taskflow_api.py for tasks to queue
[2025-11-29T11:21:04.907+0000] {logging_mixin.py:190} INFO - [2025-11-29T11:21:04.906+0000] {dagbag.py:588} INFO - Filling up the DagBag from /home/airflow/.local/lib/python3.12/site-packages/airflow/example_dags/tutorial_taskflow_api.py
[2025-11-29T11:21:04.921+0000] {processor.py:925} INFO - DAG(s) 'tutorial_taskflow_api' retrieved from /home/airflow/.local/lib/python3.12/site-packages/airflow/example_dags/tutorial_taskflow_api.py
[2025-11-29T11:21:04.949+0000] {logging_mixin.py:190} INFO - [2025-11-29T11:21:04.948+0000] {dag.py:3239} INFO - Sync 1 DAGs
[2025-11-29T11:21:04.969+0000] {logging_mixin.py:190} INFO - [2025-11-29T11:21:04.968+0000] {dag.py:4180} INFO - Setting next_dagrun for tutorial_taskflow_api to None, run_after=None
[2025-11-29T11:21:04.994+0000] {processor.py:208} INFO - Processing /home/airflow/.local/lib/python3.12/site-packages/airflow/example_dags/tutorial_taskflow_api.py took 0.102 seconds
[2025-11-29T11:21:36.266+0000] {processor.py:186} INFO - Started process (PID=471) to work on /home/airflow/.local/lib/python3.12/site-packages/airflow/example_dags/tutorial_taskflow_api.py
[2025-11-29T11:21:36.267+0000] {processor.py:914} INFO - Processing file /home/airflow/.local/lib/python3.12/site-packages/airflow/example_dags/tutorial_taskflow_api.py for tasks to queue
[2025-11-29T11:21:36.271+0000] {logging_mixin.py:190} INFO - [2025-11-29T11:21:36.270+0000] {dagbag.py:588} INFO - Filling up the DagBag from /home/airflow/.local/lib/python3.12/site-packages/airflow/example_dags/tutorial_taskflow_api.py
[2025-11-29T11:21:36.285+0000] {processor.py:925} INFO - DAG(s) 'tutorial_taskflow_api' retrieved from /home/airflow/.local/lib/python3.12/site-packages/airflow/example_dags/tutorial_taskflow_api.py
[2025-11-29T11:21:36.322+0000] {logging_mixin.py:190} INFO - [2025-11-29T11:21:36.322+0000] {dag.py:3239} INFO - Sync 1 DAGs
[2025-11-29T11:21:36.347+0000] {logging_mixin.py:190} INFO - [2025-11-29T11:21:36.346+0000] {dag.py:4180} INFO - Setting next_dagrun for tutorial_taskflow_api to None, run_after=None
[2025-11-29T11:21:36.379+0000] {processor.py:208} INFO - Processing /home/airflow/.local/lib/python3.12/site-packages/airflow/example_dags/tutorial_taskflow_api.py took 0.122 seconds
[2025-11-29T11:22:06.889+0000] {processor.py:186} INFO - Started process (PID=540) to work on /home/airflow/.local/lib/python3.12/site-packages/airflow/example_dags/tutorial_taskflow_api.py
[2025-11-29T11:22:06.891+0000] {processor.py:914} INFO - Processing file /home/airflow/.local/lib/python3.12/site-packages/airflow/example_dags/tutorial_taskflow_api.py for tasks to queue
[2025-11-29T11:22:06.894+0000] {logging_mixin.py:190} INFO - [2025-11-29T11:22:06.894+0000] {dagbag.py:588} INFO - Filling up the DagBag from /home/airflow/.local/lib/python3.12/site-packages/airflow/example_dags/tutorial_taskflow_api.py
[2025-11-29T11:22:06.905+0000] {processor.py:925} INFO - DAG(s) 'tutorial_taskflow_api' retrieved from /home/airflow/.local/lib/python3.12/site-packages/airflow/example_dags/tutorial_taskflow_api.py
[2025-11-29T11:22:06.931+0000] {logging_mixin.py:190} INFO - [2025-11-29T11:22:06.930+0000] {dag.py:3239} INFO - Sync 1 DAGs
[2025-11-29T11:22:06.947+0000] {logging_mixin.py:190} INFO - [2025-11-29T11:22:06.946+0000] {dag.py:4180} INFO - Setting next_dagrun for tutorial_taskflow_api to None, run_after=None
[2025-11-29T11:22:06.969+0000] {processor.py:208} INFO - Processing /home/airflow/.local/lib/python3.12/site-packages/airflow/example_dags/tutorial_taskflow_api.py took 0.087 seconds
[2025-11-29T11:22:38.061+0000] {processor.py:186} INFO - Started process (PID=609) to work on /home/airflow/.local/lib/python3.12/site-packages/airflow/example_dags/tutorial_taskflow_api.py
[2025-11-29T11:22:38.063+0000] {processor.py:914} INFO - Processing file /home/airflow/.local/lib/python3.12/site-packages/airflow/example_dags/tutorial_taskflow_api.py for tasks to queue
[2025-11-29T11:22:38.067+0000] {logging_mixin.py:190} INFO - [2025-11-29T11:22:38.066+0000] {dagbag.py:588} INFO - Filling up the DagBag from /home/airflow/.local/lib/python3.12/site-packages/airflow/example_dags/tutorial_taskflow_api.py
[2025-11-29T11:22:38.082+0000] {processor.py:925} INFO - DAG(s) 'tutorial_taskflow_api' retrieved from /home/airflow/.local/lib/python3.12/site-packages/airflow/example_dags/tutorial_taskflow_api.py
[2025-11-29T11:22:38.114+0000] {logging_mixin.py:190} INFO - [2025-11-29T11:22:38.113+0000] {dag.py:3239} INFO - Sync 1 DAGs
[2025-11-29T11:22:38.136+0000] {logging_mixin.py:190} INFO - [2025-11-29T11:22:38.135+0000] {dag.py:4180} INFO - Setting next_dagrun for tutorial_taskflow_api to None, run_after=None
[2025-11-29T11:22:38.167+0000] {processor.py:208} INFO - Processing /home/airflow/.local/lib/python3.12/site-packages/airflow/example_dags/tutorial_taskflow_api.py took 0.115 seconds
[2025-11-29T11:23:08.828+0000] {processor.py:186} INFO - Started process (PID=677) to work on /home/airflow/.local/lib/python3.12/site-packages/airflow/example_dags/tutorial_taskflow_api.py
[2025-11-29T11:23:08.831+0000] {processor.py:914} INFO - Processing file /home/airflow/.local/lib/python3.12/site-packages/airflow/example_dags/tutorial_taskflow_api.py for tasks to queue
[2025-11-29T11:23:08.835+0000] {logging_mixin.py:190} INFO - [2025-11-29T11:23:08.834+0000] {dagbag.py:588} INFO - Filling up the DagBag from /home/airflow/.local/lib/python3.12/site-packages/airflow/example_dags/tutorial_taskflow_api.py
[2025-11-29T11:23:08.849+0000] {processor.py:925} INFO - DAG(s) 'tutorial_taskflow_api' retrieved from /home/airflow/.local/lib/python3.12/site-packages/airflow/example_dags/tutorial_taskflow_api.py
[2025-11-29T11:23:08.880+0000] {logging_mixin.py:190} INFO - [2025-11-29T11:23:08.879+0000] {dag.py:3239} INFO - Sync 1 DAGs
[2025-11-29T11:23:08.904+0000] {logging_mixin.py:190} INFO - [2025-11-29T11:23:08.903+0000] {dag.py:4180} INFO - Setting next_dagrun for tutorial_taskflow_api to None, run_after=None
[2025-11-29T11:23:08.932+0000] {processor.py:208} INFO - Processing /home/airflow/.local/lib/python3.12/site-packages/airflow/example_dags/tutorial_taskflow_api.py took 0.114 seconds
[2025-11-29T11:23:39.180+0000] {processor.py:186} INFO - Started process (PID=745) to work on /home/airflow/.local/lib/python3.12/site-packages/airflow/example_dags/tutorial_taskflow_api.py
[2025-11-29T11:23:39.181+0000] {processor.py:914} INFO - Processing file /home/airflow/.local/lib/python3.12/site-packages/airflow/example_dags/tutorial_taskflow_api.py for tasks to queue
[2025-11-29T11:23:39.185+0000] {logging_mixin.py:190} INFO - [2025-11-29T11:23:39.184+0000] {dagbag.py:588} INFO - Filling up the DagBag from /home/airflow/.local/lib/python3.12/site-packages/airflow/example_dags/tutorial_taskflow_api.py
[2025-11-29T11:23:39.196+0000] {processor.py:925} INFO - DAG(s) 'tutorial_taskflow_api' retrieved from /home/airflow/.local/lib/python3.12/site-packages/airflow/example_dags/tutorial_taskflow_api.py
[2025-11-29T11:23:39.220+0000] {logging_mixin.py:190} INFO - [2025-11-29T11:23:39.220+0000] {dag.py:3239} INFO - Sync 1 DAGs
[2025-11-29T11:23:39.236+0000] {logging_mixin.py:190} INFO - [2025-11-29T11:23:39.236+0000] {dag.py:4180} INFO - Setting next_dagrun for tutorial_taskflow_api to None, run_after=None
[2025-11-29T11:23:39.259+0000] {processor.py:208} INFO - Processing /home/airflow/.local/lib/python3.12/site-packages/airflow/example_dags/tutorial_taskflow_api.py took 0.086 seconds
[2025-11-29T11:24:09.488+0000] {processor.py:186} INFO - Started process (PID=814) to work on /home/airflow/.local/lib/python3.12/site-packages/airflow/example_dags/tutorial_taskflow_api.py
[2025-11-29T11:24:09.489+0000] {processor.py:914} INFO - Processing file /home/airflow/.local/lib/python3.12/site-packages/airflow/example_dags/tutorial_taskflow_api.py for tasks to queue
[2025-11-29T11:24:09.491+0000] {logging_mixin.py:190} INFO - [2025-11-29T11:24:09.490+0000] {dagbag.py:588} INFO - Filling up the DagBag from /home/airflow/.local/lib/python3.12/site-packages/airflow/example_dags/tutorial_taskflow_api.py
[2025-11-29T11:24:09.503+0000] {processor.py:925} INFO - DAG(s) 'tutorial_taskflow_api' retrieved from /home/airflow/.local/lib/python3.12/site-packages/airflow/example_dags/tutorial_taskflow_api.py
[2025-11-29T11:24:09.529+0000] {logging_mixin.py:190} INFO - [2025-11-29T11:24:09.528+0000] {dag.py:3239} INFO - Sync 1 DAGs
[2025-11-29T11:24:09.547+0000] {logging_mixin.py:190} INFO - [2025-11-29T11:24:09.547+0000] {dag.py:4180} INFO - Setting next_dagrun for tutorial_taskflow_api to None, run_after=None
[2025-11-29T11:24:09.569+0000] {processor.py:208} INFO - Processing /home/airflow/.local/lib/python3.12/site-packages/airflow/example_dags/tutorial_taskflow_api.py took 0.088 seconds
[2025-11-29T11:24:40.046+0000] {processor.py:186} INFO - Started process (PID=882) to work on /home/airflow/.local/lib/python3.12/site-packages/airflow/example_dags/tutorial_taskflow_api.py
[2025-11-29T11:24:40.048+0000] {processor.py:914} INFO - Processing file /home/airflow/.local/lib/python3.12/site-packages/airflow/example_dags/tutorial_taskflow_api.py for tasks to queue
[2025-11-29T11:24:40.049+0000] {logging_mixin.py:190} INFO - [2025-11-29T11:24:40.049+0000] {dagbag.py:588} INFO - Filling up the DagBag from /home/airflow/.local/lib/python3.12/site-packages/airflow/example_dags/tutorial_taskflow_api.py
[2025-11-29T11:24:40.061+0000] {processor.py:925} INFO - DAG(s) 'tutorial_taskflow_api' retrieved from /home/airflow/.local/lib/python3.12/site-packages/airflow/example_dags/tutorial_taskflow_api.py
[2025-11-29T11:24:40.086+0000] {logging_mixin.py:190} INFO - [2025-11-29T11:24:40.085+0000] {dag.py:3239} INFO - Sync 1 DAGs
[2025-11-29T11:24:40.104+0000] {logging_mixin.py:190} INFO - [2025-11-29T11:24:40.104+0000] {dag.py:4180} INFO - Setting next_dagrun for tutorial_taskflow_api to None, run_after=None
[2025-11-29T11:24:40.125+0000] {processor.py:208} INFO - Processing /home/airflow/.local/lib/python3.12/site-packages/airflow/example_dags/tutorial_taskflow_api.py took 0.086 seconds
[2025-11-29T11:25:11.074+0000] {processor.py:186} INFO - Started process (PID=950) to work on /home/airflow/.local/lib/python3.12/site-packages/airflow/example_dags/tutorial_taskflow_api.py
[2025-11-29T11:25:11.076+0000] {processor.py:914} INFO - Processing file /home/airflow/.local/lib/python3.12/site-packages/airflow/example_dags/tutorial_taskflow_api.py for tasks to queue
[2025-11-29T11:25:11.078+0000] {logging_mixin.py:190} INFO - [2025-11-29T11:25:11.078+0000] {dagbag.py:588} INFO - Filling up the DagBag from /home/airflow/.local/lib/python3.12/site-packages/airflow/example_dags/tutorial_taskflow_api.py
[2025-11-29T11:25:11.091+0000] {processor.py:925} INFO - DAG(s) 'tutorial_taskflow_api' retrieved from /home/airflow/.local/lib/python3.12/site-packages/airflow/example_dags/tutorial_taskflow_api.py
[2025-11-29T11:25:11.116+0000] {logging_mixin.py:190} INFO - [2025-11-29T11:25:11.116+0000] {dag.py:3239} INFO - Sync 1 DAGs
[2025-11-29T11:25:11.133+0000] {logging_mixin.py:190} INFO - [2025-11-29T11:25:11.133+0000] {dag.py:4180} INFO - Setting next_dagrun for tutorial_taskflow_api to None, run_after=None
[2025-11-29T11:25:11.158+0000] {processor.py:208} INFO - Processing /home/airflow/.local/lib/python3.12/site-packages/airflow/example_dags/tutorial_taskflow_api.py took 0.093 seconds
[2025-11-29T11:25:41.292+0000] {processor.py:186} INFO - Started process (PID=1018) to work on /home/airflow/.local/lib/python3.12/site-packages/airflow/example_dags/tutorial_taskflow_api.py
[2025-11-29T11:25:41.293+0000] {processor.py:914} INFO - Processing file /home/airflow/.local/lib/python3.12/site-packages/airflow/example_dags/tutorial_taskflow_api.py for tasks to queue
[2025-11-29T11:25:41.295+0000] {logging_mixin.py:190} INFO - [2025-11-29T11:25:41.295+0000] {dagbag.py:588} INFO - Filling up the DagBag from /home/airflow/.local/lib/python3.12/site-packages/airflow/example_dags/tutorial_taskflow_api.py
[2025-11-29T11:25:41.307+0000] {processor.py:925} INFO - DAG(s) 'tutorial_taskflow_api' retrieved from /home/airflow/.local/lib/python3.12/site-packages/airflow/example_dags/tutorial_taskflow_api.py
[2025-11-29T11:25:41.331+0000] {logging_mixin.py:190} INFO - [2025-11-29T11:25:41.331+0000] {dag.py:3239} INFO - Sync 1 DAGs
[2025-11-29T11:25:41.348+0000] {logging_mixin.py:190} INFO - [2025-11-29T11:25:41.348+0000] {dag.py:4180} INFO - Setting next_dagrun for tutorial_taskflow_api to None, run_after=None
[2025-11-29T11:25:41.369+0000] {processor.py:208} INFO - Processing /home/airflow/.local/lib/python3.12/site-packages/airflow/example_dags/tutorial_taskflow_api.py took 0.084 seconds
[2025-11-29T11:26:11.842+0000] {processor.py:186} INFO - Started process (PID=1087) to work on /home/airflow/.local/lib/python3.12/site-packages/airflow/example_dags/tutorial_taskflow_api.py
[2025-11-29T11:26:11.844+0000] {processor.py:914} INFO - Processing file /home/airflow/.local/lib/python3.12/site-packages/airflow/example_dags/tutorial_taskflow_api.py for tasks to queue
[2025-11-29T11:26:11.845+0000] {logging_mixin.py:190} INFO - [2025-11-29T11:26:11.845+0000] {dagbag.py:588} INFO - Filling up the DagBag from /home/airflow/.local/lib/python3.12/site-packages/airflow/example_dags/tutorial_taskflow_api.py
[2025-11-29T11:26:11.859+0000] {processor.py:925} INFO - DAG(s) 'tutorial_taskflow_api' retrieved from /home/airflow/.local/lib/python3.12/site-packages/airflow/example_dags/tutorial_taskflow_api.py
[2025-11-29T11:26:11.886+0000] {logging_mixin.py:190} INFO - [2025-11-29T11:26:11.886+0000] {dag.py:3239} INFO - Sync 1 DAGs
[2025-11-29T11:26:11.905+0000] {logging_mixin.py:190} INFO - [2025-11-29T11:26:11.905+0000] {dag.py:4180} INFO - Setting next_dagrun for tutorial_taskflow_api to None, run_after=None
[2025-11-29T11:26:11.930+0000] {processor.py:208} INFO - Processing /home/airflow/.local/lib/python3.12/site-packages/airflow/example_dags/tutorial_taskflow_api.py took 0.096 seconds
[2025-11-29T11:26:42.268+0000] {processor.py:186} INFO - Started process (PID=1155) to work on /home/airflow/.local/lib/python3.12/site-packages/airflow/example_dags/tutorial_taskflow_api.py
[2025-11-29T11:26:42.270+0000] {processor.py:914} INFO - Processing file /home/airflow/.local/lib/python3.12/site-packages/airflow/example_dags/tutorial_taskflow_api.py for tasks to queue
[2025-11-29T11:26:42.271+0000] {logging_mixin.py:190} INFO - [2025-11-29T11:26:42.271+0000] {dagbag.py:588} INFO - Filling up the DagBag from /home/airflow/.local/lib/python3.12/site-packages/airflow/example_dags/tutorial_taskflow_api.py
[2025-11-29T11:26:42.283+0000] {processor.py:925} INFO - DAG(s) 'tutorial_taskflow_api' retrieved from /home/airflow/.local/lib/python3.12/site-packages/airflow/example_dags/tutorial_taskflow_api.py
[2025-11-29T11:26:42.310+0000] {logging_mixin.py:190} INFO - [2025-11-29T11:26:42.310+0000] {dag.py:3239} INFO - Sync 1 DAGs
[2025-11-29T11:26:42.330+0000] {logging_mixin.py:190} INFO - [2025-11-29T11:26:42.329+0000] {dag.py:4180} INFO - Setting next_dagrun for tutorial_taskflow_api to None, run_after=None
[2025-11-29T11:26:42.355+0000] {processor.py:208} INFO - Processing /home/airflow/.local/lib/python3.12/site-packages/airflow/example_dags/tutorial_taskflow_api.py took 0.095 seconds
[2025-11-29T11:27:12.913+0000] {processor.py:186} INFO - Started process (PID=1223) to work on /home/airflow/.local/lib/python3.12/site-packages/airflow/example_dags/tutorial_taskflow_api.py
[2025-11-29T11:27:12.914+0000] {processor.py:914} INFO - Processing file /home/airflow/.local/lib/python3.12/site-packages/airflow/example_dags/tutorial_taskflow_api.py for tasks to queue
[2025-11-29T11:27:12.916+0000] {logging_mixin.py:190} INFO - [2025-11-29T11:27:12.915+0000] {dagbag.py:588} INFO - Filling up the DagBag from /home/airflow/.local/lib/python3.12/site-packages/airflow/example_dags/tutorial_taskflow_api.py
[2025-11-29T11:27:12.929+0000] {processor.py:925} INFO - DAG(s) 'tutorial_taskflow_api' retrieved from /home/airflow/.local/lib/python3.12/site-packages/airflow/example_dags/tutorial_taskflow_api.py
[2025-11-29T11:27:12.956+0000] {logging_mixin.py:190} INFO - [2025-11-29T11:27:12.956+0000] {dag.py:3239} INFO - Sync 1 DAGs
[2025-11-29T11:27:12.975+0000] {logging_mixin.py:190} INFO - [2025-11-29T11:27:12.974+0000] {dag.py:4180} INFO - Setting next_dagrun for tutorial_taskflow_api to None, run_after=None
[2025-11-29T11:27:12.996+0000] {processor.py:208} INFO - Processing /home/airflow/.local/lib/python3.12/site-packages/airflow/example_dags/tutorial_taskflow_api.py took 0.091 seconds
[2025-11-29T11:27:43.996+0000] {processor.py:186} INFO - Started process (PID=1291) to work on /home/airflow/.local/lib/python3.12/site-packages/airflow/example_dags/tutorial_taskflow_api.py
[2025-11-29T11:27:43.998+0000] {processor.py:914} INFO - Processing file /home/airflow/.local/lib/python3.12/site-packages/airflow/example_dags/tutorial_taskflow_api.py for tasks to queue
[2025-11-29T11:27:44.000+0000] {logging_mixin.py:190} INFO - [2025-11-29T11:27:43.999+0000] {dagbag.py:588} INFO - Filling up the DagBag from /home/airflow/.local/lib/python3.12/site-packages/airflow/example_dags/tutorial_taskflow_api.py
[2025-11-29T11:27:44.014+0000] {processor.py:925} INFO - DAG(s) 'tutorial_taskflow_api' retrieved from /home/airflow/.local/lib/python3.12/site-packages/airflow/example_dags/tutorial_taskflow_api.py
[2025-11-29T11:27:44.041+0000] {logging_mixin.py:190} INFO - [2025-11-29T11:27:44.041+0000] {dag.py:3239} INFO - Sync 1 DAGs
[2025-11-29T11:27:44.060+0000] {logging_mixin.py:190} INFO - [2025-11-29T11:27:44.060+0000] {dag.py:4180} INFO - Setting next_dagrun for tutorial_taskflow_api to None, run_after=None
[2025-11-29T11:27:44.083+0000] {processor.py:208} INFO - Processing /home/airflow/.local/lib/python3.12/site-packages/airflow/example_dags/tutorial_taskflow_api.py took 0.095 seconds
[2025-11-29T11:28:14.570+0000] {processor.py:186} INFO - Started process (PID=1360) to work on /home/airflow/.local/lib/python3.12/site-packages/airflow/example_dags/tutorial_taskflow_api.py
[2025-11-29T11:28:14.571+0000] {processor.py:914} INFO - Processing file /home/airflow/.local/lib/python3.12/site-packages/airflow/example_dags/tutorial_taskflow_api.py for tasks to queue
[2025-11-29T11:28:14.573+0000] {logging_mixin.py:190} INFO - [2025-11-29T11:28:14.572+0000] {dagbag.py:588} INFO - Filling up the DagBag from /home/airflow/.local/lib/python3.12/site-packages/airflow/example_dags/tutorial_taskflow_api.py
[2025-11-29T11:28:14.584+0000] {processor.py:925} INFO - DAG(s) 'tutorial_taskflow_api' retrieved from /home/airflow/.local/lib/python3.12/site-packages/airflow/example_dags/tutorial_taskflow_api.py
[2025-11-29T11:28:14.608+0000] {logging_mixin.py:190} INFO - [2025-11-29T11:28:14.608+0000] {dag.py:3239} INFO - Sync 1 DAGs
[2025-11-29T11:28:14.626+0000] {logging_mixin.py:190} INFO - [2025-11-29T11:28:14.626+0000] {dag.py:4180} INFO - Setting next_dagrun for tutorial_taskflow_api to None, run_after=None
[2025-11-29T11:28:14.652+0000] {processor.py:208} INFO - Processing /home/airflow/.local/lib/python3.12/site-packages/airflow/example_dags/tutorial_taskflow_api.py took 0.091 seconds
[2025-11-29T11:28:44.983+0000] {processor.py:186} INFO - Started process (PID=1428) to work on /home/airflow/.local/lib/python3.12/site-packages/airflow/example_dags/tutorial_taskflow_api.py
[2025-11-29T11:28:44.985+0000] {processor.py:914} INFO - Processing file /home/airflow/.local/lib/python3.12/site-packages/airflow/example_dags/tutorial_taskflow_api.py for tasks to queue
[2025-11-29T11:28:44.988+0000] {logging_mixin.py:190} INFO - [2025-11-29T11:28:44.987+0000] {dagbag.py:588} INFO - Filling up the DagBag from /home/airflow/.local/lib/python3.12/site-packages/airflow/example_dags/tutorial_taskflow_api.py
[2025-11-29T11:28:45.006+0000] {processor.py:925} INFO - DAG(s) 'tutorial_taskflow_api' retrieved from /home/airflow/.local/lib/python3.12/site-packages/airflow/example_dags/tutorial_taskflow_api.py
[2025-11-29T11:28:45.037+0000] {logging_mixin.py:190} INFO - [2025-11-29T11:28:45.037+0000] {dag.py:3239} INFO - Sync 1 DAGs
[2025-11-29T11:28:45.059+0000] {logging_mixin.py:190} INFO - [2025-11-29T11:28:45.059+0000] {dag.py:4180} INFO - Setting next_dagrun for tutorial_taskflow_api to None, run_after=None
[2025-11-29T11:28:45.091+0000] {processor.py:208} INFO - Processing /home/airflow/.local/lib/python3.12/site-packages/airflow/example_dags/tutorial_taskflow_api.py took 0.120 seconds
[2025-11-29T11:29:15.686+0000] {processor.py:186} INFO - Started process (PID=1496) to work on /home/airflow/.local/lib/python3.12/site-packages/airflow/example_dags/tutorial_taskflow_api.py
[2025-11-29T11:29:15.687+0000] {processor.py:914} INFO - Processing file /home/airflow/.local/lib/python3.12/site-packages/airflow/example_dags/tutorial_taskflow_api.py for tasks to queue
[2025-11-29T11:29:15.689+0000] {logging_mixin.py:190} INFO - [2025-11-29T11:29:15.689+0000] {dagbag.py:588} INFO - Filling up the DagBag from /home/airflow/.local/lib/python3.12/site-packages/airflow/example_dags/tutorial_taskflow_api.py
[2025-11-29T11:29:15.701+0000] {processor.py:925} INFO - DAG(s) 'tutorial_taskflow_api' retrieved from /home/airflow/.local/lib/python3.12/site-packages/airflow/example_dags/tutorial_taskflow_api.py
[2025-11-29T11:29:15.728+0000] {logging_mixin.py:190} INFO - [2025-11-29T11:29:15.727+0000] {dag.py:3239} INFO - Sync 1 DAGs
[2025-11-29T11:29:15.745+0000] {logging_mixin.py:190} INFO - [2025-11-29T11:29:15.745+0000] {dag.py:4180} INFO - Setting next_dagrun for tutorial_taskflow_api to None, run_after=None
[2025-11-29T11:29:15.767+0000] {processor.py:208} INFO - Processing /home/airflow/.local/lib/python3.12/site-packages/airflow/example_dags/tutorial_taskflow_api.py took 0.090 seconds
[2025-11-29T11:29:46.128+0000] {processor.py:186} INFO - Started process (PID=1566) to work on /home/airflow/.local/lib/python3.12/site-packages/airflow/example_dags/tutorial_taskflow_api.py
[2025-11-29T11:29:46.130+0000] {processor.py:914} INFO - Processing file /home/airflow/.local/lib/python3.12/site-packages/airflow/example_dags/tutorial_taskflow_api.py for tasks to queue
[2025-11-29T11:29:46.131+0000] {logging_mixin.py:190} INFO - [2025-11-29T11:29:46.131+0000] {dagbag.py:588} INFO - Filling up the DagBag from /home/airflow/.local/lib/python3.12/site-packages/airflow/example_dags/tutorial_taskflow_api.py
[2025-11-29T11:29:46.145+0000] {processor.py:925} INFO - DAG(s) 'tutorial_taskflow_api' retrieved from /home/airflow/.local/lib/python3.12/site-packages/airflow/example_dags/tutorial_taskflow_api.py
[2025-11-29T11:29:46.171+0000] {logging_mixin.py:190} INFO - [2025-11-29T11:29:46.171+0000] {dag.py:3239} INFO - Sync 1 DAGs
[2025-11-29T11:29:46.188+0000] {logging_mixin.py:190} INFO - [2025-11-29T11:29:46.188+0000] {dag.py:4180} INFO - Setting next_dagrun for tutorial_taskflow_api to None, run_after=None
[2025-11-29T11:29:46.210+0000] {processor.py:208} INFO - Processing /home/airflow/.local/lib/python3.12/site-packages/airflow/example_dags/tutorial_taskflow_api.py took 0.090 seconds
[2025-11-29T11:30:16.673+0000] {processor.py:186} INFO - Started process (PID=1635) to work on /home/airflow/.local/lib/python3.12/site-packages/airflow/example_dags/tutorial_taskflow_api.py
[2025-11-29T11:30:16.675+0000] {processor.py:914} INFO - Processing file /home/airflow/.local/lib/python3.12/site-packages/airflow/example_dags/tutorial_taskflow_api.py for tasks to queue
[2025-11-29T11:30:16.677+0000] {logging_mixin.py:190} INFO - [2025-11-29T11:30:16.676+0000] {dagbag.py:588} INFO - Filling up the DagBag from /home/airflow/.local/lib/python3.12/site-packages/airflow/example_dags/tutorial_taskflow_api.py
[2025-11-29T11:30:16.689+0000] {processor.py:925} INFO - DAG(s) 'tutorial_taskflow_api' retrieved from /home/airflow/.local/lib/python3.12/site-packages/airflow/example_dags/tutorial_taskflow_api.py
[2025-11-29T11:30:16.716+0000] {logging_mixin.py:190} INFO - [2025-11-29T11:30:16.716+0000] {dag.py:3239} INFO - Sync 1 DAGs
[2025-11-29T11:30:16.735+0000] {logging_mixin.py:190} INFO - [2025-11-29T11:30:16.735+0000] {dag.py:4180} INFO - Setting next_dagrun for tutorial_taskflow_api to None, run_after=None
[2025-11-29T11:30:16.758+0000] {processor.py:208} INFO - Processing /home/airflow/.local/lib/python3.12/site-packages/airflow/example_dags/tutorial_taskflow_api.py took 0.092 seconds
[2025-11-29T11:30:47.347+0000] {processor.py:186} INFO - Started process (PID=1703) to work on /home/airflow/.local/lib/python3.12/site-packages/airflow/example_dags/tutorial_taskflow_api.py
[2025-11-29T11:30:47.349+0000] {processor.py:914} INFO - Processing file /home/airflow/.local/lib/python3.12/site-packages/airflow/example_dags/tutorial_taskflow_api.py for tasks to queue
[2025-11-29T11:30:47.350+0000] {logging_mixin.py:190} INFO - [2025-11-29T11:30:47.350+0000] {dagbag.py:588} INFO - Filling up the DagBag from /home/airflow/.local/lib/python3.12/site-packages/airflow/example_dags/tutorial_taskflow_api.py
[2025-11-29T11:30:47.362+0000] {processor.py:925} INFO - DAG(s) 'tutorial_taskflow_api' retrieved from /home/airflow/.local/lib/python3.12/site-packages/airflow/example_dags/tutorial_taskflow_api.py
[2025-11-29T11:30:47.389+0000] {logging_mixin.py:190} INFO - [2025-11-29T11:30:47.388+0000] {dag.py:3239} INFO - Sync 1 DAGs
[2025-11-29T11:30:47.405+0000] {logging_mixin.py:190} INFO - [2025-11-29T11:30:47.405+0000] {dag.py:4180} INFO - Setting next_dagrun for tutorial_taskflow_api to None, run_after=None
[2025-11-29T11:30:47.426+0000] {processor.py:208} INFO - Processing /home/airflow/.local/lib/python3.12/site-packages/airflow/example_dags/tutorial_taskflow_api.py took 0.087 seconds
[2025-11-29T11:31:17.621+0000] {processor.py:186} INFO - Started process (PID=1771) to work on /home/airflow/.local/lib/python3.12/site-packages/airflow/example_dags/tutorial_taskflow_api.py
[2025-11-29T11:31:17.622+0000] {processor.py:914} INFO - Processing file /home/airflow/.local/lib/python3.12/site-packages/airflow/example_dags/tutorial_taskflow_api.py for tasks to queue
[2025-11-29T11:31:17.624+0000] {logging_mixin.py:190} INFO - [2025-11-29T11:31:17.624+0000] {dagbag.py:588} INFO - Filling up the DagBag from /home/airflow/.local/lib/python3.12/site-packages/airflow/example_dags/tutorial_taskflow_api.py
[2025-11-29T11:31:17.639+0000] {processor.py:925} INFO - DAG(s) 'tutorial_taskflow_api' retrieved from /home/airflow/.local/lib/python3.12/site-packages/airflow/example_dags/tutorial_taskflow_api.py
[2025-11-29T11:31:17.672+0000] {logging_mixin.py:190} INFO - [2025-11-29T11:31:17.671+0000] {dag.py:3239} INFO - Sync 1 DAGs
[2025-11-29T11:31:17.693+0000] {logging_mixin.py:190} INFO - [2025-11-29T11:31:17.692+0000] {dag.py:4180} INFO - Setting next_dagrun for tutorial_taskflow_api to None, run_after=None
[2025-11-29T11:31:17.723+0000] {processor.py:208} INFO - Processing /home/airflow/.local/lib/python3.12/site-packages/airflow/example_dags/tutorial_taskflow_api.py took 0.110 seconds
[2025-11-29T11:31:48.087+0000] {processor.py:186} INFO - Started process (PID=1839) to work on /home/airflow/.local/lib/python3.12/site-packages/airflow/example_dags/tutorial_taskflow_api.py
[2025-11-29T11:31:48.089+0000] {processor.py:914} INFO - Processing file /home/airflow/.local/lib/python3.12/site-packages/airflow/example_dags/tutorial_taskflow_api.py for tasks to queue
[2025-11-29T11:31:48.091+0000] {logging_mixin.py:190} INFO - [2025-11-29T11:31:48.090+0000] {dagbag.py:588} INFO - Filling up the DagBag from /home/airflow/.local/lib/python3.12/site-packages/airflow/example_dags/tutorial_taskflow_api.py
[2025-11-29T11:31:48.104+0000] {processor.py:925} INFO - DAG(s) 'tutorial_taskflow_api' retrieved from /home/airflow/.local/lib/python3.12/site-packages/airflow/example_dags/tutorial_taskflow_api.py
[2025-11-29T11:31:48.129+0000] {logging_mixin.py:190} INFO - [2025-11-29T11:31:48.129+0000] {dag.py:3239} INFO - Sync 1 DAGs
[2025-11-29T11:31:48.146+0000] {logging_mixin.py:190} INFO - [2025-11-29T11:31:48.146+0000] {dag.py:4180} INFO - Setting next_dagrun for tutorial_taskflow_api to None, run_after=None
[2025-11-29T11:31:48.167+0000] {processor.py:208} INFO - Processing /home/airflow/.local/lib/python3.12/site-packages/airflow/example_dags/tutorial_taskflow_api.py took 0.087 seconds
[2025-11-29T11:32:18.590+0000] {processor.py:186} INFO - Started process (PID=1907) to work on /home/airflow/.local/lib/python3.12/site-packages/airflow/example_dags/tutorial_taskflow_api.py
[2025-11-29T11:32:18.592+0000] {processor.py:914} INFO - Processing file /home/airflow/.local/lib/python3.12/site-packages/airflow/example_dags/tutorial_taskflow_api.py for tasks to queue
[2025-11-29T11:32:18.594+0000] {logging_mixin.py:190} INFO - [2025-11-29T11:32:18.593+0000] {dagbag.py:588} INFO - Filling up the DagBag from /home/airflow/.local/lib/python3.12/site-packages/airflow/example_dags/tutorial_taskflow_api.py
[2025-11-29T11:32:18.606+0000] {processor.py:925} INFO - DAG(s) 'tutorial_taskflow_api' retrieved from /home/airflow/.local/lib/python3.12/site-packages/airflow/example_dags/tutorial_taskflow_api.py
[2025-11-29T11:32:18.635+0000] {logging_mixin.py:190} INFO - [2025-11-29T11:32:18.635+0000] {dag.py:3239} INFO - Sync 1 DAGs
[2025-11-29T11:32:18.654+0000] {logging_mixin.py:190} INFO - [2025-11-29T11:32:18.654+0000] {dag.py:4180} INFO - Setting next_dagrun for tutorial_taskflow_api to None, run_after=None
[2025-11-29T11:32:18.679+0000] {processor.py:208} INFO - Processing /home/airflow/.local/lib/python3.12/site-packages/airflow/example_dags/tutorial_taskflow_api.py took 0.096 seconds
[2025-11-29T11:32:49.380+0000] {processor.py:186} INFO - Started process (PID=1976) to work on /home/airflow/.local/lib/python3.12/site-packages/airflow/example_dags/tutorial_taskflow_api.py
[2025-11-29T11:32:49.382+0000] {processor.py:914} INFO - Processing file /home/airflow/.local/lib/python3.12/site-packages/airflow/example_dags/tutorial_taskflow_api.py for tasks to queue
[2025-11-29T11:32:49.384+0000] {logging_mixin.py:190} INFO - [2025-11-29T11:32:49.383+0000] {dagbag.py:588} INFO - Filling up the DagBag from /home/airflow/.local/lib/python3.12/site-packages/airflow/example_dags/tutorial_taskflow_api.py
[2025-11-29T11:32:49.396+0000] {processor.py:925} INFO - DAG(s) 'tutorial_taskflow_api' retrieved from /home/airflow/.local/lib/python3.12/site-packages/airflow/example_dags/tutorial_taskflow_api.py
[2025-11-29T11:32:49.423+0000] {logging_mixin.py:190} INFO - [2025-11-29T11:32:49.423+0000] {dag.py:3239} INFO - Sync 1 DAGs
[2025-11-29T11:32:49.441+0000] {logging_mixin.py:190} INFO - [2025-11-29T11:32:49.441+0000] {dag.py:4180} INFO - Setting next_dagrun for tutorial_taskflow_api to None, run_after=None
[2025-11-29T11:32:49.464+0000] {processor.py:208} INFO - Processing /home/airflow/.local/lib/python3.12/site-packages/airflow/example_dags/tutorial_taskflow_api.py took 0.092 seconds
[2025-11-29T11:33:20.408+0000] {processor.py:186} INFO - Started process (PID=2044) to work on /home/airflow/.local/lib/python3.12/site-packages/airflow/example_dags/tutorial_taskflow_api.py
[2025-11-29T11:33:20.410+0000] {processor.py:914} INFO - Processing file /home/airflow/.local/lib/python3.12/site-packages/airflow/example_dags/tutorial_taskflow_api.py for tasks to queue
[2025-11-29T11:33:20.412+0000] {logging_mixin.py:190} INFO - [2025-11-29T11:33:20.411+0000] {dagbag.py:588} INFO - Filling up the DagBag from /home/airflow/.local/lib/python3.12/site-packages/airflow/example_dags/tutorial_taskflow_api.py
[2025-11-29T11:33:20.425+0000] {processor.py:925} INFO - DAG(s) 'tutorial_taskflow_api' retrieved from /home/airflow/.local/lib/python3.12/site-packages/airflow/example_dags/tutorial_taskflow_api.py
[2025-11-29T11:33:20.458+0000] {logging_mixin.py:190} INFO - [2025-11-29T11:33:20.458+0000] {dag.py:3239} INFO - Sync 1 DAGs
[2025-11-29T11:33:20.482+0000] {logging_mixin.py:190} INFO - [2025-11-29T11:33:20.482+0000] {dag.py:4180} INFO - Setting next_dagrun for tutorial_taskflow_api to None, run_after=None
[2025-11-29T11:33:20.512+0000] {processor.py:208} INFO - Processing /home/airflow/.local/lib/python3.12/site-packages/airflow/example_dags/tutorial_taskflow_api.py took 0.112 seconds
[2025-11-29T11:33:50.695+0000] {processor.py:186} INFO - Started process (PID=2112) to work on /home/airflow/.local/lib/python3.12/site-packages/airflow/example_dags/tutorial_taskflow_api.py
[2025-11-29T11:33:50.696+0000] {processor.py:914} INFO - Processing file /home/airflow/.local/lib/python3.12/site-packages/airflow/example_dags/tutorial_taskflow_api.py for tasks to queue
[2025-11-29T11:33:50.698+0000] {logging_mixin.py:190} INFO - [2025-11-29T11:33:50.698+0000] {dagbag.py:588} INFO - Filling up the DagBag from /home/airflow/.local/lib/python3.12/site-packages/airflow/example_dags/tutorial_taskflow_api.py
[2025-11-29T11:33:50.711+0000] {processor.py:925} INFO - DAG(s) 'tutorial_taskflow_api' retrieved from /home/airflow/.local/lib/python3.12/site-packages/airflow/example_dags/tutorial_taskflow_api.py
[2025-11-29T11:33:50.752+0000] {logging_mixin.py:190} INFO - [2025-11-29T11:33:50.752+0000] {dag.py:3239} INFO - Sync 1 DAGs
[2025-11-29T11:33:50.770+0000] {logging_mixin.py:190} INFO - [2025-11-29T11:33:50.770+0000] {dag.py:4180} INFO - Setting next_dagrun for tutorial_taskflow_api to None, run_after=None
[2025-11-29T11:33:50.794+0000] {processor.py:208} INFO - Processing /home/airflow/.local/lib/python3.12/site-packages/airflow/example_dags/tutorial_taskflow_api.py took 0.107 seconds
[2025-11-29T11:34:20.876+0000] {processor.py:186} INFO - Started process (PID=2180) to work on /home/airflow/.local/lib/python3.12/site-packages/airflow/example_dags/tutorial_taskflow_api.py
[2025-11-29T11:34:20.877+0000] {processor.py:914} INFO - Processing file /home/airflow/.local/lib/python3.12/site-packages/airflow/example_dags/tutorial_taskflow_api.py for tasks to queue
[2025-11-29T11:34:20.880+0000] {logging_mixin.py:190} INFO - [2025-11-29T11:34:20.880+0000] {dagbag.py:588} INFO - Filling up the DagBag from /home/airflow/.local/lib/python3.12/site-packages/airflow/example_dags/tutorial_taskflow_api.py
[2025-11-29T11:34:20.897+0000] {processor.py:925} INFO - DAG(s) 'tutorial_taskflow_api' retrieved from /home/airflow/.local/lib/python3.12/site-packages/airflow/example_dags/tutorial_taskflow_api.py
[2025-11-29T11:34:20.932+0000] {logging_mixin.py:190} INFO - [2025-11-29T11:34:20.932+0000] {dag.py:3239} INFO - Sync 1 DAGs
[2025-11-29T11:34:20.967+0000] {logging_mixin.py:190} INFO - [2025-11-29T11:34:20.967+0000] {dag.py:4180} INFO - Setting next_dagrun for tutorial_taskflow_api to None, run_after=None
[2025-11-29T11:34:21.009+0000] {processor.py:208} INFO - Processing /home/airflow/.local/lib/python3.12/site-packages/airflow/example_dags/tutorial_taskflow_api.py took 0.144 seconds
[2025-11-29T11:34:51.519+0000] {processor.py:186} INFO - Started process (PID=2248) to work on /home/airflow/.local/lib/python3.12/site-packages/airflow/example_dags/tutorial_taskflow_api.py
[2025-11-29T11:34:51.520+0000] {processor.py:914} INFO - Processing file /home/airflow/.local/lib/python3.12/site-packages/airflow/example_dags/tutorial_taskflow_api.py for tasks to queue
[2025-11-29T11:34:51.522+0000] {logging_mixin.py:190} INFO - [2025-11-29T11:34:51.522+0000] {dagbag.py:588} INFO - Filling up the DagBag from /home/airflow/.local/lib/python3.12/site-packages/airflow/example_dags/tutorial_taskflow_api.py
[2025-11-29T11:34:51.535+0000] {processor.py:925} INFO - DAG(s) 'tutorial_taskflow_api' retrieved from /home/airflow/.local/lib/python3.12/site-packages/airflow/example_dags/tutorial_taskflow_api.py
[2025-11-29T11:34:51.562+0000] {logging_mixin.py:190} INFO - [2025-11-29T11:34:51.561+0000] {dag.py:3239} INFO - Sync 1 DAGs
[2025-11-29T11:34:51.579+0000] {logging_mixin.py:190} INFO - [2025-11-29T11:34:51.579+0000] {dag.py:4180} INFO - Setting next_dagrun for tutorial_taskflow_api to None, run_after=None
[2025-11-29T11:34:51.604+0000] {processor.py:208} INFO - Processing /home/airflow/.local/lib/python3.12/site-packages/airflow/example_dags/tutorial_taskflow_api.py took 0.094 seconds
[2025-11-29T11:35:21.697+0000] {processor.py:186} INFO - Started process (PID=2315) to work on /home/airflow/.local/lib/python3.12/site-packages/airflow/example_dags/tutorial_taskflow_api.py
[2025-11-29T11:35:21.698+0000] {processor.py:914} INFO - Processing file /home/airflow/.local/lib/python3.12/site-packages/airflow/example_dags/tutorial_taskflow_api.py for tasks to queue
[2025-11-29T11:35:21.700+0000] {logging_mixin.py:190} INFO - [2025-11-29T11:35:21.700+0000] {dagbag.py:588} INFO - Filling up the DagBag from /home/airflow/.local/lib/python3.12/site-packages/airflow/example_dags/tutorial_taskflow_api.py
[2025-11-29T11:35:21.711+0000] {processor.py:925} INFO - DAG(s) 'tutorial_taskflow_api' retrieved from /home/airflow/.local/lib/python3.12/site-packages/airflow/example_dags/tutorial_taskflow_api.py
[2025-11-29T11:35:21.737+0000] {logging_mixin.py:190} INFO - [2025-11-29T11:35:21.737+0000] {dag.py:3239} INFO - Sync 1 DAGs
[2025-11-29T11:35:21.759+0000] {logging_mixin.py:190} INFO - [2025-11-29T11:35:21.759+0000] {dag.py:4180} INFO - Setting next_dagrun for tutorial_taskflow_api to None, run_after=None
[2025-11-29T11:35:21.783+0000] {processor.py:208} INFO - Processing /home/airflow/.local/lib/python3.12/site-packages/airflow/example_dags/tutorial_taskflow_api.py took 0.095 seconds
[2025-11-29T11:35:52.249+0000] {processor.py:186} INFO - Started process (PID=2386) to work on /home/airflow/.local/lib/python3.12/site-packages/airflow/example_dags/tutorial_taskflow_api.py
[2025-11-29T11:35:52.250+0000] {processor.py:914} INFO - Processing file /home/airflow/.local/lib/python3.12/site-packages/airflow/example_dags/tutorial_taskflow_api.py for tasks to queue
[2025-11-29T11:35:52.252+0000] {logging_mixin.py:190} INFO - [2025-11-29T11:35:52.251+0000] {dagbag.py:588} INFO - Filling up the DagBag from /home/airflow/.local/lib/python3.12/site-packages/airflow/example_dags/tutorial_taskflow_api.py
[2025-11-29T11:35:52.266+0000] {processor.py:925} INFO - DAG(s) 'tutorial_taskflow_api' retrieved from /home/airflow/.local/lib/python3.12/site-packages/airflow/example_dags/tutorial_taskflow_api.py
[2025-11-29T11:35:52.293+0000] {logging_mixin.py:190} INFO - [2025-11-29T11:35:52.293+0000] {dag.py:3239} INFO - Sync 1 DAGs
[2025-11-29T11:35:52.312+0000] {logging_mixin.py:190} INFO - [2025-11-29T11:35:52.311+0000] {dag.py:4180} INFO - Setting next_dagrun for tutorial_taskflow_api to None, run_after=None
[2025-11-29T11:35:52.337+0000] {processor.py:208} INFO - Processing /home/airflow/.local/lib/python3.12/site-packages/airflow/example_dags/tutorial_taskflow_api.py took 0.097 seconds
[2025-11-29T11:36:22.822+0000] {processor.py:186} INFO - Started process (PID=2455) to work on /home/airflow/.local/lib/python3.12/site-packages/airflow/example_dags/tutorial_taskflow_api.py
[2025-11-29T11:36:22.824+0000] {processor.py:914} INFO - Processing file /home/airflow/.local/lib/python3.12/site-packages/airflow/example_dags/tutorial_taskflow_api.py for tasks to queue
[2025-11-29T11:36:22.826+0000] {logging_mixin.py:190} INFO - [2025-11-29T11:36:22.825+0000] {dagbag.py:588} INFO - Filling up the DagBag from /home/airflow/.local/lib/python3.12/site-packages/airflow/example_dags/tutorial_taskflow_api.py
[2025-11-29T11:36:22.840+0000] {processor.py:925} INFO - DAG(s) 'tutorial_taskflow_api' retrieved from /home/airflow/.local/lib/python3.12/site-packages/airflow/example_dags/tutorial_taskflow_api.py
[2025-11-29T11:36:22.868+0000] {logging_mixin.py:190} INFO - [2025-11-29T11:36:22.868+0000] {dag.py:3239} INFO - Sync 1 DAGs
[2025-11-29T11:36:22.887+0000] {logging_mixin.py:190} INFO - [2025-11-29T11:36:22.886+0000] {dag.py:4180} INFO - Setting next_dagrun for tutorial_taskflow_api to None, run_after=None
[2025-11-29T11:36:22.908+0000] {processor.py:208} INFO - Processing /home/airflow/.local/lib/python3.12/site-packages/airflow/example_dags/tutorial_taskflow_api.py took 0.094 seconds
[2025-11-29T11:36:53.704+0000] {processor.py:186} INFO - Started process (PID=2523) to work on /home/airflow/.local/lib/python3.12/site-packages/airflow/example_dags/tutorial_taskflow_api.py
[2025-11-29T11:36:53.706+0000] {processor.py:914} INFO - Processing file /home/airflow/.local/lib/python3.12/site-packages/airflow/example_dags/tutorial_taskflow_api.py for tasks to queue
[2025-11-29T11:36:53.708+0000] {logging_mixin.py:190} INFO - [2025-11-29T11:36:53.707+0000] {dagbag.py:588} INFO - Filling up the DagBag from /home/airflow/.local/lib/python3.12/site-packages/airflow/example_dags/tutorial_taskflow_api.py
[2025-11-29T11:36:53.720+0000] {processor.py:925} INFO - DAG(s) 'tutorial_taskflow_api' retrieved from /home/airflow/.local/lib/python3.12/site-packages/airflow/example_dags/tutorial_taskflow_api.py
[2025-11-29T11:36:53.747+0000] {logging_mixin.py:190} INFO - [2025-11-29T11:36:53.747+0000] {dag.py:3239} INFO - Sync 1 DAGs
[2025-11-29T11:36:53.765+0000] {logging_mixin.py:190} INFO - [2025-11-29T11:36:53.765+0000] {dag.py:4180} INFO - Setting next_dagrun for tutorial_taskflow_api to None, run_after=None
[2025-11-29T11:36:53.790+0000] {processor.py:208} INFO - Processing /home/airflow/.local/lib/python3.12/site-packages/airflow/example_dags/tutorial_taskflow_api.py took 0.095 seconds
[2025-11-29T11:37:24.457+0000] {processor.py:186} INFO - Started process (PID=2597) to work on /home/airflow/.local/lib/python3.12/site-packages/airflow/example_dags/tutorial_taskflow_api.py
[2025-11-29T11:37:24.458+0000] {processor.py:914} INFO - Processing file /home/airflow/.local/lib/python3.12/site-packages/airflow/example_dags/tutorial_taskflow_api.py for tasks to queue
[2025-11-29T11:37:24.460+0000] {logging_mixin.py:190} INFO - [2025-11-29T11:37:24.460+0000] {dagbag.py:588} INFO - Filling up the DagBag from /home/airflow/.local/lib/python3.12/site-packages/airflow/example_dags/tutorial_taskflow_api.py
[2025-11-29T11:37:24.472+0000] {processor.py:925} INFO - DAG(s) 'tutorial_taskflow_api' retrieved from /home/airflow/.local/lib/python3.12/site-packages/airflow/example_dags/tutorial_taskflow_api.py
[2025-11-29T11:37:24.501+0000] {logging_mixin.py:190} INFO - [2025-11-29T11:37:24.500+0000] {dag.py:3239} INFO - Sync 1 DAGs
[2025-11-29T11:37:24.519+0000] {logging_mixin.py:190} INFO - [2025-11-29T11:37:24.518+0000] {dag.py:4180} INFO - Setting next_dagrun for tutorial_taskflow_api to None, run_after=None
[2025-11-29T11:37:24.540+0000] {processor.py:208} INFO - Processing /home/airflow/.local/lib/python3.12/site-packages/airflow/example_dags/tutorial_taskflow_api.py took 0.091 seconds
