[2025-11-29T11:19:02.183+0000] {processor.py:186} INFO - Started process (PID=125) to work on /home/airflow/.local/lib/python3.12/site-packages/airflow/example_dags/tutorial_dag.py
[2025-11-29T11:19:02.185+0000] {processor.py:914} INFO - Processing file /home/airflow/.local/lib/python3.12/site-packages/airflow/example_dags/tutorial_dag.py for tasks to queue
[2025-11-29T11:19:02.189+0000] {logging_mixin.py:190} INFO - [2025-11-29T11:19:02.188+0000] {dagbag.py:588} INFO - Filling up the DagBag from /home/airflow/.local/lib/python3.12/site-packages/airflow/example_dags/tutorial_dag.py
[2025-11-29T11:19:02.203+0000] {processor.py:925} INFO - DAG(s) 'tutorial_dag' retrieved from /home/airflow/.local/lib/python3.12/site-packages/airflow/example_dags/tutorial_dag.py
[2025-11-29T11:19:02.346+0000] {logging_mixin.py:190} INFO - [2025-11-29T11:19:02.345+0000] {override.py:1911} INFO - Created Permission View: can delete on DAG:tutorial_dag
[2025-11-29T11:19:02.358+0000] {logging_mixin.py:190} INFO - [2025-11-29T11:19:02.358+0000] {override.py:1911} INFO - Created Permission View: can read on DAG:tutorial_dag
[2025-11-29T11:19:02.367+0000] {logging_mixin.py:190} INFO - [2025-11-29T11:19:02.367+0000] {override.py:1911} INFO - Created Permission View: can edit on DAG:tutorial_dag
[2025-11-29T11:19:02.377+0000] {logging_mixin.py:190} INFO - [2025-11-29T11:19:02.377+0000] {override.py:1911} INFO - Created Permission View: menu access on DAG Run:tutorial_dag
[2025-11-29T11:19:02.385+0000] {logging_mixin.py:190} INFO - [2025-11-29T11:19:02.385+0000] {override.py:1911} INFO - Created Permission View: can delete on DAG Run:tutorial_dag
[2025-11-29T11:19:02.394+0000] {logging_mixin.py:190} INFO - [2025-11-29T11:19:02.394+0000] {override.py:1911} INFO - Created Permission View: can read on DAG Run:tutorial_dag
[2025-11-29T11:19:02.403+0000] {logging_mixin.py:190} INFO - [2025-11-29T11:19:02.403+0000] {override.py:1911} INFO - Created Permission View: can create on DAG Run:tutorial_dag
[2025-11-29T11:19:02.404+0000] {logging_mixin.py:190} INFO - [2025-11-29T11:19:02.404+0000] {dag.py:3239} INFO - Sync 1 DAGs
[2025-11-29T11:19:02.418+0000] {logging_mixin.py:190} INFO - [2025-11-29T11:19:02.417+0000] {dag.py:3262} INFO - Creating ORM DAG for tutorial_dag
[2025-11-29T11:19:02.419+0000] {logging_mixin.py:190} INFO - [2025-11-29T11:19:02.419+0000] {dag.py:4180} INFO - Setting next_dagrun for tutorial_dag to None, run_after=None
[2025-11-29T11:19:02.438+0000] {processor.py:208} INFO - Processing /home/airflow/.local/lib/python3.12/site-packages/airflow/example_dags/tutorial_dag.py took 0.262 seconds
[2025-11-29T11:19:32.605+0000] {processor.py:186} INFO - Started process (PID=193) to work on /home/airflow/.local/lib/python3.12/site-packages/airflow/example_dags/tutorial_dag.py
[2025-11-29T11:19:32.607+0000] {processor.py:914} INFO - Processing file /home/airflow/.local/lib/python3.12/site-packages/airflow/example_dags/tutorial_dag.py for tasks to queue
[2025-11-29T11:19:32.610+0000] {logging_mixin.py:190} INFO - [2025-11-29T11:19:32.610+0000] {dagbag.py:588} INFO - Filling up the DagBag from /home/airflow/.local/lib/python3.12/site-packages/airflow/example_dags/tutorial_dag.py
[2025-11-29T11:19:32.621+0000] {processor.py:925} INFO - DAG(s) 'tutorial_dag' retrieved from /home/airflow/.local/lib/python3.12/site-packages/airflow/example_dags/tutorial_dag.py
[2025-11-29T11:19:32.649+0000] {logging_mixin.py:190} INFO - [2025-11-29T11:19:32.649+0000] {dag.py:3239} INFO - Sync 1 DAGs
[2025-11-29T11:19:32.666+0000] {logging_mixin.py:190} INFO - [2025-11-29T11:19:32.665+0000] {dag.py:4180} INFO - Setting next_dagrun for tutorial_dag to None, run_after=None
[2025-11-29T11:19:32.687+0000] {processor.py:208} INFO - Processing /home/airflow/.local/lib/python3.12/site-packages/airflow/example_dags/tutorial_dag.py took 0.089 seconds
[2025-11-29T11:20:02.947+0000] {processor.py:186} INFO - Started process (PID=261) to work on /home/airflow/.local/lib/python3.12/site-packages/airflow/example_dags/tutorial_dag.py
[2025-11-29T11:20:02.949+0000] {processor.py:914} INFO - Processing file /home/airflow/.local/lib/python3.12/site-packages/airflow/example_dags/tutorial_dag.py for tasks to queue
[2025-11-29T11:20:02.955+0000] {logging_mixin.py:190} INFO - [2025-11-29T11:20:02.954+0000] {dagbag.py:588} INFO - Filling up the DagBag from /home/airflow/.local/lib/python3.12/site-packages/airflow/example_dags/tutorial_dag.py
[2025-11-29T11:20:02.968+0000] {processor.py:925} INFO - DAG(s) 'tutorial_dag' retrieved from /home/airflow/.local/lib/python3.12/site-packages/airflow/example_dags/tutorial_dag.py
[2025-11-29T11:20:03.001+0000] {logging_mixin.py:190} INFO - [2025-11-29T11:20:03.000+0000] {dag.py:3239} INFO - Sync 1 DAGs
[2025-11-29T11:20:03.022+0000] {logging_mixin.py:190} INFO - [2025-11-29T11:20:03.021+0000] {dag.py:4180} INFO - Setting next_dagrun for tutorial_dag to None, run_after=None
[2025-11-29T11:20:03.046+0000] {processor.py:208} INFO - Processing /home/airflow/.local/lib/python3.12/site-packages/airflow/example_dags/tutorial_dag.py took 0.109 seconds
[2025-11-29T11:20:33.155+0000] {processor.py:186} INFO - Started process (PID=330) to work on /home/airflow/.local/lib/python3.12/site-packages/airflow/example_dags/tutorial_dag.py
[2025-11-29T11:20:33.156+0000] {processor.py:914} INFO - Processing file /home/airflow/.local/lib/python3.12/site-packages/airflow/example_dags/tutorial_dag.py for tasks to queue
[2025-11-29T11:20:33.161+0000] {logging_mixin.py:190} INFO - [2025-11-29T11:20:33.160+0000] {dagbag.py:588} INFO - Filling up the DagBag from /home/airflow/.local/lib/python3.12/site-packages/airflow/example_dags/tutorial_dag.py
[2025-11-29T11:20:33.171+0000] {processor.py:925} INFO - DAG(s) 'tutorial_dag' retrieved from /home/airflow/.local/lib/python3.12/site-packages/airflow/example_dags/tutorial_dag.py
[2025-11-29T11:20:33.196+0000] {logging_mixin.py:190} INFO - [2025-11-29T11:20:33.195+0000] {dag.py:3239} INFO - Sync 1 DAGs
[2025-11-29T11:20:33.212+0000] {logging_mixin.py:190} INFO - [2025-11-29T11:20:33.212+0000] {dag.py:4180} INFO - Setting next_dagrun for tutorial_dag to None, run_after=None
[2025-11-29T11:20:33.233+0000] {processor.py:208} INFO - Processing /home/airflow/.local/lib/python3.12/site-packages/airflow/example_dags/tutorial_dag.py took 0.085 seconds
[2025-11-29T11:21:04.373+0000] {processor.py:186} INFO - Started process (PID=399) to work on /home/airflow/.local/lib/python3.12/site-packages/airflow/example_dags/tutorial_dag.py
[2025-11-29T11:21:04.375+0000] {processor.py:914} INFO - Processing file /home/airflow/.local/lib/python3.12/site-packages/airflow/example_dags/tutorial_dag.py for tasks to queue
[2025-11-29T11:21:04.379+0000] {logging_mixin.py:190} INFO - [2025-11-29T11:21:04.379+0000] {dagbag.py:588} INFO - Filling up the DagBag from /home/airflow/.local/lib/python3.12/site-packages/airflow/example_dags/tutorial_dag.py
[2025-11-29T11:21:04.391+0000] {processor.py:925} INFO - DAG(s) 'tutorial_dag' retrieved from /home/airflow/.local/lib/python3.12/site-packages/airflow/example_dags/tutorial_dag.py
[2025-11-29T11:21:04.420+0000] {logging_mixin.py:190} INFO - [2025-11-29T11:21:04.420+0000] {dag.py:3239} INFO - Sync 1 DAGs
[2025-11-29T11:21:04.439+0000] {logging_mixin.py:190} INFO - [2025-11-29T11:21:04.439+0000] {dag.py:4180} INFO - Setting next_dagrun for tutorial_dag to None, run_after=None
[2025-11-29T11:21:04.465+0000] {processor.py:208} INFO - Processing /home/airflow/.local/lib/python3.12/site-packages/airflow/example_dags/tutorial_dag.py took 0.100 seconds
[2025-11-29T11:21:35.784+0000] {processor.py:186} INFO - Started process (PID=467) to work on /home/airflow/.local/lib/python3.12/site-packages/airflow/example_dags/tutorial_dag.py
[2025-11-29T11:21:35.785+0000] {processor.py:914} INFO - Processing file /home/airflow/.local/lib/python3.12/site-packages/airflow/example_dags/tutorial_dag.py for tasks to queue
[2025-11-29T11:21:35.789+0000] {logging_mixin.py:190} INFO - [2025-11-29T11:21:35.788+0000] {dagbag.py:588} INFO - Filling up the DagBag from /home/airflow/.local/lib/python3.12/site-packages/airflow/example_dags/tutorial_dag.py
[2025-11-29T11:21:35.800+0000] {processor.py:925} INFO - DAG(s) 'tutorial_dag' retrieved from /home/airflow/.local/lib/python3.12/site-packages/airflow/example_dags/tutorial_dag.py
[2025-11-29T11:21:35.828+0000] {logging_mixin.py:190} INFO - [2025-11-29T11:21:35.828+0000] {dag.py:3239} INFO - Sync 1 DAGs
[2025-11-29T11:21:35.845+0000] {logging_mixin.py:190} INFO - [2025-11-29T11:21:35.845+0000] {dag.py:4180} INFO - Setting next_dagrun for tutorial_dag to None, run_after=None
[2025-11-29T11:21:35.869+0000] {processor.py:208} INFO - Processing /home/airflow/.local/lib/python3.12/site-packages/airflow/example_dags/tutorial_dag.py took 0.093 seconds
[2025-11-29T11:22:06.436+0000] {processor.py:186} INFO - Started process (PID=536) to work on /home/airflow/.local/lib/python3.12/site-packages/airflow/example_dags/tutorial_dag.py
[2025-11-29T11:22:06.437+0000] {processor.py:914} INFO - Processing file /home/airflow/.local/lib/python3.12/site-packages/airflow/example_dags/tutorial_dag.py for tasks to queue
[2025-11-29T11:22:06.441+0000] {logging_mixin.py:190} INFO - [2025-11-29T11:22:06.440+0000] {dagbag.py:588} INFO - Filling up the DagBag from /home/airflow/.local/lib/python3.12/site-packages/airflow/example_dags/tutorial_dag.py
[2025-11-29T11:22:06.451+0000] {processor.py:925} INFO - DAG(s) 'tutorial_dag' retrieved from /home/airflow/.local/lib/python3.12/site-packages/airflow/example_dags/tutorial_dag.py
[2025-11-29T11:22:06.476+0000] {logging_mixin.py:190} INFO - [2025-11-29T11:22:06.475+0000] {dag.py:3239} INFO - Sync 1 DAGs
[2025-11-29T11:22:06.491+0000] {logging_mixin.py:190} INFO - [2025-11-29T11:22:06.491+0000] {dag.py:4180} INFO - Setting next_dagrun for tutorial_dag to None, run_after=None
[2025-11-29T11:22:06.513+0000] {processor.py:208} INFO - Processing /home/airflow/.local/lib/python3.12/site-packages/airflow/example_dags/tutorial_dag.py took 0.085 seconds
[2025-11-29T11:22:36.979+0000] {processor.py:186} INFO - Started process (PID=605) to work on /home/airflow/.local/lib/python3.12/site-packages/airflow/example_dags/tutorial_dag.py
[2025-11-29T11:22:36.982+0000] {processor.py:914} INFO - Processing file /home/airflow/.local/lib/python3.12/site-packages/airflow/example_dags/tutorial_dag.py for tasks to queue
[2025-11-29T11:22:36.993+0000] {logging_mixin.py:190} INFO - [2025-11-29T11:22:36.993+0000] {dagbag.py:588} INFO - Filling up the DagBag from /home/airflow/.local/lib/python3.12/site-packages/airflow/example_dags/tutorial_dag.py
[2025-11-29T11:22:37.012+0000] {processor.py:925} INFO - DAG(s) 'tutorial_dag' retrieved from /home/airflow/.local/lib/python3.12/site-packages/airflow/example_dags/tutorial_dag.py
[2025-11-29T11:22:37.051+0000] {logging_mixin.py:190} INFO - [2025-11-29T11:22:37.050+0000] {dag.py:3239} INFO - Sync 1 DAGs
[2025-11-29T11:22:37.079+0000] {logging_mixin.py:190} INFO - [2025-11-29T11:22:37.078+0000] {dag.py:4180} INFO - Setting next_dagrun for tutorial_dag to None, run_after=None
[2025-11-29T11:22:37.364+0000] {processor.py:208} INFO - Processing /home/airflow/.local/lib/python3.12/site-packages/airflow/example_dags/tutorial_dag.py took 0.406 seconds
[2025-11-29T11:23:08.095+0000] {processor.py:186} INFO - Started process (PID=673) to work on /home/airflow/.local/lib/python3.12/site-packages/airflow/example_dags/tutorial_dag.py
[2025-11-29T11:23:08.096+0000] {processor.py:914} INFO - Processing file /home/airflow/.local/lib/python3.12/site-packages/airflow/example_dags/tutorial_dag.py for tasks to queue
[2025-11-29T11:23:08.099+0000] {logging_mixin.py:190} INFO - [2025-11-29T11:23:08.099+0000] {dagbag.py:588} INFO - Filling up the DagBag from /home/airflow/.local/lib/python3.12/site-packages/airflow/example_dags/tutorial_dag.py
[2025-11-29T11:23:08.110+0000] {processor.py:925} INFO - DAG(s) 'tutorial_dag' retrieved from /home/airflow/.local/lib/python3.12/site-packages/airflow/example_dags/tutorial_dag.py
[2025-11-29T11:23:08.135+0000] {logging_mixin.py:190} INFO - [2025-11-29T11:23:08.135+0000] {dag.py:3239} INFO - Sync 1 DAGs
[2025-11-29T11:23:08.152+0000] {logging_mixin.py:190} INFO - [2025-11-29T11:23:08.152+0000] {dag.py:4180} INFO - Setting next_dagrun for tutorial_dag to None, run_after=None
[2025-11-29T11:23:08.174+0000] {processor.py:208} INFO - Processing /home/airflow/.local/lib/python3.12/site-packages/airflow/example_dags/tutorial_dag.py took 0.087 seconds
[2025-11-29T11:23:38.693+0000] {processor.py:186} INFO - Started process (PID=741) to work on /home/airflow/.local/lib/python3.12/site-packages/airflow/example_dags/tutorial_dag.py
[2025-11-29T11:23:38.695+0000] {processor.py:914} INFO - Processing file /home/airflow/.local/lib/python3.12/site-packages/airflow/example_dags/tutorial_dag.py for tasks to queue
[2025-11-29T11:23:38.698+0000] {logging_mixin.py:190} INFO - [2025-11-29T11:23:38.698+0000] {dagbag.py:588} INFO - Filling up the DagBag from /home/airflow/.local/lib/python3.12/site-packages/airflow/example_dags/tutorial_dag.py
[2025-11-29T11:23:38.713+0000] {processor.py:925} INFO - DAG(s) 'tutorial_dag' retrieved from /home/airflow/.local/lib/python3.12/site-packages/airflow/example_dags/tutorial_dag.py
[2025-11-29T11:23:38.743+0000] {logging_mixin.py:190} INFO - [2025-11-29T11:23:38.742+0000] {dag.py:3239} INFO - Sync 1 DAGs
[2025-11-29T11:23:38.761+0000] {logging_mixin.py:190} INFO - [2025-11-29T11:23:38.761+0000] {dag.py:4180} INFO - Setting next_dagrun for tutorial_dag to None, run_after=None
[2025-11-29T11:23:38.787+0000] {processor.py:208} INFO - Processing /home/airflow/.local/lib/python3.12/site-packages/airflow/example_dags/tutorial_dag.py took 0.102 seconds
[2025-11-29T11:24:09.016+0000] {processor.py:186} INFO - Started process (PID=810) to work on /home/airflow/.local/lib/python3.12/site-packages/airflow/example_dags/tutorial_dag.py
[2025-11-29T11:24:09.018+0000] {processor.py:914} INFO - Processing file /home/airflow/.local/lib/python3.12/site-packages/airflow/example_dags/tutorial_dag.py for tasks to queue
[2025-11-29T11:24:09.020+0000] {logging_mixin.py:190} INFO - [2025-11-29T11:24:09.019+0000] {dagbag.py:588} INFO - Filling up the DagBag from /home/airflow/.local/lib/python3.12/site-packages/airflow/example_dags/tutorial_dag.py
[2025-11-29T11:24:09.031+0000] {processor.py:925} INFO - DAG(s) 'tutorial_dag' retrieved from /home/airflow/.local/lib/python3.12/site-packages/airflow/example_dags/tutorial_dag.py
[2025-11-29T11:24:09.056+0000] {logging_mixin.py:190} INFO - [2025-11-29T11:24:09.056+0000] {dag.py:3239} INFO - Sync 1 DAGs
[2025-11-29T11:24:09.074+0000] {logging_mixin.py:190} INFO - [2025-11-29T11:24:09.074+0000] {dag.py:4180} INFO - Setting next_dagrun for tutorial_dag to None, run_after=None
[2025-11-29T11:24:09.099+0000] {processor.py:208} INFO - Processing /home/airflow/.local/lib/python3.12/site-packages/airflow/example_dags/tutorial_dag.py took 0.092 seconds
[2025-11-29T11:24:39.577+0000] {processor.py:186} INFO - Started process (PID=878) to work on /home/airflow/.local/lib/python3.12/site-packages/airflow/example_dags/tutorial_dag.py
[2025-11-29T11:24:39.579+0000] {processor.py:914} INFO - Processing file /home/airflow/.local/lib/python3.12/site-packages/airflow/example_dags/tutorial_dag.py for tasks to queue
[2025-11-29T11:24:39.581+0000] {logging_mixin.py:190} INFO - [2025-11-29T11:24:39.580+0000] {dagbag.py:588} INFO - Filling up the DagBag from /home/airflow/.local/lib/python3.12/site-packages/airflow/example_dags/tutorial_dag.py
[2025-11-29T11:24:39.592+0000] {processor.py:925} INFO - DAG(s) 'tutorial_dag' retrieved from /home/airflow/.local/lib/python3.12/site-packages/airflow/example_dags/tutorial_dag.py
[2025-11-29T11:24:39.618+0000] {logging_mixin.py:190} INFO - [2025-11-29T11:24:39.617+0000] {dag.py:3239} INFO - Sync 1 DAGs
[2025-11-29T11:24:39.634+0000] {logging_mixin.py:190} INFO - [2025-11-29T11:24:39.634+0000] {dag.py:4180} INFO - Setting next_dagrun for tutorial_dag to None, run_after=None
[2025-11-29T11:24:39.660+0000] {processor.py:208} INFO - Processing /home/airflow/.local/lib/python3.12/site-packages/airflow/example_dags/tutorial_dag.py took 0.090 seconds
[2025-11-29T11:25:10.602+0000] {processor.py:186} INFO - Started process (PID=946) to work on /home/airflow/.local/lib/python3.12/site-packages/airflow/example_dags/tutorial_dag.py
[2025-11-29T11:25:10.603+0000] {processor.py:914} INFO - Processing file /home/airflow/.local/lib/python3.12/site-packages/airflow/example_dags/tutorial_dag.py for tasks to queue
[2025-11-29T11:25:10.605+0000] {logging_mixin.py:190} INFO - [2025-11-29T11:25:10.605+0000] {dagbag.py:588} INFO - Filling up the DagBag from /home/airflow/.local/lib/python3.12/site-packages/airflow/example_dags/tutorial_dag.py
[2025-11-29T11:25:10.617+0000] {processor.py:925} INFO - DAG(s) 'tutorial_dag' retrieved from /home/airflow/.local/lib/python3.12/site-packages/airflow/example_dags/tutorial_dag.py
[2025-11-29T11:25:10.642+0000] {logging_mixin.py:190} INFO - [2025-11-29T11:25:10.642+0000] {dag.py:3239} INFO - Sync 1 DAGs
[2025-11-29T11:25:10.660+0000] {logging_mixin.py:190} INFO - [2025-11-29T11:25:10.659+0000] {dag.py:4180} INFO - Setting next_dagrun for tutorial_dag to None, run_after=None
[2025-11-29T11:25:10.687+0000] {processor.py:208} INFO - Processing /home/airflow/.local/lib/python3.12/site-packages/airflow/example_dags/tutorial_dag.py took 0.095 seconds
[2025-11-29T11:25:40.846+0000] {processor.py:186} INFO - Started process (PID=1014) to work on /home/airflow/.local/lib/python3.12/site-packages/airflow/example_dags/tutorial_dag.py
[2025-11-29T11:25:40.848+0000] {processor.py:914} INFO - Processing file /home/airflow/.local/lib/python3.12/site-packages/airflow/example_dags/tutorial_dag.py for tasks to queue
[2025-11-29T11:25:40.849+0000] {logging_mixin.py:190} INFO - [2025-11-29T11:25:40.849+0000] {dagbag.py:588} INFO - Filling up the DagBag from /home/airflow/.local/lib/python3.12/site-packages/airflow/example_dags/tutorial_dag.py
[2025-11-29T11:25:40.860+0000] {processor.py:925} INFO - DAG(s) 'tutorial_dag' retrieved from /home/airflow/.local/lib/python3.12/site-packages/airflow/example_dags/tutorial_dag.py
[2025-11-29T11:25:40.886+0000] {logging_mixin.py:190} INFO - [2025-11-29T11:25:40.886+0000] {dag.py:3239} INFO - Sync 1 DAGs
[2025-11-29T11:25:40.903+0000] {logging_mixin.py:190} INFO - [2025-11-29T11:25:40.903+0000] {dag.py:4180} INFO - Setting next_dagrun for tutorial_dag to None, run_after=None
[2025-11-29T11:25:40.927+0000] {processor.py:208} INFO - Processing /home/airflow/.local/lib/python3.12/site-packages/airflow/example_dags/tutorial_dag.py took 0.088 seconds
[2025-11-29T11:26:11.378+0000] {processor.py:186} INFO - Started process (PID=1083) to work on /home/airflow/.local/lib/python3.12/site-packages/airflow/example_dags/tutorial_dag.py
[2025-11-29T11:26:11.380+0000] {processor.py:914} INFO - Processing file /home/airflow/.local/lib/python3.12/site-packages/airflow/example_dags/tutorial_dag.py for tasks to queue
[2025-11-29T11:26:11.382+0000] {logging_mixin.py:190} INFO - [2025-11-29T11:26:11.381+0000] {dagbag.py:588} INFO - Filling up the DagBag from /home/airflow/.local/lib/python3.12/site-packages/airflow/example_dags/tutorial_dag.py
[2025-11-29T11:26:11.393+0000] {processor.py:925} INFO - DAG(s) 'tutorial_dag' retrieved from /home/airflow/.local/lib/python3.12/site-packages/airflow/example_dags/tutorial_dag.py
[2025-11-29T11:26:11.420+0000] {logging_mixin.py:190} INFO - [2025-11-29T11:26:11.420+0000] {dag.py:3239} INFO - Sync 1 DAGs
[2025-11-29T11:26:11.437+0000] {logging_mixin.py:190} INFO - [2025-11-29T11:26:11.436+0000] {dag.py:4180} INFO - Setting next_dagrun for tutorial_dag to None, run_after=None
[2025-11-29T11:26:11.460+0000] {processor.py:208} INFO - Processing /home/airflow/.local/lib/python3.12/site-packages/airflow/example_dags/tutorial_dag.py took 0.089 seconds
[2025-11-29T11:26:41.815+0000] {processor.py:186} INFO - Started process (PID=1151) to work on /home/airflow/.local/lib/python3.12/site-packages/airflow/example_dags/tutorial_dag.py
[2025-11-29T11:26:41.816+0000] {processor.py:914} INFO - Processing file /home/airflow/.local/lib/python3.12/site-packages/airflow/example_dags/tutorial_dag.py for tasks to queue
[2025-11-29T11:26:41.818+0000] {logging_mixin.py:190} INFO - [2025-11-29T11:26:41.818+0000] {dagbag.py:588} INFO - Filling up the DagBag from /home/airflow/.local/lib/python3.12/site-packages/airflow/example_dags/tutorial_dag.py
[2025-11-29T11:26:41.829+0000] {processor.py:925} INFO - DAG(s) 'tutorial_dag' retrieved from /home/airflow/.local/lib/python3.12/site-packages/airflow/example_dags/tutorial_dag.py
[2025-11-29T11:26:41.856+0000] {logging_mixin.py:190} INFO - [2025-11-29T11:26:41.856+0000] {dag.py:3239} INFO - Sync 1 DAGs
[2025-11-29T11:26:41.874+0000] {logging_mixin.py:190} INFO - [2025-11-29T11:26:41.873+0000] {dag.py:4180} INFO - Setting next_dagrun for tutorial_dag to None, run_after=None
[2025-11-29T11:26:41.901+0000] {processor.py:208} INFO - Processing /home/airflow/.local/lib/python3.12/site-packages/airflow/example_dags/tutorial_dag.py took 0.094 seconds
[2025-11-29T11:27:12.425+0000] {processor.py:186} INFO - Started process (PID=1219) to work on /home/airflow/.local/lib/python3.12/site-packages/airflow/example_dags/tutorial_dag.py
[2025-11-29T11:27:12.426+0000] {processor.py:914} INFO - Processing file /home/airflow/.local/lib/python3.12/site-packages/airflow/example_dags/tutorial_dag.py for tasks to queue
[2025-11-29T11:27:12.428+0000] {logging_mixin.py:190} INFO - [2025-11-29T11:27:12.427+0000] {dagbag.py:588} INFO - Filling up the DagBag from /home/airflow/.local/lib/python3.12/site-packages/airflow/example_dags/tutorial_dag.py
[2025-11-29T11:27:12.439+0000] {processor.py:925} INFO - DAG(s) 'tutorial_dag' retrieved from /home/airflow/.local/lib/python3.12/site-packages/airflow/example_dags/tutorial_dag.py
[2025-11-29T11:27:12.467+0000] {logging_mixin.py:190} INFO - [2025-11-29T11:27:12.467+0000] {dag.py:3239} INFO - Sync 1 DAGs
[2025-11-29T11:27:12.484+0000] {logging_mixin.py:190} INFO - [2025-11-29T11:27:12.484+0000] {dag.py:4180} INFO - Setting next_dagrun for tutorial_dag to None, run_after=None
[2025-11-29T11:27:12.510+0000] {processor.py:208} INFO - Processing /home/airflow/.local/lib/python3.12/site-packages/airflow/example_dags/tutorial_dag.py took 0.094 seconds
[2025-11-29T11:27:43.453+0000] {processor.py:186} INFO - Started process (PID=1287) to work on /home/airflow/.local/lib/python3.12/site-packages/airflow/example_dags/tutorial_dag.py
[2025-11-29T11:27:43.455+0000] {processor.py:914} INFO - Processing file /home/airflow/.local/lib/python3.12/site-packages/airflow/example_dags/tutorial_dag.py for tasks to queue
[2025-11-29T11:27:43.457+0000] {logging_mixin.py:190} INFO - [2025-11-29T11:27:43.456+0000] {dagbag.py:588} INFO - Filling up the DagBag from /home/airflow/.local/lib/python3.12/site-packages/airflow/example_dags/tutorial_dag.py
[2025-11-29T11:27:43.475+0000] {processor.py:925} INFO - DAG(s) 'tutorial_dag' retrieved from /home/airflow/.local/lib/python3.12/site-packages/airflow/example_dags/tutorial_dag.py
[2025-11-29T11:27:43.509+0000] {logging_mixin.py:190} INFO - [2025-11-29T11:27:43.509+0000] {dag.py:3239} INFO - Sync 1 DAGs
[2025-11-29T11:27:43.533+0000] {logging_mixin.py:190} INFO - [2025-11-29T11:27:43.532+0000] {dag.py:4180} INFO - Setting next_dagrun for tutorial_dag to None, run_after=None
[2025-11-29T11:27:43.568+0000] {processor.py:208} INFO - Processing /home/airflow/.local/lib/python3.12/site-packages/airflow/example_dags/tutorial_dag.py took 0.126 seconds
[2025-11-29T11:28:14.093+0000] {processor.py:186} INFO - Started process (PID=1356) to work on /home/airflow/.local/lib/python3.12/site-packages/airflow/example_dags/tutorial_dag.py
[2025-11-29T11:28:14.095+0000] {processor.py:914} INFO - Processing file /home/airflow/.local/lib/python3.12/site-packages/airflow/example_dags/tutorial_dag.py for tasks to queue
[2025-11-29T11:28:14.097+0000] {logging_mixin.py:190} INFO - [2025-11-29T11:28:14.096+0000] {dagbag.py:588} INFO - Filling up the DagBag from /home/airflow/.local/lib/python3.12/site-packages/airflow/example_dags/tutorial_dag.py
[2025-11-29T11:28:14.107+0000] {processor.py:925} INFO - DAG(s) 'tutorial_dag' retrieved from /home/airflow/.local/lib/python3.12/site-packages/airflow/example_dags/tutorial_dag.py
[2025-11-29T11:28:14.134+0000] {logging_mixin.py:190} INFO - [2025-11-29T11:28:14.134+0000] {dag.py:3239} INFO - Sync 1 DAGs
[2025-11-29T11:28:14.153+0000] {logging_mixin.py:190} INFO - [2025-11-29T11:28:14.152+0000] {dag.py:4180} INFO - Setting next_dagrun for tutorial_dag to None, run_after=None
[2025-11-29T11:28:14.179+0000] {processor.py:208} INFO - Processing /home/airflow/.local/lib/python3.12/site-packages/airflow/example_dags/tutorial_dag.py took 0.093 seconds
[2025-11-29T11:28:44.468+0000] {processor.py:186} INFO - Started process (PID=1424) to work on /home/airflow/.local/lib/python3.12/site-packages/airflow/example_dags/tutorial_dag.py
[2025-11-29T11:28:44.469+0000] {processor.py:914} INFO - Processing file /home/airflow/.local/lib/python3.12/site-packages/airflow/example_dags/tutorial_dag.py for tasks to queue
[2025-11-29T11:28:44.471+0000] {logging_mixin.py:190} INFO - [2025-11-29T11:28:44.470+0000] {dagbag.py:588} INFO - Filling up the DagBag from /home/airflow/.local/lib/python3.12/site-packages/airflow/example_dags/tutorial_dag.py
[2025-11-29T11:28:44.485+0000] {processor.py:925} INFO - DAG(s) 'tutorial_dag' retrieved from /home/airflow/.local/lib/python3.12/site-packages/airflow/example_dags/tutorial_dag.py
[2025-11-29T11:28:44.512+0000] {logging_mixin.py:190} INFO - [2025-11-29T11:28:44.512+0000] {dag.py:3239} INFO - Sync 1 DAGs
[2025-11-29T11:28:44.530+0000] {logging_mixin.py:190} INFO - [2025-11-29T11:28:44.530+0000] {dag.py:4180} INFO - Setting next_dagrun for tutorial_dag to None, run_after=None
[2025-11-29T11:28:44.559+0000] {processor.py:208} INFO - Processing /home/airflow/.local/lib/python3.12/site-packages/airflow/example_dags/tutorial_dag.py took 0.100 seconds
[2025-11-29T11:29:15.234+0000] {processor.py:186} INFO - Started process (PID=1492) to work on /home/airflow/.local/lib/python3.12/site-packages/airflow/example_dags/tutorial_dag.py
[2025-11-29T11:29:15.235+0000] {processor.py:914} INFO - Processing file /home/airflow/.local/lib/python3.12/site-packages/airflow/example_dags/tutorial_dag.py for tasks to queue
[2025-11-29T11:29:15.237+0000] {logging_mixin.py:190} INFO - [2025-11-29T11:29:15.237+0000] {dagbag.py:588} INFO - Filling up the DagBag from /home/airflow/.local/lib/python3.12/site-packages/airflow/example_dags/tutorial_dag.py
[2025-11-29T11:29:15.249+0000] {processor.py:925} INFO - DAG(s) 'tutorial_dag' retrieved from /home/airflow/.local/lib/python3.12/site-packages/airflow/example_dags/tutorial_dag.py
[2025-11-29T11:29:15.274+0000] {logging_mixin.py:190} INFO - [2025-11-29T11:29:15.274+0000] {dag.py:3239} INFO - Sync 1 DAGs
[2025-11-29T11:29:15.293+0000] {logging_mixin.py:190} INFO - [2025-11-29T11:29:15.292+0000] {dag.py:4180} INFO - Setting next_dagrun for tutorial_dag to None, run_after=None
[2025-11-29T11:29:15.317+0000] {processor.py:208} INFO - Processing /home/airflow/.local/lib/python3.12/site-packages/airflow/example_dags/tutorial_dag.py took 0.092 seconds
[2025-11-29T11:29:45.684+0000] {processor.py:186} INFO - Started process (PID=1562) to work on /home/airflow/.local/lib/python3.12/site-packages/airflow/example_dags/tutorial_dag.py
[2025-11-29T11:29:45.685+0000] {processor.py:914} INFO - Processing file /home/airflow/.local/lib/python3.12/site-packages/airflow/example_dags/tutorial_dag.py for tasks to queue
[2025-11-29T11:29:45.687+0000] {logging_mixin.py:190} INFO - [2025-11-29T11:29:45.687+0000] {dagbag.py:588} INFO - Filling up the DagBag from /home/airflow/.local/lib/python3.12/site-packages/airflow/example_dags/tutorial_dag.py
[2025-11-29T11:29:45.698+0000] {processor.py:925} INFO - DAG(s) 'tutorial_dag' retrieved from /home/airflow/.local/lib/python3.12/site-packages/airflow/example_dags/tutorial_dag.py
[2025-11-29T11:29:45.723+0000] {logging_mixin.py:190} INFO - [2025-11-29T11:29:45.723+0000] {dag.py:3239} INFO - Sync 1 DAGs
[2025-11-29T11:29:45.743+0000] {logging_mixin.py:190} INFO - [2025-11-29T11:29:45.742+0000] {dag.py:4180} INFO - Setting next_dagrun for tutorial_dag to None, run_after=None
[2025-11-29T11:29:45.766+0000] {processor.py:208} INFO - Processing /home/airflow/.local/lib/python3.12/site-packages/airflow/example_dags/tutorial_dag.py took 0.090 seconds
[2025-11-29T11:30:16.205+0000] {processor.py:186} INFO - Started process (PID=1631) to work on /home/airflow/.local/lib/python3.12/site-packages/airflow/example_dags/tutorial_dag.py
[2025-11-29T11:30:16.206+0000] {processor.py:914} INFO - Processing file /home/airflow/.local/lib/python3.12/site-packages/airflow/example_dags/tutorial_dag.py for tasks to queue
[2025-11-29T11:30:16.208+0000] {logging_mixin.py:190} INFO - [2025-11-29T11:30:16.207+0000] {dagbag.py:588} INFO - Filling up the DagBag from /home/airflow/.local/lib/python3.12/site-packages/airflow/example_dags/tutorial_dag.py
[2025-11-29T11:30:16.219+0000] {processor.py:925} INFO - DAG(s) 'tutorial_dag' retrieved from /home/airflow/.local/lib/python3.12/site-packages/airflow/example_dags/tutorial_dag.py
[2025-11-29T11:30:16.244+0000] {logging_mixin.py:190} INFO - [2025-11-29T11:30:16.244+0000] {dag.py:3239} INFO - Sync 1 DAGs
[2025-11-29T11:30:16.264+0000] {logging_mixin.py:190} INFO - [2025-11-29T11:30:16.264+0000] {dag.py:4180} INFO - Setting next_dagrun for tutorial_dag to None, run_after=None
[2025-11-29T11:30:16.290+0000] {processor.py:208} INFO - Processing /home/airflow/.local/lib/python3.12/site-packages/airflow/example_dags/tutorial_dag.py took 0.095 seconds
[2025-11-29T11:30:46.878+0000] {processor.py:186} INFO - Started process (PID=1699) to work on /home/airflow/.local/lib/python3.12/site-packages/airflow/example_dags/tutorial_dag.py
[2025-11-29T11:30:46.880+0000] {processor.py:914} INFO - Processing file /home/airflow/.local/lib/python3.12/site-packages/airflow/example_dags/tutorial_dag.py for tasks to queue
[2025-11-29T11:30:46.882+0000] {logging_mixin.py:190} INFO - [2025-11-29T11:30:46.881+0000] {dagbag.py:588} INFO - Filling up the DagBag from /home/airflow/.local/lib/python3.12/site-packages/airflow/example_dags/tutorial_dag.py
[2025-11-29T11:30:46.894+0000] {processor.py:925} INFO - DAG(s) 'tutorial_dag' retrieved from /home/airflow/.local/lib/python3.12/site-packages/airflow/example_dags/tutorial_dag.py
[2025-11-29T11:30:46.923+0000] {logging_mixin.py:190} INFO - [2025-11-29T11:30:46.922+0000] {dag.py:3239} INFO - Sync 1 DAGs
[2025-11-29T11:30:46.941+0000] {logging_mixin.py:190} INFO - [2025-11-29T11:30:46.941+0000] {dag.py:4180} INFO - Setting next_dagrun for tutorial_dag to None, run_after=None
[2025-11-29T11:30:46.967+0000] {processor.py:208} INFO - Processing /home/airflow/.local/lib/python3.12/site-packages/airflow/example_dags/tutorial_dag.py took 0.097 seconds
[2025-11-29T11:31:17.063+0000] {processor.py:186} INFO - Started process (PID=1767) to work on /home/airflow/.local/lib/python3.12/site-packages/airflow/example_dags/tutorial_dag.py
[2025-11-29T11:31:17.065+0000] {processor.py:914} INFO - Processing file /home/airflow/.local/lib/python3.12/site-packages/airflow/example_dags/tutorial_dag.py for tasks to queue
[2025-11-29T11:31:17.067+0000] {logging_mixin.py:190} INFO - [2025-11-29T11:31:17.066+0000] {dagbag.py:588} INFO - Filling up the DagBag from /home/airflow/.local/lib/python3.12/site-packages/airflow/example_dags/tutorial_dag.py
[2025-11-29T11:31:17.079+0000] {processor.py:925} INFO - DAG(s) 'tutorial_dag' retrieved from /home/airflow/.local/lib/python3.12/site-packages/airflow/example_dags/tutorial_dag.py
[2025-11-29T11:31:17.109+0000] {logging_mixin.py:190} INFO - [2025-11-29T11:31:17.109+0000] {dag.py:3239} INFO - Sync 1 DAGs
[2025-11-29T11:31:17.133+0000] {logging_mixin.py:190} INFO - [2025-11-29T11:31:17.132+0000] {dag.py:4180} INFO - Setting next_dagrun for tutorial_dag to None, run_after=None
[2025-11-29T11:31:17.160+0000] {processor.py:208} INFO - Processing /home/airflow/.local/lib/python3.12/site-packages/airflow/example_dags/tutorial_dag.py took 0.105 seconds
[2025-11-29T11:31:47.647+0000] {processor.py:186} INFO - Started process (PID=1835) to work on /home/airflow/.local/lib/python3.12/site-packages/airflow/example_dags/tutorial_dag.py
[2025-11-29T11:31:47.649+0000] {processor.py:914} INFO - Processing file /home/airflow/.local/lib/python3.12/site-packages/airflow/example_dags/tutorial_dag.py for tasks to queue
[2025-11-29T11:31:47.650+0000] {logging_mixin.py:190} INFO - [2025-11-29T11:31:47.650+0000] {dagbag.py:588} INFO - Filling up the DagBag from /home/airflow/.local/lib/python3.12/site-packages/airflow/example_dags/tutorial_dag.py
[2025-11-29T11:31:47.661+0000] {processor.py:925} INFO - DAG(s) 'tutorial_dag' retrieved from /home/airflow/.local/lib/python3.12/site-packages/airflow/example_dags/tutorial_dag.py
[2025-11-29T11:31:47.687+0000] {logging_mixin.py:190} INFO - [2025-11-29T11:31:47.686+0000] {dag.py:3239} INFO - Sync 1 DAGs
[2025-11-29T11:31:47.704+0000] {logging_mixin.py:190} INFO - [2025-11-29T11:31:47.703+0000] {dag.py:4180} INFO - Setting next_dagrun for tutorial_dag to None, run_after=None
[2025-11-29T11:31:47.728+0000] {processor.py:208} INFO - Processing /home/airflow/.local/lib/python3.12/site-packages/airflow/example_dags/tutorial_dag.py took 0.088 seconds
[2025-11-29T11:32:18.092+0000] {processor.py:186} INFO - Started process (PID=1903) to work on /home/airflow/.local/lib/python3.12/site-packages/airflow/example_dags/tutorial_dag.py
[2025-11-29T11:32:18.094+0000] {processor.py:914} INFO - Processing file /home/airflow/.local/lib/python3.12/site-packages/airflow/example_dags/tutorial_dag.py for tasks to queue
[2025-11-29T11:32:18.096+0000] {logging_mixin.py:190} INFO - [2025-11-29T11:32:18.095+0000] {dagbag.py:588} INFO - Filling up the DagBag from /home/airflow/.local/lib/python3.12/site-packages/airflow/example_dags/tutorial_dag.py
[2025-11-29T11:32:18.109+0000] {processor.py:925} INFO - DAG(s) 'tutorial_dag' retrieved from /home/airflow/.local/lib/python3.12/site-packages/airflow/example_dags/tutorial_dag.py
[2025-11-29T11:32:18.138+0000] {logging_mixin.py:190} INFO - [2025-11-29T11:32:18.138+0000] {dag.py:3239} INFO - Sync 1 DAGs
[2025-11-29T11:32:18.158+0000] {logging_mixin.py:190} INFO - [2025-11-29T11:32:18.157+0000] {dag.py:4180} INFO - Setting next_dagrun for tutorial_dag to None, run_after=None
[2025-11-29T11:32:18.183+0000] {processor.py:208} INFO - Processing /home/airflow/.local/lib/python3.12/site-packages/airflow/example_dags/tutorial_dag.py took 0.099 seconds
[2025-11-29T11:32:48.825+0000] {processor.py:186} INFO - Started process (PID=1972) to work on /home/airflow/.local/lib/python3.12/site-packages/airflow/example_dags/tutorial_dag.py
[2025-11-29T11:32:48.827+0000] {processor.py:914} INFO - Processing file /home/airflow/.local/lib/python3.12/site-packages/airflow/example_dags/tutorial_dag.py for tasks to queue
[2025-11-29T11:32:48.829+0000] {logging_mixin.py:190} INFO - [2025-11-29T11:32:48.829+0000] {dagbag.py:588} INFO - Filling up the DagBag from /home/airflow/.local/lib/python3.12/site-packages/airflow/example_dags/tutorial_dag.py
[2025-11-29T11:32:48.841+0000] {processor.py:925} INFO - DAG(s) 'tutorial_dag' retrieved from /home/airflow/.local/lib/python3.12/site-packages/airflow/example_dags/tutorial_dag.py
[2025-11-29T11:32:48.868+0000] {logging_mixin.py:190} INFO - [2025-11-29T11:32:48.868+0000] {dag.py:3239} INFO - Sync 1 DAGs
[2025-11-29T11:32:48.888+0000] {logging_mixin.py:190} INFO - [2025-11-29T11:32:48.887+0000] {dag.py:4180} INFO - Setting next_dagrun for tutorial_dag to None, run_after=None
[2025-11-29T11:32:48.914+0000] {processor.py:208} INFO - Processing /home/airflow/.local/lib/python3.12/site-packages/airflow/example_dags/tutorial_dag.py took 0.096 seconds
[2025-11-29T11:33:19.829+0000] {processor.py:186} INFO - Started process (PID=2040) to work on /home/airflow/.local/lib/python3.12/site-packages/airflow/example_dags/tutorial_dag.py
[2025-11-29T11:33:19.831+0000] {processor.py:914} INFO - Processing file /home/airflow/.local/lib/python3.12/site-packages/airflow/example_dags/tutorial_dag.py for tasks to queue
[2025-11-29T11:33:19.833+0000] {logging_mixin.py:190} INFO - [2025-11-29T11:33:19.832+0000] {dagbag.py:588} INFO - Filling up the DagBag from /home/airflow/.local/lib/python3.12/site-packages/airflow/example_dags/tutorial_dag.py
[2025-11-29T11:33:19.848+0000] {processor.py:925} INFO - DAG(s) 'tutorial_dag' retrieved from /home/airflow/.local/lib/python3.12/site-packages/airflow/example_dags/tutorial_dag.py
[2025-11-29T11:33:19.883+0000] {logging_mixin.py:190} INFO - [2025-11-29T11:33:19.883+0000] {dag.py:3239} INFO - Sync 1 DAGs
[2025-11-29T11:33:19.910+0000] {logging_mixin.py:190} INFO - [2025-11-29T11:33:19.909+0000] {dag.py:4180} INFO - Setting next_dagrun for tutorial_dag to None, run_after=None
[2025-11-29T11:33:19.937+0000] {processor.py:208} INFO - Processing /home/airflow/.local/lib/python3.12/site-packages/airflow/example_dags/tutorial_dag.py took 0.118 seconds
[2025-11-29T11:33:50.155+0000] {processor.py:186} INFO - Started process (PID=2108) to work on /home/airflow/.local/lib/python3.12/site-packages/airflow/example_dags/tutorial_dag.py
[2025-11-29T11:33:50.158+0000] {processor.py:914} INFO - Processing file /home/airflow/.local/lib/python3.12/site-packages/airflow/example_dags/tutorial_dag.py for tasks to queue
[2025-11-29T11:33:50.161+0000] {logging_mixin.py:190} INFO - [2025-11-29T11:33:50.160+0000] {dagbag.py:588} INFO - Filling up the DagBag from /home/airflow/.local/lib/python3.12/site-packages/airflow/example_dags/tutorial_dag.py
[2025-11-29T11:33:50.182+0000] {processor.py:925} INFO - DAG(s) 'tutorial_dag' retrieved from /home/airflow/.local/lib/python3.12/site-packages/airflow/example_dags/tutorial_dag.py
[2025-11-29T11:33:50.225+0000] {logging_mixin.py:190} INFO - [2025-11-29T11:33:50.224+0000] {dag.py:3239} INFO - Sync 1 DAGs
[2025-11-29T11:33:50.251+0000] {logging_mixin.py:190} INFO - [2025-11-29T11:33:50.251+0000] {dag.py:4180} INFO - Setting next_dagrun for tutorial_dag to None, run_after=None
[2025-11-29T11:33:50.280+0000] {processor.py:208} INFO - Processing /home/airflow/.local/lib/python3.12/site-packages/airflow/example_dags/tutorial_dag.py took 0.140 seconds
[2025-11-29T11:34:20.376+0000] {processor.py:186} INFO - Started process (PID=2176) to work on /home/airflow/.local/lib/python3.12/site-packages/airflow/example_dags/tutorial_dag.py
[2025-11-29T11:34:20.377+0000] {processor.py:914} INFO - Processing file /home/airflow/.local/lib/python3.12/site-packages/airflow/example_dags/tutorial_dag.py for tasks to queue
[2025-11-29T11:34:20.379+0000] {logging_mixin.py:190} INFO - [2025-11-29T11:34:20.379+0000] {dagbag.py:588} INFO - Filling up the DagBag from /home/airflow/.local/lib/python3.12/site-packages/airflow/example_dags/tutorial_dag.py
[2025-11-29T11:34:20.390+0000] {processor.py:925} INFO - DAG(s) 'tutorial_dag' retrieved from /home/airflow/.local/lib/python3.12/site-packages/airflow/example_dags/tutorial_dag.py
[2025-11-29T11:34:20.419+0000] {logging_mixin.py:190} INFO - [2025-11-29T11:34:20.418+0000] {dag.py:3239} INFO - Sync 1 DAGs
[2025-11-29T11:34:20.442+0000] {logging_mixin.py:190} INFO - [2025-11-29T11:34:20.441+0000] {dag.py:4180} INFO - Setting next_dagrun for tutorial_dag to None, run_after=None
[2025-11-29T11:34:20.466+0000] {processor.py:208} INFO - Processing /home/airflow/.local/lib/python3.12/site-packages/airflow/example_dags/tutorial_dag.py took 0.098 seconds
[2025-11-29T11:34:51.055+0000] {processor.py:186} INFO - Started process (PID=2244) to work on /home/airflow/.local/lib/python3.12/site-packages/airflow/example_dags/tutorial_dag.py
[2025-11-29T11:34:51.058+0000] {processor.py:914} INFO - Processing file /home/airflow/.local/lib/python3.12/site-packages/airflow/example_dags/tutorial_dag.py for tasks to queue
[2025-11-29T11:34:51.060+0000] {logging_mixin.py:190} INFO - [2025-11-29T11:34:51.060+0000] {dagbag.py:588} INFO - Filling up the DagBag from /home/airflow/.local/lib/python3.12/site-packages/airflow/example_dags/tutorial_dag.py
[2025-11-29T11:34:51.070+0000] {processor.py:925} INFO - DAG(s) 'tutorial_dag' retrieved from /home/airflow/.local/lib/python3.12/site-packages/airflow/example_dags/tutorial_dag.py
[2025-11-29T11:34:51.094+0000] {logging_mixin.py:190} INFO - [2025-11-29T11:34:51.094+0000] {dag.py:3239} INFO - Sync 1 DAGs
[2025-11-29T11:34:51.112+0000] {logging_mixin.py:190} INFO - [2025-11-29T11:34:51.112+0000] {dag.py:4180} INFO - Setting next_dagrun for tutorial_dag to None, run_after=None
[2025-11-29T11:34:51.133+0000] {processor.py:208} INFO - Processing /home/airflow/.local/lib/python3.12/site-packages/airflow/example_dags/tutorial_dag.py took 0.085 seconds
[2025-11-29T11:35:21.361+0000] {processor.py:186} INFO - Started process (PID=2312) to work on /home/airflow/.local/lib/python3.12/site-packages/airflow/example_dags/tutorial_dag.py
[2025-11-29T11:35:21.363+0000] {processor.py:914} INFO - Processing file /home/airflow/.local/lib/python3.12/site-packages/airflow/example_dags/tutorial_dag.py for tasks to queue
[2025-11-29T11:35:21.364+0000] {logging_mixin.py:190} INFO - [2025-11-29T11:35:21.364+0000] {dagbag.py:588} INFO - Filling up the DagBag from /home/airflow/.local/lib/python3.12/site-packages/airflow/example_dags/tutorial_dag.py
[2025-11-29T11:35:21.375+0000] {processor.py:925} INFO - DAG(s) 'tutorial_dag' retrieved from /home/airflow/.local/lib/python3.12/site-packages/airflow/example_dags/tutorial_dag.py
[2025-11-29T11:35:21.401+0000] {logging_mixin.py:190} INFO - [2025-11-29T11:35:21.401+0000] {dag.py:3239} INFO - Sync 1 DAGs
[2025-11-29T11:35:21.418+0000] {logging_mixin.py:190} INFO - [2025-11-29T11:35:21.418+0000] {dag.py:4180} INFO - Setting next_dagrun for tutorial_dag to None, run_after=None
[2025-11-29T11:35:21.444+0000] {processor.py:208} INFO - Processing /home/airflow/.local/lib/python3.12/site-packages/airflow/example_dags/tutorial_dag.py took 0.090 seconds
[2025-11-29T11:35:51.768+0000] {processor.py:186} INFO - Started process (PID=2382) to work on /home/airflow/.local/lib/python3.12/site-packages/airflow/example_dags/tutorial_dag.py
[2025-11-29T11:35:51.769+0000] {processor.py:914} INFO - Processing file /home/airflow/.local/lib/python3.12/site-packages/airflow/example_dags/tutorial_dag.py for tasks to queue
[2025-11-29T11:35:51.771+0000] {logging_mixin.py:190} INFO - [2025-11-29T11:35:51.770+0000] {dagbag.py:588} INFO - Filling up the DagBag from /home/airflow/.local/lib/python3.12/site-packages/airflow/example_dags/tutorial_dag.py
[2025-11-29T11:35:51.784+0000] {processor.py:925} INFO - DAG(s) 'tutorial_dag' retrieved from /home/airflow/.local/lib/python3.12/site-packages/airflow/example_dags/tutorial_dag.py
[2025-11-29T11:35:51.813+0000] {logging_mixin.py:190} INFO - [2025-11-29T11:35:51.813+0000] {dag.py:3239} INFO - Sync 1 DAGs
[2025-11-29T11:35:51.831+0000] {logging_mixin.py:190} INFO - [2025-11-29T11:35:51.831+0000] {dag.py:4180} INFO - Setting next_dagrun for tutorial_dag to None, run_after=None
[2025-11-29T11:35:51.859+0000] {processor.py:208} INFO - Processing /home/airflow/.local/lib/python3.12/site-packages/airflow/example_dags/tutorial_dag.py took 0.100 seconds
[2025-11-29T11:36:22.362+0000] {processor.py:186} INFO - Started process (PID=2451) to work on /home/airflow/.local/lib/python3.12/site-packages/airflow/example_dags/tutorial_dag.py
[2025-11-29T11:36:22.364+0000] {processor.py:914} INFO - Processing file /home/airflow/.local/lib/python3.12/site-packages/airflow/example_dags/tutorial_dag.py for tasks to queue
[2025-11-29T11:36:22.366+0000] {logging_mixin.py:190} INFO - [2025-11-29T11:36:22.365+0000] {dagbag.py:588} INFO - Filling up the DagBag from /home/airflow/.local/lib/python3.12/site-packages/airflow/example_dags/tutorial_dag.py
[2025-11-29T11:36:22.378+0000] {processor.py:925} INFO - DAG(s) 'tutorial_dag' retrieved from /home/airflow/.local/lib/python3.12/site-packages/airflow/example_dags/tutorial_dag.py
[2025-11-29T11:36:22.407+0000] {logging_mixin.py:190} INFO - [2025-11-29T11:36:22.407+0000] {dag.py:3239} INFO - Sync 1 DAGs
[2025-11-29T11:36:22.425+0000] {logging_mixin.py:190} INFO - [2025-11-29T11:36:22.424+0000] {dag.py:4180} INFO - Setting next_dagrun for tutorial_dag to None, run_after=None
[2025-11-29T11:36:22.449+0000] {processor.py:208} INFO - Processing /home/airflow/.local/lib/python3.12/site-packages/airflow/example_dags/tutorial_dag.py took 0.095 seconds
[2025-11-29T11:36:53.230+0000] {processor.py:186} INFO - Started process (PID=2519) to work on /home/airflow/.local/lib/python3.12/site-packages/airflow/example_dags/tutorial_dag.py
[2025-11-29T11:36:53.232+0000] {processor.py:914} INFO - Processing file /home/airflow/.local/lib/python3.12/site-packages/airflow/example_dags/tutorial_dag.py for tasks to queue
[2025-11-29T11:36:53.234+0000] {logging_mixin.py:190} INFO - [2025-11-29T11:36:53.233+0000] {dagbag.py:588} INFO - Filling up the DagBag from /home/airflow/.local/lib/python3.12/site-packages/airflow/example_dags/tutorial_dag.py
[2025-11-29T11:36:53.246+0000] {processor.py:925} INFO - DAG(s) 'tutorial_dag' retrieved from /home/airflow/.local/lib/python3.12/site-packages/airflow/example_dags/tutorial_dag.py
[2025-11-29T11:36:53.272+0000] {logging_mixin.py:190} INFO - [2025-11-29T11:36:53.271+0000] {dag.py:3239} INFO - Sync 1 DAGs
[2025-11-29T11:36:53.288+0000] {logging_mixin.py:190} INFO - [2025-11-29T11:36:53.288+0000] {dag.py:4180} INFO - Setting next_dagrun for tutorial_dag to None, run_after=None
[2025-11-29T11:36:53.312+0000] {processor.py:208} INFO - Processing /home/airflow/.local/lib/python3.12/site-packages/airflow/example_dags/tutorial_dag.py took 0.092 seconds
[2025-11-29T11:37:23.997+0000] {processor.py:186} INFO - Started process (PID=2593) to work on /home/airflow/.local/lib/python3.12/site-packages/airflow/example_dags/tutorial_dag.py
[2025-11-29T11:37:23.998+0000] {processor.py:914} INFO - Processing file /home/airflow/.local/lib/python3.12/site-packages/airflow/example_dags/tutorial_dag.py for tasks to queue
[2025-11-29T11:37:24.000+0000] {logging_mixin.py:190} INFO - [2025-11-29T11:37:23.999+0000] {dagbag.py:588} INFO - Filling up the DagBag from /home/airflow/.local/lib/python3.12/site-packages/airflow/example_dags/tutorial_dag.py
[2025-11-29T11:37:24.013+0000] {processor.py:925} INFO - DAG(s) 'tutorial_dag' retrieved from /home/airflow/.local/lib/python3.12/site-packages/airflow/example_dags/tutorial_dag.py
[2025-11-29T11:37:24.041+0000] {logging_mixin.py:190} INFO - [2025-11-29T11:37:24.040+0000] {dag.py:3239} INFO - Sync 1 DAGs
[2025-11-29T11:37:24.058+0000] {logging_mixin.py:190} INFO - [2025-11-29T11:37:24.057+0000] {dag.py:4180} INFO - Setting next_dagrun for tutorial_dag to None, run_after=None
[2025-11-29T11:37:24.085+0000] {processor.py:208} INFO - Processing /home/airflow/.local/lib/python3.12/site-packages/airflow/example_dags/tutorial_dag.py took 0.099 seconds
