[2025-11-29T11:18:58.697+0000] {processor.py:186} INFO - Started process (PID=107) to work on /home/airflow/.local/lib/python3.12/site-packages/airflow/example_dags/tutorial_objectstorage.py
[2025-11-29T11:18:58.698+0000] {processor.py:914} INFO - Processing file /home/airflow/.local/lib/python3.12/site-packages/airflow/example_dags/tutorial_objectstorage.py for tasks to queue
[2025-11-29T11:18:58.702+0000] {logging_mixin.py:190} INFO - [2025-11-29T11:18:58.702+0000] {dagbag.py:588} INFO - Filling up the DagBag from /home/airflow/.local/lib/python3.12/site-packages/airflow/example_dags/tutorial_objectstorage.py
[2025-11-29T11:18:58.719+0000] {processor.py:925} INFO - DAG(s) 'tutorial_objectstorage' retrieved from /home/airflow/.local/lib/python3.12/site-packages/airflow/example_dags/tutorial_objectstorage.py
[2025-11-29T11:18:58.846+0000] {logging_mixin.py:190} INFO - [2025-11-29T11:18:58.845+0000] {override.py:1911} INFO - Created Permission View: can delete on DAG:tutorial_objectstorage
[2025-11-29T11:18:58.858+0000] {logging_mixin.py:190} INFO - [2025-11-29T11:18:58.857+0000] {override.py:1911} INFO - Created Permission View: can read on DAG:tutorial_objectstorage
[2025-11-29T11:18:58.866+0000] {logging_mixin.py:190} INFO - [2025-11-29T11:18:58.865+0000] {override.py:1911} INFO - Created Permission View: can edit on DAG:tutorial_objectstorage
[2025-11-29T11:18:58.875+0000] {logging_mixin.py:190} INFO - [2025-11-29T11:18:58.875+0000] {override.py:1911} INFO - Created Permission View: menu access on DAG Run:tutorial_objectstorage
[2025-11-29T11:18:58.883+0000] {logging_mixin.py:190} INFO - [2025-11-29T11:18:58.883+0000] {override.py:1911} INFO - Created Permission View: can delete on DAG Run:tutorial_objectstorage
[2025-11-29T11:18:58.891+0000] {logging_mixin.py:190} INFO - [2025-11-29T11:18:58.891+0000] {override.py:1911} INFO - Created Permission View: can read on DAG Run:tutorial_objectstorage
[2025-11-29T11:18:58.899+0000] {logging_mixin.py:190} INFO - [2025-11-29T11:18:58.899+0000] {override.py:1911} INFO - Created Permission View: can create on DAG Run:tutorial_objectstorage
[2025-11-29T11:18:58.900+0000] {logging_mixin.py:190} INFO - [2025-11-29T11:18:58.900+0000] {dag.py:3239} INFO - Sync 1 DAGs
[2025-11-29T11:18:58.913+0000] {logging_mixin.py:190} INFO - [2025-11-29T11:18:58.913+0000] {dag.py:3262} INFO - Creating ORM DAG for tutorial_objectstorage
[2025-11-29T11:18:58.914+0000] {logging_mixin.py:190} INFO - [2025-11-29T11:18:58.914+0000] {dag.py:4180} INFO - Setting next_dagrun for tutorial_objectstorage to None, run_after=None
[2025-11-29T11:18:58.934+0000] {processor.py:208} INFO - Processing /home/airflow/.local/lib/python3.12/site-packages/airflow/example_dags/tutorial_objectstorage.py took 0.245 seconds
[2025-11-29T11:19:29.459+0000] {processor.py:186} INFO - Started process (PID=175) to work on /home/airflow/.local/lib/python3.12/site-packages/airflow/example_dags/tutorial_objectstorage.py
[2025-11-29T11:19:29.461+0000] {processor.py:914} INFO - Processing file /home/airflow/.local/lib/python3.12/site-packages/airflow/example_dags/tutorial_objectstorage.py for tasks to queue
[2025-11-29T11:19:29.465+0000] {logging_mixin.py:190} INFO - [2025-11-29T11:19:29.464+0000] {dagbag.py:588} INFO - Filling up the DagBag from /home/airflow/.local/lib/python3.12/site-packages/airflow/example_dags/tutorial_objectstorage.py
[2025-11-29T11:19:29.480+0000] {processor.py:925} INFO - DAG(s) 'tutorial_objectstorage' retrieved from /home/airflow/.local/lib/python3.12/site-packages/airflow/example_dags/tutorial_objectstorage.py
[2025-11-29T11:19:29.510+0000] {logging_mixin.py:190} INFO - [2025-11-29T11:19:29.510+0000] {dag.py:3239} INFO - Sync 1 DAGs
[2025-11-29T11:19:29.527+0000] {logging_mixin.py:190} INFO - [2025-11-29T11:19:29.527+0000] {dag.py:4180} INFO - Setting next_dagrun for tutorial_objectstorage to None, run_after=None
[2025-11-29T11:19:29.549+0000] {processor.py:208} INFO - Processing /home/airflow/.local/lib/python3.12/site-packages/airflow/example_dags/tutorial_objectstorage.py took 0.099 seconds
[2025-11-29T11:20:00.416+0000] {processor.py:186} INFO - Started process (PID=243) to work on /home/airflow/.local/lib/python3.12/site-packages/airflow/example_dags/tutorial_objectstorage.py
[2025-11-29T11:20:00.418+0000] {processor.py:914} INFO - Processing file /home/airflow/.local/lib/python3.12/site-packages/airflow/example_dags/tutorial_objectstorage.py for tasks to queue
[2025-11-29T11:20:00.422+0000] {logging_mixin.py:190} INFO - [2025-11-29T11:20:00.421+0000] {dagbag.py:588} INFO - Filling up the DagBag from /home/airflow/.local/lib/python3.12/site-packages/airflow/example_dags/tutorial_objectstorage.py
[2025-11-29T11:20:00.436+0000] {processor.py:925} INFO - DAG(s) 'tutorial_objectstorage' retrieved from /home/airflow/.local/lib/python3.12/site-packages/airflow/example_dags/tutorial_objectstorage.py
[2025-11-29T11:20:00.463+0000] {logging_mixin.py:190} INFO - [2025-11-29T11:20:00.462+0000] {dag.py:3239} INFO - Sync 1 DAGs
[2025-11-29T11:20:00.481+0000] {logging_mixin.py:190} INFO - [2025-11-29T11:20:00.481+0000] {dag.py:4180} INFO - Setting next_dagrun for tutorial_objectstorage to None, run_after=None
[2025-11-29T11:20:00.506+0000] {processor.py:208} INFO - Processing /home/airflow/.local/lib/python3.12/site-packages/airflow/example_dags/tutorial_objectstorage.py took 0.097 seconds
[2025-11-29T11:20:31.412+0000] {processor.py:186} INFO - Started process (PID=312) to work on /home/airflow/.local/lib/python3.12/site-packages/airflow/example_dags/tutorial_objectstorage.py
[2025-11-29T11:20:31.413+0000] {processor.py:914} INFO - Processing file /home/airflow/.local/lib/python3.12/site-packages/airflow/example_dags/tutorial_objectstorage.py for tasks to queue
[2025-11-29T11:20:31.417+0000] {logging_mixin.py:190} INFO - [2025-11-29T11:20:31.416+0000] {dagbag.py:588} INFO - Filling up the DagBag from /home/airflow/.local/lib/python3.12/site-packages/airflow/example_dags/tutorial_objectstorage.py
[2025-11-29T11:20:31.432+0000] {processor.py:925} INFO - DAG(s) 'tutorial_objectstorage' retrieved from /home/airflow/.local/lib/python3.12/site-packages/airflow/example_dags/tutorial_objectstorage.py
[2025-11-29T11:20:31.460+0000] {logging_mixin.py:190} INFO - [2025-11-29T11:20:31.459+0000] {dag.py:3239} INFO - Sync 1 DAGs
[2025-11-29T11:20:31.477+0000] {logging_mixin.py:190} INFO - [2025-11-29T11:20:31.477+0000] {dag.py:4180} INFO - Setting next_dagrun for tutorial_objectstorage to None, run_after=None
[2025-11-29T11:20:31.513+0000] {processor.py:208} INFO - Processing /home/airflow/.local/lib/python3.12/site-packages/airflow/example_dags/tutorial_objectstorage.py took 0.109 seconds
[2025-11-29T11:21:01.937+0000] {processor.py:186} INFO - Started process (PID=381) to work on /home/airflow/.local/lib/python3.12/site-packages/airflow/example_dags/tutorial_objectstorage.py
[2025-11-29T11:21:01.939+0000] {processor.py:914} INFO - Processing file /home/airflow/.local/lib/python3.12/site-packages/airflow/example_dags/tutorial_objectstorage.py for tasks to queue
[2025-11-29T11:21:01.943+0000] {logging_mixin.py:190} INFO - [2025-11-29T11:21:01.942+0000] {dagbag.py:588} INFO - Filling up the DagBag from /home/airflow/.local/lib/python3.12/site-packages/airflow/example_dags/tutorial_objectstorage.py
[2025-11-29T11:21:01.961+0000] {processor.py:925} INFO - DAG(s) 'tutorial_objectstorage' retrieved from /home/airflow/.local/lib/python3.12/site-packages/airflow/example_dags/tutorial_objectstorage.py
[2025-11-29T11:21:01.993+0000] {logging_mixin.py:190} INFO - [2025-11-29T11:21:01.992+0000] {dag.py:3239} INFO - Sync 1 DAGs
[2025-11-29T11:21:02.019+0000] {logging_mixin.py:190} INFO - [2025-11-29T11:21:02.019+0000] {dag.py:4180} INFO - Setting next_dagrun for tutorial_objectstorage to None, run_after=None
[2025-11-29T11:21:02.049+0000] {processor.py:208} INFO - Processing /home/airflow/.local/lib/python3.12/site-packages/airflow/example_dags/tutorial_objectstorage.py took 0.121 seconds
[2025-11-29T11:21:32.206+0000] {processor.py:186} INFO - Started process (PID=449) to work on /home/airflow/.local/lib/python3.12/site-packages/airflow/example_dags/tutorial_objectstorage.py
[2025-11-29T11:21:32.207+0000] {processor.py:914} INFO - Processing file /home/airflow/.local/lib/python3.12/site-packages/airflow/example_dags/tutorial_objectstorage.py for tasks to queue
[2025-11-29T11:21:32.211+0000] {logging_mixin.py:190} INFO - [2025-11-29T11:21:32.211+0000] {dagbag.py:588} INFO - Filling up the DagBag from /home/airflow/.local/lib/python3.12/site-packages/airflow/example_dags/tutorial_objectstorage.py
[2025-11-29T11:21:32.223+0000] {processor.py:925} INFO - DAG(s) 'tutorial_objectstorage' retrieved from /home/airflow/.local/lib/python3.12/site-packages/airflow/example_dags/tutorial_objectstorage.py
[2025-11-29T11:21:32.250+0000] {logging_mixin.py:190} INFO - [2025-11-29T11:21:32.249+0000] {dag.py:3239} INFO - Sync 1 DAGs
[2025-11-29T11:21:32.266+0000] {logging_mixin.py:190} INFO - [2025-11-29T11:21:32.266+0000] {dag.py:4180} INFO - Setting next_dagrun for tutorial_objectstorage to None, run_after=None
[2025-11-29T11:21:32.287+0000] {processor.py:208} INFO - Processing /home/airflow/.local/lib/python3.12/site-packages/airflow/example_dags/tutorial_objectstorage.py took 0.089 seconds
[2025-11-29T11:22:02.470+0000] {processor.py:186} INFO - Started process (PID=518) to work on /home/airflow/.local/lib/python3.12/site-packages/airflow/example_dags/tutorial_objectstorage.py
[2025-11-29T11:22:02.471+0000] {processor.py:914} INFO - Processing file /home/airflow/.local/lib/python3.12/site-packages/airflow/example_dags/tutorial_objectstorage.py for tasks to queue
[2025-11-29T11:22:02.475+0000] {logging_mixin.py:190} INFO - [2025-11-29T11:22:02.475+0000] {dagbag.py:588} INFO - Filling up the DagBag from /home/airflow/.local/lib/python3.12/site-packages/airflow/example_dags/tutorial_objectstorage.py
[2025-11-29T11:22:02.488+0000] {processor.py:925} INFO - DAG(s) 'tutorial_objectstorage' retrieved from /home/airflow/.local/lib/python3.12/site-packages/airflow/example_dags/tutorial_objectstorage.py
[2025-11-29T11:22:02.514+0000] {logging_mixin.py:190} INFO - [2025-11-29T11:22:02.513+0000] {dag.py:3239} INFO - Sync 1 DAGs
[2025-11-29T11:22:02.529+0000] {logging_mixin.py:190} INFO - [2025-11-29T11:22:02.529+0000] {dag.py:4180} INFO - Setting next_dagrun for tutorial_objectstorage to None, run_after=None
[2025-11-29T11:22:02.551+0000] {processor.py:208} INFO - Processing /home/airflow/.local/lib/python3.12/site-packages/airflow/example_dags/tutorial_objectstorage.py took 0.088 seconds
[2025-11-29T11:22:32.817+0000] {processor.py:186} INFO - Started process (PID=587) to work on /home/airflow/.local/lib/python3.12/site-packages/airflow/example_dags/tutorial_objectstorage.py
[2025-11-29T11:22:32.818+0000] {processor.py:914} INFO - Processing file /home/airflow/.local/lib/python3.12/site-packages/airflow/example_dags/tutorial_objectstorage.py for tasks to queue
[2025-11-29T11:22:32.822+0000] {logging_mixin.py:190} INFO - [2025-11-29T11:22:32.822+0000] {dagbag.py:588} INFO - Filling up the DagBag from /home/airflow/.local/lib/python3.12/site-packages/airflow/example_dags/tutorial_objectstorage.py
[2025-11-29T11:22:32.837+0000] {processor.py:925} INFO - DAG(s) 'tutorial_objectstorage' retrieved from /home/airflow/.local/lib/python3.12/site-packages/airflow/example_dags/tutorial_objectstorage.py
[2025-11-29T11:22:32.865+0000] {logging_mixin.py:190} INFO - [2025-11-29T11:22:32.864+0000] {dag.py:3239} INFO - Sync 1 DAGs
[2025-11-29T11:22:32.881+0000] {logging_mixin.py:190} INFO - [2025-11-29T11:22:32.881+0000] {dag.py:4180} INFO - Setting next_dagrun for tutorial_objectstorage to None, run_after=None
[2025-11-29T11:22:32.904+0000] {processor.py:208} INFO - Processing /home/airflow/.local/lib/python3.12/site-packages/airflow/example_dags/tutorial_objectstorage.py took 0.095 seconds
[2025-11-29T11:23:03.464+0000] {processor.py:186} INFO - Started process (PID=655) to work on /home/airflow/.local/lib/python3.12/site-packages/airflow/example_dags/tutorial_objectstorage.py
[2025-11-29T11:23:03.465+0000] {processor.py:914} INFO - Processing file /home/airflow/.local/lib/python3.12/site-packages/airflow/example_dags/tutorial_objectstorage.py for tasks to queue
[2025-11-29T11:23:03.469+0000] {logging_mixin.py:190} INFO - [2025-11-29T11:23:03.469+0000] {dagbag.py:588} INFO - Filling up the DagBag from /home/airflow/.local/lib/python3.12/site-packages/airflow/example_dags/tutorial_objectstorage.py
[2025-11-29T11:23:03.484+0000] {processor.py:925} INFO - DAG(s) 'tutorial_objectstorage' retrieved from /home/airflow/.local/lib/python3.12/site-packages/airflow/example_dags/tutorial_objectstorage.py
[2025-11-29T11:23:03.516+0000] {logging_mixin.py:190} INFO - [2025-11-29T11:23:03.515+0000] {dag.py:3239} INFO - Sync 1 DAGs
[2025-11-29T11:23:03.536+0000] {logging_mixin.py:190} INFO - [2025-11-29T11:23:03.536+0000] {dag.py:4180} INFO - Setting next_dagrun for tutorial_objectstorage to None, run_after=None
[2025-11-29T11:23:03.569+0000] {processor.py:208} INFO - Processing /home/airflow/.local/lib/python3.12/site-packages/airflow/example_dags/tutorial_objectstorage.py took 0.114 seconds
[2025-11-29T11:23:34.240+0000] {processor.py:186} INFO - Started process (PID=723) to work on /home/airflow/.local/lib/python3.12/site-packages/airflow/example_dags/tutorial_objectstorage.py
[2025-11-29T11:23:34.242+0000] {processor.py:914} INFO - Processing file /home/airflow/.local/lib/python3.12/site-packages/airflow/example_dags/tutorial_objectstorage.py for tasks to queue
[2025-11-29T11:23:34.245+0000] {logging_mixin.py:190} INFO - [2025-11-29T11:23:34.245+0000] {dagbag.py:588} INFO - Filling up the DagBag from /home/airflow/.local/lib/python3.12/site-packages/airflow/example_dags/tutorial_objectstorage.py
[2025-11-29T11:23:34.259+0000] {processor.py:925} INFO - DAG(s) 'tutorial_objectstorage' retrieved from /home/airflow/.local/lib/python3.12/site-packages/airflow/example_dags/tutorial_objectstorage.py
[2025-11-29T11:23:34.286+0000] {logging_mixin.py:190} INFO - [2025-11-29T11:23:34.286+0000] {dag.py:3239} INFO - Sync 1 DAGs
[2025-11-29T11:23:34.303+0000] {logging_mixin.py:190} INFO - [2025-11-29T11:23:34.303+0000] {dag.py:4180} INFO - Setting next_dagrun for tutorial_objectstorage to None, run_after=None
[2025-11-29T11:23:34.328+0000] {processor.py:208} INFO - Processing /home/airflow/.local/lib/python3.12/site-packages/airflow/example_dags/tutorial_objectstorage.py took 0.096 seconds
[2025-11-29T11:24:05.006+0000] {processor.py:186} INFO - Started process (PID=792) to work on /home/airflow/.local/lib/python3.12/site-packages/airflow/example_dags/tutorial_objectstorage.py
[2025-11-29T11:24:05.007+0000] {processor.py:914} INFO - Processing file /home/airflow/.local/lib/python3.12/site-packages/airflow/example_dags/tutorial_objectstorage.py for tasks to queue
[2025-11-29T11:24:05.010+0000] {logging_mixin.py:190} INFO - [2025-11-29T11:24:05.009+0000] {dagbag.py:588} INFO - Filling up the DagBag from /home/airflow/.local/lib/python3.12/site-packages/airflow/example_dags/tutorial_objectstorage.py
[2025-11-29T11:24:05.025+0000] {processor.py:925} INFO - DAG(s) 'tutorial_objectstorage' retrieved from /home/airflow/.local/lib/python3.12/site-packages/airflow/example_dags/tutorial_objectstorage.py
[2025-11-29T11:24:05.056+0000] {logging_mixin.py:190} INFO - [2025-11-29T11:24:05.056+0000] {dag.py:3239} INFO - Sync 1 DAGs
[2025-11-29T11:24:05.081+0000] {logging_mixin.py:190} INFO - [2025-11-29T11:24:05.080+0000] {dag.py:4180} INFO - Setting next_dagrun for tutorial_objectstorage to None, run_after=None
[2025-11-29T11:24:05.109+0000] {processor.py:208} INFO - Processing /home/airflow/.local/lib/python3.12/site-packages/airflow/example_dags/tutorial_objectstorage.py took 0.111 seconds
[2025-11-29T11:24:35.507+0000] {processor.py:186} INFO - Started process (PID=860) to work on /home/airflow/.local/lib/python3.12/site-packages/airflow/example_dags/tutorial_objectstorage.py
[2025-11-29T11:24:35.509+0000] {processor.py:914} INFO - Processing file /home/airflow/.local/lib/python3.12/site-packages/airflow/example_dags/tutorial_objectstorage.py for tasks to queue
[2025-11-29T11:24:35.511+0000] {logging_mixin.py:190} INFO - [2025-11-29T11:24:35.511+0000] {dagbag.py:588} INFO - Filling up the DagBag from /home/airflow/.local/lib/python3.12/site-packages/airflow/example_dags/tutorial_objectstorage.py
[2025-11-29T11:24:35.525+0000] {processor.py:925} INFO - DAG(s) 'tutorial_objectstorage' retrieved from /home/airflow/.local/lib/python3.12/site-packages/airflow/example_dags/tutorial_objectstorage.py
[2025-11-29T11:24:35.549+0000] {logging_mixin.py:190} INFO - [2025-11-29T11:24:35.549+0000] {dag.py:3239} INFO - Sync 1 DAGs
[2025-11-29T11:24:35.566+0000] {logging_mixin.py:190} INFO - [2025-11-29T11:24:35.565+0000] {dag.py:4180} INFO - Setting next_dagrun for tutorial_objectstorage to None, run_after=None
[2025-11-29T11:24:35.588+0000] {processor.py:208} INFO - Processing /home/airflow/.local/lib/python3.12/site-packages/airflow/example_dags/tutorial_objectstorage.py took 0.089 seconds
[2025-11-29T11:25:05.815+0000] {processor.py:186} INFO - Started process (PID=928) to work on /home/airflow/.local/lib/python3.12/site-packages/airflow/example_dags/tutorial_objectstorage.py
[2025-11-29T11:25:05.817+0000] {processor.py:914} INFO - Processing file /home/airflow/.local/lib/python3.12/site-packages/airflow/example_dags/tutorial_objectstorage.py for tasks to queue
[2025-11-29T11:25:05.819+0000] {logging_mixin.py:190} INFO - [2025-11-29T11:25:05.818+0000] {dagbag.py:588} INFO - Filling up the DagBag from /home/airflow/.local/lib/python3.12/site-packages/airflow/example_dags/tutorial_objectstorage.py
[2025-11-29T11:25:05.833+0000] {processor.py:925} INFO - DAG(s) 'tutorial_objectstorage' retrieved from /home/airflow/.local/lib/python3.12/site-packages/airflow/example_dags/tutorial_objectstorage.py
[2025-11-29T11:25:05.858+0000] {logging_mixin.py:190} INFO - [2025-11-29T11:25:05.857+0000] {dag.py:3239} INFO - Sync 1 DAGs
[2025-11-29T11:25:05.874+0000] {logging_mixin.py:190} INFO - [2025-11-29T11:25:05.874+0000] {dag.py:4180} INFO - Setting next_dagrun for tutorial_objectstorage to None, run_after=None
[2025-11-29T11:25:05.895+0000] {processor.py:208} INFO - Processing /home/airflow/.local/lib/python3.12/site-packages/airflow/example_dags/tutorial_objectstorage.py took 0.088 seconds
[2025-11-29T11:25:36.304+0000] {processor.py:186} INFO - Started process (PID=996) to work on /home/airflow/.local/lib/python3.12/site-packages/airflow/example_dags/tutorial_objectstorage.py
[2025-11-29T11:25:36.305+0000] {processor.py:914} INFO - Processing file /home/airflow/.local/lib/python3.12/site-packages/airflow/example_dags/tutorial_objectstorage.py for tasks to queue
[2025-11-29T11:25:36.308+0000] {logging_mixin.py:190} INFO - [2025-11-29T11:25:36.307+0000] {dagbag.py:588} INFO - Filling up the DagBag from /home/airflow/.local/lib/python3.12/site-packages/airflow/example_dags/tutorial_objectstorage.py
[2025-11-29T11:25:36.322+0000] {processor.py:925} INFO - DAG(s) 'tutorial_objectstorage' retrieved from /home/airflow/.local/lib/python3.12/site-packages/airflow/example_dags/tutorial_objectstorage.py
[2025-11-29T11:25:36.348+0000] {logging_mixin.py:190} INFO - [2025-11-29T11:25:36.347+0000] {dag.py:3239} INFO - Sync 1 DAGs
[2025-11-29T11:25:36.363+0000] {logging_mixin.py:190} INFO - [2025-11-29T11:25:36.363+0000] {dag.py:4180} INFO - Setting next_dagrun for tutorial_objectstorage to None, run_after=None
[2025-11-29T11:25:36.383+0000] {processor.py:208} INFO - Processing /home/airflow/.local/lib/python3.12/site-packages/airflow/example_dags/tutorial_objectstorage.py took 0.087 seconds
[2025-11-29T11:26:06.845+0000] {processor.py:186} INFO - Started process (PID=1065) to work on /home/airflow/.local/lib/python3.12/site-packages/airflow/example_dags/tutorial_objectstorage.py
[2025-11-29T11:26:06.847+0000] {processor.py:914} INFO - Processing file /home/airflow/.local/lib/python3.12/site-packages/airflow/example_dags/tutorial_objectstorage.py for tasks to queue
[2025-11-29T11:26:06.849+0000] {logging_mixin.py:190} INFO - [2025-11-29T11:26:06.848+0000] {dagbag.py:588} INFO - Filling up the DagBag from /home/airflow/.local/lib/python3.12/site-packages/airflow/example_dags/tutorial_objectstorage.py
[2025-11-29T11:26:06.864+0000] {processor.py:925} INFO - DAG(s) 'tutorial_objectstorage' retrieved from /home/airflow/.local/lib/python3.12/site-packages/airflow/example_dags/tutorial_objectstorage.py
[2025-11-29T11:26:06.890+0000] {logging_mixin.py:190} INFO - [2025-11-29T11:26:06.890+0000] {dag.py:3239} INFO - Sync 1 DAGs
[2025-11-29T11:26:06.911+0000] {logging_mixin.py:190} INFO - [2025-11-29T11:26:06.911+0000] {dag.py:4180} INFO - Setting next_dagrun for tutorial_objectstorage to None, run_after=None
[2025-11-29T11:26:06.935+0000] {processor.py:208} INFO - Processing /home/airflow/.local/lib/python3.12/site-packages/airflow/example_dags/tutorial_objectstorage.py took 0.097 seconds
[2025-11-29T11:26:37.162+0000] {processor.py:186} INFO - Started process (PID=1133) to work on /home/airflow/.local/lib/python3.12/site-packages/airflow/example_dags/tutorial_objectstorage.py
[2025-11-29T11:26:37.164+0000] {processor.py:914} INFO - Processing file /home/airflow/.local/lib/python3.12/site-packages/airflow/example_dags/tutorial_objectstorage.py for tasks to queue
[2025-11-29T11:26:37.166+0000] {logging_mixin.py:190} INFO - [2025-11-29T11:26:37.165+0000] {dagbag.py:588} INFO - Filling up the DagBag from /home/airflow/.local/lib/python3.12/site-packages/airflow/example_dags/tutorial_objectstorage.py
[2025-11-29T11:26:37.183+0000] {processor.py:925} INFO - DAG(s) 'tutorial_objectstorage' retrieved from /home/airflow/.local/lib/python3.12/site-packages/airflow/example_dags/tutorial_objectstorage.py
[2025-11-29T11:26:37.216+0000] {logging_mixin.py:190} INFO - [2025-11-29T11:26:37.216+0000] {dag.py:3239} INFO - Sync 1 DAGs
[2025-11-29T11:26:37.241+0000] {logging_mixin.py:190} INFO - [2025-11-29T11:26:37.241+0000] {dag.py:4180} INFO - Setting next_dagrun for tutorial_objectstorage to None, run_after=None
[2025-11-29T11:26:37.273+0000] {processor.py:208} INFO - Processing /home/airflow/.local/lib/python3.12/site-packages/airflow/example_dags/tutorial_objectstorage.py took 0.119 seconds
[2025-11-29T11:27:07.679+0000] {processor.py:186} INFO - Started process (PID=1201) to work on /home/airflow/.local/lib/python3.12/site-packages/airflow/example_dags/tutorial_objectstorage.py
[2025-11-29T11:27:07.682+0000] {processor.py:914} INFO - Processing file /home/airflow/.local/lib/python3.12/site-packages/airflow/example_dags/tutorial_objectstorage.py for tasks to queue
[2025-11-29T11:27:07.686+0000] {logging_mixin.py:190} INFO - [2025-11-29T11:27:07.685+0000] {dagbag.py:588} INFO - Filling up the DagBag from /home/airflow/.local/lib/python3.12/site-packages/airflow/example_dags/tutorial_objectstorage.py
[2025-11-29T11:27:07.710+0000] {processor.py:925} INFO - DAG(s) 'tutorial_objectstorage' retrieved from /home/airflow/.local/lib/python3.12/site-packages/airflow/example_dags/tutorial_objectstorage.py
[2025-11-29T11:27:07.751+0000] {logging_mixin.py:190} INFO - [2025-11-29T11:27:07.751+0000] {dag.py:3239} INFO - Sync 1 DAGs
[2025-11-29T11:27:07.778+0000] {logging_mixin.py:190} INFO - [2025-11-29T11:27:07.777+0000] {dag.py:4180} INFO - Setting next_dagrun for tutorial_objectstorage to None, run_after=None
[2025-11-29T11:27:07.809+0000] {processor.py:208} INFO - Processing /home/airflow/.local/lib/python3.12/site-packages/airflow/example_dags/tutorial_objectstorage.py took 0.142 seconds
[2025-11-29T11:27:37.949+0000] {processor.py:186} INFO - Started process (PID=1269) to work on /home/airflow/.local/lib/python3.12/site-packages/airflow/example_dags/tutorial_objectstorage.py
[2025-11-29T11:27:37.951+0000] {processor.py:914} INFO - Processing file /home/airflow/.local/lib/python3.12/site-packages/airflow/example_dags/tutorial_objectstorage.py for tasks to queue
[2025-11-29T11:27:37.953+0000] {logging_mixin.py:190} INFO - [2025-11-29T11:27:37.952+0000] {dagbag.py:588} INFO - Filling up the DagBag from /home/airflow/.local/lib/python3.12/site-packages/airflow/example_dags/tutorial_objectstorage.py
[2025-11-29T11:27:37.967+0000] {processor.py:925} INFO - DAG(s) 'tutorial_objectstorage' retrieved from /home/airflow/.local/lib/python3.12/site-packages/airflow/example_dags/tutorial_objectstorage.py
[2025-11-29T11:27:37.995+0000] {logging_mixin.py:190} INFO - [2025-11-29T11:27:37.994+0000] {dag.py:3239} INFO - Sync 1 DAGs
[2025-11-29T11:27:38.014+0000] {logging_mixin.py:190} INFO - [2025-11-29T11:27:38.014+0000] {dag.py:4180} INFO - Setting next_dagrun for tutorial_objectstorage to None, run_after=None
[2025-11-29T11:27:38.036+0000] {processor.py:208} INFO - Processing /home/airflow/.local/lib/python3.12/site-packages/airflow/example_dags/tutorial_objectstorage.py took 0.094 seconds
[2025-11-29T11:28:08.369+0000] {processor.py:186} INFO - Started process (PID=1338) to work on /home/airflow/.local/lib/python3.12/site-packages/airflow/example_dags/tutorial_objectstorage.py
[2025-11-29T11:28:08.371+0000] {processor.py:914} INFO - Processing file /home/airflow/.local/lib/python3.12/site-packages/airflow/example_dags/tutorial_objectstorage.py for tasks to queue
[2025-11-29T11:28:08.373+0000] {logging_mixin.py:190} INFO - [2025-11-29T11:28:08.372+0000] {dagbag.py:588} INFO - Filling up the DagBag from /home/airflow/.local/lib/python3.12/site-packages/airflow/example_dags/tutorial_objectstorage.py
[2025-11-29T11:28:08.389+0000] {processor.py:925} INFO - DAG(s) 'tutorial_objectstorage' retrieved from /home/airflow/.local/lib/python3.12/site-packages/airflow/example_dags/tutorial_objectstorage.py
[2025-11-29T11:28:08.421+0000] {logging_mixin.py:190} INFO - [2025-11-29T11:28:08.421+0000] {dag.py:3239} INFO - Sync 1 DAGs
[2025-11-29T11:28:08.441+0000] {logging_mixin.py:190} INFO - [2025-11-29T11:28:08.441+0000] {dag.py:4180} INFO - Setting next_dagrun for tutorial_objectstorage to None, run_after=None
[2025-11-29T11:28:08.468+0000] {processor.py:208} INFO - Processing /home/airflow/.local/lib/python3.12/site-packages/airflow/example_dags/tutorial_objectstorage.py took 0.108 seconds
[2025-11-29T11:28:38.809+0000] {processor.py:186} INFO - Started process (PID=1406) to work on /home/airflow/.local/lib/python3.12/site-packages/airflow/example_dags/tutorial_objectstorage.py
[2025-11-29T11:28:38.810+0000] {processor.py:914} INFO - Processing file /home/airflow/.local/lib/python3.12/site-packages/airflow/example_dags/tutorial_objectstorage.py for tasks to queue
[2025-11-29T11:28:38.812+0000] {logging_mixin.py:190} INFO - [2025-11-29T11:28:38.812+0000] {dagbag.py:588} INFO - Filling up the DagBag from /home/airflow/.local/lib/python3.12/site-packages/airflow/example_dags/tutorial_objectstorage.py
[2025-11-29T11:28:38.828+0000] {processor.py:925} INFO - DAG(s) 'tutorial_objectstorage' retrieved from /home/airflow/.local/lib/python3.12/site-packages/airflow/example_dags/tutorial_objectstorage.py
[2025-11-29T11:28:38.855+0000] {logging_mixin.py:190} INFO - [2025-11-29T11:28:38.855+0000] {dag.py:3239} INFO - Sync 1 DAGs
[2025-11-29T11:28:38.871+0000] {logging_mixin.py:190} INFO - [2025-11-29T11:28:38.871+0000] {dag.py:4180} INFO - Setting next_dagrun for tutorial_objectstorage to None, run_after=None
[2025-11-29T11:28:38.894+0000] {processor.py:208} INFO - Processing /home/airflow/.local/lib/python3.12/site-packages/airflow/example_dags/tutorial_objectstorage.py took 0.093 seconds
[2025-11-29T11:29:09.646+0000] {processor.py:186} INFO - Started process (PID=1474) to work on /home/airflow/.local/lib/python3.12/site-packages/airflow/example_dags/tutorial_objectstorage.py
[2025-11-29T11:29:09.648+0000] {processor.py:914} INFO - Processing file /home/airflow/.local/lib/python3.12/site-packages/airflow/example_dags/tutorial_objectstorage.py for tasks to queue
[2025-11-29T11:29:09.650+0000] {logging_mixin.py:190} INFO - [2025-11-29T11:29:09.650+0000] {dagbag.py:588} INFO - Filling up the DagBag from /home/airflow/.local/lib/python3.12/site-packages/airflow/example_dags/tutorial_objectstorage.py
[2025-11-29T11:29:09.665+0000] {processor.py:925} INFO - DAG(s) 'tutorial_objectstorage' retrieved from /home/airflow/.local/lib/python3.12/site-packages/airflow/example_dags/tutorial_objectstorage.py
[2025-11-29T11:29:09.691+0000] {logging_mixin.py:190} INFO - [2025-11-29T11:29:09.690+0000] {dag.py:3239} INFO - Sync 1 DAGs
[2025-11-29T11:29:09.710+0000] {logging_mixin.py:190} INFO - [2025-11-29T11:29:09.710+0000] {dag.py:4180} INFO - Setting next_dagrun for tutorial_objectstorage to None, run_after=None
[2025-11-29T11:29:09.738+0000] {processor.py:208} INFO - Processing /home/airflow/.local/lib/python3.12/site-packages/airflow/example_dags/tutorial_objectstorage.py took 0.099 seconds
[2025-11-29T11:29:39.902+0000] {processor.py:186} INFO - Started process (PID=1544) to work on /home/airflow/.local/lib/python3.12/site-packages/airflow/example_dags/tutorial_objectstorage.py
[2025-11-29T11:29:39.903+0000] {processor.py:914} INFO - Processing file /home/airflow/.local/lib/python3.12/site-packages/airflow/example_dags/tutorial_objectstorage.py for tasks to queue
[2025-11-29T11:29:39.905+0000] {logging_mixin.py:190} INFO - [2025-11-29T11:29:39.904+0000] {dagbag.py:588} INFO - Filling up the DagBag from /home/airflow/.local/lib/python3.12/site-packages/airflow/example_dags/tutorial_objectstorage.py
[2025-11-29T11:29:39.919+0000] {processor.py:925} INFO - DAG(s) 'tutorial_objectstorage' retrieved from /home/airflow/.local/lib/python3.12/site-packages/airflow/example_dags/tutorial_objectstorage.py
[2025-11-29T11:29:39.944+0000] {logging_mixin.py:190} INFO - [2025-11-29T11:29:39.943+0000] {dag.py:3239} INFO - Sync 1 DAGs
[2025-11-29T11:29:39.959+0000] {logging_mixin.py:190} INFO - [2025-11-29T11:29:39.959+0000] {dag.py:4180} INFO - Setting next_dagrun for tutorial_objectstorage to None, run_after=None
[2025-11-29T11:29:39.981+0000] {processor.py:208} INFO - Processing /home/airflow/.local/lib/python3.12/site-packages/airflow/example_dags/tutorial_objectstorage.py took 0.086 seconds
[2025-11-29T11:30:10.551+0000] {processor.py:186} INFO - Started process (PID=1612) to work on /home/airflow/.local/lib/python3.12/site-packages/airflow/example_dags/tutorial_objectstorage.py
[2025-11-29T11:30:10.553+0000] {processor.py:914} INFO - Processing file /home/airflow/.local/lib/python3.12/site-packages/airflow/example_dags/tutorial_objectstorage.py for tasks to queue
[2025-11-29T11:30:10.555+0000] {logging_mixin.py:190} INFO - [2025-11-29T11:30:10.554+0000] {dagbag.py:588} INFO - Filling up the DagBag from /home/airflow/.local/lib/python3.12/site-packages/airflow/example_dags/tutorial_objectstorage.py
[2025-11-29T11:30:10.569+0000] {processor.py:925} INFO - DAG(s) 'tutorial_objectstorage' retrieved from /home/airflow/.local/lib/python3.12/site-packages/airflow/example_dags/tutorial_objectstorage.py
[2025-11-29T11:30:10.594+0000] {logging_mixin.py:190} INFO - [2025-11-29T11:30:10.594+0000] {dag.py:3239} INFO - Sync 1 DAGs
[2025-11-29T11:30:10.610+0000] {logging_mixin.py:190} INFO - [2025-11-29T11:30:10.609+0000] {dag.py:4180} INFO - Setting next_dagrun for tutorial_objectstorage to None, run_after=None
[2025-11-29T11:30:10.634+0000] {processor.py:208} INFO - Processing /home/airflow/.local/lib/python3.12/site-packages/airflow/example_dags/tutorial_objectstorage.py took 0.091 seconds
[2025-11-29T11:30:41.026+0000] {processor.py:186} INFO - Started process (PID=1681) to work on /home/airflow/.local/lib/python3.12/site-packages/airflow/example_dags/tutorial_objectstorage.py
[2025-11-29T11:30:41.028+0000] {processor.py:914} INFO - Processing file /home/airflow/.local/lib/python3.12/site-packages/airflow/example_dags/tutorial_objectstorage.py for tasks to queue
[2025-11-29T11:30:41.030+0000] {logging_mixin.py:190} INFO - [2025-11-29T11:30:41.029+0000] {dagbag.py:588} INFO - Filling up the DagBag from /home/airflow/.local/lib/python3.12/site-packages/airflow/example_dags/tutorial_objectstorage.py
[2025-11-29T11:30:41.047+0000] {processor.py:925} INFO - DAG(s) 'tutorial_objectstorage' retrieved from /home/airflow/.local/lib/python3.12/site-packages/airflow/example_dags/tutorial_objectstorage.py
[2025-11-29T11:30:41.075+0000] {logging_mixin.py:190} INFO - [2025-11-29T11:30:41.074+0000] {dag.py:3239} INFO - Sync 1 DAGs
[2025-11-29T11:30:41.095+0000] {logging_mixin.py:190} INFO - [2025-11-29T11:30:41.095+0000] {dag.py:4180} INFO - Setting next_dagrun for tutorial_objectstorage to None, run_after=None
[2025-11-29T11:30:41.123+0000] {processor.py:208} INFO - Processing /home/airflow/.local/lib/python3.12/site-packages/airflow/example_dags/tutorial_objectstorage.py took 0.105 seconds
[2025-11-29T11:31:11.382+0000] {processor.py:186} INFO - Started process (PID=1749) to work on /home/airflow/.local/lib/python3.12/site-packages/airflow/example_dags/tutorial_objectstorage.py
[2025-11-29T11:31:11.383+0000] {processor.py:914} INFO - Processing file /home/airflow/.local/lib/python3.12/site-packages/airflow/example_dags/tutorial_objectstorage.py for tasks to queue
[2025-11-29T11:31:11.385+0000] {logging_mixin.py:190} INFO - [2025-11-29T11:31:11.384+0000] {dagbag.py:588} INFO - Filling up the DagBag from /home/airflow/.local/lib/python3.12/site-packages/airflow/example_dags/tutorial_objectstorage.py
[2025-11-29T11:31:11.406+0000] {processor.py:925} INFO - DAG(s) 'tutorial_objectstorage' retrieved from /home/airflow/.local/lib/python3.12/site-packages/airflow/example_dags/tutorial_objectstorage.py
[2025-11-29T11:31:11.438+0000] {logging_mixin.py:190} INFO - [2025-11-29T11:31:11.438+0000] {dag.py:3239} INFO - Sync 1 DAGs
[2025-11-29T11:31:11.455+0000] {logging_mixin.py:190} INFO - [2025-11-29T11:31:11.455+0000] {dag.py:4180} INFO - Setting next_dagrun for tutorial_objectstorage to None, run_after=None
[2025-11-29T11:31:11.482+0000] {processor.py:208} INFO - Processing /home/airflow/.local/lib/python3.12/site-packages/airflow/example_dags/tutorial_objectstorage.py took 0.110 seconds
[2025-11-29T11:31:42.124+0000] {processor.py:186} INFO - Started process (PID=1817) to work on /home/airflow/.local/lib/python3.12/site-packages/airflow/example_dags/tutorial_objectstorage.py
[2025-11-29T11:31:42.125+0000] {processor.py:914} INFO - Processing file /home/airflow/.local/lib/python3.12/site-packages/airflow/example_dags/tutorial_objectstorage.py for tasks to queue
[2025-11-29T11:31:42.127+0000] {logging_mixin.py:190} INFO - [2025-11-29T11:31:42.126+0000] {dagbag.py:588} INFO - Filling up the DagBag from /home/airflow/.local/lib/python3.12/site-packages/airflow/example_dags/tutorial_objectstorage.py
[2025-11-29T11:31:42.146+0000] {processor.py:925} INFO - DAG(s) 'tutorial_objectstorage' retrieved from /home/airflow/.local/lib/python3.12/site-packages/airflow/example_dags/tutorial_objectstorage.py
[2025-11-29T11:31:42.174+0000] {logging_mixin.py:190} INFO - [2025-11-29T11:31:42.174+0000] {dag.py:3239} INFO - Sync 1 DAGs
[2025-11-29T11:31:42.192+0000] {logging_mixin.py:190} INFO - [2025-11-29T11:31:42.192+0000] {dag.py:4180} INFO - Setting next_dagrun for tutorial_objectstorage to None, run_after=None
[2025-11-29T11:31:42.217+0000] {processor.py:208} INFO - Processing /home/airflow/.local/lib/python3.12/site-packages/airflow/example_dags/tutorial_objectstorage.py took 0.102 seconds
[2025-11-29T11:32:12.497+0000] {processor.py:186} INFO - Started process (PID=1885) to work on /home/airflow/.local/lib/python3.12/site-packages/airflow/example_dags/tutorial_objectstorage.py
[2025-11-29T11:32:12.499+0000] {processor.py:914} INFO - Processing file /home/airflow/.local/lib/python3.12/site-packages/airflow/example_dags/tutorial_objectstorage.py for tasks to queue
[2025-11-29T11:32:12.502+0000] {logging_mixin.py:190} INFO - [2025-11-29T11:32:12.501+0000] {dagbag.py:588} INFO - Filling up the DagBag from /home/airflow/.local/lib/python3.12/site-packages/airflow/example_dags/tutorial_objectstorage.py
[2025-11-29T11:32:12.519+0000] {processor.py:925} INFO - DAG(s) 'tutorial_objectstorage' retrieved from /home/airflow/.local/lib/python3.12/site-packages/airflow/example_dags/tutorial_objectstorage.py
[2025-11-29T11:32:12.548+0000] {logging_mixin.py:190} INFO - [2025-11-29T11:32:12.548+0000] {dag.py:3239} INFO - Sync 1 DAGs
[2025-11-29T11:32:12.565+0000] {logging_mixin.py:190} INFO - [2025-11-29T11:32:12.564+0000] {dag.py:4180} INFO - Setting next_dagrun for tutorial_objectstorage to None, run_after=None
[2025-11-29T11:32:12.589+0000] {processor.py:208} INFO - Processing /home/airflow/.local/lib/python3.12/site-packages/airflow/example_dags/tutorial_objectstorage.py took 0.102 seconds
[2025-11-29T11:32:43.863+0000] {processor.py:186} INFO - Started process (PID=1954) to work on /home/airflow/.local/lib/python3.12/site-packages/airflow/example_dags/tutorial_objectstorage.py
[2025-11-29T11:32:43.864+0000] {processor.py:914} INFO - Processing file /home/airflow/.local/lib/python3.12/site-packages/airflow/example_dags/tutorial_objectstorage.py for tasks to queue
[2025-11-29T11:32:43.867+0000] {logging_mixin.py:190} INFO - [2025-11-29T11:32:43.866+0000] {dagbag.py:588} INFO - Filling up the DagBag from /home/airflow/.local/lib/python3.12/site-packages/airflow/example_dags/tutorial_objectstorage.py
[2025-11-29T11:32:43.885+0000] {processor.py:925} INFO - DAG(s) 'tutorial_objectstorage' retrieved from /home/airflow/.local/lib/python3.12/site-packages/airflow/example_dags/tutorial_objectstorage.py
[2025-11-29T11:32:43.919+0000] {logging_mixin.py:190} INFO - [2025-11-29T11:32:43.918+0000] {dag.py:3239} INFO - Sync 1 DAGs
[2025-11-29T11:32:43.943+0000] {logging_mixin.py:190} INFO - [2025-11-29T11:32:43.943+0000] {dag.py:4180} INFO - Setting next_dagrun for tutorial_objectstorage to None, run_after=None
[2025-11-29T11:32:43.973+0000] {processor.py:208} INFO - Processing /home/airflow/.local/lib/python3.12/site-packages/airflow/example_dags/tutorial_objectstorage.py took 0.121 seconds
[2025-11-29T11:33:14.892+0000] {processor.py:186} INFO - Started process (PID=2022) to work on /home/airflow/.local/lib/python3.12/site-packages/airflow/example_dags/tutorial_objectstorage.py
[2025-11-29T11:33:14.894+0000] {processor.py:914} INFO - Processing file /home/airflow/.local/lib/python3.12/site-packages/airflow/example_dags/tutorial_objectstorage.py for tasks to queue
[2025-11-29T11:33:14.896+0000] {logging_mixin.py:190} INFO - [2025-11-29T11:33:14.896+0000] {dagbag.py:588} INFO - Filling up the DagBag from /home/airflow/.local/lib/python3.12/site-packages/airflow/example_dags/tutorial_objectstorage.py
[2025-11-29T11:33:14.918+0000] {processor.py:925} INFO - DAG(s) 'tutorial_objectstorage' retrieved from /home/airflow/.local/lib/python3.12/site-packages/airflow/example_dags/tutorial_objectstorage.py
[2025-11-29T11:33:14.974+0000] {logging_mixin.py:190} INFO - [2025-11-29T11:33:14.973+0000] {dag.py:3239} INFO - Sync 1 DAGs
[2025-11-29T11:33:15.000+0000] {logging_mixin.py:190} INFO - [2025-11-29T11:33:15.000+0000] {dag.py:4180} INFO - Setting next_dagrun for tutorial_objectstorage to None, run_after=None
[2025-11-29T11:33:15.042+0000] {processor.py:208} INFO - Processing /home/airflow/.local/lib/python3.12/site-packages/airflow/example_dags/tutorial_objectstorage.py took 0.159 seconds
[2025-11-29T11:33:45.190+0000] {processor.py:186} INFO - Started process (PID=2090) to work on /home/airflow/.local/lib/python3.12/site-packages/airflow/example_dags/tutorial_objectstorage.py
[2025-11-29T11:33:45.192+0000] {processor.py:914} INFO - Processing file /home/airflow/.local/lib/python3.12/site-packages/airflow/example_dags/tutorial_objectstorage.py for tasks to queue
[2025-11-29T11:33:45.194+0000] {logging_mixin.py:190} INFO - [2025-11-29T11:33:45.194+0000] {dagbag.py:588} INFO - Filling up the DagBag from /home/airflow/.local/lib/python3.12/site-packages/airflow/example_dags/tutorial_objectstorage.py
[2025-11-29T11:33:45.210+0000] {processor.py:925} INFO - DAG(s) 'tutorial_objectstorage' retrieved from /home/airflow/.local/lib/python3.12/site-packages/airflow/example_dags/tutorial_objectstorage.py
[2025-11-29T11:33:45.237+0000] {logging_mixin.py:190} INFO - [2025-11-29T11:33:45.237+0000] {dag.py:3239} INFO - Sync 1 DAGs
[2025-11-29T11:33:45.254+0000] {logging_mixin.py:190} INFO - [2025-11-29T11:33:45.253+0000] {dag.py:4180} INFO - Setting next_dagrun for tutorial_objectstorage to None, run_after=None
[2025-11-29T11:33:45.280+0000] {processor.py:208} INFO - Processing /home/airflow/.local/lib/python3.12/site-packages/airflow/example_dags/tutorial_objectstorage.py took 0.098 seconds
[2025-11-29T11:34:15.599+0000] {processor.py:186} INFO - Started process (PID=2158) to work on /home/airflow/.local/lib/python3.12/site-packages/airflow/example_dags/tutorial_objectstorage.py
[2025-11-29T11:34:15.601+0000] {processor.py:914} INFO - Processing file /home/airflow/.local/lib/python3.12/site-packages/airflow/example_dags/tutorial_objectstorage.py for tasks to queue
[2025-11-29T11:34:15.603+0000] {logging_mixin.py:190} INFO - [2025-11-29T11:34:15.602+0000] {dagbag.py:588} INFO - Filling up the DagBag from /home/airflow/.local/lib/python3.12/site-packages/airflow/example_dags/tutorial_objectstorage.py
[2025-11-29T11:34:15.618+0000] {processor.py:925} INFO - DAG(s) 'tutorial_objectstorage' retrieved from /home/airflow/.local/lib/python3.12/site-packages/airflow/example_dags/tutorial_objectstorage.py
[2025-11-29T11:34:15.645+0000] {logging_mixin.py:190} INFO - [2025-11-29T11:34:15.645+0000] {dag.py:3239} INFO - Sync 1 DAGs
[2025-11-29T11:34:15.671+0000] {logging_mixin.py:190} INFO - [2025-11-29T11:34:15.671+0000] {dag.py:4180} INFO - Setting next_dagrun for tutorial_objectstorage to None, run_after=None
[2025-11-29T11:34:15.698+0000] {processor.py:208} INFO - Processing /home/airflow/.local/lib/python3.12/site-packages/airflow/example_dags/tutorial_objectstorage.py took 0.107 seconds
[2025-11-29T11:34:46.393+0000] {processor.py:186} INFO - Started process (PID=2226) to work on /home/airflow/.local/lib/python3.12/site-packages/airflow/example_dags/tutorial_objectstorage.py
[2025-11-29T11:34:46.395+0000] {processor.py:914} INFO - Processing file /home/airflow/.local/lib/python3.12/site-packages/airflow/example_dags/tutorial_objectstorage.py for tasks to queue
[2025-11-29T11:34:46.397+0000] {logging_mixin.py:190} INFO - [2025-11-29T11:34:46.396+0000] {dagbag.py:588} INFO - Filling up the DagBag from /home/airflow/.local/lib/python3.12/site-packages/airflow/example_dags/tutorial_objectstorage.py
[2025-11-29T11:34:46.413+0000] {processor.py:925} INFO - DAG(s) 'tutorial_objectstorage' retrieved from /home/airflow/.local/lib/python3.12/site-packages/airflow/example_dags/tutorial_objectstorage.py
[2025-11-29T11:34:46.441+0000] {logging_mixin.py:190} INFO - [2025-11-29T11:34:46.441+0000] {dag.py:3239} INFO - Sync 1 DAGs
[2025-11-29T11:34:46.460+0000] {logging_mixin.py:190} INFO - [2025-11-29T11:34:46.459+0000] {dag.py:4180} INFO - Setting next_dagrun for tutorial_objectstorage to None, run_after=None
[2025-11-29T11:34:46.488+0000] {processor.py:208} INFO - Processing /home/airflow/.local/lib/python3.12/site-packages/airflow/example_dags/tutorial_objectstorage.py took 0.104 seconds
[2025-11-29T11:35:16.836+0000] {processor.py:186} INFO - Started process (PID=2294) to work on /home/airflow/.local/lib/python3.12/site-packages/airflow/example_dags/tutorial_objectstorage.py
[2025-11-29T11:35:16.838+0000] {processor.py:914} INFO - Processing file /home/airflow/.local/lib/python3.12/site-packages/airflow/example_dags/tutorial_objectstorage.py for tasks to queue
[2025-11-29T11:35:16.840+0000] {logging_mixin.py:190} INFO - [2025-11-29T11:35:16.840+0000] {dagbag.py:588} INFO - Filling up the DagBag from /home/airflow/.local/lib/python3.12/site-packages/airflow/example_dags/tutorial_objectstorage.py
[2025-11-29T11:35:16.857+0000] {processor.py:925} INFO - DAG(s) 'tutorial_objectstorage' retrieved from /home/airflow/.local/lib/python3.12/site-packages/airflow/example_dags/tutorial_objectstorage.py
[2025-11-29T11:35:16.887+0000] {logging_mixin.py:190} INFO - [2025-11-29T11:35:16.887+0000] {dag.py:3239} INFO - Sync 1 DAGs
[2025-11-29T11:35:16.907+0000] {logging_mixin.py:190} INFO - [2025-11-29T11:35:16.907+0000] {dag.py:4180} INFO - Setting next_dagrun for tutorial_objectstorage to None, run_after=None
[2025-11-29T11:35:16.938+0000] {processor.py:208} INFO - Processing /home/airflow/.local/lib/python3.12/site-packages/airflow/example_dags/tutorial_objectstorage.py took 0.110 seconds
[2025-11-29T11:35:47.164+0000] {processor.py:186} INFO - Started process (PID=2363) to work on /home/airflow/.local/lib/python3.12/site-packages/airflow/example_dags/tutorial_objectstorage.py
[2025-11-29T11:35:47.166+0000] {processor.py:914} INFO - Processing file /home/airflow/.local/lib/python3.12/site-packages/airflow/example_dags/tutorial_objectstorage.py for tasks to queue
[2025-11-29T11:35:47.167+0000] {logging_mixin.py:190} INFO - [2025-11-29T11:35:47.167+0000] {dagbag.py:588} INFO - Filling up the DagBag from /home/airflow/.local/lib/python3.12/site-packages/airflow/example_dags/tutorial_objectstorage.py
[2025-11-29T11:35:47.182+0000] {processor.py:925} INFO - DAG(s) 'tutorial_objectstorage' retrieved from /home/airflow/.local/lib/python3.12/site-packages/airflow/example_dags/tutorial_objectstorage.py
[2025-11-29T11:35:47.208+0000] {logging_mixin.py:190} INFO - [2025-11-29T11:35:47.207+0000] {dag.py:3239} INFO - Sync 1 DAGs
[2025-11-29T11:35:47.225+0000] {logging_mixin.py:190} INFO - [2025-11-29T11:35:47.224+0000] {dag.py:4180} INFO - Setting next_dagrun for tutorial_objectstorage to None, run_after=None
[2025-11-29T11:35:47.248+0000] {processor.py:208} INFO - Processing /home/airflow/.local/lib/python3.12/site-packages/airflow/example_dags/tutorial_objectstorage.py took 0.092 seconds
[2025-11-29T11:36:17.928+0000] {processor.py:186} INFO - Started process (PID=2433) to work on /home/airflow/.local/lib/python3.12/site-packages/airflow/example_dags/tutorial_objectstorage.py
[2025-11-29T11:36:17.929+0000] {processor.py:914} INFO - Processing file /home/airflow/.local/lib/python3.12/site-packages/airflow/example_dags/tutorial_objectstorage.py for tasks to queue
[2025-11-29T11:36:17.931+0000] {logging_mixin.py:190} INFO - [2025-11-29T11:36:17.930+0000] {dagbag.py:588} INFO - Filling up the DagBag from /home/airflow/.local/lib/python3.12/site-packages/airflow/example_dags/tutorial_objectstorage.py
[2025-11-29T11:36:17.945+0000] {processor.py:925} INFO - DAG(s) 'tutorial_objectstorage' retrieved from /home/airflow/.local/lib/python3.12/site-packages/airflow/example_dags/tutorial_objectstorage.py
[2025-11-29T11:36:17.971+0000] {logging_mixin.py:190} INFO - [2025-11-29T11:36:17.970+0000] {dag.py:3239} INFO - Sync 1 DAGs
[2025-11-29T11:36:17.987+0000] {logging_mixin.py:190} INFO - [2025-11-29T11:36:17.987+0000] {dag.py:4180} INFO - Setting next_dagrun for tutorial_objectstorage to None, run_after=None
[2025-11-29T11:36:18.012+0000] {processor.py:208} INFO - Processing /home/airflow/.local/lib/python3.12/site-packages/airflow/example_dags/tutorial_objectstorage.py took 0.092 seconds
[2025-11-29T11:36:48.687+0000] {processor.py:186} INFO - Started process (PID=2501) to work on /home/airflow/.local/lib/python3.12/site-packages/airflow/example_dags/tutorial_objectstorage.py
[2025-11-29T11:36:48.689+0000] {processor.py:914} INFO - Processing file /home/airflow/.local/lib/python3.12/site-packages/airflow/example_dags/tutorial_objectstorage.py for tasks to queue
[2025-11-29T11:36:48.691+0000] {logging_mixin.py:190} INFO - [2025-11-29T11:36:48.690+0000] {dagbag.py:588} INFO - Filling up the DagBag from /home/airflow/.local/lib/python3.12/site-packages/airflow/example_dags/tutorial_objectstorage.py
[2025-11-29T11:36:48.705+0000] {processor.py:925} INFO - DAG(s) 'tutorial_objectstorage' retrieved from /home/airflow/.local/lib/python3.12/site-packages/airflow/example_dags/tutorial_objectstorage.py
[2025-11-29T11:36:48.730+0000] {logging_mixin.py:190} INFO - [2025-11-29T11:36:48.730+0000] {dag.py:3239} INFO - Sync 1 DAGs
[2025-11-29T11:36:48.746+0000] {logging_mixin.py:190} INFO - [2025-11-29T11:36:48.746+0000] {dag.py:4180} INFO - Setting next_dagrun for tutorial_objectstorage to None, run_after=None
[2025-11-29T11:36:48.767+0000] {processor.py:208} INFO - Processing /home/airflow/.local/lib/python3.12/site-packages/airflow/example_dags/tutorial_objectstorage.py took 0.087 seconds
[2025-11-29T11:37:19.617+0000] {processor.py:186} INFO - Started process (PID=2569) to work on /home/airflow/.local/lib/python3.12/site-packages/airflow/example_dags/tutorial_objectstorage.py
[2025-11-29T11:37:19.618+0000] {processor.py:914} INFO - Processing file /home/airflow/.local/lib/python3.12/site-packages/airflow/example_dags/tutorial_objectstorage.py for tasks to queue
[2025-11-29T11:37:19.620+0000] {logging_mixin.py:190} INFO - [2025-11-29T11:37:19.620+0000] {dagbag.py:588} INFO - Filling up the DagBag from /home/airflow/.local/lib/python3.12/site-packages/airflow/example_dags/tutorial_objectstorage.py
[2025-11-29T11:37:19.635+0000] {processor.py:925} INFO - DAG(s) 'tutorial_objectstorage' retrieved from /home/airflow/.local/lib/python3.12/site-packages/airflow/example_dags/tutorial_objectstorage.py
[2025-11-29T11:37:19.660+0000] {logging_mixin.py:190} INFO - [2025-11-29T11:37:19.660+0000] {dag.py:3239} INFO - Sync 1 DAGs
[2025-11-29T11:37:19.677+0000] {logging_mixin.py:190} INFO - [2025-11-29T11:37:19.677+0000] {dag.py:4180} INFO - Setting next_dagrun for tutorial_objectstorage to None, run_after=None
[2025-11-29T11:37:19.699+0000] {processor.py:208} INFO - Processing /home/airflow/.local/lib/python3.12/site-packages/airflow/example_dags/tutorial_objectstorage.py took 0.089 seconds
