[2025-11-29T11:19:01.752+0000] {processor.py:186} INFO - Started process (PID=122) to work on /home/airflow/.local/lib/python3.12/site-packages/airflow/example_dags/tutorial_taskflow_templates.py
[2025-11-29T11:19:01.753+0000] {processor.py:914} INFO - Processing file /home/airflow/.local/lib/python3.12/site-packages/airflow/example_dags/tutorial_taskflow_templates.py for tasks to queue
[2025-11-29T11:19:01.757+0000] {logging_mixin.py:190} INFO - [2025-11-29T11:19:01.757+0000] {dagbag.py:588} INFO - Filling up the DagBag from /home/airflow/.local/lib/python3.12/site-packages/airflow/example_dags/tutorial_taskflow_templates.py
[2025-11-29T11:19:01.776+0000] {processor.py:925} INFO - DAG(s) 'tutorial_taskflow_templates' retrieved from /home/airflow/.local/lib/python3.12/site-packages/airflow/example_dags/tutorial_taskflow_templates.py
[2025-11-29T11:19:01.907+0000] {logging_mixin.py:190} INFO - [2025-11-29T11:19:01.906+0000] {override.py:1911} INFO - Created Permission View: can delete on DAG:tutorial_taskflow_templates
[2025-11-29T11:19:01.918+0000] {logging_mixin.py:190} INFO - [2025-11-29T11:19:01.918+0000] {override.py:1911} INFO - Created Permission View: can read on DAG:tutorial_taskflow_templates
[2025-11-29T11:19:01.927+0000] {logging_mixin.py:190} INFO - [2025-11-29T11:19:01.927+0000] {override.py:1911} INFO - Created Permission View: can edit on DAG:tutorial_taskflow_templates
[2025-11-29T11:19:01.937+0000] {logging_mixin.py:190} INFO - [2025-11-29T11:19:01.936+0000] {override.py:1911} INFO - Created Permission View: menu access on DAG Run:tutorial_taskflow_templates
[2025-11-29T11:19:01.945+0000] {logging_mixin.py:190} INFO - [2025-11-29T11:19:01.945+0000] {override.py:1911} INFO - Created Permission View: can delete on DAG Run:tutorial_taskflow_templates
[2025-11-29T11:19:01.953+0000] {logging_mixin.py:190} INFO - [2025-11-29T11:19:01.953+0000] {override.py:1911} INFO - Created Permission View: can read on DAG Run:tutorial_taskflow_templates
[2025-11-29T11:19:01.963+0000] {logging_mixin.py:190} INFO - [2025-11-29T11:19:01.963+0000] {override.py:1911} INFO - Created Permission View: can create on DAG Run:tutorial_taskflow_templates
[2025-11-29T11:19:01.965+0000] {logging_mixin.py:190} INFO - [2025-11-29T11:19:01.964+0000] {dag.py:3239} INFO - Sync 1 DAGs
[2025-11-29T11:19:01.981+0000] {logging_mixin.py:190} INFO - [2025-11-29T11:19:01.981+0000] {dag.py:3262} INFO - Creating ORM DAG for tutorial_taskflow_templates
[2025-11-29T11:19:01.994+0000] {logging_mixin.py:190} INFO - [2025-11-29T11:19:01.994+0000] {dag.py:4180} INFO - Setting next_dagrun for tutorial_taskflow_templates to 2025-11-28 00:00:00+00:00, run_after=2025-11-29 00:00:00+00:00
[2025-11-29T11:19:02.017+0000] {processor.py:208} INFO - Processing /home/airflow/.local/lib/python3.12/site-packages/airflow/example_dags/tutorial_taskflow_templates.py took 0.273 seconds
[2025-11-29T11:19:32.116+0000] {processor.py:186} INFO - Started process (PID=190) to work on /home/airflow/.local/lib/python3.12/site-packages/airflow/example_dags/tutorial_taskflow_templates.py
[2025-11-29T11:19:32.117+0000] {processor.py:914} INFO - Processing file /home/airflow/.local/lib/python3.12/site-packages/airflow/example_dags/tutorial_taskflow_templates.py for tasks to queue
[2025-11-29T11:19:32.121+0000] {logging_mixin.py:190} INFO - [2025-11-29T11:19:32.121+0000] {dagbag.py:588} INFO - Filling up the DagBag from /home/airflow/.local/lib/python3.12/site-packages/airflow/example_dags/tutorial_taskflow_templates.py
[2025-11-29T11:19:32.138+0000] {processor.py:925} INFO - DAG(s) 'tutorial_taskflow_templates' retrieved from /home/airflow/.local/lib/python3.12/site-packages/airflow/example_dags/tutorial_taskflow_templates.py
[2025-11-29T11:19:32.167+0000] {logging_mixin.py:190} INFO - [2025-11-29T11:19:32.167+0000] {dag.py:3239} INFO - Sync 1 DAGs
[2025-11-29T11:19:32.194+0000] {logging_mixin.py:190} INFO - [2025-11-29T11:19:32.193+0000] {dag.py:4180} INFO - Setting next_dagrun for tutorial_taskflow_templates to 2025-11-28 00:00:00+00:00, run_after=2025-11-29 00:00:00+00:00
[2025-11-29T11:19:32.217+0000] {processor.py:208} INFO - Processing /home/airflow/.local/lib/python3.12/site-packages/airflow/example_dags/tutorial_taskflow_templates.py took 0.108 seconds
[2025-11-29T11:20:02.312+0000] {processor.py:186} INFO - Started process (PID=258) to work on /home/airflow/.local/lib/python3.12/site-packages/airflow/example_dags/tutorial_taskflow_templates.py
[2025-11-29T11:20:02.314+0000] {processor.py:914} INFO - Processing file /home/airflow/.local/lib/python3.12/site-packages/airflow/example_dags/tutorial_taskflow_templates.py for tasks to queue
[2025-11-29T11:20:02.318+0000] {logging_mixin.py:190} INFO - [2025-11-29T11:20:02.317+0000] {dagbag.py:588} INFO - Filling up the DagBag from /home/airflow/.local/lib/python3.12/site-packages/airflow/example_dags/tutorial_taskflow_templates.py
[2025-11-29T11:20:02.335+0000] {processor.py:925} INFO - DAG(s) 'tutorial_taskflow_templates' retrieved from /home/airflow/.local/lib/python3.12/site-packages/airflow/example_dags/tutorial_taskflow_templates.py
[2025-11-29T11:20:02.362+0000] {logging_mixin.py:190} INFO - [2025-11-29T11:20:02.361+0000] {dag.py:3239} INFO - Sync 1 DAGs
[2025-11-29T11:20:02.389+0000] {logging_mixin.py:190} INFO - [2025-11-29T11:20:02.389+0000] {dag.py:4180} INFO - Setting next_dagrun for tutorial_taskflow_templates to 2025-11-28 00:00:00+00:00, run_after=2025-11-29 00:00:00+00:00
[2025-11-29T11:20:02.412+0000] {processor.py:208} INFO - Processing /home/airflow/.local/lib/python3.12/site-packages/airflow/example_dags/tutorial_taskflow_templates.py took 0.108 seconds
[2025-11-29T11:20:32.919+0000] {processor.py:186} INFO - Started process (PID=327) to work on /home/airflow/.local/lib/python3.12/site-packages/airflow/example_dags/tutorial_taskflow_templates.py
[2025-11-29T11:20:32.921+0000] {processor.py:914} INFO - Processing file /home/airflow/.local/lib/python3.12/site-packages/airflow/example_dags/tutorial_taskflow_templates.py for tasks to queue
[2025-11-29T11:20:32.925+0000] {logging_mixin.py:190} INFO - [2025-11-29T11:20:32.925+0000] {dagbag.py:588} INFO - Filling up the DagBag from /home/airflow/.local/lib/python3.12/site-packages/airflow/example_dags/tutorial_taskflow_templates.py
[2025-11-29T11:20:32.942+0000] {processor.py:925} INFO - DAG(s) 'tutorial_taskflow_templates' retrieved from /home/airflow/.local/lib/python3.12/site-packages/airflow/example_dags/tutorial_taskflow_templates.py
[2025-11-29T11:20:32.975+0000] {logging_mixin.py:190} INFO - [2025-11-29T11:20:32.975+0000] {dag.py:3239} INFO - Sync 1 DAGs
[2025-11-29T11:20:33.003+0000] {logging_mixin.py:190} INFO - [2025-11-29T11:20:33.003+0000] {dag.py:4180} INFO - Setting next_dagrun for tutorial_taskflow_templates to 2025-11-28 00:00:00+00:00, run_after=2025-11-29 00:00:00+00:00
[2025-11-29T11:20:33.024+0000] {processor.py:208} INFO - Processing /home/airflow/.local/lib/python3.12/site-packages/airflow/example_dags/tutorial_taskflow_templates.py took 0.112 seconds
[2025-11-29T11:21:04.029+0000] {processor.py:186} INFO - Started process (PID=396) to work on /home/airflow/.local/lib/python3.12/site-packages/airflow/example_dags/tutorial_taskflow_templates.py
[2025-11-29T11:21:04.030+0000] {processor.py:914} INFO - Processing file /home/airflow/.local/lib/python3.12/site-packages/airflow/example_dags/tutorial_taskflow_templates.py for tasks to queue
[2025-11-29T11:21:04.033+0000] {logging_mixin.py:190} INFO - [2025-11-29T11:21:04.033+0000] {dagbag.py:588} INFO - Filling up the DagBag from /home/airflow/.local/lib/python3.12/site-packages/airflow/example_dags/tutorial_taskflow_templates.py
[2025-11-29T11:21:04.053+0000] {processor.py:925} INFO - DAG(s) 'tutorial_taskflow_templates' retrieved from /home/airflow/.local/lib/python3.12/site-packages/airflow/example_dags/tutorial_taskflow_templates.py
[2025-11-29T11:21:04.082+0000] {logging_mixin.py:190} INFO - [2025-11-29T11:21:04.082+0000] {dag.py:3239} INFO - Sync 1 DAGs
[2025-11-29T11:21:04.118+0000] {logging_mixin.py:190} INFO - [2025-11-29T11:21:04.118+0000] {dag.py:4180} INFO - Setting next_dagrun for tutorial_taskflow_templates to 2025-11-28 00:00:00+00:00, run_after=2025-11-29 00:00:00+00:00
[2025-11-29T11:21:04.141+0000] {processor.py:208} INFO - Processing /home/airflow/.local/lib/python3.12/site-packages/airflow/example_dags/tutorial_taskflow_templates.py took 0.123 seconds
[2025-11-29T11:21:35.459+0000] {processor.py:186} INFO - Started process (PID=464) to work on /home/airflow/.local/lib/python3.12/site-packages/airflow/example_dags/tutorial_taskflow_templates.py
[2025-11-29T11:21:35.460+0000] {processor.py:914} INFO - Processing file /home/airflow/.local/lib/python3.12/site-packages/airflow/example_dags/tutorial_taskflow_templates.py for tasks to queue
[2025-11-29T11:21:35.464+0000] {logging_mixin.py:190} INFO - [2025-11-29T11:21:35.463+0000] {dagbag.py:588} INFO - Filling up the DagBag from /home/airflow/.local/lib/python3.12/site-packages/airflow/example_dags/tutorial_taskflow_templates.py
[2025-11-29T11:21:35.484+0000] {processor.py:925} INFO - DAG(s) 'tutorial_taskflow_templates' retrieved from /home/airflow/.local/lib/python3.12/site-packages/airflow/example_dags/tutorial_taskflow_templates.py
[2025-11-29T11:21:35.512+0000] {logging_mixin.py:190} INFO - [2025-11-29T11:21:35.512+0000] {dag.py:3239} INFO - Sync 1 DAGs
[2025-11-29T11:21:35.540+0000] {logging_mixin.py:190} INFO - [2025-11-29T11:21:35.539+0000] {dag.py:4180} INFO - Setting next_dagrun for tutorial_taskflow_templates to 2025-11-28 00:00:00+00:00, run_after=2025-11-29 00:00:00+00:00
[2025-11-29T11:21:35.562+0000] {processor.py:208} INFO - Processing /home/airflow/.local/lib/python3.12/site-packages/airflow/example_dags/tutorial_taskflow_templates.py took 0.111 seconds
[2025-11-29T11:22:06.124+0000] {processor.py:186} INFO - Started process (PID=533) to work on /home/airflow/.local/lib/python3.12/site-packages/airflow/example_dags/tutorial_taskflow_templates.py
[2025-11-29T11:22:06.125+0000] {processor.py:914} INFO - Processing file /home/airflow/.local/lib/python3.12/site-packages/airflow/example_dags/tutorial_taskflow_templates.py for tasks to queue
[2025-11-29T11:22:06.128+0000] {logging_mixin.py:190} INFO - [2025-11-29T11:22:06.128+0000] {dagbag.py:588} INFO - Filling up the DagBag from /home/airflow/.local/lib/python3.12/site-packages/airflow/example_dags/tutorial_taskflow_templates.py
[2025-11-29T11:22:06.145+0000] {processor.py:925} INFO - DAG(s) 'tutorial_taskflow_templates' retrieved from /home/airflow/.local/lib/python3.12/site-packages/airflow/example_dags/tutorial_taskflow_templates.py
[2025-11-29T11:22:06.175+0000] {logging_mixin.py:190} INFO - [2025-11-29T11:22:06.174+0000] {dag.py:3239} INFO - Sync 1 DAGs
[2025-11-29T11:22:06.201+0000] {logging_mixin.py:190} INFO - [2025-11-29T11:22:06.201+0000] {dag.py:4180} INFO - Setting next_dagrun for tutorial_taskflow_templates to 2025-11-28 00:00:00+00:00, run_after=2025-11-29 00:00:00+00:00
[2025-11-29T11:22:06.225+0000] {processor.py:208} INFO - Processing /home/airflow/.local/lib/python3.12/site-packages/airflow/example_dags/tutorial_taskflow_templates.py took 0.108 seconds
[2025-11-29T11:22:36.566+0000] {processor.py:186} INFO - Started process (PID=602) to work on /home/airflow/.local/lib/python3.12/site-packages/airflow/example_dags/tutorial_taskflow_templates.py
[2025-11-29T11:22:36.568+0000] {processor.py:914} INFO - Processing file /home/airflow/.local/lib/python3.12/site-packages/airflow/example_dags/tutorial_taskflow_templates.py for tasks to queue
[2025-11-29T11:22:36.573+0000] {logging_mixin.py:190} INFO - [2025-11-29T11:22:36.572+0000] {dagbag.py:588} INFO - Filling up the DagBag from /home/airflow/.local/lib/python3.12/site-packages/airflow/example_dags/tutorial_taskflow_templates.py
[2025-11-29T11:22:36.594+0000] {processor.py:925} INFO - DAG(s) 'tutorial_taskflow_templates' retrieved from /home/airflow/.local/lib/python3.12/site-packages/airflow/example_dags/tutorial_taskflow_templates.py
[2025-11-29T11:22:36.635+0000] {logging_mixin.py:190} INFO - [2025-11-29T11:22:36.634+0000] {dag.py:3239} INFO - Sync 1 DAGs
[2025-11-29T11:22:36.664+0000] {logging_mixin.py:190} INFO - [2025-11-29T11:22:36.663+0000] {dag.py:4180} INFO - Setting next_dagrun for tutorial_taskflow_templates to 2025-11-28 00:00:00+00:00, run_after=2025-11-29 00:00:00+00:00
[2025-11-29T11:22:36.688+0000] {processor.py:208} INFO - Processing /home/airflow/.local/lib/python3.12/site-packages/airflow/example_dags/tutorial_taskflow_templates.py took 0.130 seconds
[2025-11-29T11:23:06.909+0000] {processor.py:186} INFO - Started process (PID=670) to work on /home/airflow/.local/lib/python3.12/site-packages/airflow/example_dags/tutorial_taskflow_templates.py
[2025-11-29T11:23:06.911+0000] {processor.py:914} INFO - Processing file /home/airflow/.local/lib/python3.12/site-packages/airflow/example_dags/tutorial_taskflow_templates.py for tasks to queue
[2025-11-29T11:23:06.914+0000] {logging_mixin.py:190} INFO - [2025-11-29T11:23:06.914+0000] {dagbag.py:588} INFO - Filling up the DagBag from /home/airflow/.local/lib/python3.12/site-packages/airflow/example_dags/tutorial_taskflow_templates.py
[2025-11-29T11:23:06.930+0000] {processor.py:925} INFO - DAG(s) 'tutorial_taskflow_templates' retrieved from /home/airflow/.local/lib/python3.12/site-packages/airflow/example_dags/tutorial_taskflow_templates.py
[2025-11-29T11:23:06.956+0000] {logging_mixin.py:190} INFO - [2025-11-29T11:23:06.955+0000] {dag.py:3239} INFO - Sync 1 DAGs
[2025-11-29T11:23:06.981+0000] {logging_mixin.py:190} INFO - [2025-11-29T11:23:06.981+0000] {dag.py:4180} INFO - Setting next_dagrun for tutorial_taskflow_templates to 2025-11-28 00:00:00+00:00, run_after=2025-11-29 00:00:00+00:00
[2025-11-29T11:23:07.002+0000] {processor.py:208} INFO - Processing /home/airflow/.local/lib/python3.12/site-packages/airflow/example_dags/tutorial_taskflow_templates.py took 0.099 seconds
[2025-11-29T11:23:37.488+0000] {processor.py:186} INFO - Started process (PID=738) to work on /home/airflow/.local/lib/python3.12/site-packages/airflow/example_dags/tutorial_taskflow_templates.py
[2025-11-29T11:23:37.490+0000] {processor.py:914} INFO - Processing file /home/airflow/.local/lib/python3.12/site-packages/airflow/example_dags/tutorial_taskflow_templates.py for tasks to queue
[2025-11-29T11:23:37.495+0000] {logging_mixin.py:190} INFO - [2025-11-29T11:23:37.494+0000] {dagbag.py:588} INFO - Filling up the DagBag from /home/airflow/.local/lib/python3.12/site-packages/airflow/example_dags/tutorial_taskflow_templates.py
[2025-11-29T11:23:37.516+0000] {processor.py:925} INFO - DAG(s) 'tutorial_taskflow_templates' retrieved from /home/airflow/.local/lib/python3.12/site-packages/airflow/example_dags/tutorial_taskflow_templates.py
[2025-11-29T11:23:37.544+0000] {logging_mixin.py:190} INFO - [2025-11-29T11:23:37.544+0000] {dag.py:3239} INFO - Sync 1 DAGs
[2025-11-29T11:23:37.572+0000] {logging_mixin.py:190} INFO - [2025-11-29T11:23:37.572+0000] {dag.py:4180} INFO - Setting next_dagrun for tutorial_taskflow_templates to 2025-11-28 00:00:00+00:00, run_after=2025-11-29 00:00:00+00:00
[2025-11-29T11:23:37.597+0000] {processor.py:208} INFO - Processing /home/airflow/.local/lib/python3.12/site-packages/airflow/example_dags/tutorial_taskflow_templates.py took 0.118 seconds
[2025-11-29T11:24:07.821+0000] {processor.py:186} INFO - Started process (PID=807) to work on /home/airflow/.local/lib/python3.12/site-packages/airflow/example_dags/tutorial_taskflow_templates.py
[2025-11-29T11:24:07.822+0000] {processor.py:914} INFO - Processing file /home/airflow/.local/lib/python3.12/site-packages/airflow/example_dags/tutorial_taskflow_templates.py for tasks to queue
[2025-11-29T11:24:07.824+0000] {logging_mixin.py:190} INFO - [2025-11-29T11:24:07.824+0000] {dagbag.py:588} INFO - Filling up the DagBag from /home/airflow/.local/lib/python3.12/site-packages/airflow/example_dags/tutorial_taskflow_templates.py
[2025-11-29T11:24:07.842+0000] {processor.py:925} INFO - DAG(s) 'tutorial_taskflow_templates' retrieved from /home/airflow/.local/lib/python3.12/site-packages/airflow/example_dags/tutorial_taskflow_templates.py
[2025-11-29T11:24:07.869+0000] {logging_mixin.py:190} INFO - [2025-11-29T11:24:07.869+0000] {dag.py:3239} INFO - Sync 1 DAGs
[2025-11-29T11:24:07.899+0000] {logging_mixin.py:190} INFO - [2025-11-29T11:24:07.899+0000] {dag.py:4180} INFO - Setting next_dagrun for tutorial_taskflow_templates to 2025-11-28 00:00:00+00:00, run_after=2025-11-29 00:00:00+00:00
[2025-11-29T11:24:07.924+0000] {processor.py:208} INFO - Processing /home/airflow/.local/lib/python3.12/site-packages/airflow/example_dags/tutorial_taskflow_templates.py took 0.111 seconds
[2025-11-29T11:24:38.187+0000] {processor.py:186} INFO - Started process (PID=875) to work on /home/airflow/.local/lib/python3.12/site-packages/airflow/example_dags/tutorial_taskflow_templates.py
[2025-11-29T11:24:38.188+0000] {processor.py:914} INFO - Processing file /home/airflow/.local/lib/python3.12/site-packages/airflow/example_dags/tutorial_taskflow_templates.py for tasks to queue
[2025-11-29T11:24:38.190+0000] {logging_mixin.py:190} INFO - [2025-11-29T11:24:38.189+0000] {dagbag.py:588} INFO - Filling up the DagBag from /home/airflow/.local/lib/python3.12/site-packages/airflow/example_dags/tutorial_taskflow_templates.py
[2025-11-29T11:24:38.206+0000] {processor.py:925} INFO - DAG(s) 'tutorial_taskflow_templates' retrieved from /home/airflow/.local/lib/python3.12/site-packages/airflow/example_dags/tutorial_taskflow_templates.py
[2025-11-29T11:24:38.232+0000] {logging_mixin.py:190} INFO - [2025-11-29T11:24:38.231+0000] {dag.py:3239} INFO - Sync 1 DAGs
[2025-11-29T11:24:38.258+0000] {logging_mixin.py:190} INFO - [2025-11-29T11:24:38.258+0000] {dag.py:4180} INFO - Setting next_dagrun for tutorial_taskflow_templates to 2025-11-28 00:00:00+00:00, run_after=2025-11-29 00:00:00+00:00
[2025-11-29T11:24:38.279+0000] {processor.py:208} INFO - Processing /home/airflow/.local/lib/python3.12/site-packages/airflow/example_dags/tutorial_taskflow_templates.py took 0.100 seconds
[2025-11-29T11:25:08.522+0000] {processor.py:186} INFO - Started process (PID=943) to work on /home/airflow/.local/lib/python3.12/site-packages/airflow/example_dags/tutorial_taskflow_templates.py
[2025-11-29T11:25:08.524+0000] {processor.py:914} INFO - Processing file /home/airflow/.local/lib/python3.12/site-packages/airflow/example_dags/tutorial_taskflow_templates.py for tasks to queue
[2025-11-29T11:25:08.526+0000] {logging_mixin.py:190} INFO - [2025-11-29T11:25:08.526+0000] {dagbag.py:588} INFO - Filling up the DagBag from /home/airflow/.local/lib/python3.12/site-packages/airflow/example_dags/tutorial_taskflow_templates.py
[2025-11-29T11:25:08.544+0000] {processor.py:925} INFO - DAG(s) 'tutorial_taskflow_templates' retrieved from /home/airflow/.local/lib/python3.12/site-packages/airflow/example_dags/tutorial_taskflow_templates.py
[2025-11-29T11:25:08.570+0000] {logging_mixin.py:190} INFO - [2025-11-29T11:25:08.570+0000] {dag.py:3239} INFO - Sync 1 DAGs
[2025-11-29T11:25:08.597+0000] {logging_mixin.py:190} INFO - [2025-11-29T11:25:08.597+0000] {dag.py:4180} INFO - Setting next_dagrun for tutorial_taskflow_templates to 2025-11-28 00:00:00+00:00, run_after=2025-11-29 00:00:00+00:00
[2025-11-29T11:25:08.619+0000] {processor.py:208} INFO - Processing /home/airflow/.local/lib/python3.12/site-packages/airflow/example_dags/tutorial_taskflow_templates.py took 0.105 seconds
[2025-11-29T11:25:38.794+0000] {processor.py:186} INFO - Started process (PID=1011) to work on /home/airflow/.local/lib/python3.12/site-packages/airflow/example_dags/tutorial_taskflow_templates.py
[2025-11-29T11:25:38.796+0000] {processor.py:914} INFO - Processing file /home/airflow/.local/lib/python3.12/site-packages/airflow/example_dags/tutorial_taskflow_templates.py for tasks to queue
[2025-11-29T11:25:38.800+0000] {logging_mixin.py:190} INFO - [2025-11-29T11:25:38.799+0000] {dagbag.py:588} INFO - Filling up the DagBag from /home/airflow/.local/lib/python3.12/site-packages/airflow/example_dags/tutorial_taskflow_templates.py
[2025-11-29T11:25:38.816+0000] {processor.py:925} INFO - DAG(s) 'tutorial_taskflow_templates' retrieved from /home/airflow/.local/lib/python3.12/site-packages/airflow/example_dags/tutorial_taskflow_templates.py
[2025-11-29T11:25:38.842+0000] {logging_mixin.py:190} INFO - [2025-11-29T11:25:38.842+0000] {dag.py:3239} INFO - Sync 1 DAGs
[2025-11-29T11:25:38.869+0000] {logging_mixin.py:190} INFO - [2025-11-29T11:25:38.869+0000] {dag.py:4180} INFO - Setting next_dagrun for tutorial_taskflow_templates to 2025-11-28 00:00:00+00:00, run_after=2025-11-29 00:00:00+00:00
[2025-11-29T11:25:38.891+0000] {processor.py:208} INFO - Processing /home/airflow/.local/lib/python3.12/site-packages/airflow/example_dags/tutorial_taskflow_templates.py took 0.103 seconds
[2025-11-29T11:26:09.300+0000] {processor.py:186} INFO - Started process (PID=1080) to work on /home/airflow/.local/lib/python3.12/site-packages/airflow/example_dags/tutorial_taskflow_templates.py
[2025-11-29T11:26:09.301+0000] {processor.py:914} INFO - Processing file /home/airflow/.local/lib/python3.12/site-packages/airflow/example_dags/tutorial_taskflow_templates.py for tasks to queue
[2025-11-29T11:26:09.303+0000] {logging_mixin.py:190} INFO - [2025-11-29T11:26:09.302+0000] {dagbag.py:588} INFO - Filling up the DagBag from /home/airflow/.local/lib/python3.12/site-packages/airflow/example_dags/tutorial_taskflow_templates.py
[2025-11-29T11:26:09.322+0000] {processor.py:925} INFO - DAG(s) 'tutorial_taskflow_templates' retrieved from /home/airflow/.local/lib/python3.12/site-packages/airflow/example_dags/tutorial_taskflow_templates.py
[2025-11-29T11:26:09.348+0000] {logging_mixin.py:190} INFO - [2025-11-29T11:26:09.348+0000] {dag.py:3239} INFO - Sync 1 DAGs
[2025-11-29T11:26:09.378+0000] {logging_mixin.py:190} INFO - [2025-11-29T11:26:09.377+0000] {dag.py:4180} INFO - Setting next_dagrun for tutorial_taskflow_templates to 2025-11-28 00:00:00+00:00, run_after=2025-11-29 00:00:00+00:00
[2025-11-29T11:26:09.403+0000] {processor.py:208} INFO - Processing /home/airflow/.local/lib/python3.12/site-packages/airflow/example_dags/tutorial_taskflow_templates.py took 0.110 seconds
[2025-11-29T11:26:39.608+0000] {processor.py:186} INFO - Started process (PID=1148) to work on /home/airflow/.local/lib/python3.12/site-packages/airflow/example_dags/tutorial_taskflow_templates.py
[2025-11-29T11:26:39.609+0000] {processor.py:914} INFO - Processing file /home/airflow/.local/lib/python3.12/site-packages/airflow/example_dags/tutorial_taskflow_templates.py for tasks to queue
[2025-11-29T11:26:39.611+0000] {logging_mixin.py:190} INFO - [2025-11-29T11:26:39.611+0000] {dagbag.py:588} INFO - Filling up the DagBag from /home/airflow/.local/lib/python3.12/site-packages/airflow/example_dags/tutorial_taskflow_templates.py
[2025-11-29T11:26:39.631+0000] {processor.py:925} INFO - DAG(s) 'tutorial_taskflow_templates' retrieved from /home/airflow/.local/lib/python3.12/site-packages/airflow/example_dags/tutorial_taskflow_templates.py
[2025-11-29T11:26:39.663+0000] {logging_mixin.py:190} INFO - [2025-11-29T11:26:39.662+0000] {dag.py:3239} INFO - Sync 1 DAGs
[2025-11-29T11:26:39.691+0000] {logging_mixin.py:190} INFO - [2025-11-29T11:26:39.691+0000] {dag.py:4180} INFO - Setting next_dagrun for tutorial_taskflow_templates to 2025-11-28 00:00:00+00:00, run_after=2025-11-29 00:00:00+00:00
[2025-11-29T11:26:39.713+0000] {processor.py:208} INFO - Processing /home/airflow/.local/lib/python3.12/site-packages/airflow/example_dags/tutorial_taskflow_templates.py took 0.113 seconds
[2025-11-29T11:27:10.197+0000] {processor.py:186} INFO - Started process (PID=1216) to work on /home/airflow/.local/lib/python3.12/site-packages/airflow/example_dags/tutorial_taskflow_templates.py
[2025-11-29T11:27:10.198+0000] {processor.py:914} INFO - Processing file /home/airflow/.local/lib/python3.12/site-packages/airflow/example_dags/tutorial_taskflow_templates.py for tasks to queue
[2025-11-29T11:27:10.200+0000] {logging_mixin.py:190} INFO - [2025-11-29T11:27:10.200+0000] {dagbag.py:588} INFO - Filling up the DagBag from /home/airflow/.local/lib/python3.12/site-packages/airflow/example_dags/tutorial_taskflow_templates.py
[2025-11-29T11:27:10.219+0000] {processor.py:925} INFO - DAG(s) 'tutorial_taskflow_templates' retrieved from /home/airflow/.local/lib/python3.12/site-packages/airflow/example_dags/tutorial_taskflow_templates.py
[2025-11-29T11:27:10.248+0000] {logging_mixin.py:190} INFO - [2025-11-29T11:27:10.248+0000] {dag.py:3239} INFO - Sync 1 DAGs
[2025-11-29T11:27:10.284+0000] {logging_mixin.py:190} INFO - [2025-11-29T11:27:10.283+0000] {dag.py:4180} INFO - Setting next_dagrun for tutorial_taskflow_templates to 2025-11-28 00:00:00+00:00, run_after=2025-11-29 00:00:00+00:00
[2025-11-29T11:27:10.312+0000] {processor.py:208} INFO - Processing /home/airflow/.local/lib/python3.12/site-packages/airflow/example_dags/tutorial_taskflow_templates.py took 0.122 seconds
[2025-11-29T11:27:41.215+0000] {processor.py:186} INFO - Started process (PID=1284) to work on /home/airflow/.local/lib/python3.12/site-packages/airflow/example_dags/tutorial_taskflow_templates.py
[2025-11-29T11:27:41.216+0000] {processor.py:914} INFO - Processing file /home/airflow/.local/lib/python3.12/site-packages/airflow/example_dags/tutorial_taskflow_templates.py for tasks to queue
[2025-11-29T11:27:41.218+0000] {logging_mixin.py:190} INFO - [2025-11-29T11:27:41.218+0000] {dagbag.py:588} INFO - Filling up the DagBag from /home/airflow/.local/lib/python3.12/site-packages/airflow/example_dags/tutorial_taskflow_templates.py
[2025-11-29T11:27:41.239+0000] {processor.py:925} INFO - DAG(s) 'tutorial_taskflow_templates' retrieved from /home/airflow/.local/lib/python3.12/site-packages/airflow/example_dags/tutorial_taskflow_templates.py
[2025-11-29T11:27:41.268+0000] {logging_mixin.py:190} INFO - [2025-11-29T11:27:41.267+0000] {dag.py:3239} INFO - Sync 1 DAGs
[2025-11-29T11:27:41.302+0000] {logging_mixin.py:190} INFO - [2025-11-29T11:27:41.302+0000] {dag.py:4180} INFO - Setting next_dagrun for tutorial_taskflow_templates to 2025-11-28 00:00:00+00:00, run_after=2025-11-29 00:00:00+00:00
[2025-11-29T11:27:41.326+0000] {processor.py:208} INFO - Processing /home/airflow/.local/lib/python3.12/site-packages/airflow/example_dags/tutorial_taskflow_templates.py took 0.119 seconds
[2025-11-29T11:28:11.611+0000] {processor.py:186} INFO - Started process (PID=1353) to work on /home/airflow/.local/lib/python3.12/site-packages/airflow/example_dags/tutorial_taskflow_templates.py
[2025-11-29T11:28:11.613+0000] {processor.py:914} INFO - Processing file /home/airflow/.local/lib/python3.12/site-packages/airflow/example_dags/tutorial_taskflow_templates.py for tasks to queue
[2025-11-29T11:28:11.615+0000] {logging_mixin.py:190} INFO - [2025-11-29T11:28:11.614+0000] {dagbag.py:588} INFO - Filling up the DagBag from /home/airflow/.local/lib/python3.12/site-packages/airflow/example_dags/tutorial_taskflow_templates.py
[2025-11-29T11:28:11.632+0000] {processor.py:925} INFO - DAG(s) 'tutorial_taskflow_templates' retrieved from /home/airflow/.local/lib/python3.12/site-packages/airflow/example_dags/tutorial_taskflow_templates.py
[2025-11-29T11:28:11.662+0000] {logging_mixin.py:190} INFO - [2025-11-29T11:28:11.662+0000] {dag.py:3239} INFO - Sync 1 DAGs
[2025-11-29T11:28:11.692+0000] {logging_mixin.py:190} INFO - [2025-11-29T11:28:11.692+0000] {dag.py:4180} INFO - Setting next_dagrun for tutorial_taskflow_templates to 2025-11-28 00:00:00+00:00, run_after=2025-11-29 00:00:00+00:00
[2025-11-29T11:28:11.714+0000] {processor.py:208} INFO - Processing /home/airflow/.local/lib/python3.12/site-packages/airflow/example_dags/tutorial_taskflow_templates.py took 0.114 seconds
[2025-11-29T11:28:42.260+0000] {processor.py:186} INFO - Started process (PID=1421) to work on /home/airflow/.local/lib/python3.12/site-packages/airflow/example_dags/tutorial_taskflow_templates.py
[2025-11-29T11:28:42.262+0000] {processor.py:914} INFO - Processing file /home/airflow/.local/lib/python3.12/site-packages/airflow/example_dags/tutorial_taskflow_templates.py for tasks to queue
[2025-11-29T11:28:42.264+0000] {logging_mixin.py:190} INFO - [2025-11-29T11:28:42.263+0000] {dagbag.py:588} INFO - Filling up the DagBag from /home/airflow/.local/lib/python3.12/site-packages/airflow/example_dags/tutorial_taskflow_templates.py
[2025-11-29T11:28:42.282+0000] {processor.py:925} INFO - DAG(s) 'tutorial_taskflow_templates' retrieved from /home/airflow/.local/lib/python3.12/site-packages/airflow/example_dags/tutorial_taskflow_templates.py
[2025-11-29T11:28:42.312+0000] {logging_mixin.py:190} INFO - [2025-11-29T11:28:42.312+0000] {dag.py:3239} INFO - Sync 1 DAGs
[2025-11-29T11:28:42.339+0000] {logging_mixin.py:190} INFO - [2025-11-29T11:28:42.338+0000] {dag.py:4180} INFO - Setting next_dagrun for tutorial_taskflow_templates to 2025-11-28 00:00:00+00:00, run_after=2025-11-29 00:00:00+00:00
[2025-11-29T11:28:42.360+0000] {processor.py:208} INFO - Processing /home/airflow/.local/lib/python3.12/site-packages/airflow/example_dags/tutorial_taskflow_templates.py took 0.108 seconds
[2025-11-29T11:29:13.013+0000] {processor.py:186} INFO - Started process (PID=1489) to work on /home/airflow/.local/lib/python3.12/site-packages/airflow/example_dags/tutorial_taskflow_templates.py
[2025-11-29T11:29:13.015+0000] {processor.py:914} INFO - Processing file /home/airflow/.local/lib/python3.12/site-packages/airflow/example_dags/tutorial_taskflow_templates.py for tasks to queue
[2025-11-29T11:29:13.017+0000] {logging_mixin.py:190} INFO - [2025-11-29T11:29:13.016+0000] {dagbag.py:588} INFO - Filling up the DagBag from /home/airflow/.local/lib/python3.12/site-packages/airflow/example_dags/tutorial_taskflow_templates.py
[2025-11-29T11:29:13.036+0000] {processor.py:925} INFO - DAG(s) 'tutorial_taskflow_templates' retrieved from /home/airflow/.local/lib/python3.12/site-packages/airflow/example_dags/tutorial_taskflow_templates.py
[2025-11-29T11:29:13.070+0000] {logging_mixin.py:190} INFO - [2025-11-29T11:29:13.069+0000] {dag.py:3239} INFO - Sync 1 DAGs
[2025-11-29T11:29:13.102+0000] {logging_mixin.py:190} INFO - [2025-11-29T11:29:13.102+0000] {dag.py:4180} INFO - Setting next_dagrun for tutorial_taskflow_templates to 2025-11-28 00:00:00+00:00, run_after=2025-11-29 00:00:00+00:00
[2025-11-29T11:29:13.127+0000] {processor.py:208} INFO - Processing /home/airflow/.local/lib/python3.12/site-packages/airflow/example_dags/tutorial_taskflow_templates.py took 0.122 seconds
[2025-11-29T11:29:43.480+0000] {processor.py:186} INFO - Started process (PID=1559) to work on /home/airflow/.local/lib/python3.12/site-packages/airflow/example_dags/tutorial_taskflow_templates.py
[2025-11-29T11:29:43.482+0000] {processor.py:914} INFO - Processing file /home/airflow/.local/lib/python3.12/site-packages/airflow/example_dags/tutorial_taskflow_templates.py for tasks to queue
[2025-11-29T11:29:43.484+0000] {logging_mixin.py:190} INFO - [2025-11-29T11:29:43.483+0000] {dagbag.py:588} INFO - Filling up the DagBag from /home/airflow/.local/lib/python3.12/site-packages/airflow/example_dags/tutorial_taskflow_templates.py
[2025-11-29T11:29:43.502+0000] {processor.py:925} INFO - DAG(s) 'tutorial_taskflow_templates' retrieved from /home/airflow/.local/lib/python3.12/site-packages/airflow/example_dags/tutorial_taskflow_templates.py
[2025-11-29T11:29:43.528+0000] {logging_mixin.py:190} INFO - [2025-11-29T11:29:43.528+0000] {dag.py:3239} INFO - Sync 1 DAGs
[2025-11-29T11:29:43.556+0000] {logging_mixin.py:190} INFO - [2025-11-29T11:29:43.556+0000] {dag.py:4180} INFO - Setting next_dagrun for tutorial_taskflow_templates to 2025-11-28 00:00:00+00:00, run_after=2025-11-29 00:00:00+00:00
[2025-11-29T11:29:43.578+0000] {processor.py:208} INFO - Processing /home/airflow/.local/lib/python3.12/site-packages/airflow/example_dags/tutorial_taskflow_templates.py took 0.106 seconds
[2025-11-29T11:30:13.993+0000] {processor.py:186} INFO - Started process (PID=1628) to work on /home/airflow/.local/lib/python3.12/site-packages/airflow/example_dags/tutorial_taskflow_templates.py
[2025-11-29T11:30:13.994+0000] {processor.py:914} INFO - Processing file /home/airflow/.local/lib/python3.12/site-packages/airflow/example_dags/tutorial_taskflow_templates.py for tasks to queue
[2025-11-29T11:30:13.996+0000] {logging_mixin.py:190} INFO - [2025-11-29T11:30:13.996+0000] {dagbag.py:588} INFO - Filling up the DagBag from /home/airflow/.local/lib/python3.12/site-packages/airflow/example_dags/tutorial_taskflow_templates.py
[2025-11-29T11:30:14.013+0000] {processor.py:925} INFO - DAG(s) 'tutorial_taskflow_templates' retrieved from /home/airflow/.local/lib/python3.12/site-packages/airflow/example_dags/tutorial_taskflow_templates.py
[2025-11-29T11:30:14.041+0000] {logging_mixin.py:190} INFO - [2025-11-29T11:30:14.041+0000] {dag.py:3239} INFO - Sync 1 DAGs
[2025-11-29T11:30:14.070+0000] {logging_mixin.py:190} INFO - [2025-11-29T11:30:14.069+0000] {dag.py:4180} INFO - Setting next_dagrun for tutorial_taskflow_templates to 2025-11-28 00:00:00+00:00, run_after=2025-11-29 00:00:00+00:00
[2025-11-29T11:30:14.093+0000] {processor.py:208} INFO - Processing /home/airflow/.local/lib/python3.12/site-packages/airflow/example_dags/tutorial_taskflow_templates.py took 0.108 seconds
[2025-11-29T11:30:44.626+0000] {processor.py:186} INFO - Started process (PID=1696) to work on /home/airflow/.local/lib/python3.12/site-packages/airflow/example_dags/tutorial_taskflow_templates.py
[2025-11-29T11:30:44.628+0000] {processor.py:914} INFO - Processing file /home/airflow/.local/lib/python3.12/site-packages/airflow/example_dags/tutorial_taskflow_templates.py for tasks to queue
[2025-11-29T11:30:44.630+0000] {logging_mixin.py:190} INFO - [2025-11-29T11:30:44.629+0000] {dagbag.py:588} INFO - Filling up the DagBag from /home/airflow/.local/lib/python3.12/site-packages/airflow/example_dags/tutorial_taskflow_templates.py
[2025-11-29T11:30:44.652+0000] {processor.py:925} INFO - DAG(s) 'tutorial_taskflow_templates' retrieved from /home/airflow/.local/lib/python3.12/site-packages/airflow/example_dags/tutorial_taskflow_templates.py
[2025-11-29T11:30:44.690+0000] {logging_mixin.py:190} INFO - [2025-11-29T11:30:44.690+0000] {dag.py:3239} INFO - Sync 1 DAGs
[2025-11-29T11:30:44.733+0000] {logging_mixin.py:190} INFO - [2025-11-29T11:30:44.733+0000] {dag.py:4180} INFO - Setting next_dagrun for tutorial_taskflow_templates to 2025-11-28 00:00:00+00:00, run_after=2025-11-29 00:00:00+00:00
[2025-11-29T11:30:44.764+0000] {processor.py:208} INFO - Processing /home/airflow/.local/lib/python3.12/site-packages/airflow/example_dags/tutorial_taskflow_templates.py took 0.158 seconds
[2025-11-29T11:31:14.844+0000] {processor.py:186} INFO - Started process (PID=1764) to work on /home/airflow/.local/lib/python3.12/site-packages/airflow/example_dags/tutorial_taskflow_templates.py
[2025-11-29T11:31:14.846+0000] {processor.py:914} INFO - Processing file /home/airflow/.local/lib/python3.12/site-packages/airflow/example_dags/tutorial_taskflow_templates.py for tasks to queue
[2025-11-29T11:31:14.848+0000] {logging_mixin.py:190} INFO - [2025-11-29T11:31:14.848+0000] {dagbag.py:588} INFO - Filling up the DagBag from /home/airflow/.local/lib/python3.12/site-packages/airflow/example_dags/tutorial_taskflow_templates.py
[2025-11-29T11:31:14.869+0000] {processor.py:925} INFO - DAG(s) 'tutorial_taskflow_templates' retrieved from /home/airflow/.local/lib/python3.12/site-packages/airflow/example_dags/tutorial_taskflow_templates.py
[2025-11-29T11:31:14.899+0000] {logging_mixin.py:190} INFO - [2025-11-29T11:31:14.899+0000] {dag.py:3239} INFO - Sync 1 DAGs
[2025-11-29T11:31:14.929+0000] {logging_mixin.py:190} INFO - [2025-11-29T11:31:14.928+0000] {dag.py:4180} INFO - Setting next_dagrun for tutorial_taskflow_templates to 2025-11-28 00:00:00+00:00, run_after=2025-11-29 00:00:00+00:00
[2025-11-29T11:31:14.955+0000] {processor.py:208} INFO - Processing /home/airflow/.local/lib/python3.12/site-packages/airflow/example_dags/tutorial_taskflow_templates.py took 0.119 seconds
[2025-11-29T11:31:45.451+0000] {processor.py:186} INFO - Started process (PID=1832) to work on /home/airflow/.local/lib/python3.12/site-packages/airflow/example_dags/tutorial_taskflow_templates.py
[2025-11-29T11:31:45.452+0000] {processor.py:914} INFO - Processing file /home/airflow/.local/lib/python3.12/site-packages/airflow/example_dags/tutorial_taskflow_templates.py for tasks to queue
[2025-11-29T11:31:45.454+0000] {logging_mixin.py:190} INFO - [2025-11-29T11:31:45.453+0000] {dagbag.py:588} INFO - Filling up the DagBag from /home/airflow/.local/lib/python3.12/site-packages/airflow/example_dags/tutorial_taskflow_templates.py
[2025-11-29T11:31:45.471+0000] {processor.py:925} INFO - DAG(s) 'tutorial_taskflow_templates' retrieved from /home/airflow/.local/lib/python3.12/site-packages/airflow/example_dags/tutorial_taskflow_templates.py
[2025-11-29T11:31:45.497+0000] {logging_mixin.py:190} INFO - [2025-11-29T11:31:45.497+0000] {dag.py:3239} INFO - Sync 1 DAGs
[2025-11-29T11:31:45.524+0000] {logging_mixin.py:190} INFO - [2025-11-29T11:31:45.524+0000] {dag.py:4180} INFO - Setting next_dagrun for tutorial_taskflow_templates to 2025-11-28 00:00:00+00:00, run_after=2025-11-29 00:00:00+00:00
[2025-11-29T11:31:45.545+0000] {processor.py:208} INFO - Processing /home/airflow/.local/lib/python3.12/site-packages/airflow/example_dags/tutorial_taskflow_templates.py took 0.102 seconds
[2025-11-29T11:32:15.877+0000] {processor.py:186} INFO - Started process (PID=1900) to work on /home/airflow/.local/lib/python3.12/site-packages/airflow/example_dags/tutorial_taskflow_templates.py
[2025-11-29T11:32:15.878+0000] {processor.py:914} INFO - Processing file /home/airflow/.local/lib/python3.12/site-packages/airflow/example_dags/tutorial_taskflow_templates.py for tasks to queue
[2025-11-29T11:32:15.880+0000] {logging_mixin.py:190} INFO - [2025-11-29T11:32:15.880+0000] {dagbag.py:588} INFO - Filling up the DagBag from /home/airflow/.local/lib/python3.12/site-packages/airflow/example_dags/tutorial_taskflow_templates.py
[2025-11-29T11:32:15.900+0000] {processor.py:925} INFO - DAG(s) 'tutorial_taskflow_templates' retrieved from /home/airflow/.local/lib/python3.12/site-packages/airflow/example_dags/tutorial_taskflow_templates.py
[2025-11-29T11:32:15.931+0000] {logging_mixin.py:190} INFO - [2025-11-29T11:32:15.931+0000] {dag.py:3239} INFO - Sync 1 DAGs
[2025-11-29T11:32:15.963+0000] {logging_mixin.py:190} INFO - [2025-11-29T11:32:15.962+0000] {dag.py:4180} INFO - Setting next_dagrun for tutorial_taskflow_templates to 2025-11-28 00:00:00+00:00, run_after=2025-11-29 00:00:00+00:00
[2025-11-29T11:32:15.983+0000] {processor.py:208} INFO - Processing /home/airflow/.local/lib/python3.12/site-packages/airflow/example_dags/tutorial_taskflow_templates.py took 0.114 seconds
[2025-11-29T11:32:46.584+0000] {processor.py:186} INFO - Started process (PID=1969) to work on /home/airflow/.local/lib/python3.12/site-packages/airflow/example_dags/tutorial_taskflow_templates.py
[2025-11-29T11:32:46.586+0000] {processor.py:914} INFO - Processing file /home/airflow/.local/lib/python3.12/site-packages/airflow/example_dags/tutorial_taskflow_templates.py for tasks to queue
[2025-11-29T11:32:46.589+0000] {logging_mixin.py:190} INFO - [2025-11-29T11:32:46.588+0000] {dagbag.py:588} INFO - Filling up the DagBag from /home/airflow/.local/lib/python3.12/site-packages/airflow/example_dags/tutorial_taskflow_templates.py
[2025-11-29T11:32:46.612+0000] {processor.py:925} INFO - DAG(s) 'tutorial_taskflow_templates' retrieved from /home/airflow/.local/lib/python3.12/site-packages/airflow/example_dags/tutorial_taskflow_templates.py
[2025-11-29T11:32:46.642+0000] {logging_mixin.py:190} INFO - [2025-11-29T11:32:46.642+0000] {dag.py:3239} INFO - Sync 1 DAGs
[2025-11-29T11:32:46.679+0000] {logging_mixin.py:190} INFO - [2025-11-29T11:32:46.679+0000] {dag.py:4180} INFO - Setting next_dagrun for tutorial_taskflow_templates to 2025-11-28 00:00:00+00:00, run_after=2025-11-29 00:00:00+00:00
[2025-11-29T11:32:46.712+0000] {processor.py:208} INFO - Processing /home/airflow/.local/lib/python3.12/site-packages/airflow/example_dags/tutorial_taskflow_templates.py took 0.136 seconds
[2025-11-29T11:33:17.571+0000] {processor.py:186} INFO - Started process (PID=2037) to work on /home/airflow/.local/lib/python3.12/site-packages/airflow/example_dags/tutorial_taskflow_templates.py
[2025-11-29T11:33:17.572+0000] {processor.py:914} INFO - Processing file /home/airflow/.local/lib/python3.12/site-packages/airflow/example_dags/tutorial_taskflow_templates.py for tasks to queue
[2025-11-29T11:33:17.574+0000] {logging_mixin.py:190} INFO - [2025-11-29T11:33:17.574+0000] {dagbag.py:588} INFO - Filling up the DagBag from /home/airflow/.local/lib/python3.12/site-packages/airflow/example_dags/tutorial_taskflow_templates.py
[2025-11-29T11:33:17.599+0000] {processor.py:925} INFO - DAG(s) 'tutorial_taskflow_templates' retrieved from /home/airflow/.local/lib/python3.12/site-packages/airflow/example_dags/tutorial_taskflow_templates.py
[2025-11-29T11:33:17.633+0000] {logging_mixin.py:190} INFO - [2025-11-29T11:33:17.633+0000] {dag.py:3239} INFO - Sync 1 DAGs
[2025-11-29T11:33:17.674+0000] {logging_mixin.py:190} INFO - [2025-11-29T11:33:17.673+0000] {dag.py:4180} INFO - Setting next_dagrun for tutorial_taskflow_templates to 2025-11-28 00:00:00+00:00, run_after=2025-11-29 00:00:00+00:00
[2025-11-29T11:33:17.706+0000] {processor.py:208} INFO - Processing /home/airflow/.local/lib/python3.12/site-packages/airflow/example_dags/tutorial_taskflow_templates.py took 0.144 seconds
[2025-11-29T11:33:47.842+0000] {processor.py:186} INFO - Started process (PID=2105) to work on /home/airflow/.local/lib/python3.12/site-packages/airflow/example_dags/tutorial_taskflow_templates.py
[2025-11-29T11:33:47.844+0000] {processor.py:914} INFO - Processing file /home/airflow/.local/lib/python3.12/site-packages/airflow/example_dags/tutorial_taskflow_templates.py for tasks to queue
[2025-11-29T11:33:47.847+0000] {logging_mixin.py:190} INFO - [2025-11-29T11:33:47.846+0000] {dagbag.py:588} INFO - Filling up the DagBag from /home/airflow/.local/lib/python3.12/site-packages/airflow/example_dags/tutorial_taskflow_templates.py
[2025-11-29T11:33:47.880+0000] {processor.py:925} INFO - DAG(s) 'tutorial_taskflow_templates' retrieved from /home/airflow/.local/lib/python3.12/site-packages/airflow/example_dags/tutorial_taskflow_templates.py
[2025-11-29T11:33:47.930+0000] {logging_mixin.py:190} INFO - [2025-11-29T11:33:47.930+0000] {dag.py:3239} INFO - Sync 1 DAGs
[2025-11-29T11:33:47.979+0000] {logging_mixin.py:190} INFO - [2025-11-29T11:33:47.978+0000] {dag.py:4180} INFO - Setting next_dagrun for tutorial_taskflow_templates to 2025-11-28 00:00:00+00:00, run_after=2025-11-29 00:00:00+00:00
[2025-11-29T11:33:48.011+0000] {processor.py:208} INFO - Processing /home/airflow/.local/lib/python3.12/site-packages/airflow/example_dags/tutorial_taskflow_templates.py took 0.178 seconds
[2025-11-29T11:34:18.165+0000] {processor.py:186} INFO - Started process (PID=2173) to work on /home/airflow/.local/lib/python3.12/site-packages/airflow/example_dags/tutorial_taskflow_templates.py
[2025-11-29T11:34:18.167+0000] {processor.py:914} INFO - Processing file /home/airflow/.local/lib/python3.12/site-packages/airflow/example_dags/tutorial_taskflow_templates.py for tasks to queue
[2025-11-29T11:34:18.169+0000] {logging_mixin.py:190} INFO - [2025-11-29T11:34:18.168+0000] {dagbag.py:588} INFO - Filling up the DagBag from /home/airflow/.local/lib/python3.12/site-packages/airflow/example_dags/tutorial_taskflow_templates.py
[2025-11-29T11:34:18.188+0000] {processor.py:925} INFO - DAG(s) 'tutorial_taskflow_templates' retrieved from /home/airflow/.local/lib/python3.12/site-packages/airflow/example_dags/tutorial_taskflow_templates.py
[2025-11-29T11:34:18.218+0000] {logging_mixin.py:190} INFO - [2025-11-29T11:34:18.218+0000] {dag.py:3239} INFO - Sync 1 DAGs
[2025-11-29T11:34:18.247+0000] {logging_mixin.py:190} INFO - [2025-11-29T11:34:18.247+0000] {dag.py:4180} INFO - Setting next_dagrun for tutorial_taskflow_templates to 2025-11-28 00:00:00+00:00, run_after=2025-11-29 00:00:00+00:00
[2025-11-29T11:34:18.272+0000] {processor.py:208} INFO - Processing /home/airflow/.local/lib/python3.12/site-packages/airflow/example_dags/tutorial_taskflow_templates.py took 0.116 seconds
[2025-11-29T11:34:48.831+0000] {processor.py:186} INFO - Started process (PID=2241) to work on /home/airflow/.local/lib/python3.12/site-packages/airflow/example_dags/tutorial_taskflow_templates.py
[2025-11-29T11:34:48.832+0000] {processor.py:914} INFO - Processing file /home/airflow/.local/lib/python3.12/site-packages/airflow/example_dags/tutorial_taskflow_templates.py for tasks to queue
[2025-11-29T11:34:48.834+0000] {logging_mixin.py:190} INFO - [2025-11-29T11:34:48.833+0000] {dagbag.py:588} INFO - Filling up the DagBag from /home/airflow/.local/lib/python3.12/site-packages/airflow/example_dags/tutorial_taskflow_templates.py
[2025-11-29T11:34:48.852+0000] {processor.py:925} INFO - DAG(s) 'tutorial_taskflow_templates' retrieved from /home/airflow/.local/lib/python3.12/site-packages/airflow/example_dags/tutorial_taskflow_templates.py
[2025-11-29T11:34:48.879+0000] {logging_mixin.py:190} INFO - [2025-11-29T11:34:48.879+0000] {dag.py:3239} INFO - Sync 1 DAGs
[2025-11-29T11:34:48.908+0000] {logging_mixin.py:190} INFO - [2025-11-29T11:34:48.908+0000] {dag.py:4180} INFO - Setting next_dagrun for tutorial_taskflow_templates to 2025-11-28 00:00:00+00:00, run_after=2025-11-29 00:00:00+00:00
[2025-11-29T11:34:48.931+0000] {processor.py:208} INFO - Processing /home/airflow/.local/lib/python3.12/site-packages/airflow/example_dags/tutorial_taskflow_templates.py took 0.109 seconds
[2025-11-29T11:35:19.156+0000] {processor.py:186} INFO - Started process (PID=2309) to work on /home/airflow/.local/lib/python3.12/site-packages/airflow/example_dags/tutorial_taskflow_templates.py
[2025-11-29T11:35:19.158+0000] {processor.py:914} INFO - Processing file /home/airflow/.local/lib/python3.12/site-packages/airflow/example_dags/tutorial_taskflow_templates.py for tasks to queue
[2025-11-29T11:35:19.160+0000] {logging_mixin.py:190} INFO - [2025-11-29T11:35:19.160+0000] {dagbag.py:588} INFO - Filling up the DagBag from /home/airflow/.local/lib/python3.12/site-packages/airflow/example_dags/tutorial_taskflow_templates.py
[2025-11-29T11:35:19.177+0000] {processor.py:925} INFO - DAG(s) 'tutorial_taskflow_templates' retrieved from /home/airflow/.local/lib/python3.12/site-packages/airflow/example_dags/tutorial_taskflow_templates.py
[2025-11-29T11:35:19.205+0000] {logging_mixin.py:190} INFO - [2025-11-29T11:35:19.204+0000] {dag.py:3239} INFO - Sync 1 DAGs
[2025-11-29T11:35:19.235+0000] {logging_mixin.py:190} INFO - [2025-11-29T11:35:19.235+0000] {dag.py:4180} INFO - Setting next_dagrun for tutorial_taskflow_templates to 2025-11-28 00:00:00+00:00, run_after=2025-11-29 00:00:00+00:00
[2025-11-29T11:35:19.257+0000] {processor.py:208} INFO - Processing /home/airflow/.local/lib/python3.12/site-packages/airflow/example_dags/tutorial_taskflow_templates.py took 0.110 seconds
[2025-11-29T11:35:49.559+0000] {processor.py:186} INFO - Started process (PID=2379) to work on /home/airflow/.local/lib/python3.12/site-packages/airflow/example_dags/tutorial_taskflow_templates.py
[2025-11-29T11:35:49.560+0000] {processor.py:914} INFO - Processing file /home/airflow/.local/lib/python3.12/site-packages/airflow/example_dags/tutorial_taskflow_templates.py for tasks to queue
[2025-11-29T11:35:49.562+0000] {logging_mixin.py:190} INFO - [2025-11-29T11:35:49.561+0000] {dagbag.py:588} INFO - Filling up the DagBag from /home/airflow/.local/lib/python3.12/site-packages/airflow/example_dags/tutorial_taskflow_templates.py
[2025-11-29T11:35:49.579+0000] {processor.py:925} INFO - DAG(s) 'tutorial_taskflow_templates' retrieved from /home/airflow/.local/lib/python3.12/site-packages/airflow/example_dags/tutorial_taskflow_templates.py
[2025-11-29T11:35:49.608+0000] {logging_mixin.py:190} INFO - [2025-11-29T11:35:49.607+0000] {dag.py:3239} INFO - Sync 1 DAGs
[2025-11-29T11:35:49.634+0000] {logging_mixin.py:190} INFO - [2025-11-29T11:35:49.634+0000] {dag.py:4180} INFO - Setting next_dagrun for tutorial_taskflow_templates to 2025-11-28 00:00:00+00:00, run_after=2025-11-29 00:00:00+00:00
[2025-11-29T11:35:49.659+0000] {processor.py:208} INFO - Processing /home/airflow/.local/lib/python3.12/site-packages/airflow/example_dags/tutorial_taskflow_templates.py took 0.108 seconds
[2025-11-29T11:36:20.151+0000] {processor.py:186} INFO - Started process (PID=2448) to work on /home/airflow/.local/lib/python3.12/site-packages/airflow/example_dags/tutorial_taskflow_templates.py
[2025-11-29T11:36:20.153+0000] {processor.py:914} INFO - Processing file /home/airflow/.local/lib/python3.12/site-packages/airflow/example_dags/tutorial_taskflow_templates.py for tasks to queue
[2025-11-29T11:36:20.155+0000] {logging_mixin.py:190} INFO - [2025-11-29T11:36:20.155+0000] {dagbag.py:588} INFO - Filling up the DagBag from /home/airflow/.local/lib/python3.12/site-packages/airflow/example_dags/tutorial_taskflow_templates.py
[2025-11-29T11:36:20.172+0000] {processor.py:925} INFO - DAG(s) 'tutorial_taskflow_templates' retrieved from /home/airflow/.local/lib/python3.12/site-packages/airflow/example_dags/tutorial_taskflow_templates.py
[2025-11-29T11:36:20.197+0000] {logging_mixin.py:190} INFO - [2025-11-29T11:36:20.197+0000] {dag.py:3239} INFO - Sync 1 DAGs
[2025-11-29T11:36:20.225+0000] {logging_mixin.py:190} INFO - [2025-11-29T11:36:20.225+0000] {dag.py:4180} INFO - Setting next_dagrun for tutorial_taskflow_templates to 2025-11-28 00:00:00+00:00, run_after=2025-11-29 00:00:00+00:00
[2025-11-29T11:36:20.247+0000] {processor.py:208} INFO - Processing /home/airflow/.local/lib/python3.12/site-packages/airflow/example_dags/tutorial_taskflow_templates.py took 0.104 seconds
[2025-11-29T11:36:50.898+0000] {processor.py:186} INFO - Started process (PID=2516) to work on /home/airflow/.local/lib/python3.12/site-packages/airflow/example_dags/tutorial_taskflow_templates.py
[2025-11-29T11:36:50.899+0000] {processor.py:914} INFO - Processing file /home/airflow/.local/lib/python3.12/site-packages/airflow/example_dags/tutorial_taskflow_templates.py for tasks to queue
[2025-11-29T11:36:50.901+0000] {logging_mixin.py:190} INFO - [2025-11-29T11:36:50.900+0000] {dagbag.py:588} INFO - Filling up the DagBag from /home/airflow/.local/lib/python3.12/site-packages/airflow/example_dags/tutorial_taskflow_templates.py
[2025-11-29T11:36:50.919+0000] {processor.py:925} INFO - DAG(s) 'tutorial_taskflow_templates' retrieved from /home/airflow/.local/lib/python3.12/site-packages/airflow/example_dags/tutorial_taskflow_templates.py
[2025-11-29T11:36:50.943+0000] {logging_mixin.py:190} INFO - [2025-11-29T11:36:50.943+0000] {dag.py:3239} INFO - Sync 1 DAGs
[2025-11-29T11:36:50.973+0000] {logging_mixin.py:190} INFO - [2025-11-29T11:36:50.973+0000] {dag.py:4180} INFO - Setting next_dagrun for tutorial_taskflow_templates to 2025-11-28 00:00:00+00:00, run_after=2025-11-29 00:00:00+00:00
[2025-11-29T11:36:50.997+0000] {processor.py:208} INFO - Processing /home/airflow/.local/lib/python3.12/site-packages/airflow/example_dags/tutorial_taskflow_templates.py took 0.108 seconds
[2025-11-29T11:37:21.761+0000] {processor.py:186} INFO - Started process (PID=2584) to work on /home/airflow/.local/lib/python3.12/site-packages/airflow/example_dags/tutorial_taskflow_templates.py
[2025-11-29T11:37:21.763+0000] {processor.py:914} INFO - Processing file /home/airflow/.local/lib/python3.12/site-packages/airflow/example_dags/tutorial_taskflow_templates.py for tasks to queue
[2025-11-29T11:37:21.765+0000] {logging_mixin.py:190} INFO - [2025-11-29T11:37:21.764+0000] {dagbag.py:588} INFO - Filling up the DagBag from /home/airflow/.local/lib/python3.12/site-packages/airflow/example_dags/tutorial_taskflow_templates.py
[2025-11-29T11:37:21.784+0000] {processor.py:925} INFO - DAG(s) 'tutorial_taskflow_templates' retrieved from /home/airflow/.local/lib/python3.12/site-packages/airflow/example_dags/tutorial_taskflow_templates.py
[2025-11-29T11:37:21.812+0000] {logging_mixin.py:190} INFO - [2025-11-29T11:37:21.812+0000] {dag.py:3239} INFO - Sync 1 DAGs
[2025-11-29T11:37:21.841+0000] {logging_mixin.py:190} INFO - [2025-11-29T11:37:21.841+0000] {dag.py:4180} INFO - Setting next_dagrun for tutorial_taskflow_templates to 2025-11-28 00:00:00+00:00, run_after=2025-11-29 00:00:00+00:00
[2025-11-29T11:37:21.863+0000] {processor.py:208} INFO - Processing /home/airflow/.local/lib/python3.12/site-packages/airflow/example_dags/tutorial_taskflow_templates.py took 0.110 seconds
