[2025-11-01T12:43:35.685+0000] {processor.py:186} INFO - Started process (PID=98) to work on /opt/airflow/dags/dag_conf_check.py
[2025-11-01T12:43:35.686+0000] {processor.py:914} INFO - Processing file /opt/airflow/dags/dag_conf_check.py for tasks to queue
[2025-11-01T12:43:35.690+0000] {logging_mixin.py:190} INFO - [2025-11-01T12:43:35.689+0000] {dagbag.py:588} INFO - Filling up the DagBag from /opt/airflow/dags/dag_conf_check.py
[2025-11-01T12:43:35.719+0000] {processor.py:925} INFO - DAG(s) 'example_conf_dag' retrieved from /opt/airflow/dags/dag_conf_check.py
[2025-11-01T12:43:35.846+0000] {logging_mixin.py:190} INFO - [2025-11-01T12:43:35.845+0000] {override.py:1911} INFO - Created Permission View: can delete on DAG:example_conf_dag
[2025-11-01T12:43:35.865+0000] {logging_mixin.py:190} INFO - [2025-11-01T12:43:35.865+0000] {override.py:1911} INFO - Created Permission View: can edit on DAG:example_conf_dag
[2025-11-01T12:43:35.874+0000] {logging_mixin.py:190} INFO - [2025-11-01T12:43:35.873+0000] {override.py:1911} INFO - Created Permission View: can read on DAG:example_conf_dag
[2025-11-01T12:43:35.885+0000] {logging_mixin.py:190} INFO - [2025-11-01T12:43:35.885+0000] {override.py:1911} INFO - Created Permission View: menu access on DAG Run:example_conf_dag
[2025-11-01T12:43:35.895+0000] {logging_mixin.py:190} INFO - [2025-11-01T12:43:35.895+0000] {override.py:1911} INFO - Created Permission View: can delete on DAG Run:example_conf_dag
[2025-11-01T12:43:35.904+0000] {logging_mixin.py:190} INFO - [2025-11-01T12:43:35.903+0000] {override.py:1911} INFO - Created Permission View: can create on DAG Run:example_conf_dag
[2025-11-01T12:43:35.913+0000] {logging_mixin.py:190} INFO - [2025-11-01T12:43:35.913+0000] {override.py:1911} INFO - Created Permission View: can read on DAG Run:example_conf_dag
[2025-11-01T12:43:35.914+0000] {logging_mixin.py:190} INFO - [2025-11-01T12:43:35.914+0000] {dag.py:3239} INFO - Sync 1 DAGs
[2025-11-01T12:43:35.928+0000] {logging_mixin.py:190} INFO - [2025-11-01T12:43:35.928+0000] {dag.py:3262} INFO - Creating ORM DAG for example_conf_dag
[2025-11-01T12:43:35.929+0000] {logging_mixin.py:190} INFO - [2025-11-01T12:43:35.929+0000] {dag.py:4180} INFO - Setting next_dagrun for example_conf_dag to None, run_after=None
[2025-11-01T12:43:35.949+0000] {processor.py:208} INFO - Processing /opt/airflow/dags/dag_conf_check.py took 0.272 seconds
[2025-11-01T12:44:06.033+0000] {processor.py:186} INFO - Started process (PID=168) to work on /opt/airflow/dags/dag_conf_check.py
[2025-11-01T12:44:06.035+0000] {processor.py:914} INFO - Processing file /opt/airflow/dags/dag_conf_check.py for tasks to queue
[2025-11-01T12:44:06.039+0000] {logging_mixin.py:190} INFO - [2025-11-01T12:44:06.039+0000] {dagbag.py:588} INFO - Filling up the DagBag from /opt/airflow/dags/dag_conf_check.py
[2025-11-01T12:44:06.064+0000] {processor.py:925} INFO - DAG(s) 'example_conf_dag' retrieved from /opt/airflow/dags/dag_conf_check.py
[2025-11-01T12:44:06.096+0000] {logging_mixin.py:190} INFO - [2025-11-01T12:44:06.096+0000] {dag.py:3239} INFO - Sync 1 DAGs
[2025-11-01T12:44:06.118+0000] {logging_mixin.py:190} INFO - [2025-11-01T12:44:06.117+0000] {dag.py:4180} INFO - Setting next_dagrun for example_conf_dag to None, run_after=None
[2025-11-01T12:44:06.143+0000] {processor.py:208} INFO - Processing /opt/airflow/dags/dag_conf_check.py took 0.117 seconds
[2025-11-01T12:44:36.907+0000] {processor.py:186} INFO - Started process (PID=238) to work on /opt/airflow/dags/dag_conf_check.py
[2025-11-01T12:44:36.908+0000] {processor.py:914} INFO - Processing file /opt/airflow/dags/dag_conf_check.py for tasks to queue
[2025-11-01T12:44:36.912+0000] {logging_mixin.py:190} INFO - [2025-11-01T12:44:36.912+0000] {dagbag.py:588} INFO - Filling up the DagBag from /opt/airflow/dags/dag_conf_check.py
[2025-11-01T12:44:36.935+0000] {processor.py:925} INFO - DAG(s) 'example_conf_dag' retrieved from /opt/airflow/dags/dag_conf_check.py
[2025-11-01T12:44:36.963+0000] {logging_mixin.py:190} INFO - [2025-11-01T12:44:36.963+0000] {dag.py:3239} INFO - Sync 1 DAGs
[2025-11-01T12:44:36.982+0000] {logging_mixin.py:190} INFO - [2025-11-01T12:44:36.982+0000] {dag.py:4180} INFO - Setting next_dagrun for example_conf_dag to None, run_after=None
[2025-11-01T12:44:37.004+0000] {processor.py:208} INFO - Processing /opt/airflow/dags/dag_conf_check.py took 0.105 seconds
[2025-11-01T12:45:07.882+0000] {processor.py:186} INFO - Started process (PID=308) to work on /opt/airflow/dags/dag_conf_check.py
[2025-11-01T12:45:07.883+0000] {processor.py:914} INFO - Processing file /opt/airflow/dags/dag_conf_check.py for tasks to queue
[2025-11-01T12:45:07.888+0000] {logging_mixin.py:190} INFO - [2025-11-01T12:45:07.887+0000] {dagbag.py:588} INFO - Filling up the DagBag from /opt/airflow/dags/dag_conf_check.py
[2025-11-01T12:45:07.914+0000] {processor.py:925} INFO - DAG(s) 'example_conf_dag' retrieved from /opt/airflow/dags/dag_conf_check.py
[2025-11-01T12:45:07.943+0000] {logging_mixin.py:190} INFO - [2025-11-01T12:45:07.942+0000] {dag.py:3239} INFO - Sync 1 DAGs
[2025-11-01T12:45:07.963+0000] {logging_mixin.py:190} INFO - [2025-11-01T12:45:07.962+0000] {dag.py:4180} INFO - Setting next_dagrun for example_conf_dag to None, run_after=None
[2025-11-01T12:45:07.996+0000] {processor.py:208} INFO - Processing /opt/airflow/dags/dag_conf_check.py took 0.122 seconds
[2025-11-01T12:45:38.146+0000] {processor.py:186} INFO - Started process (PID=379) to work on /opt/airflow/dags/dag_conf_check.py
[2025-11-01T12:45:38.148+0000] {processor.py:914} INFO - Processing file /opt/airflow/dags/dag_conf_check.py for tasks to queue
[2025-11-01T12:45:38.152+0000] {logging_mixin.py:190} INFO - [2025-11-01T12:45:38.151+0000] {dagbag.py:588} INFO - Filling up the DagBag from /opt/airflow/dags/dag_conf_check.py
[2025-11-01T12:45:38.184+0000] {processor.py:925} INFO - DAG(s) 'example_conf_dag' retrieved from /opt/airflow/dags/dag_conf_check.py
[2025-11-01T12:45:38.218+0000] {logging_mixin.py:190} INFO - [2025-11-01T12:45:38.217+0000] {dag.py:3239} INFO - Sync 1 DAGs
[2025-11-01T12:45:38.241+0000] {logging_mixin.py:190} INFO - [2025-11-01T12:45:38.241+0000] {dag.py:4180} INFO - Setting next_dagrun for example_conf_dag to None, run_after=None
[2025-11-01T12:45:38.272+0000] {processor.py:208} INFO - Processing /opt/airflow/dags/dag_conf_check.py took 0.137 seconds
[2025-11-01T12:46:08.885+0000] {processor.py:186} INFO - Started process (PID=449) to work on /opt/airflow/dags/dag_conf_check.py
[2025-11-01T12:46:08.886+0000] {processor.py:914} INFO - Processing file /opt/airflow/dags/dag_conf_check.py for tasks to queue
[2025-11-01T12:46:08.891+0000] {logging_mixin.py:190} INFO - [2025-11-01T12:46:08.891+0000] {dagbag.py:588} INFO - Filling up the DagBag from /opt/airflow/dags/dag_conf_check.py
[2025-11-01T12:46:08.920+0000] {processor.py:925} INFO - DAG(s) 'example_conf_dag' retrieved from /opt/airflow/dags/dag_conf_check.py
[2025-11-01T12:46:08.951+0000] {logging_mixin.py:190} INFO - [2025-11-01T12:46:08.951+0000] {dag.py:3239} INFO - Sync 1 DAGs
[2025-11-01T12:46:08.971+0000] {logging_mixin.py:190} INFO - [2025-11-01T12:46:08.970+0000] {dag.py:4180} INFO - Setting next_dagrun for example_conf_dag to None, run_after=None
[2025-11-01T12:46:08.995+0000] {processor.py:208} INFO - Processing /opt/airflow/dags/dag_conf_check.py took 0.121 seconds
[2025-11-01T12:46:39.265+0000] {processor.py:186} INFO - Started process (PID=519) to work on /opt/airflow/dags/dag_conf_check.py
[2025-11-01T12:46:39.266+0000] {processor.py:914} INFO - Processing file /opt/airflow/dags/dag_conf_check.py for tasks to queue
[2025-11-01T12:46:39.270+0000] {logging_mixin.py:190} INFO - [2025-11-01T12:46:39.269+0000] {dagbag.py:588} INFO - Filling up the DagBag from /opt/airflow/dags/dag_conf_check.py
[2025-11-01T12:46:39.296+0000] {processor.py:925} INFO - DAG(s) 'example_conf_dag' retrieved from /opt/airflow/dags/dag_conf_check.py
[2025-11-01T12:46:39.325+0000] {logging_mixin.py:190} INFO - [2025-11-01T12:46:39.324+0000] {dag.py:3239} INFO - Sync 1 DAGs
[2025-11-01T12:46:39.345+0000] {logging_mixin.py:190} INFO - [2025-11-01T12:46:39.344+0000] {dag.py:4180} INFO - Setting next_dagrun for example_conf_dag to None, run_after=None
[2025-11-01T12:46:39.375+0000] {processor.py:208} INFO - Processing /opt/airflow/dags/dag_conf_check.py took 0.120 seconds
[2025-11-01T12:47:10.122+0000] {processor.py:186} INFO - Started process (PID=589) to work on /opt/airflow/dags/dag_conf_check.py
[2025-11-01T12:47:10.124+0000] {processor.py:914} INFO - Processing file /opt/airflow/dags/dag_conf_check.py for tasks to queue
[2025-11-01T12:47:10.127+0000] {logging_mixin.py:190} INFO - [2025-11-01T12:47:10.127+0000] {dagbag.py:588} INFO - Filling up the DagBag from /opt/airflow/dags/dag_conf_check.py
[2025-11-01T12:47:10.152+0000] {processor.py:925} INFO - DAG(s) 'example_conf_dag' retrieved from /opt/airflow/dags/dag_conf_check.py
[2025-11-01T12:47:10.176+0000] {logging_mixin.py:190} INFO - [2025-11-01T12:47:10.176+0000] {dag.py:3239} INFO - Sync 1 DAGs
[2025-11-01T12:47:10.194+0000] {logging_mixin.py:190} INFO - [2025-11-01T12:47:10.194+0000] {dag.py:4180} INFO - Setting next_dagrun for example_conf_dag to None, run_after=None
[2025-11-01T12:47:10.217+0000] {processor.py:208} INFO - Processing /opt/airflow/dags/dag_conf_check.py took 0.102 seconds
[2025-11-01T12:47:40.405+0000] {processor.py:186} INFO - Started process (PID=659) to work on /opt/airflow/dags/dag_conf_check.py
[2025-11-01T12:47:40.406+0000] {processor.py:914} INFO - Processing file /opt/airflow/dags/dag_conf_check.py for tasks to queue
[2025-11-01T12:47:40.410+0000] {logging_mixin.py:190} INFO - [2025-11-01T12:47:40.410+0000] {dagbag.py:588} INFO - Filling up the DagBag from /opt/airflow/dags/dag_conf_check.py
[2025-11-01T12:47:40.437+0000] {processor.py:925} INFO - DAG(s) 'example_conf_dag' retrieved from /opt/airflow/dags/dag_conf_check.py
[2025-11-01T12:47:40.463+0000] {logging_mixin.py:190} INFO - [2025-11-01T12:47:40.463+0000] {dag.py:3239} INFO - Sync 1 DAGs
[2025-11-01T12:47:40.484+0000] {logging_mixin.py:190} INFO - [2025-11-01T12:47:40.483+0000] {dag.py:4180} INFO - Setting next_dagrun for example_conf_dag to None, run_after=None
[2025-11-01T12:47:40.508+0000] {processor.py:208} INFO - Processing /opt/airflow/dags/dag_conf_check.py took 0.111 seconds
[2025-11-01T12:48:11.118+0000] {processor.py:186} INFO - Started process (PID=729) to work on /opt/airflow/dags/dag_conf_check.py
[2025-11-01T12:48:11.120+0000] {processor.py:914} INFO - Processing file /opt/airflow/dags/dag_conf_check.py for tasks to queue
[2025-11-01T12:48:11.125+0000] {logging_mixin.py:190} INFO - [2025-11-01T12:48:11.124+0000] {dagbag.py:588} INFO - Filling up the DagBag from /opt/airflow/dags/dag_conf_check.py
[2025-11-01T12:48:11.148+0000] {processor.py:925} INFO - DAG(s) 'example_conf_dag' retrieved from /opt/airflow/dags/dag_conf_check.py
[2025-11-01T12:48:11.173+0000] {logging_mixin.py:190} INFO - [2025-11-01T12:48:11.173+0000] {dag.py:3239} INFO - Sync 1 DAGs
[2025-11-01T12:48:11.190+0000] {logging_mixin.py:190} INFO - [2025-11-01T12:48:11.189+0000] {dag.py:4180} INFO - Setting next_dagrun for example_conf_dag to None, run_after=None
[2025-11-01T12:48:11.213+0000] {processor.py:208} INFO - Processing /opt/airflow/dags/dag_conf_check.py took 0.103 seconds
[2025-11-01T12:48:41.806+0000] {processor.py:186} INFO - Started process (PID=800) to work on /opt/airflow/dags/dag_conf_check.py
[2025-11-01T12:48:41.807+0000] {processor.py:914} INFO - Processing file /opt/airflow/dags/dag_conf_check.py for tasks to queue
[2025-11-01T12:48:41.811+0000] {logging_mixin.py:190} INFO - [2025-11-01T12:48:41.811+0000] {dagbag.py:588} INFO - Filling up the DagBag from /opt/airflow/dags/dag_conf_check.py
[2025-11-01T12:48:41.837+0000] {processor.py:925} INFO - DAG(s) 'example_conf_dag' retrieved from /opt/airflow/dags/dag_conf_check.py
[2025-11-01T12:48:41.863+0000] {logging_mixin.py:190} INFO - [2025-11-01T12:48:41.862+0000] {dag.py:3239} INFO - Sync 1 DAGs
[2025-11-01T12:48:41.879+0000] {logging_mixin.py:190} INFO - [2025-11-01T12:48:41.879+0000] {dag.py:4180} INFO - Setting next_dagrun for example_conf_dag to None, run_after=None
[2025-11-01T12:48:41.904+0000] {processor.py:208} INFO - Processing /opt/airflow/dags/dag_conf_check.py took 0.106 seconds
[2025-11-01T12:49:12.040+0000] {processor.py:186} INFO - Started process (PID=871) to work on /opt/airflow/dags/dag_conf_check.py
[2025-11-01T12:49:12.042+0000] {processor.py:914} INFO - Processing file /opt/airflow/dags/dag_conf_check.py for tasks to queue
[2025-11-01T12:49:12.045+0000] {logging_mixin.py:190} INFO - [2025-11-01T12:49:12.045+0000] {dagbag.py:588} INFO - Filling up the DagBag from /opt/airflow/dags/dag_conf_check.py
[2025-11-01T12:49:12.073+0000] {processor.py:925} INFO - DAG(s) 'example_conf_dag' retrieved from /opt/airflow/dags/dag_conf_check.py
[2025-11-01T12:49:12.099+0000] {logging_mixin.py:190} INFO - [2025-11-01T12:49:12.098+0000] {dag.py:3239} INFO - Sync 1 DAGs
[2025-11-01T12:49:12.114+0000] {logging_mixin.py:190} INFO - [2025-11-01T12:49:12.114+0000] {dag.py:4180} INFO - Setting next_dagrun for example_conf_dag to None, run_after=None
[2025-11-01T12:49:12.138+0000] {processor.py:208} INFO - Processing /opt/airflow/dags/dag_conf_check.py took 0.106 seconds
[2025-11-01T12:49:42.461+0000] {processor.py:186} INFO - Started process (PID=943) to work on /opt/airflow/dags/dag_conf_check.py
[2025-11-01T12:49:42.462+0000] {processor.py:914} INFO - Processing file /opt/airflow/dags/dag_conf_check.py for tasks to queue
[2025-11-01T12:49:42.466+0000] {logging_mixin.py:190} INFO - [2025-11-01T12:49:42.466+0000] {dagbag.py:588} INFO - Filling up the DagBag from /opt/airflow/dags/dag_conf_check.py
[2025-11-01T12:49:42.490+0000] {processor.py:925} INFO - DAG(s) 'example_conf_dag' retrieved from /opt/airflow/dags/dag_conf_check.py
[2025-11-01T12:49:42.516+0000] {logging_mixin.py:190} INFO - [2025-11-01T12:49:42.516+0000] {dag.py:3239} INFO - Sync 1 DAGs
[2025-11-01T12:49:42.531+0000] {logging_mixin.py:190} INFO - [2025-11-01T12:49:42.531+0000] {dag.py:4180} INFO - Setting next_dagrun for example_conf_dag to None, run_after=None
[2025-11-01T12:49:42.554+0000] {processor.py:208} INFO - Processing /opt/airflow/dags/dag_conf_check.py took 0.101 seconds
[2025-11-01T12:50:13.346+0000] {processor.py:186} INFO - Started process (PID=1018) to work on /opt/airflow/dags/dag_conf_check.py
[2025-11-01T12:50:13.347+0000] {processor.py:914} INFO - Processing file /opt/airflow/dags/dag_conf_check.py for tasks to queue
[2025-11-01T12:50:13.351+0000] {logging_mixin.py:190} INFO - [2025-11-01T12:50:13.350+0000] {dagbag.py:588} INFO - Filling up the DagBag from /opt/airflow/dags/dag_conf_check.py
[2025-11-01T12:50:13.376+0000] {processor.py:925} INFO - DAG(s) 'example_conf_dag' retrieved from /opt/airflow/dags/dag_conf_check.py
[2025-11-01T12:50:13.401+0000] {logging_mixin.py:190} INFO - [2025-11-01T12:50:13.401+0000] {dag.py:3239} INFO - Sync 1 DAGs
[2025-11-01T12:50:13.417+0000] {logging_mixin.py:190} INFO - [2025-11-01T12:50:13.417+0000] {dag.py:4180} INFO - Setting next_dagrun for example_conf_dag to None, run_after=None
[2025-11-01T12:50:13.440+0000] {processor.py:208} INFO - Processing /opt/airflow/dags/dag_conf_check.py took 0.102 seconds
[2025-11-01T12:50:44.119+0000] {processor.py:186} INFO - Started process (PID=1089) to work on /opt/airflow/dags/dag_conf_check.py
[2025-11-01T12:50:44.120+0000] {processor.py:914} INFO - Processing file /opt/airflow/dags/dag_conf_check.py for tasks to queue
[2025-11-01T12:50:44.125+0000] {logging_mixin.py:190} INFO - [2025-11-01T12:50:44.124+0000] {dagbag.py:588} INFO - Filling up the DagBag from /opt/airflow/dags/dag_conf_check.py
[2025-11-01T12:50:44.147+0000] {processor.py:925} INFO - DAG(s) 'example_conf_dag' retrieved from /opt/airflow/dags/dag_conf_check.py
[2025-11-01T12:50:44.172+0000] {logging_mixin.py:190} INFO - [2025-11-01T12:50:44.171+0000] {dag.py:3239} INFO - Sync 1 DAGs
[2025-11-01T12:50:44.276+0000] {logging_mixin.py:190} INFO - [2025-11-01T12:50:44.275+0000] {dag.py:4180} INFO - Setting next_dagrun for example_conf_dag to None, run_after=None
[2025-11-01T12:50:44.302+0000] {processor.py:208} INFO - Processing /opt/airflow/dags/dag_conf_check.py took 0.191 seconds
[2025-11-01T12:51:14.618+0000] {processor.py:186} INFO - Started process (PID=1160) to work on /opt/airflow/dags/dag_conf_check.py
[2025-11-01T12:51:14.620+0000] {processor.py:914} INFO - Processing file /opt/airflow/dags/dag_conf_check.py for tasks to queue
[2025-11-01T12:51:14.624+0000] {logging_mixin.py:190} INFO - [2025-11-01T12:51:14.624+0000] {dagbag.py:588} INFO - Filling up the DagBag from /opt/airflow/dags/dag_conf_check.py
[2025-11-01T12:51:14.649+0000] {processor.py:925} INFO - DAG(s) 'example_conf_dag' retrieved from /opt/airflow/dags/dag_conf_check.py
[2025-11-01T12:51:14.676+0000] {logging_mixin.py:190} INFO - [2025-11-01T12:51:14.675+0000] {dag.py:3239} INFO - Sync 1 DAGs
[2025-11-01T12:51:14.694+0000] {logging_mixin.py:190} INFO - [2025-11-01T12:51:14.693+0000] {dag.py:4180} INFO - Setting next_dagrun for example_conf_dag to None, run_after=None
[2025-11-01T12:51:14.716+0000] {processor.py:208} INFO - Processing /opt/airflow/dags/dag_conf_check.py took 0.106 seconds
[2025-11-01T12:51:45.294+0000] {processor.py:186} INFO - Started process (PID=1231) to work on /opt/airflow/dags/dag_conf_check.py
[2025-11-01T12:51:45.295+0000] {processor.py:914} INFO - Processing file /opt/airflow/dags/dag_conf_check.py for tasks to queue
[2025-11-01T12:51:45.300+0000] {logging_mixin.py:190} INFO - [2025-11-01T12:51:45.300+0000] {dagbag.py:588} INFO - Filling up the DagBag from /opt/airflow/dags/dag_conf_check.py
[2025-11-01T12:51:45.338+0000] {processor.py:925} INFO - DAG(s) 'example_conf_dag' retrieved from /opt/airflow/dags/dag_conf_check.py
[2025-11-01T12:51:45.365+0000] {logging_mixin.py:190} INFO - [2025-11-01T12:51:45.364+0000] {dag.py:3239} INFO - Sync 1 DAGs
[2025-11-01T12:51:45.386+0000] {logging_mixin.py:190} INFO - [2025-11-01T12:51:45.386+0000] {dag.py:4180} INFO - Setting next_dagrun for example_conf_dag to None, run_after=None
[2025-11-01T12:51:45.413+0000] {processor.py:208} INFO - Processing /opt/airflow/dags/dag_conf_check.py took 0.130 seconds
[2025-11-01T12:52:15.590+0000] {processor.py:186} INFO - Started process (PID=1302) to work on /opt/airflow/dags/dag_conf_check.py
[2025-11-01T12:52:15.592+0000] {processor.py:914} INFO - Processing file /opt/airflow/dags/dag_conf_check.py for tasks to queue
[2025-11-01T12:52:15.597+0000] {logging_mixin.py:190} INFO - [2025-11-01T12:52:15.596+0000] {dagbag.py:588} INFO - Filling up the DagBag from /opt/airflow/dags/dag_conf_check.py
[2025-11-01T12:52:15.631+0000] {processor.py:925} INFO - DAG(s) 'example_conf_dag' retrieved from /opt/airflow/dags/dag_conf_check.py
[2025-11-01T12:52:15.670+0000] {logging_mixin.py:190} INFO - [2025-11-01T12:52:15.669+0000] {dag.py:3239} INFO - Sync 1 DAGs
[2025-11-01T12:52:15.694+0000] {logging_mixin.py:190} INFO - [2025-11-01T12:52:15.694+0000] {dag.py:4180} INFO - Setting next_dagrun for example_conf_dag to None, run_after=None
[2025-11-01T12:52:15.725+0000] {processor.py:208} INFO - Processing /opt/airflow/dags/dag_conf_check.py took 0.146 seconds
[2025-11-01T12:52:45.849+0000] {processor.py:186} INFO - Started process (PID=1373) to work on /opt/airflow/dags/dag_conf_check.py
[2025-11-01T12:52:45.850+0000] {processor.py:914} INFO - Processing file /opt/airflow/dags/dag_conf_check.py for tasks to queue
[2025-11-01T12:52:45.854+0000] {logging_mixin.py:190} INFO - [2025-11-01T12:52:45.853+0000] {dagbag.py:588} INFO - Filling up the DagBag from /opt/airflow/dags/dag_conf_check.py
[2025-11-01T12:52:45.878+0000] {processor.py:925} INFO - DAG(s) 'example_conf_dag' retrieved from /opt/airflow/dags/dag_conf_check.py
[2025-11-01T12:52:45.906+0000] {logging_mixin.py:190} INFO - [2025-11-01T12:52:45.905+0000] {dag.py:3239} INFO - Sync 1 DAGs
[2025-11-01T12:52:45.924+0000] {logging_mixin.py:190} INFO - [2025-11-01T12:52:45.924+0000] {dag.py:4180} INFO - Setting next_dagrun for example_conf_dag to None, run_after=None
[2025-11-01T12:52:45.953+0000] {processor.py:208} INFO - Processing /opt/airflow/dags/dag_conf_check.py took 0.112 seconds
[2025-11-01T12:53:16.071+0000] {processor.py:186} INFO - Started process (PID=1444) to work on /opt/airflow/dags/dag_conf_check.py
[2025-11-01T12:53:16.073+0000] {processor.py:914} INFO - Processing file /opt/airflow/dags/dag_conf_check.py for tasks to queue
[2025-11-01T12:53:16.077+0000] {logging_mixin.py:190} INFO - [2025-11-01T12:53:16.076+0000] {dagbag.py:588} INFO - Filling up the DagBag from /opt/airflow/dags/dag_conf_check.py
[2025-11-01T12:53:16.099+0000] {processor.py:925} INFO - DAG(s) 'example_conf_dag' retrieved from /opt/airflow/dags/dag_conf_check.py
[2025-11-01T12:53:16.127+0000] {logging_mixin.py:190} INFO - [2025-11-01T12:53:16.126+0000] {dag.py:3239} INFO - Sync 1 DAGs
[2025-11-01T12:53:16.143+0000] {logging_mixin.py:190} INFO - [2025-11-01T12:53:16.143+0000] {dag.py:4180} INFO - Setting next_dagrun for example_conf_dag to None, run_after=None
[2025-11-01T12:53:16.168+0000] {processor.py:208} INFO - Processing /opt/airflow/dags/dag_conf_check.py took 0.104 seconds
[2025-11-01T12:53:46.562+0000] {processor.py:186} INFO - Started process (PID=1515) to work on /opt/airflow/dags/dag_conf_check.py
[2025-11-01T12:53:46.563+0000] {processor.py:914} INFO - Processing file /opt/airflow/dags/dag_conf_check.py for tasks to queue
[2025-11-01T12:53:46.568+0000] {logging_mixin.py:190} INFO - [2025-11-01T12:53:46.567+0000] {dagbag.py:588} INFO - Filling up the DagBag from /opt/airflow/dags/dag_conf_check.py
[2025-11-01T12:53:46.594+0000] {processor.py:925} INFO - DAG(s) 'example_conf_dag' retrieved from /opt/airflow/dags/dag_conf_check.py
[2025-11-01T12:53:46.621+0000] {logging_mixin.py:190} INFO - [2025-11-01T12:53:46.620+0000] {dag.py:3239} INFO - Sync 1 DAGs
[2025-11-01T12:53:46.639+0000] {logging_mixin.py:190} INFO - [2025-11-01T12:53:46.639+0000] {dag.py:4180} INFO - Setting next_dagrun for example_conf_dag to None, run_after=None
[2025-11-01T12:53:46.666+0000] {processor.py:208} INFO - Processing /opt/airflow/dags/dag_conf_check.py took 0.113 seconds
[2025-11-01T12:54:17.155+0000] {processor.py:186} INFO - Started process (PID=1587) to work on /opt/airflow/dags/dag_conf_check.py
[2025-11-01T12:54:17.156+0000] {processor.py:914} INFO - Processing file /opt/airflow/dags/dag_conf_check.py for tasks to queue
[2025-11-01T12:54:17.161+0000] {logging_mixin.py:190} INFO - [2025-11-01T12:54:17.160+0000] {dagbag.py:588} INFO - Filling up the DagBag from /opt/airflow/dags/dag_conf_check.py
[2025-11-01T12:54:17.190+0000] {processor.py:925} INFO - DAG(s) 'example_conf_dag' retrieved from /opt/airflow/dags/dag_conf_check.py
[2025-11-01T12:54:17.224+0000] {logging_mixin.py:190} INFO - [2025-11-01T12:54:17.223+0000] {dag.py:3239} INFO - Sync 1 DAGs
[2025-11-01T12:54:17.246+0000] {logging_mixin.py:190} INFO - [2025-11-01T12:54:17.245+0000] {dag.py:4180} INFO - Setting next_dagrun for example_conf_dag to None, run_after=None
[2025-11-01T12:54:17.272+0000] {processor.py:208} INFO - Processing /opt/airflow/dags/dag_conf_check.py took 0.125 seconds
[2025-11-01T12:54:47.669+0000] {processor.py:186} INFO - Started process (PID=1658) to work on /opt/airflow/dags/dag_conf_check.py
[2025-11-01T12:54:47.671+0000] {processor.py:914} INFO - Processing file /opt/airflow/dags/dag_conf_check.py for tasks to queue
[2025-11-01T12:54:47.675+0000] {logging_mixin.py:190} INFO - [2025-11-01T12:54:47.674+0000] {dagbag.py:588} INFO - Filling up the DagBag from /opt/airflow/dags/dag_conf_check.py
[2025-11-01T12:54:47.697+0000] {processor.py:925} INFO - DAG(s) 'example_conf_dag' retrieved from /opt/airflow/dags/dag_conf_check.py
[2025-11-01T12:54:47.729+0000] {logging_mixin.py:190} INFO - [2025-11-01T12:54:47.728+0000] {dag.py:3239} INFO - Sync 1 DAGs
[2025-11-01T12:54:47.745+0000] {logging_mixin.py:190} INFO - [2025-11-01T12:54:47.745+0000] {dag.py:4180} INFO - Setting next_dagrun for example_conf_dag to None, run_after=None
[2025-11-01T12:54:47.773+0000] {processor.py:208} INFO - Processing /opt/airflow/dags/dag_conf_check.py took 0.112 seconds
[2025-11-01T12:55:17.982+0000] {processor.py:186} INFO - Started process (PID=1729) to work on /opt/airflow/dags/dag_conf_check.py
[2025-11-01T12:55:17.983+0000] {processor.py:914} INFO - Processing file /opt/airflow/dags/dag_conf_check.py for tasks to queue
[2025-11-01T12:55:17.987+0000] {logging_mixin.py:190} INFO - [2025-11-01T12:55:17.987+0000] {dagbag.py:588} INFO - Filling up the DagBag from /opt/airflow/dags/dag_conf_check.py
[2025-11-01T12:55:18.010+0000] {processor.py:925} INFO - DAG(s) 'example_conf_dag' retrieved from /opt/airflow/dags/dag_conf_check.py
[2025-11-01T12:55:18.043+0000] {logging_mixin.py:190} INFO - [2025-11-01T12:55:18.042+0000] {dag.py:3239} INFO - Sync 1 DAGs
[2025-11-01T12:55:18.062+0000] {logging_mixin.py:190} INFO - [2025-11-01T12:55:18.062+0000] {dag.py:4180} INFO - Setting next_dagrun for example_conf_dag to None, run_after=None
[2025-11-01T12:55:18.089+0000] {processor.py:208} INFO - Processing /opt/airflow/dags/dag_conf_check.py took 0.114 seconds
[2025-11-01T12:55:48.369+0000] {processor.py:186} INFO - Started process (PID=1800) to work on /opt/airflow/dags/dag_conf_check.py
[2025-11-01T12:55:48.372+0000] {processor.py:914} INFO - Processing file /opt/airflow/dags/dag_conf_check.py for tasks to queue
[2025-11-01T12:55:48.378+0000] {logging_mixin.py:190} INFO - [2025-11-01T12:55:48.378+0000] {dagbag.py:588} INFO - Filling up the DagBag from /opt/airflow/dags/dag_conf_check.py
[2025-11-01T12:55:48.405+0000] {processor.py:925} INFO - DAG(s) 'example_conf_dag' retrieved from /opt/airflow/dags/dag_conf_check.py
[2025-11-01T12:55:48.435+0000] {logging_mixin.py:190} INFO - [2025-11-01T12:55:48.434+0000] {dag.py:3239} INFO - Sync 1 DAGs
[2025-11-01T12:55:48.456+0000] {logging_mixin.py:190} INFO - [2025-11-01T12:55:48.455+0000] {dag.py:4180} INFO - Setting next_dagrun for example_conf_dag to None, run_after=None
[2025-11-01T12:55:48.481+0000] {processor.py:208} INFO - Processing /opt/airflow/dags/dag_conf_check.py took 0.121 seconds
[2025-11-01T12:56:18.582+0000] {processor.py:186} INFO - Started process (PID=1871) to work on /opt/airflow/dags/dag_conf_check.py
[2025-11-01T12:56:18.583+0000] {processor.py:914} INFO - Processing file /opt/airflow/dags/dag_conf_check.py for tasks to queue
[2025-11-01T12:56:18.588+0000] {logging_mixin.py:190} INFO - [2025-11-01T12:56:18.587+0000] {dagbag.py:588} INFO - Filling up the DagBag from /opt/airflow/dags/dag_conf_check.py
[2025-11-01T12:56:18.614+0000] {processor.py:925} INFO - DAG(s) 'example_conf_dag' retrieved from /opt/airflow/dags/dag_conf_check.py
[2025-11-01T12:56:18.644+0000] {logging_mixin.py:190} INFO - [2025-11-01T12:56:18.644+0000] {dag.py:3239} INFO - Sync 1 DAGs
[2025-11-01T12:56:18.663+0000] {logging_mixin.py:190} INFO - [2025-11-01T12:56:18.663+0000] {dag.py:4180} INFO - Setting next_dagrun for example_conf_dag to None, run_after=None
[2025-11-01T12:56:18.687+0000] {processor.py:208} INFO - Processing /opt/airflow/dags/dag_conf_check.py took 0.113 seconds
[2025-11-01T12:56:49.142+0000] {processor.py:186} INFO - Started process (PID=1942) to work on /opt/airflow/dags/dag_conf_check.py
[2025-11-01T12:56:49.143+0000] {processor.py:914} INFO - Processing file /opt/airflow/dags/dag_conf_check.py for tasks to queue
[2025-11-01T12:56:49.147+0000] {logging_mixin.py:190} INFO - [2025-11-01T12:56:49.147+0000] {dagbag.py:588} INFO - Filling up the DagBag from /opt/airflow/dags/dag_conf_check.py
[2025-11-01T12:56:49.170+0000] {processor.py:925} INFO - DAG(s) 'example_conf_dag' retrieved from /opt/airflow/dags/dag_conf_check.py
[2025-11-01T12:56:49.194+0000] {logging_mixin.py:190} INFO - [2025-11-01T12:56:49.193+0000] {dag.py:3239} INFO - Sync 1 DAGs
[2025-11-01T12:56:49.210+0000] {logging_mixin.py:190} INFO - [2025-11-01T12:56:49.210+0000] {dag.py:4180} INFO - Setting next_dagrun for example_conf_dag to None, run_after=None
[2025-11-01T12:56:49.233+0000] {processor.py:208} INFO - Processing /opt/airflow/dags/dag_conf_check.py took 0.100 seconds
