[2025-11-01T12:43:36.019+0000] {processor.py:186} INFO - Started process (PID=99) to work on /opt/airflow/dags/dataproc_job_execution.py
[2025-11-01T12:43:36.020+0000] {processor.py:914} INFO - Processing file /opt/airflow/dags/dataproc_job_execution.py for tasks to queue
[2025-11-01T12:43:36.024+0000] {logging_mixin.py:190} INFO - [2025-11-01T12:43:36.024+0000] {dagbag.py:588} INFO - Filling up the DagBag from /opt/airflow/dags/dataproc_job_execution.py
[2025-11-01T12:43:36.057+0000] {processor.py:925} INFO - DAG(s) 'dataproc_job_execution' retrieved from /opt/airflow/dags/dataproc_job_execution.py
[2025-11-01T12:43:36.277+0000] {logging_mixin.py:190} INFO - [2025-11-01T12:43:36.276+0000] {override.py:1911} INFO - Created Permission View: can delete on DAG:dataproc_job_execution
[2025-11-01T12:43:36.300+0000] {logging_mixin.py:190} INFO - [2025-11-01T12:43:36.299+0000] {override.py:1911} INFO - Created Permission View: can edit on DAG:dataproc_job_execution
[2025-11-01T12:43:36.317+0000] {logging_mixin.py:190} INFO - [2025-11-01T12:43:36.316+0000] {override.py:1911} INFO - Created Permission View: can read on DAG:dataproc_job_execution
[2025-11-01T12:43:36.338+0000] {logging_mixin.py:190} INFO - [2025-11-01T12:43:36.336+0000] {override.py:1911} INFO - Created Permission View: menu access on DAG Run:dataproc_job_execution
[2025-11-01T12:43:36.358+0000] {logging_mixin.py:190} INFO - [2025-11-01T12:43:36.357+0000] {override.py:1911} INFO - Created Permission View: can delete on DAG Run:dataproc_job_execution
[2025-11-01T12:43:36.374+0000] {logging_mixin.py:190} INFO - [2025-11-01T12:43:36.373+0000] {override.py:1911} INFO - Created Permission View: can create on DAG Run:dataproc_job_execution
[2025-11-01T12:43:36.393+0000] {logging_mixin.py:190} INFO - [2025-11-01T12:43:36.392+0000] {override.py:1911} INFO - Created Permission View: can read on DAG Run:dataproc_job_execution
[2025-11-01T12:43:36.395+0000] {logging_mixin.py:190} INFO - [2025-11-01T12:43:36.394+0000] {dag.py:3239} INFO - Sync 1 DAGs
[2025-11-01T12:43:36.425+0000] {logging_mixin.py:190} INFO - [2025-11-01T12:43:36.424+0000] {dag.py:3262} INFO - Creating ORM DAG for dataproc_job_execution
[2025-11-01T12:43:36.427+0000] {logging_mixin.py:190} INFO - [2025-11-01T12:43:36.427+0000] {dag.py:4180} INFO - Setting next_dagrun for dataproc_job_execution to None, run_after=None
[2025-11-01T12:43:36.492+0000] {processor.py:208} INFO - Processing /opt/airflow/dags/dataproc_job_execution.py took 0.480 seconds
[2025-11-01T12:44:07.070+0000] {processor.py:186} INFO - Started process (PID=169) to work on /opt/airflow/dags/dataproc_job_execution.py
[2025-11-01T12:44:07.071+0000] {processor.py:914} INFO - Processing file /opt/airflow/dags/dataproc_job_execution.py for tasks to queue
[2025-11-01T12:44:07.074+0000] {logging_mixin.py:190} INFO - [2025-11-01T12:44:07.074+0000] {dagbag.py:588} INFO - Filling up the DagBag from /opt/airflow/dags/dataproc_job_execution.py
[2025-11-01T12:44:07.103+0000] {processor.py:925} INFO - DAG(s) 'dataproc_job_execution' retrieved from /opt/airflow/dags/dataproc_job_execution.py
[2025-11-01T12:44:07.138+0000] {logging_mixin.py:190} INFO - [2025-11-01T12:44:07.138+0000] {dag.py:3239} INFO - Sync 1 DAGs
[2025-11-01T12:44:07.160+0000] {logging_mixin.py:190} INFO - [2025-11-01T12:44:07.160+0000] {dag.py:4180} INFO - Setting next_dagrun for dataproc_job_execution to None, run_after=None
[2025-11-01T12:44:07.186+0000] {processor.py:208} INFO - Processing /opt/airflow/dags/dataproc_job_execution.py took 0.124 seconds
[2025-11-01T12:44:38.065+0000] {processor.py:186} INFO - Started process (PID=239) to work on /opt/airflow/dags/dataproc_job_execution.py
[2025-11-01T12:44:38.066+0000] {processor.py:914} INFO - Processing file /opt/airflow/dags/dataproc_job_execution.py for tasks to queue
[2025-11-01T12:44:38.069+0000] {logging_mixin.py:190} INFO - [2025-11-01T12:44:38.069+0000] {dagbag.py:588} INFO - Filling up the DagBag from /opt/airflow/dags/dataproc_job_execution.py
[2025-11-01T12:44:38.093+0000] {processor.py:925} INFO - DAG(s) 'dataproc_job_execution' retrieved from /opt/airflow/dags/dataproc_job_execution.py
[2025-11-01T12:44:38.118+0000] {logging_mixin.py:190} INFO - [2025-11-01T12:44:38.118+0000] {dag.py:3239} INFO - Sync 1 DAGs
[2025-11-01T12:44:38.135+0000] {logging_mixin.py:190} INFO - [2025-11-01T12:44:38.134+0000] {dag.py:4180} INFO - Setting next_dagrun for dataproc_job_execution to None, run_after=None
[2025-11-01T12:44:38.159+0000] {processor.py:208} INFO - Processing /opt/airflow/dags/dataproc_job_execution.py took 0.101 seconds
[2025-11-01T12:45:08.945+0000] {processor.py:186} INFO - Started process (PID=309) to work on /opt/airflow/dags/dataproc_job_execution.py
[2025-11-01T12:45:08.947+0000] {processor.py:914} INFO - Processing file /opt/airflow/dags/dataproc_job_execution.py for tasks to queue
[2025-11-01T12:45:08.950+0000] {logging_mixin.py:190} INFO - [2025-11-01T12:45:08.950+0000] {dagbag.py:588} INFO - Filling up the DagBag from /opt/airflow/dags/dataproc_job_execution.py
[2025-11-01T12:45:08.979+0000] {processor.py:925} INFO - DAG(s) 'dataproc_job_execution' retrieved from /opt/airflow/dags/dataproc_job_execution.py
[2025-11-01T12:45:09.007+0000] {logging_mixin.py:190} INFO - [2025-11-01T12:45:09.007+0000] {dag.py:3239} INFO - Sync 1 DAGs
[2025-11-01T12:45:09.025+0000] {logging_mixin.py:190} INFO - [2025-11-01T12:45:09.024+0000] {dag.py:4180} INFO - Setting next_dagrun for dataproc_job_execution to None, run_after=None
[2025-11-01T12:45:09.048+0000] {processor.py:208} INFO - Processing /opt/airflow/dags/dataproc_job_execution.py took 0.111 seconds
[2025-11-01T12:45:39.374+0000] {processor.py:186} INFO - Started process (PID=380) to work on /opt/airflow/dags/dataproc_job_execution.py
[2025-11-01T12:45:39.376+0000] {processor.py:914} INFO - Processing file /opt/airflow/dags/dataproc_job_execution.py for tasks to queue
[2025-11-01T12:45:39.381+0000] {logging_mixin.py:190} INFO - [2025-11-01T12:45:39.381+0000] {dagbag.py:588} INFO - Filling up the DagBag from /opt/airflow/dags/dataproc_job_execution.py
[2025-11-01T12:45:39.428+0000] {processor.py:925} INFO - DAG(s) 'dataproc_job_execution' retrieved from /opt/airflow/dags/dataproc_job_execution.py
[2025-11-01T12:45:39.488+0000] {logging_mixin.py:190} INFO - [2025-11-01T12:45:39.487+0000] {dag.py:3239} INFO - Sync 1 DAGs
[2025-11-01T12:45:39.527+0000] {logging_mixin.py:190} INFO - [2025-11-01T12:45:39.527+0000] {dag.py:4180} INFO - Setting next_dagrun for dataproc_job_execution to None, run_after=None
[2025-11-01T12:45:39.559+0000] {processor.py:208} INFO - Processing /opt/airflow/dags/dataproc_job_execution.py took 0.196 seconds
[2025-11-01T12:46:10.011+0000] {processor.py:186} INFO - Started process (PID=450) to work on /opt/airflow/dags/dataproc_job_execution.py
[2025-11-01T12:46:10.012+0000] {processor.py:914} INFO - Processing file /opt/airflow/dags/dataproc_job_execution.py for tasks to queue
[2025-11-01T12:46:10.015+0000] {logging_mixin.py:190} INFO - [2025-11-01T12:46:10.015+0000] {dagbag.py:588} INFO - Filling up the DagBag from /opt/airflow/dags/dataproc_job_execution.py
[2025-11-01T12:46:10.044+0000] {processor.py:925} INFO - DAG(s) 'dataproc_job_execution' retrieved from /opt/airflow/dags/dataproc_job_execution.py
[2025-11-01T12:46:10.070+0000] {logging_mixin.py:190} INFO - [2025-11-01T12:46:10.069+0000] {dag.py:3239} INFO - Sync 1 DAGs
[2025-11-01T12:46:10.086+0000] {logging_mixin.py:190} INFO - [2025-11-01T12:46:10.086+0000] {dag.py:4180} INFO - Setting next_dagrun for dataproc_job_execution to None, run_after=None
[2025-11-01T12:46:10.110+0000] {processor.py:208} INFO - Processing /opt/airflow/dags/dataproc_job_execution.py took 0.107 seconds
[2025-11-01T12:46:40.483+0000] {processor.py:186} INFO - Started process (PID=520) to work on /opt/airflow/dags/dataproc_job_execution.py
[2025-11-01T12:46:40.485+0000] {processor.py:914} INFO - Processing file /opt/airflow/dags/dataproc_job_execution.py for tasks to queue
[2025-11-01T12:46:40.492+0000] {logging_mixin.py:190} INFO - [2025-11-01T12:46:40.492+0000] {dagbag.py:588} INFO - Filling up the DagBag from /opt/airflow/dags/dataproc_job_execution.py
[2025-11-01T12:46:40.545+0000] {processor.py:925} INFO - DAG(s) 'dataproc_job_execution' retrieved from /opt/airflow/dags/dataproc_job_execution.py
[2025-11-01T12:46:40.603+0000] {logging_mixin.py:190} INFO - [2025-11-01T12:46:40.603+0000] {dag.py:3239} INFO - Sync 1 DAGs
[2025-11-01T12:46:40.630+0000] {logging_mixin.py:190} INFO - [2025-11-01T12:46:40.629+0000] {dag.py:4180} INFO - Setting next_dagrun for dataproc_job_execution to None, run_after=None
[2025-11-01T12:46:40.665+0000] {processor.py:208} INFO - Processing /opt/airflow/dags/dataproc_job_execution.py took 0.196 seconds
[2025-11-01T12:47:11.284+0000] {processor.py:186} INFO - Started process (PID=590) to work on /opt/airflow/dags/dataproc_job_execution.py
[2025-11-01T12:47:11.286+0000] {processor.py:914} INFO - Processing file /opt/airflow/dags/dataproc_job_execution.py for tasks to queue
[2025-11-01T12:47:11.289+0000] {logging_mixin.py:190} INFO - [2025-11-01T12:47:11.288+0000] {dagbag.py:588} INFO - Filling up the DagBag from /opt/airflow/dags/dataproc_job_execution.py
[2025-11-01T12:47:11.314+0000] {processor.py:925} INFO - DAG(s) 'dataproc_job_execution' retrieved from /opt/airflow/dags/dataproc_job_execution.py
[2025-11-01T12:47:11.341+0000] {logging_mixin.py:190} INFO - [2025-11-01T12:47:11.340+0000] {dag.py:3239} INFO - Sync 1 DAGs
[2025-11-01T12:47:11.358+0000] {logging_mixin.py:190} INFO - [2025-11-01T12:47:11.357+0000] {dag.py:4180} INFO - Setting next_dagrun for dataproc_job_execution to None, run_after=None
[2025-11-01T12:47:11.382+0000] {processor.py:208} INFO - Processing /opt/airflow/dags/dataproc_job_execution.py took 0.105 seconds
[2025-11-01T12:47:41.580+0000] {processor.py:186} INFO - Started process (PID=660) to work on /opt/airflow/dags/dataproc_job_execution.py
[2025-11-01T12:47:41.581+0000] {processor.py:914} INFO - Processing file /opt/airflow/dags/dataproc_job_execution.py for tasks to queue
[2025-11-01T12:47:41.586+0000] {logging_mixin.py:190} INFO - [2025-11-01T12:47:41.585+0000] {dagbag.py:588} INFO - Filling up the DagBag from /opt/airflow/dags/dataproc_job_execution.py
[2025-11-01T12:47:41.617+0000] {processor.py:925} INFO - DAG(s) 'dataproc_job_execution' retrieved from /opt/airflow/dags/dataproc_job_execution.py
[2025-11-01T12:47:41.649+0000] {logging_mixin.py:190} INFO - [2025-11-01T12:47:41.649+0000] {dag.py:3239} INFO - Sync 1 DAGs
[2025-11-01T12:47:41.666+0000] {logging_mixin.py:190} INFO - [2025-11-01T12:47:41.666+0000] {dag.py:4180} INFO - Setting next_dagrun for dataproc_job_execution to None, run_after=None
[2025-11-01T12:47:41.689+0000] {processor.py:208} INFO - Processing /opt/airflow/dags/dataproc_job_execution.py took 0.118 seconds
[2025-11-01T12:48:12.280+0000] {processor.py:186} INFO - Started process (PID=730) to work on /opt/airflow/dags/dataproc_job_execution.py
[2025-11-01T12:48:12.281+0000] {processor.py:914} INFO - Processing file /opt/airflow/dags/dataproc_job_execution.py for tasks to queue
[2025-11-01T12:48:12.285+0000] {logging_mixin.py:190} INFO - [2025-11-01T12:48:12.284+0000] {dagbag.py:588} INFO - Filling up the DagBag from /opt/airflow/dags/dataproc_job_execution.py
[2025-11-01T12:48:12.310+0000] {processor.py:925} INFO - DAG(s) 'dataproc_job_execution' retrieved from /opt/airflow/dags/dataproc_job_execution.py
[2025-11-01T12:48:12.336+0000] {logging_mixin.py:190} INFO - [2025-11-01T12:48:12.335+0000] {dag.py:3239} INFO - Sync 1 DAGs
[2025-11-01T12:48:12.352+0000] {logging_mixin.py:190} INFO - [2025-11-01T12:48:12.351+0000] {dag.py:4180} INFO - Setting next_dagrun for dataproc_job_execution to None, run_after=None
[2025-11-01T12:48:12.376+0000] {processor.py:208} INFO - Processing /opt/airflow/dags/dataproc_job_execution.py took 0.103 seconds
[2025-11-01T12:48:42.963+0000] {processor.py:186} INFO - Started process (PID=801) to work on /opt/airflow/dags/dataproc_job_execution.py
[2025-11-01T12:48:42.965+0000] {processor.py:914} INFO - Processing file /opt/airflow/dags/dataproc_job_execution.py for tasks to queue
[2025-11-01T12:48:42.968+0000] {logging_mixin.py:190} INFO - [2025-11-01T12:48:42.968+0000] {dagbag.py:588} INFO - Filling up the DagBag from /opt/airflow/dags/dataproc_job_execution.py
[2025-11-01T12:48:42.998+0000] {processor.py:925} INFO - DAG(s) 'dataproc_job_execution' retrieved from /opt/airflow/dags/dataproc_job_execution.py
[2025-11-01T12:48:43.024+0000] {logging_mixin.py:190} INFO - [2025-11-01T12:48:43.024+0000] {dag.py:3239} INFO - Sync 1 DAGs
[2025-11-01T12:48:43.040+0000] {logging_mixin.py:190} INFO - [2025-11-01T12:48:43.040+0000] {dag.py:4180} INFO - Setting next_dagrun for dataproc_job_execution to None, run_after=None
[2025-11-01T12:48:43.064+0000] {processor.py:208} INFO - Processing /opt/airflow/dags/dataproc_job_execution.py took 0.108 seconds
[2025-11-01T12:49:13.209+0000] {processor.py:186} INFO - Started process (PID=872) to work on /opt/airflow/dags/dataproc_job_execution.py
[2025-11-01T12:49:13.210+0000] {processor.py:914} INFO - Processing file /opt/airflow/dags/dataproc_job_execution.py for tasks to queue
[2025-11-01T12:49:13.213+0000] {logging_mixin.py:190} INFO - [2025-11-01T12:49:13.213+0000] {dagbag.py:588} INFO - Filling up the DagBag from /opt/airflow/dags/dataproc_job_execution.py
[2025-11-01T12:49:13.238+0000] {processor.py:925} INFO - DAG(s) 'dataproc_job_execution' retrieved from /opt/airflow/dags/dataproc_job_execution.py
[2025-11-01T12:49:13.266+0000] {logging_mixin.py:190} INFO - [2025-11-01T12:49:13.265+0000] {dag.py:3239} INFO - Sync 1 DAGs
[2025-11-01T12:49:13.281+0000] {logging_mixin.py:190} INFO - [2025-11-01T12:49:13.281+0000] {dag.py:4180} INFO - Setting next_dagrun for dataproc_job_execution to None, run_after=None
[2025-11-01T12:49:13.304+0000] {processor.py:208} INFO - Processing /opt/airflow/dags/dataproc_job_execution.py took 0.103 seconds
[2025-11-01T12:49:43.617+0000] {processor.py:186} INFO - Started process (PID=944) to work on /opt/airflow/dags/dataproc_job_execution.py
[2025-11-01T12:49:43.618+0000] {processor.py:914} INFO - Processing file /opt/airflow/dags/dataproc_job_execution.py for tasks to queue
[2025-11-01T12:49:43.622+0000] {logging_mixin.py:190} INFO - [2025-11-01T12:49:43.621+0000] {dagbag.py:588} INFO - Filling up the DagBag from /opt/airflow/dags/dataproc_job_execution.py
[2025-11-01T12:49:43.648+0000] {processor.py:925} INFO - DAG(s) 'dataproc_job_execution' retrieved from /opt/airflow/dags/dataproc_job_execution.py
[2025-11-01T12:49:43.677+0000] {logging_mixin.py:190} INFO - [2025-11-01T12:49:43.676+0000] {dag.py:3239} INFO - Sync 1 DAGs
[2025-11-01T12:49:43.692+0000] {logging_mixin.py:190} INFO - [2025-11-01T12:49:43.692+0000] {dag.py:4180} INFO - Setting next_dagrun for dataproc_job_execution to None, run_after=None
[2025-11-01T12:49:43.717+0000] {processor.py:208} INFO - Processing /opt/airflow/dags/dataproc_job_execution.py took 0.108 seconds
[2025-11-01T12:50:14.529+0000] {processor.py:186} INFO - Started process (PID=1019) to work on /opt/airflow/dags/dataproc_job_execution.py
[2025-11-01T12:50:14.531+0000] {processor.py:914} INFO - Processing file /opt/airflow/dags/dataproc_job_execution.py for tasks to queue
[2025-11-01T12:50:14.535+0000] {logging_mixin.py:190} INFO - [2025-11-01T12:50:14.535+0000] {dagbag.py:588} INFO - Filling up the DagBag from /opt/airflow/dags/dataproc_job_execution.py
[2025-11-01T12:50:14.569+0000] {processor.py:925} INFO - DAG(s) 'dataproc_job_execution' retrieved from /opt/airflow/dags/dataproc_job_execution.py
[2025-11-01T12:50:14.602+0000] {logging_mixin.py:190} INFO - [2025-11-01T12:50:14.602+0000] {dag.py:3239} INFO - Sync 1 DAGs
[2025-11-01T12:50:14.622+0000] {logging_mixin.py:190} INFO - [2025-11-01T12:50:14.621+0000] {dag.py:4180} INFO - Setting next_dagrun for dataproc_job_execution to None, run_after=None
[2025-11-01T12:50:14.650+0000] {processor.py:208} INFO - Processing /opt/airflow/dags/dataproc_job_execution.py took 0.134 seconds
[2025-11-01T12:50:45.325+0000] {processor.py:186} INFO - Started process (PID=1090) to work on /opt/airflow/dags/dataproc_job_execution.py
[2025-11-01T12:50:45.326+0000] {processor.py:914} INFO - Processing file /opt/airflow/dags/dataproc_job_execution.py for tasks to queue
[2025-11-01T12:50:45.330+0000] {logging_mixin.py:190} INFO - [2025-11-01T12:50:45.329+0000] {dagbag.py:588} INFO - Filling up the DagBag from /opt/airflow/dags/dataproc_job_execution.py
[2025-11-01T12:50:45.354+0000] {processor.py:925} INFO - DAG(s) 'dataproc_job_execution' retrieved from /opt/airflow/dags/dataproc_job_execution.py
[2025-11-01T12:50:45.380+0000] {logging_mixin.py:190} INFO - [2025-11-01T12:50:45.379+0000] {dag.py:3239} INFO - Sync 1 DAGs
[2025-11-01T12:50:45.396+0000] {logging_mixin.py:190} INFO - [2025-11-01T12:50:45.396+0000] {dag.py:4180} INFO - Setting next_dagrun for dataproc_job_execution to None, run_after=None
[2025-11-01T12:50:45.419+0000] {processor.py:208} INFO - Processing /opt/airflow/dags/dataproc_job_execution.py took 0.101 seconds
[2025-11-01T12:51:15.782+0000] {processor.py:186} INFO - Started process (PID=1161) to work on /opt/airflow/dags/dataproc_job_execution.py
[2025-11-01T12:51:15.784+0000] {processor.py:914} INFO - Processing file /opt/airflow/dags/dataproc_job_execution.py for tasks to queue
[2025-11-01T12:51:15.787+0000] {logging_mixin.py:190} INFO - [2025-11-01T12:51:15.787+0000] {dagbag.py:588} INFO - Filling up the DagBag from /opt/airflow/dags/dataproc_job_execution.py
[2025-11-01T12:51:15.813+0000] {processor.py:925} INFO - DAG(s) 'dataproc_job_execution' retrieved from /opt/airflow/dags/dataproc_job_execution.py
[2025-11-01T12:51:15.840+0000] {logging_mixin.py:190} INFO - [2025-11-01T12:51:15.839+0000] {dag.py:3239} INFO - Sync 1 DAGs
[2025-11-01T12:51:15.856+0000] {logging_mixin.py:190} INFO - [2025-11-01T12:51:15.856+0000] {dag.py:4180} INFO - Setting next_dagrun for dataproc_job_execution to None, run_after=None
[2025-11-01T12:51:15.878+0000] {processor.py:208} INFO - Processing /opt/airflow/dags/dataproc_job_execution.py took 0.103 seconds
[2025-11-01T12:51:46.466+0000] {processor.py:186} INFO - Started process (PID=1232) to work on /opt/airflow/dags/dataproc_job_execution.py
[2025-11-01T12:51:46.468+0000] {processor.py:914} INFO - Processing file /opt/airflow/dags/dataproc_job_execution.py for tasks to queue
[2025-11-01T12:51:46.473+0000] {logging_mixin.py:190} INFO - [2025-11-01T12:51:46.473+0000] {dagbag.py:588} INFO - Filling up the DagBag from /opt/airflow/dags/dataproc_job_execution.py
[2025-11-01T12:51:46.506+0000] {processor.py:925} INFO - DAG(s) 'dataproc_job_execution' retrieved from /opt/airflow/dags/dataproc_job_execution.py
[2025-11-01T12:51:46.543+0000] {logging_mixin.py:190} INFO - [2025-11-01T12:51:46.542+0000] {dag.py:3239} INFO - Sync 1 DAGs
[2025-11-01T12:51:46.565+0000] {logging_mixin.py:190} INFO - [2025-11-01T12:51:46.565+0000] {dag.py:4180} INFO - Setting next_dagrun for dataproc_job_execution to None, run_after=None
[2025-11-01T12:51:46.590+0000] {processor.py:208} INFO - Processing /opt/airflow/dags/dataproc_job_execution.py took 0.134 seconds
[2025-11-01T12:52:16.796+0000] {processor.py:186} INFO - Started process (PID=1303) to work on /opt/airflow/dags/dataproc_job_execution.py
[2025-11-01T12:52:16.797+0000] {processor.py:914} INFO - Processing file /opt/airflow/dags/dataproc_job_execution.py for tasks to queue
[2025-11-01T12:52:16.801+0000] {logging_mixin.py:190} INFO - [2025-11-01T12:52:16.801+0000] {dagbag.py:588} INFO - Filling up the DagBag from /opt/airflow/dags/dataproc_job_execution.py
[2025-11-01T12:52:16.826+0000] {processor.py:925} INFO - DAG(s) 'dataproc_job_execution' retrieved from /opt/airflow/dags/dataproc_job_execution.py
[2025-11-01T12:52:16.854+0000] {logging_mixin.py:190} INFO - [2025-11-01T12:52:16.853+0000] {dag.py:3239} INFO - Sync 1 DAGs
[2025-11-01T12:52:16.871+0000] {logging_mixin.py:190} INFO - [2025-11-01T12:52:16.871+0000] {dag.py:4180} INFO - Setting next_dagrun for dataproc_job_execution to None, run_after=None
[2025-11-01T12:52:16.895+0000] {processor.py:208} INFO - Processing /opt/airflow/dags/dataproc_job_execution.py took 0.107 seconds
[2025-11-01T12:52:47.012+0000] {processor.py:186} INFO - Started process (PID=1374) to work on /opt/airflow/dags/dataproc_job_execution.py
[2025-11-01T12:52:47.014+0000] {processor.py:914} INFO - Processing file /opt/airflow/dags/dataproc_job_execution.py for tasks to queue
[2025-11-01T12:52:47.018+0000] {logging_mixin.py:190} INFO - [2025-11-01T12:52:47.018+0000] {dagbag.py:588} INFO - Filling up the DagBag from /opt/airflow/dags/dataproc_job_execution.py
[2025-11-01T12:52:47.047+0000] {processor.py:925} INFO - DAG(s) 'dataproc_job_execution' retrieved from /opt/airflow/dags/dataproc_job_execution.py
[2025-11-01T12:52:47.081+0000] {logging_mixin.py:190} INFO - [2025-11-01T12:52:47.080+0000] {dag.py:3239} INFO - Sync 1 DAGs
[2025-11-01T12:52:47.100+0000] {logging_mixin.py:190} INFO - [2025-11-01T12:52:47.100+0000] {dag.py:4180} INFO - Setting next_dagrun for dataproc_job_execution to None, run_after=None
[2025-11-01T12:52:47.122+0000] {processor.py:208} INFO - Processing /opt/airflow/dags/dataproc_job_execution.py took 0.120 seconds
[2025-11-01T12:53:17.226+0000] {processor.py:186} INFO - Started process (PID=1445) to work on /opt/airflow/dags/dataproc_job_execution.py
[2025-11-01T12:53:17.227+0000] {processor.py:914} INFO - Processing file /opt/airflow/dags/dataproc_job_execution.py for tasks to queue
[2025-11-01T12:53:17.231+0000] {logging_mixin.py:190} INFO - [2025-11-01T12:53:17.231+0000] {dagbag.py:588} INFO - Filling up the DagBag from /opt/airflow/dags/dataproc_job_execution.py
[2025-11-01T12:53:17.265+0000] {processor.py:925} INFO - DAG(s) 'dataproc_job_execution' retrieved from /opt/airflow/dags/dataproc_job_execution.py
[2025-11-01T12:53:17.310+0000] {logging_mixin.py:190} INFO - [2025-11-01T12:53:17.309+0000] {dag.py:3239} INFO - Sync 1 DAGs
[2025-11-01T12:53:17.334+0000] {logging_mixin.py:190} INFO - [2025-11-01T12:53:17.333+0000] {dag.py:4180} INFO - Setting next_dagrun for dataproc_job_execution to None, run_after=None
[2025-11-01T12:53:17.362+0000] {processor.py:208} INFO - Processing /opt/airflow/dags/dataproc_job_execution.py took 0.144 seconds
[2025-11-01T12:53:47.617+0000] {processor.py:186} INFO - Started process (PID=1516) to work on /opt/airflow/dags/dataproc_job_execution.py
[2025-11-01T12:53:47.619+0000] {processor.py:914} INFO - Processing file /opt/airflow/dags/dataproc_job_execution.py for tasks to queue
[2025-11-01T12:53:47.623+0000] {logging_mixin.py:190} INFO - [2025-11-01T12:53:47.623+0000] {dagbag.py:588} INFO - Filling up the DagBag from /opt/airflow/dags/dataproc_job_execution.py
[2025-11-01T12:53:47.658+0000] {processor.py:925} INFO - DAG(s) 'dataproc_job_execution' retrieved from /opt/airflow/dags/dataproc_job_execution.py
[2025-11-01T12:53:47.685+0000] {logging_mixin.py:190} INFO - [2025-11-01T12:53:47.684+0000] {dag.py:3239} INFO - Sync 1 DAGs
[2025-11-01T12:53:47.702+0000] {logging_mixin.py:190} INFO - [2025-11-01T12:53:47.701+0000] {dag.py:4180} INFO - Setting next_dagrun for dataproc_job_execution to None, run_after=None
[2025-11-01T12:53:47.734+0000] {processor.py:208} INFO - Processing /opt/airflow/dags/dataproc_job_execution.py took 0.126 seconds
[2025-11-01T12:54:18.359+0000] {processor.py:186} INFO - Started process (PID=1588) to work on /opt/airflow/dags/dataproc_job_execution.py
[2025-11-01T12:54:18.361+0000] {processor.py:914} INFO - Processing file /opt/airflow/dags/dataproc_job_execution.py for tasks to queue
[2025-11-01T12:54:18.365+0000] {logging_mixin.py:190} INFO - [2025-11-01T12:54:18.365+0000] {dagbag.py:588} INFO - Filling up the DagBag from /opt/airflow/dags/dataproc_job_execution.py
[2025-11-01T12:54:18.398+0000] {processor.py:925} INFO - DAG(s) 'dataproc_job_execution' retrieved from /opt/airflow/dags/dataproc_job_execution.py
[2025-11-01T12:54:18.437+0000] {logging_mixin.py:190} INFO - [2025-11-01T12:54:18.436+0000] {dag.py:3239} INFO - Sync 1 DAGs
[2025-11-01T12:54:18.469+0000] {logging_mixin.py:190} INFO - [2025-11-01T12:54:18.468+0000] {dag.py:4180} INFO - Setting next_dagrun for dataproc_job_execution to None, run_after=None
[2025-11-01T12:54:18.505+0000] {processor.py:208} INFO - Processing /opt/airflow/dags/dataproc_job_execution.py took 0.154 seconds
[2025-11-01T12:54:48.829+0000] {processor.py:186} INFO - Started process (PID=1659) to work on /opt/airflow/dags/dataproc_job_execution.py
[2025-11-01T12:54:48.832+0000] {processor.py:914} INFO - Processing file /opt/airflow/dags/dataproc_job_execution.py for tasks to queue
[2025-11-01T12:54:48.836+0000] {logging_mixin.py:190} INFO - [2025-11-01T12:54:48.835+0000] {dagbag.py:588} INFO - Filling up the DagBag from /opt/airflow/dags/dataproc_job_execution.py
[2025-11-01T12:54:48.866+0000] {processor.py:925} INFO - DAG(s) 'dataproc_job_execution' retrieved from /opt/airflow/dags/dataproc_job_execution.py
[2025-11-01T12:54:48.899+0000] {logging_mixin.py:190} INFO - [2025-11-01T12:54:48.898+0000] {dag.py:3239} INFO - Sync 1 DAGs
[2025-11-01T12:54:48.924+0000] {logging_mixin.py:190} INFO - [2025-11-01T12:54:48.923+0000] {dag.py:4180} INFO - Setting next_dagrun for dataproc_job_execution to None, run_after=None
[2025-11-01T12:54:48.949+0000] {processor.py:208} INFO - Processing /opt/airflow/dags/dataproc_job_execution.py took 0.127 seconds
[2025-11-01T12:55:19.154+0000] {processor.py:186} INFO - Started process (PID=1730) to work on /opt/airflow/dags/dataproc_job_execution.py
[2025-11-01T12:55:19.156+0000] {processor.py:914} INFO - Processing file /opt/airflow/dags/dataproc_job_execution.py for tasks to queue
[2025-11-01T12:55:19.159+0000] {logging_mixin.py:190} INFO - [2025-11-01T12:55:19.159+0000] {dagbag.py:588} INFO - Filling up the DagBag from /opt/airflow/dags/dataproc_job_execution.py
[2025-11-01T12:55:19.186+0000] {processor.py:925} INFO - DAG(s) 'dataproc_job_execution' retrieved from /opt/airflow/dags/dataproc_job_execution.py
[2025-11-01T12:55:19.217+0000] {logging_mixin.py:190} INFO - [2025-11-01T12:55:19.216+0000] {dag.py:3239} INFO - Sync 1 DAGs
[2025-11-01T12:55:19.233+0000] {logging_mixin.py:190} INFO - [2025-11-01T12:55:19.233+0000] {dag.py:4180} INFO - Setting next_dagrun for dataproc_job_execution to None, run_after=None
[2025-11-01T12:55:19.256+0000] {processor.py:208} INFO - Processing /opt/airflow/dags/dataproc_job_execution.py took 0.108 seconds
[2025-11-01T12:55:49.549+0000] {processor.py:186} INFO - Started process (PID=1801) to work on /opt/airflow/dags/dataproc_job_execution.py
[2025-11-01T12:55:49.550+0000] {processor.py:914} INFO - Processing file /opt/airflow/dags/dataproc_job_execution.py for tasks to queue
[2025-11-01T12:55:49.554+0000] {logging_mixin.py:190} INFO - [2025-11-01T12:55:49.553+0000] {dagbag.py:588} INFO - Filling up the DagBag from /opt/airflow/dags/dataproc_job_execution.py
[2025-11-01T12:55:49.579+0000] {processor.py:925} INFO - DAG(s) 'dataproc_job_execution' retrieved from /opt/airflow/dags/dataproc_job_execution.py
[2025-11-01T12:55:49.605+0000] {logging_mixin.py:190} INFO - [2025-11-01T12:55:49.604+0000] {dag.py:3239} INFO - Sync 1 DAGs
[2025-11-01T12:55:49.622+0000] {logging_mixin.py:190} INFO - [2025-11-01T12:55:49.622+0000] {dag.py:4180} INFO - Setting next_dagrun for dataproc_job_execution to None, run_after=None
[2025-11-01T12:55:49.646+0000] {processor.py:208} INFO - Processing /opt/airflow/dags/dataproc_job_execution.py took 0.106 seconds
[2025-11-01T12:56:19.754+0000] {processor.py:186} INFO - Started process (PID=1872) to work on /opt/airflow/dags/dataproc_job_execution.py
[2025-11-01T12:56:19.755+0000] {processor.py:914} INFO - Processing file /opt/airflow/dags/dataproc_job_execution.py for tasks to queue
[2025-11-01T12:56:19.759+0000] {logging_mixin.py:190} INFO - [2025-11-01T12:56:19.758+0000] {dagbag.py:588} INFO - Filling up the DagBag from /opt/airflow/dags/dataproc_job_execution.py
[2025-11-01T12:56:19.786+0000] {processor.py:925} INFO - DAG(s) 'dataproc_job_execution' retrieved from /opt/airflow/dags/dataproc_job_execution.py
[2025-11-01T12:56:19.814+0000] {logging_mixin.py:190} INFO - [2025-11-01T12:56:19.813+0000] {dag.py:3239} INFO - Sync 1 DAGs
[2025-11-01T12:56:19.829+0000] {logging_mixin.py:190} INFO - [2025-11-01T12:56:19.829+0000] {dag.py:4180} INFO - Setting next_dagrun for dataproc_job_execution to None, run_after=None
[2025-11-01T12:56:19.851+0000] {processor.py:208} INFO - Processing /opt/airflow/dags/dataproc_job_execution.py took 0.105 seconds
[2025-11-01T12:56:50.174+0000] {processor.py:186} INFO - Started process (PID=1943) to work on /opt/airflow/dags/dataproc_job_execution.py
[2025-11-01T12:56:50.175+0000] {processor.py:914} INFO - Processing file /opt/airflow/dags/dataproc_job_execution.py for tasks to queue
[2025-11-01T12:56:50.179+0000] {logging_mixin.py:190} INFO - [2025-11-01T12:56:50.179+0000] {dagbag.py:588} INFO - Filling up the DagBag from /opt/airflow/dags/dataproc_job_execution.py
[2025-11-01T12:56:50.203+0000] {processor.py:925} INFO - DAG(s) 'dataproc_job_execution' retrieved from /opt/airflow/dags/dataproc_job_execution.py
[2025-11-01T12:56:50.230+0000] {logging_mixin.py:190} INFO - [2025-11-01T12:56:50.229+0000] {dag.py:3239} INFO - Sync 1 DAGs
[2025-11-01T12:56:50.249+0000] {logging_mixin.py:190} INFO - [2025-11-01T12:56:50.248+0000] {dag.py:4180} INFO - Setting next_dagrun for dataproc_job_execution to None, run_after=None
[2025-11-01T12:56:50.277+0000] {processor.py:208} INFO - Processing /opt/airflow/dags/dataproc_job_execution.py took 0.110 seconds
