[2025-11-01T12:43:33.370+0000] {processor.py:186} INFO - Started process (PID=94) to work on /opt/airflow/dags/dataproc_job_submit.py
[2025-11-01T12:43:33.372+0000] {processor.py:914} INFO - Processing file /opt/airflow/dags/dataproc_job_submit.py for tasks to queue
[2025-11-01T12:43:33.378+0000] {logging_mixin.py:190} INFO - [2025-11-01T12:43:33.377+0000] {dagbag.py:588} INFO - Filling up the DagBag from /opt/airflow/dags/dataproc_job_submit.py
[2025-11-01T12:43:33.436+0000] {processor.py:925} INFO - DAG(s) 'dataproc_job_submit' retrieved from /opt/airflow/dags/dataproc_job_submit.py
[2025-11-01T12:43:33.801+0000] {logging_mixin.py:190} INFO - [2025-11-01T12:43:33.800+0000] {override.py:1911} INFO - Created Permission View: can delete on DAG:dataproc_job_submit
[2025-11-01T12:43:33.818+0000] {logging_mixin.py:190} INFO - [2025-11-01T12:43:33.817+0000] {override.py:1911} INFO - Created Permission View: can edit on DAG:dataproc_job_submit
[2025-11-01T12:43:33.831+0000] {logging_mixin.py:190} INFO - [2025-11-01T12:43:33.830+0000] {override.py:1911} INFO - Created Permission View: can read on DAG:dataproc_job_submit
[2025-11-01T12:43:33.844+0000] {logging_mixin.py:190} INFO - [2025-11-01T12:43:33.843+0000] {override.py:1911} INFO - Created Permission View: menu access on DAG Run:dataproc_job_submit
[2025-11-01T12:43:33.855+0000] {logging_mixin.py:190} INFO - [2025-11-01T12:43:33.855+0000] {override.py:1911} INFO - Created Permission View: can delete on DAG Run:dataproc_job_submit
[2025-11-01T12:43:33.868+0000] {logging_mixin.py:190} INFO - [2025-11-01T12:43:33.868+0000] {override.py:1911} INFO - Created Permission View: can create on DAG Run:dataproc_job_submit
[2025-11-01T12:43:33.879+0000] {logging_mixin.py:190} INFO - [2025-11-01T12:43:33.878+0000] {override.py:1911} INFO - Created Permission View: can read on DAG Run:dataproc_job_submit
[2025-11-01T12:43:33.880+0000] {logging_mixin.py:190} INFO - [2025-11-01T12:43:33.879+0000] {dag.py:3239} INFO - Sync 1 DAGs
[2025-11-01T12:43:33.901+0000] {logging_mixin.py:190} INFO - [2025-11-01T12:43:33.900+0000] {dag.py:3262} INFO - Creating ORM DAG for dataproc_job_submit
[2025-11-01T12:43:33.902+0000] {logging_mixin.py:190} INFO - [2025-11-01T12:43:33.902+0000] {dag.py:4180} INFO - Setting next_dagrun for dataproc_job_submit to None, run_after=None
[2025-11-01T12:43:33.925+0000] {processor.py:208} INFO - Processing /opt/airflow/dags/dataproc_job_submit.py took 0.567 seconds
[2025-11-01T12:44:05.521+0000] {processor.py:186} INFO - Started process (PID=165) to work on /opt/airflow/dags/dataproc_job_submit.py
[2025-11-01T12:44:05.522+0000] {processor.py:914} INFO - Processing file /opt/airflow/dags/dataproc_job_submit.py for tasks to queue
[2025-11-01T12:44:05.526+0000] {logging_mixin.py:190} INFO - [2025-11-01T12:44:05.526+0000] {dagbag.py:588} INFO - Filling up the DagBag from /opt/airflow/dags/dataproc_job_submit.py
[2025-11-01T12:44:05.549+0000] {processor.py:925} INFO - DAG(s) 'dataproc_job_submit' retrieved from /opt/airflow/dags/dataproc_job_submit.py
[2025-11-01T12:44:05.573+0000] {logging_mixin.py:190} INFO - [2025-11-01T12:44:05.573+0000] {dag.py:3239} INFO - Sync 1 DAGs
[2025-11-01T12:44:05.589+0000] {logging_mixin.py:190} INFO - [2025-11-01T12:44:05.588+0000] {dag.py:4180} INFO - Setting next_dagrun for dataproc_job_submit to None, run_after=None
[2025-11-01T12:44:05.618+0000] {processor.py:208} INFO - Processing /opt/airflow/dags/dataproc_job_submit.py took 0.104 seconds
[2025-11-01T12:44:35.706+0000] {processor.py:186} INFO - Started process (PID=235) to work on /opt/airflow/dags/dataproc_job_submit.py
[2025-11-01T12:44:35.708+0000] {processor.py:914} INFO - Processing file /opt/airflow/dags/dataproc_job_submit.py for tasks to queue
[2025-11-01T12:44:35.711+0000] {logging_mixin.py:190} INFO - [2025-11-01T12:44:35.711+0000] {dagbag.py:588} INFO - Filling up the DagBag from /opt/airflow/dags/dataproc_job_submit.py
[2025-11-01T12:44:35.733+0000] {processor.py:925} INFO - DAG(s) 'dataproc_job_submit' retrieved from /opt/airflow/dags/dataproc_job_submit.py
[2025-11-01T12:44:35.758+0000] {logging_mixin.py:190} INFO - [2025-11-01T12:44:35.758+0000] {dag.py:3239} INFO - Sync 1 DAGs
[2025-11-01T12:44:35.775+0000] {logging_mixin.py:190} INFO - [2025-11-01T12:44:35.775+0000] {dag.py:4180} INFO - Setting next_dagrun for dataproc_job_submit to None, run_after=None
[2025-11-01T12:44:35.799+0000] {processor.py:208} INFO - Processing /opt/airflow/dags/dataproc_job_submit.py took 0.101 seconds
[2025-11-01T12:45:06.640+0000] {processor.py:186} INFO - Started process (PID=305) to work on /opt/airflow/dags/dataproc_job_submit.py
[2025-11-01T12:45:06.641+0000] {processor.py:914} INFO - Processing file /opt/airflow/dags/dataproc_job_submit.py for tasks to queue
[2025-11-01T12:45:06.645+0000] {logging_mixin.py:190} INFO - [2025-11-01T12:45:06.644+0000] {dagbag.py:588} INFO - Filling up the DagBag from /opt/airflow/dags/dataproc_job_submit.py
[2025-11-01T12:45:06.668+0000] {processor.py:925} INFO - DAG(s) 'dataproc_job_submit' retrieved from /opt/airflow/dags/dataproc_job_submit.py
[2025-11-01T12:45:06.698+0000] {logging_mixin.py:190} INFO - [2025-11-01T12:45:06.697+0000] {dag.py:3239} INFO - Sync 1 DAGs
[2025-11-01T12:45:06.722+0000] {logging_mixin.py:190} INFO - [2025-11-01T12:45:06.721+0000] {dag.py:4180} INFO - Setting next_dagrun for dataproc_job_submit to None, run_after=None
[2025-11-01T12:45:06.761+0000] {processor.py:208} INFO - Processing /opt/airflow/dags/dataproc_job_submit.py took 0.129 seconds
[2025-11-01T12:45:36.946+0000] {processor.py:186} INFO - Started process (PID=376) to work on /opt/airflow/dags/dataproc_job_submit.py
[2025-11-01T12:45:36.947+0000] {processor.py:914} INFO - Processing file /opt/airflow/dags/dataproc_job_submit.py for tasks to queue
[2025-11-01T12:45:36.950+0000] {logging_mixin.py:190} INFO - [2025-11-01T12:45:36.950+0000] {dagbag.py:588} INFO - Filling up the DagBag from /opt/airflow/dags/dataproc_job_submit.py
[2025-11-01T12:45:36.974+0000] {processor.py:925} INFO - DAG(s) 'dataproc_job_submit' retrieved from /opt/airflow/dags/dataproc_job_submit.py
[2025-11-01T12:45:37.000+0000] {logging_mixin.py:190} INFO - [2025-11-01T12:45:36.999+0000] {dag.py:3239} INFO - Sync 1 DAGs
[2025-11-01T12:45:37.016+0000] {logging_mixin.py:190} INFO - [2025-11-01T12:45:37.016+0000] {dag.py:4180} INFO - Setting next_dagrun for dataproc_job_submit to None, run_after=None
[2025-11-01T12:45:37.044+0000] {processor.py:208} INFO - Processing /opt/airflow/dags/dataproc_job_submit.py took 0.105 seconds
[2025-11-01T12:46:07.739+0000] {processor.py:186} INFO - Started process (PID=446) to work on /opt/airflow/dags/dataproc_job_submit.py
[2025-11-01T12:46:07.741+0000] {processor.py:914} INFO - Processing file /opt/airflow/dags/dataproc_job_submit.py for tasks to queue
[2025-11-01T12:46:07.747+0000] {logging_mixin.py:190} INFO - [2025-11-01T12:46:07.746+0000] {dagbag.py:588} INFO - Filling up the DagBag from /opt/airflow/dags/dataproc_job_submit.py
[2025-11-01T12:46:07.787+0000] {processor.py:925} INFO - DAG(s) 'dataproc_job_submit' retrieved from /opt/airflow/dags/dataproc_job_submit.py
[2025-11-01T12:46:07.830+0000] {logging_mixin.py:190} INFO - [2025-11-01T12:46:07.829+0000] {dag.py:3239} INFO - Sync 1 DAGs
[2025-11-01T12:46:07.861+0000] {logging_mixin.py:190} INFO - [2025-11-01T12:46:07.860+0000] {dag.py:4180} INFO - Setting next_dagrun for dataproc_job_submit to None, run_after=None
[2025-11-01T12:46:07.895+0000] {processor.py:208} INFO - Processing /opt/airflow/dags/dataproc_job_submit.py took 0.168 seconds
[2025-11-01T12:46:38.076+0000] {processor.py:186} INFO - Started process (PID=516) to work on /opt/airflow/dags/dataproc_job_submit.py
[2025-11-01T12:46:38.079+0000] {processor.py:914} INFO - Processing file /opt/airflow/dags/dataproc_job_submit.py for tasks to queue
[2025-11-01T12:46:38.083+0000] {logging_mixin.py:190} INFO - [2025-11-01T12:46:38.083+0000] {dagbag.py:588} INFO - Filling up the DagBag from /opt/airflow/dags/dataproc_job_submit.py
[2025-11-01T12:46:38.125+0000] {processor.py:925} INFO - DAG(s) 'dataproc_job_submit' retrieved from /opt/airflow/dags/dataproc_job_submit.py
[2025-11-01T12:46:38.155+0000] {logging_mixin.py:190} INFO - [2025-11-01T12:46:38.155+0000] {dag.py:3239} INFO - Sync 1 DAGs
[2025-11-01T12:46:38.175+0000] {logging_mixin.py:190} INFO - [2025-11-01T12:46:38.174+0000] {dag.py:4180} INFO - Setting next_dagrun for dataproc_job_submit to None, run_after=None
[2025-11-01T12:46:38.207+0000] {processor.py:208} INFO - Processing /opt/airflow/dags/dataproc_job_submit.py took 0.145 seconds
[2025-11-01T12:47:08.968+0000] {processor.py:186} INFO - Started process (PID=586) to work on /opt/airflow/dags/dataproc_job_submit.py
[2025-11-01T12:47:08.969+0000] {processor.py:914} INFO - Processing file /opt/airflow/dags/dataproc_job_submit.py for tasks to queue
[2025-11-01T12:47:08.973+0000] {logging_mixin.py:190} INFO - [2025-11-01T12:47:08.973+0000] {dagbag.py:588} INFO - Filling up the DagBag from /opt/airflow/dags/dataproc_job_submit.py
[2025-11-01T12:47:09.003+0000] {processor.py:925} INFO - DAG(s) 'dataproc_job_submit' retrieved from /opt/airflow/dags/dataproc_job_submit.py
[2025-11-01T12:47:09.032+0000] {logging_mixin.py:190} INFO - [2025-11-01T12:47:09.031+0000] {dag.py:3239} INFO - Sync 1 DAGs
[2025-11-01T12:47:09.050+0000] {logging_mixin.py:190} INFO - [2025-11-01T12:47:09.050+0000] {dag.py:4180} INFO - Setting next_dagrun for dataproc_job_submit to None, run_after=None
[2025-11-01T12:47:09.083+0000] {processor.py:208} INFO - Processing /opt/airflow/dags/dataproc_job_submit.py took 0.122 seconds
[2025-11-01T12:47:39.185+0000] {processor.py:186} INFO - Started process (PID=656) to work on /opt/airflow/dags/dataproc_job_submit.py
[2025-11-01T12:47:39.186+0000] {processor.py:914} INFO - Processing file /opt/airflow/dags/dataproc_job_submit.py for tasks to queue
[2025-11-01T12:47:39.189+0000] {logging_mixin.py:190} INFO - [2025-11-01T12:47:39.189+0000] {dagbag.py:588} INFO - Filling up the DagBag from /opt/airflow/dags/dataproc_job_submit.py
[2025-11-01T12:47:39.212+0000] {processor.py:925} INFO - DAG(s) 'dataproc_job_submit' retrieved from /opt/airflow/dags/dataproc_job_submit.py
[2025-11-01T12:47:39.239+0000] {logging_mixin.py:190} INFO - [2025-11-01T12:47:39.238+0000] {dag.py:3239} INFO - Sync 1 DAGs
[2025-11-01T12:47:39.257+0000] {logging_mixin.py:190} INFO - [2025-11-01T12:47:39.257+0000] {dag.py:4180} INFO - Setting next_dagrun for dataproc_job_submit to None, run_after=None
[2025-11-01T12:47:39.281+0000] {processor.py:208} INFO - Processing /opt/airflow/dags/dataproc_job_submit.py took 0.104 seconds
[2025-11-01T12:48:09.907+0000] {processor.py:186} INFO - Started process (PID=725) to work on /opt/airflow/dags/dataproc_job_submit.py
[2025-11-01T12:48:09.909+0000] {processor.py:914} INFO - Processing file /opt/airflow/dags/dataproc_job_submit.py for tasks to queue
[2025-11-01T12:48:09.913+0000] {logging_mixin.py:190} INFO - [2025-11-01T12:48:09.912+0000] {dagbag.py:588} INFO - Filling up the DagBag from /opt/airflow/dags/dataproc_job_submit.py
[2025-11-01T12:48:09.939+0000] {processor.py:925} INFO - DAG(s) 'dataproc_job_submit' retrieved from /opt/airflow/dags/dataproc_job_submit.py
[2025-11-01T12:48:09.968+0000] {logging_mixin.py:190} INFO - [2025-11-01T12:48:09.967+0000] {dag.py:3239} INFO - Sync 1 DAGs
[2025-11-01T12:48:09.986+0000] {logging_mixin.py:190} INFO - [2025-11-01T12:48:09.985+0000] {dag.py:4180} INFO - Setting next_dagrun for dataproc_job_submit to None, run_after=None
[2025-11-01T12:48:10.011+0000] {processor.py:208} INFO - Processing /opt/airflow/dags/dataproc_job_submit.py took 0.113 seconds
[2025-11-01T12:48:40.601+0000] {processor.py:186} INFO - Started process (PID=796) to work on /opt/airflow/dags/dataproc_job_submit.py
[2025-11-01T12:48:40.602+0000] {processor.py:914} INFO - Processing file /opt/airflow/dags/dataproc_job_submit.py for tasks to queue
[2025-11-01T12:48:40.607+0000] {logging_mixin.py:190} INFO - [2025-11-01T12:48:40.606+0000] {dagbag.py:588} INFO - Filling up the DagBag from /opt/airflow/dags/dataproc_job_submit.py
[2025-11-01T12:48:40.633+0000] {processor.py:925} INFO - DAG(s) 'dataproc_job_submit' retrieved from /opt/airflow/dags/dataproc_job_submit.py
[2025-11-01T12:48:40.659+0000] {logging_mixin.py:190} INFO - [2025-11-01T12:48:40.658+0000] {dag.py:3239} INFO - Sync 1 DAGs
[2025-11-01T12:48:40.674+0000] {logging_mixin.py:190} INFO - [2025-11-01T12:48:40.674+0000] {dag.py:4180} INFO - Setting next_dagrun for dataproc_job_submit to None, run_after=None
[2025-11-01T12:48:40.701+0000] {processor.py:208} INFO - Processing /opt/airflow/dags/dataproc_job_submit.py took 0.107 seconds
[2025-11-01T12:49:10.815+0000] {processor.py:186} INFO - Started process (PID=867) to work on /opt/airflow/dags/dataproc_job_submit.py
[2025-11-01T12:49:10.816+0000] {processor.py:914} INFO - Processing file /opt/airflow/dags/dataproc_job_submit.py for tasks to queue
[2025-11-01T12:49:10.820+0000] {logging_mixin.py:190} INFO - [2025-11-01T12:49:10.819+0000] {dagbag.py:588} INFO - Filling up the DagBag from /opt/airflow/dags/dataproc_job_submit.py
[2025-11-01T12:49:10.845+0000] {processor.py:925} INFO - DAG(s) 'dataproc_job_submit' retrieved from /opt/airflow/dags/dataproc_job_submit.py
[2025-11-01T12:49:10.874+0000] {logging_mixin.py:190} INFO - [2025-11-01T12:49:10.874+0000] {dag.py:3239} INFO - Sync 1 DAGs
[2025-11-01T12:49:10.891+0000] {logging_mixin.py:190} INFO - [2025-11-01T12:49:10.891+0000] {dag.py:4180} INFO - Setting next_dagrun for dataproc_job_submit to None, run_after=None
[2025-11-01T12:49:10.919+0000] {processor.py:208} INFO - Processing /opt/airflow/dags/dataproc_job_submit.py took 0.111 seconds
[2025-11-01T12:49:41.255+0000] {processor.py:186} INFO - Started process (PID=939) to work on /opt/airflow/dags/dataproc_job_submit.py
[2025-11-01T12:49:41.256+0000] {processor.py:914} INFO - Processing file /opt/airflow/dags/dataproc_job_submit.py for tasks to queue
[2025-11-01T12:49:41.260+0000] {logging_mixin.py:190} INFO - [2025-11-01T12:49:41.259+0000] {dagbag.py:588} INFO - Filling up the DagBag from /opt/airflow/dags/dataproc_job_submit.py
[2025-11-01T12:49:41.284+0000] {processor.py:925} INFO - DAG(s) 'dataproc_job_submit' retrieved from /opt/airflow/dags/dataproc_job_submit.py
[2025-11-01T12:49:41.312+0000] {logging_mixin.py:190} INFO - [2025-11-01T12:49:41.311+0000] {dag.py:3239} INFO - Sync 1 DAGs
[2025-11-01T12:49:41.327+0000] {logging_mixin.py:190} INFO - [2025-11-01T12:49:41.327+0000] {dag.py:4180} INFO - Setting next_dagrun for dataproc_job_submit to None, run_after=None
[2025-11-01T12:49:41.356+0000] {processor.py:208} INFO - Processing /opt/airflow/dags/dataproc_job_submit.py took 0.108 seconds
[2025-11-01T12:50:12.093+0000] {processor.py:186} INFO - Started process (PID=1014) to work on /opt/airflow/dags/dataproc_job_submit.py
[2025-11-01T12:50:12.095+0000] {processor.py:914} INFO - Processing file /opt/airflow/dags/dataproc_job_submit.py for tasks to queue
[2025-11-01T12:50:12.100+0000] {logging_mixin.py:190} INFO - [2025-11-01T12:50:12.099+0000] {dagbag.py:588} INFO - Filling up the DagBag from /opt/airflow/dags/dataproc_job_submit.py
[2025-11-01T12:50:12.132+0000] {processor.py:925} INFO - DAG(s) 'dataproc_job_submit' retrieved from /opt/airflow/dags/dataproc_job_submit.py
[2025-11-01T12:50:12.173+0000] {logging_mixin.py:190} INFO - [2025-11-01T12:50:12.172+0000] {dag.py:3239} INFO - Sync 1 DAGs
[2025-11-01T12:50:12.196+0000] {logging_mixin.py:190} INFO - [2025-11-01T12:50:12.195+0000] {dag.py:4180} INFO - Setting next_dagrun for dataproc_job_submit to None, run_after=None
[2025-11-01T12:50:12.224+0000] {processor.py:208} INFO - Processing /opt/airflow/dags/dataproc_job_submit.py took 0.142 seconds
[2025-11-01T12:50:42.901+0000] {processor.py:186} INFO - Started process (PID=1085) to work on /opt/airflow/dags/dataproc_job_submit.py
[2025-11-01T12:50:42.902+0000] {processor.py:914} INFO - Processing file /opt/airflow/dags/dataproc_job_submit.py for tasks to queue
[2025-11-01T12:50:42.906+0000] {logging_mixin.py:190} INFO - [2025-11-01T12:50:42.905+0000] {dagbag.py:588} INFO - Filling up the DagBag from /opt/airflow/dags/dataproc_job_submit.py
[2025-11-01T12:50:42.929+0000] {processor.py:925} INFO - DAG(s) 'dataproc_job_submit' retrieved from /opt/airflow/dags/dataproc_job_submit.py
[2025-11-01T12:50:42.963+0000] {logging_mixin.py:190} INFO - [2025-11-01T12:50:42.962+0000] {dag.py:3239} INFO - Sync 1 DAGs
[2025-11-01T12:50:42.982+0000] {logging_mixin.py:190} INFO - [2025-11-01T12:50:42.981+0000] {dag.py:4180} INFO - Setting next_dagrun for dataproc_job_submit to None, run_after=None
[2025-11-01T12:50:43.010+0000] {processor.py:208} INFO - Processing /opt/airflow/dags/dataproc_job_submit.py took 0.116 seconds
[2025-11-01T12:51:13.398+0000] {processor.py:186} INFO - Started process (PID=1156) to work on /opt/airflow/dags/dataproc_job_submit.py
[2025-11-01T12:51:13.400+0000] {processor.py:914} INFO - Processing file /opt/airflow/dags/dataproc_job_submit.py for tasks to queue
[2025-11-01T12:51:13.405+0000] {logging_mixin.py:190} INFO - [2025-11-01T12:51:13.404+0000] {dagbag.py:588} INFO - Filling up the DagBag from /opt/airflow/dags/dataproc_job_submit.py
[2025-11-01T12:51:13.433+0000] {processor.py:925} INFO - DAG(s) 'dataproc_job_submit' retrieved from /opt/airflow/dags/dataproc_job_submit.py
[2025-11-01T12:51:13.464+0000] {logging_mixin.py:190} INFO - [2025-11-01T12:51:13.464+0000] {dag.py:3239} INFO - Sync 1 DAGs
[2025-11-01T12:51:13.483+0000] {logging_mixin.py:190} INFO - [2025-11-01T12:51:13.483+0000] {dag.py:4180} INFO - Setting next_dagrun for dataproc_job_submit to None, run_after=None
[2025-11-01T12:51:13.512+0000] {processor.py:208} INFO - Processing /opt/airflow/dags/dataproc_job_submit.py took 0.124 seconds
[2025-11-01T12:51:43.989+0000] {processor.py:186} INFO - Started process (PID=1227) to work on /opt/airflow/dags/dataproc_job_submit.py
[2025-11-01T12:51:43.991+0000] {processor.py:914} INFO - Processing file /opt/airflow/dags/dataproc_job_submit.py for tasks to queue
[2025-11-01T12:51:43.995+0000] {logging_mixin.py:190} INFO - [2025-11-01T12:51:43.994+0000] {dagbag.py:588} INFO - Filling up the DagBag from /opt/airflow/dags/dataproc_job_submit.py
[2025-11-01T12:51:44.059+0000] {processor.py:925} INFO - DAG(s) 'dataproc_job_submit' retrieved from /opt/airflow/dags/dataproc_job_submit.py
[2025-11-01T12:51:44.105+0000] {logging_mixin.py:190} INFO - [2025-11-01T12:51:44.104+0000] {dag.py:3239} INFO - Sync 1 DAGs
[2025-11-01T12:51:44.128+0000] {logging_mixin.py:190} INFO - [2025-11-01T12:51:44.128+0000] {dag.py:4180} INFO - Setting next_dagrun for dataproc_job_submit to None, run_after=None
[2025-11-01T12:51:44.159+0000] {processor.py:208} INFO - Processing /opt/airflow/dags/dataproc_job_submit.py took 0.179 seconds
[2025-11-01T12:52:14.323+0000] {processor.py:186} INFO - Started process (PID=1298) to work on /opt/airflow/dags/dataproc_job_submit.py
[2025-11-01T12:52:14.325+0000] {processor.py:914} INFO - Processing file /opt/airflow/dags/dataproc_job_submit.py for tasks to queue
[2025-11-01T12:52:14.332+0000] {logging_mixin.py:190} INFO - [2025-11-01T12:52:14.331+0000] {dagbag.py:588} INFO - Filling up the DagBag from /opt/airflow/dags/dataproc_job_submit.py
[2025-11-01T12:52:14.367+0000] {processor.py:925} INFO - DAG(s) 'dataproc_job_submit' retrieved from /opt/airflow/dags/dataproc_job_submit.py
[2025-11-01T12:52:14.408+0000] {logging_mixin.py:190} INFO - [2025-11-01T12:52:14.407+0000] {dag.py:3239} INFO - Sync 1 DAGs
[2025-11-01T12:52:14.434+0000] {logging_mixin.py:190} INFO - [2025-11-01T12:52:14.433+0000] {dag.py:4180} INFO - Setting next_dagrun for dataproc_job_submit to None, run_after=None
[2025-11-01T12:52:14.464+0000] {processor.py:208} INFO - Processing /opt/airflow/dags/dataproc_job_submit.py took 0.160 seconds
[2025-11-01T12:52:44.618+0000] {processor.py:186} INFO - Started process (PID=1369) to work on /opt/airflow/dags/dataproc_job_submit.py
[2025-11-01T12:52:44.619+0000] {processor.py:914} INFO - Processing file /opt/airflow/dags/dataproc_job_submit.py for tasks to queue
[2025-11-01T12:52:44.622+0000] {logging_mixin.py:190} INFO - [2025-11-01T12:52:44.622+0000] {dagbag.py:588} INFO - Filling up the DagBag from /opt/airflow/dags/dataproc_job_submit.py
[2025-11-01T12:52:44.654+0000] {processor.py:925} INFO - DAG(s) 'dataproc_job_submit' retrieved from /opt/airflow/dags/dataproc_job_submit.py
[2025-11-01T12:52:44.686+0000] {logging_mixin.py:190} INFO - [2025-11-01T12:52:44.686+0000] {dag.py:3239} INFO - Sync 1 DAGs
[2025-11-01T12:52:44.705+0000] {logging_mixin.py:190} INFO - [2025-11-01T12:52:44.704+0000] {dag.py:4180} INFO - Setting next_dagrun for dataproc_job_submit to None, run_after=None
[2025-11-01T12:52:44.729+0000] {processor.py:208} INFO - Processing /opt/airflow/dags/dataproc_job_submit.py took 0.119 seconds
[2025-11-01T12:53:14.862+0000] {processor.py:186} INFO - Started process (PID=1440) to work on /opt/airflow/dags/dataproc_job_submit.py
[2025-11-01T12:53:14.863+0000] {processor.py:914} INFO - Processing file /opt/airflow/dags/dataproc_job_submit.py for tasks to queue
[2025-11-01T12:53:14.866+0000] {logging_mixin.py:190} INFO - [2025-11-01T12:53:14.866+0000] {dagbag.py:588} INFO - Filling up the DagBag from /opt/airflow/dags/dataproc_job_submit.py
[2025-11-01T12:53:14.892+0000] {processor.py:925} INFO - DAG(s) 'dataproc_job_submit' retrieved from /opt/airflow/dags/dataproc_job_submit.py
[2025-11-01T12:53:14.920+0000] {logging_mixin.py:190} INFO - [2025-11-01T12:53:14.920+0000] {dag.py:3239} INFO - Sync 1 DAGs
[2025-11-01T12:53:14.936+0000] {logging_mixin.py:190} INFO - [2025-11-01T12:53:14.936+0000] {dag.py:4180} INFO - Setting next_dagrun for dataproc_job_submit to None, run_after=None
[2025-11-01T12:53:14.959+0000] {processor.py:208} INFO - Processing /opt/airflow/dags/dataproc_job_submit.py took 0.105 seconds
[2025-11-01T12:53:45.356+0000] {processor.py:186} INFO - Started process (PID=1511) to work on /opt/airflow/dags/dataproc_job_submit.py
[2025-11-01T12:53:45.358+0000] {processor.py:914} INFO - Processing file /opt/airflow/dags/dataproc_job_submit.py for tasks to queue
[2025-11-01T12:53:45.361+0000] {logging_mixin.py:190} INFO - [2025-11-01T12:53:45.360+0000] {dagbag.py:588} INFO - Filling up the DagBag from /opt/airflow/dags/dataproc_job_submit.py
[2025-11-01T12:53:45.383+0000] {processor.py:925} INFO - DAG(s) 'dataproc_job_submit' retrieved from /opt/airflow/dags/dataproc_job_submit.py
[2025-11-01T12:53:45.408+0000] {logging_mixin.py:190} INFO - [2025-11-01T12:53:45.407+0000] {dag.py:3239} INFO - Sync 1 DAGs
[2025-11-01T12:53:45.424+0000] {logging_mixin.py:190} INFO - [2025-11-01T12:53:45.423+0000] {dag.py:4180} INFO - Setting next_dagrun for dataproc_job_submit to None, run_after=None
[2025-11-01T12:53:45.452+0000] {processor.py:208} INFO - Processing /opt/airflow/dags/dataproc_job_submit.py took 0.103 seconds
[2025-11-01T12:54:15.929+0000] {processor.py:186} INFO - Started process (PID=1583) to work on /opt/airflow/dags/dataproc_job_submit.py
[2025-11-01T12:54:15.930+0000] {processor.py:914} INFO - Processing file /opt/airflow/dags/dataproc_job_submit.py for tasks to queue
[2025-11-01T12:54:15.934+0000] {logging_mixin.py:190} INFO - [2025-11-01T12:54:15.933+0000] {dagbag.py:588} INFO - Filling up the DagBag from /opt/airflow/dags/dataproc_job_submit.py
[2025-11-01T12:54:15.958+0000] {processor.py:925} INFO - DAG(s) 'dataproc_job_submit' retrieved from /opt/airflow/dags/dataproc_job_submit.py
[2025-11-01T12:54:15.985+0000] {logging_mixin.py:190} INFO - [2025-11-01T12:54:15.984+0000] {dag.py:3239} INFO - Sync 1 DAGs
[2025-11-01T12:54:16.013+0000] {logging_mixin.py:190} INFO - [2025-11-01T12:54:16.012+0000] {dag.py:4180} INFO - Setting next_dagrun for dataproc_job_submit to None, run_after=None
[2025-11-01T12:54:16.042+0000] {processor.py:208} INFO - Processing /opt/airflow/dags/dataproc_job_submit.py took 0.121 seconds
[2025-11-01T12:54:46.450+0000] {processor.py:186} INFO - Started process (PID=1654) to work on /opt/airflow/dags/dataproc_job_submit.py
[2025-11-01T12:54:46.451+0000] {processor.py:914} INFO - Processing file /opt/airflow/dags/dataproc_job_submit.py for tasks to queue
[2025-11-01T12:54:46.454+0000] {logging_mixin.py:190} INFO - [2025-11-01T12:54:46.454+0000] {dagbag.py:588} INFO - Filling up the DagBag from /opt/airflow/dags/dataproc_job_submit.py
[2025-11-01T12:54:46.481+0000] {processor.py:925} INFO - DAG(s) 'dataproc_job_submit' retrieved from /opt/airflow/dags/dataproc_job_submit.py
[2025-11-01T12:54:46.511+0000] {logging_mixin.py:190} INFO - [2025-11-01T12:54:46.510+0000] {dag.py:3239} INFO - Sync 1 DAGs
[2025-11-01T12:54:46.538+0000] {logging_mixin.py:190} INFO - [2025-11-01T12:54:46.538+0000] {dag.py:4180} INFO - Setting next_dagrun for dataproc_job_submit to None, run_after=None
[2025-11-01T12:54:46.565+0000] {processor.py:208} INFO - Processing /opt/airflow/dags/dataproc_job_submit.py took 0.122 seconds
[2025-11-01T12:55:16.768+0000] {processor.py:186} INFO - Started process (PID=1725) to work on /opt/airflow/dags/dataproc_job_submit.py
[2025-11-01T12:55:16.769+0000] {processor.py:914} INFO - Processing file /opt/airflow/dags/dataproc_job_submit.py for tasks to queue
[2025-11-01T12:55:16.773+0000] {logging_mixin.py:190} INFO - [2025-11-01T12:55:16.772+0000] {dagbag.py:588} INFO - Filling up the DagBag from /opt/airflow/dags/dataproc_job_submit.py
[2025-11-01T12:55:16.797+0000] {processor.py:925} INFO - DAG(s) 'dataproc_job_submit' retrieved from /opt/airflow/dags/dataproc_job_submit.py
[2025-11-01T12:55:16.827+0000] {logging_mixin.py:190} INFO - [2025-11-01T12:55:16.826+0000] {dag.py:3239} INFO - Sync 1 DAGs
[2025-11-01T12:55:16.849+0000] {logging_mixin.py:190} INFO - [2025-11-01T12:55:16.849+0000] {dag.py:4180} INFO - Setting next_dagrun for dataproc_job_submit to None, run_after=None
[2025-11-01T12:55:16.881+0000] {processor.py:208} INFO - Processing /opt/airflow/dags/dataproc_job_submit.py took 0.119 seconds
[2025-11-01T12:55:47.141+0000] {processor.py:186} INFO - Started process (PID=1796) to work on /opt/airflow/dags/dataproc_job_submit.py
[2025-11-01T12:55:47.142+0000] {processor.py:914} INFO - Processing file /opt/airflow/dags/dataproc_job_submit.py for tasks to queue
[2025-11-01T12:55:47.146+0000] {logging_mixin.py:190} INFO - [2025-11-01T12:55:47.146+0000] {dagbag.py:588} INFO - Filling up the DagBag from /opt/airflow/dags/dataproc_job_submit.py
[2025-11-01T12:55:47.172+0000] {processor.py:925} INFO - DAG(s) 'dataproc_job_submit' retrieved from /opt/airflow/dags/dataproc_job_submit.py
[2025-11-01T12:55:47.206+0000] {logging_mixin.py:190} INFO - [2025-11-01T12:55:47.205+0000] {dag.py:3239} INFO - Sync 1 DAGs
[2025-11-01T12:55:47.224+0000] {logging_mixin.py:190} INFO - [2025-11-01T12:55:47.224+0000] {dag.py:4180} INFO - Setting next_dagrun for dataproc_job_submit to None, run_after=None
[2025-11-01T12:55:47.253+0000] {processor.py:208} INFO - Processing /opt/airflow/dags/dataproc_job_submit.py took 0.120 seconds
[2025-11-01T12:56:17.346+0000] {processor.py:186} INFO - Started process (PID=1867) to work on /opt/airflow/dags/dataproc_job_submit.py
[2025-11-01T12:56:17.347+0000] {processor.py:914} INFO - Processing file /opt/airflow/dags/dataproc_job_submit.py for tasks to queue
[2025-11-01T12:56:17.351+0000] {logging_mixin.py:190} INFO - [2025-11-01T12:56:17.350+0000] {dagbag.py:588} INFO - Filling up the DagBag from /opt/airflow/dags/dataproc_job_submit.py
[2025-11-01T12:56:17.376+0000] {processor.py:925} INFO - DAG(s) 'dataproc_job_submit' retrieved from /opt/airflow/dags/dataproc_job_submit.py
[2025-11-01T12:56:17.405+0000] {logging_mixin.py:190} INFO - [2025-11-01T12:56:17.404+0000] {dag.py:3239} INFO - Sync 1 DAGs
[2025-11-01T12:56:17.424+0000] {logging_mixin.py:190} INFO - [2025-11-01T12:56:17.424+0000] {dag.py:4180} INFO - Setting next_dagrun for dataproc_job_submit to None, run_after=None
[2025-11-01T12:56:17.453+0000] {processor.py:208} INFO - Processing /opt/airflow/dags/dataproc_job_submit.py took 0.116 seconds
[2025-11-01T12:56:47.900+0000] {processor.py:186} INFO - Started process (PID=1938) to work on /opt/airflow/dags/dataproc_job_submit.py
[2025-11-01T12:56:47.902+0000] {processor.py:914} INFO - Processing file /opt/airflow/dags/dataproc_job_submit.py for tasks to queue
[2025-11-01T12:56:47.908+0000] {logging_mixin.py:190} INFO - [2025-11-01T12:56:47.907+0000] {dagbag.py:588} INFO - Filling up the DagBag from /opt/airflow/dags/dataproc_job_submit.py
[2025-11-01T12:56:47.946+0000] {processor.py:925} INFO - DAG(s) 'dataproc_job_submit' retrieved from /opt/airflow/dags/dataproc_job_submit.py
[2025-11-01T12:56:47.982+0000] {logging_mixin.py:190} INFO - [2025-11-01T12:56:47.982+0000] {dag.py:3239} INFO - Sync 1 DAGs
[2025-11-01T12:56:48.001+0000] {logging_mixin.py:190} INFO - [2025-11-01T12:56:48.001+0000] {dag.py:4180} INFO - Setting next_dagrun for dataproc_job_submit to None, run_after=None
[2025-11-01T12:56:48.030+0000] {processor.py:208} INFO - Processing /opt/airflow/dags/dataproc_job_submit.py took 0.142 seconds
