[2025-11-01T12:43:42.598+0000] {processor.py:186} INFO - Started process (PID=127) to work on /home/airflow/.local/lib/python3.12/site-packages/airflow/example_dags/example_sensor_decorator.py
[2025-11-01T12:43:42.599+0000] {processor.py:914} INFO - Processing file /home/airflow/.local/lib/python3.12/site-packages/airflow/example_dags/example_sensor_decorator.py for tasks to queue
[2025-11-01T12:43:42.603+0000] {logging_mixin.py:190} INFO - [2025-11-01T12:43:42.602+0000] {dagbag.py:588} INFO - Filling up the DagBag from /home/airflow/.local/lib/python3.12/site-packages/airflow/example_dags/example_sensor_decorator.py
[2025-11-01T12:43:42.616+0000] {processor.py:925} INFO - DAG(s) 'example_sensor_decorator' retrieved from /home/airflow/.local/lib/python3.12/site-packages/airflow/example_dags/example_sensor_decorator.py
[2025-11-01T12:43:42.759+0000] {logging_mixin.py:190} INFO - [2025-11-01T12:43:42.758+0000] {override.py:1911} INFO - Created Permission View: can delete on DAG:example_sensor_decorator
[2025-11-01T12:43:42.772+0000] {logging_mixin.py:190} INFO - [2025-11-01T12:43:42.772+0000] {override.py:1911} INFO - Created Permission View: can edit on DAG:example_sensor_decorator
[2025-11-01T12:43:42.781+0000] {logging_mixin.py:190} INFO - [2025-11-01T12:43:42.780+0000] {override.py:1911} INFO - Created Permission View: can read on DAG:example_sensor_decorator
[2025-11-01T12:43:42.790+0000] {logging_mixin.py:190} INFO - [2025-11-01T12:43:42.790+0000] {override.py:1911} INFO - Created Permission View: menu access on DAG Run:example_sensor_decorator
[2025-11-01T12:43:42.798+0000] {logging_mixin.py:190} INFO - [2025-11-01T12:43:42.798+0000] {override.py:1911} INFO - Created Permission View: can delete on DAG Run:example_sensor_decorator
[2025-11-01T12:43:42.807+0000] {logging_mixin.py:190} INFO - [2025-11-01T12:43:42.807+0000] {override.py:1911} INFO - Created Permission View: can create on DAG Run:example_sensor_decorator
[2025-11-01T12:43:42.817+0000] {logging_mixin.py:190} INFO - [2025-11-01T12:43:42.816+0000] {override.py:1911} INFO - Created Permission View: can read on DAG Run:example_sensor_decorator
[2025-11-01T12:43:42.818+0000] {logging_mixin.py:190} INFO - [2025-11-01T12:43:42.817+0000] {dag.py:3239} INFO - Sync 1 DAGs
[2025-11-01T12:43:42.831+0000] {logging_mixin.py:190} INFO - [2025-11-01T12:43:42.830+0000] {dag.py:3262} INFO - Creating ORM DAG for example_sensor_decorator
[2025-11-01T12:43:42.832+0000] {logging_mixin.py:190} INFO - [2025-11-01T12:43:42.832+0000] {dag.py:4180} INFO - Setting next_dagrun for example_sensor_decorator to None, run_after=None
[2025-11-01T12:43:42.851+0000] {processor.py:208} INFO - Processing /home/airflow/.local/lib/python3.12/site-packages/airflow/example_dags/example_sensor_decorator.py took 0.261 seconds
[2025-11-01T12:44:12.978+0000] {processor.py:186} INFO - Started process (PID=197) to work on /home/airflow/.local/lib/python3.12/site-packages/airflow/example_dags/example_sensor_decorator.py
[2025-11-01T12:44:12.979+0000] {processor.py:914} INFO - Processing file /home/airflow/.local/lib/python3.12/site-packages/airflow/example_dags/example_sensor_decorator.py for tasks to queue
[2025-11-01T12:44:12.983+0000] {logging_mixin.py:190} INFO - [2025-11-01T12:44:12.982+0000] {dagbag.py:588} INFO - Filling up the DagBag from /home/airflow/.local/lib/python3.12/site-packages/airflow/example_dags/example_sensor_decorator.py
[2025-11-01T12:44:12.995+0000] {processor.py:925} INFO - DAG(s) 'example_sensor_decorator' retrieved from /home/airflow/.local/lib/python3.12/site-packages/airflow/example_dags/example_sensor_decorator.py
[2025-11-01T12:44:13.023+0000] {logging_mixin.py:190} INFO - [2025-11-01T12:44:13.023+0000] {dag.py:3239} INFO - Sync 1 DAGs
[2025-11-01T12:44:13.041+0000] {logging_mixin.py:190} INFO - [2025-11-01T12:44:13.040+0000] {dag.py:4180} INFO - Setting next_dagrun for example_sensor_decorator to None, run_after=None
[2025-11-01T12:44:13.068+0000] {processor.py:208} INFO - Processing /home/airflow/.local/lib/python3.12/site-packages/airflow/example_dags/example_sensor_decorator.py took 0.099 seconds
[2025-11-01T12:44:43.388+0000] {processor.py:186} INFO - Started process (PID=267) to work on /home/airflow/.local/lib/python3.12/site-packages/airflow/example_dags/example_sensor_decorator.py
[2025-11-01T12:44:43.390+0000] {processor.py:914} INFO - Processing file /home/airflow/.local/lib/python3.12/site-packages/airflow/example_dags/example_sensor_decorator.py for tasks to queue
[2025-11-01T12:44:43.393+0000] {logging_mixin.py:190} INFO - [2025-11-01T12:44:43.393+0000] {dagbag.py:588} INFO - Filling up the DagBag from /home/airflow/.local/lib/python3.12/site-packages/airflow/example_dags/example_sensor_decorator.py
[2025-11-01T12:44:43.404+0000] {processor.py:925} INFO - DAG(s) 'example_sensor_decorator' retrieved from /home/airflow/.local/lib/python3.12/site-packages/airflow/example_dags/example_sensor_decorator.py
[2025-11-01T12:44:43.429+0000] {logging_mixin.py:190} INFO - [2025-11-01T12:44:43.429+0000] {dag.py:3239} INFO - Sync 1 DAGs
[2025-11-01T12:44:43.445+0000] {logging_mixin.py:190} INFO - [2025-11-01T12:44:43.444+0000] {dag.py:4180} INFO - Setting next_dagrun for example_sensor_decorator to None, run_after=None
[2025-11-01T12:44:43.463+0000] {processor.py:208} INFO - Processing /home/airflow/.local/lib/python3.12/site-packages/airflow/example_dags/example_sensor_decorator.py took 0.082 seconds
[2025-11-01T12:45:14.526+0000] {processor.py:186} INFO - Started process (PID=337) to work on /home/airflow/.local/lib/python3.12/site-packages/airflow/example_dags/example_sensor_decorator.py
[2025-11-01T12:45:14.527+0000] {processor.py:914} INFO - Processing file /home/airflow/.local/lib/python3.12/site-packages/airflow/example_dags/example_sensor_decorator.py for tasks to queue
[2025-11-01T12:45:14.531+0000] {logging_mixin.py:190} INFO - [2025-11-01T12:45:14.530+0000] {dagbag.py:588} INFO - Filling up the DagBag from /home/airflow/.local/lib/python3.12/site-packages/airflow/example_dags/example_sensor_decorator.py
[2025-11-01T12:45:14.543+0000] {processor.py:925} INFO - DAG(s) 'example_sensor_decorator' retrieved from /home/airflow/.local/lib/python3.12/site-packages/airflow/example_dags/example_sensor_decorator.py
[2025-11-01T12:45:14.569+0000] {logging_mixin.py:190} INFO - [2025-11-01T12:45:14.568+0000] {dag.py:3239} INFO - Sync 1 DAGs
[2025-11-01T12:45:14.587+0000] {logging_mixin.py:190} INFO - [2025-11-01T12:45:14.587+0000] {dag.py:4180} INFO - Setting next_dagrun for example_sensor_decorator to None, run_after=None
[2025-11-01T12:45:14.609+0000] {processor.py:208} INFO - Processing /home/airflow/.local/lib/python3.12/site-packages/airflow/example_dags/example_sensor_decorator.py took 0.091 seconds
[2025-11-01T12:45:45.041+0000] {processor.py:186} INFO - Started process (PID=408) to work on /home/airflow/.local/lib/python3.12/site-packages/airflow/example_dags/example_sensor_decorator.py
[2025-11-01T12:45:45.042+0000] {processor.py:914} INFO - Processing file /home/airflow/.local/lib/python3.12/site-packages/airflow/example_dags/example_sensor_decorator.py for tasks to queue
[2025-11-01T12:45:45.045+0000] {logging_mixin.py:190} INFO - [2025-11-01T12:45:45.045+0000] {dagbag.py:588} INFO - Filling up the DagBag from /home/airflow/.local/lib/python3.12/site-packages/airflow/example_dags/example_sensor_decorator.py
[2025-11-01T12:45:45.057+0000] {processor.py:925} INFO - DAG(s) 'example_sensor_decorator' retrieved from /home/airflow/.local/lib/python3.12/site-packages/airflow/example_dags/example_sensor_decorator.py
[2025-11-01T12:45:45.084+0000] {logging_mixin.py:190} INFO - [2025-11-01T12:45:45.083+0000] {dag.py:3239} INFO - Sync 1 DAGs
[2025-11-01T12:45:45.103+0000] {logging_mixin.py:190} INFO - [2025-11-01T12:45:45.103+0000] {dag.py:4180} INFO - Setting next_dagrun for example_sensor_decorator to None, run_after=None
[2025-11-01T12:45:45.141+0000] {processor.py:208} INFO - Processing /home/airflow/.local/lib/python3.12/site-packages/airflow/example_dags/example_sensor_decorator.py took 0.108 seconds
[2025-11-01T12:46:16.135+0000] {processor.py:186} INFO - Started process (PID=478) to work on /home/airflow/.local/lib/python3.12/site-packages/airflow/example_dags/example_sensor_decorator.py
[2025-11-01T12:46:16.137+0000] {processor.py:914} INFO - Processing file /home/airflow/.local/lib/python3.12/site-packages/airflow/example_dags/example_sensor_decorator.py for tasks to queue
[2025-11-01T12:46:16.141+0000] {logging_mixin.py:190} INFO - [2025-11-01T12:46:16.141+0000] {dagbag.py:588} INFO - Filling up the DagBag from /home/airflow/.local/lib/python3.12/site-packages/airflow/example_dags/example_sensor_decorator.py
[2025-11-01T12:46:16.155+0000] {processor.py:925} INFO - DAG(s) 'example_sensor_decorator' retrieved from /home/airflow/.local/lib/python3.12/site-packages/airflow/example_dags/example_sensor_decorator.py
[2025-11-01T12:46:16.187+0000] {logging_mixin.py:190} INFO - [2025-11-01T12:46:16.186+0000] {dag.py:3239} INFO - Sync 1 DAGs
[2025-11-01T12:46:16.210+0000] {logging_mixin.py:190} INFO - [2025-11-01T12:46:16.209+0000] {dag.py:4180} INFO - Setting next_dagrun for example_sensor_decorator to None, run_after=None
[2025-11-01T12:46:16.240+0000] {processor.py:208} INFO - Processing /home/airflow/.local/lib/python3.12/site-packages/airflow/example_dags/example_sensor_decorator.py took 0.114 seconds
[2025-11-01T12:46:47.226+0000] {processor.py:186} INFO - Started process (PID=548) to work on /home/airflow/.local/lib/python3.12/site-packages/airflow/example_dags/example_sensor_decorator.py
[2025-11-01T12:46:47.227+0000] {processor.py:914} INFO - Processing file /home/airflow/.local/lib/python3.12/site-packages/airflow/example_dags/example_sensor_decorator.py for tasks to queue
[2025-11-01T12:46:47.231+0000] {logging_mixin.py:190} INFO - [2025-11-01T12:46:47.230+0000] {dagbag.py:588} INFO - Filling up the DagBag from /home/airflow/.local/lib/python3.12/site-packages/airflow/example_dags/example_sensor_decorator.py
[2025-11-01T12:46:47.245+0000] {processor.py:925} INFO - DAG(s) 'example_sensor_decorator' retrieved from /home/airflow/.local/lib/python3.12/site-packages/airflow/example_dags/example_sensor_decorator.py
[2025-11-01T12:46:47.275+0000] {logging_mixin.py:190} INFO - [2025-11-01T12:46:47.274+0000] {dag.py:3239} INFO - Sync 1 DAGs
[2025-11-01T12:46:47.295+0000] {logging_mixin.py:190} INFO - [2025-11-01T12:46:47.295+0000] {dag.py:4180} INFO - Setting next_dagrun for example_sensor_decorator to None, run_after=None
[2025-11-01T12:46:47.322+0000] {processor.py:208} INFO - Processing /home/airflow/.local/lib/python3.12/site-packages/airflow/example_dags/example_sensor_decorator.py took 0.105 seconds
[2025-11-01T12:47:18.462+0000] {processor.py:186} INFO - Started process (PID=618) to work on /home/airflow/.local/lib/python3.12/site-packages/airflow/example_dags/example_sensor_decorator.py
[2025-11-01T12:47:18.464+0000] {processor.py:914} INFO - Processing file /home/airflow/.local/lib/python3.12/site-packages/airflow/example_dags/example_sensor_decorator.py for tasks to queue
[2025-11-01T12:47:18.468+0000] {logging_mixin.py:190} INFO - [2025-11-01T12:47:18.467+0000] {dagbag.py:588} INFO - Filling up the DagBag from /home/airflow/.local/lib/python3.12/site-packages/airflow/example_dags/example_sensor_decorator.py
[2025-11-01T12:47:18.480+0000] {processor.py:925} INFO - DAG(s) 'example_sensor_decorator' retrieved from /home/airflow/.local/lib/python3.12/site-packages/airflow/example_dags/example_sensor_decorator.py
[2025-11-01T12:47:18.508+0000] {logging_mixin.py:190} INFO - [2025-11-01T12:47:18.507+0000] {dag.py:3239} INFO - Sync 1 DAGs
[2025-11-01T12:47:18.526+0000] {logging_mixin.py:190} INFO - [2025-11-01T12:47:18.526+0000] {dag.py:4180} INFO - Setting next_dagrun for example_sensor_decorator to None, run_after=None
[2025-11-01T12:47:18.549+0000] {processor.py:208} INFO - Processing /home/airflow/.local/lib/python3.12/site-packages/airflow/example_dags/example_sensor_decorator.py took 0.095 seconds
[2025-11-01T12:47:49.199+0000] {processor.py:186} INFO - Started process (PID=688) to work on /home/airflow/.local/lib/python3.12/site-packages/airflow/example_dags/example_sensor_decorator.py
[2025-11-01T12:47:49.201+0000] {processor.py:914} INFO - Processing file /home/airflow/.local/lib/python3.12/site-packages/airflow/example_dags/example_sensor_decorator.py for tasks to queue
[2025-11-01T12:47:49.204+0000] {logging_mixin.py:190} INFO - [2025-11-01T12:47:49.204+0000] {dagbag.py:588} INFO - Filling up the DagBag from /home/airflow/.local/lib/python3.12/site-packages/airflow/example_dags/example_sensor_decorator.py
[2025-11-01T12:47:49.216+0000] {processor.py:925} INFO - DAG(s) 'example_sensor_decorator' retrieved from /home/airflow/.local/lib/python3.12/site-packages/airflow/example_dags/example_sensor_decorator.py
[2025-11-01T12:47:49.247+0000] {logging_mixin.py:190} INFO - [2025-11-01T12:47:49.246+0000] {dag.py:3239} INFO - Sync 1 DAGs
[2025-11-01T12:47:49.264+0000] {logging_mixin.py:190} INFO - [2025-11-01T12:47:49.264+0000] {dag.py:4180} INFO - Setting next_dagrun for example_sensor_decorator to None, run_after=None
[2025-11-01T12:47:49.288+0000] {processor.py:208} INFO - Processing /home/airflow/.local/lib/python3.12/site-packages/airflow/example_dags/example_sensor_decorator.py took 0.096 seconds
[2025-11-01T12:48:19.814+0000] {processor.py:186} INFO - Started process (PID=758) to work on /home/airflow/.local/lib/python3.12/site-packages/airflow/example_dags/example_sensor_decorator.py
[2025-11-01T12:48:19.815+0000] {processor.py:914} INFO - Processing file /home/airflow/.local/lib/python3.12/site-packages/airflow/example_dags/example_sensor_decorator.py for tasks to queue
[2025-11-01T12:48:19.819+0000] {logging_mixin.py:190} INFO - [2025-11-01T12:48:19.818+0000] {dagbag.py:588} INFO - Filling up the DagBag from /home/airflow/.local/lib/python3.12/site-packages/airflow/example_dags/example_sensor_decorator.py
[2025-11-01T12:48:19.830+0000] {processor.py:925} INFO - DAG(s) 'example_sensor_decorator' retrieved from /home/airflow/.local/lib/python3.12/site-packages/airflow/example_dags/example_sensor_decorator.py
[2025-11-01T12:48:19.863+0000] {logging_mixin.py:190} INFO - [2025-11-01T12:48:19.863+0000] {dag.py:3239} INFO - Sync 1 DAGs
[2025-11-01T12:48:19.880+0000] {logging_mixin.py:190} INFO - [2025-11-01T12:48:19.880+0000] {dag.py:4180} INFO - Setting next_dagrun for example_sensor_decorator to None, run_after=None
[2025-11-01T12:48:19.902+0000] {processor.py:208} INFO - Processing /home/airflow/.local/lib/python3.12/site-packages/airflow/example_dags/example_sensor_decorator.py took 0.096 seconds
[2025-11-01T12:48:50.454+0000] {processor.py:186} INFO - Started process (PID=829) to work on /home/airflow/.local/lib/python3.12/site-packages/airflow/example_dags/example_sensor_decorator.py
[2025-11-01T12:48:50.456+0000] {processor.py:914} INFO - Processing file /home/airflow/.local/lib/python3.12/site-packages/airflow/example_dags/example_sensor_decorator.py for tasks to queue
[2025-11-01T12:48:50.461+0000] {logging_mixin.py:190} INFO - [2025-11-01T12:48:50.460+0000] {dagbag.py:588} INFO - Filling up the DagBag from /home/airflow/.local/lib/python3.12/site-packages/airflow/example_dags/example_sensor_decorator.py
[2025-11-01T12:48:50.473+0000] {processor.py:925} INFO - DAG(s) 'example_sensor_decorator' retrieved from /home/airflow/.local/lib/python3.12/site-packages/airflow/example_dags/example_sensor_decorator.py
[2025-11-01T12:48:50.498+0000] {logging_mixin.py:190} INFO - [2025-11-01T12:48:50.497+0000] {dag.py:3239} INFO - Sync 1 DAGs
[2025-11-01T12:48:50.516+0000] {logging_mixin.py:190} INFO - [2025-11-01T12:48:50.515+0000] {dag.py:4180} INFO - Setting next_dagrun for example_sensor_decorator to None, run_after=None
[2025-11-01T12:48:50.540+0000] {processor.py:208} INFO - Processing /home/airflow/.local/lib/python3.12/site-packages/airflow/example_dags/example_sensor_decorator.py took 0.095 seconds
[2025-11-01T12:49:20.878+0000] {processor.py:186} INFO - Started process (PID=900) to work on /home/airflow/.local/lib/python3.12/site-packages/airflow/example_dags/example_sensor_decorator.py
[2025-11-01T12:49:20.879+0000] {processor.py:914} INFO - Processing file /home/airflow/.local/lib/python3.12/site-packages/airflow/example_dags/example_sensor_decorator.py for tasks to queue
[2025-11-01T12:49:20.883+0000] {logging_mixin.py:190} INFO - [2025-11-01T12:49:20.882+0000] {dagbag.py:588} INFO - Filling up the DagBag from /home/airflow/.local/lib/python3.12/site-packages/airflow/example_dags/example_sensor_decorator.py
[2025-11-01T12:49:20.894+0000] {processor.py:925} INFO - DAG(s) 'example_sensor_decorator' retrieved from /home/airflow/.local/lib/python3.12/site-packages/airflow/example_dags/example_sensor_decorator.py
[2025-11-01T12:49:20.919+0000] {logging_mixin.py:190} INFO - [2025-11-01T12:49:20.918+0000] {dag.py:3239} INFO - Sync 1 DAGs
[2025-11-01T12:49:20.934+0000] {logging_mixin.py:190} INFO - [2025-11-01T12:49:20.934+0000] {dag.py:4180} INFO - Setting next_dagrun for example_sensor_decorator to None, run_after=None
[2025-11-01T12:49:20.957+0000] {processor.py:208} INFO - Processing /home/airflow/.local/lib/python3.12/site-packages/airflow/example_dags/example_sensor_decorator.py took 0.086 seconds
[2025-11-01T12:49:51.225+0000] {processor.py:186} INFO - Started process (PID=972) to work on /home/airflow/.local/lib/python3.12/site-packages/airflow/example_dags/example_sensor_decorator.py
[2025-11-01T12:49:51.226+0000] {processor.py:914} INFO - Processing file /home/airflow/.local/lib/python3.12/site-packages/airflow/example_dags/example_sensor_decorator.py for tasks to queue
[2025-11-01T12:49:51.230+0000] {logging_mixin.py:190} INFO - [2025-11-01T12:49:51.229+0000] {dagbag.py:588} INFO - Filling up the DagBag from /home/airflow/.local/lib/python3.12/site-packages/airflow/example_dags/example_sensor_decorator.py
[2025-11-01T12:49:51.245+0000] {processor.py:925} INFO - DAG(s) 'example_sensor_decorator' retrieved from /home/airflow/.local/lib/python3.12/site-packages/airflow/example_dags/example_sensor_decorator.py
[2025-11-01T12:49:51.272+0000] {logging_mixin.py:190} INFO - [2025-11-01T12:49:51.271+0000] {dag.py:3239} INFO - Sync 1 DAGs
[2025-11-01T12:49:51.291+0000] {logging_mixin.py:190} INFO - [2025-11-01T12:49:51.290+0000] {dag.py:4180} INFO - Setting next_dagrun for example_sensor_decorator to None, run_after=None
[2025-11-01T12:49:51.323+0000] {processor.py:208} INFO - Processing /home/airflow/.local/lib/python3.12/site-packages/airflow/example_dags/example_sensor_decorator.py took 0.109 seconds
[2025-11-01T12:50:21.633+0000] {processor.py:186} INFO - Started process (PID=1047) to work on /home/airflow/.local/lib/python3.12/site-packages/airflow/example_dags/example_sensor_decorator.py
[2025-11-01T12:50:21.634+0000] {processor.py:914} INFO - Processing file /home/airflow/.local/lib/python3.12/site-packages/airflow/example_dags/example_sensor_decorator.py for tasks to queue
[2025-11-01T12:50:21.638+0000] {logging_mixin.py:190} INFO - [2025-11-01T12:50:21.637+0000] {dagbag.py:588} INFO - Filling up the DagBag from /home/airflow/.local/lib/python3.12/site-packages/airflow/example_dags/example_sensor_decorator.py
[2025-11-01T12:50:21.650+0000] {processor.py:925} INFO - DAG(s) 'example_sensor_decorator' retrieved from /home/airflow/.local/lib/python3.12/site-packages/airflow/example_dags/example_sensor_decorator.py
[2025-11-01T12:50:21.678+0000] {logging_mixin.py:190} INFO - [2025-11-01T12:50:21.678+0000] {dag.py:3239} INFO - Sync 1 DAGs
[2025-11-01T12:50:21.697+0000] {logging_mixin.py:190} INFO - [2025-11-01T12:50:21.697+0000] {dag.py:4180} INFO - Setting next_dagrun for example_sensor_decorator to None, run_after=None
[2025-11-01T12:50:21.723+0000] {processor.py:208} INFO - Processing /home/airflow/.local/lib/python3.12/site-packages/airflow/example_dags/example_sensor_decorator.py took 0.098 seconds
[2025-11-01T12:50:52.271+0000] {processor.py:186} INFO - Started process (PID=1118) to work on /home/airflow/.local/lib/python3.12/site-packages/airflow/example_dags/example_sensor_decorator.py
[2025-11-01T12:50:52.273+0000] {processor.py:914} INFO - Processing file /home/airflow/.local/lib/python3.12/site-packages/airflow/example_dags/example_sensor_decorator.py for tasks to queue
[2025-11-01T12:50:52.277+0000] {logging_mixin.py:190} INFO - [2025-11-01T12:50:52.276+0000] {dagbag.py:588} INFO - Filling up the DagBag from /home/airflow/.local/lib/python3.12/site-packages/airflow/example_dags/example_sensor_decorator.py
[2025-11-01T12:50:52.290+0000] {processor.py:925} INFO - DAG(s) 'example_sensor_decorator' retrieved from /home/airflow/.local/lib/python3.12/site-packages/airflow/example_dags/example_sensor_decorator.py
[2025-11-01T12:50:52.319+0000] {logging_mixin.py:190} INFO - [2025-11-01T12:50:52.318+0000] {dag.py:3239} INFO - Sync 1 DAGs
[2025-11-01T12:50:52.338+0000] {logging_mixin.py:190} INFO - [2025-11-01T12:50:52.338+0000] {dag.py:4180} INFO - Setting next_dagrun for example_sensor_decorator to None, run_after=None
[2025-11-01T12:50:52.363+0000] {processor.py:208} INFO - Processing /home/airflow/.local/lib/python3.12/site-packages/airflow/example_dags/example_sensor_decorator.py took 0.100 seconds
[2025-11-01T12:51:22.555+0000] {processor.py:186} INFO - Started process (PID=1189) to work on /home/airflow/.local/lib/python3.12/site-packages/airflow/example_dags/example_sensor_decorator.py
[2025-11-01T12:51:22.557+0000] {processor.py:914} INFO - Processing file /home/airflow/.local/lib/python3.12/site-packages/airflow/example_dags/example_sensor_decorator.py for tasks to queue
[2025-11-01T12:51:22.561+0000] {logging_mixin.py:190} INFO - [2025-11-01T12:51:22.560+0000] {dagbag.py:588} INFO - Filling up the DagBag from /home/airflow/.local/lib/python3.12/site-packages/airflow/example_dags/example_sensor_decorator.py
[2025-11-01T12:51:22.573+0000] {processor.py:925} INFO - DAG(s) 'example_sensor_decorator' retrieved from /home/airflow/.local/lib/python3.12/site-packages/airflow/example_dags/example_sensor_decorator.py
[2025-11-01T12:51:22.598+0000] {logging_mixin.py:190} INFO - [2025-11-01T12:51:22.597+0000] {dag.py:3239} INFO - Sync 1 DAGs
[2025-11-01T12:51:22.614+0000] {logging_mixin.py:190} INFO - [2025-11-01T12:51:22.614+0000] {dag.py:4180} INFO - Setting next_dagrun for example_sensor_decorator to None, run_after=None
[2025-11-01T12:51:22.636+0000] {processor.py:208} INFO - Processing /home/airflow/.local/lib/python3.12/site-packages/airflow/example_dags/example_sensor_decorator.py took 0.088 seconds
[2025-11-01T12:51:53.373+0000] {processor.py:186} INFO - Started process (PID=1260) to work on /home/airflow/.local/lib/python3.12/site-packages/airflow/example_dags/example_sensor_decorator.py
[2025-11-01T12:51:53.375+0000] {processor.py:914} INFO - Processing file /home/airflow/.local/lib/python3.12/site-packages/airflow/example_dags/example_sensor_decorator.py for tasks to queue
[2025-11-01T12:51:53.378+0000] {logging_mixin.py:190} INFO - [2025-11-01T12:51:53.378+0000] {dagbag.py:588} INFO - Filling up the DagBag from /home/airflow/.local/lib/python3.12/site-packages/airflow/example_dags/example_sensor_decorator.py
[2025-11-01T12:51:53.391+0000] {processor.py:925} INFO - DAG(s) 'example_sensor_decorator' retrieved from /home/airflow/.local/lib/python3.12/site-packages/airflow/example_dags/example_sensor_decorator.py
[2025-11-01T12:51:53.417+0000] {logging_mixin.py:190} INFO - [2025-11-01T12:51:53.416+0000] {dag.py:3239} INFO - Sync 1 DAGs
[2025-11-01T12:51:53.433+0000] {logging_mixin.py:190} INFO - [2025-11-01T12:51:53.433+0000] {dag.py:4180} INFO - Setting next_dagrun for example_sensor_decorator to None, run_after=None
[2025-11-01T12:51:53.456+0000] {processor.py:208} INFO - Processing /home/airflow/.local/lib/python3.12/site-packages/airflow/example_dags/example_sensor_decorator.py took 0.091 seconds
[2025-11-01T12:52:24.677+0000] {processor.py:186} INFO - Started process (PID=1331) to work on /home/airflow/.local/lib/python3.12/site-packages/airflow/example_dags/example_sensor_decorator.py
[2025-11-01T12:52:24.678+0000] {processor.py:914} INFO - Processing file /home/airflow/.local/lib/python3.12/site-packages/airflow/example_dags/example_sensor_decorator.py for tasks to queue
[2025-11-01T12:52:24.682+0000] {logging_mixin.py:190} INFO - [2025-11-01T12:52:24.682+0000] {dagbag.py:588} INFO - Filling up the DagBag from /home/airflow/.local/lib/python3.12/site-packages/airflow/example_dags/example_sensor_decorator.py
[2025-11-01T12:52:24.694+0000] {processor.py:925} INFO - DAG(s) 'example_sensor_decorator' retrieved from /home/airflow/.local/lib/python3.12/site-packages/airflow/example_dags/example_sensor_decorator.py
[2025-11-01T12:52:24.721+0000] {logging_mixin.py:190} INFO - [2025-11-01T12:52:24.720+0000] {dag.py:3239} INFO - Sync 1 DAGs
[2025-11-01T12:52:24.739+0000] {logging_mixin.py:190} INFO - [2025-11-01T12:52:24.739+0000] {dag.py:4180} INFO - Setting next_dagrun for example_sensor_decorator to None, run_after=None
[2025-11-01T12:52:24.761+0000] {processor.py:208} INFO - Processing /home/airflow/.local/lib/python3.12/site-packages/airflow/example_dags/example_sensor_decorator.py took 0.092 seconds
[2025-11-01T12:52:55.340+0000] {processor.py:186} INFO - Started process (PID=1402) to work on /home/airflow/.local/lib/python3.12/site-packages/airflow/example_dags/example_sensor_decorator.py
[2025-11-01T12:52:55.341+0000] {processor.py:914} INFO - Processing file /home/airflow/.local/lib/python3.12/site-packages/airflow/example_dags/example_sensor_decorator.py for tasks to queue
[2025-11-01T12:52:55.345+0000] {logging_mixin.py:190} INFO - [2025-11-01T12:52:55.344+0000] {dagbag.py:588} INFO - Filling up the DagBag from /home/airflow/.local/lib/python3.12/site-packages/airflow/example_dags/example_sensor_decorator.py
[2025-11-01T12:52:55.358+0000] {processor.py:925} INFO - DAG(s) 'example_sensor_decorator' retrieved from /home/airflow/.local/lib/python3.12/site-packages/airflow/example_dags/example_sensor_decorator.py
[2025-11-01T12:52:55.386+0000] {logging_mixin.py:190} INFO - [2025-11-01T12:52:55.386+0000] {dag.py:3239} INFO - Sync 1 DAGs
[2025-11-01T12:52:55.403+0000] {logging_mixin.py:190} INFO - [2025-11-01T12:52:55.403+0000] {dag.py:4180} INFO - Setting next_dagrun for example_sensor_decorator to None, run_after=None
[2025-11-01T12:52:55.425+0000] {processor.py:208} INFO - Processing /home/airflow/.local/lib/python3.12/site-packages/airflow/example_dags/example_sensor_decorator.py took 0.093 seconds
[2025-11-01T12:53:25.660+0000] {processor.py:186} INFO - Started process (PID=1473) to work on /home/airflow/.local/lib/python3.12/site-packages/airflow/example_dags/example_sensor_decorator.py
[2025-11-01T12:53:25.662+0000] {processor.py:914} INFO - Processing file /home/airflow/.local/lib/python3.12/site-packages/airflow/example_dags/example_sensor_decorator.py for tasks to queue
[2025-11-01T12:53:25.666+0000] {logging_mixin.py:190} INFO - [2025-11-01T12:53:25.666+0000] {dagbag.py:588} INFO - Filling up the DagBag from /home/airflow/.local/lib/python3.12/site-packages/airflow/example_dags/example_sensor_decorator.py
[2025-11-01T12:53:25.683+0000] {processor.py:925} INFO - DAG(s) 'example_sensor_decorator' retrieved from /home/airflow/.local/lib/python3.12/site-packages/airflow/example_dags/example_sensor_decorator.py
[2025-11-01T12:53:25.721+0000] {logging_mixin.py:190} INFO - [2025-11-01T12:53:25.719+0000] {dag.py:3239} INFO - Sync 1 DAGs
[2025-11-01T12:53:25.744+0000] {logging_mixin.py:190} INFO - [2025-11-01T12:53:25.744+0000] {dag.py:4180} INFO - Setting next_dagrun for example_sensor_decorator to None, run_after=None
[2025-11-01T12:53:25.772+0000] {processor.py:208} INFO - Processing /home/airflow/.local/lib/python3.12/site-packages/airflow/example_dags/example_sensor_decorator.py took 0.122 seconds
[2025-11-01T12:53:56.607+0000] {processor.py:186} INFO - Started process (PID=1551) to work on /home/airflow/.local/lib/python3.12/site-packages/airflow/example_dags/example_sensor_decorator.py
[2025-11-01T12:53:56.608+0000] {processor.py:914} INFO - Processing file /home/airflow/.local/lib/python3.12/site-packages/airflow/example_dags/example_sensor_decorator.py for tasks to queue
[2025-11-01T12:53:56.612+0000] {logging_mixin.py:190} INFO - [2025-11-01T12:53:56.611+0000] {dagbag.py:588} INFO - Filling up the DagBag from /home/airflow/.local/lib/python3.12/site-packages/airflow/example_dags/example_sensor_decorator.py
[2025-11-01T12:53:56.623+0000] {processor.py:925} INFO - DAG(s) 'example_sensor_decorator' retrieved from /home/airflow/.local/lib/python3.12/site-packages/airflow/example_dags/example_sensor_decorator.py
[2025-11-01T12:53:56.654+0000] {logging_mixin.py:190} INFO - [2025-11-01T12:53:56.654+0000] {dag.py:3239} INFO - Sync 1 DAGs
[2025-11-01T12:53:56.673+0000] {logging_mixin.py:190} INFO - [2025-11-01T12:53:56.673+0000] {dag.py:4180} INFO - Setting next_dagrun for example_sensor_decorator to None, run_after=None
[2025-11-01T12:53:56.696+0000] {processor.py:208} INFO - Processing /home/airflow/.local/lib/python3.12/site-packages/airflow/example_dags/example_sensor_decorator.py took 0.097 seconds
[2025-11-01T12:54:27.113+0000] {processor.py:186} INFO - Started process (PID=1622) to work on /home/airflow/.local/lib/python3.12/site-packages/airflow/example_dags/example_sensor_decorator.py
[2025-11-01T12:54:27.115+0000] {processor.py:914} INFO - Processing file /home/airflow/.local/lib/python3.12/site-packages/airflow/example_dags/example_sensor_decorator.py for tasks to queue
[2025-11-01T12:54:27.119+0000] {logging_mixin.py:190} INFO - [2025-11-01T12:54:27.118+0000] {dagbag.py:588} INFO - Filling up the DagBag from /home/airflow/.local/lib/python3.12/site-packages/airflow/example_dags/example_sensor_decorator.py
[2025-11-01T12:54:27.131+0000] {processor.py:925} INFO - DAG(s) 'example_sensor_decorator' retrieved from /home/airflow/.local/lib/python3.12/site-packages/airflow/example_dags/example_sensor_decorator.py
[2025-11-01T12:54:27.158+0000] {logging_mixin.py:190} INFO - [2025-11-01T12:54:27.157+0000] {dag.py:3239} INFO - Sync 1 DAGs
[2025-11-01T12:54:27.176+0000] {logging_mixin.py:190} INFO - [2025-11-01T12:54:27.176+0000] {dag.py:4180} INFO - Setting next_dagrun for example_sensor_decorator to None, run_after=None
[2025-11-01T12:54:27.198+0000] {processor.py:208} INFO - Processing /home/airflow/.local/lib/python3.12/site-packages/airflow/example_dags/example_sensor_decorator.py took 0.092 seconds
[2025-11-01T12:54:57.400+0000] {processor.py:186} INFO - Started process (PID=1693) to work on /home/airflow/.local/lib/python3.12/site-packages/airflow/example_dags/example_sensor_decorator.py
[2025-11-01T12:54:57.401+0000] {processor.py:914} INFO - Processing file /home/airflow/.local/lib/python3.12/site-packages/airflow/example_dags/example_sensor_decorator.py for tasks to queue
[2025-11-01T12:54:57.405+0000] {logging_mixin.py:190} INFO - [2025-11-01T12:54:57.404+0000] {dagbag.py:588} INFO - Filling up the DagBag from /home/airflow/.local/lib/python3.12/site-packages/airflow/example_dags/example_sensor_decorator.py
[2025-11-01T12:54:57.416+0000] {processor.py:925} INFO - DAG(s) 'example_sensor_decorator' retrieved from /home/airflow/.local/lib/python3.12/site-packages/airflow/example_dags/example_sensor_decorator.py
[2025-11-01T12:54:57.442+0000] {logging_mixin.py:190} INFO - [2025-11-01T12:54:57.441+0000] {dag.py:3239} INFO - Sync 1 DAGs
[2025-11-01T12:54:57.458+0000] {logging_mixin.py:190} INFO - [2025-11-01T12:54:57.458+0000] {dag.py:4180} INFO - Setting next_dagrun for example_sensor_decorator to None, run_after=None
[2025-11-01T12:54:57.480+0000] {processor.py:208} INFO - Processing /home/airflow/.local/lib/python3.12/site-packages/airflow/example_dags/example_sensor_decorator.py took 0.088 seconds
[2025-11-01T12:55:27.759+0000] {processor.py:186} INFO - Started process (PID=1764) to work on /home/airflow/.local/lib/python3.12/site-packages/airflow/example_dags/example_sensor_decorator.py
[2025-11-01T12:55:27.760+0000] {processor.py:914} INFO - Processing file /home/airflow/.local/lib/python3.12/site-packages/airflow/example_dags/example_sensor_decorator.py for tasks to queue
[2025-11-01T12:55:27.764+0000] {logging_mixin.py:190} INFO - [2025-11-01T12:55:27.763+0000] {dagbag.py:588} INFO - Filling up the DagBag from /home/airflow/.local/lib/python3.12/site-packages/airflow/example_dags/example_sensor_decorator.py
[2025-11-01T12:55:27.776+0000] {processor.py:925} INFO - DAG(s) 'example_sensor_decorator' retrieved from /home/airflow/.local/lib/python3.12/site-packages/airflow/example_dags/example_sensor_decorator.py
[2025-11-01T12:55:27.801+0000] {logging_mixin.py:190} INFO - [2025-11-01T12:55:27.800+0000] {dag.py:3239} INFO - Sync 1 DAGs
[2025-11-01T12:55:27.816+0000] {logging_mixin.py:190} INFO - [2025-11-01T12:55:27.816+0000] {dag.py:4180} INFO - Setting next_dagrun for example_sensor_decorator to None, run_after=None
[2025-11-01T12:55:27.835+0000] {processor.py:208} INFO - Processing /home/airflow/.local/lib/python3.12/site-packages/airflow/example_dags/example_sensor_decorator.py took 0.084 seconds
[2025-11-01T12:55:58.084+0000] {processor.py:186} INFO - Started process (PID=1835) to work on /home/airflow/.local/lib/python3.12/site-packages/airflow/example_dags/example_sensor_decorator.py
[2025-11-01T12:55:58.085+0000] {processor.py:914} INFO - Processing file /home/airflow/.local/lib/python3.12/site-packages/airflow/example_dags/example_sensor_decorator.py for tasks to queue
[2025-11-01T12:55:58.089+0000] {logging_mixin.py:190} INFO - [2025-11-01T12:55:58.089+0000] {dagbag.py:588} INFO - Filling up the DagBag from /home/airflow/.local/lib/python3.12/site-packages/airflow/example_dags/example_sensor_decorator.py
[2025-11-01T12:55:58.103+0000] {processor.py:925} INFO - DAG(s) 'example_sensor_decorator' retrieved from /home/airflow/.local/lib/python3.12/site-packages/airflow/example_dags/example_sensor_decorator.py
[2025-11-01T12:55:58.131+0000] {logging_mixin.py:190} INFO - [2025-11-01T12:55:58.130+0000] {dag.py:3239} INFO - Sync 1 DAGs
[2025-11-01T12:55:58.148+0000] {logging_mixin.py:190} INFO - [2025-11-01T12:55:58.148+0000] {dag.py:4180} INFO - Setting next_dagrun for example_sensor_decorator to None, run_after=None
[2025-11-01T12:55:58.177+0000] {processor.py:208} INFO - Processing /home/airflow/.local/lib/python3.12/site-packages/airflow/example_dags/example_sensor_decorator.py took 0.102 seconds
[2025-11-01T12:56:28.457+0000] {processor.py:186} INFO - Started process (PID=1906) to work on /home/airflow/.local/lib/python3.12/site-packages/airflow/example_dags/example_sensor_decorator.py
[2025-11-01T12:56:28.458+0000] {processor.py:914} INFO - Processing file /home/airflow/.local/lib/python3.12/site-packages/airflow/example_dags/example_sensor_decorator.py for tasks to queue
[2025-11-01T12:56:28.462+0000] {logging_mixin.py:190} INFO - [2025-11-01T12:56:28.461+0000] {dagbag.py:588} INFO - Filling up the DagBag from /home/airflow/.local/lib/python3.12/site-packages/airflow/example_dags/example_sensor_decorator.py
[2025-11-01T12:56:28.475+0000] {processor.py:925} INFO - DAG(s) 'example_sensor_decorator' retrieved from /home/airflow/.local/lib/python3.12/site-packages/airflow/example_dags/example_sensor_decorator.py
[2025-11-01T12:56:28.505+0000] {logging_mixin.py:190} INFO - [2025-11-01T12:56:28.504+0000] {dag.py:3239} INFO - Sync 1 DAGs
[2025-11-01T12:56:28.526+0000] {logging_mixin.py:190} INFO - [2025-11-01T12:56:28.526+0000] {dag.py:4180} INFO - Setting next_dagrun for example_sensor_decorator to None, run_after=None
[2025-11-01T12:56:28.557+0000] {processor.py:208} INFO - Processing /home/airflow/.local/lib/python3.12/site-packages/airflow/example_dags/example_sensor_decorator.py took 0.108 seconds
