[2025-11-01T12:43:40.114+0000] {processor.py:186} INFO - Started process (PID=117) to work on /home/airflow/.local/lib/python3.12/site-packages/airflow/example_dags/example_task_group.py
[2025-11-01T12:43:40.115+0000] {processor.py:914} INFO - Processing file /home/airflow/.local/lib/python3.12/site-packages/airflow/example_dags/example_task_group.py for tasks to queue
[2025-11-01T12:43:40.118+0000] {logging_mixin.py:190} INFO - [2025-11-01T12:43:40.118+0000] {dagbag.py:588} INFO - Filling up the DagBag from /home/airflow/.local/lib/python3.12/site-packages/airflow/example_dags/example_task_group.py
[2025-11-01T12:43:40.135+0000] {processor.py:925} INFO - DAG(s) 'example_task_group' retrieved from /home/airflow/.local/lib/python3.12/site-packages/airflow/example_dags/example_task_group.py
[2025-11-01T12:43:40.283+0000] {logging_mixin.py:190} INFO - [2025-11-01T12:43:40.282+0000] {override.py:1911} INFO - Created Permission View: can delete on DAG:example_task_group
[2025-11-01T12:43:40.298+0000] {logging_mixin.py:190} INFO - [2025-11-01T12:43:40.297+0000] {override.py:1911} INFO - Created Permission View: can edit on DAG:example_task_group
[2025-11-01T12:43:40.306+0000] {logging_mixin.py:190} INFO - [2025-11-01T12:43:40.305+0000] {override.py:1911} INFO - Created Permission View: can read on DAG:example_task_group
[2025-11-01T12:43:40.316+0000] {logging_mixin.py:190} INFO - [2025-11-01T12:43:40.316+0000] {override.py:1911} INFO - Created Permission View: menu access on DAG Run:example_task_group
[2025-11-01T12:43:40.325+0000] {logging_mixin.py:190} INFO - [2025-11-01T12:43:40.325+0000] {override.py:1911} INFO - Created Permission View: can delete on DAG Run:example_task_group
[2025-11-01T12:43:40.335+0000] {logging_mixin.py:190} INFO - [2025-11-01T12:43:40.335+0000] {override.py:1911} INFO - Created Permission View: can create on DAG Run:example_task_group
[2025-11-01T12:43:40.345+0000] {logging_mixin.py:190} INFO - [2025-11-01T12:43:40.345+0000] {override.py:1911} INFO - Created Permission View: can read on DAG Run:example_task_group
[2025-11-01T12:43:40.346+0000] {logging_mixin.py:190} INFO - [2025-11-01T12:43:40.346+0000] {dag.py:3239} INFO - Sync 1 DAGs
[2025-11-01T12:43:40.360+0000] {logging_mixin.py:190} INFO - [2025-11-01T12:43:40.360+0000] {dag.py:3262} INFO - Creating ORM DAG for example_task_group
[2025-11-01T12:43:40.361+0000] {logging_mixin.py:190} INFO - [2025-11-01T12:43:40.361+0000] {dag.py:4180} INFO - Setting next_dagrun for example_task_group to None, run_after=None
[2025-11-01T12:43:40.382+0000] {processor.py:208} INFO - Processing /home/airflow/.local/lib/python3.12/site-packages/airflow/example_dags/example_task_group.py took 0.276 seconds
[2025-11-01T12:44:10.870+0000] {processor.py:186} INFO - Started process (PID=187) to work on /home/airflow/.local/lib/python3.12/site-packages/airflow/example_dags/example_task_group.py
[2025-11-01T12:44:10.871+0000] {processor.py:914} INFO - Processing file /home/airflow/.local/lib/python3.12/site-packages/airflow/example_dags/example_task_group.py for tasks to queue
[2025-11-01T12:44:10.875+0000] {logging_mixin.py:190} INFO - [2025-11-01T12:44:10.874+0000] {dagbag.py:588} INFO - Filling up the DagBag from /home/airflow/.local/lib/python3.12/site-packages/airflow/example_dags/example_task_group.py
[2025-11-01T12:44:10.888+0000] {processor.py:925} INFO - DAG(s) 'example_task_group' retrieved from /home/airflow/.local/lib/python3.12/site-packages/airflow/example_dags/example_task_group.py
[2025-11-01T12:44:10.916+0000] {logging_mixin.py:190} INFO - [2025-11-01T12:44:10.916+0000] {dag.py:3239} INFO - Sync 1 DAGs
[2025-11-01T12:44:10.934+0000] {logging_mixin.py:190} INFO - [2025-11-01T12:44:10.933+0000] {dag.py:4180} INFO - Setting next_dagrun for example_task_group to None, run_after=None
[2025-11-01T12:44:10.957+0000] {processor.py:208} INFO - Processing /home/airflow/.local/lib/python3.12/site-packages/airflow/example_dags/example_task_group.py took 0.095 seconds
[2025-11-01T12:44:41.436+0000] {processor.py:186} INFO - Started process (PID=257) to work on /home/airflow/.local/lib/python3.12/site-packages/airflow/example_dags/example_task_group.py
[2025-11-01T12:44:41.438+0000] {processor.py:914} INFO - Processing file /home/airflow/.local/lib/python3.12/site-packages/airflow/example_dags/example_task_group.py for tasks to queue
[2025-11-01T12:44:41.441+0000] {logging_mixin.py:190} INFO - [2025-11-01T12:44:41.441+0000] {dagbag.py:588} INFO - Filling up the DagBag from /home/airflow/.local/lib/python3.12/site-packages/airflow/example_dags/example_task_group.py
[2025-11-01T12:44:41.453+0000] {processor.py:925} INFO - DAG(s) 'example_task_group' retrieved from /home/airflow/.local/lib/python3.12/site-packages/airflow/example_dags/example_task_group.py
[2025-11-01T12:44:41.479+0000] {logging_mixin.py:190} INFO - [2025-11-01T12:44:41.479+0000] {dag.py:3239} INFO - Sync 1 DAGs
[2025-11-01T12:44:41.494+0000] {logging_mixin.py:190} INFO - [2025-11-01T12:44:41.494+0000] {dag.py:4180} INFO - Setting next_dagrun for example_task_group to None, run_after=None
[2025-11-01T12:44:41.516+0000] {processor.py:208} INFO - Processing /home/airflow/.local/lib/python3.12/site-packages/airflow/example_dags/example_task_group.py took 0.087 seconds
[2025-11-01T12:45:12.145+0000] {processor.py:186} INFO - Started process (PID=327) to work on /home/airflow/.local/lib/python3.12/site-packages/airflow/example_dags/example_task_group.py
[2025-11-01T12:45:12.147+0000] {processor.py:914} INFO - Processing file /home/airflow/.local/lib/python3.12/site-packages/airflow/example_dags/example_task_group.py for tasks to queue
[2025-11-01T12:45:12.151+0000] {logging_mixin.py:190} INFO - [2025-11-01T12:45:12.150+0000] {dagbag.py:588} INFO - Filling up the DagBag from /home/airflow/.local/lib/python3.12/site-packages/airflow/example_dags/example_task_group.py
[2025-11-01T12:45:12.164+0000] {processor.py:925} INFO - DAG(s) 'example_task_group' retrieved from /home/airflow/.local/lib/python3.12/site-packages/airflow/example_dags/example_task_group.py
[2025-11-01T12:45:12.192+0000] {logging_mixin.py:190} INFO - [2025-11-01T12:45:12.192+0000] {dag.py:3239} INFO - Sync 1 DAGs
[2025-11-01T12:45:12.214+0000] {logging_mixin.py:190} INFO - [2025-11-01T12:45:12.214+0000] {dag.py:4180} INFO - Setting next_dagrun for example_task_group to None, run_after=None
[2025-11-01T12:45:12.240+0000] {processor.py:208} INFO - Processing /home/airflow/.local/lib/python3.12/site-packages/airflow/example_dags/example_task_group.py took 0.102 seconds
[2025-11-01T12:45:42.870+0000] {processor.py:186} INFO - Started process (PID=398) to work on /home/airflow/.local/lib/python3.12/site-packages/airflow/example_dags/example_task_group.py
[2025-11-01T12:45:42.872+0000] {processor.py:914} INFO - Processing file /home/airflow/.local/lib/python3.12/site-packages/airflow/example_dags/example_task_group.py for tasks to queue
[2025-11-01T12:45:42.884+0000] {logging_mixin.py:190} INFO - [2025-11-01T12:45:42.883+0000] {dagbag.py:588} INFO - Filling up the DagBag from /home/airflow/.local/lib/python3.12/site-packages/airflow/example_dags/example_task_group.py
[2025-11-01T12:45:42.905+0000] {processor.py:925} INFO - DAG(s) 'example_task_group' retrieved from /home/airflow/.local/lib/python3.12/site-packages/airflow/example_dags/example_task_group.py
[2025-11-01T12:45:42.955+0000] {logging_mixin.py:190} INFO - [2025-11-01T12:45:42.955+0000] {dag.py:3239} INFO - Sync 1 DAGs
[2025-11-01T12:45:42.979+0000] {logging_mixin.py:190} INFO - [2025-11-01T12:45:42.979+0000] {dag.py:4180} INFO - Setting next_dagrun for example_task_group to None, run_after=None
[2025-11-01T12:45:43.016+0000] {processor.py:208} INFO - Processing /home/airflow/.local/lib/python3.12/site-packages/airflow/example_dags/example_task_group.py took 0.156 seconds
[2025-11-01T12:46:13.162+0000] {processor.py:186} INFO - Started process (PID=468) to work on /home/airflow/.local/lib/python3.12/site-packages/airflow/example_dags/example_task_group.py
[2025-11-01T12:46:13.163+0000] {processor.py:914} INFO - Processing file /home/airflow/.local/lib/python3.12/site-packages/airflow/example_dags/example_task_group.py for tasks to queue
[2025-11-01T12:46:13.167+0000] {logging_mixin.py:190} INFO - [2025-11-01T12:46:13.166+0000] {dagbag.py:588} INFO - Filling up the DagBag from /home/airflow/.local/lib/python3.12/site-packages/airflow/example_dags/example_task_group.py
[2025-11-01T12:46:13.180+0000] {processor.py:925} INFO - DAG(s) 'example_task_group' retrieved from /home/airflow/.local/lib/python3.12/site-packages/airflow/example_dags/example_task_group.py
[2025-11-01T12:46:13.206+0000] {logging_mixin.py:190} INFO - [2025-11-01T12:46:13.206+0000] {dag.py:3239} INFO - Sync 1 DAGs
[2025-11-01T12:46:13.227+0000] {logging_mixin.py:190} INFO - [2025-11-01T12:46:13.227+0000] {dag.py:4180} INFO - Setting next_dagrun for example_task_group to None, run_after=None
[2025-11-01T12:46:13.251+0000] {processor.py:208} INFO - Processing /home/airflow/.local/lib/python3.12/site-packages/airflow/example_dags/example_task_group.py took 0.097 seconds
[2025-11-01T12:46:43.917+0000] {processor.py:186} INFO - Started process (PID=538) to work on /home/airflow/.local/lib/python3.12/site-packages/airflow/example_dags/example_task_group.py
[2025-11-01T12:46:43.919+0000] {processor.py:914} INFO - Processing file /home/airflow/.local/lib/python3.12/site-packages/airflow/example_dags/example_task_group.py for tasks to queue
[2025-11-01T12:46:43.923+0000] {logging_mixin.py:190} INFO - [2025-11-01T12:46:43.923+0000] {dagbag.py:588} INFO - Filling up the DagBag from /home/airflow/.local/lib/python3.12/site-packages/airflow/example_dags/example_task_group.py
[2025-11-01T12:46:43.941+0000] {processor.py:925} INFO - DAG(s) 'example_task_group' retrieved from /home/airflow/.local/lib/python3.12/site-packages/airflow/example_dags/example_task_group.py
[2025-11-01T12:46:43.979+0000] {logging_mixin.py:190} INFO - [2025-11-01T12:46:43.979+0000] {dag.py:3239} INFO - Sync 1 DAGs
[2025-11-01T12:46:43.998+0000] {logging_mixin.py:190} INFO - [2025-11-01T12:46:43.998+0000] {dag.py:4180} INFO - Setting next_dagrun for example_task_group to None, run_after=None
[2025-11-01T12:46:44.023+0000] {processor.py:208} INFO - Processing /home/airflow/.local/lib/python3.12/site-packages/airflow/example_dags/example_task_group.py took 0.117 seconds
[2025-11-01T12:47:14.218+0000] {processor.py:186} INFO - Started process (PID=608) to work on /home/airflow/.local/lib/python3.12/site-packages/airflow/example_dags/example_task_group.py
[2025-11-01T12:47:14.219+0000] {processor.py:914} INFO - Processing file /home/airflow/.local/lib/python3.12/site-packages/airflow/example_dags/example_task_group.py for tasks to queue
[2025-11-01T12:47:14.222+0000] {logging_mixin.py:190} INFO - [2025-11-01T12:47:14.222+0000] {dagbag.py:588} INFO - Filling up the DagBag from /home/airflow/.local/lib/python3.12/site-packages/airflow/example_dags/example_task_group.py
[2025-11-01T12:47:14.235+0000] {processor.py:925} INFO - DAG(s) 'example_task_group' retrieved from /home/airflow/.local/lib/python3.12/site-packages/airflow/example_dags/example_task_group.py
[2025-11-01T12:47:14.266+0000] {logging_mixin.py:190} INFO - [2025-11-01T12:47:14.266+0000] {dag.py:3239} INFO - Sync 1 DAGs
[2025-11-01T12:47:14.284+0000] {logging_mixin.py:190} INFO - [2025-11-01T12:47:14.284+0000] {dag.py:4180} INFO - Setting next_dagrun for example_task_group to None, run_after=None
[2025-11-01T12:47:14.307+0000] {processor.py:208} INFO - Processing /home/airflow/.local/lib/python3.12/site-packages/airflow/example_dags/example_task_group.py took 0.096 seconds
[2025-11-01T12:47:44.474+0000] {processor.py:186} INFO - Started process (PID=678) to work on /home/airflow/.local/lib/python3.12/site-packages/airflow/example_dags/example_task_group.py
[2025-11-01T12:47:44.475+0000] {processor.py:914} INFO - Processing file /home/airflow/.local/lib/python3.12/site-packages/airflow/example_dags/example_task_group.py for tasks to queue
[2025-11-01T12:47:44.478+0000] {logging_mixin.py:190} INFO - [2025-11-01T12:47:44.478+0000] {dagbag.py:588} INFO - Filling up the DagBag from /home/airflow/.local/lib/python3.12/site-packages/airflow/example_dags/example_task_group.py
[2025-11-01T12:47:44.491+0000] {processor.py:925} INFO - DAG(s) 'example_task_group' retrieved from /home/airflow/.local/lib/python3.12/site-packages/airflow/example_dags/example_task_group.py
[2025-11-01T12:47:44.520+0000] {logging_mixin.py:190} INFO - [2025-11-01T12:47:44.520+0000] {dag.py:3239} INFO - Sync 1 DAGs
[2025-11-01T12:47:44.536+0000] {logging_mixin.py:190} INFO - [2025-11-01T12:47:44.535+0000] {dag.py:4180} INFO - Setting next_dagrun for example_task_group to None, run_after=None
[2025-11-01T12:47:44.559+0000] {processor.py:208} INFO - Processing /home/airflow/.local/lib/python3.12/site-packages/airflow/example_dags/example_task_group.py took 0.092 seconds
[2025-11-01T12:48:14.763+0000] {processor.py:186} INFO - Started process (PID=747) to work on /home/airflow/.local/lib/python3.12/site-packages/airflow/example_dags/example_task_group.py
[2025-11-01T12:48:14.764+0000] {processor.py:914} INFO - Processing file /home/airflow/.local/lib/python3.12/site-packages/airflow/example_dags/example_task_group.py for tasks to queue
[2025-11-01T12:48:14.767+0000] {logging_mixin.py:190} INFO - [2025-11-01T12:48:14.767+0000] {dagbag.py:588} INFO - Filling up the DagBag from /home/airflow/.local/lib/python3.12/site-packages/airflow/example_dags/example_task_group.py
[2025-11-01T12:48:14.780+0000] {processor.py:925} INFO - DAG(s) 'example_task_group' retrieved from /home/airflow/.local/lib/python3.12/site-packages/airflow/example_dags/example_task_group.py
[2025-11-01T12:48:14.805+0000] {logging_mixin.py:190} INFO - [2025-11-01T12:48:14.805+0000] {dag.py:3239} INFO - Sync 1 DAGs
[2025-11-01T12:48:14.820+0000] {logging_mixin.py:190} INFO - [2025-11-01T12:48:14.820+0000] {dag.py:4180} INFO - Setting next_dagrun for example_task_group to None, run_after=None
[2025-11-01T12:48:14.839+0000] {processor.py:208} INFO - Processing /home/airflow/.local/lib/python3.12/site-packages/airflow/example_dags/example_task_group.py took 0.084 seconds
[2025-11-01T12:48:45.361+0000] {processor.py:186} INFO - Started process (PID=818) to work on /home/airflow/.local/lib/python3.12/site-packages/airflow/example_dags/example_task_group.py
[2025-11-01T12:48:45.362+0000] {processor.py:914} INFO - Processing file /home/airflow/.local/lib/python3.12/site-packages/airflow/example_dags/example_task_group.py for tasks to queue
[2025-11-01T12:48:45.367+0000] {logging_mixin.py:190} INFO - [2025-11-01T12:48:45.366+0000] {dagbag.py:588} INFO - Filling up the DagBag from /home/airflow/.local/lib/python3.12/site-packages/airflow/example_dags/example_task_group.py
[2025-11-01T12:48:45.379+0000] {processor.py:925} INFO - DAG(s) 'example_task_group' retrieved from /home/airflow/.local/lib/python3.12/site-packages/airflow/example_dags/example_task_group.py
[2025-11-01T12:48:45.406+0000] {logging_mixin.py:190} INFO - [2025-11-01T12:48:45.406+0000] {dag.py:3239} INFO - Sync 1 DAGs
[2025-11-01T12:48:45.423+0000] {logging_mixin.py:190} INFO - [2025-11-01T12:48:45.422+0000] {dag.py:4180} INFO - Setting next_dagrun for example_task_group to None, run_after=None
[2025-11-01T12:48:45.444+0000] {processor.py:208} INFO - Processing /home/airflow/.local/lib/python3.12/site-packages/airflow/example_dags/example_task_group.py took 0.090 seconds
[2025-11-01T12:49:15.803+0000] {processor.py:186} INFO - Started process (PID=889) to work on /home/airflow/.local/lib/python3.12/site-packages/airflow/example_dags/example_task_group.py
[2025-11-01T12:49:15.805+0000] {processor.py:914} INFO - Processing file /home/airflow/.local/lib/python3.12/site-packages/airflow/example_dags/example_task_group.py for tasks to queue
[2025-11-01T12:49:15.810+0000] {logging_mixin.py:190} INFO - [2025-11-01T12:49:15.809+0000] {dagbag.py:588} INFO - Filling up the DagBag from /home/airflow/.local/lib/python3.12/site-packages/airflow/example_dags/example_task_group.py
[2025-11-01T12:49:15.826+0000] {processor.py:925} INFO - DAG(s) 'example_task_group' retrieved from /home/airflow/.local/lib/python3.12/site-packages/airflow/example_dags/example_task_group.py
[2025-11-01T12:49:15.853+0000] {logging_mixin.py:190} INFO - [2025-11-01T12:49:15.853+0000] {dag.py:3239} INFO - Sync 1 DAGs
[2025-11-01T12:49:15.869+0000] {logging_mixin.py:190} INFO - [2025-11-01T12:49:15.868+0000] {dag.py:4180} INFO - Setting next_dagrun for example_task_group to None, run_after=None
[2025-11-01T12:49:15.893+0000] {processor.py:208} INFO - Processing /home/airflow/.local/lib/python3.12/site-packages/airflow/example_dags/example_task_group.py took 0.099 seconds
[2025-11-01T12:49:46.071+0000] {processor.py:186} INFO - Started process (PID=961) to work on /home/airflow/.local/lib/python3.12/site-packages/airflow/example_dags/example_task_group.py
[2025-11-01T12:49:46.072+0000] {processor.py:914} INFO - Processing file /home/airflow/.local/lib/python3.12/site-packages/airflow/example_dags/example_task_group.py for tasks to queue
[2025-11-01T12:49:46.075+0000] {logging_mixin.py:190} INFO - [2025-11-01T12:49:46.075+0000] {dagbag.py:588} INFO - Filling up the DagBag from /home/airflow/.local/lib/python3.12/site-packages/airflow/example_dags/example_task_group.py
[2025-11-01T12:49:46.087+0000] {processor.py:925} INFO - DAG(s) 'example_task_group' retrieved from /home/airflow/.local/lib/python3.12/site-packages/airflow/example_dags/example_task_group.py
[2025-11-01T12:49:46.113+0000] {logging_mixin.py:190} INFO - [2025-11-01T12:49:46.113+0000] {dag.py:3239} INFO - Sync 1 DAGs
[2025-11-01T12:49:46.129+0000] {logging_mixin.py:190} INFO - [2025-11-01T12:49:46.129+0000] {dag.py:4180} INFO - Setting next_dagrun for example_task_group to None, run_after=None
[2025-11-01T12:49:46.151+0000] {processor.py:208} INFO - Processing /home/airflow/.local/lib/python3.12/site-packages/airflow/example_dags/example_task_group.py took 0.087 seconds
[2025-11-01T12:50:16.316+0000] {processor.py:186} INFO - Started process (PID=1036) to work on /home/airflow/.local/lib/python3.12/site-packages/airflow/example_dags/example_task_group.py
[2025-11-01T12:50:16.317+0000] {processor.py:914} INFO - Processing file /home/airflow/.local/lib/python3.12/site-packages/airflow/example_dags/example_task_group.py for tasks to queue
[2025-11-01T12:50:16.321+0000] {logging_mixin.py:190} INFO - [2025-11-01T12:50:16.320+0000] {dagbag.py:588} INFO - Filling up the DagBag from /home/airflow/.local/lib/python3.12/site-packages/airflow/example_dags/example_task_group.py
[2025-11-01T12:50:16.335+0000] {processor.py:925} INFO - DAG(s) 'example_task_group' retrieved from /home/airflow/.local/lib/python3.12/site-packages/airflow/example_dags/example_task_group.py
[2025-11-01T12:50:16.359+0000] {logging_mixin.py:190} INFO - [2025-11-01T12:50:16.359+0000] {dag.py:3239} INFO - Sync 1 DAGs
[2025-11-01T12:50:16.375+0000] {logging_mixin.py:190} INFO - [2025-11-01T12:50:16.375+0000] {dag.py:4180} INFO - Setting next_dagrun for example_task_group to None, run_after=None
[2025-11-01T12:50:16.397+0000] {processor.py:208} INFO - Processing /home/airflow/.local/lib/python3.12/site-packages/airflow/example_dags/example_task_group.py took 0.089 seconds
[2025-11-01T12:50:46.894+0000] {processor.py:186} INFO - Started process (PID=1107) to work on /home/airflow/.local/lib/python3.12/site-packages/airflow/example_dags/example_task_group.py
[2025-11-01T12:50:46.896+0000] {processor.py:914} INFO - Processing file /home/airflow/.local/lib/python3.12/site-packages/airflow/example_dags/example_task_group.py for tasks to queue
[2025-11-01T12:50:46.900+0000] {logging_mixin.py:190} INFO - [2025-11-01T12:50:46.899+0000] {dagbag.py:588} INFO - Filling up the DagBag from /home/airflow/.local/lib/python3.12/site-packages/airflow/example_dags/example_task_group.py
[2025-11-01T12:50:46.914+0000] {processor.py:925} INFO - DAG(s) 'example_task_group' retrieved from /home/airflow/.local/lib/python3.12/site-packages/airflow/example_dags/example_task_group.py
[2025-11-01T12:50:46.940+0000] {logging_mixin.py:190} INFO - [2025-11-01T12:50:46.939+0000] {dag.py:3239} INFO - Sync 1 DAGs
[2025-11-01T12:50:46.955+0000] {logging_mixin.py:190} INFO - [2025-11-01T12:50:46.955+0000] {dag.py:4180} INFO - Setting next_dagrun for example_task_group to None, run_after=None
[2025-11-01T12:50:46.976+0000] {processor.py:208} INFO - Processing /home/airflow/.local/lib/python3.12/site-packages/airflow/example_dags/example_task_group.py took 0.090 seconds
[2025-11-01T12:51:17.481+0000] {processor.py:186} INFO - Started process (PID=1178) to work on /home/airflow/.local/lib/python3.12/site-packages/airflow/example_dags/example_task_group.py
[2025-11-01T12:51:17.482+0000] {processor.py:914} INFO - Processing file /home/airflow/.local/lib/python3.12/site-packages/airflow/example_dags/example_task_group.py for tasks to queue
[2025-11-01T12:51:17.486+0000] {logging_mixin.py:190} INFO - [2025-11-01T12:51:17.485+0000] {dagbag.py:588} INFO - Filling up the DagBag from /home/airflow/.local/lib/python3.12/site-packages/airflow/example_dags/example_task_group.py
[2025-11-01T12:51:17.498+0000] {processor.py:925} INFO - DAG(s) 'example_task_group' retrieved from /home/airflow/.local/lib/python3.12/site-packages/airflow/example_dags/example_task_group.py
[2025-11-01T12:51:17.525+0000] {logging_mixin.py:190} INFO - [2025-11-01T12:51:17.525+0000] {dag.py:3239} INFO - Sync 1 DAGs
[2025-11-01T12:51:17.540+0000] {logging_mixin.py:190} INFO - [2025-11-01T12:51:17.540+0000] {dag.py:4180} INFO - Setting next_dagrun for example_task_group to None, run_after=None
[2025-11-01T12:51:17.560+0000] {processor.py:208} INFO - Processing /home/airflow/.local/lib/python3.12/site-packages/airflow/example_dags/example_task_group.py took 0.086 seconds
[2025-11-01T12:51:48.370+0000] {processor.py:186} INFO - Started process (PID=1249) to work on /home/airflow/.local/lib/python3.12/site-packages/airflow/example_dags/example_task_group.py
[2025-11-01T12:51:48.372+0000] {processor.py:914} INFO - Processing file /home/airflow/.local/lib/python3.12/site-packages/airflow/example_dags/example_task_group.py for tasks to queue
[2025-11-01T12:51:48.379+0000] {logging_mixin.py:190} INFO - [2025-11-01T12:51:48.379+0000] {dagbag.py:588} INFO - Filling up the DagBag from /home/airflow/.local/lib/python3.12/site-packages/airflow/example_dags/example_task_group.py
[2025-11-01T12:51:48.399+0000] {processor.py:925} INFO - DAG(s) 'example_task_group' retrieved from /home/airflow/.local/lib/python3.12/site-packages/airflow/example_dags/example_task_group.py
[2025-11-01T12:51:48.440+0000] {logging_mixin.py:190} INFO - [2025-11-01T12:51:48.440+0000] {dag.py:3239} INFO - Sync 1 DAGs
[2025-11-01T12:51:48.464+0000] {logging_mixin.py:190} INFO - [2025-11-01T12:51:48.464+0000] {dag.py:4180} INFO - Setting next_dagrun for example_task_group to None, run_after=None
[2025-11-01T12:51:48.496+0000] {processor.py:208} INFO - Processing /home/airflow/.local/lib/python3.12/site-packages/airflow/example_dags/example_task_group.py took 0.138 seconds
[2025-11-01T12:52:18.967+0000] {processor.py:186} INFO - Started process (PID=1320) to work on /home/airflow/.local/lib/python3.12/site-packages/airflow/example_dags/example_task_group.py
[2025-11-01T12:52:18.968+0000] {processor.py:914} INFO - Processing file /home/airflow/.local/lib/python3.12/site-packages/airflow/example_dags/example_task_group.py for tasks to queue
[2025-11-01T12:52:18.975+0000] {logging_mixin.py:190} INFO - [2025-11-01T12:52:18.973+0000] {dagbag.py:588} INFO - Filling up the DagBag from /home/airflow/.local/lib/python3.12/site-packages/airflow/example_dags/example_task_group.py
[2025-11-01T12:52:18.994+0000] {processor.py:925} INFO - DAG(s) 'example_task_group' retrieved from /home/airflow/.local/lib/python3.12/site-packages/airflow/example_dags/example_task_group.py
[2025-11-01T12:52:19.027+0000] {logging_mixin.py:190} INFO - [2025-11-01T12:52:19.027+0000] {dag.py:3239} INFO - Sync 1 DAGs
[2025-11-01T12:52:19.046+0000] {logging_mixin.py:190} INFO - [2025-11-01T12:52:19.046+0000] {dag.py:4180} INFO - Setting next_dagrun for example_task_group to None, run_after=None
[2025-11-01T12:52:19.075+0000] {processor.py:208} INFO - Processing /home/airflow/.local/lib/python3.12/site-packages/airflow/example_dags/example_task_group.py took 0.121 seconds
[2025-11-01T12:52:49.213+0000] {processor.py:186} INFO - Started process (PID=1391) to work on /home/airflow/.local/lib/python3.12/site-packages/airflow/example_dags/example_task_group.py
[2025-11-01T12:52:49.215+0000] {processor.py:914} INFO - Processing file /home/airflow/.local/lib/python3.12/site-packages/airflow/example_dags/example_task_group.py for tasks to queue
[2025-11-01T12:52:49.219+0000] {logging_mixin.py:190} INFO - [2025-11-01T12:52:49.219+0000] {dagbag.py:588} INFO - Filling up the DagBag from /home/airflow/.local/lib/python3.12/site-packages/airflow/example_dags/example_task_group.py
[2025-11-01T12:52:49.238+0000] {processor.py:925} INFO - DAG(s) 'example_task_group' retrieved from /home/airflow/.local/lib/python3.12/site-packages/airflow/example_dags/example_task_group.py
[2025-11-01T12:52:49.268+0000] {logging_mixin.py:190} INFO - [2025-11-01T12:52:49.268+0000] {dag.py:3239} INFO - Sync 1 DAGs
[2025-11-01T12:52:49.285+0000] {logging_mixin.py:190} INFO - [2025-11-01T12:52:49.284+0000] {dag.py:4180} INFO - Setting next_dagrun for example_task_group to None, run_after=None
[2025-11-01T12:52:49.308+0000] {processor.py:208} INFO - Processing /home/airflow/.local/lib/python3.12/site-packages/airflow/example_dags/example_task_group.py took 0.105 seconds
[2025-11-01T12:53:19.596+0000] {processor.py:186} INFO - Started process (PID=1462) to work on /home/airflow/.local/lib/python3.12/site-packages/airflow/example_dags/example_task_group.py
[2025-11-01T12:53:19.597+0000] {processor.py:914} INFO - Processing file /home/airflow/.local/lib/python3.12/site-packages/airflow/example_dags/example_task_group.py for tasks to queue
[2025-11-01T12:53:19.601+0000] {logging_mixin.py:190} INFO - [2025-11-01T12:53:19.600+0000] {dagbag.py:588} INFO - Filling up the DagBag from /home/airflow/.local/lib/python3.12/site-packages/airflow/example_dags/example_task_group.py
[2025-11-01T12:53:19.613+0000] {processor.py:925} INFO - DAG(s) 'example_task_group' retrieved from /home/airflow/.local/lib/python3.12/site-packages/airflow/example_dags/example_task_group.py
[2025-11-01T12:53:19.641+0000] {logging_mixin.py:190} INFO - [2025-11-01T12:53:19.641+0000] {dag.py:3239} INFO - Sync 1 DAGs
[2025-11-01T12:53:19.658+0000] {logging_mixin.py:190} INFO - [2025-11-01T12:53:19.658+0000] {dag.py:4180} INFO - Setting next_dagrun for example_task_group to None, run_after=None
[2025-11-01T12:53:19.683+0000] {processor.py:208} INFO - Processing /home/airflow/.local/lib/python3.12/site-packages/airflow/example_dags/example_task_group.py took 0.095 seconds
[2025-11-01T12:53:50.170+0000] {processor.py:186} INFO - Started process (PID=1532) to work on /home/airflow/.local/lib/python3.12/site-packages/airflow/example_dags/example_task_group.py
[2025-11-01T12:53:50.172+0000] {processor.py:914} INFO - Processing file /home/airflow/.local/lib/python3.12/site-packages/airflow/example_dags/example_task_group.py for tasks to queue
[2025-11-01T12:53:50.176+0000] {logging_mixin.py:190} INFO - [2025-11-01T12:53:50.175+0000] {dagbag.py:588} INFO - Filling up the DagBag from /home/airflow/.local/lib/python3.12/site-packages/airflow/example_dags/example_task_group.py
[2025-11-01T12:53:50.191+0000] {processor.py:925} INFO - DAG(s) 'example_task_group' retrieved from /home/airflow/.local/lib/python3.12/site-packages/airflow/example_dags/example_task_group.py
[2025-11-01T12:53:50.225+0000] {logging_mixin.py:190} INFO - [2025-11-01T12:53:50.225+0000] {dag.py:3239} INFO - Sync 1 DAGs
[2025-11-01T12:53:50.243+0000] {logging_mixin.py:190} INFO - [2025-11-01T12:53:50.243+0000] {dag.py:4180} INFO - Setting next_dagrun for example_task_group to None, run_after=None
[2025-11-01T12:53:50.268+0000] {processor.py:208} INFO - Processing /home/airflow/.local/lib/python3.12/site-packages/airflow/example_dags/example_task_group.py took 0.107 seconds
[2025-11-01T12:54:20.881+0000] {processor.py:186} INFO - Started process (PID=1605) to work on /home/airflow/.local/lib/python3.12/site-packages/airflow/example_dags/example_task_group.py
[2025-11-01T12:54:20.883+0000] {processor.py:914} INFO - Processing file /home/airflow/.local/lib/python3.12/site-packages/airflow/example_dags/example_task_group.py for tasks to queue
[2025-11-01T12:54:20.886+0000] {logging_mixin.py:190} INFO - [2025-11-01T12:54:20.886+0000] {dagbag.py:588} INFO - Filling up the DagBag from /home/airflow/.local/lib/python3.12/site-packages/airflow/example_dags/example_task_group.py
[2025-11-01T12:54:20.900+0000] {processor.py:925} INFO - DAG(s) 'example_task_group' retrieved from /home/airflow/.local/lib/python3.12/site-packages/airflow/example_dags/example_task_group.py
[2025-11-01T12:54:20.928+0000] {logging_mixin.py:190} INFO - [2025-11-01T12:54:20.928+0000] {dag.py:3239} INFO - Sync 1 DAGs
[2025-11-01T12:54:20.945+0000] {logging_mixin.py:190} INFO - [2025-11-01T12:54:20.944+0000] {dag.py:4180} INFO - Setting next_dagrun for example_task_group to None, run_after=None
[2025-11-01T12:54:20.967+0000] {processor.py:208} INFO - Processing /home/airflow/.local/lib/python3.12/site-packages/airflow/example_dags/example_task_group.py took 0.095 seconds
[2025-11-01T12:54:51.447+0000] {processor.py:186} INFO - Started process (PID=1676) to work on /home/airflow/.local/lib/python3.12/site-packages/airflow/example_dags/example_task_group.py
[2025-11-01T12:54:51.449+0000] {processor.py:914} INFO - Processing file /home/airflow/.local/lib/python3.12/site-packages/airflow/example_dags/example_task_group.py for tasks to queue
[2025-11-01T12:54:51.453+0000] {logging_mixin.py:190} INFO - [2025-11-01T12:54:51.452+0000] {dagbag.py:588} INFO - Filling up the DagBag from /home/airflow/.local/lib/python3.12/site-packages/airflow/example_dags/example_task_group.py
[2025-11-01T12:54:51.467+0000] {processor.py:925} INFO - DAG(s) 'example_task_group' retrieved from /home/airflow/.local/lib/python3.12/site-packages/airflow/example_dags/example_task_group.py
[2025-11-01T12:54:51.491+0000] {logging_mixin.py:190} INFO - [2025-11-01T12:54:51.491+0000] {dag.py:3239} INFO - Sync 1 DAGs
[2025-11-01T12:54:51.507+0000] {logging_mixin.py:190} INFO - [2025-11-01T12:54:51.507+0000] {dag.py:4180} INFO - Setting next_dagrun for example_task_group to None, run_after=None
[2025-11-01T12:54:51.529+0000] {processor.py:208} INFO - Processing /home/airflow/.local/lib/python3.12/site-packages/airflow/example_dags/example_task_group.py took 0.089 seconds
[2025-11-01T12:55:21.690+0000] {processor.py:186} INFO - Started process (PID=1747) to work on /home/airflow/.local/lib/python3.12/site-packages/airflow/example_dags/example_task_group.py
[2025-11-01T12:55:21.692+0000] {processor.py:914} INFO - Processing file /home/airflow/.local/lib/python3.12/site-packages/airflow/example_dags/example_task_group.py for tasks to queue
[2025-11-01T12:55:21.696+0000] {logging_mixin.py:190} INFO - [2025-11-01T12:55:21.695+0000] {dagbag.py:588} INFO - Filling up the DagBag from /home/airflow/.local/lib/python3.12/site-packages/airflow/example_dags/example_task_group.py
[2025-11-01T12:55:21.709+0000] {processor.py:925} INFO - DAG(s) 'example_task_group' retrieved from /home/airflow/.local/lib/python3.12/site-packages/airflow/example_dags/example_task_group.py
[2025-11-01T12:55:21.737+0000] {logging_mixin.py:190} INFO - [2025-11-01T12:55:21.736+0000] {dag.py:3239} INFO - Sync 1 DAGs
[2025-11-01T12:55:21.753+0000] {logging_mixin.py:190} INFO - [2025-11-01T12:55:21.753+0000] {dag.py:4180} INFO - Setting next_dagrun for example_task_group to None, run_after=None
[2025-11-01T12:55:21.773+0000] {processor.py:208} INFO - Processing /home/airflow/.local/lib/python3.12/site-packages/airflow/example_dags/example_task_group.py took 0.090 seconds
[2025-11-01T12:55:51.876+0000] {processor.py:186} INFO - Started process (PID=1818) to work on /home/airflow/.local/lib/python3.12/site-packages/airflow/example_dags/example_task_group.py
[2025-11-01T12:55:51.878+0000] {processor.py:914} INFO - Processing file /home/airflow/.local/lib/python3.12/site-packages/airflow/example_dags/example_task_group.py for tasks to queue
[2025-11-01T12:55:51.882+0000] {logging_mixin.py:190} INFO - [2025-11-01T12:55:51.881+0000] {dagbag.py:588} INFO - Filling up the DagBag from /home/airflow/.local/lib/python3.12/site-packages/airflow/example_dags/example_task_group.py
[2025-11-01T12:55:51.895+0000] {processor.py:925} INFO - DAG(s) 'example_task_group' retrieved from /home/airflow/.local/lib/python3.12/site-packages/airflow/example_dags/example_task_group.py
[2025-11-01T12:55:51.923+0000] {logging_mixin.py:190} INFO - [2025-11-01T12:55:51.923+0000] {dag.py:3239} INFO - Sync 1 DAGs
[2025-11-01T12:55:51.938+0000] {logging_mixin.py:190} INFO - [2025-11-01T12:55:51.938+0000] {dag.py:4180} INFO - Setting next_dagrun for example_task_group to None, run_after=None
[2025-11-01T12:55:51.960+0000] {processor.py:208} INFO - Processing /home/airflow/.local/lib/python3.12/site-packages/airflow/example_dags/example_task_group.py took 0.091 seconds
[2025-11-01T12:56:22.319+0000] {processor.py:186} INFO - Started process (PID=1889) to work on /home/airflow/.local/lib/python3.12/site-packages/airflow/example_dags/example_task_group.py
[2025-11-01T12:56:22.320+0000] {processor.py:914} INFO - Processing file /home/airflow/.local/lib/python3.12/site-packages/airflow/example_dags/example_task_group.py for tasks to queue
[2025-11-01T12:56:22.324+0000] {logging_mixin.py:190} INFO - [2025-11-01T12:56:22.323+0000] {dagbag.py:588} INFO - Filling up the DagBag from /home/airflow/.local/lib/python3.12/site-packages/airflow/example_dags/example_task_group.py
[2025-11-01T12:56:22.337+0000] {processor.py:925} INFO - DAG(s) 'example_task_group' retrieved from /home/airflow/.local/lib/python3.12/site-packages/airflow/example_dags/example_task_group.py
[2025-11-01T12:56:22.365+0000] {logging_mixin.py:190} INFO - [2025-11-01T12:56:22.364+0000] {dag.py:3239} INFO - Sync 1 DAGs
[2025-11-01T12:56:22.381+0000] {logging_mixin.py:190} INFO - [2025-11-01T12:56:22.381+0000] {dag.py:4180} INFO - Setting next_dagrun for example_task_group to None, run_after=None
[2025-11-01T12:56:22.401+0000] {processor.py:208} INFO - Processing /home/airflow/.local/lib/python3.12/site-packages/airflow/example_dags/example_task_group.py took 0.089 seconds
[2025-11-01T12:56:52.778+0000] {processor.py:186} INFO - Started process (PID=1960) to work on /home/airflow/.local/lib/python3.12/site-packages/airflow/example_dags/example_task_group.py
[2025-11-01T12:56:52.779+0000] {processor.py:914} INFO - Processing file /home/airflow/.local/lib/python3.12/site-packages/airflow/example_dags/example_task_group.py for tasks to queue
[2025-11-01T12:56:52.783+0000] {logging_mixin.py:190} INFO - [2025-11-01T12:56:52.783+0000] {dagbag.py:588} INFO - Filling up the DagBag from /home/airflow/.local/lib/python3.12/site-packages/airflow/example_dags/example_task_group.py
[2025-11-01T12:56:52.800+0000] {processor.py:925} INFO - DAG(s) 'example_task_group' retrieved from /home/airflow/.local/lib/python3.12/site-packages/airflow/example_dags/example_task_group.py
[2025-11-01T12:56:52.831+0000] {logging_mixin.py:190} INFO - [2025-11-01T12:56:52.831+0000] {dag.py:3239} INFO - Sync 1 DAGs
[2025-11-01T12:56:52.851+0000] {logging_mixin.py:190} INFO - [2025-11-01T12:56:52.850+0000] {dag.py:4180} INFO - Setting next_dagrun for example_task_group to None, run_after=None
[2025-11-01T12:56:52.879+0000] {processor.py:208} INFO - Processing /home/airflow/.local/lib/python3.12/site-packages/airflow/example_dags/example_task_group.py took 0.110 seconds
