[2025-11-01T12:43:41.179+0000] {processor.py:186} INFO - Started process (PID=120) to work on /home/airflow/.local/lib/python3.12/site-packages/airflow/example_dags/example_complex.py
[2025-11-01T12:43:41.180+0000] {processor.py:914} INFO - Processing file /home/airflow/.local/lib/python3.12/site-packages/airflow/example_dags/example_complex.py for tasks to queue
[2025-11-01T12:43:41.184+0000] {logging_mixin.py:190} INFO - [2025-11-01T12:43:41.184+0000] {dagbag.py:588} INFO - Filling up the DagBag from /home/airflow/.local/lib/python3.12/site-packages/airflow/example_dags/example_complex.py
[2025-11-01T12:43:41.203+0000] {processor.py:925} INFO - DAG(s) 'example_complex' retrieved from /home/airflow/.local/lib/python3.12/site-packages/airflow/example_dags/example_complex.py
[2025-11-01T12:43:41.344+0000] {logging_mixin.py:190} INFO - [2025-11-01T12:43:41.343+0000] {override.py:1911} INFO - Created Permission View: can delete on DAG:example_complex
[2025-11-01T12:43:41.356+0000] {logging_mixin.py:190} INFO - [2025-11-01T12:43:41.356+0000] {override.py:1911} INFO - Created Permission View: can edit on DAG:example_complex
[2025-11-01T12:43:41.365+0000] {logging_mixin.py:190} INFO - [2025-11-01T12:43:41.365+0000] {override.py:1911} INFO - Created Permission View: can read on DAG:example_complex
[2025-11-01T12:43:41.375+0000] {logging_mixin.py:190} INFO - [2025-11-01T12:43:41.375+0000] {override.py:1911} INFO - Created Permission View: menu access on DAG Run:example_complex
[2025-11-01T12:43:41.384+0000] {logging_mixin.py:190} INFO - [2025-11-01T12:43:41.384+0000] {override.py:1911} INFO - Created Permission View: can delete on DAG Run:example_complex
[2025-11-01T12:43:41.394+0000] {logging_mixin.py:190} INFO - [2025-11-01T12:43:41.393+0000] {override.py:1911} INFO - Created Permission View: can create on DAG Run:example_complex
[2025-11-01T12:43:41.405+0000] {logging_mixin.py:190} INFO - [2025-11-01T12:43:41.405+0000] {override.py:1911} INFO - Created Permission View: can read on DAG Run:example_complex
[2025-11-01T12:43:41.406+0000] {logging_mixin.py:190} INFO - [2025-11-01T12:43:41.406+0000] {dag.py:3239} INFO - Sync 1 DAGs
[2025-11-01T12:43:41.424+0000] {logging_mixin.py:190} INFO - [2025-11-01T12:43:41.424+0000] {dag.py:3262} INFO - Creating ORM DAG for example_complex
[2025-11-01T12:43:41.426+0000] {logging_mixin.py:190} INFO - [2025-11-01T12:43:41.425+0000] {dag.py:4180} INFO - Setting next_dagrun for example_complex to None, run_after=None
[2025-11-01T12:43:41.449+0000] {processor.py:208} INFO - Processing /home/airflow/.local/lib/python3.12/site-packages/airflow/example_dags/example_complex.py took 0.277 seconds
[2025-11-01T12:44:12.295+0000] {processor.py:186} INFO - Started process (PID=190) to work on /home/airflow/.local/lib/python3.12/site-packages/airflow/example_dags/example_complex.py
[2025-11-01T12:44:12.297+0000] {processor.py:914} INFO - Processing file /home/airflow/.local/lib/python3.12/site-packages/airflow/example_dags/example_complex.py for tasks to queue
[2025-11-01T12:44:12.300+0000] {logging_mixin.py:190} INFO - [2025-11-01T12:44:12.300+0000] {dagbag.py:588} INFO - Filling up the DagBag from /home/airflow/.local/lib/python3.12/site-packages/airflow/example_dags/example_complex.py
[2025-11-01T12:44:12.320+0000] {processor.py:925} INFO - DAG(s) 'example_complex' retrieved from /home/airflow/.local/lib/python3.12/site-packages/airflow/example_dags/example_complex.py
[2025-11-01T12:44:12.361+0000] {logging_mixin.py:190} INFO - [2025-11-01T12:44:12.361+0000] {dag.py:3239} INFO - Sync 1 DAGs
[2025-11-01T12:44:12.379+0000] {logging_mixin.py:190} INFO - [2025-11-01T12:44:12.379+0000] {dag.py:4180} INFO - Setting next_dagrun for example_complex to None, run_after=None
[2025-11-01T12:44:12.402+0000] {processor.py:208} INFO - Processing /home/airflow/.local/lib/python3.12/site-packages/airflow/example_dags/example_complex.py took 0.117 seconds
[2025-11-01T12:44:42.832+0000] {processor.py:186} INFO - Started process (PID=260) to work on /home/airflow/.local/lib/python3.12/site-packages/airflow/example_dags/example_complex.py
[2025-11-01T12:44:42.834+0000] {processor.py:914} INFO - Processing file /home/airflow/.local/lib/python3.12/site-packages/airflow/example_dags/example_complex.py for tasks to queue
[2025-11-01T12:44:42.837+0000] {logging_mixin.py:190} INFO - [2025-11-01T12:44:42.837+0000] {dagbag.py:588} INFO - Filling up the DagBag from /home/airflow/.local/lib/python3.12/site-packages/airflow/example_dags/example_complex.py
[2025-11-01T12:44:42.852+0000] {processor.py:925} INFO - DAG(s) 'example_complex' retrieved from /home/airflow/.local/lib/python3.12/site-packages/airflow/example_dags/example_complex.py
[2025-11-01T12:44:42.884+0000] {logging_mixin.py:190} INFO - [2025-11-01T12:44:42.884+0000] {dag.py:3239} INFO - Sync 1 DAGs
[2025-11-01T12:44:42.901+0000] {logging_mixin.py:190} INFO - [2025-11-01T12:44:42.901+0000] {dag.py:4180} INFO - Setting next_dagrun for example_complex to None, run_after=None
[2025-11-01T12:44:42.922+0000] {processor.py:208} INFO - Processing /home/airflow/.local/lib/python3.12/site-packages/airflow/example_dags/example_complex.py took 0.097 seconds
[2025-11-01T12:45:13.882+0000] {processor.py:186} INFO - Started process (PID=330) to work on /home/airflow/.local/lib/python3.12/site-packages/airflow/example_dags/example_complex.py
[2025-11-01T12:45:13.883+0000] {processor.py:914} INFO - Processing file /home/airflow/.local/lib/python3.12/site-packages/airflow/example_dags/example_complex.py for tasks to queue
[2025-11-01T12:45:13.887+0000] {logging_mixin.py:190} INFO - [2025-11-01T12:45:13.887+0000] {dagbag.py:588} INFO - Filling up the DagBag from /home/airflow/.local/lib/python3.12/site-packages/airflow/example_dags/example_complex.py
[2025-11-01T12:45:13.904+0000] {processor.py:925} INFO - DAG(s) 'example_complex' retrieved from /home/airflow/.local/lib/python3.12/site-packages/airflow/example_dags/example_complex.py
[2025-11-01T12:45:13.949+0000] {logging_mixin.py:190} INFO - [2025-11-01T12:45:13.948+0000] {dag.py:3239} INFO - Sync 1 DAGs
[2025-11-01T12:45:13.975+0000] {logging_mixin.py:190} INFO - [2025-11-01T12:45:13.974+0000] {dag.py:4180} INFO - Setting next_dagrun for example_complex to None, run_after=None
[2025-11-01T12:45:14.000+0000] {processor.py:208} INFO - Processing /home/airflow/.local/lib/python3.12/site-packages/airflow/example_dags/example_complex.py took 0.126 seconds
[2025-11-01T12:45:44.408+0000] {processor.py:186} INFO - Started process (PID=401) to work on /home/airflow/.local/lib/python3.12/site-packages/airflow/example_dags/example_complex.py
[2025-11-01T12:45:44.410+0000] {processor.py:914} INFO - Processing file /home/airflow/.local/lib/python3.12/site-packages/airflow/example_dags/example_complex.py for tasks to queue
[2025-11-01T12:45:44.414+0000] {logging_mixin.py:190} INFO - [2025-11-01T12:45:44.414+0000] {dagbag.py:588} INFO - Filling up the DagBag from /home/airflow/.local/lib/python3.12/site-packages/airflow/example_dags/example_complex.py
[2025-11-01T12:45:44.430+0000] {processor.py:925} INFO - DAG(s) 'example_complex' retrieved from /home/airflow/.local/lib/python3.12/site-packages/airflow/example_dags/example_complex.py
[2025-11-01T12:45:44.473+0000] {logging_mixin.py:190} INFO - [2025-11-01T12:45:44.473+0000] {dag.py:3239} INFO - Sync 1 DAGs
[2025-11-01T12:45:44.493+0000] {logging_mixin.py:190} INFO - [2025-11-01T12:45:44.492+0000] {dag.py:4180} INFO - Setting next_dagrun for example_complex to None, run_after=None
[2025-11-01T12:45:44.517+0000] {processor.py:208} INFO - Processing /home/airflow/.local/lib/python3.12/site-packages/airflow/example_dags/example_complex.py took 0.120 seconds
[2025-11-01T12:46:15.531+0000] {processor.py:186} INFO - Started process (PID=471) to work on /home/airflow/.local/lib/python3.12/site-packages/airflow/example_dags/example_complex.py
[2025-11-01T12:46:15.533+0000] {processor.py:914} INFO - Processing file /home/airflow/.local/lib/python3.12/site-packages/airflow/example_dags/example_complex.py for tasks to queue
[2025-11-01T12:46:15.537+0000] {logging_mixin.py:190} INFO - [2025-11-01T12:46:15.536+0000] {dagbag.py:588} INFO - Filling up the DagBag from /home/airflow/.local/lib/python3.12/site-packages/airflow/example_dags/example_complex.py
[2025-11-01T12:46:15.552+0000] {processor.py:925} INFO - DAG(s) 'example_complex' retrieved from /home/airflow/.local/lib/python3.12/site-packages/airflow/example_dags/example_complex.py
[2025-11-01T12:46:15.594+0000] {logging_mixin.py:190} INFO - [2025-11-01T12:46:15.594+0000] {dag.py:3239} INFO - Sync 1 DAGs
[2025-11-01T12:46:15.612+0000] {logging_mixin.py:190} INFO - [2025-11-01T12:46:15.612+0000] {dag.py:4180} INFO - Setting next_dagrun for example_complex to None, run_after=None
[2025-11-01T12:46:15.634+0000] {processor.py:208} INFO - Processing /home/airflow/.local/lib/python3.12/site-packages/airflow/example_dags/example_complex.py took 0.114 seconds
[2025-11-01T12:46:46.407+0000] {processor.py:186} INFO - Started process (PID=541) to work on /home/airflow/.local/lib/python3.12/site-packages/airflow/example_dags/example_complex.py
[2025-11-01T12:46:46.408+0000] {processor.py:914} INFO - Processing file /home/airflow/.local/lib/python3.12/site-packages/airflow/example_dags/example_complex.py for tasks to queue
[2025-11-01T12:46:46.412+0000] {logging_mixin.py:190} INFO - [2025-11-01T12:46:46.412+0000] {dagbag.py:588} INFO - Filling up the DagBag from /home/airflow/.local/lib/python3.12/site-packages/airflow/example_dags/example_complex.py
[2025-11-01T12:46:46.430+0000] {processor.py:925} INFO - DAG(s) 'example_complex' retrieved from /home/airflow/.local/lib/python3.12/site-packages/airflow/example_dags/example_complex.py
[2025-11-01T12:46:46.478+0000] {logging_mixin.py:190} INFO - [2025-11-01T12:46:46.478+0000] {dag.py:3239} INFO - Sync 1 DAGs
[2025-11-01T12:46:46.503+0000] {logging_mixin.py:190} INFO - [2025-11-01T12:46:46.503+0000] {dag.py:4180} INFO - Setting next_dagrun for example_complex to None, run_after=None
[2025-11-01T12:46:46.531+0000] {processor.py:208} INFO - Processing /home/airflow/.local/lib/python3.12/site-packages/airflow/example_dags/example_complex.py took 0.135 seconds
[2025-11-01T12:47:17.734+0000] {processor.py:186} INFO - Started process (PID=611) to work on /home/airflow/.local/lib/python3.12/site-packages/airflow/example_dags/example_complex.py
[2025-11-01T12:47:17.735+0000] {processor.py:914} INFO - Processing file /home/airflow/.local/lib/python3.12/site-packages/airflow/example_dags/example_complex.py for tasks to queue
[2025-11-01T12:47:17.738+0000] {logging_mixin.py:190} INFO - [2025-11-01T12:47:17.738+0000] {dagbag.py:588} INFO - Filling up the DagBag from /home/airflow/.local/lib/python3.12/site-packages/airflow/example_dags/example_complex.py
[2025-11-01T12:47:17.757+0000] {processor.py:925} INFO - DAG(s) 'example_complex' retrieved from /home/airflow/.local/lib/python3.12/site-packages/airflow/example_dags/example_complex.py
[2025-11-01T12:47:17.814+0000] {logging_mixin.py:190} INFO - [2025-11-01T12:47:17.813+0000] {dag.py:3239} INFO - Sync 1 DAGs
[2025-11-01T12:47:17.835+0000] {logging_mixin.py:190} INFO - [2025-11-01T12:47:17.834+0000] {dag.py:4180} INFO - Setting next_dagrun for example_complex to None, run_after=None
[2025-11-01T12:47:17.859+0000] {processor.py:208} INFO - Processing /home/airflow/.local/lib/python3.12/site-packages/airflow/example_dags/example_complex.py took 0.134 seconds
[2025-11-01T12:47:48.299+0000] {processor.py:186} INFO - Started process (PID=681) to work on /home/airflow/.local/lib/python3.12/site-packages/airflow/example_dags/example_complex.py
[2025-11-01T12:47:48.301+0000] {processor.py:914} INFO - Processing file /home/airflow/.local/lib/python3.12/site-packages/airflow/example_dags/example_complex.py for tasks to queue
[2025-11-01T12:47:48.305+0000] {logging_mixin.py:190} INFO - [2025-11-01T12:47:48.304+0000] {dagbag.py:588} INFO - Filling up the DagBag from /home/airflow/.local/lib/python3.12/site-packages/airflow/example_dags/example_complex.py
[2025-11-01T12:47:48.325+0000] {processor.py:925} INFO - DAG(s) 'example_complex' retrieved from /home/airflow/.local/lib/python3.12/site-packages/airflow/example_dags/example_complex.py
[2025-11-01T12:47:48.370+0000] {logging_mixin.py:190} INFO - [2025-11-01T12:47:48.370+0000] {dag.py:3239} INFO - Sync 1 DAGs
[2025-11-01T12:47:48.389+0000] {logging_mixin.py:190} INFO - [2025-11-01T12:47:48.389+0000] {dag.py:4180} INFO - Setting next_dagrun for example_complex to None, run_after=None
[2025-11-01T12:47:48.428+0000] {processor.py:208} INFO - Processing /home/airflow/.local/lib/python3.12/site-packages/airflow/example_dags/example_complex.py took 0.139 seconds
[2025-11-01T12:48:19.257+0000] {processor.py:186} INFO - Started process (PID=751) to work on /home/airflow/.local/lib/python3.12/site-packages/airflow/example_dags/example_complex.py
[2025-11-01T12:48:19.259+0000] {processor.py:914} INFO - Processing file /home/airflow/.local/lib/python3.12/site-packages/airflow/example_dags/example_complex.py for tasks to queue
[2025-11-01T12:48:19.262+0000] {logging_mixin.py:190} INFO - [2025-11-01T12:48:19.262+0000] {dagbag.py:588} INFO - Filling up the DagBag from /home/airflow/.local/lib/python3.12/site-packages/airflow/example_dags/example_complex.py
[2025-11-01T12:48:19.280+0000] {processor.py:925} INFO - DAG(s) 'example_complex' retrieved from /home/airflow/.local/lib/python3.12/site-packages/airflow/example_dags/example_complex.py
[2025-11-01T12:48:19.311+0000] {logging_mixin.py:190} INFO - [2025-11-01T12:48:19.311+0000] {dag.py:3239} INFO - Sync 1 DAGs
[2025-11-01T12:48:19.329+0000] {logging_mixin.py:190} INFO - [2025-11-01T12:48:19.328+0000] {dag.py:4180} INFO - Setting next_dagrun for example_complex to None, run_after=None
[2025-11-01T12:48:19.350+0000] {processor.py:208} INFO - Processing /home/airflow/.local/lib/python3.12/site-packages/airflow/example_dags/example_complex.py took 0.101 seconds
[2025-11-01T12:48:49.764+0000] {processor.py:186} INFO - Started process (PID=822) to work on /home/airflow/.local/lib/python3.12/site-packages/airflow/example_dags/example_complex.py
[2025-11-01T12:48:49.766+0000] {processor.py:914} INFO - Processing file /home/airflow/.local/lib/python3.12/site-packages/airflow/example_dags/example_complex.py for tasks to queue
[2025-11-01T12:48:49.769+0000] {logging_mixin.py:190} INFO - [2025-11-01T12:48:49.768+0000] {dagbag.py:588} INFO - Filling up the DagBag from /home/airflow/.local/lib/python3.12/site-packages/airflow/example_dags/example_complex.py
[2025-11-01T12:48:49.783+0000] {processor.py:925} INFO - DAG(s) 'example_complex' retrieved from /home/airflow/.local/lib/python3.12/site-packages/airflow/example_dags/example_complex.py
[2025-11-01T12:48:49.817+0000] {logging_mixin.py:190} INFO - [2025-11-01T12:48:49.817+0000] {dag.py:3239} INFO - Sync 1 DAGs
[2025-11-01T12:48:49.833+0000] {logging_mixin.py:190} INFO - [2025-11-01T12:48:49.833+0000] {dag.py:4180} INFO - Setting next_dagrun for example_complex to None, run_after=None
[2025-11-01T12:48:49.855+0000] {processor.py:208} INFO - Processing /home/airflow/.local/lib/python3.12/site-packages/airflow/example_dags/example_complex.py took 0.098 seconds
[2025-11-01T12:49:20.206+0000] {processor.py:186} INFO - Started process (PID=893) to work on /home/airflow/.local/lib/python3.12/site-packages/airflow/example_dags/example_complex.py
[2025-11-01T12:49:20.207+0000] {processor.py:914} INFO - Processing file /home/airflow/.local/lib/python3.12/site-packages/airflow/example_dags/example_complex.py for tasks to queue
[2025-11-01T12:49:20.211+0000] {logging_mixin.py:190} INFO - [2025-11-01T12:49:20.211+0000] {dagbag.py:588} INFO - Filling up the DagBag from /home/airflow/.local/lib/python3.12/site-packages/airflow/example_dags/example_complex.py
[2025-11-01T12:49:20.227+0000] {processor.py:925} INFO - DAG(s) 'example_complex' retrieved from /home/airflow/.local/lib/python3.12/site-packages/airflow/example_dags/example_complex.py
[2025-11-01T12:49:20.262+0000] {logging_mixin.py:190} INFO - [2025-11-01T12:49:20.261+0000] {dag.py:3239} INFO - Sync 1 DAGs
[2025-11-01T12:49:20.277+0000] {logging_mixin.py:190} INFO - [2025-11-01T12:49:20.277+0000] {dag.py:4180} INFO - Setting next_dagrun for example_complex to None, run_after=None
[2025-11-01T12:49:20.298+0000] {processor.py:208} INFO - Processing /home/airflow/.local/lib/python3.12/site-packages/airflow/example_dags/example_complex.py took 0.099 seconds
[2025-11-01T12:49:50.513+0000] {processor.py:186} INFO - Started process (PID=965) to work on /home/airflow/.local/lib/python3.12/site-packages/airflow/example_dags/example_complex.py
[2025-11-01T12:49:50.515+0000] {processor.py:914} INFO - Processing file /home/airflow/.local/lib/python3.12/site-packages/airflow/example_dags/example_complex.py for tasks to queue
[2025-11-01T12:49:50.519+0000] {logging_mixin.py:190} INFO - [2025-11-01T12:49:50.518+0000] {dagbag.py:588} INFO - Filling up the DagBag from /home/airflow/.local/lib/python3.12/site-packages/airflow/example_dags/example_complex.py
[2025-11-01T12:49:50.539+0000] {processor.py:925} INFO - DAG(s) 'example_complex' retrieved from /home/airflow/.local/lib/python3.12/site-packages/airflow/example_dags/example_complex.py
[2025-11-01T12:49:50.575+0000] {logging_mixin.py:190} INFO - [2025-11-01T12:49:50.575+0000] {dag.py:3239} INFO - Sync 1 DAGs
[2025-11-01T12:49:50.590+0000] {logging_mixin.py:190} INFO - [2025-11-01T12:49:50.590+0000] {dag.py:4180} INFO - Setting next_dagrun for example_complex to None, run_after=None
[2025-11-01T12:49:50.612+0000] {processor.py:208} INFO - Processing /home/airflow/.local/lib/python3.12/site-packages/airflow/example_dags/example_complex.py took 0.114 seconds
[2025-11-01T12:50:20.767+0000] {processor.py:186} INFO - Started process (PID=1040) to work on /home/airflow/.local/lib/python3.12/site-packages/airflow/example_dags/example_complex.py
[2025-11-01T12:50:20.768+0000] {processor.py:914} INFO - Processing file /home/airflow/.local/lib/python3.12/site-packages/airflow/example_dags/example_complex.py for tasks to queue
[2025-11-01T12:50:20.772+0000] {logging_mixin.py:190} INFO - [2025-11-01T12:50:20.771+0000] {dagbag.py:588} INFO - Filling up the DagBag from /home/airflow/.local/lib/python3.12/site-packages/airflow/example_dags/example_complex.py
[2025-11-01T12:50:20.788+0000] {processor.py:925} INFO - DAG(s) 'example_complex' retrieved from /home/airflow/.local/lib/python3.12/site-packages/airflow/example_dags/example_complex.py
[2025-11-01T12:50:20.824+0000] {logging_mixin.py:190} INFO - [2025-11-01T12:50:20.824+0000] {dag.py:3239} INFO - Sync 1 DAGs
[2025-11-01T12:50:20.842+0000] {logging_mixin.py:190} INFO - [2025-11-01T12:50:20.841+0000] {dag.py:4180} INFO - Setting next_dagrun for example_complex to None, run_after=None
[2025-11-01T12:50:20.866+0000] {processor.py:208} INFO - Processing /home/airflow/.local/lib/python3.12/site-packages/airflow/example_dags/example_complex.py took 0.107 seconds
[2025-11-01T12:50:51.382+0000] {processor.py:186} INFO - Started process (PID=1111) to work on /home/airflow/.local/lib/python3.12/site-packages/airflow/example_dags/example_complex.py
[2025-11-01T12:50:51.384+0000] {processor.py:914} INFO - Processing file /home/airflow/.local/lib/python3.12/site-packages/airflow/example_dags/example_complex.py for tasks to queue
[2025-11-01T12:50:51.388+0000] {logging_mixin.py:190} INFO - [2025-11-01T12:50:51.387+0000] {dagbag.py:588} INFO - Filling up the DagBag from /home/airflow/.local/lib/python3.12/site-packages/airflow/example_dags/example_complex.py
[2025-11-01T12:50:51.410+0000] {processor.py:925} INFO - DAG(s) 'example_complex' retrieved from /home/airflow/.local/lib/python3.12/site-packages/airflow/example_dags/example_complex.py
[2025-11-01T12:50:51.453+0000] {logging_mixin.py:190} INFO - [2025-11-01T12:50:51.452+0000] {dag.py:3239} INFO - Sync 1 DAGs
[2025-11-01T12:50:51.477+0000] {logging_mixin.py:190} INFO - [2025-11-01T12:50:51.477+0000] {dag.py:4180} INFO - Setting next_dagrun for example_complex to None, run_after=None
[2025-11-01T12:50:51.505+0000] {processor.py:208} INFO - Processing /home/airflow/.local/lib/python3.12/site-packages/airflow/example_dags/example_complex.py took 0.135 seconds
[2025-11-01T12:51:21.878+0000] {processor.py:186} INFO - Started process (PID=1182) to work on /home/airflow/.local/lib/python3.12/site-packages/airflow/example_dags/example_complex.py
[2025-11-01T12:51:21.880+0000] {processor.py:914} INFO - Processing file /home/airflow/.local/lib/python3.12/site-packages/airflow/example_dags/example_complex.py for tasks to queue
[2025-11-01T12:51:21.883+0000] {logging_mixin.py:190} INFO - [2025-11-01T12:51:21.883+0000] {dagbag.py:588} INFO - Filling up the DagBag from /home/airflow/.local/lib/python3.12/site-packages/airflow/example_dags/example_complex.py
[2025-11-01T12:51:21.898+0000] {processor.py:925} INFO - DAG(s) 'example_complex' retrieved from /home/airflow/.local/lib/python3.12/site-packages/airflow/example_dags/example_complex.py
[2025-11-01T12:51:21.930+0000] {logging_mixin.py:190} INFO - [2025-11-01T12:51:21.930+0000] {dag.py:3239} INFO - Sync 1 DAGs
[2025-11-01T12:51:21.945+0000] {logging_mixin.py:190} INFO - [2025-11-01T12:51:21.945+0000] {dag.py:4180} INFO - Setting next_dagrun for example_complex to None, run_after=None
[2025-11-01T12:51:21.966+0000] {processor.py:208} INFO - Processing /home/airflow/.local/lib/python3.12/site-packages/airflow/example_dags/example_complex.py took 0.095 seconds
[2025-11-01T12:51:52.817+0000] {processor.py:186} INFO - Started process (PID=1253) to work on /home/airflow/.local/lib/python3.12/site-packages/airflow/example_dags/example_complex.py
[2025-11-01T12:51:52.819+0000] {processor.py:914} INFO - Processing file /home/airflow/.local/lib/python3.12/site-packages/airflow/example_dags/example_complex.py for tasks to queue
[2025-11-01T12:51:52.823+0000] {logging_mixin.py:190} INFO - [2025-11-01T12:51:52.823+0000] {dagbag.py:588} INFO - Filling up the DagBag from /home/airflow/.local/lib/python3.12/site-packages/airflow/example_dags/example_complex.py
[2025-11-01T12:51:52.841+0000] {processor.py:925} INFO - DAG(s) 'example_complex' retrieved from /home/airflow/.local/lib/python3.12/site-packages/airflow/example_dags/example_complex.py
[2025-11-01T12:51:52.875+0000] {logging_mixin.py:190} INFO - [2025-11-01T12:51:52.875+0000] {dag.py:3239} INFO - Sync 1 DAGs
[2025-11-01T12:51:52.891+0000] {logging_mixin.py:190} INFO - [2025-11-01T12:51:52.890+0000] {dag.py:4180} INFO - Setting next_dagrun for example_complex to None, run_after=None
[2025-11-01T12:51:52.914+0000] {processor.py:208} INFO - Processing /home/airflow/.local/lib/python3.12/site-packages/airflow/example_dags/example_complex.py took 0.105 seconds
[2025-11-01T12:52:24.152+0000] {processor.py:186} INFO - Started process (PID=1324) to work on /home/airflow/.local/lib/python3.12/site-packages/airflow/example_dags/example_complex.py
[2025-11-01T12:52:24.153+0000] {processor.py:914} INFO - Processing file /home/airflow/.local/lib/python3.12/site-packages/airflow/example_dags/example_complex.py for tasks to queue
[2025-11-01T12:52:24.157+0000] {logging_mixin.py:190} INFO - [2025-11-01T12:52:24.156+0000] {dagbag.py:588} INFO - Filling up the DagBag from /home/airflow/.local/lib/python3.12/site-packages/airflow/example_dags/example_complex.py
[2025-11-01T12:52:24.173+0000] {processor.py:925} INFO - DAG(s) 'example_complex' retrieved from /home/airflow/.local/lib/python3.12/site-packages/airflow/example_dags/example_complex.py
[2025-11-01T12:52:24.210+0000] {logging_mixin.py:190} INFO - [2025-11-01T12:52:24.210+0000] {dag.py:3239} INFO - Sync 1 DAGs
[2025-11-01T12:52:24.227+0000] {logging_mixin.py:190} INFO - [2025-11-01T12:52:24.227+0000] {dag.py:4180} INFO - Setting next_dagrun for example_complex to None, run_after=None
[2025-11-01T12:52:24.252+0000] {processor.py:208} INFO - Processing /home/airflow/.local/lib/python3.12/site-packages/airflow/example_dags/example_complex.py took 0.107 seconds
[2025-11-01T12:52:54.699+0000] {processor.py:186} INFO - Started process (PID=1395) to work on /home/airflow/.local/lib/python3.12/site-packages/airflow/example_dags/example_complex.py
[2025-11-01T12:52:54.700+0000] {processor.py:914} INFO - Processing file /home/airflow/.local/lib/python3.12/site-packages/airflow/example_dags/example_complex.py for tasks to queue
[2025-11-01T12:52:54.703+0000] {logging_mixin.py:190} INFO - [2025-11-01T12:52:54.703+0000] {dagbag.py:588} INFO - Filling up the DagBag from /home/airflow/.local/lib/python3.12/site-packages/airflow/example_dags/example_complex.py
[2025-11-01T12:52:54.718+0000] {processor.py:925} INFO - DAG(s) 'example_complex' retrieved from /home/airflow/.local/lib/python3.12/site-packages/airflow/example_dags/example_complex.py
[2025-11-01T12:52:54.755+0000] {logging_mixin.py:190} INFO - [2025-11-01T12:52:54.755+0000] {dag.py:3239} INFO - Sync 1 DAGs
[2025-11-01T12:52:54.771+0000] {logging_mixin.py:190} INFO - [2025-11-01T12:52:54.771+0000] {dag.py:4180} INFO - Setting next_dagrun for example_complex to None, run_after=None
[2025-11-01T12:52:54.796+0000] {processor.py:208} INFO - Processing /home/airflow/.local/lib/python3.12/site-packages/airflow/example_dags/example_complex.py took 0.105 seconds
[2025-11-01T12:53:25.056+0000] {processor.py:186} INFO - Started process (PID=1466) to work on /home/airflow/.local/lib/python3.12/site-packages/airflow/example_dags/example_complex.py
[2025-11-01T12:53:25.057+0000] {processor.py:914} INFO - Processing file /home/airflow/.local/lib/python3.12/site-packages/airflow/example_dags/example_complex.py for tasks to queue
[2025-11-01T12:53:25.061+0000] {logging_mixin.py:190} INFO - [2025-11-01T12:53:25.060+0000] {dagbag.py:588} INFO - Filling up the DagBag from /home/airflow/.local/lib/python3.12/site-packages/airflow/example_dags/example_complex.py
[2025-11-01T12:53:25.078+0000] {processor.py:925} INFO - DAG(s) 'example_complex' retrieved from /home/airflow/.local/lib/python3.12/site-packages/airflow/example_dags/example_complex.py
[2025-11-01T12:53:25.114+0000] {logging_mixin.py:190} INFO - [2025-11-01T12:53:25.114+0000] {dag.py:3239} INFO - Sync 1 DAGs
[2025-11-01T12:53:25.130+0000] {logging_mixin.py:190} INFO - [2025-11-01T12:53:25.129+0000] {dag.py:4180} INFO - Setting next_dagrun for example_complex to None, run_after=None
[2025-11-01T12:53:25.153+0000] {processor.py:208} INFO - Processing /home/airflow/.local/lib/python3.12/site-packages/airflow/example_dags/example_complex.py took 0.105 seconds
[2025-11-01T12:53:55.856+0000] {processor.py:186} INFO - Started process (PID=1537) to work on /home/airflow/.local/lib/python3.12/site-packages/airflow/example_dags/example_complex.py
[2025-11-01T12:53:55.858+0000] {processor.py:914} INFO - Processing file /home/airflow/.local/lib/python3.12/site-packages/airflow/example_dags/example_complex.py for tasks to queue
[2025-11-01T12:53:55.864+0000] {logging_mixin.py:190} INFO - [2025-11-01T12:53:55.863+0000] {dagbag.py:588} INFO - Filling up the DagBag from /home/airflow/.local/lib/python3.12/site-packages/airflow/example_dags/example_complex.py
[2025-11-01T12:53:55.900+0000] {processor.py:925} INFO - DAG(s) 'example_complex' retrieved from /home/airflow/.local/lib/python3.12/site-packages/airflow/example_dags/example_complex.py
[2025-11-01T12:53:55.947+0000] {logging_mixin.py:190} INFO - [2025-11-01T12:53:55.947+0000] {dag.py:3239} INFO - Sync 1 DAGs
[2025-11-01T12:53:55.975+0000] {logging_mixin.py:190} INFO - [2025-11-01T12:53:55.975+0000] {dag.py:4180} INFO - Setting next_dagrun for example_complex to None, run_after=None
[2025-11-01T12:53:56.008+0000] {processor.py:208} INFO - Processing /home/airflow/.local/lib/python3.12/site-packages/airflow/example_dags/example_complex.py took 0.164 seconds
[2025-11-01T12:54:26.342+0000] {processor.py:186} INFO - Started process (PID=1615) to work on /home/airflow/.local/lib/python3.12/site-packages/airflow/example_dags/example_complex.py
[2025-11-01T12:54:26.344+0000] {processor.py:914} INFO - Processing file /home/airflow/.local/lib/python3.12/site-packages/airflow/example_dags/example_complex.py for tasks to queue
[2025-11-01T12:54:26.348+0000] {logging_mixin.py:190} INFO - [2025-11-01T12:54:26.348+0000] {dagbag.py:588} INFO - Filling up the DagBag from /home/airflow/.local/lib/python3.12/site-packages/airflow/example_dags/example_complex.py
[2025-11-01T12:54:26.365+0000] {processor.py:925} INFO - DAG(s) 'example_complex' retrieved from /home/airflow/.local/lib/python3.12/site-packages/airflow/example_dags/example_complex.py
[2025-11-01T12:54:26.405+0000] {logging_mixin.py:190} INFO - [2025-11-01T12:54:26.405+0000] {dag.py:3239} INFO - Sync 1 DAGs
[2025-11-01T12:54:26.427+0000] {logging_mixin.py:190} INFO - [2025-11-01T12:54:26.427+0000] {dag.py:4180} INFO - Setting next_dagrun for example_complex to None, run_after=None
[2025-11-01T12:54:26.454+0000] {processor.py:208} INFO - Processing /home/airflow/.local/lib/python3.12/site-packages/airflow/example_dags/example_complex.py took 0.119 seconds
[2025-11-01T12:54:56.900+0000] {processor.py:186} INFO - Started process (PID=1686) to work on /home/airflow/.local/lib/python3.12/site-packages/airflow/example_dags/example_complex.py
[2025-11-01T12:54:56.901+0000] {processor.py:914} INFO - Processing file /home/airflow/.local/lib/python3.12/site-packages/airflow/example_dags/example_complex.py for tasks to queue
[2025-11-01T12:54:56.905+0000] {logging_mixin.py:190} INFO - [2025-11-01T12:54:56.905+0000] {dagbag.py:588} INFO - Filling up the DagBag from /home/airflow/.local/lib/python3.12/site-packages/airflow/example_dags/example_complex.py
[2025-11-01T12:54:56.921+0000] {processor.py:925} INFO - DAG(s) 'example_complex' retrieved from /home/airflow/.local/lib/python3.12/site-packages/airflow/example_dags/example_complex.py
[2025-11-01T12:54:56.954+0000] {logging_mixin.py:190} INFO - [2025-11-01T12:54:56.954+0000] {dag.py:3239} INFO - Sync 1 DAGs
[2025-11-01T12:54:56.971+0000] {logging_mixin.py:190} INFO - [2025-11-01T12:54:56.970+0000] {dag.py:4180} INFO - Setting next_dagrun for example_complex to None, run_after=None
[2025-11-01T12:54:56.994+0000] {processor.py:208} INFO - Processing /home/airflow/.local/lib/python3.12/site-packages/airflow/example_dags/example_complex.py took 0.102 seconds
[2025-11-01T12:55:27.137+0000] {processor.py:186} INFO - Started process (PID=1757) to work on /home/airflow/.local/lib/python3.12/site-packages/airflow/example_dags/example_complex.py
[2025-11-01T12:55:27.138+0000] {processor.py:914} INFO - Processing file /home/airflow/.local/lib/python3.12/site-packages/airflow/example_dags/example_complex.py for tasks to queue
[2025-11-01T12:55:27.141+0000] {logging_mixin.py:190} INFO - [2025-11-01T12:55:27.141+0000] {dagbag.py:588} INFO - Filling up the DagBag from /home/airflow/.local/lib/python3.12/site-packages/airflow/example_dags/example_complex.py
[2025-11-01T12:55:27.156+0000] {processor.py:925} INFO - DAG(s) 'example_complex' retrieved from /home/airflow/.local/lib/python3.12/site-packages/airflow/example_dags/example_complex.py
[2025-11-01T12:55:27.189+0000] {logging_mixin.py:190} INFO - [2025-11-01T12:55:27.189+0000] {dag.py:3239} INFO - Sync 1 DAGs
[2025-11-01T12:55:27.206+0000] {logging_mixin.py:190} INFO - [2025-11-01T12:55:27.206+0000] {dag.py:4180} INFO - Setting next_dagrun for example_complex to None, run_after=None
[2025-11-01T12:55:27.228+0000] {processor.py:208} INFO - Processing /home/airflow/.local/lib/python3.12/site-packages/airflow/example_dags/example_complex.py took 0.098 seconds
[2025-11-01T12:55:57.563+0000] {processor.py:186} INFO - Started process (PID=1828) to work on /home/airflow/.local/lib/python3.12/site-packages/airflow/example_dags/example_complex.py
[2025-11-01T12:55:57.564+0000] {processor.py:914} INFO - Processing file /home/airflow/.local/lib/python3.12/site-packages/airflow/example_dags/example_complex.py for tasks to queue
[2025-11-01T12:55:57.568+0000] {logging_mixin.py:190} INFO - [2025-11-01T12:55:57.567+0000] {dagbag.py:588} INFO - Filling up the DagBag from /home/airflow/.local/lib/python3.12/site-packages/airflow/example_dags/example_complex.py
[2025-11-01T12:55:57.599+0000] {processor.py:925} INFO - DAG(s) 'example_complex' retrieved from /home/airflow/.local/lib/python3.12/site-packages/airflow/example_dags/example_complex.py
[2025-11-01T12:55:57.635+0000] {logging_mixin.py:190} INFO - [2025-11-01T12:55:57.634+0000] {dag.py:3239} INFO - Sync 1 DAGs
[2025-11-01T12:55:57.652+0000] {logging_mixin.py:190} INFO - [2025-11-01T12:55:57.651+0000] {dag.py:4180} INFO - Setting next_dagrun for example_complex to None, run_after=None
[2025-11-01T12:55:57.675+0000] {processor.py:208} INFO - Processing /home/airflow/.local/lib/python3.12/site-packages/airflow/example_dags/example_complex.py took 0.120 seconds
[2025-11-01T12:56:27.929+0000] {processor.py:186} INFO - Started process (PID=1899) to work on /home/airflow/.local/lib/python3.12/site-packages/airflow/example_dags/example_complex.py
[2025-11-01T12:56:27.932+0000] {processor.py:914} INFO - Processing file /home/airflow/.local/lib/python3.12/site-packages/airflow/example_dags/example_complex.py for tasks to queue
[2025-11-01T12:56:27.935+0000] {logging_mixin.py:190} INFO - [2025-11-01T12:56:27.935+0000] {dagbag.py:588} INFO - Filling up the DagBag from /home/airflow/.local/lib/python3.12/site-packages/airflow/example_dags/example_complex.py
[2025-11-01T12:56:27.950+0000] {processor.py:925} INFO - DAG(s) 'example_complex' retrieved from /home/airflow/.local/lib/python3.12/site-packages/airflow/example_dags/example_complex.py
[2025-11-01T12:56:27.984+0000] {logging_mixin.py:190} INFO - [2025-11-01T12:56:27.983+0000] {dag.py:3239} INFO - Sync 1 DAGs
[2025-11-01T12:56:27.999+0000] {logging_mixin.py:190} INFO - [2025-11-01T12:56:27.998+0000] {dag.py:4180} INFO - Setting next_dagrun for example_complex to None, run_after=None
[2025-11-01T12:56:28.021+0000] {processor.py:208} INFO - Processing /home/airflow/.local/lib/python3.12/site-packages/airflow/example_dags/example_complex.py took 0.099 seconds
