[2025-11-01T12:43:37.705+0000] {processor.py:186} INFO - Started process (PID=107) to work on /home/airflow/.local/lib/python3.12/site-packages/airflow/example_dags/example_inlet_event_extra.py
[2025-11-01T12:43:37.707+0000] {processor.py:914} INFO - Processing file /home/airflow/.local/lib/python3.12/site-packages/airflow/example_dags/example_inlet_event_extra.py for tasks to queue
[2025-11-01T12:43:37.711+0000] {logging_mixin.py:190} INFO - [2025-11-01T12:43:37.711+0000] {dagbag.py:588} INFO - Filling up the DagBag from /home/airflow/.local/lib/python3.12/site-packages/airflow/example_dags/example_inlet_event_extra.py
[2025-11-01T12:43:37.998+0000] {processor.py:925} INFO - DAG(s) 'read_dataset_event', 'read_dataset_event_from_classic' retrieved from /home/airflow/.local/lib/python3.12/site-packages/airflow/example_dags/example_inlet_event_extra.py
[2025-11-01T12:43:38.130+0000] {logging_mixin.py:190} INFO - [2025-11-01T12:43:38.127+0000] {override.py:1911} INFO - Created Permission View: can delete on DAG:read_dataset_event
[2025-11-01T12:43:38.142+0000] {logging_mixin.py:190} INFO - [2025-11-01T12:43:38.142+0000] {override.py:1911} INFO - Created Permission View: can edit on DAG:read_dataset_event
[2025-11-01T12:43:38.151+0000] {logging_mixin.py:190} INFO - [2025-11-01T12:43:38.150+0000] {override.py:1911} INFO - Created Permission View: can read on DAG:read_dataset_event
[2025-11-01T12:43:38.160+0000] {logging_mixin.py:190} INFO - [2025-11-01T12:43:38.159+0000] {override.py:1911} INFO - Created Permission View: menu access on DAG Run:read_dataset_event
[2025-11-01T12:43:38.168+0000] {logging_mixin.py:190} INFO - [2025-11-01T12:43:38.168+0000] {override.py:1911} INFO - Created Permission View: can delete on DAG Run:read_dataset_event
[2025-11-01T12:43:38.177+0000] {logging_mixin.py:190} INFO - [2025-11-01T12:43:38.176+0000] {override.py:1911} INFO - Created Permission View: can create on DAG Run:read_dataset_event
[2025-11-01T12:43:38.186+0000] {logging_mixin.py:190} INFO - [2025-11-01T12:43:38.185+0000] {override.py:1911} INFO - Created Permission View: can read on DAG Run:read_dataset_event
[2025-11-01T12:43:38.202+0000] {logging_mixin.py:190} INFO - [2025-11-01T12:43:38.201+0000] {override.py:1911} INFO - Created Permission View: can delete on DAG:read_dataset_event_from_classic
[2025-11-01T12:43:38.211+0000] {logging_mixin.py:190} INFO - [2025-11-01T12:43:38.211+0000] {override.py:1911} INFO - Created Permission View: can edit on DAG:read_dataset_event_from_classic
[2025-11-01T12:43:38.219+0000] {logging_mixin.py:190} INFO - [2025-11-01T12:43:38.219+0000] {override.py:1911} INFO - Created Permission View: can read on DAG:read_dataset_event_from_classic
[2025-11-01T12:43:38.229+0000] {logging_mixin.py:190} INFO - [2025-11-01T12:43:38.229+0000] {override.py:1911} INFO - Created Permission View: menu access on DAG Run:read_dataset_event_from_classic
[2025-11-01T12:43:38.237+0000] {logging_mixin.py:190} INFO - [2025-11-01T12:43:38.237+0000] {override.py:1911} INFO - Created Permission View: can delete on DAG Run:read_dataset_event_from_classic
[2025-11-01T12:43:38.246+0000] {logging_mixin.py:190} INFO - [2025-11-01T12:43:38.245+0000] {override.py:1911} INFO - Created Permission View: can create on DAG Run:read_dataset_event_from_classic
[2025-11-01T12:43:38.254+0000] {logging_mixin.py:190} INFO - [2025-11-01T12:43:38.253+0000] {override.py:1911} INFO - Created Permission View: can read on DAG Run:read_dataset_event_from_classic
[2025-11-01T12:43:38.254+0000] {logging_mixin.py:190} INFO - [2025-11-01T12:43:38.254+0000] {dag.py:3239} INFO - Sync 2 DAGs
[2025-11-01T12:43:38.270+0000] {logging_mixin.py:190} INFO - [2025-11-01T12:43:38.270+0000] {dag.py:3262} INFO - Creating ORM DAG for read_dataset_event
[2025-11-01T12:43:38.271+0000] {logging_mixin.py:190} INFO - [2025-11-01T12:43:38.271+0000] {dag.py:3262} INFO - Creating ORM DAG for read_dataset_event_from_classic
[2025-11-01T12:43:38.284+0000] {logging_mixin.py:190} INFO - [2025-11-01T12:43:38.283+0000] {dag.py:4180} INFO - Setting next_dagrun for read_dataset_event to 2025-10-31 00:00:00+00:00, run_after=2025-11-01 00:00:00+00:00
[2025-11-01T12:43:38.286+0000] {logging_mixin.py:190} INFO - [2025-11-01T12:43:38.286+0000] {dag.py:4180} INFO - Setting next_dagrun for read_dataset_event_from_classic to 2025-10-31 00:00:00+00:00, run_after=2025-11-01 00:00:00+00:00
[2025-11-01T12:43:38.309+0000] {processor.py:208} INFO - Processing /home/airflow/.local/lib/python3.12/site-packages/airflow/example_dags/example_inlet_event_extra.py took 0.613 seconds
[2025-11-01T12:44:08.788+0000] {processor.py:186} INFO - Started process (PID=177) to work on /home/airflow/.local/lib/python3.12/site-packages/airflow/example_dags/example_inlet_event_extra.py
[2025-11-01T12:44:08.789+0000] {processor.py:914} INFO - Processing file /home/airflow/.local/lib/python3.12/site-packages/airflow/example_dags/example_inlet_event_extra.py for tasks to queue
[2025-11-01T12:44:08.793+0000] {logging_mixin.py:190} INFO - [2025-11-01T12:44:08.792+0000] {dagbag.py:588} INFO - Filling up the DagBag from /home/airflow/.local/lib/python3.12/site-packages/airflow/example_dags/example_inlet_event_extra.py
[2025-11-01T12:44:08.958+0000] {processor.py:925} INFO - DAG(s) 'read_dataset_event_from_classic', 'read_dataset_event' retrieved from /home/airflow/.local/lib/python3.12/site-packages/airflow/example_dags/example_inlet_event_extra.py
[2025-11-01T12:44:08.989+0000] {logging_mixin.py:190} INFO - [2025-11-01T12:44:08.989+0000] {dag.py:3239} INFO - Sync 2 DAGs
[2025-11-01T12:44:09.018+0000] {logging_mixin.py:190} INFO - [2025-11-01T12:44:09.018+0000] {dag.py:4180} INFO - Setting next_dagrun for read_dataset_event to 2025-10-31 00:00:00+00:00, run_after=2025-11-01 00:00:00+00:00
[2025-11-01T12:44:09.025+0000] {logging_mixin.py:190} INFO - [2025-11-01T12:44:09.024+0000] {dag.py:4180} INFO - Setting next_dagrun for read_dataset_event_from_classic to 2025-10-31 00:00:00+00:00, run_after=2025-11-01 00:00:00+00:00
[2025-11-01T12:44:09.049+0000] {processor.py:208} INFO - Processing /home/airflow/.local/lib/python3.12/site-packages/airflow/example_dags/example_inlet_event_extra.py took 0.269 seconds
[2025-11-01T12:44:39.553+0000] {processor.py:186} INFO - Started process (PID=247) to work on /home/airflow/.local/lib/python3.12/site-packages/airflow/example_dags/example_inlet_event_extra.py
[2025-11-01T12:44:39.555+0000] {processor.py:914} INFO - Processing file /home/airflow/.local/lib/python3.12/site-packages/airflow/example_dags/example_inlet_event_extra.py for tasks to queue
[2025-11-01T12:44:39.559+0000] {logging_mixin.py:190} INFO - [2025-11-01T12:44:39.558+0000] {dagbag.py:588} INFO - Filling up the DagBag from /home/airflow/.local/lib/python3.12/site-packages/airflow/example_dags/example_inlet_event_extra.py
[2025-11-01T12:44:39.694+0000] {processor.py:925} INFO - DAG(s) 'read_dataset_event_from_classic', 'read_dataset_event' retrieved from /home/airflow/.local/lib/python3.12/site-packages/airflow/example_dags/example_inlet_event_extra.py
[2025-11-01T12:44:39.728+0000] {logging_mixin.py:190} INFO - [2025-11-01T12:44:39.728+0000] {dag.py:3239} INFO - Sync 2 DAGs
[2025-11-01T12:44:39.757+0000] {logging_mixin.py:190} INFO - [2025-11-01T12:44:39.757+0000] {dag.py:4180} INFO - Setting next_dagrun for read_dataset_event to 2025-10-31 00:00:00+00:00, run_after=2025-11-01 00:00:00+00:00
[2025-11-01T12:44:39.762+0000] {logging_mixin.py:190} INFO - [2025-11-01T12:44:39.762+0000] {dag.py:4180} INFO - Setting next_dagrun for read_dataset_event_from_classic to 2025-10-31 00:00:00+00:00, run_after=2025-11-01 00:00:00+00:00
[2025-11-01T12:44:39.783+0000] {processor.py:208} INFO - Processing /home/airflow/.local/lib/python3.12/site-packages/airflow/example_dags/example_inlet_event_extra.py took 0.237 seconds
[2025-11-01T12:45:10.208+0000] {processor.py:186} INFO - Started process (PID=317) to work on /home/airflow/.local/lib/python3.12/site-packages/airflow/example_dags/example_inlet_event_extra.py
[2025-11-01T12:45:10.210+0000] {processor.py:914} INFO - Processing file /home/airflow/.local/lib/python3.12/site-packages/airflow/example_dags/example_inlet_event_extra.py for tasks to queue
[2025-11-01T12:45:10.214+0000] {logging_mixin.py:190} INFO - [2025-11-01T12:45:10.213+0000] {dagbag.py:588} INFO - Filling up the DagBag from /home/airflow/.local/lib/python3.12/site-packages/airflow/example_dags/example_inlet_event_extra.py
[2025-11-01T12:45:10.413+0000] {processor.py:925} INFO - DAG(s) 'read_dataset_event', 'read_dataset_event_from_classic' retrieved from /home/airflow/.local/lib/python3.12/site-packages/airflow/example_dags/example_inlet_event_extra.py
[2025-11-01T12:45:10.447+0000] {logging_mixin.py:190} INFO - [2025-11-01T12:45:10.447+0000] {dag.py:3239} INFO - Sync 2 DAGs
[2025-11-01T12:45:10.484+0000] {logging_mixin.py:190} INFO - [2025-11-01T12:45:10.484+0000] {dag.py:4180} INFO - Setting next_dagrun for read_dataset_event to 2025-10-31 00:00:00+00:00, run_after=2025-11-01 00:00:00+00:00
[2025-11-01T12:45:10.490+0000] {logging_mixin.py:190} INFO - [2025-11-01T12:45:10.490+0000] {dag.py:4180} INFO - Setting next_dagrun for read_dataset_event_from_classic to 2025-10-31 00:00:00+00:00, run_after=2025-11-01 00:00:00+00:00
[2025-11-01T12:45:10.513+0000] {processor.py:208} INFO - Processing /home/airflow/.local/lib/python3.12/site-packages/airflow/example_dags/example_inlet_event_extra.py took 0.313 seconds
[2025-11-01T12:45:40.697+0000] {processor.py:186} INFO - Started process (PID=388) to work on /home/airflow/.local/lib/python3.12/site-packages/airflow/example_dags/example_inlet_event_extra.py
[2025-11-01T12:45:40.698+0000] {processor.py:914} INFO - Processing file /home/airflow/.local/lib/python3.12/site-packages/airflow/example_dags/example_inlet_event_extra.py for tasks to queue
[2025-11-01T12:45:40.702+0000] {logging_mixin.py:190} INFO - [2025-11-01T12:45:40.701+0000] {dagbag.py:588} INFO - Filling up the DagBag from /home/airflow/.local/lib/python3.12/site-packages/airflow/example_dags/example_inlet_event_extra.py
[2025-11-01T12:45:40.858+0000] {processor.py:925} INFO - DAG(s) 'read_dataset_event_from_classic', 'read_dataset_event' retrieved from /home/airflow/.local/lib/python3.12/site-packages/airflow/example_dags/example_inlet_event_extra.py
[2025-11-01T12:45:40.887+0000] {logging_mixin.py:190} INFO - [2025-11-01T12:45:40.887+0000] {dag.py:3239} INFO - Sync 2 DAGs
[2025-11-01T12:45:40.919+0000] {logging_mixin.py:190} INFO - [2025-11-01T12:45:40.919+0000] {dag.py:4180} INFO - Setting next_dagrun for read_dataset_event to 2025-10-31 00:00:00+00:00, run_after=2025-11-01 00:00:00+00:00
[2025-11-01T12:45:40.925+0000] {logging_mixin.py:190} INFO - [2025-11-01T12:45:40.925+0000] {dag.py:4180} INFO - Setting next_dagrun for read_dataset_event_from_classic to 2025-10-31 00:00:00+00:00, run_after=2025-11-01 00:00:00+00:00
[2025-11-01T12:45:40.944+0000] {processor.py:208} INFO - Processing /home/airflow/.local/lib/python3.12/site-packages/airflow/example_dags/example_inlet_event_extra.py took 0.257 seconds
[2025-11-01T12:46:11.018+0000] {processor.py:186} INFO - Started process (PID=458) to work on /home/airflow/.local/lib/python3.12/site-packages/airflow/example_dags/example_inlet_event_extra.py
[2025-11-01T12:46:11.020+0000] {processor.py:914} INFO - Processing file /home/airflow/.local/lib/python3.12/site-packages/airflow/example_dags/example_inlet_event_extra.py for tasks to queue
[2025-11-01T12:46:11.024+0000] {logging_mixin.py:190} INFO - [2025-11-01T12:46:11.023+0000] {dagbag.py:588} INFO - Filling up the DagBag from /home/airflow/.local/lib/python3.12/site-packages/airflow/example_dags/example_inlet_event_extra.py
[2025-11-01T12:46:11.163+0000] {processor.py:925} INFO - DAG(s) 'read_dataset_event', 'read_dataset_event_from_classic' retrieved from /home/airflow/.local/lib/python3.12/site-packages/airflow/example_dags/example_inlet_event_extra.py
[2025-11-01T12:46:11.192+0000] {logging_mixin.py:190} INFO - [2025-11-01T12:46:11.192+0000] {dag.py:3239} INFO - Sync 2 DAGs
[2025-11-01T12:46:11.220+0000] {logging_mixin.py:190} INFO - [2025-11-01T12:46:11.219+0000] {dag.py:4180} INFO - Setting next_dagrun for read_dataset_event to 2025-10-31 00:00:00+00:00, run_after=2025-11-01 00:00:00+00:00
[2025-11-01T12:46:11.227+0000] {logging_mixin.py:190} INFO - [2025-11-01T12:46:11.227+0000] {dag.py:4180} INFO - Setting next_dagrun for read_dataset_event_from_classic to 2025-10-31 00:00:00+00:00, run_after=2025-11-01 00:00:00+00:00
[2025-11-01T12:46:11.251+0000] {processor.py:208} INFO - Processing /home/airflow/.local/lib/python3.12/site-packages/airflow/example_dags/example_inlet_event_extra.py took 0.240 seconds
[2025-11-01T12:46:41.416+0000] {processor.py:186} INFO - Started process (PID=528) to work on /home/airflow/.local/lib/python3.12/site-packages/airflow/example_dags/example_inlet_event_extra.py
[2025-11-01T12:46:41.418+0000] {processor.py:914} INFO - Processing file /home/airflow/.local/lib/python3.12/site-packages/airflow/example_dags/example_inlet_event_extra.py for tasks to queue
[2025-11-01T12:46:41.422+0000] {logging_mixin.py:190} INFO - [2025-11-01T12:46:41.422+0000] {dagbag.py:588} INFO - Filling up the DagBag from /home/airflow/.local/lib/python3.12/site-packages/airflow/example_dags/example_inlet_event_extra.py
[2025-11-01T12:46:41.642+0000] {processor.py:925} INFO - DAG(s) 'read_dataset_event_from_classic', 'read_dataset_event' retrieved from /home/airflow/.local/lib/python3.12/site-packages/airflow/example_dags/example_inlet_event_extra.py
[2025-11-01T12:46:41.690+0000] {logging_mixin.py:190} INFO - [2025-11-01T12:46:41.690+0000] {dag.py:3239} INFO - Sync 2 DAGs
[2025-11-01T12:46:41.750+0000] {logging_mixin.py:190} INFO - [2025-11-01T12:46:41.749+0000] {dag.py:4180} INFO - Setting next_dagrun for read_dataset_event to 2025-10-31 00:00:00+00:00, run_after=2025-11-01 00:00:00+00:00
[2025-11-01T12:46:41.758+0000] {logging_mixin.py:190} INFO - [2025-11-01T12:46:41.758+0000] {dag.py:4180} INFO - Setting next_dagrun for read_dataset_event_from_classic to 2025-10-31 00:00:00+00:00, run_after=2025-11-01 00:00:00+00:00
[2025-11-01T12:46:41.793+0000] {processor.py:208} INFO - Processing /home/airflow/.local/lib/python3.12/site-packages/airflow/example_dags/example_inlet_event_extra.py took 0.389 seconds
[2025-11-01T12:47:11.926+0000] {processor.py:186} INFO - Started process (PID=598) to work on /home/airflow/.local/lib/python3.12/site-packages/airflow/example_dags/example_inlet_event_extra.py
[2025-11-01T12:47:11.927+0000] {processor.py:914} INFO - Processing file /home/airflow/.local/lib/python3.12/site-packages/airflow/example_dags/example_inlet_event_extra.py for tasks to queue
[2025-11-01T12:47:11.930+0000] {logging_mixin.py:190} INFO - [2025-11-01T12:47:11.930+0000] {dagbag.py:588} INFO - Filling up the DagBag from /home/airflow/.local/lib/python3.12/site-packages/airflow/example_dags/example_inlet_event_extra.py
[2025-11-01T12:47:12.076+0000] {processor.py:925} INFO - DAG(s) 'read_dataset_event_from_classic', 'read_dataset_event' retrieved from /home/airflow/.local/lib/python3.12/site-packages/airflow/example_dags/example_inlet_event_extra.py
[2025-11-01T12:47:12.102+0000] {logging_mixin.py:190} INFO - [2025-11-01T12:47:12.102+0000] {dag.py:3239} INFO - Sync 2 DAGs
[2025-11-01T12:47:12.132+0000] {logging_mixin.py:190} INFO - [2025-11-01T12:47:12.132+0000] {dag.py:4180} INFO - Setting next_dagrun for read_dataset_event to 2025-10-31 00:00:00+00:00, run_after=2025-11-01 00:00:00+00:00
[2025-11-01T12:47:12.140+0000] {logging_mixin.py:190} INFO - [2025-11-01T12:47:12.139+0000] {dag.py:4180} INFO - Setting next_dagrun for read_dataset_event_from_classic to 2025-10-31 00:00:00+00:00, run_after=2025-11-01 00:00:00+00:00
[2025-11-01T12:47:12.163+0000] {processor.py:208} INFO - Processing /home/airflow/.local/lib/python3.12/site-packages/airflow/example_dags/example_inlet_event_extra.py took 0.245 seconds
[2025-11-01T12:47:43.090+0000] {processor.py:186} INFO - Started process (PID=668) to work on /home/airflow/.local/lib/python3.12/site-packages/airflow/example_dags/example_inlet_event_extra.py
[2025-11-01T12:47:43.091+0000] {processor.py:914} INFO - Processing file /home/airflow/.local/lib/python3.12/site-packages/airflow/example_dags/example_inlet_event_extra.py for tasks to queue
[2025-11-01T12:47:43.094+0000] {logging_mixin.py:190} INFO - [2025-11-01T12:47:43.094+0000] {dagbag.py:588} INFO - Filling up the DagBag from /home/airflow/.local/lib/python3.12/site-packages/airflow/example_dags/example_inlet_event_extra.py
[2025-11-01T12:47:43.227+0000] {processor.py:925} INFO - DAG(s) 'read_dataset_event', 'read_dataset_event_from_classic' retrieved from /home/airflow/.local/lib/python3.12/site-packages/airflow/example_dags/example_inlet_event_extra.py
[2025-11-01T12:47:43.257+0000] {logging_mixin.py:190} INFO - [2025-11-01T12:47:43.257+0000] {dag.py:3239} INFO - Sync 2 DAGs
[2025-11-01T12:47:43.284+0000] {logging_mixin.py:190} INFO - [2025-11-01T12:47:43.284+0000] {dag.py:4180} INFO - Setting next_dagrun for read_dataset_event to 2025-10-31 00:00:00+00:00, run_after=2025-11-01 00:00:00+00:00
[2025-11-01T12:47:43.289+0000] {logging_mixin.py:190} INFO - [2025-11-01T12:47:43.289+0000] {dag.py:4180} INFO - Setting next_dagrun for read_dataset_event_from_classic to 2025-10-31 00:00:00+00:00, run_after=2025-11-01 00:00:00+00:00
[2025-11-01T12:47:43.313+0000] {processor.py:208} INFO - Processing /home/airflow/.local/lib/python3.12/site-packages/airflow/example_dags/example_inlet_event_extra.py took 0.232 seconds
[2025-11-01T12:48:13.766+0000] {processor.py:186} INFO - Started process (PID=738) to work on /home/airflow/.local/lib/python3.12/site-packages/airflow/example_dags/example_inlet_event_extra.py
[2025-11-01T12:48:13.768+0000] {processor.py:914} INFO - Processing file /home/airflow/.local/lib/python3.12/site-packages/airflow/example_dags/example_inlet_event_extra.py for tasks to queue
[2025-11-01T12:48:13.772+0000] {logging_mixin.py:190} INFO - [2025-11-01T12:48:13.771+0000] {dagbag.py:588} INFO - Filling up the DagBag from /home/airflow/.local/lib/python3.12/site-packages/airflow/example_dags/example_inlet_event_extra.py
[2025-11-01T12:48:13.913+0000] {processor.py:925} INFO - DAG(s) 'read_dataset_event_from_classic', 'read_dataset_event' retrieved from /home/airflow/.local/lib/python3.12/site-packages/airflow/example_dags/example_inlet_event_extra.py
[2025-11-01T12:48:13.943+0000] {logging_mixin.py:190} INFO - [2025-11-01T12:48:13.943+0000] {dag.py:3239} INFO - Sync 2 DAGs
[2025-11-01T12:48:13.973+0000] {logging_mixin.py:190} INFO - [2025-11-01T12:48:13.972+0000] {dag.py:4180} INFO - Setting next_dagrun for read_dataset_event to 2025-10-31 00:00:00+00:00, run_after=2025-11-01 00:00:00+00:00
[2025-11-01T12:48:13.978+0000] {logging_mixin.py:190} INFO - [2025-11-01T12:48:13.978+0000] {dag.py:4180} INFO - Setting next_dagrun for read_dataset_event_from_classic to 2025-10-31 00:00:00+00:00, run_after=2025-11-01 00:00:00+00:00
[2025-11-01T12:48:13.998+0000] {processor.py:208} INFO - Processing /home/airflow/.local/lib/python3.12/site-packages/airflow/example_dags/example_inlet_event_extra.py took 0.239 seconds
[2025-11-01T12:48:44.459+0000] {processor.py:186} INFO - Started process (PID=809) to work on /home/airflow/.local/lib/python3.12/site-packages/airflow/example_dags/example_inlet_event_extra.py
[2025-11-01T12:48:44.460+0000] {processor.py:914} INFO - Processing file /home/airflow/.local/lib/python3.12/site-packages/airflow/example_dags/example_inlet_event_extra.py for tasks to queue
[2025-11-01T12:48:44.464+0000] {logging_mixin.py:190} INFO - [2025-11-01T12:48:44.464+0000] {dagbag.py:588} INFO - Filling up the DagBag from /home/airflow/.local/lib/python3.12/site-packages/airflow/example_dags/example_inlet_event_extra.py
[2025-11-01T12:48:44.484+0000] {processor.py:925} INFO - DAG(s) 'read_dataset_event_from_classic', 'read_dataset_event' retrieved from /home/airflow/.local/lib/python3.12/site-packages/airflow/example_dags/example_inlet_event_extra.py
[2025-11-01T12:48:44.512+0000] {logging_mixin.py:190} INFO - [2025-11-01T12:48:44.512+0000] {dag.py:3239} INFO - Sync 2 DAGs
[2025-11-01T12:48:44.539+0000] {logging_mixin.py:190} INFO - [2025-11-01T12:48:44.539+0000] {dag.py:4180} INFO - Setting next_dagrun for read_dataset_event to 2025-10-31 00:00:00+00:00, run_after=2025-11-01 00:00:00+00:00
[2025-11-01T12:48:44.544+0000] {logging_mixin.py:190} INFO - [2025-11-01T12:48:44.544+0000] {dag.py:4180} INFO - Setting next_dagrun for read_dataset_event_from_classic to 2025-10-31 00:00:00+00:00, run_after=2025-11-01 00:00:00+00:00
[2025-11-01T12:48:44.565+0000] {processor.py:208} INFO - Processing /home/airflow/.local/lib/python3.12/site-packages/airflow/example_dags/example_inlet_event_extra.py took 0.113 seconds
[2025-11-01T12:49:14.902+0000] {processor.py:186} INFO - Started process (PID=880) to work on /home/airflow/.local/lib/python3.12/site-packages/airflow/example_dags/example_inlet_event_extra.py
[2025-11-01T12:49:14.904+0000] {processor.py:914} INFO - Processing file /home/airflow/.local/lib/python3.12/site-packages/airflow/example_dags/example_inlet_event_extra.py for tasks to queue
[2025-11-01T12:49:14.907+0000] {logging_mixin.py:190} INFO - [2025-11-01T12:49:14.906+0000] {dagbag.py:588} INFO - Filling up the DagBag from /home/airflow/.local/lib/python3.12/site-packages/airflow/example_dags/example_inlet_event_extra.py
[2025-11-01T12:49:14.925+0000] {processor.py:925} INFO - DAG(s) 'read_dataset_event_from_classic', 'read_dataset_event' retrieved from /home/airflow/.local/lib/python3.12/site-packages/airflow/example_dags/example_inlet_event_extra.py
[2025-11-01T12:49:14.952+0000] {logging_mixin.py:190} INFO - [2025-11-01T12:49:14.952+0000] {dag.py:3239} INFO - Sync 2 DAGs
[2025-11-01T12:49:14.978+0000] {logging_mixin.py:190} INFO - [2025-11-01T12:49:14.978+0000] {dag.py:4180} INFO - Setting next_dagrun for read_dataset_event to 2025-10-31 00:00:00+00:00, run_after=2025-11-01 00:00:00+00:00
[2025-11-01T12:49:14.983+0000] {logging_mixin.py:190} INFO - [2025-11-01T12:49:14.983+0000] {dag.py:4180} INFO - Setting next_dagrun for read_dataset_event_from_classic to 2025-10-31 00:00:00+00:00, run_after=2025-11-01 00:00:00+00:00
[2025-11-01T12:49:15.006+0000] {processor.py:208} INFO - Processing /home/airflow/.local/lib/python3.12/site-packages/airflow/example_dags/example_inlet_event_extra.py took 0.111 seconds
[2025-11-01T12:49:45.116+0000] {processor.py:186} INFO - Started process (PID=952) to work on /home/airflow/.local/lib/python3.12/site-packages/airflow/example_dags/example_inlet_event_extra.py
[2025-11-01T12:49:45.117+0000] {processor.py:914} INFO - Processing file /home/airflow/.local/lib/python3.12/site-packages/airflow/example_dags/example_inlet_event_extra.py for tasks to queue
[2025-11-01T12:49:45.121+0000] {logging_mixin.py:190} INFO - [2025-11-01T12:49:45.120+0000] {dagbag.py:588} INFO - Filling up the DagBag from /home/airflow/.local/lib/python3.12/site-packages/airflow/example_dags/example_inlet_event_extra.py
[2025-11-01T12:49:45.139+0000] {processor.py:925} INFO - DAG(s) 'read_dataset_event', 'read_dataset_event_from_classic' retrieved from /home/airflow/.local/lib/python3.12/site-packages/airflow/example_dags/example_inlet_event_extra.py
[2025-11-01T12:49:45.166+0000] {logging_mixin.py:190} INFO - [2025-11-01T12:49:45.166+0000] {dag.py:3239} INFO - Sync 2 DAGs
[2025-11-01T12:49:45.194+0000] {logging_mixin.py:190} INFO - [2025-11-01T12:49:45.193+0000] {dag.py:4180} INFO - Setting next_dagrun for read_dataset_event to 2025-10-31 00:00:00+00:00, run_after=2025-11-01 00:00:00+00:00
[2025-11-01T12:49:45.199+0000] {logging_mixin.py:190} INFO - [2025-11-01T12:49:45.199+0000] {dag.py:4180} INFO - Setting next_dagrun for read_dataset_event_from_classic to 2025-10-31 00:00:00+00:00, run_after=2025-11-01 00:00:00+00:00
[2025-11-01T12:49:45.219+0000] {processor.py:208} INFO - Processing /home/airflow/.local/lib/python3.12/site-packages/airflow/example_dags/example_inlet_event_extra.py took 0.110 seconds
[2025-11-01T12:50:15.329+0000] {processor.py:186} INFO - Started process (PID=1027) to work on /home/airflow/.local/lib/python3.12/site-packages/airflow/example_dags/example_inlet_event_extra.py
[2025-11-01T12:50:15.330+0000] {processor.py:914} INFO - Processing file /home/airflow/.local/lib/python3.12/site-packages/airflow/example_dags/example_inlet_event_extra.py for tasks to queue
[2025-11-01T12:50:15.334+0000] {logging_mixin.py:190} INFO - [2025-11-01T12:50:15.334+0000] {dagbag.py:588} INFO - Filling up the DagBag from /home/airflow/.local/lib/python3.12/site-packages/airflow/example_dags/example_inlet_event_extra.py
[2025-11-01T12:50:15.353+0000] {processor.py:925} INFO - DAG(s) 'read_dataset_event_from_classic', 'read_dataset_event' retrieved from /home/airflow/.local/lib/python3.12/site-packages/airflow/example_dags/example_inlet_event_extra.py
[2025-11-01T12:50:15.381+0000] {logging_mixin.py:190} INFO - [2025-11-01T12:50:15.381+0000] {dag.py:3239} INFO - Sync 2 DAGs
[2025-11-01T12:50:15.407+0000] {logging_mixin.py:190} INFO - [2025-11-01T12:50:15.407+0000] {dag.py:4180} INFO - Setting next_dagrun for read_dataset_event to 2025-10-31 00:00:00+00:00, run_after=2025-11-01 00:00:00+00:00
[2025-11-01T12:50:15.413+0000] {logging_mixin.py:190} INFO - [2025-11-01T12:50:15.412+0000] {dag.py:4180} INFO - Setting next_dagrun for read_dataset_event_from_classic to 2025-10-31 00:00:00+00:00, run_after=2025-11-01 00:00:00+00:00
[2025-11-01T12:50:15.433+0000] {processor.py:208} INFO - Processing /home/airflow/.local/lib/python3.12/site-packages/airflow/example_dags/example_inlet_event_extra.py took 0.111 seconds
[2025-11-01T12:50:45.963+0000] {processor.py:186} INFO - Started process (PID=1098) to work on /home/airflow/.local/lib/python3.12/site-packages/airflow/example_dags/example_inlet_event_extra.py
[2025-11-01T12:50:45.965+0000] {processor.py:914} INFO - Processing file /home/airflow/.local/lib/python3.12/site-packages/airflow/example_dags/example_inlet_event_extra.py for tasks to queue
[2025-11-01T12:50:45.968+0000] {logging_mixin.py:190} INFO - [2025-11-01T12:50:45.968+0000] {dagbag.py:588} INFO - Filling up the DagBag from /home/airflow/.local/lib/python3.12/site-packages/airflow/example_dags/example_inlet_event_extra.py
[2025-11-01T12:50:45.989+0000] {processor.py:925} INFO - DAG(s) 'read_dataset_event_from_classic', 'read_dataset_event' retrieved from /home/airflow/.local/lib/python3.12/site-packages/airflow/example_dags/example_inlet_event_extra.py
[2025-11-01T12:50:46.021+0000] {logging_mixin.py:190} INFO - [2025-11-01T12:50:46.020+0000] {dag.py:3239} INFO - Sync 2 DAGs
[2025-11-01T12:50:46.050+0000] {logging_mixin.py:190} INFO - [2025-11-01T12:50:46.050+0000] {dag.py:4180} INFO - Setting next_dagrun for read_dataset_event to 2025-10-31 00:00:00+00:00, run_after=2025-11-01 00:00:00+00:00
[2025-11-01T12:50:46.056+0000] {logging_mixin.py:190} INFO - [2025-11-01T12:50:46.056+0000] {dag.py:4180} INFO - Setting next_dagrun for read_dataset_event_from_classic to 2025-10-31 00:00:00+00:00, run_after=2025-11-01 00:00:00+00:00
[2025-11-01T12:50:46.077+0000] {processor.py:208} INFO - Processing /home/airflow/.local/lib/python3.12/site-packages/airflow/example_dags/example_inlet_event_extra.py took 0.122 seconds
[2025-11-01T12:51:16.619+0000] {processor.py:186} INFO - Started process (PID=1169) to work on /home/airflow/.local/lib/python3.12/site-packages/airflow/example_dags/example_inlet_event_extra.py
[2025-11-01T12:51:16.620+0000] {processor.py:914} INFO - Processing file /home/airflow/.local/lib/python3.12/site-packages/airflow/example_dags/example_inlet_event_extra.py for tasks to queue
[2025-11-01T12:51:16.623+0000] {logging_mixin.py:190} INFO - [2025-11-01T12:51:16.623+0000] {dagbag.py:588} INFO - Filling up the DagBag from /home/airflow/.local/lib/python3.12/site-packages/airflow/example_dags/example_inlet_event_extra.py
[2025-11-01T12:51:16.644+0000] {processor.py:925} INFO - DAG(s) 'read_dataset_event', 'read_dataset_event_from_classic' retrieved from /home/airflow/.local/lib/python3.12/site-packages/airflow/example_dags/example_inlet_event_extra.py
[2025-11-01T12:51:16.672+0000] {logging_mixin.py:190} INFO - [2025-11-01T12:51:16.672+0000] {dag.py:3239} INFO - Sync 2 DAGs
[2025-11-01T12:51:16.701+0000] {logging_mixin.py:190} INFO - [2025-11-01T12:51:16.701+0000] {dag.py:4180} INFO - Setting next_dagrun for read_dataset_event to 2025-10-31 00:00:00+00:00, run_after=2025-11-01 00:00:00+00:00
[2025-11-01T12:51:16.707+0000] {logging_mixin.py:190} INFO - [2025-11-01T12:51:16.707+0000] {dag.py:4180} INFO - Setting next_dagrun for read_dataset_event_from_classic to 2025-10-31 00:00:00+00:00, run_after=2025-11-01 00:00:00+00:00
[2025-11-01T12:51:16.725+0000] {processor.py:208} INFO - Processing /home/airflow/.local/lib/python3.12/site-packages/airflow/example_dags/example_inlet_event_extra.py took 0.114 seconds
[2025-11-01T12:51:47.170+0000] {processor.py:186} INFO - Started process (PID=1240) to work on /home/airflow/.local/lib/python3.12/site-packages/airflow/example_dags/example_inlet_event_extra.py
[2025-11-01T12:51:47.172+0000] {processor.py:914} INFO - Processing file /home/airflow/.local/lib/python3.12/site-packages/airflow/example_dags/example_inlet_event_extra.py for tasks to queue
[2025-11-01T12:51:47.176+0000] {logging_mixin.py:190} INFO - [2025-11-01T12:51:47.175+0000] {dagbag.py:588} INFO - Filling up the DagBag from /home/airflow/.local/lib/python3.12/site-packages/airflow/example_dags/example_inlet_event_extra.py
[2025-11-01T12:51:47.198+0000] {processor.py:925} INFO - DAG(s) 'read_dataset_event', 'read_dataset_event_from_classic' retrieved from /home/airflow/.local/lib/python3.12/site-packages/airflow/example_dags/example_inlet_event_extra.py
[2025-11-01T12:51:47.233+0000] {logging_mixin.py:190} INFO - [2025-11-01T12:51:47.232+0000] {dag.py:3239} INFO - Sync 2 DAGs
[2025-11-01T12:51:47.267+0000] {logging_mixin.py:190} INFO - [2025-11-01T12:51:47.267+0000] {dag.py:4180} INFO - Setting next_dagrun for read_dataset_event to 2025-10-31 00:00:00+00:00, run_after=2025-11-01 00:00:00+00:00
[2025-11-01T12:51:47.273+0000] {logging_mixin.py:190} INFO - [2025-11-01T12:51:47.273+0000] {dag.py:4180} INFO - Setting next_dagrun for read_dataset_event_from_classic to 2025-10-31 00:00:00+00:00, run_after=2025-11-01 00:00:00+00:00
[2025-11-01T12:51:47.296+0000] {processor.py:208} INFO - Processing /home/airflow/.local/lib/python3.12/site-packages/airflow/example_dags/example_inlet_event_extra.py took 0.133 seconds
[2025-11-01T12:52:17.457+0000] {processor.py:186} INFO - Started process (PID=1311) to work on /home/airflow/.local/lib/python3.12/site-packages/airflow/example_dags/example_inlet_event_extra.py
[2025-11-01T12:52:17.459+0000] {processor.py:914} INFO - Processing file /home/airflow/.local/lib/python3.12/site-packages/airflow/example_dags/example_inlet_event_extra.py for tasks to queue
[2025-11-01T12:52:17.464+0000] {logging_mixin.py:190} INFO - [2025-11-01T12:52:17.464+0000] {dagbag.py:588} INFO - Filling up the DagBag from /home/airflow/.local/lib/python3.12/site-packages/airflow/example_dags/example_inlet_event_extra.py
[2025-11-01T12:52:17.487+0000] {processor.py:925} INFO - DAG(s) 'read_dataset_event', 'read_dataset_event_from_classic' retrieved from /home/airflow/.local/lib/python3.12/site-packages/airflow/example_dags/example_inlet_event_extra.py
[2025-11-01T12:52:17.520+0000] {logging_mixin.py:190} INFO - [2025-11-01T12:52:17.520+0000] {dag.py:3239} INFO - Sync 2 DAGs
[2025-11-01T12:52:17.551+0000] {logging_mixin.py:190} INFO - [2025-11-01T12:52:17.551+0000] {dag.py:4180} INFO - Setting next_dagrun for read_dataset_event to 2025-10-31 00:00:00+00:00, run_after=2025-11-01 00:00:00+00:00
[2025-11-01T12:52:17.558+0000] {logging_mixin.py:190} INFO - [2025-11-01T12:52:17.557+0000] {dag.py:4180} INFO - Setting next_dagrun for read_dataset_event_from_classic to 2025-10-31 00:00:00+00:00, run_after=2025-11-01 00:00:00+00:00
[2025-11-01T12:52:17.580+0000] {processor.py:208} INFO - Processing /home/airflow/.local/lib/python3.12/site-packages/airflow/example_dags/example_inlet_event_extra.py took 0.133 seconds
[2025-11-01T12:52:47.999+0000] {processor.py:186} INFO - Started process (PID=1382) to work on /home/airflow/.local/lib/python3.12/site-packages/airflow/example_dags/example_inlet_event_extra.py
[2025-11-01T12:52:48.001+0000] {processor.py:914} INFO - Processing file /home/airflow/.local/lib/python3.12/site-packages/airflow/example_dags/example_inlet_event_extra.py for tasks to queue
[2025-11-01T12:52:48.007+0000] {logging_mixin.py:190} INFO - [2025-11-01T12:52:48.006+0000] {dagbag.py:588} INFO - Filling up the DagBag from /home/airflow/.local/lib/python3.12/site-packages/airflow/example_dags/example_inlet_event_extra.py
[2025-11-01T12:52:48.042+0000] {processor.py:925} INFO - DAG(s) 'read_dataset_event', 'read_dataset_event_from_classic' retrieved from /home/airflow/.local/lib/python3.12/site-packages/airflow/example_dags/example_inlet_event_extra.py
[2025-11-01T12:52:48.093+0000] {logging_mixin.py:190} INFO - [2025-11-01T12:52:48.092+0000] {dag.py:3239} INFO - Sync 2 DAGs
[2025-11-01T12:52:48.139+0000] {logging_mixin.py:190} INFO - [2025-11-01T12:52:48.139+0000] {dag.py:4180} INFO - Setting next_dagrun for read_dataset_event to 2025-10-31 00:00:00+00:00, run_after=2025-11-01 00:00:00+00:00
[2025-11-01T12:52:48.147+0000] {logging_mixin.py:190} INFO - [2025-11-01T12:52:48.147+0000] {dag.py:4180} INFO - Setting next_dagrun for read_dataset_event_from_classic to 2025-10-31 00:00:00+00:00, run_after=2025-11-01 00:00:00+00:00
[2025-11-01T12:52:48.174+0000] {processor.py:208} INFO - Processing /home/airflow/.local/lib/python3.12/site-packages/airflow/example_dags/example_inlet_event_extra.py took 0.184 seconds
[2025-11-01T12:53:18.852+0000] {processor.py:186} INFO - Started process (PID=1453) to work on /home/airflow/.local/lib/python3.12/site-packages/airflow/example_dags/example_inlet_event_extra.py
[2025-11-01T12:53:18.853+0000] {processor.py:914} INFO - Processing file /home/airflow/.local/lib/python3.12/site-packages/airflow/example_dags/example_inlet_event_extra.py for tasks to queue
[2025-11-01T12:53:18.857+0000] {logging_mixin.py:190} INFO - [2025-11-01T12:53:18.856+0000] {dagbag.py:588} INFO - Filling up the DagBag from /home/airflow/.local/lib/python3.12/site-packages/airflow/example_dags/example_inlet_event_extra.py
[2025-11-01T12:53:18.876+0000] {processor.py:925} INFO - DAG(s) 'read_dataset_event_from_classic', 'read_dataset_event' retrieved from /home/airflow/.local/lib/python3.12/site-packages/airflow/example_dags/example_inlet_event_extra.py
[2025-11-01T12:53:18.903+0000] {logging_mixin.py:190} INFO - [2025-11-01T12:53:18.903+0000] {dag.py:3239} INFO - Sync 2 DAGs
[2025-11-01T12:53:18.930+0000] {logging_mixin.py:190} INFO - [2025-11-01T12:53:18.930+0000] {dag.py:4180} INFO - Setting next_dagrun for read_dataset_event to 2025-10-31 00:00:00+00:00, run_after=2025-11-01 00:00:00+00:00
[2025-11-01T12:53:18.935+0000] {logging_mixin.py:190} INFO - [2025-11-01T12:53:18.935+0000] {dag.py:4180} INFO - Setting next_dagrun for read_dataset_event_from_classic to 2025-10-31 00:00:00+00:00, run_after=2025-11-01 00:00:00+00:00
[2025-11-01T12:53:18.955+0000] {processor.py:208} INFO - Processing /home/airflow/.local/lib/python3.12/site-packages/airflow/example_dags/example_inlet_event_extra.py took 0.110 seconds
[2025-11-01T12:53:49.207+0000] {processor.py:186} INFO - Started process (PID=1524) to work on /home/airflow/.local/lib/python3.12/site-packages/airflow/example_dags/example_inlet_event_extra.py
[2025-11-01T12:53:49.209+0000] {processor.py:914} INFO - Processing file /home/airflow/.local/lib/python3.12/site-packages/airflow/example_dags/example_inlet_event_extra.py for tasks to queue
[2025-11-01T12:53:49.212+0000] {logging_mixin.py:190} INFO - [2025-11-01T12:53:49.212+0000] {dagbag.py:588} INFO - Filling up the DagBag from /home/airflow/.local/lib/python3.12/site-packages/airflow/example_dags/example_inlet_event_extra.py
[2025-11-01T12:53:49.233+0000] {processor.py:925} INFO - DAG(s) 'read_dataset_event_from_classic', 'read_dataset_event' retrieved from /home/airflow/.local/lib/python3.12/site-packages/airflow/example_dags/example_inlet_event_extra.py
[2025-11-01T12:53:49.266+0000] {logging_mixin.py:190} INFO - [2025-11-01T12:53:49.266+0000] {dag.py:3239} INFO - Sync 2 DAGs
[2025-11-01T12:53:49.296+0000] {logging_mixin.py:190} INFO - [2025-11-01T12:53:49.296+0000] {dag.py:4180} INFO - Setting next_dagrun for read_dataset_event to 2025-10-31 00:00:00+00:00, run_after=2025-11-01 00:00:00+00:00
[2025-11-01T12:53:49.302+0000] {logging_mixin.py:190} INFO - [2025-11-01T12:53:49.302+0000] {dag.py:4180} INFO - Setting next_dagrun for read_dataset_event_from_classic to 2025-10-31 00:00:00+00:00, run_after=2025-11-01 00:00:00+00:00
[2025-11-01T12:53:49.325+0000] {processor.py:208} INFO - Processing /home/airflow/.local/lib/python3.12/site-packages/airflow/example_dags/example_inlet_event_extra.py took 0.126 seconds
[2025-11-01T12:54:19.988+0000] {processor.py:186} INFO - Started process (PID=1596) to work on /home/airflow/.local/lib/python3.12/site-packages/airflow/example_dags/example_inlet_event_extra.py
[2025-11-01T12:54:19.989+0000] {processor.py:914} INFO - Processing file /home/airflow/.local/lib/python3.12/site-packages/airflow/example_dags/example_inlet_event_extra.py for tasks to queue
[2025-11-01T12:54:19.994+0000] {logging_mixin.py:190} INFO - [2025-11-01T12:54:19.993+0000] {dagbag.py:588} INFO - Filling up the DagBag from /home/airflow/.local/lib/python3.12/site-packages/airflow/example_dags/example_inlet_event_extra.py
[2025-11-01T12:54:20.021+0000] {processor.py:925} INFO - DAG(s) 'read_dataset_event_from_classic', 'read_dataset_event' retrieved from /home/airflow/.local/lib/python3.12/site-packages/airflow/example_dags/example_inlet_event_extra.py
[2025-11-01T12:54:20.058+0000] {logging_mixin.py:190} INFO - [2025-11-01T12:54:20.058+0000] {dag.py:3239} INFO - Sync 2 DAGs
[2025-11-01T12:54:20.090+0000] {logging_mixin.py:190} INFO - [2025-11-01T12:54:20.089+0000] {dag.py:4180} INFO - Setting next_dagrun for read_dataset_event to 2025-10-31 00:00:00+00:00, run_after=2025-11-01 00:00:00+00:00
[2025-11-01T12:54:20.096+0000] {logging_mixin.py:190} INFO - [2025-11-01T12:54:20.096+0000] {dag.py:4180} INFO - Setting next_dagrun for read_dataset_event_from_classic to 2025-10-31 00:00:00+00:00, run_after=2025-11-01 00:00:00+00:00
[2025-11-01T12:54:20.116+0000] {processor.py:208} INFO - Processing /home/airflow/.local/lib/python3.12/site-packages/airflow/example_dags/example_inlet_event_extra.py took 0.139 seconds
[2025-11-01T12:54:50.529+0000] {processor.py:186} INFO - Started process (PID=1667) to work on /home/airflow/.local/lib/python3.12/site-packages/airflow/example_dags/example_inlet_event_extra.py
[2025-11-01T12:54:50.530+0000] {processor.py:914} INFO - Processing file /home/airflow/.local/lib/python3.12/site-packages/airflow/example_dags/example_inlet_event_extra.py for tasks to queue
[2025-11-01T12:54:50.533+0000] {logging_mixin.py:190} INFO - [2025-11-01T12:54:50.533+0000] {dagbag.py:588} INFO - Filling up the DagBag from /home/airflow/.local/lib/python3.12/site-packages/airflow/example_dags/example_inlet_event_extra.py
[2025-11-01T12:54:50.553+0000] {processor.py:925} INFO - DAG(s) 'read_dataset_event', 'read_dataset_event_from_classic' retrieved from /home/airflow/.local/lib/python3.12/site-packages/airflow/example_dags/example_inlet_event_extra.py
[2025-11-01T12:54:50.583+0000] {logging_mixin.py:190} INFO - [2025-11-01T12:54:50.583+0000] {dag.py:3239} INFO - Sync 2 DAGs
[2025-11-01T12:54:50.608+0000] {logging_mixin.py:190} INFO - [2025-11-01T12:54:50.607+0000] {dag.py:4180} INFO - Setting next_dagrun for read_dataset_event to 2025-10-31 00:00:00+00:00, run_after=2025-11-01 00:00:00+00:00
[2025-11-01T12:54:50.614+0000] {logging_mixin.py:190} INFO - [2025-11-01T12:54:50.613+0000] {dag.py:4180} INFO - Setting next_dagrun for read_dataset_event_from_classic to 2025-10-31 00:00:00+00:00, run_after=2025-11-01 00:00:00+00:00
[2025-11-01T12:54:50.632+0000] {processor.py:208} INFO - Processing /home/airflow/.local/lib/python3.12/site-packages/airflow/example_dags/example_inlet_event_extra.py took 0.110 seconds
[2025-11-01T12:55:20.696+0000] {processor.py:186} INFO - Started process (PID=1737) to work on /home/airflow/.local/lib/python3.12/site-packages/airflow/example_dags/example_inlet_event_extra.py
[2025-11-01T12:55:20.697+0000] {processor.py:914} INFO - Processing file /home/airflow/.local/lib/python3.12/site-packages/airflow/example_dags/example_inlet_event_extra.py for tasks to queue
[2025-11-01T12:55:20.701+0000] {logging_mixin.py:190} INFO - [2025-11-01T12:55:20.701+0000] {dagbag.py:588} INFO - Filling up the DagBag from /home/airflow/.local/lib/python3.12/site-packages/airflow/example_dags/example_inlet_event_extra.py
[2025-11-01T12:55:20.720+0000] {processor.py:925} INFO - DAG(s) 'read_dataset_event_from_classic', 'read_dataset_event' retrieved from /home/airflow/.local/lib/python3.12/site-packages/airflow/example_dags/example_inlet_event_extra.py
[2025-11-01T12:55:20.760+0000] {logging_mixin.py:190} INFO - [2025-11-01T12:55:20.759+0000] {dag.py:3239} INFO - Sync 2 DAGs
[2025-11-01T12:55:20.790+0000] {logging_mixin.py:190} INFO - [2025-11-01T12:55:20.789+0000] {dag.py:4180} INFO - Setting next_dagrun for read_dataset_event to 2025-10-31 00:00:00+00:00, run_after=2025-11-01 00:00:00+00:00
[2025-11-01T12:55:20.795+0000] {logging_mixin.py:190} INFO - [2025-11-01T12:55:20.795+0000] {dag.py:4180} INFO - Setting next_dagrun for read_dataset_event_from_classic to 2025-10-31 00:00:00+00:00, run_after=2025-11-01 00:00:00+00:00
[2025-11-01T12:55:20.816+0000] {processor.py:208} INFO - Processing /home/airflow/.local/lib/python3.12/site-packages/airflow/example_dags/example_inlet_event_extra.py took 0.128 seconds
[2025-11-01T12:55:51.126+0000] {processor.py:186} INFO - Started process (PID=1809) to work on /home/airflow/.local/lib/python3.12/site-packages/airflow/example_dags/example_inlet_event_extra.py
[2025-11-01T12:55:51.128+0000] {processor.py:914} INFO - Processing file /home/airflow/.local/lib/python3.12/site-packages/airflow/example_dags/example_inlet_event_extra.py for tasks to queue
[2025-11-01T12:55:51.131+0000] {logging_mixin.py:190} INFO - [2025-11-01T12:55:51.131+0000] {dagbag.py:588} INFO - Filling up the DagBag from /home/airflow/.local/lib/python3.12/site-packages/airflow/example_dags/example_inlet_event_extra.py
[2025-11-01T12:55:51.150+0000] {processor.py:925} INFO - DAG(s) 'read_dataset_event', 'read_dataset_event_from_classic' retrieved from /home/airflow/.local/lib/python3.12/site-packages/airflow/example_dags/example_inlet_event_extra.py
[2025-11-01T12:55:51.178+0000] {logging_mixin.py:190} INFO - [2025-11-01T12:55:51.178+0000] {dag.py:3239} INFO - Sync 2 DAGs
[2025-11-01T12:55:51.205+0000] {logging_mixin.py:190} INFO - [2025-11-01T12:55:51.205+0000] {dag.py:4180} INFO - Setting next_dagrun for read_dataset_event to 2025-10-31 00:00:00+00:00, run_after=2025-11-01 00:00:00+00:00
[2025-11-01T12:55:51.210+0000] {logging_mixin.py:190} INFO - [2025-11-01T12:55:51.210+0000] {dag.py:4180} INFO - Setting next_dagrun for read_dataset_event_from_classic to 2025-10-31 00:00:00+00:00, run_after=2025-11-01 00:00:00+00:00
[2025-11-01T12:55:51.230+0000] {processor.py:208} INFO - Processing /home/airflow/.local/lib/python3.12/site-packages/airflow/example_dags/example_inlet_event_extra.py took 0.112 seconds
[2025-11-01T12:56:21.411+0000] {processor.py:186} INFO - Started process (PID=1880) to work on /home/airflow/.local/lib/python3.12/site-packages/airflow/example_dags/example_inlet_event_extra.py
[2025-11-01T12:56:21.413+0000] {processor.py:914} INFO - Processing file /home/airflow/.local/lib/python3.12/site-packages/airflow/example_dags/example_inlet_event_extra.py for tasks to queue
[2025-11-01T12:56:21.417+0000] {logging_mixin.py:190} INFO - [2025-11-01T12:56:21.416+0000] {dagbag.py:588} INFO - Filling up the DagBag from /home/airflow/.local/lib/python3.12/site-packages/airflow/example_dags/example_inlet_event_extra.py
[2025-11-01T12:56:21.438+0000] {processor.py:925} INFO - DAG(s) 'read_dataset_event_from_classic', 'read_dataset_event' retrieved from /home/airflow/.local/lib/python3.12/site-packages/airflow/example_dags/example_inlet_event_extra.py
[2025-11-01T12:56:21.468+0000] {logging_mixin.py:190} INFO - [2025-11-01T12:56:21.468+0000] {dag.py:3239} INFO - Sync 2 DAGs
[2025-11-01T12:56:21.496+0000] {logging_mixin.py:190} INFO - [2025-11-01T12:56:21.496+0000] {dag.py:4180} INFO - Setting next_dagrun for read_dataset_event to 2025-10-31 00:00:00+00:00, run_after=2025-11-01 00:00:00+00:00
[2025-11-01T12:56:21.501+0000] {logging_mixin.py:190} INFO - [2025-11-01T12:56:21.501+0000] {dag.py:4180} INFO - Setting next_dagrun for read_dataset_event_from_classic to 2025-10-31 00:00:00+00:00, run_after=2025-11-01 00:00:00+00:00
[2025-11-01T12:56:21.522+0000] {processor.py:208} INFO - Processing /home/airflow/.local/lib/python3.12/site-packages/airflow/example_dags/example_inlet_event_extra.py took 0.119 seconds
[2025-11-01T12:56:51.704+0000] {processor.py:186} INFO - Started process (PID=1951) to work on /home/airflow/.local/lib/python3.12/site-packages/airflow/example_dags/example_inlet_event_extra.py
[2025-11-01T12:56:51.706+0000] {processor.py:914} INFO - Processing file /home/airflow/.local/lib/python3.12/site-packages/airflow/example_dags/example_inlet_event_extra.py for tasks to queue
[2025-11-01T12:56:51.710+0000] {logging_mixin.py:190} INFO - [2025-11-01T12:56:51.709+0000] {dagbag.py:588} INFO - Filling up the DagBag from /home/airflow/.local/lib/python3.12/site-packages/airflow/example_dags/example_inlet_event_extra.py
[2025-11-01T12:56:51.732+0000] {processor.py:925} INFO - DAG(s) 'read_dataset_event_from_classic', 'read_dataset_event' retrieved from /home/airflow/.local/lib/python3.12/site-packages/airflow/example_dags/example_inlet_event_extra.py
[2025-11-01T12:56:51.767+0000] {logging_mixin.py:190} INFO - [2025-11-01T12:56:51.767+0000] {dag.py:3239} INFO - Sync 2 DAGs
[2025-11-01T12:56:51.800+0000] {logging_mixin.py:190} INFO - [2025-11-01T12:56:51.800+0000] {dag.py:4180} INFO - Setting next_dagrun for read_dataset_event to 2025-10-31 00:00:00+00:00, run_after=2025-11-01 00:00:00+00:00
[2025-11-01T12:56:51.810+0000] {logging_mixin.py:190} INFO - [2025-11-01T12:56:51.809+0000] {dag.py:4180} INFO - Setting next_dagrun for read_dataset_event_from_classic to 2025-10-31 00:00:00+00:00, run_after=2025-11-01 00:00:00+00:00
[2025-11-01T12:56:51.835+0000] {processor.py:208} INFO - Processing /home/airflow/.local/lib/python3.12/site-packages/airflow/example_dags/example_inlet_event_extra.py took 0.140 seconds
