[2025-11-01T12:43:43.511+0000] {processor.py:186} INFO - Started process (PID=132) to work on /home/airflow/.local/lib/python3.12/site-packages/airflow/example_dags/example_branch_day_of_week_operator.py
[2025-11-01T12:43:43.513+0000] {processor.py:914} INFO - Processing file /home/airflow/.local/lib/python3.12/site-packages/airflow/example_dags/example_branch_day_of_week_operator.py for tasks to queue
[2025-11-01T12:43:43.518+0000] {logging_mixin.py:190} INFO - [2025-11-01T12:43:43.517+0000] {dagbag.py:588} INFO - Filling up the DagBag from /home/airflow/.local/lib/python3.12/site-packages/airflow/example_dags/example_branch_day_of_week_operator.py
[2025-11-01T12:43:43.537+0000] {processor.py:925} INFO - DAG(s) 'example_weekday_branch_operator' retrieved from /home/airflow/.local/lib/python3.12/site-packages/airflow/example_dags/example_branch_day_of_week_operator.py
[2025-11-01T12:43:43.745+0000] {logging_mixin.py:190} INFO - [2025-11-01T12:43:43.744+0000] {override.py:1911} INFO - Created Permission View: can delete on DAG:example_weekday_branch_operator
[2025-11-01T12:43:43.771+0000] {logging_mixin.py:190} INFO - [2025-11-01T12:43:43.770+0000] {override.py:1911} INFO - Created Permission View: can edit on DAG:example_weekday_branch_operator
[2025-11-01T12:43:43.798+0000] {logging_mixin.py:190} INFO - [2025-11-01T12:43:43.797+0000] {override.py:1911} INFO - Created Permission View: can read on DAG:example_weekday_branch_operator
[2025-11-01T12:43:43.818+0000] {logging_mixin.py:190} INFO - [2025-11-01T12:43:43.818+0000] {override.py:1911} INFO - Created Permission View: menu access on DAG Run:example_weekday_branch_operator
[2025-11-01T12:43:43.833+0000] {logging_mixin.py:190} INFO - [2025-11-01T12:43:43.832+0000] {override.py:1911} INFO - Created Permission View: can delete on DAG Run:example_weekday_branch_operator
[2025-11-01T12:43:43.851+0000] {logging_mixin.py:190} INFO - [2025-11-01T12:43:43.850+0000] {override.py:1911} INFO - Created Permission View: can create on DAG Run:example_weekday_branch_operator
[2025-11-01T12:43:43.869+0000] {logging_mixin.py:190} INFO - [2025-11-01T12:43:43.869+0000] {override.py:1911} INFO - Created Permission View: can read on DAG Run:example_weekday_branch_operator
[2025-11-01T12:43:43.873+0000] {logging_mixin.py:190} INFO - [2025-11-01T12:43:43.870+0000] {dag.py:3239} INFO - Sync 1 DAGs
[2025-11-01T12:43:43.912+0000] {logging_mixin.py:190} INFO - [2025-11-01T12:43:43.911+0000] {dag.py:3262} INFO - Creating ORM DAG for example_weekday_branch_operator
[2025-11-01T12:43:43.936+0000] {logging_mixin.py:190} INFO - [2025-11-01T12:43:43.936+0000] {dag.py:4180} INFO - Setting next_dagrun for example_weekday_branch_operator to 2025-10-31 00:00:00+00:00, run_after=2025-11-01 00:00:00+00:00
[2025-11-01T12:43:43.980+0000] {processor.py:208} INFO - Processing /home/airflow/.local/lib/python3.12/site-packages/airflow/example_dags/example_branch_day_of_week_operator.py took 0.479 seconds
[2025-11-01T12:44:14.464+0000] {processor.py:186} INFO - Started process (PID=202) to work on /home/airflow/.local/lib/python3.12/site-packages/airflow/example_dags/example_branch_day_of_week_operator.py
[2025-11-01T12:44:14.465+0000] {processor.py:914} INFO - Processing file /home/airflow/.local/lib/python3.12/site-packages/airflow/example_dags/example_branch_day_of_week_operator.py for tasks to queue
[2025-11-01T12:44:14.469+0000] {logging_mixin.py:190} INFO - [2025-11-01T12:44:14.468+0000] {dagbag.py:588} INFO - Filling up the DagBag from /home/airflow/.local/lib/python3.12/site-packages/airflow/example_dags/example_branch_day_of_week_operator.py
[2025-11-01T12:44:14.482+0000] {processor.py:925} INFO - DAG(s) 'example_weekday_branch_operator' retrieved from /home/airflow/.local/lib/python3.12/site-packages/airflow/example_dags/example_branch_day_of_week_operator.py
[2025-11-01T12:44:14.511+0000] {logging_mixin.py:190} INFO - [2025-11-01T12:44:14.510+0000] {dag.py:3239} INFO - Sync 1 DAGs
[2025-11-01T12:44:14.541+0000] {logging_mixin.py:190} INFO - [2025-11-01T12:44:14.541+0000] {dag.py:4180} INFO - Setting next_dagrun for example_weekday_branch_operator to 2025-10-31 00:00:00+00:00, run_after=2025-11-01 00:00:00+00:00
[2025-11-01T12:44:14.569+0000] {processor.py:208} INFO - Processing /home/airflow/.local/lib/python3.12/site-packages/airflow/example_dags/example_branch_day_of_week_operator.py took 0.112 seconds
[2025-11-01T12:44:44.800+0000] {processor.py:186} INFO - Started process (PID=272) to work on /home/airflow/.local/lib/python3.12/site-packages/airflow/example_dags/example_branch_day_of_week_operator.py
[2025-11-01T12:44:44.801+0000] {processor.py:914} INFO - Processing file /home/airflow/.local/lib/python3.12/site-packages/airflow/example_dags/example_branch_day_of_week_operator.py for tasks to queue
[2025-11-01T12:44:44.804+0000] {logging_mixin.py:190} INFO - [2025-11-01T12:44:44.804+0000] {dagbag.py:588} INFO - Filling up the DagBag from /home/airflow/.local/lib/python3.12/site-packages/airflow/example_dags/example_branch_day_of_week_operator.py
[2025-11-01T12:44:44.817+0000] {processor.py:925} INFO - DAG(s) 'example_weekday_branch_operator' retrieved from /home/airflow/.local/lib/python3.12/site-packages/airflow/example_dags/example_branch_day_of_week_operator.py
[2025-11-01T12:44:44.842+0000] {logging_mixin.py:190} INFO - [2025-11-01T12:44:44.842+0000] {dag.py:3239} INFO - Sync 1 DAGs
[2025-11-01T12:44:44.869+0000] {logging_mixin.py:190} INFO - [2025-11-01T12:44:44.869+0000] {dag.py:4180} INFO - Setting next_dagrun for example_weekday_branch_operator to 2025-10-31 00:00:00+00:00, run_after=2025-11-01 00:00:00+00:00
[2025-11-01T12:44:44.891+0000] {processor.py:208} INFO - Processing /home/airflow/.local/lib/python3.12/site-packages/airflow/example_dags/example_branch_day_of_week_operator.py took 0.099 seconds
[2025-11-01T12:45:15.148+0000] {processor.py:186} INFO - Started process (PID=342) to work on /home/airflow/.local/lib/python3.12/site-packages/airflow/example_dags/example_branch_day_of_week_operator.py
[2025-11-01T12:45:15.150+0000] {processor.py:914} INFO - Processing file /home/airflow/.local/lib/python3.12/site-packages/airflow/example_dags/example_branch_day_of_week_operator.py for tasks to queue
[2025-11-01T12:45:15.153+0000] {logging_mixin.py:190} INFO - [2025-11-01T12:45:15.153+0000] {dagbag.py:588} INFO - Filling up the DagBag from /home/airflow/.local/lib/python3.12/site-packages/airflow/example_dags/example_branch_day_of_week_operator.py
[2025-11-01T12:45:15.166+0000] {processor.py:925} INFO - DAG(s) 'example_weekday_branch_operator' retrieved from /home/airflow/.local/lib/python3.12/site-packages/airflow/example_dags/example_branch_day_of_week_operator.py
[2025-11-01T12:45:15.192+0000] {logging_mixin.py:190} INFO - [2025-11-01T12:45:15.192+0000] {dag.py:3239} INFO - Sync 1 DAGs
[2025-11-01T12:45:15.219+0000] {logging_mixin.py:190} INFO - [2025-11-01T12:45:15.219+0000] {dag.py:4180} INFO - Setting next_dagrun for example_weekday_branch_operator to 2025-10-31 00:00:00+00:00, run_after=2025-11-01 00:00:00+00:00
[2025-11-01T12:45:15.240+0000] {processor.py:208} INFO - Processing /home/airflow/.local/lib/python3.12/site-packages/airflow/example_dags/example_branch_day_of_week_operator.py took 0.099 seconds
[2025-11-01T12:45:45.454+0000] {processor.py:186} INFO - Started process (PID=413) to work on /home/airflow/.local/lib/python3.12/site-packages/airflow/example_dags/example_branch_day_of_week_operator.py
[2025-11-01T12:45:45.455+0000] {processor.py:914} INFO - Processing file /home/airflow/.local/lib/python3.12/site-packages/airflow/example_dags/example_branch_day_of_week_operator.py for tasks to queue
[2025-11-01T12:45:45.459+0000] {logging_mixin.py:190} INFO - [2025-11-01T12:45:45.458+0000] {dagbag.py:588} INFO - Filling up the DagBag from /home/airflow/.local/lib/python3.12/site-packages/airflow/example_dags/example_branch_day_of_week_operator.py
[2025-11-01T12:45:45.471+0000] {processor.py:925} INFO - DAG(s) 'example_weekday_branch_operator' retrieved from /home/airflow/.local/lib/python3.12/site-packages/airflow/example_dags/example_branch_day_of_week_operator.py
[2025-11-01T12:45:45.499+0000] {logging_mixin.py:190} INFO - [2025-11-01T12:45:45.499+0000] {dag.py:3239} INFO - Sync 1 DAGs
[2025-11-01T12:45:45.528+0000] {logging_mixin.py:190} INFO - [2025-11-01T12:45:45.527+0000] {dag.py:4180} INFO - Setting next_dagrun for example_weekday_branch_operator to 2025-10-31 00:00:00+00:00, run_after=2025-11-01 00:00:00+00:00
[2025-11-01T12:45:45.551+0000] {processor.py:208} INFO - Processing /home/airflow/.local/lib/python3.12/site-packages/airflow/example_dags/example_branch_day_of_week_operator.py took 0.105 seconds
[2025-11-01T12:46:16.586+0000] {processor.py:186} INFO - Started process (PID=483) to work on /home/airflow/.local/lib/python3.12/site-packages/airflow/example_dags/example_branch_day_of_week_operator.py
[2025-11-01T12:46:16.588+0000] {processor.py:914} INFO - Processing file /home/airflow/.local/lib/python3.12/site-packages/airflow/example_dags/example_branch_day_of_week_operator.py for tasks to queue
[2025-11-01T12:46:16.592+0000] {logging_mixin.py:190} INFO - [2025-11-01T12:46:16.591+0000] {dagbag.py:588} INFO - Filling up the DagBag from /home/airflow/.local/lib/python3.12/site-packages/airflow/example_dags/example_branch_day_of_week_operator.py
[2025-11-01T12:46:16.606+0000] {processor.py:925} INFO - DAG(s) 'example_weekday_branch_operator' retrieved from /home/airflow/.local/lib/python3.12/site-packages/airflow/example_dags/example_branch_day_of_week_operator.py
[2025-11-01T12:46:16.632+0000] {logging_mixin.py:190} INFO - [2025-11-01T12:46:16.632+0000] {dag.py:3239} INFO - Sync 1 DAGs
[2025-11-01T12:46:16.659+0000] {logging_mixin.py:190} INFO - [2025-11-01T12:46:16.659+0000] {dag.py:4180} INFO - Setting next_dagrun for example_weekday_branch_operator to 2025-10-31 00:00:00+00:00, run_after=2025-11-01 00:00:00+00:00
[2025-11-01T12:46:16.681+0000] {processor.py:208} INFO - Processing /home/airflow/.local/lib/python3.12/site-packages/airflow/example_dags/example_branch_day_of_week_operator.py took 0.104 seconds
[2025-11-01T12:46:47.745+0000] {processor.py:186} INFO - Started process (PID=553) to work on /home/airflow/.local/lib/python3.12/site-packages/airflow/example_dags/example_branch_day_of_week_operator.py
[2025-11-01T12:46:47.747+0000] {processor.py:914} INFO - Processing file /home/airflow/.local/lib/python3.12/site-packages/airflow/example_dags/example_branch_day_of_week_operator.py for tasks to queue
[2025-11-01T12:46:47.753+0000] {logging_mixin.py:190} INFO - [2025-11-01T12:46:47.753+0000] {dagbag.py:588} INFO - Filling up the DagBag from /home/airflow/.local/lib/python3.12/site-packages/airflow/example_dags/example_branch_day_of_week_operator.py
[2025-11-01T12:46:47.772+0000] {processor.py:925} INFO - DAG(s) 'example_weekday_branch_operator' retrieved from /home/airflow/.local/lib/python3.12/site-packages/airflow/example_dags/example_branch_day_of_week_operator.py
[2025-11-01T12:46:47.825+0000] {logging_mixin.py:190} INFO - [2025-11-01T12:46:47.824+0000] {dag.py:3239} INFO - Sync 1 DAGs
[2025-11-01T12:46:47.860+0000] {logging_mixin.py:190} INFO - [2025-11-01T12:46:47.860+0000] {dag.py:4180} INFO - Setting next_dagrun for example_weekday_branch_operator to 2025-10-31 00:00:00+00:00, run_after=2025-11-01 00:00:00+00:00
[2025-11-01T12:46:47.895+0000] {processor.py:208} INFO - Processing /home/airflow/.local/lib/python3.12/site-packages/airflow/example_dags/example_branch_day_of_week_operator.py took 0.160 seconds
[2025-11-01T12:47:18.829+0000] {processor.py:186} INFO - Started process (PID=623) to work on /home/airflow/.local/lib/python3.12/site-packages/airflow/example_dags/example_branch_day_of_week_operator.py
[2025-11-01T12:47:18.831+0000] {processor.py:914} INFO - Processing file /home/airflow/.local/lib/python3.12/site-packages/airflow/example_dags/example_branch_day_of_week_operator.py for tasks to queue
[2025-11-01T12:47:18.837+0000] {logging_mixin.py:190} INFO - [2025-11-01T12:47:18.837+0000] {dagbag.py:588} INFO - Filling up the DagBag from /home/airflow/.local/lib/python3.12/site-packages/airflow/example_dags/example_branch_day_of_week_operator.py
[2025-11-01T12:47:18.854+0000] {processor.py:925} INFO - DAG(s) 'example_weekday_branch_operator' retrieved from /home/airflow/.local/lib/python3.12/site-packages/airflow/example_dags/example_branch_day_of_week_operator.py
[2025-11-01T12:47:18.882+0000] {logging_mixin.py:190} INFO - [2025-11-01T12:47:18.882+0000] {dag.py:3239} INFO - Sync 1 DAGs
[2025-11-01T12:47:18.908+0000] {logging_mixin.py:190} INFO - [2025-11-01T12:47:18.908+0000] {dag.py:4180} INFO - Setting next_dagrun for example_weekday_branch_operator to 2025-10-31 00:00:00+00:00, run_after=2025-11-01 00:00:00+00:00
[2025-11-01T12:47:18.931+0000] {processor.py:208} INFO - Processing /home/airflow/.local/lib/python3.12/site-packages/airflow/example_dags/example_branch_day_of_week_operator.py took 0.110 seconds
[2025-11-01T12:47:49.626+0000] {processor.py:186} INFO - Started process (PID=693) to work on /home/airflow/.local/lib/python3.12/site-packages/airflow/example_dags/example_branch_day_of_week_operator.py
[2025-11-01T12:47:49.628+0000] {processor.py:914} INFO - Processing file /home/airflow/.local/lib/python3.12/site-packages/airflow/example_dags/example_branch_day_of_week_operator.py for tasks to queue
[2025-11-01T12:47:49.633+0000] {logging_mixin.py:190} INFO - [2025-11-01T12:47:49.632+0000] {dagbag.py:588} INFO - Filling up the DagBag from /home/airflow/.local/lib/python3.12/site-packages/airflow/example_dags/example_branch_day_of_week_operator.py
[2025-11-01T12:47:49.648+0000] {processor.py:925} INFO - DAG(s) 'example_weekday_branch_operator' retrieved from /home/airflow/.local/lib/python3.12/site-packages/airflow/example_dags/example_branch_day_of_week_operator.py
[2025-11-01T12:47:49.680+0000] {logging_mixin.py:190} INFO - [2025-11-01T12:47:49.680+0000] {dag.py:3239} INFO - Sync 1 DAGs
[2025-11-01T12:47:49.716+0000] {logging_mixin.py:190} INFO - [2025-11-01T12:47:49.716+0000] {dag.py:4180} INFO - Setting next_dagrun for example_weekday_branch_operator to 2025-10-31 00:00:00+00:00, run_after=2025-11-01 00:00:00+00:00
[2025-11-01T12:47:49.745+0000] {processor.py:208} INFO - Processing /home/airflow/.local/lib/python3.12/site-packages/airflow/example_dags/example_branch_day_of_week_operator.py took 0.128 seconds
[2025-11-01T12:48:20.171+0000] {processor.py:186} INFO - Started process (PID=763) to work on /home/airflow/.local/lib/python3.12/site-packages/airflow/example_dags/example_branch_day_of_week_operator.py
[2025-11-01T12:48:20.172+0000] {processor.py:914} INFO - Processing file /home/airflow/.local/lib/python3.12/site-packages/airflow/example_dags/example_branch_day_of_week_operator.py for tasks to queue
[2025-11-01T12:48:20.177+0000] {logging_mixin.py:190} INFO - [2025-11-01T12:48:20.176+0000] {dagbag.py:588} INFO - Filling up the DagBag from /home/airflow/.local/lib/python3.12/site-packages/airflow/example_dags/example_branch_day_of_week_operator.py
[2025-11-01T12:48:20.189+0000] {processor.py:925} INFO - DAG(s) 'example_weekday_branch_operator' retrieved from /home/airflow/.local/lib/python3.12/site-packages/airflow/example_dags/example_branch_day_of_week_operator.py
[2025-11-01T12:48:20.215+0000] {logging_mixin.py:190} INFO - [2025-11-01T12:48:20.215+0000] {dag.py:3239} INFO - Sync 1 DAGs
[2025-11-01T12:48:20.243+0000] {logging_mixin.py:190} INFO - [2025-11-01T12:48:20.242+0000] {dag.py:4180} INFO - Setting next_dagrun for example_weekday_branch_operator to 2025-10-31 00:00:00+00:00, run_after=2025-11-01 00:00:00+00:00
[2025-11-01T12:48:20.263+0000] {processor.py:208} INFO - Processing /home/airflow/.local/lib/python3.12/site-packages/airflow/example_dags/example_branch_day_of_week_operator.py took 0.099 seconds
[2025-11-01T12:48:50.882+0000] {processor.py:186} INFO - Started process (PID=834) to work on /home/airflow/.local/lib/python3.12/site-packages/airflow/example_dags/example_branch_day_of_week_operator.py
[2025-11-01T12:48:50.883+0000] {processor.py:914} INFO - Processing file /home/airflow/.local/lib/python3.12/site-packages/airflow/example_dags/example_branch_day_of_week_operator.py for tasks to queue
[2025-11-01T12:48:50.887+0000] {logging_mixin.py:190} INFO - [2025-11-01T12:48:50.886+0000] {dagbag.py:588} INFO - Filling up the DagBag from /home/airflow/.local/lib/python3.12/site-packages/airflow/example_dags/example_branch_day_of_week_operator.py
[2025-11-01T12:48:50.899+0000] {processor.py:925} INFO - DAG(s) 'example_weekday_branch_operator' retrieved from /home/airflow/.local/lib/python3.12/site-packages/airflow/example_dags/example_branch_day_of_week_operator.py
[2025-11-01T12:48:50.925+0000] {logging_mixin.py:190} INFO - [2025-11-01T12:48:50.924+0000] {dag.py:3239} INFO - Sync 1 DAGs
[2025-11-01T12:48:50.951+0000] {logging_mixin.py:190} INFO - [2025-11-01T12:48:50.951+0000] {dag.py:4180} INFO - Setting next_dagrun for example_weekday_branch_operator to 2025-10-31 00:00:00+00:00, run_after=2025-11-01 00:00:00+00:00
[2025-11-01T12:48:50.972+0000] {processor.py:208} INFO - Processing /home/airflow/.local/lib/python3.12/site-packages/airflow/example_dags/example_branch_day_of_week_operator.py took 0.097 seconds
[2025-11-01T12:49:21.356+0000] {processor.py:186} INFO - Started process (PID=905) to work on /home/airflow/.local/lib/python3.12/site-packages/airflow/example_dags/example_branch_day_of_week_operator.py
[2025-11-01T12:49:21.357+0000] {processor.py:914} INFO - Processing file /home/airflow/.local/lib/python3.12/site-packages/airflow/example_dags/example_branch_day_of_week_operator.py for tasks to queue
[2025-11-01T12:49:21.361+0000] {logging_mixin.py:190} INFO - [2025-11-01T12:49:21.360+0000] {dagbag.py:588} INFO - Filling up the DagBag from /home/airflow/.local/lib/python3.12/site-packages/airflow/example_dags/example_branch_day_of_week_operator.py
[2025-11-01T12:49:21.373+0000] {processor.py:925} INFO - DAG(s) 'example_weekday_branch_operator' retrieved from /home/airflow/.local/lib/python3.12/site-packages/airflow/example_dags/example_branch_day_of_week_operator.py
[2025-11-01T12:49:21.401+0000] {logging_mixin.py:190} INFO - [2025-11-01T12:49:21.400+0000] {dag.py:3239} INFO - Sync 1 DAGs
[2025-11-01T12:49:21.429+0000] {logging_mixin.py:190} INFO - [2025-11-01T12:49:21.428+0000] {dag.py:4180} INFO - Setting next_dagrun for example_weekday_branch_operator to 2025-10-31 00:00:00+00:00, run_after=2025-11-01 00:00:00+00:00
[2025-11-01T12:49:21.449+0000] {processor.py:208} INFO - Processing /home/airflow/.local/lib/python3.12/site-packages/airflow/example_dags/example_branch_day_of_week_operator.py took 0.100 seconds
[2025-11-01T12:49:51.969+0000] {processor.py:186} INFO - Started process (PID=977) to work on /home/airflow/.local/lib/python3.12/site-packages/airflow/example_dags/example_branch_day_of_week_operator.py
[2025-11-01T12:49:51.971+0000] {processor.py:914} INFO - Processing file /home/airflow/.local/lib/python3.12/site-packages/airflow/example_dags/example_branch_day_of_week_operator.py for tasks to queue
[2025-11-01T12:49:51.976+0000] {logging_mixin.py:190} INFO - [2025-11-01T12:49:51.975+0000] {dagbag.py:588} INFO - Filling up the DagBag from /home/airflow/.local/lib/python3.12/site-packages/airflow/example_dags/example_branch_day_of_week_operator.py
[2025-11-01T12:49:51.992+0000] {processor.py:925} INFO - DAG(s) 'example_weekday_branch_operator' retrieved from /home/airflow/.local/lib/python3.12/site-packages/airflow/example_dags/example_branch_day_of_week_operator.py
[2025-11-01T12:49:52.022+0000] {logging_mixin.py:190} INFO - [2025-11-01T12:49:52.021+0000] {dag.py:3239} INFO - Sync 1 DAGs
[2025-11-01T12:49:52.050+0000] {logging_mixin.py:190} INFO - [2025-11-01T12:49:52.050+0000] {dag.py:4180} INFO - Setting next_dagrun for example_weekday_branch_operator to 2025-10-31 00:00:00+00:00, run_after=2025-11-01 00:00:00+00:00
[2025-11-01T12:49:52.077+0000] {processor.py:208} INFO - Processing /home/airflow/.local/lib/python3.12/site-packages/airflow/example_dags/example_branch_day_of_week_operator.py took 0.117 seconds
[2025-11-01T12:50:22.256+0000] {processor.py:186} INFO - Started process (PID=1052) to work on /home/airflow/.local/lib/python3.12/site-packages/airflow/example_dags/example_branch_day_of_week_operator.py
[2025-11-01T12:50:22.258+0000] {processor.py:914} INFO - Processing file /home/airflow/.local/lib/python3.12/site-packages/airflow/example_dags/example_branch_day_of_week_operator.py for tasks to queue
[2025-11-01T12:50:22.261+0000] {logging_mixin.py:190} INFO - [2025-11-01T12:50:22.261+0000] {dagbag.py:588} INFO - Filling up the DagBag from /home/airflow/.local/lib/python3.12/site-packages/airflow/example_dags/example_branch_day_of_week_operator.py
[2025-11-01T12:50:22.275+0000] {processor.py:925} INFO - DAG(s) 'example_weekday_branch_operator' retrieved from /home/airflow/.local/lib/python3.12/site-packages/airflow/example_dags/example_branch_day_of_week_operator.py
[2025-11-01T12:50:22.303+0000] {logging_mixin.py:190} INFO - [2025-11-01T12:50:22.302+0000] {dag.py:3239} INFO - Sync 1 DAGs
[2025-11-01T12:50:22.328+0000] {logging_mixin.py:190} INFO - [2025-11-01T12:50:22.328+0000] {dag.py:4180} INFO - Setting next_dagrun for example_weekday_branch_operator to 2025-10-31 00:00:00+00:00, run_after=2025-11-01 00:00:00+00:00
[2025-11-01T12:50:22.350+0000] {processor.py:208} INFO - Processing /home/airflow/.local/lib/python3.12/site-packages/airflow/example_dags/example_branch_day_of_week_operator.py took 0.102 seconds
[2025-11-01T12:50:52.924+0000] {processor.py:186} INFO - Started process (PID=1123) to work on /home/airflow/.local/lib/python3.12/site-packages/airflow/example_dags/example_branch_day_of_week_operator.py
[2025-11-01T12:50:52.926+0000] {processor.py:914} INFO - Processing file /home/airflow/.local/lib/python3.12/site-packages/airflow/example_dags/example_branch_day_of_week_operator.py for tasks to queue
[2025-11-01T12:50:52.929+0000] {logging_mixin.py:190} INFO - [2025-11-01T12:50:52.929+0000] {dagbag.py:588} INFO - Filling up the DagBag from /home/airflow/.local/lib/python3.12/site-packages/airflow/example_dags/example_branch_day_of_week_operator.py
[2025-11-01T12:50:52.942+0000] {processor.py:925} INFO - DAG(s) 'example_weekday_branch_operator' retrieved from /home/airflow/.local/lib/python3.12/site-packages/airflow/example_dags/example_branch_day_of_week_operator.py
[2025-11-01T12:50:52.970+0000] {logging_mixin.py:190} INFO - [2025-11-01T12:50:52.969+0000] {dag.py:3239} INFO - Sync 1 DAGs
[2025-11-01T12:50:52.998+0000] {logging_mixin.py:190} INFO - [2025-11-01T12:50:52.998+0000] {dag.py:4180} INFO - Setting next_dagrun for example_weekday_branch_operator to 2025-10-31 00:00:00+00:00, run_after=2025-11-01 00:00:00+00:00
[2025-11-01T12:50:53.021+0000] {processor.py:208} INFO - Processing /home/airflow/.local/lib/python3.12/site-packages/airflow/example_dags/example_branch_day_of_week_operator.py took 0.105 seconds
[2025-11-01T12:51:23.173+0000] {processor.py:186} INFO - Started process (PID=1194) to work on /home/airflow/.local/lib/python3.12/site-packages/airflow/example_dags/example_branch_day_of_week_operator.py
[2025-11-01T12:51:23.174+0000] {processor.py:914} INFO - Processing file /home/airflow/.local/lib/python3.12/site-packages/airflow/example_dags/example_branch_day_of_week_operator.py for tasks to queue
[2025-11-01T12:51:23.178+0000] {logging_mixin.py:190} INFO - [2025-11-01T12:51:23.178+0000] {dagbag.py:588} INFO - Filling up the DagBag from /home/airflow/.local/lib/python3.12/site-packages/airflow/example_dags/example_branch_day_of_week_operator.py
[2025-11-01T12:51:23.191+0000] {processor.py:925} INFO - DAG(s) 'example_weekday_branch_operator' retrieved from /home/airflow/.local/lib/python3.12/site-packages/airflow/example_dags/example_branch_day_of_week_operator.py
[2025-11-01T12:51:23.220+0000] {logging_mixin.py:190} INFO - [2025-11-01T12:51:23.220+0000] {dag.py:3239} INFO - Sync 1 DAGs
[2025-11-01T12:51:23.249+0000] {logging_mixin.py:190} INFO - [2025-11-01T12:51:23.249+0000] {dag.py:4180} INFO - Setting next_dagrun for example_weekday_branch_operator to 2025-10-31 00:00:00+00:00, run_after=2025-11-01 00:00:00+00:00
[2025-11-01T12:51:23.271+0000] {processor.py:208} INFO - Processing /home/airflow/.local/lib/python3.12/site-packages/airflow/example_dags/example_branch_day_of_week_operator.py took 0.105 seconds
[2025-11-01T12:51:53.767+0000] {processor.py:186} INFO - Started process (PID=1265) to work on /home/airflow/.local/lib/python3.12/site-packages/airflow/example_dags/example_branch_day_of_week_operator.py
[2025-11-01T12:51:53.768+0000] {processor.py:914} INFO - Processing file /home/airflow/.local/lib/python3.12/site-packages/airflow/example_dags/example_branch_day_of_week_operator.py for tasks to queue
[2025-11-01T12:51:53.771+0000] {logging_mixin.py:190} INFO - [2025-11-01T12:51:53.771+0000] {dagbag.py:588} INFO - Filling up the DagBag from /home/airflow/.local/lib/python3.12/site-packages/airflow/example_dags/example_branch_day_of_week_operator.py
[2025-11-01T12:51:53.783+0000] {processor.py:925} INFO - DAG(s) 'example_weekday_branch_operator' retrieved from /home/airflow/.local/lib/python3.12/site-packages/airflow/example_dags/example_branch_day_of_week_operator.py
[2025-11-01T12:51:53.809+0000] {logging_mixin.py:190} INFO - [2025-11-01T12:51:53.809+0000] {dag.py:3239} INFO - Sync 1 DAGs
[2025-11-01T12:51:53.835+0000] {logging_mixin.py:190} INFO - [2025-11-01T12:51:53.835+0000] {dag.py:4180} INFO - Setting next_dagrun for example_weekday_branch_operator to 2025-10-31 00:00:00+00:00, run_after=2025-11-01 00:00:00+00:00
[2025-11-01T12:51:53.860+0000] {processor.py:208} INFO - Processing /home/airflow/.local/lib/python3.12/site-packages/airflow/example_dags/example_branch_day_of_week_operator.py took 0.101 seconds
[2025-11-01T12:52:25.161+0000] {processor.py:186} INFO - Started process (PID=1336) to work on /home/airflow/.local/lib/python3.12/site-packages/airflow/example_dags/example_branch_day_of_week_operator.py
[2025-11-01T12:52:25.162+0000] {processor.py:914} INFO - Processing file /home/airflow/.local/lib/python3.12/site-packages/airflow/example_dags/example_branch_day_of_week_operator.py for tasks to queue
[2025-11-01T12:52:25.167+0000] {logging_mixin.py:190} INFO - [2025-11-01T12:52:25.166+0000] {dagbag.py:588} INFO - Filling up the DagBag from /home/airflow/.local/lib/python3.12/site-packages/airflow/example_dags/example_branch_day_of_week_operator.py
[2025-11-01T12:52:25.181+0000] {processor.py:925} INFO - DAG(s) 'example_weekday_branch_operator' retrieved from /home/airflow/.local/lib/python3.12/site-packages/airflow/example_dags/example_branch_day_of_week_operator.py
[2025-11-01T12:52:25.208+0000] {logging_mixin.py:190} INFO - [2025-11-01T12:52:25.208+0000] {dag.py:3239} INFO - Sync 1 DAGs
[2025-11-01T12:52:25.237+0000] {logging_mixin.py:190} INFO - [2025-11-01T12:52:25.237+0000] {dag.py:4180} INFO - Setting next_dagrun for example_weekday_branch_operator to 2025-10-31 00:00:00+00:00, run_after=2025-11-01 00:00:00+00:00
[2025-11-01T12:52:25.261+0000] {processor.py:208} INFO - Processing /home/airflow/.local/lib/python3.12/site-packages/airflow/example_dags/example_branch_day_of_week_operator.py took 0.108 seconds
[2025-11-01T12:52:55.803+0000] {processor.py:186} INFO - Started process (PID=1413) to work on /home/airflow/.local/lib/python3.12/site-packages/airflow/example_dags/example_branch_day_of_week_operator.py
[2025-11-01T12:52:55.805+0000] {processor.py:914} INFO - Processing file /home/airflow/.local/lib/python3.12/site-packages/airflow/example_dags/example_branch_day_of_week_operator.py for tasks to queue
[2025-11-01T12:52:55.809+0000] {logging_mixin.py:190} INFO - [2025-11-01T12:52:55.808+0000] {dagbag.py:588} INFO - Filling up the DagBag from /home/airflow/.local/lib/python3.12/site-packages/airflow/example_dags/example_branch_day_of_week_operator.py
[2025-11-01T12:52:55.823+0000] {processor.py:925} INFO - DAG(s) 'example_weekday_branch_operator' retrieved from /home/airflow/.local/lib/python3.12/site-packages/airflow/example_dags/example_branch_day_of_week_operator.py
[2025-11-01T12:52:55.857+0000] {logging_mixin.py:190} INFO - [2025-11-01T12:52:55.857+0000] {dag.py:3239} INFO - Sync 1 DAGs
[2025-11-01T12:52:55.883+0000] {logging_mixin.py:190} INFO - [2025-11-01T12:52:55.883+0000] {dag.py:4180} INFO - Setting next_dagrun for example_weekday_branch_operator to 2025-10-31 00:00:00+00:00, run_after=2025-11-01 00:00:00+00:00
[2025-11-01T12:52:55.906+0000] {processor.py:208} INFO - Processing /home/airflow/.local/lib/python3.12/site-packages/airflow/example_dags/example_branch_day_of_week_operator.py took 0.111 seconds
[2025-11-01T12:53:26.174+0000] {processor.py:186} INFO - Started process (PID=1484) to work on /home/airflow/.local/lib/python3.12/site-packages/airflow/example_dags/example_branch_day_of_week_operator.py
[2025-11-01T12:53:26.175+0000] {processor.py:914} INFO - Processing file /home/airflow/.local/lib/python3.12/site-packages/airflow/example_dags/example_branch_day_of_week_operator.py for tasks to queue
[2025-11-01T12:53:26.178+0000] {logging_mixin.py:190} INFO - [2025-11-01T12:53:26.178+0000] {dagbag.py:588} INFO - Filling up the DagBag from /home/airflow/.local/lib/python3.12/site-packages/airflow/example_dags/example_branch_day_of_week_operator.py
[2025-11-01T12:53:26.196+0000] {processor.py:925} INFO - DAG(s) 'example_weekday_branch_operator' retrieved from /home/airflow/.local/lib/python3.12/site-packages/airflow/example_dags/example_branch_day_of_week_operator.py
[2025-11-01T12:53:26.224+0000] {logging_mixin.py:190} INFO - [2025-11-01T12:53:26.224+0000] {dag.py:3239} INFO - Sync 1 DAGs
[2025-11-01T12:53:26.252+0000] {logging_mixin.py:190} INFO - [2025-11-01T12:53:26.252+0000] {dag.py:4180} INFO - Setting next_dagrun for example_weekday_branch_operator to 2025-10-31 00:00:00+00:00, run_after=2025-11-01 00:00:00+00:00
[2025-11-01T12:53:26.278+0000] {processor.py:208} INFO - Processing /home/airflow/.local/lib/python3.12/site-packages/airflow/example_dags/example_branch_day_of_week_operator.py took 0.113 seconds
[2025-11-01T12:53:57.065+0000] {processor.py:186} INFO - Started process (PID=1556) to work on /home/airflow/.local/lib/python3.12/site-packages/airflow/example_dags/example_branch_day_of_week_operator.py
[2025-11-01T12:53:57.067+0000] {processor.py:914} INFO - Processing file /home/airflow/.local/lib/python3.12/site-packages/airflow/example_dags/example_branch_day_of_week_operator.py for tasks to queue
[2025-11-01T12:53:57.071+0000] {logging_mixin.py:190} INFO - [2025-11-01T12:53:57.070+0000] {dagbag.py:588} INFO - Filling up the DagBag from /home/airflow/.local/lib/python3.12/site-packages/airflow/example_dags/example_branch_day_of_week_operator.py
[2025-11-01T12:53:57.084+0000] {processor.py:925} INFO - DAG(s) 'example_weekday_branch_operator' retrieved from /home/airflow/.local/lib/python3.12/site-packages/airflow/example_dags/example_branch_day_of_week_operator.py
[2025-11-01T12:53:57.112+0000] {logging_mixin.py:190} INFO - [2025-11-01T12:53:57.112+0000] {dag.py:3239} INFO - Sync 1 DAGs
[2025-11-01T12:53:57.138+0000] {logging_mixin.py:190} INFO - [2025-11-01T12:53:57.138+0000] {dag.py:4180} INFO - Setting next_dagrun for example_weekday_branch_operator to 2025-10-31 00:00:00+00:00, run_after=2025-11-01 00:00:00+00:00
[2025-11-01T12:53:57.162+0000] {processor.py:208} INFO - Processing /home/airflow/.local/lib/python3.12/site-packages/airflow/example_dags/example_branch_day_of_week_operator.py took 0.105 seconds
[2025-11-01T12:54:27.557+0000] {processor.py:186} INFO - Started process (PID=1627) to work on /home/airflow/.local/lib/python3.12/site-packages/airflow/example_dags/example_branch_day_of_week_operator.py
[2025-11-01T12:54:27.558+0000] {processor.py:914} INFO - Processing file /home/airflow/.local/lib/python3.12/site-packages/airflow/example_dags/example_branch_day_of_week_operator.py for tasks to queue
[2025-11-01T12:54:27.562+0000] {logging_mixin.py:190} INFO - [2025-11-01T12:54:27.562+0000] {dagbag.py:588} INFO - Filling up the DagBag from /home/airflow/.local/lib/python3.12/site-packages/airflow/example_dags/example_branch_day_of_week_operator.py
[2025-11-01T12:54:27.575+0000] {processor.py:925} INFO - DAG(s) 'example_weekday_branch_operator' retrieved from /home/airflow/.local/lib/python3.12/site-packages/airflow/example_dags/example_branch_day_of_week_operator.py
[2025-11-01T12:54:27.603+0000] {logging_mixin.py:190} INFO - [2025-11-01T12:54:27.602+0000] {dag.py:3239} INFO - Sync 1 DAGs
[2025-11-01T12:54:27.630+0000] {logging_mixin.py:190} INFO - [2025-11-01T12:54:27.630+0000] {dag.py:4180} INFO - Setting next_dagrun for example_weekday_branch_operator to 2025-10-31 00:00:00+00:00, run_after=2025-11-01 00:00:00+00:00
[2025-11-01T12:54:27.653+0000] {processor.py:208} INFO - Processing /home/airflow/.local/lib/python3.12/site-packages/airflow/example_dags/example_branch_day_of_week_operator.py took 0.104 seconds
[2025-11-01T12:54:57.980+0000] {processor.py:186} INFO - Started process (PID=1698) to work on /home/airflow/.local/lib/python3.12/site-packages/airflow/example_dags/example_branch_day_of_week_operator.py
[2025-11-01T12:54:57.982+0000] {processor.py:914} INFO - Processing file /home/airflow/.local/lib/python3.12/site-packages/airflow/example_dags/example_branch_day_of_week_operator.py for tasks to queue
[2025-11-01T12:54:57.986+0000] {logging_mixin.py:190} INFO - [2025-11-01T12:54:57.985+0000] {dagbag.py:588} INFO - Filling up the DagBag from /home/airflow/.local/lib/python3.12/site-packages/airflow/example_dags/example_branch_day_of_week_operator.py
[2025-11-01T12:54:58.000+0000] {processor.py:925} INFO - DAG(s) 'example_weekday_branch_operator' retrieved from /home/airflow/.local/lib/python3.12/site-packages/airflow/example_dags/example_branch_day_of_week_operator.py
[2025-11-01T12:54:58.028+0000] {logging_mixin.py:190} INFO - [2025-11-01T12:54:58.027+0000] {dag.py:3239} INFO - Sync 1 DAGs
[2025-11-01T12:54:58.056+0000] {logging_mixin.py:190} INFO - [2025-11-01T12:54:58.056+0000] {dag.py:4180} INFO - Setting next_dagrun for example_weekday_branch_operator to 2025-10-31 00:00:00+00:00, run_after=2025-11-01 00:00:00+00:00
[2025-11-01T12:54:58.080+0000] {processor.py:208} INFO - Processing /home/airflow/.local/lib/python3.12/site-packages/airflow/example_dags/example_branch_day_of_week_operator.py took 0.108 seconds
[2025-11-01T12:55:28.196+0000] {processor.py:186} INFO - Started process (PID=1769) to work on /home/airflow/.local/lib/python3.12/site-packages/airflow/example_dags/example_branch_day_of_week_operator.py
[2025-11-01T12:55:28.197+0000] {processor.py:914} INFO - Processing file /home/airflow/.local/lib/python3.12/site-packages/airflow/example_dags/example_branch_day_of_week_operator.py for tasks to queue
[2025-11-01T12:55:28.204+0000] {logging_mixin.py:190} INFO - [2025-11-01T12:55:28.203+0000] {dagbag.py:588} INFO - Filling up the DagBag from /home/airflow/.local/lib/python3.12/site-packages/airflow/example_dags/example_branch_day_of_week_operator.py
[2025-11-01T12:55:28.220+0000] {processor.py:925} INFO - DAG(s) 'example_weekday_branch_operator' retrieved from /home/airflow/.local/lib/python3.12/site-packages/airflow/example_dags/example_branch_day_of_week_operator.py
[2025-11-01T12:55:28.251+0000] {logging_mixin.py:190} INFO - [2025-11-01T12:55:28.250+0000] {dag.py:3239} INFO - Sync 1 DAGs
[2025-11-01T12:55:28.278+0000] {logging_mixin.py:190} INFO - [2025-11-01T12:55:28.277+0000] {dag.py:4180} INFO - Setting next_dagrun for example_weekday_branch_operator to 2025-10-31 00:00:00+00:00, run_after=2025-11-01 00:00:00+00:00
[2025-11-01T12:55:28.302+0000] {processor.py:208} INFO - Processing /home/airflow/.local/lib/python3.12/site-packages/airflow/example_dags/example_branch_day_of_week_operator.py took 0.115 seconds
[2025-11-01T12:55:58.730+0000] {processor.py:186} INFO - Started process (PID=1840) to work on /home/airflow/.local/lib/python3.12/site-packages/airflow/example_dags/example_branch_day_of_week_operator.py
[2025-11-01T12:55:58.731+0000] {processor.py:914} INFO - Processing file /home/airflow/.local/lib/python3.12/site-packages/airflow/example_dags/example_branch_day_of_week_operator.py for tasks to queue
[2025-11-01T12:55:58.735+0000] {logging_mixin.py:190} INFO - [2025-11-01T12:55:58.735+0000] {dagbag.py:588} INFO - Filling up the DagBag from /home/airflow/.local/lib/python3.12/site-packages/airflow/example_dags/example_branch_day_of_week_operator.py
[2025-11-01T12:55:58.748+0000] {processor.py:925} INFO - DAG(s) 'example_weekday_branch_operator' retrieved from /home/airflow/.local/lib/python3.12/site-packages/airflow/example_dags/example_branch_day_of_week_operator.py
[2025-11-01T12:55:58.781+0000] {logging_mixin.py:190} INFO - [2025-11-01T12:55:58.781+0000] {dag.py:3239} INFO - Sync 1 DAGs
[2025-11-01T12:55:58.810+0000] {logging_mixin.py:190} INFO - [2025-11-01T12:55:58.810+0000] {dag.py:4180} INFO - Setting next_dagrun for example_weekday_branch_operator to 2025-10-31 00:00:00+00:00, run_after=2025-11-01 00:00:00+00:00
[2025-11-01T12:55:58.832+0000] {processor.py:208} INFO - Processing /home/airflow/.local/lib/python3.12/site-packages/airflow/example_dags/example_branch_day_of_week_operator.py took 0.110 seconds
[2025-11-01T12:56:29.162+0000] {processor.py:186} INFO - Started process (PID=1911) to work on /home/airflow/.local/lib/python3.12/site-packages/airflow/example_dags/example_branch_day_of_week_operator.py
[2025-11-01T12:56:29.163+0000] {processor.py:914} INFO - Processing file /home/airflow/.local/lib/python3.12/site-packages/airflow/example_dags/example_branch_day_of_week_operator.py for tasks to queue
[2025-11-01T12:56:29.167+0000] {logging_mixin.py:190} INFO - [2025-11-01T12:56:29.167+0000] {dagbag.py:588} INFO - Filling up the DagBag from /home/airflow/.local/lib/python3.12/site-packages/airflow/example_dags/example_branch_day_of_week_operator.py
[2025-11-01T12:56:29.180+0000] {processor.py:925} INFO - DAG(s) 'example_weekday_branch_operator' retrieved from /home/airflow/.local/lib/python3.12/site-packages/airflow/example_dags/example_branch_day_of_week_operator.py
[2025-11-01T12:56:29.208+0000] {logging_mixin.py:190} INFO - [2025-11-01T12:56:29.208+0000] {dag.py:3239} INFO - Sync 1 DAGs
[2025-11-01T12:56:29.235+0000] {logging_mixin.py:190} INFO - [2025-11-01T12:56:29.234+0000] {dag.py:4180} INFO - Setting next_dagrun for example_weekday_branch_operator to 2025-10-31 00:00:00+00:00, run_after=2025-11-01 00:00:00+00:00
[2025-11-01T12:56:29.263+0000] {processor.py:208} INFO - Processing /home/airflow/.local/lib/python3.12/site-packages/airflow/example_dags/example_branch_day_of_week_operator.py took 0.109 seconds
