[2025-11-01T12:43:46.776+0000] {processor.py:186} INFO - Started process (PID=147) to work on /home/airflow/.local/lib/python3.12/site-packages/airflow/example_dags/example_latest_only_with_trigger.py
[2025-11-01T12:43:46.778+0000] {processor.py:914} INFO - Processing file /home/airflow/.local/lib/python3.12/site-packages/airflow/example_dags/example_latest_only_with_trigger.py for tasks to queue
[2025-11-01T12:43:46.782+0000] {logging_mixin.py:190} INFO - [2025-11-01T12:43:46.781+0000] {dagbag.py:588} INFO - Filling up the DagBag from /home/airflow/.local/lib/python3.12/site-packages/airflow/example_dags/example_latest_only_with_trigger.py
[2025-11-01T12:43:46.797+0000] {processor.py:925} INFO - DAG(s) 'latest_only_with_trigger' retrieved from /home/airflow/.local/lib/python3.12/site-packages/airflow/example_dags/example_latest_only_with_trigger.py
[2025-11-01T12:43:46.954+0000] {logging_mixin.py:190} INFO - [2025-11-01T12:43:46.954+0000] {override.py:1911} INFO - Created Permission View: can delete on DAG:latest_only_with_trigger
[2025-11-01T12:43:46.968+0000] {logging_mixin.py:190} INFO - [2025-11-01T12:43:46.967+0000] {override.py:1911} INFO - Created Permission View: can edit on DAG:latest_only_with_trigger
[2025-11-01T12:43:46.976+0000] {logging_mixin.py:190} INFO - [2025-11-01T12:43:46.976+0000] {override.py:1911} INFO - Created Permission View: can read on DAG:latest_only_with_trigger
[2025-11-01T12:43:46.986+0000] {logging_mixin.py:190} INFO - [2025-11-01T12:43:46.985+0000] {override.py:1911} INFO - Created Permission View: menu access on DAG Run:latest_only_with_trigger
[2025-11-01T12:43:46.994+0000] {logging_mixin.py:190} INFO - [2025-11-01T12:43:46.994+0000] {override.py:1911} INFO - Created Permission View: can delete on DAG Run:latest_only_with_trigger
[2025-11-01T12:43:47.004+0000] {logging_mixin.py:190} INFO - [2025-11-01T12:43:47.003+0000] {override.py:1911} INFO - Created Permission View: can create on DAG Run:latest_only_with_trigger
[2025-11-01T12:43:47.012+0000] {logging_mixin.py:190} INFO - [2025-11-01T12:43:47.012+0000] {override.py:1911} INFO - Created Permission View: can read on DAG Run:latest_only_with_trigger
[2025-11-01T12:43:47.013+0000] {logging_mixin.py:190} INFO - [2025-11-01T12:43:47.012+0000] {dag.py:3239} INFO - Sync 1 DAGs
[2025-11-01T12:43:47.033+0000] {logging_mixin.py:190} INFO - [2025-11-01T12:43:47.033+0000] {dag.py:3262} INFO - Creating ORM DAG for latest_only_with_trigger
[2025-11-01T12:43:47.047+0000] {logging_mixin.py:190} INFO - [2025-11-01T12:43:47.046+0000] {dag.py:4180} INFO - Setting next_dagrun for latest_only_with_trigger to 2025-11-01 08:00:00+00:00, run_after=2025-11-01 12:00:00+00:00
[2025-11-01T12:43:47.069+0000] {processor.py:208} INFO - Processing /home/airflow/.local/lib/python3.12/site-packages/airflow/example_dags/example_latest_only_with_trigger.py took 0.300 seconds
[2025-11-01T12:44:17.225+0000] {processor.py:186} INFO - Started process (PID=217) to work on /home/airflow/.local/lib/python3.12/site-packages/airflow/example_dags/example_latest_only_with_trigger.py
[2025-11-01T12:44:17.227+0000] {processor.py:914} INFO - Processing file /home/airflow/.local/lib/python3.12/site-packages/airflow/example_dags/example_latest_only_with_trigger.py for tasks to queue
[2025-11-01T12:44:17.231+0000] {logging_mixin.py:190} INFO - [2025-11-01T12:44:17.230+0000] {dagbag.py:588} INFO - Filling up the DagBag from /home/airflow/.local/lib/python3.12/site-packages/airflow/example_dags/example_latest_only_with_trigger.py
[2025-11-01T12:44:17.244+0000] {processor.py:925} INFO - DAG(s) 'latest_only_with_trigger' retrieved from /home/airflow/.local/lib/python3.12/site-packages/airflow/example_dags/example_latest_only_with_trigger.py
[2025-11-01T12:44:17.278+0000] {logging_mixin.py:190} INFO - [2025-11-01T12:44:17.277+0000] {dag.py:3239} INFO - Sync 1 DAGs
[2025-11-01T12:44:17.306+0000] {logging_mixin.py:190} INFO - [2025-11-01T12:44:17.306+0000] {dag.py:4180} INFO - Setting next_dagrun for latest_only_with_trigger to 2025-11-01 08:00:00+00:00, run_after=2025-11-01 12:00:00+00:00
[2025-11-01T12:44:17.333+0000] {processor.py:208} INFO - Processing /home/airflow/.local/lib/python3.12/site-packages/airflow/example_dags/example_latest_only_with_trigger.py took 0.115 seconds
[2025-11-01T12:44:47.537+0000] {processor.py:186} INFO - Started process (PID=287) to work on /home/airflow/.local/lib/python3.12/site-packages/airflow/example_dags/example_latest_only_with_trigger.py
[2025-11-01T12:44:47.539+0000] {processor.py:914} INFO - Processing file /home/airflow/.local/lib/python3.12/site-packages/airflow/example_dags/example_latest_only_with_trigger.py for tasks to queue
[2025-11-01T12:44:47.543+0000] {logging_mixin.py:190} INFO - [2025-11-01T12:44:47.542+0000] {dagbag.py:588} INFO - Filling up the DagBag from /home/airflow/.local/lib/python3.12/site-packages/airflow/example_dags/example_latest_only_with_trigger.py
[2025-11-01T12:44:47.552+0000] {processor.py:925} INFO - DAG(s) 'latest_only_with_trigger' retrieved from /home/airflow/.local/lib/python3.12/site-packages/airflow/example_dags/example_latest_only_with_trigger.py
[2025-11-01T12:44:47.580+0000] {logging_mixin.py:190} INFO - [2025-11-01T12:44:47.580+0000] {dag.py:3239} INFO - Sync 1 DAGs
[2025-11-01T12:44:47.607+0000] {logging_mixin.py:190} INFO - [2025-11-01T12:44:47.607+0000] {dag.py:4180} INFO - Setting next_dagrun for latest_only_with_trigger to 2025-11-01 08:00:00+00:00, run_after=2025-11-01 12:00:00+00:00
[2025-11-01T12:44:47.632+0000] {processor.py:208} INFO - Processing /home/airflow/.local/lib/python3.12/site-packages/airflow/example_dags/example_latest_only_with_trigger.py took 0.102 seconds
[2025-11-01T12:45:17.960+0000] {processor.py:186} INFO - Started process (PID=357) to work on /home/airflow/.local/lib/python3.12/site-packages/airflow/example_dags/example_latest_only_with_trigger.py
[2025-11-01T12:45:17.962+0000] {processor.py:914} INFO - Processing file /home/airflow/.local/lib/python3.12/site-packages/airflow/example_dags/example_latest_only_with_trigger.py for tasks to queue
[2025-11-01T12:45:17.966+0000] {logging_mixin.py:190} INFO - [2025-11-01T12:45:17.965+0000] {dagbag.py:588} INFO - Filling up the DagBag from /home/airflow/.local/lib/python3.12/site-packages/airflow/example_dags/example_latest_only_with_trigger.py
[2025-11-01T12:45:17.977+0000] {processor.py:925} INFO - DAG(s) 'latest_only_with_trigger' retrieved from /home/airflow/.local/lib/python3.12/site-packages/airflow/example_dags/example_latest_only_with_trigger.py
[2025-11-01T12:45:18.013+0000] {logging_mixin.py:190} INFO - [2025-11-01T12:45:18.011+0000] {dag.py:3239} INFO - Sync 1 DAGs
[2025-11-01T12:45:18.044+0000] {logging_mixin.py:190} INFO - [2025-11-01T12:45:18.043+0000] {dag.py:4180} INFO - Setting next_dagrun for latest_only_with_trigger to 2025-11-01 08:00:00+00:00, run_after=2025-11-01 12:00:00+00:00
[2025-11-01T12:45:18.068+0000] {processor.py:208} INFO - Processing /home/airflow/.local/lib/python3.12/site-packages/airflow/example_dags/example_latest_only_with_trigger.py took 0.116 seconds
[2025-11-01T12:45:48.616+0000] {processor.py:186} INFO - Started process (PID=428) to work on /home/airflow/.local/lib/python3.12/site-packages/airflow/example_dags/example_latest_only_with_trigger.py
[2025-11-01T12:45:48.618+0000] {processor.py:914} INFO - Processing file /home/airflow/.local/lib/python3.12/site-packages/airflow/example_dags/example_latest_only_with_trigger.py for tasks to queue
[2025-11-01T12:45:48.621+0000] {logging_mixin.py:190} INFO - [2025-11-01T12:45:48.621+0000] {dagbag.py:588} INFO - Filling up the DagBag from /home/airflow/.local/lib/python3.12/site-packages/airflow/example_dags/example_latest_only_with_trigger.py
[2025-11-01T12:45:48.632+0000] {processor.py:925} INFO - DAG(s) 'latest_only_with_trigger' retrieved from /home/airflow/.local/lib/python3.12/site-packages/airflow/example_dags/example_latest_only_with_trigger.py
[2025-11-01T12:45:48.660+0000] {logging_mixin.py:190} INFO - [2025-11-01T12:45:48.660+0000] {dag.py:3239} INFO - Sync 1 DAGs
[2025-11-01T12:45:48.687+0000] {logging_mixin.py:190} INFO - [2025-11-01T12:45:48.687+0000] {dag.py:4180} INFO - Setting next_dagrun for latest_only_with_trigger to 2025-11-01 08:00:00+00:00, run_after=2025-11-01 12:00:00+00:00
[2025-11-01T12:45:48.710+0000] {processor.py:208} INFO - Processing /home/airflow/.local/lib/python3.12/site-packages/airflow/example_dags/example_latest_only_with_trigger.py took 0.102 seconds
[2025-11-01T12:46:18.947+0000] {processor.py:186} INFO - Started process (PID=498) to work on /home/airflow/.local/lib/python3.12/site-packages/airflow/example_dags/example_latest_only_with_trigger.py
[2025-11-01T12:46:18.949+0000] {processor.py:914} INFO - Processing file /home/airflow/.local/lib/python3.12/site-packages/airflow/example_dags/example_latest_only_with_trigger.py for tasks to queue
[2025-11-01T12:46:18.953+0000] {logging_mixin.py:190} INFO - [2025-11-01T12:46:18.953+0000] {dagbag.py:588} INFO - Filling up the DagBag from /home/airflow/.local/lib/python3.12/site-packages/airflow/example_dags/example_latest_only_with_trigger.py
[2025-11-01T12:46:18.965+0000] {processor.py:925} INFO - DAG(s) 'latest_only_with_trigger' retrieved from /home/airflow/.local/lib/python3.12/site-packages/airflow/example_dags/example_latest_only_with_trigger.py
[2025-11-01T12:46:18.994+0000] {logging_mixin.py:190} INFO - [2025-11-01T12:46:18.994+0000] {dag.py:3239} INFO - Sync 1 DAGs
[2025-11-01T12:46:19.020+0000] {logging_mixin.py:190} INFO - [2025-11-01T12:46:19.020+0000] {dag.py:4180} INFO - Setting next_dagrun for latest_only_with_trigger to 2025-11-01 08:00:00+00:00, run_after=2025-11-01 12:00:00+00:00
[2025-11-01T12:46:19.041+0000] {processor.py:208} INFO - Processing /home/airflow/.local/lib/python3.12/site-packages/airflow/example_dags/example_latest_only_with_trigger.py took 0.103 seconds
[2025-11-01T12:46:49.711+0000] {processor.py:186} INFO - Started process (PID=568) to work on /home/airflow/.local/lib/python3.12/site-packages/airflow/example_dags/example_latest_only_with_trigger.py
[2025-11-01T12:46:49.713+0000] {processor.py:914} INFO - Processing file /home/airflow/.local/lib/python3.12/site-packages/airflow/example_dags/example_latest_only_with_trigger.py for tasks to queue
[2025-11-01T12:46:49.718+0000] {logging_mixin.py:190} INFO - [2025-11-01T12:46:49.717+0000] {dagbag.py:588} INFO - Filling up the DagBag from /home/airflow/.local/lib/python3.12/site-packages/airflow/example_dags/example_latest_only_with_trigger.py
[2025-11-01T12:46:49.733+0000] {processor.py:925} INFO - DAG(s) 'latest_only_with_trigger' retrieved from /home/airflow/.local/lib/python3.12/site-packages/airflow/example_dags/example_latest_only_with_trigger.py
[2025-11-01T12:46:49.771+0000] {logging_mixin.py:190} INFO - [2025-11-01T12:46:49.770+0000] {dag.py:3239} INFO - Sync 1 DAGs
[2025-11-01T12:46:49.806+0000] {logging_mixin.py:190} INFO - [2025-11-01T12:46:49.805+0000] {dag.py:4180} INFO - Setting next_dagrun for latest_only_with_trigger to 2025-11-01 08:00:00+00:00, run_after=2025-11-01 12:00:00+00:00
[2025-11-01T12:46:49.837+0000] {processor.py:208} INFO - Processing /home/airflow/.local/lib/python3.12/site-packages/airflow/example_dags/example_latest_only_with_trigger.py took 0.134 seconds
[2025-11-01T12:47:20.047+0000] {processor.py:186} INFO - Started process (PID=638) to work on /home/airflow/.local/lib/python3.12/site-packages/airflow/example_dags/example_latest_only_with_trigger.py
[2025-11-01T12:47:20.048+0000] {processor.py:914} INFO - Processing file /home/airflow/.local/lib/python3.12/site-packages/airflow/example_dags/example_latest_only_with_trigger.py for tasks to queue
[2025-11-01T12:47:20.053+0000] {logging_mixin.py:190} INFO - [2025-11-01T12:47:20.052+0000] {dagbag.py:588} INFO - Filling up the DagBag from /home/airflow/.local/lib/python3.12/site-packages/airflow/example_dags/example_latest_only_with_trigger.py
[2025-11-01T12:47:20.066+0000] {processor.py:925} INFO - DAG(s) 'latest_only_with_trigger' retrieved from /home/airflow/.local/lib/python3.12/site-packages/airflow/example_dags/example_latest_only_with_trigger.py
[2025-11-01T12:47:20.100+0000] {logging_mixin.py:190} INFO - [2025-11-01T12:47:20.099+0000] {dag.py:3239} INFO - Sync 1 DAGs
[2025-11-01T12:47:20.128+0000] {logging_mixin.py:190} INFO - [2025-11-01T12:47:20.128+0000] {dag.py:4180} INFO - Setting next_dagrun for latest_only_with_trigger to 2025-11-01 08:00:00+00:00, run_after=2025-11-01 12:00:00+00:00
[2025-11-01T12:47:20.155+0000] {processor.py:208} INFO - Processing /home/airflow/.local/lib/python3.12/site-packages/airflow/example_dags/example_latest_only_with_trigger.py took 0.118 seconds
[2025-11-01T12:47:50.897+0000] {processor.py:186} INFO - Started process (PID=708) to work on /home/airflow/.local/lib/python3.12/site-packages/airflow/example_dags/example_latest_only_with_trigger.py
[2025-11-01T12:47:50.900+0000] {processor.py:914} INFO - Processing file /home/airflow/.local/lib/python3.12/site-packages/airflow/example_dags/example_latest_only_with_trigger.py for tasks to queue
[2025-11-01T12:47:50.905+0000] {logging_mixin.py:190} INFO - [2025-11-01T12:47:50.904+0000] {dagbag.py:588} INFO - Filling up the DagBag from /home/airflow/.local/lib/python3.12/site-packages/airflow/example_dags/example_latest_only_with_trigger.py
[2025-11-01T12:47:50.921+0000] {processor.py:925} INFO - DAG(s) 'latest_only_with_trigger' retrieved from /home/airflow/.local/lib/python3.12/site-packages/airflow/example_dags/example_latest_only_with_trigger.py
[2025-11-01T12:47:50.954+0000] {logging_mixin.py:190} INFO - [2025-11-01T12:47:50.954+0000] {dag.py:3239} INFO - Sync 1 DAGs
[2025-11-01T12:47:50.984+0000] {logging_mixin.py:190} INFO - [2025-11-01T12:47:50.984+0000] {dag.py:4180} INFO - Setting next_dagrun for latest_only_with_trigger to 2025-11-01 08:00:00+00:00, run_after=2025-11-01 12:00:00+00:00
[2025-11-01T12:47:51.009+0000] {processor.py:208} INFO - Processing /home/airflow/.local/lib/python3.12/site-packages/airflow/example_dags/example_latest_only_with_trigger.py took 0.124 seconds
[2025-11-01T12:48:21.323+0000] {processor.py:186} INFO - Started process (PID=778) to work on /home/airflow/.local/lib/python3.12/site-packages/airflow/example_dags/example_latest_only_with_trigger.py
[2025-11-01T12:48:21.325+0000] {processor.py:914} INFO - Processing file /home/airflow/.local/lib/python3.12/site-packages/airflow/example_dags/example_latest_only_with_trigger.py for tasks to queue
[2025-11-01T12:48:21.329+0000] {logging_mixin.py:190} INFO - [2025-11-01T12:48:21.328+0000] {dagbag.py:588} INFO - Filling up the DagBag from /home/airflow/.local/lib/python3.12/site-packages/airflow/example_dags/example_latest_only_with_trigger.py
[2025-11-01T12:48:21.339+0000] {processor.py:925} INFO - DAG(s) 'latest_only_with_trigger' retrieved from /home/airflow/.local/lib/python3.12/site-packages/airflow/example_dags/example_latest_only_with_trigger.py
[2025-11-01T12:48:21.366+0000] {logging_mixin.py:190} INFO - [2025-11-01T12:48:21.365+0000] {dag.py:3239} INFO - Sync 1 DAGs
[2025-11-01T12:48:21.392+0000] {logging_mixin.py:190} INFO - [2025-11-01T12:48:21.392+0000] {dag.py:4180} INFO - Setting next_dagrun for latest_only_with_trigger to 2025-11-01 08:00:00+00:00, run_after=2025-11-01 12:00:00+00:00
[2025-11-01T12:48:21.415+0000] {processor.py:208} INFO - Processing /home/airflow/.local/lib/python3.12/site-packages/airflow/example_dags/example_latest_only_with_trigger.py took 0.099 seconds
[2025-11-01T12:48:52.577+0000] {processor.py:186} INFO - Started process (PID=849) to work on /home/airflow/.local/lib/python3.12/site-packages/airflow/example_dags/example_latest_only_with_trigger.py
[2025-11-01T12:48:52.579+0000] {processor.py:914} INFO - Processing file /home/airflow/.local/lib/python3.12/site-packages/airflow/example_dags/example_latest_only_with_trigger.py for tasks to queue
[2025-11-01T12:48:52.584+0000] {logging_mixin.py:190} INFO - [2025-11-01T12:48:52.584+0000] {dagbag.py:588} INFO - Filling up the DagBag from /home/airflow/.local/lib/python3.12/site-packages/airflow/example_dags/example_latest_only_with_trigger.py
[2025-11-01T12:48:52.595+0000] {processor.py:925} INFO - DAG(s) 'latest_only_with_trigger' retrieved from /home/airflow/.local/lib/python3.12/site-packages/airflow/example_dags/example_latest_only_with_trigger.py
[2025-11-01T12:48:52.623+0000] {logging_mixin.py:190} INFO - [2025-11-01T12:48:52.623+0000] {dag.py:3239} INFO - Sync 1 DAGs
[2025-11-01T12:48:52.650+0000] {logging_mixin.py:190} INFO - [2025-11-01T12:48:52.650+0000] {dag.py:4180} INFO - Setting next_dagrun for latest_only_with_trigger to 2025-11-01 08:00:00+00:00, run_after=2025-11-01 12:00:00+00:00
[2025-11-01T12:48:52.671+0000] {processor.py:208} INFO - Processing /home/airflow/.local/lib/python3.12/site-packages/airflow/example_dags/example_latest_only_with_trigger.py took 0.102 seconds
[2025-11-01T12:49:23.073+0000] {processor.py:186} INFO - Started process (PID=920) to work on /home/airflow/.local/lib/python3.12/site-packages/airflow/example_dags/example_latest_only_with_trigger.py
[2025-11-01T12:49:23.074+0000] {processor.py:914} INFO - Processing file /home/airflow/.local/lib/python3.12/site-packages/airflow/example_dags/example_latest_only_with_trigger.py for tasks to queue
[2025-11-01T12:49:23.077+0000] {logging_mixin.py:190} INFO - [2025-11-01T12:49:23.077+0000] {dagbag.py:588} INFO - Filling up the DagBag from /home/airflow/.local/lib/python3.12/site-packages/airflow/example_dags/example_latest_only_with_trigger.py
[2025-11-01T12:49:23.088+0000] {processor.py:925} INFO - DAG(s) 'latest_only_with_trigger' retrieved from /home/airflow/.local/lib/python3.12/site-packages/airflow/example_dags/example_latest_only_with_trigger.py
[2025-11-01T12:49:23.115+0000] {logging_mixin.py:190} INFO - [2025-11-01T12:49:23.115+0000] {dag.py:3239} INFO - Sync 1 DAGs
[2025-11-01T12:49:23.143+0000] {logging_mixin.py:190} INFO - [2025-11-01T12:49:23.143+0000] {dag.py:4180} INFO - Setting next_dagrun for latest_only_with_trigger to 2025-11-01 08:00:00+00:00, run_after=2025-11-01 12:00:00+00:00
[2025-11-01T12:49:23.166+0000] {processor.py:208} INFO - Processing /home/airflow/.local/lib/python3.12/site-packages/airflow/example_dags/example_latest_only_with_trigger.py took 0.100 seconds
[2025-11-01T12:49:53.865+0000] {processor.py:186} INFO - Started process (PID=992) to work on /home/airflow/.local/lib/python3.12/site-packages/airflow/example_dags/example_latest_only_with_trigger.py
[2025-11-01T12:49:53.867+0000] {processor.py:914} INFO - Processing file /home/airflow/.local/lib/python3.12/site-packages/airflow/example_dags/example_latest_only_with_trigger.py for tasks to queue
[2025-11-01T12:49:53.871+0000] {logging_mixin.py:190} INFO - [2025-11-01T12:49:53.871+0000] {dagbag.py:588} INFO - Filling up the DagBag from /home/airflow/.local/lib/python3.12/site-packages/airflow/example_dags/example_latest_only_with_trigger.py
[2025-11-01T12:49:53.882+0000] {processor.py:925} INFO - DAG(s) 'latest_only_with_trigger' retrieved from /home/airflow/.local/lib/python3.12/site-packages/airflow/example_dags/example_latest_only_with_trigger.py
[2025-11-01T12:49:53.909+0000] {logging_mixin.py:190} INFO - [2025-11-01T12:49:53.909+0000] {dag.py:3239} INFO - Sync 1 DAGs
[2025-11-01T12:49:53.938+0000] {logging_mixin.py:190} INFO - [2025-11-01T12:49:53.938+0000] {dag.py:4180} INFO - Setting next_dagrun for latest_only_with_trigger to 2025-11-01 08:00:00+00:00, run_after=2025-11-01 12:00:00+00:00
[2025-11-01T12:49:53.962+0000] {processor.py:208} INFO - Processing /home/airflow/.local/lib/python3.12/site-packages/airflow/example_dags/example_latest_only_with_trigger.py took 0.105 seconds
[2025-11-01T12:50:24.710+0000] {processor.py:186} INFO - Started process (PID=1067) to work on /home/airflow/.local/lib/python3.12/site-packages/airflow/example_dags/example_latest_only_with_trigger.py
[2025-11-01T12:50:24.711+0000] {processor.py:914} INFO - Processing file /home/airflow/.local/lib/python3.12/site-packages/airflow/example_dags/example_latest_only_with_trigger.py for tasks to queue
[2025-11-01T12:50:24.714+0000] {logging_mixin.py:190} INFO - [2025-11-01T12:50:24.714+0000] {dagbag.py:588} INFO - Filling up the DagBag from /home/airflow/.local/lib/python3.12/site-packages/airflow/example_dags/example_latest_only_with_trigger.py
[2025-11-01T12:50:24.725+0000] {processor.py:925} INFO - DAG(s) 'latest_only_with_trigger' retrieved from /home/airflow/.local/lib/python3.12/site-packages/airflow/example_dags/example_latest_only_with_trigger.py
[2025-11-01T12:50:24.754+0000] {logging_mixin.py:190} INFO - [2025-11-01T12:50:24.753+0000] {dag.py:3239} INFO - Sync 1 DAGs
[2025-11-01T12:50:24.779+0000] {logging_mixin.py:190} INFO - [2025-11-01T12:50:24.778+0000] {dag.py:4180} INFO - Setting next_dagrun for latest_only_with_trigger to 2025-11-01 08:00:00+00:00, run_after=2025-11-01 12:00:00+00:00
[2025-11-01T12:50:24.801+0000] {processor.py:208} INFO - Processing /home/airflow/.local/lib/python3.12/site-packages/airflow/example_dags/example_latest_only_with_trigger.py took 0.098 seconds
[2025-11-01T12:50:55.199+0000] {processor.py:186} INFO - Started process (PID=1138) to work on /home/airflow/.local/lib/python3.12/site-packages/airflow/example_dags/example_latest_only_with_trigger.py
[2025-11-01T12:50:55.200+0000] {processor.py:914} INFO - Processing file /home/airflow/.local/lib/python3.12/site-packages/airflow/example_dags/example_latest_only_with_trigger.py for tasks to queue
[2025-11-01T12:50:55.204+0000] {logging_mixin.py:190} INFO - [2025-11-01T12:50:55.204+0000] {dagbag.py:588} INFO - Filling up the DagBag from /home/airflow/.local/lib/python3.12/site-packages/airflow/example_dags/example_latest_only_with_trigger.py
[2025-11-01T12:50:55.217+0000] {processor.py:925} INFO - DAG(s) 'latest_only_with_trigger' retrieved from /home/airflow/.local/lib/python3.12/site-packages/airflow/example_dags/example_latest_only_with_trigger.py
[2025-11-01T12:50:55.246+0000] {logging_mixin.py:190} INFO - [2025-11-01T12:50:55.245+0000] {dag.py:3239} INFO - Sync 1 DAGs
[2025-11-01T12:50:55.272+0000] {logging_mixin.py:190} INFO - [2025-11-01T12:50:55.272+0000] {dag.py:4180} INFO - Setting next_dagrun for latest_only_with_trigger to 2025-11-01 08:00:00+00:00, run_after=2025-11-01 12:00:00+00:00
[2025-11-01T12:50:55.295+0000] {processor.py:208} INFO - Processing /home/airflow/.local/lib/python3.12/site-packages/airflow/example_dags/example_latest_only_with_trigger.py took 0.104 seconds
[2025-11-01T12:51:25.612+0000] {processor.py:186} INFO - Started process (PID=1215) to work on /home/airflow/.local/lib/python3.12/site-packages/airflow/example_dags/example_latest_only_with_trigger.py
[2025-11-01T12:51:25.614+0000] {processor.py:914} INFO - Processing file /home/airflow/.local/lib/python3.12/site-packages/airflow/example_dags/example_latest_only_with_trigger.py for tasks to queue
[2025-11-01T12:51:25.617+0000] {logging_mixin.py:190} INFO - [2025-11-01T12:51:25.617+0000] {dagbag.py:588} INFO - Filling up the DagBag from /home/airflow/.local/lib/python3.12/site-packages/airflow/example_dags/example_latest_only_with_trigger.py
[2025-11-01T12:51:25.628+0000] {processor.py:925} INFO - DAG(s) 'latest_only_with_trigger' retrieved from /home/airflow/.local/lib/python3.12/site-packages/airflow/example_dags/example_latest_only_with_trigger.py
[2025-11-01T12:51:25.660+0000] {logging_mixin.py:190} INFO - [2025-11-01T12:51:25.659+0000] {dag.py:3239} INFO - Sync 1 DAGs
[2025-11-01T12:51:25.687+0000] {logging_mixin.py:190} INFO - [2025-11-01T12:51:25.687+0000] {dag.py:4180} INFO - Setting next_dagrun for latest_only_with_trigger to 2025-11-01 08:00:00+00:00, run_after=2025-11-01 12:00:00+00:00
[2025-11-01T12:51:25.709+0000] {processor.py:208} INFO - Processing /home/airflow/.local/lib/python3.12/site-packages/airflow/example_dags/example_latest_only_with_trigger.py took 0.104 seconds
[2025-11-01T12:51:56.102+0000] {processor.py:186} INFO - Started process (PID=1286) to work on /home/airflow/.local/lib/python3.12/site-packages/airflow/example_dags/example_latest_only_with_trigger.py
[2025-11-01T12:51:56.104+0000] {processor.py:914} INFO - Processing file /home/airflow/.local/lib/python3.12/site-packages/airflow/example_dags/example_latest_only_with_trigger.py for tasks to queue
[2025-11-01T12:51:56.108+0000] {logging_mixin.py:190} INFO - [2025-11-01T12:51:56.107+0000] {dagbag.py:588} INFO - Filling up the DagBag from /home/airflow/.local/lib/python3.12/site-packages/airflow/example_dags/example_latest_only_with_trigger.py
[2025-11-01T12:51:56.120+0000] {processor.py:925} INFO - DAG(s) 'latest_only_with_trigger' retrieved from /home/airflow/.local/lib/python3.12/site-packages/airflow/example_dags/example_latest_only_with_trigger.py
[2025-11-01T12:51:56.148+0000] {logging_mixin.py:190} INFO - [2025-11-01T12:51:56.147+0000] {dag.py:3239} INFO - Sync 1 DAGs
[2025-11-01T12:51:56.180+0000] {logging_mixin.py:190} INFO - [2025-11-01T12:51:56.180+0000] {dag.py:4180} INFO - Setting next_dagrun for latest_only_with_trigger to 2025-11-01 08:00:00+00:00, run_after=2025-11-01 12:00:00+00:00
[2025-11-01T12:51:56.199+0000] {processor.py:208} INFO - Processing /home/airflow/.local/lib/python3.12/site-packages/airflow/example_dags/example_latest_only_with_trigger.py took 0.104 seconds
[2025-11-01T12:52:26.384+0000] {processor.py:186} INFO - Started process (PID=1357) to work on /home/airflow/.local/lib/python3.12/site-packages/airflow/example_dags/example_latest_only_with_trigger.py
[2025-11-01T12:52:26.386+0000] {processor.py:914} INFO - Processing file /home/airflow/.local/lib/python3.12/site-packages/airflow/example_dags/example_latest_only_with_trigger.py for tasks to queue
[2025-11-01T12:52:26.390+0000] {logging_mixin.py:190} INFO - [2025-11-01T12:52:26.390+0000] {dagbag.py:588} INFO - Filling up the DagBag from /home/airflow/.local/lib/python3.12/site-packages/airflow/example_dags/example_latest_only_with_trigger.py
[2025-11-01T12:52:26.403+0000] {processor.py:925} INFO - DAG(s) 'latest_only_with_trigger' retrieved from /home/airflow/.local/lib/python3.12/site-packages/airflow/example_dags/example_latest_only_with_trigger.py
[2025-11-01T12:52:26.432+0000] {logging_mixin.py:190} INFO - [2025-11-01T12:52:26.431+0000] {dag.py:3239} INFO - Sync 1 DAGs
[2025-11-01T12:52:26.461+0000] {logging_mixin.py:190} INFO - [2025-11-01T12:52:26.461+0000] {dag.py:4180} INFO - Setting next_dagrun for latest_only_with_trigger to 2025-11-01 08:00:00+00:00, run_after=2025-11-01 12:00:00+00:00
[2025-11-01T12:52:26.487+0000] {processor.py:208} INFO - Processing /home/airflow/.local/lib/python3.12/site-packages/airflow/example_dags/example_latest_only_with_trigger.py took 0.111 seconds
[2025-11-01T12:52:57.594+0000] {processor.py:186} INFO - Started process (PID=1428) to work on /home/airflow/.local/lib/python3.12/site-packages/airflow/example_dags/example_latest_only_with_trigger.py
[2025-11-01T12:52:57.596+0000] {processor.py:914} INFO - Processing file /home/airflow/.local/lib/python3.12/site-packages/airflow/example_dags/example_latest_only_with_trigger.py for tasks to queue
[2025-11-01T12:52:57.600+0000] {logging_mixin.py:190} INFO - [2025-11-01T12:52:57.600+0000] {dagbag.py:588} INFO - Filling up the DagBag from /home/airflow/.local/lib/python3.12/site-packages/airflow/example_dags/example_latest_only_with_trigger.py
[2025-11-01T12:52:57.612+0000] {processor.py:925} INFO - DAG(s) 'latest_only_with_trigger' retrieved from /home/airflow/.local/lib/python3.12/site-packages/airflow/example_dags/example_latest_only_with_trigger.py
[2025-11-01T12:52:57.648+0000] {logging_mixin.py:190} INFO - [2025-11-01T12:52:57.647+0000] {dag.py:3239} INFO - Sync 1 DAGs
[2025-11-01T12:52:57.681+0000] {logging_mixin.py:190} INFO - [2025-11-01T12:52:57.680+0000] {dag.py:4180} INFO - Setting next_dagrun for latest_only_with_trigger to 2025-11-01 08:00:00+00:00, run_after=2025-11-01 12:00:00+00:00
[2025-11-01T12:52:57.706+0000] {processor.py:208} INFO - Processing /home/airflow/.local/lib/python3.12/site-packages/airflow/example_dags/example_latest_only_with_trigger.py took 0.122 seconds
[2025-11-01T12:53:27.834+0000] {processor.py:186} INFO - Started process (PID=1499) to work on /home/airflow/.local/lib/python3.12/site-packages/airflow/example_dags/example_latest_only_with_trigger.py
[2025-11-01T12:53:27.836+0000] {processor.py:914} INFO - Processing file /home/airflow/.local/lib/python3.12/site-packages/airflow/example_dags/example_latest_only_with_trigger.py for tasks to queue
[2025-11-01T12:53:27.840+0000] {logging_mixin.py:190} INFO - [2025-11-01T12:53:27.840+0000] {dagbag.py:588} INFO - Filling up the DagBag from /home/airflow/.local/lib/python3.12/site-packages/airflow/example_dags/example_latest_only_with_trigger.py
[2025-11-01T12:53:27.851+0000] {processor.py:925} INFO - DAG(s) 'latest_only_with_trigger' retrieved from /home/airflow/.local/lib/python3.12/site-packages/airflow/example_dags/example_latest_only_with_trigger.py
[2025-11-01T12:53:27.880+0000] {logging_mixin.py:190} INFO - [2025-11-01T12:53:27.879+0000] {dag.py:3239} INFO - Sync 1 DAGs
[2025-11-01T12:53:27.907+0000] {logging_mixin.py:190} INFO - [2025-11-01T12:53:27.907+0000] {dag.py:4180} INFO - Setting next_dagrun for latest_only_with_trigger to 2025-11-01 08:00:00+00:00, run_after=2025-11-01 12:00:00+00:00
[2025-11-01T12:53:27.937+0000] {processor.py:208} INFO - Processing /home/airflow/.local/lib/python3.12/site-packages/airflow/example_dags/example_latest_only_with_trigger.py took 0.112 seconds
[2025-11-01T12:53:58.752+0000] {processor.py:186} INFO - Started process (PID=1571) to work on /home/airflow/.local/lib/python3.12/site-packages/airflow/example_dags/example_latest_only_with_trigger.py
[2025-11-01T12:53:58.755+0000] {processor.py:914} INFO - Processing file /home/airflow/.local/lib/python3.12/site-packages/airflow/example_dags/example_latest_only_with_trigger.py for tasks to queue
[2025-11-01T12:53:58.759+0000] {logging_mixin.py:190} INFO - [2025-11-01T12:53:58.759+0000] {dagbag.py:588} INFO - Filling up the DagBag from /home/airflow/.local/lib/python3.12/site-packages/airflow/example_dags/example_latest_only_with_trigger.py
[2025-11-01T12:53:58.774+0000] {processor.py:925} INFO - DAG(s) 'latest_only_with_trigger' retrieved from /home/airflow/.local/lib/python3.12/site-packages/airflow/example_dags/example_latest_only_with_trigger.py
[2025-11-01T12:53:58.815+0000] {logging_mixin.py:190} INFO - [2025-11-01T12:53:58.814+0000] {dag.py:3239} INFO - Sync 1 DAGs
[2025-11-01T12:53:58.847+0000] {logging_mixin.py:190} INFO - [2025-11-01T12:53:58.847+0000] {dag.py:4180} INFO - Setting next_dagrun for latest_only_with_trigger to 2025-11-01 08:00:00+00:00, run_after=2025-11-01 12:00:00+00:00
[2025-11-01T12:53:58.871+0000] {processor.py:208} INFO - Processing /home/airflow/.local/lib/python3.12/site-packages/airflow/example_dags/example_latest_only_with_trigger.py took 0.127 seconds
[2025-11-01T12:54:29.391+0000] {processor.py:186} INFO - Started process (PID=1642) to work on /home/airflow/.local/lib/python3.12/site-packages/airflow/example_dags/example_latest_only_with_trigger.py
[2025-11-01T12:54:29.392+0000] {processor.py:914} INFO - Processing file /home/airflow/.local/lib/python3.12/site-packages/airflow/example_dags/example_latest_only_with_trigger.py for tasks to queue
[2025-11-01T12:54:29.396+0000] {logging_mixin.py:190} INFO - [2025-11-01T12:54:29.396+0000] {dagbag.py:588} INFO - Filling up the DagBag from /home/airflow/.local/lib/python3.12/site-packages/airflow/example_dags/example_latest_only_with_trigger.py
[2025-11-01T12:54:29.407+0000] {processor.py:925} INFO - DAG(s) 'latest_only_with_trigger' retrieved from /home/airflow/.local/lib/python3.12/site-packages/airflow/example_dags/example_latest_only_with_trigger.py
[2025-11-01T12:54:29.437+0000] {logging_mixin.py:190} INFO - [2025-11-01T12:54:29.436+0000] {dag.py:3239} INFO - Sync 1 DAGs
[2025-11-01T12:54:29.465+0000] {logging_mixin.py:190} INFO - [2025-11-01T12:54:29.464+0000] {dag.py:4180} INFO - Setting next_dagrun for latest_only_with_trigger to 2025-11-01 08:00:00+00:00, run_after=2025-11-01 12:00:00+00:00
[2025-11-01T12:54:29.489+0000] {processor.py:208} INFO - Processing /home/airflow/.local/lib/python3.12/site-packages/airflow/example_dags/example_latest_only_with_trigger.py took 0.105 seconds
[2025-11-01T12:54:59.615+0000] {processor.py:186} INFO - Started process (PID=1713) to work on /home/airflow/.local/lib/python3.12/site-packages/airflow/example_dags/example_latest_only_with_trigger.py
[2025-11-01T12:54:59.616+0000] {processor.py:914} INFO - Processing file /home/airflow/.local/lib/python3.12/site-packages/airflow/example_dags/example_latest_only_with_trigger.py for tasks to queue
[2025-11-01T12:54:59.620+0000] {logging_mixin.py:190} INFO - [2025-11-01T12:54:59.619+0000] {dagbag.py:588} INFO - Filling up the DagBag from /home/airflow/.local/lib/python3.12/site-packages/airflow/example_dags/example_latest_only_with_trigger.py
[2025-11-01T12:54:59.630+0000] {processor.py:925} INFO - DAG(s) 'latest_only_with_trigger' retrieved from /home/airflow/.local/lib/python3.12/site-packages/airflow/example_dags/example_latest_only_with_trigger.py
[2025-11-01T12:54:59.658+0000] {logging_mixin.py:190} INFO - [2025-11-01T12:54:59.658+0000] {dag.py:3239} INFO - Sync 1 DAGs
[2025-11-01T12:54:59.684+0000] {logging_mixin.py:190} INFO - [2025-11-01T12:54:59.684+0000] {dag.py:4180} INFO - Setting next_dagrun for latest_only_with_trigger to 2025-11-01 08:00:00+00:00, run_after=2025-11-01 12:00:00+00:00
[2025-11-01T12:54:59.705+0000] {processor.py:208} INFO - Processing /home/airflow/.local/lib/python3.12/site-packages/airflow/example_dags/example_latest_only_with_trigger.py took 0.097 seconds
[2025-11-01T12:55:29.888+0000] {processor.py:186} INFO - Started process (PID=1784) to work on /home/airflow/.local/lib/python3.12/site-packages/airflow/example_dags/example_latest_only_with_trigger.py
[2025-11-01T12:55:29.890+0000] {processor.py:914} INFO - Processing file /home/airflow/.local/lib/python3.12/site-packages/airflow/example_dags/example_latest_only_with_trigger.py for tasks to queue
[2025-11-01T12:55:29.894+0000] {logging_mixin.py:190} INFO - [2025-11-01T12:55:29.893+0000] {dagbag.py:588} INFO - Filling up the DagBag from /home/airflow/.local/lib/python3.12/site-packages/airflow/example_dags/example_latest_only_with_trigger.py
[2025-11-01T12:55:29.904+0000] {processor.py:925} INFO - DAG(s) 'latest_only_with_trigger' retrieved from /home/airflow/.local/lib/python3.12/site-packages/airflow/example_dags/example_latest_only_with_trigger.py
[2025-11-01T12:55:29.933+0000] {logging_mixin.py:190} INFO - [2025-11-01T12:55:29.933+0000] {dag.py:3239} INFO - Sync 1 DAGs
[2025-11-01T12:55:29.962+0000] {logging_mixin.py:190} INFO - [2025-11-01T12:55:29.962+0000] {dag.py:4180} INFO - Setting next_dagrun for latest_only_with_trigger to 2025-11-01 08:00:00+00:00, run_after=2025-11-01 12:00:00+00:00
[2025-11-01T12:55:29.986+0000] {processor.py:208} INFO - Processing /home/airflow/.local/lib/python3.12/site-packages/airflow/example_dags/example_latest_only_with_trigger.py took 0.105 seconds
[2025-11-01T12:56:00.153+0000] {processor.py:186} INFO - Started process (PID=1855) to work on /home/airflow/.local/lib/python3.12/site-packages/airflow/example_dags/example_latest_only_with_trigger.py
[2025-11-01T12:56:00.154+0000] {processor.py:914} INFO - Processing file /home/airflow/.local/lib/python3.12/site-packages/airflow/example_dags/example_latest_only_with_trigger.py for tasks to queue
[2025-11-01T12:56:00.158+0000] {logging_mixin.py:190} INFO - [2025-11-01T12:56:00.158+0000] {dagbag.py:588} INFO - Filling up the DagBag from /home/airflow/.local/lib/python3.12/site-packages/airflow/example_dags/example_latest_only_with_trigger.py
[2025-11-01T12:56:00.171+0000] {processor.py:925} INFO - DAG(s) 'latest_only_with_trigger' retrieved from /home/airflow/.local/lib/python3.12/site-packages/airflow/example_dags/example_latest_only_with_trigger.py
[2025-11-01T12:56:00.199+0000] {logging_mixin.py:190} INFO - [2025-11-01T12:56:00.198+0000] {dag.py:3239} INFO - Sync 1 DAGs
[2025-11-01T12:56:00.225+0000] {logging_mixin.py:190} INFO - [2025-11-01T12:56:00.225+0000] {dag.py:4180} INFO - Setting next_dagrun for latest_only_with_trigger to 2025-11-01 08:00:00+00:00, run_after=2025-11-01 12:00:00+00:00
[2025-11-01T12:56:00.247+0000] {processor.py:208} INFO - Processing /home/airflow/.local/lib/python3.12/site-packages/airflow/example_dags/example_latest_only_with_trigger.py took 0.102 seconds
[2025-11-01T12:56:30.729+0000] {processor.py:186} INFO - Started process (PID=1926) to work on /home/airflow/.local/lib/python3.12/site-packages/airflow/example_dags/example_latest_only_with_trigger.py
[2025-11-01T12:56:30.731+0000] {processor.py:914} INFO - Processing file /home/airflow/.local/lib/python3.12/site-packages/airflow/example_dags/example_latest_only_with_trigger.py for tasks to queue
[2025-11-01T12:56:30.734+0000] {logging_mixin.py:190} INFO - [2025-11-01T12:56:30.734+0000] {dagbag.py:588} INFO - Filling up the DagBag from /home/airflow/.local/lib/python3.12/site-packages/airflow/example_dags/example_latest_only_with_trigger.py
[2025-11-01T12:56:30.744+0000] {processor.py:925} INFO - DAG(s) 'latest_only_with_trigger' retrieved from /home/airflow/.local/lib/python3.12/site-packages/airflow/example_dags/example_latest_only_with_trigger.py
[2025-11-01T12:56:30.770+0000] {logging_mixin.py:190} INFO - [2025-11-01T12:56:30.770+0000] {dag.py:3239} INFO - Sync 1 DAGs
[2025-11-01T12:56:30.803+0000] {logging_mixin.py:190} INFO - [2025-11-01T12:56:30.803+0000] {dag.py:4180} INFO - Setting next_dagrun for latest_only_with_trigger to 2025-11-01 08:00:00+00:00, run_after=2025-11-01 12:00:00+00:00
[2025-11-01T12:56:30.829+0000] {processor.py:208} INFO - Processing /home/airflow/.local/lib/python3.12/site-packages/airflow/example_dags/example_latest_only_with_trigger.py took 0.107 seconds
