[2025-11-01T12:43:40.453+0000] {processor.py:186} INFO - Started process (PID=119) to work on /home/airflow/.local/lib/python3.12/site-packages/airflow/example_dags/example_dataset_alias_with_no_taskflow.py
[2025-11-01T12:43:40.454+0000] {processor.py:914} INFO - Processing file /home/airflow/.local/lib/python3.12/site-packages/airflow/example_dags/example_dataset_alias_with_no_taskflow.py for tasks to queue
[2025-11-01T12:43:40.458+0000] {logging_mixin.py:190} INFO - [2025-11-01T12:43:40.457+0000] {dagbag.py:588} INFO - Filling up the DagBag from /home/airflow/.local/lib/python3.12/site-packages/airflow/example_dags/example_dataset_alias_with_no_taskflow.py
[2025-11-01T12:43:40.615+0000] {processor.py:925} INFO - DAG(s) 'dataset_s3_bucket_consumer_with_no_taskflow', 'dataset_alias_example_alias_producer_with_no_taskflow', 'dataset_alias_example_alias_consumer_with_no_taskflow', 'dataset_s3_bucket_producer_with_no_taskflow' retrieved from /home/airflow/.local/lib/python3.12/site-packages/airflow/example_dags/example_dataset_alias_with_no_taskflow.py
[2025-11-01T12:43:40.735+0000] {logging_mixin.py:190} INFO - [2025-11-01T12:43:40.735+0000] {override.py:1911} INFO - Created Permission View: can delete on DAG:dataset_s3_bucket_consumer_with_no_taskflow
[2025-11-01T12:43:40.748+0000] {logging_mixin.py:190} INFO - [2025-11-01T12:43:40.748+0000] {override.py:1911} INFO - Created Permission View: can edit on DAG:dataset_s3_bucket_consumer_with_no_taskflow
[2025-11-01T12:43:40.758+0000] {logging_mixin.py:190} INFO - [2025-11-01T12:43:40.758+0000] {override.py:1911} INFO - Created Permission View: can read on DAG:dataset_s3_bucket_consumer_with_no_taskflow
[2025-11-01T12:43:40.770+0000] {logging_mixin.py:190} INFO - [2025-11-01T12:43:40.770+0000] {override.py:1911} INFO - Created Permission View: menu access on DAG Run:dataset_s3_bucket_consumer_with_no_taskflow
[2025-11-01T12:43:40.780+0000] {logging_mixin.py:190} INFO - [2025-11-01T12:43:40.780+0000] {override.py:1911} INFO - Created Permission View: can delete on DAG Run:dataset_s3_bucket_consumer_with_no_taskflow
[2025-11-01T12:43:40.788+0000] {logging_mixin.py:190} INFO - [2025-11-01T12:43:40.788+0000] {override.py:1911} INFO - Created Permission View: can create on DAG Run:dataset_s3_bucket_consumer_with_no_taskflow
[2025-11-01T12:43:40.798+0000] {logging_mixin.py:190} INFO - [2025-11-01T12:43:40.798+0000] {override.py:1911} INFO - Created Permission View: can read on DAG Run:dataset_s3_bucket_consumer_with_no_taskflow
[2025-11-01T12:43:40.818+0000] {logging_mixin.py:190} INFO - [2025-11-01T12:43:40.817+0000] {override.py:1911} INFO - Created Permission View: can delete on DAG:dataset_alias_example_alias_producer_with_no_taskflow
[2025-11-01T12:43:40.827+0000] {logging_mixin.py:190} INFO - [2025-11-01T12:43:40.826+0000] {override.py:1911} INFO - Created Permission View: can edit on DAG:dataset_alias_example_alias_producer_with_no_taskflow
[2025-11-01T12:43:40.835+0000] {logging_mixin.py:190} INFO - [2025-11-01T12:43:40.835+0000] {override.py:1911} INFO - Created Permission View: can read on DAG:dataset_alias_example_alias_producer_with_no_taskflow
[2025-11-01T12:43:40.845+0000] {logging_mixin.py:190} INFO - [2025-11-01T12:43:40.845+0000] {override.py:1911} INFO - Created Permission View: menu access on DAG Run:dataset_alias_example_alias_producer_with_no_taskflow
[2025-11-01T12:43:40.854+0000] {logging_mixin.py:190} INFO - [2025-11-01T12:43:40.853+0000] {override.py:1911} INFO - Created Permission View: can delete on DAG Run:dataset_alias_example_alias_producer_with_no_taskflow
[2025-11-01T12:43:40.861+0000] {logging_mixin.py:190} INFO - [2025-11-01T12:43:40.861+0000] {override.py:1911} INFO - Created Permission View: can create on DAG Run:dataset_alias_example_alias_producer_with_no_taskflow
[2025-11-01T12:43:40.871+0000] {logging_mixin.py:190} INFO - [2025-11-01T12:43:40.871+0000] {override.py:1911} INFO - Created Permission View: can read on DAG Run:dataset_alias_example_alias_producer_with_no_taskflow
[2025-11-01T12:43:40.888+0000] {logging_mixin.py:190} INFO - [2025-11-01T12:43:40.887+0000] {override.py:1911} INFO - Created Permission View: can delete on DAG:dataset_alias_example_alias_consumer_with_no_taskflow
[2025-11-01T12:43:40.904+0000] {logging_mixin.py:190} INFO - [2025-11-01T12:43:40.903+0000] {override.py:1911} INFO - Created Permission View: can edit on DAG:dataset_alias_example_alias_consumer_with_no_taskflow
[2025-11-01T12:43:40.914+0000] {logging_mixin.py:190} INFO - [2025-11-01T12:43:40.913+0000] {override.py:1911} INFO - Created Permission View: can read on DAG:dataset_alias_example_alias_consumer_with_no_taskflow
[2025-11-01T12:43:40.923+0000] {logging_mixin.py:190} INFO - [2025-11-01T12:43:40.923+0000] {override.py:1911} INFO - Created Permission View: menu access on DAG Run:dataset_alias_example_alias_consumer_with_no_taskflow
[2025-11-01T12:43:40.933+0000] {logging_mixin.py:190} INFO - [2025-11-01T12:43:40.933+0000] {override.py:1911} INFO - Created Permission View: can delete on DAG Run:dataset_alias_example_alias_consumer_with_no_taskflow
[2025-11-01T12:43:40.942+0000] {logging_mixin.py:190} INFO - [2025-11-01T12:43:40.942+0000] {override.py:1911} INFO - Created Permission View: can create on DAG Run:dataset_alias_example_alias_consumer_with_no_taskflow
[2025-11-01T12:43:40.952+0000] {logging_mixin.py:190} INFO - [2025-11-01T12:43:40.952+0000] {override.py:1911} INFO - Created Permission View: can read on DAG Run:dataset_alias_example_alias_consumer_with_no_taskflow
[2025-11-01T12:43:40.970+0000] {logging_mixin.py:190} INFO - [2025-11-01T12:43:40.970+0000] {override.py:1911} INFO - Created Permission View: can delete on DAG:dataset_s3_bucket_producer_with_no_taskflow
[2025-11-01T12:43:40.981+0000] {logging_mixin.py:190} INFO - [2025-11-01T12:43:40.981+0000] {override.py:1911} INFO - Created Permission View: can edit on DAG:dataset_s3_bucket_producer_with_no_taskflow
[2025-11-01T12:43:40.989+0000] {logging_mixin.py:190} INFO - [2025-11-01T12:43:40.989+0000] {override.py:1911} INFO - Created Permission View: can read on DAG:dataset_s3_bucket_producer_with_no_taskflow
[2025-11-01T12:43:41.000+0000] {logging_mixin.py:190} INFO - [2025-11-01T12:43:40.999+0000] {override.py:1911} INFO - Created Permission View: menu access on DAG Run:dataset_s3_bucket_producer_with_no_taskflow
[2025-11-01T12:43:41.010+0000] {logging_mixin.py:190} INFO - [2025-11-01T12:43:41.010+0000] {override.py:1911} INFO - Created Permission View: can delete on DAG Run:dataset_s3_bucket_producer_with_no_taskflow
[2025-11-01T12:43:41.019+0000] {logging_mixin.py:190} INFO - [2025-11-01T12:43:41.019+0000] {override.py:1911} INFO - Created Permission View: can create on DAG Run:dataset_s3_bucket_producer_with_no_taskflow
[2025-11-01T12:43:41.030+0000] {logging_mixin.py:190} INFO - [2025-11-01T12:43:41.029+0000] {override.py:1911} INFO - Created Permission View: can read on DAG Run:dataset_s3_bucket_producer_with_no_taskflow
[2025-11-01T12:43:41.031+0000] {logging_mixin.py:190} INFO - [2025-11-01T12:43:41.030+0000] {dag.py:3239} INFO - Sync 4 DAGs
[2025-11-01T12:43:41.053+0000] {logging_mixin.py:190} INFO - [2025-11-01T12:43:41.052+0000] {dag.py:3262} INFO - Creating ORM DAG for dataset_s3_bucket_consumer_with_no_taskflow
[2025-11-01T12:43:41.054+0000] {logging_mixin.py:190} INFO - [2025-11-01T12:43:41.054+0000] {dag.py:3262} INFO - Creating ORM DAG for dataset_alias_example_alias_producer_with_no_taskflow
[2025-11-01T12:43:41.056+0000] {logging_mixin.py:190} INFO - [2025-11-01T12:43:41.055+0000] {dag.py:3262} INFO - Creating ORM DAG for dataset_alias_example_alias_consumer_with_no_taskflow
[2025-11-01T12:43:41.057+0000] {logging_mixin.py:190} INFO - [2025-11-01T12:43:41.056+0000] {dag.py:3262} INFO - Creating ORM DAG for dataset_s3_bucket_producer_with_no_taskflow
[2025-11-01T12:43:41.070+0000] {logging_mixin.py:190} INFO - [2025-11-01T12:43:41.070+0000] {dag.py:4180} INFO - Setting next_dagrun for dataset_alias_example_alias_consumer_with_no_taskflow to None, run_after=None
[2025-11-01T12:43:41.072+0000] {logging_mixin.py:190} INFO - [2025-11-01T12:43:41.071+0000] {dag.py:4180} INFO - Setting next_dagrun for dataset_alias_example_alias_producer_with_no_taskflow to None, run_after=None
[2025-11-01T12:43:41.073+0000] {logging_mixin.py:190} INFO - [2025-11-01T12:43:41.073+0000] {dag.py:4180} INFO - Setting next_dagrun for dataset_s3_bucket_consumer_with_no_taskflow to None, run_after=None
[2025-11-01T12:43:41.074+0000] {logging_mixin.py:190} INFO - [2025-11-01T12:43:41.074+0000] {dag.py:4180} INFO - Setting next_dagrun for dataset_s3_bucket_producer_with_no_taskflow to None, run_after=None
[2025-11-01T12:43:41.115+0000] {processor.py:208} INFO - Processing /home/airflow/.local/lib/python3.12/site-packages/airflow/example_dags/example_dataset_alias_with_no_taskflow.py took 0.670 seconds
[2025-11-01T12:44:11.967+0000] {processor.py:186} INFO - Started process (PID=189) to work on /home/airflow/.local/lib/python3.12/site-packages/airflow/example_dags/example_dataset_alias_with_no_taskflow.py
[2025-11-01T12:44:11.969+0000] {processor.py:914} INFO - Processing file /home/airflow/.local/lib/python3.12/site-packages/airflow/example_dags/example_dataset_alias_with_no_taskflow.py for tasks to queue
[2025-11-01T12:44:11.973+0000] {logging_mixin.py:190} INFO - [2025-11-01T12:44:11.972+0000] {dagbag.py:588} INFO - Filling up the DagBag from /home/airflow/.local/lib/python3.12/site-packages/airflow/example_dags/example_dataset_alias_with_no_taskflow.py
[2025-11-01T12:44:12.133+0000] {processor.py:925} INFO - DAG(s) 'dataset_alias_example_alias_consumer_with_no_taskflow', 'dataset_alias_example_alias_producer_with_no_taskflow', 'dataset_s3_bucket_consumer_with_no_taskflow', 'dataset_s3_bucket_producer_with_no_taskflow' retrieved from /home/airflow/.local/lib/python3.12/site-packages/airflow/example_dags/example_dataset_alias_with_no_taskflow.py
[2025-11-01T12:44:12.163+0000] {logging_mixin.py:190} INFO - [2025-11-01T12:44:12.162+0000] {dag.py:3239} INFO - Sync 4 DAGs
[2025-11-01T12:44:12.194+0000] {logging_mixin.py:190} INFO - [2025-11-01T12:44:12.194+0000] {dag.py:4180} INFO - Setting next_dagrun for dataset_alias_example_alias_consumer_with_no_taskflow to None, run_after=None
[2025-11-01T12:44:12.198+0000] {logging_mixin.py:190} INFO - [2025-11-01T12:44:12.197+0000] {dag.py:4180} INFO - Setting next_dagrun for dataset_alias_example_alias_producer_with_no_taskflow to None, run_after=None
[2025-11-01T12:44:12.200+0000] {logging_mixin.py:190} INFO - [2025-11-01T12:44:12.200+0000] {dag.py:4180} INFO - Setting next_dagrun for dataset_s3_bucket_consumer_with_no_taskflow to None, run_after=None
[2025-11-01T12:44:12.202+0000] {logging_mixin.py:190} INFO - [2025-11-01T12:44:12.202+0000] {dag.py:4180} INFO - Setting next_dagrun for dataset_s3_bucket_producer_with_no_taskflow to None, run_after=None
[2025-11-01T12:44:12.234+0000] {processor.py:208} INFO - Processing /home/airflow/.local/lib/python3.12/site-packages/airflow/example_dags/example_dataset_alias_with_no_taskflow.py took 0.275 seconds
[2025-11-01T12:44:42.530+0000] {processor.py:186} INFO - Started process (PID=259) to work on /home/airflow/.local/lib/python3.12/site-packages/airflow/example_dags/example_dataset_alias_with_no_taskflow.py
[2025-11-01T12:44:42.531+0000] {processor.py:914} INFO - Processing file /home/airflow/.local/lib/python3.12/site-packages/airflow/example_dags/example_dataset_alias_with_no_taskflow.py for tasks to queue
[2025-11-01T12:44:42.535+0000] {logging_mixin.py:190} INFO - [2025-11-01T12:44:42.534+0000] {dagbag.py:588} INFO - Filling up the DagBag from /home/airflow/.local/lib/python3.12/site-packages/airflow/example_dags/example_dataset_alias_with_no_taskflow.py
[2025-11-01T12:44:42.684+0000] {processor.py:925} INFO - DAG(s) 'dataset_alias_example_alias_consumer_with_no_taskflow', 'dataset_alias_example_alias_producer_with_no_taskflow', 'dataset_s3_bucket_consumer_with_no_taskflow', 'dataset_s3_bucket_producer_with_no_taskflow' retrieved from /home/airflow/.local/lib/python3.12/site-packages/airflow/example_dags/example_dataset_alias_with_no_taskflow.py
[2025-11-01T12:44:42.712+0000] {logging_mixin.py:190} INFO - [2025-11-01T12:44:42.712+0000] {dag.py:3239} INFO - Sync 4 DAGs
[2025-11-01T12:44:42.740+0000] {logging_mixin.py:190} INFO - [2025-11-01T12:44:42.740+0000] {dag.py:4180} INFO - Setting next_dagrun for dataset_alias_example_alias_consumer_with_no_taskflow to None, run_after=None
[2025-11-01T12:44:42.744+0000] {logging_mixin.py:190} INFO - [2025-11-01T12:44:42.744+0000] {dag.py:4180} INFO - Setting next_dagrun for dataset_alias_example_alias_producer_with_no_taskflow to None, run_after=None
[2025-11-01T12:44:42.746+0000] {logging_mixin.py:190} INFO - [2025-11-01T12:44:42.746+0000] {dag.py:4180} INFO - Setting next_dagrun for dataset_s3_bucket_consumer_with_no_taskflow to None, run_after=None
[2025-11-01T12:44:42.748+0000] {logging_mixin.py:190} INFO - [2025-11-01T12:44:42.748+0000] {dag.py:4180} INFO - Setting next_dagrun for dataset_s3_bucket_producer_with_no_taskflow to None, run_after=None
[2025-11-01T12:44:42.778+0000] {processor.py:208} INFO - Processing /home/airflow/.local/lib/python3.12/site-packages/airflow/example_dags/example_dataset_alias_with_no_taskflow.py took 0.256 seconds
[2025-11-01T12:45:13.539+0000] {processor.py:186} INFO - Started process (PID=329) to work on /home/airflow/.local/lib/python3.12/site-packages/airflow/example_dags/example_dataset_alias_with_no_taskflow.py
[2025-11-01T12:45:13.541+0000] {processor.py:914} INFO - Processing file /home/airflow/.local/lib/python3.12/site-packages/airflow/example_dags/example_dataset_alias_with_no_taskflow.py for tasks to queue
[2025-11-01T12:45:13.544+0000] {logging_mixin.py:190} INFO - [2025-11-01T12:45:13.544+0000] {dagbag.py:588} INFO - Filling up the DagBag from /home/airflow/.local/lib/python3.12/site-packages/airflow/example_dags/example_dataset_alias_with_no_taskflow.py
[2025-11-01T12:45:13.731+0000] {processor.py:925} INFO - DAG(s) 'dataset_alias_example_alias_producer_with_no_taskflow', 'dataset_s3_bucket_consumer_with_no_taskflow', 'dataset_alias_example_alias_consumer_with_no_taskflow', 'dataset_s3_bucket_producer_with_no_taskflow' retrieved from /home/airflow/.local/lib/python3.12/site-packages/airflow/example_dags/example_dataset_alias_with_no_taskflow.py
[2025-11-01T12:45:13.763+0000] {logging_mixin.py:190} INFO - [2025-11-01T12:45:13.762+0000] {dag.py:3239} INFO - Sync 4 DAGs
[2025-11-01T12:45:13.791+0000] {logging_mixin.py:190} INFO - [2025-11-01T12:45:13.791+0000] {dag.py:4180} INFO - Setting next_dagrun for dataset_alias_example_alias_consumer_with_no_taskflow to None, run_after=None
[2025-11-01T12:45:13.797+0000] {logging_mixin.py:190} INFO - [2025-11-01T12:45:13.797+0000] {dag.py:4180} INFO - Setting next_dagrun for dataset_alias_example_alias_producer_with_no_taskflow to None, run_after=None
[2025-11-01T12:45:13.799+0000] {logging_mixin.py:190} INFO - [2025-11-01T12:45:13.798+0000] {dag.py:4180} INFO - Setting next_dagrun for dataset_s3_bucket_consumer_with_no_taskflow to None, run_after=None
[2025-11-01T12:45:13.801+0000] {logging_mixin.py:190} INFO - [2025-11-01T12:45:13.801+0000] {dag.py:4180} INFO - Setting next_dagrun for dataset_s3_bucket_producer_with_no_taskflow to None, run_after=None
[2025-11-01T12:45:13.828+0000] {processor.py:208} INFO - Processing /home/airflow/.local/lib/python3.12/site-packages/airflow/example_dags/example_dataset_alias_with_no_taskflow.py took 0.298 seconds
[2025-11-01T12:45:44.018+0000] {processor.py:186} INFO - Started process (PID=400) to work on /home/airflow/.local/lib/python3.12/site-packages/airflow/example_dags/example_dataset_alias_with_no_taskflow.py
[2025-11-01T12:45:44.019+0000] {processor.py:914} INFO - Processing file /home/airflow/.local/lib/python3.12/site-packages/airflow/example_dags/example_dataset_alias_with_no_taskflow.py for tasks to queue
[2025-11-01T12:45:44.024+0000] {logging_mixin.py:190} INFO - [2025-11-01T12:45:44.023+0000] {dagbag.py:588} INFO - Filling up the DagBag from /home/airflow/.local/lib/python3.12/site-packages/airflow/example_dags/example_dataset_alias_with_no_taskflow.py
[2025-11-01T12:45:44.209+0000] {processor.py:925} INFO - DAG(s) 'dataset_s3_bucket_producer_with_no_taskflow', 'dataset_alias_example_alias_consumer_with_no_taskflow', 'dataset_alias_example_alias_producer_with_no_taskflow', 'dataset_s3_bucket_consumer_with_no_taskflow' retrieved from /home/airflow/.local/lib/python3.12/site-packages/airflow/example_dags/example_dataset_alias_with_no_taskflow.py
[2025-11-01T12:45:44.246+0000] {logging_mixin.py:190} INFO - [2025-11-01T12:45:44.244+0000] {dag.py:3239} INFO - Sync 4 DAGs
[2025-11-01T12:45:44.294+0000] {logging_mixin.py:190} INFO - [2025-11-01T12:45:44.294+0000] {dag.py:4180} INFO - Setting next_dagrun for dataset_alias_example_alias_consumer_with_no_taskflow to None, run_after=None
[2025-11-01T12:45:44.303+0000] {logging_mixin.py:190} INFO - [2025-11-01T12:45:44.302+0000] {dag.py:4180} INFO - Setting next_dagrun for dataset_alias_example_alias_producer_with_no_taskflow to None, run_after=None
[2025-11-01T12:45:44.305+0000] {logging_mixin.py:190} INFO - [2025-11-01T12:45:44.305+0000] {dag.py:4180} INFO - Setting next_dagrun for dataset_s3_bucket_consumer_with_no_taskflow to None, run_after=None
[2025-11-01T12:45:44.308+0000] {logging_mixin.py:190} INFO - [2025-11-01T12:45:44.308+0000] {dag.py:4180} INFO - Setting next_dagrun for dataset_s3_bucket_producer_with_no_taskflow to None, run_after=None
[2025-11-01T12:45:44.342+0000] {processor.py:208} INFO - Processing /home/airflow/.local/lib/python3.12/site-packages/airflow/example_dags/example_dataset_alias_with_no_taskflow.py took 0.332 seconds
[2025-11-01T12:46:15.214+0000] {processor.py:186} INFO - Started process (PID=470) to work on /home/airflow/.local/lib/python3.12/site-packages/airflow/example_dags/example_dataset_alias_with_no_taskflow.py
[2025-11-01T12:46:15.216+0000] {processor.py:914} INFO - Processing file /home/airflow/.local/lib/python3.12/site-packages/airflow/example_dags/example_dataset_alias_with_no_taskflow.py for tasks to queue
[2025-11-01T12:46:15.221+0000] {logging_mixin.py:190} INFO - [2025-11-01T12:46:15.220+0000] {dagbag.py:588} INFO - Filling up the DagBag from /home/airflow/.local/lib/python3.12/site-packages/airflow/example_dags/example_dataset_alias_with_no_taskflow.py
[2025-11-01T12:46:15.381+0000] {processor.py:925} INFO - DAG(s) 'dataset_s3_bucket_producer_with_no_taskflow', 'dataset_alias_example_alias_consumer_with_no_taskflow', 'dataset_s3_bucket_consumer_with_no_taskflow', 'dataset_alias_example_alias_producer_with_no_taskflow' retrieved from /home/airflow/.local/lib/python3.12/site-packages/airflow/example_dags/example_dataset_alias_with_no_taskflow.py
[2025-11-01T12:46:15.405+0000] {logging_mixin.py:190} INFO - [2025-11-01T12:46:15.405+0000] {dag.py:3239} INFO - Sync 4 DAGs
[2025-11-01T12:46:15.441+0000] {logging_mixin.py:190} INFO - [2025-11-01T12:46:15.441+0000] {dag.py:4180} INFO - Setting next_dagrun for dataset_alias_example_alias_consumer_with_no_taskflow to None, run_after=None
[2025-11-01T12:46:15.446+0000] {logging_mixin.py:190} INFO - [2025-11-01T12:46:15.445+0000] {dag.py:4180} INFO - Setting next_dagrun for dataset_alias_example_alias_producer_with_no_taskflow to None, run_after=None
[2025-11-01T12:46:15.448+0000] {logging_mixin.py:190} INFO - [2025-11-01T12:46:15.447+0000] {dag.py:4180} INFO - Setting next_dagrun for dataset_s3_bucket_consumer_with_no_taskflow to None, run_after=None
[2025-11-01T12:46:15.450+0000] {logging_mixin.py:190} INFO - [2025-11-01T12:46:15.450+0000] {dag.py:4180} INFO - Setting next_dagrun for dataset_s3_bucket_producer_with_no_taskflow to None, run_after=None
[2025-11-01T12:46:15.475+0000] {processor.py:208} INFO - Processing /home/airflow/.local/lib/python3.12/site-packages/airflow/example_dags/example_dataset_alias_with_no_taskflow.py took 0.268 seconds
[2025-11-01T12:46:46.049+0000] {processor.py:186} INFO - Started process (PID=540) to work on /home/airflow/.local/lib/python3.12/site-packages/airflow/example_dags/example_dataset_alias_with_no_taskflow.py
[2025-11-01T12:46:46.051+0000] {processor.py:914} INFO - Processing file /home/airflow/.local/lib/python3.12/site-packages/airflow/example_dags/example_dataset_alias_with_no_taskflow.py for tasks to queue
[2025-11-01T12:46:46.054+0000] {logging_mixin.py:190} INFO - [2025-11-01T12:46:46.054+0000] {dagbag.py:588} INFO - Filling up the DagBag from /home/airflow/.local/lib/python3.12/site-packages/airflow/example_dags/example_dataset_alias_with_no_taskflow.py
[2025-11-01T12:46:46.226+0000] {processor.py:925} INFO - DAG(s) 'dataset_alias_example_alias_producer_with_no_taskflow', 'dataset_s3_bucket_producer_with_no_taskflow', 'dataset_alias_example_alias_consumer_with_no_taskflow', 'dataset_s3_bucket_consumer_with_no_taskflow' retrieved from /home/airflow/.local/lib/python3.12/site-packages/airflow/example_dags/example_dataset_alias_with_no_taskflow.py
[2025-11-01T12:46:46.259+0000] {logging_mixin.py:190} INFO - [2025-11-01T12:46:46.259+0000] {dag.py:3239} INFO - Sync 4 DAGs
[2025-11-01T12:46:46.292+0000] {logging_mixin.py:190} INFO - [2025-11-01T12:46:46.291+0000] {dag.py:4180} INFO - Setting next_dagrun for dataset_alias_example_alias_consumer_with_no_taskflow to None, run_after=None
[2025-11-01T12:46:46.295+0000] {logging_mixin.py:190} INFO - [2025-11-01T12:46:46.295+0000] {dag.py:4180} INFO - Setting next_dagrun for dataset_alias_example_alias_producer_with_no_taskflow to None, run_after=None
[2025-11-01T12:46:46.297+0000] {logging_mixin.py:190} INFO - [2025-11-01T12:46:46.297+0000] {dag.py:4180} INFO - Setting next_dagrun for dataset_s3_bucket_consumer_with_no_taskflow to None, run_after=None
[2025-11-01T12:46:46.299+0000] {logging_mixin.py:190} INFO - [2025-11-01T12:46:46.299+0000] {dag.py:4180} INFO - Setting next_dagrun for dataset_s3_bucket_producer_with_no_taskflow to None, run_after=None
[2025-11-01T12:46:46.334+0000] {processor.py:208} INFO - Processing /home/airflow/.local/lib/python3.12/site-packages/airflow/example_dags/example_dataset_alias_with_no_taskflow.py took 0.294 seconds
[2025-11-01T12:47:17.400+0000] {processor.py:186} INFO - Started process (PID=610) to work on /home/airflow/.local/lib/python3.12/site-packages/airflow/example_dags/example_dataset_alias_with_no_taskflow.py
[2025-11-01T12:47:17.402+0000] {processor.py:914} INFO - Processing file /home/airflow/.local/lib/python3.12/site-packages/airflow/example_dags/example_dataset_alias_with_no_taskflow.py for tasks to queue
[2025-11-01T12:47:17.406+0000] {logging_mixin.py:190} INFO - [2025-11-01T12:47:17.405+0000] {dagbag.py:588} INFO - Filling up the DagBag from /home/airflow/.local/lib/python3.12/site-packages/airflow/example_dags/example_dataset_alias_with_no_taskflow.py
[2025-11-01T12:47:17.572+0000] {processor.py:925} INFO - DAG(s) 'dataset_alias_example_alias_producer_with_no_taskflow', 'dataset_s3_bucket_producer_with_no_taskflow', 'dataset_s3_bucket_consumer_with_no_taskflow', 'dataset_alias_example_alias_consumer_with_no_taskflow' retrieved from /home/airflow/.local/lib/python3.12/site-packages/airflow/example_dags/example_dataset_alias_with_no_taskflow.py
[2025-11-01T12:47:17.599+0000] {logging_mixin.py:190} INFO - [2025-11-01T12:47:17.598+0000] {dag.py:3239} INFO - Sync 4 DAGs
[2025-11-01T12:47:17.627+0000] {logging_mixin.py:190} INFO - [2025-11-01T12:47:17.627+0000] {dag.py:4180} INFO - Setting next_dagrun for dataset_alias_example_alias_consumer_with_no_taskflow to None, run_after=None
[2025-11-01T12:47:17.631+0000] {logging_mixin.py:190} INFO - [2025-11-01T12:47:17.631+0000] {dag.py:4180} INFO - Setting next_dagrun for dataset_alias_example_alias_producer_with_no_taskflow to None, run_after=None
[2025-11-01T12:47:17.633+0000] {logging_mixin.py:190} INFO - [2025-11-01T12:47:17.633+0000] {dag.py:4180} INFO - Setting next_dagrun for dataset_s3_bucket_consumer_with_no_taskflow to None, run_after=None
[2025-11-01T12:47:17.635+0000] {logging_mixin.py:190} INFO - [2025-11-01T12:47:17.635+0000] {dag.py:4180} INFO - Setting next_dagrun for dataset_s3_bucket_producer_with_no_taskflow to None, run_after=None
[2025-11-01T12:47:17.666+0000] {processor.py:208} INFO - Processing /home/airflow/.local/lib/python3.12/site-packages/airflow/example_dags/example_dataset_alias_with_no_taskflow.py took 0.275 seconds
[2025-11-01T12:47:47.802+0000] {processor.py:186} INFO - Started process (PID=679) to work on /home/airflow/.local/lib/python3.12/site-packages/airflow/example_dags/example_dataset_alias_with_no_taskflow.py
[2025-11-01T12:47:47.805+0000] {processor.py:914} INFO - Processing file /home/airflow/.local/lib/python3.12/site-packages/airflow/example_dags/example_dataset_alias_with_no_taskflow.py for tasks to queue
[2025-11-01T12:47:47.810+0000] {logging_mixin.py:190} INFO - [2025-11-01T12:47:47.809+0000] {dagbag.py:588} INFO - Filling up the DagBag from /home/airflow/.local/lib/python3.12/site-packages/airflow/example_dags/example_dataset_alias_with_no_taskflow.py
[2025-11-01T12:47:48.034+0000] {processor.py:925} INFO - DAG(s) 'dataset_s3_bucket_producer_with_no_taskflow', 'dataset_alias_example_alias_producer_with_no_taskflow', 'dataset_s3_bucket_consumer_with_no_taskflow', 'dataset_alias_example_alias_consumer_with_no_taskflow' retrieved from /home/airflow/.local/lib/python3.12/site-packages/airflow/example_dags/example_dataset_alias_with_no_taskflow.py
[2025-11-01T12:47:48.074+0000] {logging_mixin.py:190} INFO - [2025-11-01T12:47:48.074+0000] {dag.py:3239} INFO - Sync 4 DAGs
[2025-11-01T12:47:48.106+0000] {logging_mixin.py:190} INFO - [2025-11-01T12:47:48.106+0000] {dag.py:4180} INFO - Setting next_dagrun for dataset_alias_example_alias_consumer_with_no_taskflow to None, run_after=None
[2025-11-01T12:47:48.113+0000] {logging_mixin.py:190} INFO - [2025-11-01T12:47:48.112+0000] {dag.py:4180} INFO - Setting next_dagrun for dataset_alias_example_alias_producer_with_no_taskflow to None, run_after=None
[2025-11-01T12:47:48.128+0000] {logging_mixin.py:190} INFO - [2025-11-01T12:47:48.127+0000] {dag.py:4180} INFO - Setting next_dagrun for dataset_s3_bucket_consumer_with_no_taskflow to None, run_after=None
[2025-11-01T12:47:48.131+0000] {logging_mixin.py:190} INFO - [2025-11-01T12:47:48.130+0000] {dag.py:4180} INFO - Setting next_dagrun for dataset_s3_bucket_producer_with_no_taskflow to None, run_after=None
[2025-11-01T12:47:48.165+0000] {processor.py:208} INFO - Processing /home/airflow/.local/lib/python3.12/site-packages/airflow/example_dags/example_dataset_alias_with_no_taskflow.py took 0.376 seconds
[2025-11-01T12:48:18.971+0000] {processor.py:186} INFO - Started process (PID=750) to work on /home/airflow/.local/lib/python3.12/site-packages/airflow/example_dags/example_dataset_alias_with_no_taskflow.py
[2025-11-01T12:48:18.973+0000] {processor.py:914} INFO - Processing file /home/airflow/.local/lib/python3.12/site-packages/airflow/example_dags/example_dataset_alias_with_no_taskflow.py for tasks to queue
[2025-11-01T12:48:18.976+0000] {logging_mixin.py:190} INFO - [2025-11-01T12:48:18.976+0000] {dagbag.py:588} INFO - Filling up the DagBag from /home/airflow/.local/lib/python3.12/site-packages/airflow/example_dags/example_dataset_alias_with_no_taskflow.py
[2025-11-01T12:48:19.119+0000] {processor.py:925} INFO - DAG(s) 'dataset_s3_bucket_consumer_with_no_taskflow', 'dataset_s3_bucket_producer_with_no_taskflow', 'dataset_alias_example_alias_producer_with_no_taskflow', 'dataset_alias_example_alias_consumer_with_no_taskflow' retrieved from /home/airflow/.local/lib/python3.12/site-packages/airflow/example_dags/example_dataset_alias_with_no_taskflow.py
[2025-11-01T12:48:19.146+0000] {logging_mixin.py:190} INFO - [2025-11-01T12:48:19.146+0000] {dag.py:3239} INFO - Sync 4 DAGs
[2025-11-01T12:48:19.170+0000] {logging_mixin.py:190} INFO - [2025-11-01T12:48:19.170+0000] {dag.py:4180} INFO - Setting next_dagrun for dataset_alias_example_alias_consumer_with_no_taskflow to None, run_after=None
[2025-11-01T12:48:19.174+0000] {logging_mixin.py:190} INFO - [2025-11-01T12:48:19.174+0000] {dag.py:4180} INFO - Setting next_dagrun for dataset_alias_example_alias_producer_with_no_taskflow to None, run_after=None
[2025-11-01T12:48:19.176+0000] {logging_mixin.py:190} INFO - [2025-11-01T12:48:19.176+0000] {dag.py:4180} INFO - Setting next_dagrun for dataset_s3_bucket_consumer_with_no_taskflow to None, run_after=None
[2025-11-01T12:48:19.178+0000] {logging_mixin.py:190} INFO - [2025-11-01T12:48:19.178+0000] {dag.py:4180} INFO - Setting next_dagrun for dataset_s3_bucket_producer_with_no_taskflow to None, run_after=None
[2025-11-01T12:48:19.205+0000] {processor.py:208} INFO - Processing /home/airflow/.local/lib/python3.12/site-packages/airflow/example_dags/example_dataset_alias_with_no_taskflow.py took 0.241 seconds
[2025-11-01T12:48:49.582+0000] {processor.py:186} INFO - Started process (PID=821) to work on /home/airflow/.local/lib/python3.12/site-packages/airflow/example_dags/example_dataset_alias_with_no_taskflow.py
[2025-11-01T12:48:49.584+0000] {processor.py:914} INFO - Processing file /home/airflow/.local/lib/python3.12/site-packages/airflow/example_dags/example_dataset_alias_with_no_taskflow.py for tasks to queue
[2025-11-01T12:48:49.587+0000] {logging_mixin.py:190} INFO - [2025-11-01T12:48:49.587+0000] {dagbag.py:588} INFO - Filling up the DagBag from /home/airflow/.local/lib/python3.12/site-packages/airflow/example_dags/example_dataset_alias_with_no_taskflow.py
[2025-11-01T12:48:49.624+0000] {processor.py:925} INFO - DAG(s) 'dataset_alias_example_alias_consumer_with_no_taskflow', 'dataset_s3_bucket_consumer_with_no_taskflow', 'dataset_s3_bucket_producer_with_no_taskflow', 'dataset_alias_example_alias_producer_with_no_taskflow' retrieved from /home/airflow/.local/lib/python3.12/site-packages/airflow/example_dags/example_dataset_alias_with_no_taskflow.py
[2025-11-01T12:48:49.652+0000] {logging_mixin.py:190} INFO - [2025-11-01T12:48:49.652+0000] {dag.py:3239} INFO - Sync 4 DAGs
[2025-11-01T12:48:49.677+0000] {logging_mixin.py:190} INFO - [2025-11-01T12:48:49.677+0000] {dag.py:4180} INFO - Setting next_dagrun for dataset_alias_example_alias_consumer_with_no_taskflow to None, run_after=None
[2025-11-01T12:48:49.680+0000] {logging_mixin.py:190} INFO - [2025-11-01T12:48:49.680+0000] {dag.py:4180} INFO - Setting next_dagrun for dataset_alias_example_alias_producer_with_no_taskflow to None, run_after=None
[2025-11-01T12:48:49.683+0000] {logging_mixin.py:190} INFO - [2025-11-01T12:48:49.683+0000] {dag.py:4180} INFO - Setting next_dagrun for dataset_s3_bucket_consumer_with_no_taskflow to None, run_after=None
[2025-11-01T12:48:49.685+0000] {logging_mixin.py:190} INFO - [2025-11-01T12:48:49.685+0000] {dag.py:4180} INFO - Setting next_dagrun for dataset_s3_bucket_producer_with_no_taskflow to None, run_after=None
[2025-11-01T12:48:49.713+0000] {processor.py:208} INFO - Processing /home/airflow/.local/lib/python3.12/site-packages/airflow/example_dags/example_dataset_alias_with_no_taskflow.py took 0.138 seconds
[2025-11-01T12:49:20.026+0000] {processor.py:186} INFO - Started process (PID=892) to work on /home/airflow/.local/lib/python3.12/site-packages/airflow/example_dags/example_dataset_alias_with_no_taskflow.py
[2025-11-01T12:49:20.027+0000] {processor.py:914} INFO - Processing file /home/airflow/.local/lib/python3.12/site-packages/airflow/example_dags/example_dataset_alias_with_no_taskflow.py for tasks to queue
[2025-11-01T12:49:20.031+0000] {logging_mixin.py:190} INFO - [2025-11-01T12:49:20.031+0000] {dagbag.py:588} INFO - Filling up the DagBag from /home/airflow/.local/lib/python3.12/site-packages/airflow/example_dags/example_dataset_alias_with_no_taskflow.py
[2025-11-01T12:49:20.068+0000] {processor.py:925} INFO - DAG(s) 'dataset_s3_bucket_producer_with_no_taskflow', 'dataset_s3_bucket_consumer_with_no_taskflow', 'dataset_alias_example_alias_consumer_with_no_taskflow', 'dataset_alias_example_alias_producer_with_no_taskflow' retrieved from /home/airflow/.local/lib/python3.12/site-packages/airflow/example_dags/example_dataset_alias_with_no_taskflow.py
[2025-11-01T12:49:20.095+0000] {logging_mixin.py:190} INFO - [2025-11-01T12:49:20.094+0000] {dag.py:3239} INFO - Sync 4 DAGs
[2025-11-01T12:49:20.119+0000] {logging_mixin.py:190} INFO - [2025-11-01T12:49:20.119+0000] {dag.py:4180} INFO - Setting next_dagrun for dataset_alias_example_alias_consumer_with_no_taskflow to None, run_after=None
[2025-11-01T12:49:20.122+0000] {logging_mixin.py:190} INFO - [2025-11-01T12:49:20.122+0000] {dag.py:4180} INFO - Setting next_dagrun for dataset_alias_example_alias_producer_with_no_taskflow to None, run_after=None
[2025-11-01T12:49:20.124+0000] {logging_mixin.py:190} INFO - [2025-11-01T12:49:20.124+0000] {dag.py:4180} INFO - Setting next_dagrun for dataset_s3_bucket_consumer_with_no_taskflow to None, run_after=None
[2025-11-01T12:49:20.126+0000] {logging_mixin.py:190} INFO - [2025-11-01T12:49:20.126+0000] {dag.py:4180} INFO - Setting next_dagrun for dataset_s3_bucket_producer_with_no_taskflow to None, run_after=None
[2025-11-01T12:49:20.154+0000] {processor.py:208} INFO - Processing /home/airflow/.local/lib/python3.12/site-packages/airflow/example_dags/example_dataset_alias_with_no_taskflow.py took 0.136 seconds
[2025-11-01T12:49:50.294+0000] {processor.py:186} INFO - Started process (PID=964) to work on /home/airflow/.local/lib/python3.12/site-packages/airflow/example_dags/example_dataset_alias_with_no_taskflow.py
[2025-11-01T12:49:50.296+0000] {processor.py:914} INFO - Processing file /home/airflow/.local/lib/python3.12/site-packages/airflow/example_dags/example_dataset_alias_with_no_taskflow.py for tasks to queue
[2025-11-01T12:49:50.300+0000] {logging_mixin.py:190} INFO - [2025-11-01T12:49:50.300+0000] {dagbag.py:588} INFO - Filling up the DagBag from /home/airflow/.local/lib/python3.12/site-packages/airflow/example_dags/example_dataset_alias_with_no_taskflow.py
[2025-11-01T12:49:50.338+0000] {processor.py:925} INFO - DAG(s) 'dataset_alias_example_alias_producer_with_no_taskflow', 'dataset_s3_bucket_consumer_with_no_taskflow', 'dataset_alias_example_alias_consumer_with_no_taskflow', 'dataset_s3_bucket_producer_with_no_taskflow' retrieved from /home/airflow/.local/lib/python3.12/site-packages/airflow/example_dags/example_dataset_alias_with_no_taskflow.py
[2025-11-01T12:49:50.365+0000] {logging_mixin.py:190} INFO - [2025-11-01T12:49:50.364+0000] {dag.py:3239} INFO - Sync 4 DAGs
[2025-11-01T12:49:50.390+0000] {logging_mixin.py:190} INFO - [2025-11-01T12:49:50.389+0000] {dag.py:4180} INFO - Setting next_dagrun for dataset_alias_example_alias_consumer_with_no_taskflow to None, run_after=None
[2025-11-01T12:49:50.395+0000] {logging_mixin.py:190} INFO - [2025-11-01T12:49:50.394+0000] {dag.py:4180} INFO - Setting next_dagrun for dataset_alias_example_alias_producer_with_no_taskflow to None, run_after=None
[2025-11-01T12:49:50.397+0000] {logging_mixin.py:190} INFO - [2025-11-01T12:49:50.396+0000] {dag.py:4180} INFO - Setting next_dagrun for dataset_s3_bucket_consumer_with_no_taskflow to None, run_after=None
[2025-11-01T12:49:50.399+0000] {logging_mixin.py:190} INFO - [2025-11-01T12:49:50.399+0000] {dag.py:4180} INFO - Setting next_dagrun for dataset_s3_bucket_producer_with_no_taskflow to None, run_after=None
[2025-11-01T12:49:50.431+0000] {processor.py:208} INFO - Processing /home/airflow/.local/lib/python3.12/site-packages/airflow/example_dags/example_dataset_alias_with_no_taskflow.py took 0.145 seconds
[2025-11-01T12:50:20.572+0000] {processor.py:186} INFO - Started process (PID=1039) to work on /home/airflow/.local/lib/python3.12/site-packages/airflow/example_dags/example_dataset_alias_with_no_taskflow.py
[2025-11-01T12:50:20.574+0000] {processor.py:914} INFO - Processing file /home/airflow/.local/lib/python3.12/site-packages/airflow/example_dags/example_dataset_alias_with_no_taskflow.py for tasks to queue
[2025-11-01T12:50:20.578+0000] {logging_mixin.py:190} INFO - [2025-11-01T12:50:20.577+0000] {dagbag.py:588} INFO - Filling up the DagBag from /home/airflow/.local/lib/python3.12/site-packages/airflow/example_dags/example_dataset_alias_with_no_taskflow.py
[2025-11-01T12:50:20.620+0000] {processor.py:925} INFO - DAG(s) 'dataset_alias_example_alias_consumer_with_no_taskflow', 'dataset_s3_bucket_consumer_with_no_taskflow', 'dataset_s3_bucket_producer_with_no_taskflow', 'dataset_alias_example_alias_producer_with_no_taskflow' retrieved from /home/airflow/.local/lib/python3.12/site-packages/airflow/example_dags/example_dataset_alias_with_no_taskflow.py
[2025-11-01T12:50:20.647+0000] {logging_mixin.py:190} INFO - [2025-11-01T12:50:20.647+0000] {dag.py:3239} INFO - Sync 4 DAGs
[2025-11-01T12:50:20.673+0000] {logging_mixin.py:190} INFO - [2025-11-01T12:50:20.673+0000] {dag.py:4180} INFO - Setting next_dagrun for dataset_alias_example_alias_consumer_with_no_taskflow to None, run_after=None
[2025-11-01T12:50:20.676+0000] {logging_mixin.py:190} INFO - [2025-11-01T12:50:20.676+0000] {dag.py:4180} INFO - Setting next_dagrun for dataset_alias_example_alias_producer_with_no_taskflow to None, run_after=None
[2025-11-01T12:50:20.678+0000] {logging_mixin.py:190} INFO - [2025-11-01T12:50:20.678+0000] {dag.py:4180} INFO - Setting next_dagrun for dataset_s3_bucket_consumer_with_no_taskflow to None, run_after=None
[2025-11-01T12:50:20.680+0000] {logging_mixin.py:190} INFO - [2025-11-01T12:50:20.680+0000] {dag.py:4180} INFO - Setting next_dagrun for dataset_s3_bucket_producer_with_no_taskflow to None, run_after=None
[2025-11-01T12:50:20.715+0000] {processor.py:208} INFO - Processing /home/airflow/.local/lib/python3.12/site-packages/airflow/example_dags/example_dataset_alias_with_no_taskflow.py took 0.153 seconds
[2025-11-01T12:50:51.140+0000] {processor.py:186} INFO - Started process (PID=1110) to work on /home/airflow/.local/lib/python3.12/site-packages/airflow/example_dags/example_dataset_alias_with_no_taskflow.py
[2025-11-01T12:50:51.142+0000] {processor.py:914} INFO - Processing file /home/airflow/.local/lib/python3.12/site-packages/airflow/example_dags/example_dataset_alias_with_no_taskflow.py for tasks to queue
[2025-11-01T12:50:51.145+0000] {logging_mixin.py:190} INFO - [2025-11-01T12:50:51.145+0000] {dagbag.py:588} INFO - Filling up the DagBag from /home/airflow/.local/lib/python3.12/site-packages/airflow/example_dags/example_dataset_alias_with_no_taskflow.py
[2025-11-01T12:50:51.191+0000] {processor.py:925} INFO - DAG(s) 'dataset_alias_example_alias_producer_with_no_taskflow', 'dataset_s3_bucket_consumer_with_no_taskflow', 'dataset_alias_example_alias_consumer_with_no_taskflow', 'dataset_s3_bucket_producer_with_no_taskflow' retrieved from /home/airflow/.local/lib/python3.12/site-packages/airflow/example_dags/example_dataset_alias_with_no_taskflow.py
[2025-11-01T12:50:51.227+0000] {logging_mixin.py:190} INFO - [2025-11-01T12:50:51.226+0000] {dag.py:3239} INFO - Sync 4 DAGs
[2025-11-01T12:50:51.258+0000] {logging_mixin.py:190} INFO - [2025-11-01T12:50:51.257+0000] {dag.py:4180} INFO - Setting next_dagrun for dataset_alias_example_alias_consumer_with_no_taskflow to None, run_after=None
[2025-11-01T12:50:51.263+0000] {logging_mixin.py:190} INFO - [2025-11-01T12:50:51.263+0000] {dag.py:4180} INFO - Setting next_dagrun for dataset_alias_example_alias_producer_with_no_taskflow to None, run_after=None
[2025-11-01T12:50:51.267+0000] {logging_mixin.py:190} INFO - [2025-11-01T12:50:51.267+0000] {dag.py:4180} INFO - Setting next_dagrun for dataset_s3_bucket_consumer_with_no_taskflow to None, run_after=None
[2025-11-01T12:50:51.270+0000] {logging_mixin.py:190} INFO - [2025-11-01T12:50:51.270+0000] {dag.py:4180} INFO - Setting next_dagrun for dataset_s3_bucket_producer_with_no_taskflow to None, run_after=None
[2025-11-01T12:50:51.305+0000] {processor.py:208} INFO - Processing /home/airflow/.local/lib/python3.12/site-packages/airflow/example_dags/example_dataset_alias_with_no_taskflow.py took 0.174 seconds
[2025-11-01T12:51:21.700+0000] {processor.py:186} INFO - Started process (PID=1181) to work on /home/airflow/.local/lib/python3.12/site-packages/airflow/example_dags/example_dataset_alias_with_no_taskflow.py
[2025-11-01T12:51:21.701+0000] {processor.py:914} INFO - Processing file /home/airflow/.local/lib/python3.12/site-packages/airflow/example_dags/example_dataset_alias_with_no_taskflow.py for tasks to queue
[2025-11-01T12:51:21.705+0000] {logging_mixin.py:190} INFO - [2025-11-01T12:51:21.705+0000] {dagbag.py:588} INFO - Filling up the DagBag from /home/airflow/.local/lib/python3.12/site-packages/airflow/example_dags/example_dataset_alias_with_no_taskflow.py
[2025-11-01T12:51:21.744+0000] {processor.py:925} INFO - DAG(s) 'dataset_alias_example_alias_consumer_with_no_taskflow', 'dataset_s3_bucket_producer_with_no_taskflow', 'dataset_s3_bucket_consumer_with_no_taskflow', 'dataset_alias_example_alias_producer_with_no_taskflow' retrieved from /home/airflow/.local/lib/python3.12/site-packages/airflow/example_dags/example_dataset_alias_with_no_taskflow.py
[2025-11-01T12:51:21.772+0000] {logging_mixin.py:190} INFO - [2025-11-01T12:51:21.772+0000] {dag.py:3239} INFO - Sync 4 DAGs
[2025-11-01T12:51:21.798+0000] {logging_mixin.py:190} INFO - [2025-11-01T12:51:21.797+0000] {dag.py:4180} INFO - Setting next_dagrun for dataset_alias_example_alias_consumer_with_no_taskflow to None, run_after=None
[2025-11-01T12:51:21.801+0000] {logging_mixin.py:190} INFO - [2025-11-01T12:51:21.800+0000] {dag.py:4180} INFO - Setting next_dagrun for dataset_alias_example_alias_producer_with_no_taskflow to None, run_after=None
[2025-11-01T12:51:21.803+0000] {logging_mixin.py:190} INFO - [2025-11-01T12:51:21.802+0000] {dag.py:4180} INFO - Setting next_dagrun for dataset_s3_bucket_consumer_with_no_taskflow to None, run_after=None
[2025-11-01T12:51:21.804+0000] {logging_mixin.py:190} INFO - [2025-11-01T12:51:21.804+0000] {dag.py:4180} INFO - Setting next_dagrun for dataset_s3_bucket_producer_with_no_taskflow to None, run_after=None
[2025-11-01T12:51:21.828+0000] {processor.py:208} INFO - Processing /home/airflow/.local/lib/python3.12/site-packages/airflow/example_dags/example_dataset_alias_with_no_taskflow.py took 0.137 seconds
[2025-11-01T12:51:52.640+0000] {processor.py:186} INFO - Started process (PID=1252) to work on /home/airflow/.local/lib/python3.12/site-packages/airflow/example_dags/example_dataset_alias_with_no_taskflow.py
[2025-11-01T12:51:52.641+0000] {processor.py:914} INFO - Processing file /home/airflow/.local/lib/python3.12/site-packages/airflow/example_dags/example_dataset_alias_with_no_taskflow.py for tasks to queue
[2025-11-01T12:51:52.645+0000] {logging_mixin.py:190} INFO - [2025-11-01T12:51:52.644+0000] {dagbag.py:588} INFO - Filling up the DagBag from /home/airflow/.local/lib/python3.12/site-packages/airflow/example_dags/example_dataset_alias_with_no_taskflow.py
[2025-11-01T12:51:52.681+0000] {processor.py:925} INFO - DAG(s) 'dataset_s3_bucket_producer_with_no_taskflow', 'dataset_alias_example_alias_consumer_with_no_taskflow', 'dataset_alias_example_alias_producer_with_no_taskflow', 'dataset_s3_bucket_consumer_with_no_taskflow' retrieved from /home/airflow/.local/lib/python3.12/site-packages/airflow/example_dags/example_dataset_alias_with_no_taskflow.py
[2025-11-01T12:51:52.706+0000] {logging_mixin.py:190} INFO - [2025-11-01T12:51:52.706+0000] {dag.py:3239} INFO - Sync 4 DAGs
[2025-11-01T12:51:52.732+0000] {logging_mixin.py:190} INFO - [2025-11-01T12:51:52.731+0000] {dag.py:4180} INFO - Setting next_dagrun for dataset_alias_example_alias_consumer_with_no_taskflow to None, run_after=None
[2025-11-01T12:51:52.735+0000] {logging_mixin.py:190} INFO - [2025-11-01T12:51:52.734+0000] {dag.py:4180} INFO - Setting next_dagrun for dataset_alias_example_alias_producer_with_no_taskflow to None, run_after=None
[2025-11-01T12:51:52.737+0000] {logging_mixin.py:190} INFO - [2025-11-01T12:51:52.736+0000] {dag.py:4180} INFO - Setting next_dagrun for dataset_s3_bucket_consumer_with_no_taskflow to None, run_after=None
[2025-11-01T12:51:52.739+0000] {logging_mixin.py:190} INFO - [2025-11-01T12:51:52.738+0000] {dag.py:4180} INFO - Setting next_dagrun for dataset_s3_bucket_producer_with_no_taskflow to None, run_after=None
[2025-11-01T12:51:52.762+0000] {processor.py:208} INFO - Processing /home/airflow/.local/lib/python3.12/site-packages/airflow/example_dags/example_dataset_alias_with_no_taskflow.py took 0.130 seconds
[2025-11-01T12:52:23.229+0000] {processor.py:186} INFO - Started process (PID=1323) to work on /home/airflow/.local/lib/python3.12/site-packages/airflow/example_dags/example_dataset_alias_with_no_taskflow.py
[2025-11-01T12:52:23.231+0000] {processor.py:914} INFO - Processing file /home/airflow/.local/lib/python3.12/site-packages/airflow/example_dags/example_dataset_alias_with_no_taskflow.py for tasks to queue
[2025-11-01T12:52:23.234+0000] {logging_mixin.py:190} INFO - [2025-11-01T12:52:23.234+0000] {dagbag.py:588} INFO - Filling up the DagBag from /home/airflow/.local/lib/python3.12/site-packages/airflow/example_dags/example_dataset_alias_with_no_taskflow.py
[2025-11-01T12:52:23.273+0000] {processor.py:925} INFO - DAG(s) 'dataset_alias_example_alias_consumer_with_no_taskflow', 'dataset_s3_bucket_producer_with_no_taskflow', 'dataset_s3_bucket_consumer_with_no_taskflow', 'dataset_alias_example_alias_producer_with_no_taskflow' retrieved from /home/airflow/.local/lib/python3.12/site-packages/airflow/example_dags/example_dataset_alias_with_no_taskflow.py
[2025-11-01T12:52:23.302+0000] {logging_mixin.py:190} INFO - [2025-11-01T12:52:23.301+0000] {dag.py:3239} INFO - Sync 4 DAGs
[2025-11-01T12:52:23.326+0000] {logging_mixin.py:190} INFO - [2025-11-01T12:52:23.326+0000] {dag.py:4180} INFO - Setting next_dagrun for dataset_alias_example_alias_consumer_with_no_taskflow to None, run_after=None
[2025-11-01T12:52:23.330+0000] {logging_mixin.py:190} INFO - [2025-11-01T12:52:23.330+0000] {dag.py:4180} INFO - Setting next_dagrun for dataset_alias_example_alias_producer_with_no_taskflow to None, run_after=None
[2025-11-01T12:52:23.333+0000] {logging_mixin.py:190} INFO - [2025-11-01T12:52:23.332+0000] {dag.py:4180} INFO - Setting next_dagrun for dataset_s3_bucket_consumer_with_no_taskflow to None, run_after=None
[2025-11-01T12:52:23.335+0000] {logging_mixin.py:190} INFO - [2025-11-01T12:52:23.334+0000] {dag.py:4180} INFO - Setting next_dagrun for dataset_s3_bucket_producer_with_no_taskflow to None, run_after=None
[2025-11-01T12:52:23.364+0000] {processor.py:208} INFO - Processing /home/airflow/.local/lib/python3.12/site-packages/airflow/example_dags/example_dataset_alias_with_no_taskflow.py took 0.142 seconds
[2025-11-01T12:52:53.452+0000] {processor.py:186} INFO - Started process (PID=1393) to work on /home/airflow/.local/lib/python3.12/site-packages/airflow/example_dags/example_dataset_alias_with_no_taskflow.py
[2025-11-01T12:52:53.453+0000] {processor.py:914} INFO - Processing file /home/airflow/.local/lib/python3.12/site-packages/airflow/example_dags/example_dataset_alias_with_no_taskflow.py for tasks to queue
[2025-11-01T12:52:53.457+0000] {logging_mixin.py:190} INFO - [2025-11-01T12:52:53.456+0000] {dagbag.py:588} INFO - Filling up the DagBag from /home/airflow/.local/lib/python3.12/site-packages/airflow/example_dags/example_dataset_alias_with_no_taskflow.py
[2025-11-01T12:52:53.499+0000] {processor.py:925} INFO - DAG(s) 'dataset_s3_bucket_producer_with_no_taskflow', 'dataset_alias_example_alias_consumer_with_no_taskflow', 'dataset_alias_example_alias_producer_with_no_taskflow', 'dataset_s3_bucket_consumer_with_no_taskflow' retrieved from /home/airflow/.local/lib/python3.12/site-packages/airflow/example_dags/example_dataset_alias_with_no_taskflow.py
[2025-11-01T12:52:53.530+0000] {logging_mixin.py:190} INFO - [2025-11-01T12:52:53.529+0000] {dag.py:3239} INFO - Sync 4 DAGs
[2025-11-01T12:52:53.559+0000] {logging_mixin.py:190} INFO - [2025-11-01T12:52:53.559+0000] {dag.py:4180} INFO - Setting next_dagrun for dataset_alias_example_alias_consumer_with_no_taskflow to None, run_after=None
[2025-11-01T12:52:53.563+0000] {logging_mixin.py:190} INFO - [2025-11-01T12:52:53.562+0000] {dag.py:4180} INFO - Setting next_dagrun for dataset_alias_example_alias_producer_with_no_taskflow to None, run_after=None
[2025-11-01T12:52:53.564+0000] {logging_mixin.py:190} INFO - [2025-11-01T12:52:53.564+0000] {dag.py:4180} INFO - Setting next_dagrun for dataset_s3_bucket_consumer_with_no_taskflow to None, run_after=None
[2025-11-01T12:52:53.566+0000] {logging_mixin.py:190} INFO - [2025-11-01T12:52:53.566+0000] {dag.py:4180} INFO - Setting next_dagrun for dataset_s3_bucket_producer_with_no_taskflow to None, run_after=None
[2025-11-01T12:52:53.597+0000] {processor.py:208} INFO - Processing /home/airflow/.local/lib/python3.12/site-packages/airflow/example_dags/example_dataset_alias_with_no_taskflow.py took 0.153 seconds
[2025-11-01T12:53:23.831+0000] {processor.py:186} INFO - Started process (PID=1464) to work on /home/airflow/.local/lib/python3.12/site-packages/airflow/example_dags/example_dataset_alias_with_no_taskflow.py
[2025-11-01T12:53:23.833+0000] {processor.py:914} INFO - Processing file /home/airflow/.local/lib/python3.12/site-packages/airflow/example_dags/example_dataset_alias_with_no_taskflow.py for tasks to queue
[2025-11-01T12:53:23.836+0000] {logging_mixin.py:190} INFO - [2025-11-01T12:53:23.836+0000] {dagbag.py:588} INFO - Filling up the DagBag from /home/airflow/.local/lib/python3.12/site-packages/airflow/example_dags/example_dataset_alias_with_no_taskflow.py
[2025-11-01T12:53:23.872+0000] {processor.py:925} INFO - DAG(s) 'dataset_alias_example_alias_consumer_with_no_taskflow', 'dataset_alias_example_alias_producer_with_no_taskflow', 'dataset_s3_bucket_producer_with_no_taskflow', 'dataset_s3_bucket_consumer_with_no_taskflow' retrieved from /home/airflow/.local/lib/python3.12/site-packages/airflow/example_dags/example_dataset_alias_with_no_taskflow.py
[2025-11-01T12:53:23.901+0000] {logging_mixin.py:190} INFO - [2025-11-01T12:53:23.900+0000] {dag.py:3239} INFO - Sync 4 DAGs
[2025-11-01T12:53:23.925+0000] {logging_mixin.py:190} INFO - [2025-11-01T12:53:23.924+0000] {dag.py:4180} INFO - Setting next_dagrun for dataset_alias_example_alias_consumer_with_no_taskflow to None, run_after=None
[2025-11-01T12:53:23.928+0000] {logging_mixin.py:190} INFO - [2025-11-01T12:53:23.928+0000] {dag.py:4180} INFO - Setting next_dagrun for dataset_alias_example_alias_producer_with_no_taskflow to None, run_after=None
[2025-11-01T12:53:23.930+0000] {logging_mixin.py:190} INFO - [2025-11-01T12:53:23.930+0000] {dag.py:4180} INFO - Setting next_dagrun for dataset_s3_bucket_consumer_with_no_taskflow to None, run_after=None
[2025-11-01T12:53:23.932+0000] {logging_mixin.py:190} INFO - [2025-11-01T12:53:23.932+0000] {dag.py:4180} INFO - Setting next_dagrun for dataset_s3_bucket_producer_with_no_taskflow to None, run_after=None
[2025-11-01T12:53:23.958+0000] {processor.py:208} INFO - Processing /home/airflow/.local/lib/python3.12/site-packages/airflow/example_dags/example_dataset_alias_with_no_taskflow.py took 0.135 seconds
[2025-11-01T12:53:54.601+0000] {processor.py:186} INFO - Started process (PID=1536) to work on /home/airflow/.local/lib/python3.12/site-packages/airflow/example_dags/example_dataset_alias_with_no_taskflow.py
[2025-11-01T12:53:54.603+0000] {processor.py:914} INFO - Processing file /home/airflow/.local/lib/python3.12/site-packages/airflow/example_dags/example_dataset_alias_with_no_taskflow.py for tasks to queue
[2025-11-01T12:53:54.607+0000] {logging_mixin.py:190} INFO - [2025-11-01T12:53:54.607+0000] {dagbag.py:588} INFO - Filling up the DagBag from /home/airflow/.local/lib/python3.12/site-packages/airflow/example_dags/example_dataset_alias_with_no_taskflow.py
[2025-11-01T12:53:54.656+0000] {processor.py:925} INFO - DAG(s) 'dataset_alias_example_alias_consumer_with_no_taskflow', 'dataset_alias_example_alias_producer_with_no_taskflow', 'dataset_s3_bucket_consumer_with_no_taskflow', 'dataset_s3_bucket_producer_with_no_taskflow' retrieved from /home/airflow/.local/lib/python3.12/site-packages/airflow/example_dags/example_dataset_alias_with_no_taskflow.py
[2025-11-01T12:53:54.690+0000] {logging_mixin.py:190} INFO - [2025-11-01T12:53:54.689+0000] {dag.py:3239} INFO - Sync 4 DAGs
[2025-11-01T12:53:54.720+0000] {logging_mixin.py:190} INFO - [2025-11-01T12:53:54.720+0000] {dag.py:4180} INFO - Setting next_dagrun for dataset_alias_example_alias_consumer_with_no_taskflow to None, run_after=None
[2025-11-01T12:53:54.724+0000] {logging_mixin.py:190} INFO - [2025-11-01T12:53:54.724+0000] {dag.py:4180} INFO - Setting next_dagrun for dataset_alias_example_alias_producer_with_no_taskflow to None, run_after=None
[2025-11-01T12:53:54.726+0000] {logging_mixin.py:190} INFO - [2025-11-01T12:53:54.726+0000] {dag.py:4180} INFO - Setting next_dagrun for dataset_s3_bucket_consumer_with_no_taskflow to None, run_after=None
[2025-11-01T12:53:54.729+0000] {logging_mixin.py:190} INFO - [2025-11-01T12:53:54.729+0000] {dag.py:4180} INFO - Setting next_dagrun for dataset_s3_bucket_producer_with_no_taskflow to None, run_after=None
[2025-11-01T12:53:54.759+0000] {processor.py:208} INFO - Processing /home/airflow/.local/lib/python3.12/site-packages/airflow/example_dags/example_dataset_alias_with_no_taskflow.py took 0.168 seconds
[2025-11-01T12:54:25.107+0000] {processor.py:186} INFO - Started process (PID=1608) to work on /home/airflow/.local/lib/python3.12/site-packages/airflow/example_dags/example_dataset_alias_with_no_taskflow.py
[2025-11-01T12:54:25.109+0000] {processor.py:914} INFO - Processing file /home/airflow/.local/lib/python3.12/site-packages/airflow/example_dags/example_dataset_alias_with_no_taskflow.py for tasks to queue
[2025-11-01T12:54:25.114+0000] {logging_mixin.py:190} INFO - [2025-11-01T12:54:25.113+0000] {dagbag.py:588} INFO - Filling up the DagBag from /home/airflow/.local/lib/python3.12/site-packages/airflow/example_dags/example_dataset_alias_with_no_taskflow.py
[2025-11-01T12:54:25.156+0000] {processor.py:925} INFO - DAG(s) 'dataset_s3_bucket_consumer_with_no_taskflow', 'dataset_alias_example_alias_consumer_with_no_taskflow', 'dataset_s3_bucket_producer_with_no_taskflow', 'dataset_alias_example_alias_producer_with_no_taskflow' retrieved from /home/airflow/.local/lib/python3.12/site-packages/airflow/example_dags/example_dataset_alias_with_no_taskflow.py
[2025-11-01T12:54:25.186+0000] {logging_mixin.py:190} INFO - [2025-11-01T12:54:25.185+0000] {dag.py:3239} INFO - Sync 4 DAGs
[2025-11-01T12:54:25.212+0000] {logging_mixin.py:190} INFO - [2025-11-01T12:54:25.212+0000] {dag.py:4180} INFO - Setting next_dagrun for dataset_alias_example_alias_consumer_with_no_taskflow to None, run_after=None
[2025-11-01T12:54:25.216+0000] {logging_mixin.py:190} INFO - [2025-11-01T12:54:25.216+0000] {dag.py:4180} INFO - Setting next_dagrun for dataset_alias_example_alias_producer_with_no_taskflow to None, run_after=None
[2025-11-01T12:54:25.218+0000] {logging_mixin.py:190} INFO - [2025-11-01T12:54:25.218+0000] {dag.py:4180} INFO - Setting next_dagrun for dataset_s3_bucket_consumer_with_no_taskflow to None, run_after=None
[2025-11-01T12:54:25.221+0000] {logging_mixin.py:190} INFO - [2025-11-01T12:54:25.220+0000] {dag.py:4180} INFO - Setting next_dagrun for dataset_s3_bucket_producer_with_no_taskflow to None, run_after=None
[2025-11-01T12:54:25.248+0000] {processor.py:208} INFO - Processing /home/airflow/.local/lib/python3.12/site-packages/airflow/example_dags/example_dataset_alias_with_no_taskflow.py took 0.148 seconds
[2025-11-01T12:54:55.668+0000] {processor.py:186} INFO - Started process (PID=1679) to work on /home/airflow/.local/lib/python3.12/site-packages/airflow/example_dags/example_dataset_alias_with_no_taskflow.py
[2025-11-01T12:54:55.669+0000] {processor.py:914} INFO - Processing file /home/airflow/.local/lib/python3.12/site-packages/airflow/example_dags/example_dataset_alias_with_no_taskflow.py for tasks to queue
[2025-11-01T12:54:55.673+0000] {logging_mixin.py:190} INFO - [2025-11-01T12:54:55.673+0000] {dagbag.py:588} INFO - Filling up the DagBag from /home/airflow/.local/lib/python3.12/site-packages/airflow/example_dags/example_dataset_alias_with_no_taskflow.py
[2025-11-01T12:54:55.716+0000] {processor.py:925} INFO - DAG(s) 'dataset_s3_bucket_producer_with_no_taskflow', 'dataset_alias_example_alias_consumer_with_no_taskflow', 'dataset_s3_bucket_consumer_with_no_taskflow', 'dataset_alias_example_alias_producer_with_no_taskflow' retrieved from /home/airflow/.local/lib/python3.12/site-packages/airflow/example_dags/example_dataset_alias_with_no_taskflow.py
[2025-11-01T12:54:55.744+0000] {logging_mixin.py:190} INFO - [2025-11-01T12:54:55.743+0000] {dag.py:3239} INFO - Sync 4 DAGs
[2025-11-01T12:54:55.771+0000] {logging_mixin.py:190} INFO - [2025-11-01T12:54:55.770+0000] {dag.py:4180} INFO - Setting next_dagrun for dataset_alias_example_alias_consumer_with_no_taskflow to None, run_after=None
[2025-11-01T12:54:55.774+0000] {logging_mixin.py:190} INFO - [2025-11-01T12:54:55.774+0000] {dag.py:4180} INFO - Setting next_dagrun for dataset_alias_example_alias_producer_with_no_taskflow to None, run_after=None
[2025-11-01T12:54:55.777+0000] {logging_mixin.py:190} INFO - [2025-11-01T12:54:55.776+0000] {dag.py:4180} INFO - Setting next_dagrun for dataset_s3_bucket_consumer_with_no_taskflow to None, run_after=None
[2025-11-01T12:54:55.779+0000] {logging_mixin.py:190} INFO - [2025-11-01T12:54:55.778+0000] {dag.py:4180} INFO - Setting next_dagrun for dataset_s3_bucket_producer_with_no_taskflow to None, run_after=None
[2025-11-01T12:54:55.811+0000] {processor.py:208} INFO - Processing /home/airflow/.local/lib/python3.12/site-packages/airflow/example_dags/example_dataset_alias_with_no_taskflow.py took 0.153 seconds
[2025-11-01T12:55:25.913+0000] {processor.py:186} INFO - Started process (PID=1750) to work on /home/airflow/.local/lib/python3.12/site-packages/airflow/example_dags/example_dataset_alias_with_no_taskflow.py
[2025-11-01T12:55:25.915+0000] {processor.py:914} INFO - Processing file /home/airflow/.local/lib/python3.12/site-packages/airflow/example_dags/example_dataset_alias_with_no_taskflow.py for tasks to queue
[2025-11-01T12:55:25.918+0000] {logging_mixin.py:190} INFO - [2025-11-01T12:55:25.918+0000] {dagbag.py:588} INFO - Filling up the DagBag from /home/airflow/.local/lib/python3.12/site-packages/airflow/example_dags/example_dataset_alias_with_no_taskflow.py
[2025-11-01T12:55:25.954+0000] {processor.py:925} INFO - DAG(s) 'dataset_s3_bucket_producer_with_no_taskflow', 'dataset_s3_bucket_consumer_with_no_taskflow', 'dataset_alias_example_alias_producer_with_no_taskflow', 'dataset_alias_example_alias_consumer_with_no_taskflow' retrieved from /home/airflow/.local/lib/python3.12/site-packages/airflow/example_dags/example_dataset_alias_with_no_taskflow.py
[2025-11-01T12:55:25.983+0000] {logging_mixin.py:190} INFO - [2025-11-01T12:55:25.982+0000] {dag.py:3239} INFO - Sync 4 DAGs
[2025-11-01T12:55:26.011+0000] {logging_mixin.py:190} INFO - [2025-11-01T12:55:26.011+0000] {dag.py:4180} INFO - Setting next_dagrun for dataset_alias_example_alias_consumer_with_no_taskflow to None, run_after=None
[2025-11-01T12:55:26.016+0000] {logging_mixin.py:190} INFO - [2025-11-01T12:55:26.016+0000] {dag.py:4180} INFO - Setting next_dagrun for dataset_alias_example_alias_producer_with_no_taskflow to None, run_after=None
[2025-11-01T12:55:26.018+0000] {logging_mixin.py:190} INFO - [2025-11-01T12:55:26.018+0000] {dag.py:4180} INFO - Setting next_dagrun for dataset_s3_bucket_consumer_with_no_taskflow to None, run_after=None
[2025-11-01T12:55:26.020+0000] {logging_mixin.py:190} INFO - [2025-11-01T12:55:26.020+0000] {dag.py:4180} INFO - Setting next_dagrun for dataset_s3_bucket_producer_with_no_taskflow to None, run_after=None
[2025-11-01T12:55:26.049+0000] {processor.py:208} INFO - Processing /home/airflow/.local/lib/python3.12/site-packages/airflow/example_dags/example_dataset_alias_with_no_taskflow.py took 0.143 seconds
[2025-11-01T12:55:56.320+0000] {processor.py:186} INFO - Started process (PID=1827) to work on /home/airflow/.local/lib/python3.12/site-packages/airflow/example_dags/example_dataset_alias_with_no_taskflow.py
[2025-11-01T12:55:56.322+0000] {processor.py:914} INFO - Processing file /home/airflow/.local/lib/python3.12/site-packages/airflow/example_dags/example_dataset_alias_with_no_taskflow.py for tasks to queue
[2025-11-01T12:55:56.325+0000] {logging_mixin.py:190} INFO - [2025-11-01T12:55:56.325+0000] {dagbag.py:588} INFO - Filling up the DagBag from /home/airflow/.local/lib/python3.12/site-packages/airflow/example_dags/example_dataset_alias_with_no_taskflow.py
[2025-11-01T12:55:56.369+0000] {processor.py:925} INFO - DAG(s) 'dataset_alias_example_alias_consumer_with_no_taskflow', 'dataset_s3_bucket_producer_with_no_taskflow', 'dataset_alias_example_alias_producer_with_no_taskflow', 'dataset_s3_bucket_consumer_with_no_taskflow' retrieved from /home/airflow/.local/lib/python3.12/site-packages/airflow/example_dags/example_dataset_alias_with_no_taskflow.py
[2025-11-01T12:55:56.399+0000] {logging_mixin.py:190} INFO - [2025-11-01T12:55:56.398+0000] {dag.py:3239} INFO - Sync 4 DAGs
[2025-11-01T12:55:56.431+0000] {logging_mixin.py:190} INFO - [2025-11-01T12:55:56.431+0000] {dag.py:4180} INFO - Setting next_dagrun for dataset_alias_example_alias_consumer_with_no_taskflow to None, run_after=None
[2025-11-01T12:55:56.436+0000] {logging_mixin.py:190} INFO - [2025-11-01T12:55:56.436+0000] {dag.py:4180} INFO - Setting next_dagrun for dataset_alias_example_alias_producer_with_no_taskflow to None, run_after=None
[2025-11-01T12:55:56.439+0000] {logging_mixin.py:190} INFO - [2025-11-01T12:55:56.438+0000] {dag.py:4180} INFO - Setting next_dagrun for dataset_s3_bucket_consumer_with_no_taskflow to None, run_after=None
[2025-11-01T12:55:56.441+0000] {logging_mixin.py:190} INFO - [2025-11-01T12:55:56.440+0000] {dag.py:4180} INFO - Setting next_dagrun for dataset_s3_bucket_producer_with_no_taskflow to None, run_after=None
[2025-11-01T12:55:56.473+0000] {processor.py:208} INFO - Processing /home/airflow/.local/lib/python3.12/site-packages/airflow/example_dags/example_dataset_alias_with_no_taskflow.py took 0.161 seconds
[2025-11-01T12:56:26.707+0000] {processor.py:186} INFO - Started process (PID=1898) to work on /home/airflow/.local/lib/python3.12/site-packages/airflow/example_dags/example_dataset_alias_with_no_taskflow.py
[2025-11-01T12:56:26.709+0000] {processor.py:914} INFO - Processing file /home/airflow/.local/lib/python3.12/site-packages/airflow/example_dags/example_dataset_alias_with_no_taskflow.py for tasks to queue
[2025-11-01T12:56:26.712+0000] {logging_mixin.py:190} INFO - [2025-11-01T12:56:26.712+0000] {dagbag.py:588} INFO - Filling up the DagBag from /home/airflow/.local/lib/python3.12/site-packages/airflow/example_dags/example_dataset_alias_with_no_taskflow.py
[2025-11-01T12:56:26.749+0000] {processor.py:925} INFO - DAG(s) 'dataset_s3_bucket_producer_with_no_taskflow', 'dataset_s3_bucket_consumer_with_no_taskflow', 'dataset_alias_example_alias_consumer_with_no_taskflow', 'dataset_alias_example_alias_producer_with_no_taskflow' retrieved from /home/airflow/.local/lib/python3.12/site-packages/airflow/example_dags/example_dataset_alias_with_no_taskflow.py
[2025-11-01T12:56:26.777+0000] {logging_mixin.py:190} INFO - [2025-11-01T12:56:26.777+0000] {dag.py:3239} INFO - Sync 4 DAGs
[2025-11-01T12:56:26.806+0000] {logging_mixin.py:190} INFO - [2025-11-01T12:56:26.806+0000] {dag.py:4180} INFO - Setting next_dagrun for dataset_alias_example_alias_consumer_with_no_taskflow to None, run_after=None
[2025-11-01T12:56:26.810+0000] {logging_mixin.py:190} INFO - [2025-11-01T12:56:26.810+0000] {dag.py:4180} INFO - Setting next_dagrun for dataset_alias_example_alias_producer_with_no_taskflow to None, run_after=None
[2025-11-01T12:56:26.812+0000] {logging_mixin.py:190} INFO - [2025-11-01T12:56:26.811+0000] {dag.py:4180} INFO - Setting next_dagrun for dataset_s3_bucket_consumer_with_no_taskflow to None, run_after=None
[2025-11-01T12:56:26.814+0000] {logging_mixin.py:190} INFO - [2025-11-01T12:56:26.813+0000] {dag.py:4180} INFO - Setting next_dagrun for dataset_s3_bucket_producer_with_no_taskflow to None, run_after=None
[2025-11-01T12:56:26.842+0000] {processor.py:208} INFO - Processing /home/airflow/.local/lib/python3.12/site-packages/airflow/example_dags/example_dataset_alias_with_no_taskflow.py took 0.141 seconds
[2025-11-01T12:56:57.106+0000] {processor.py:186} INFO - Started process (PID=1969) to work on /home/airflow/.local/lib/python3.12/site-packages/airflow/example_dags/example_dataset_alias_with_no_taskflow.py
[2025-11-01T12:56:57.112+0000] {processor.py:914} INFO - Processing file /home/airflow/.local/lib/python3.12/site-packages/airflow/example_dags/example_dataset_alias_with_no_taskflow.py for tasks to queue
[2025-11-01T12:56:57.128+0000] {logging_mixin.py:190} INFO - [2025-11-01T12:56:57.127+0000] {dagbag.py:588} INFO - Filling up the DagBag from /home/airflow/.local/lib/python3.12/site-packages/airflow/example_dags/example_dataset_alias_with_no_taskflow.py
[2025-11-01T12:56:57.210+0000] {processor.py:925} INFO - DAG(s) 'dataset_s3_bucket_consumer_with_no_taskflow', 'dataset_alias_example_alias_consumer_with_no_taskflow', 'dataset_s3_bucket_producer_with_no_taskflow', 'dataset_alias_example_alias_producer_with_no_taskflow' retrieved from /home/airflow/.local/lib/python3.12/site-packages/airflow/example_dags/example_dataset_alias_with_no_taskflow.py
[2025-11-01T12:56:57.241+0000] {logging_mixin.py:190} INFO - [2025-11-01T12:56:57.240+0000] {dag.py:3239} INFO - Sync 4 DAGs
[2025-11-01T12:56:57.278+0000] {logging_mixin.py:190} INFO - [2025-11-01T12:56:57.277+0000] {dag.py:4180} INFO - Setting next_dagrun for dataset_alias_example_alias_consumer_with_no_taskflow to None, run_after=None
[2025-11-01T12:56:57.284+0000] {logging_mixin.py:190} INFO - [2025-11-01T12:56:57.284+0000] {dag.py:4180} INFO - Setting next_dagrun for dataset_alias_example_alias_producer_with_no_taskflow to None, run_after=None
[2025-11-01T12:56:57.287+0000] {logging_mixin.py:190} INFO - [2025-11-01T12:56:57.286+0000] {dag.py:4180} INFO - Setting next_dagrun for dataset_s3_bucket_consumer_with_no_taskflow to None, run_after=None
[2025-11-01T12:56:57.290+0000] {logging_mixin.py:190} INFO - [2025-11-01T12:56:57.290+0000] {dag.py:4180} INFO - Setting next_dagrun for dataset_s3_bucket_producer_with_no_taskflow to None, run_after=None
[2025-11-01T12:56:57.323+0000] {processor.py:208} INFO - Processing /home/airflow/.local/lib/python3.12/site-packages/airflow/example_dags/example_dataset_alias_with_no_taskflow.py took 0.251 seconds
