[2025-11-01T12:43:41.506+0000] {processor.py:186} INFO - Started process (PID=121) to work on /home/airflow/.local/lib/python3.12/site-packages/airflow/example_dags/example_dataset_alias.py
[2025-11-01T12:43:41.507+0000] {processor.py:914} INFO - Processing file /home/airflow/.local/lib/python3.12/site-packages/airflow/example_dags/example_dataset_alias.py for tasks to queue
[2025-11-01T12:43:41.511+0000] {logging_mixin.py:190} INFO - [2025-11-01T12:43:41.510+0000] {dagbag.py:588} INFO - Filling up the DagBag from /home/airflow/.local/lib/python3.12/site-packages/airflow/example_dags/example_dataset_alias.py
[2025-11-01T12:43:41.683+0000] {processor.py:925} INFO - DAG(s) 'dataset_alias_example_alias_producer', 'dataset_s3_bucket_producer', 'dataset_s3_bucket_consumer', 'dataset_alias_example_alias_consumer' retrieved from /home/airflow/.local/lib/python3.12/site-packages/airflow/example_dags/example_dataset_alias.py
[2025-11-01T12:43:41.791+0000] {logging_mixin.py:190} INFO - [2025-11-01T12:43:41.790+0000] {override.py:1911} INFO - Created Permission View: can delete on DAG:dataset_alias_example_alias_producer
[2025-11-01T12:43:41.802+0000] {logging_mixin.py:190} INFO - [2025-11-01T12:43:41.802+0000] {override.py:1911} INFO - Created Permission View: can edit on DAG:dataset_alias_example_alias_producer
[2025-11-01T12:43:41.812+0000] {logging_mixin.py:190} INFO - [2025-11-01T12:43:41.811+0000] {override.py:1911} INFO - Created Permission View: can read on DAG:dataset_alias_example_alias_producer
[2025-11-01T12:43:41.822+0000] {logging_mixin.py:190} INFO - [2025-11-01T12:43:41.822+0000] {override.py:1911} INFO - Created Permission View: menu access on DAG Run:dataset_alias_example_alias_producer
[2025-11-01T12:43:41.831+0000] {logging_mixin.py:190} INFO - [2025-11-01T12:43:41.831+0000] {override.py:1911} INFO - Created Permission View: can delete on DAG Run:dataset_alias_example_alias_producer
[2025-11-01T12:43:41.840+0000] {logging_mixin.py:190} INFO - [2025-11-01T12:43:41.839+0000] {override.py:1911} INFO - Created Permission View: can create on DAG Run:dataset_alias_example_alias_producer
[2025-11-01T12:43:41.850+0000] {logging_mixin.py:190} INFO - [2025-11-01T12:43:41.850+0000] {override.py:1911} INFO - Created Permission View: can read on DAG Run:dataset_alias_example_alias_producer
[2025-11-01T12:43:41.866+0000] {logging_mixin.py:190} INFO - [2025-11-01T12:43:41.866+0000] {override.py:1911} INFO - Created Permission View: can delete on DAG:dataset_s3_bucket_producer
[2025-11-01T12:43:41.874+0000] {logging_mixin.py:190} INFO - [2025-11-01T12:43:41.873+0000] {override.py:1911} INFO - Created Permission View: can edit on DAG:dataset_s3_bucket_producer
[2025-11-01T12:43:41.882+0000] {logging_mixin.py:190} INFO - [2025-11-01T12:43:41.881+0000] {override.py:1911} INFO - Created Permission View: can read on DAG:dataset_s3_bucket_producer
[2025-11-01T12:43:41.890+0000] {logging_mixin.py:190} INFO - [2025-11-01T12:43:41.890+0000] {override.py:1911} INFO - Created Permission View: menu access on DAG Run:dataset_s3_bucket_producer
[2025-11-01T12:43:41.898+0000] {logging_mixin.py:190} INFO - [2025-11-01T12:43:41.897+0000] {override.py:1911} INFO - Created Permission View: can delete on DAG Run:dataset_s3_bucket_producer
[2025-11-01T12:43:41.906+0000] {logging_mixin.py:190} INFO - [2025-11-01T12:43:41.905+0000] {override.py:1911} INFO - Created Permission View: can create on DAG Run:dataset_s3_bucket_producer
[2025-11-01T12:43:41.916+0000] {logging_mixin.py:190} INFO - [2025-11-01T12:43:41.915+0000] {override.py:1911} INFO - Created Permission View: can read on DAG Run:dataset_s3_bucket_producer
[2025-11-01T12:43:41.933+0000] {logging_mixin.py:190} INFO - [2025-11-01T12:43:41.932+0000] {override.py:1911} INFO - Created Permission View: can delete on DAG:dataset_s3_bucket_consumer
[2025-11-01T12:43:41.942+0000] {logging_mixin.py:190} INFO - [2025-11-01T12:43:41.941+0000] {override.py:1911} INFO - Created Permission View: can edit on DAG:dataset_s3_bucket_consumer
[2025-11-01T12:43:41.950+0000] {logging_mixin.py:190} INFO - [2025-11-01T12:43:41.949+0000] {override.py:1911} INFO - Created Permission View: can read on DAG:dataset_s3_bucket_consumer
[2025-11-01T12:43:41.960+0000] {logging_mixin.py:190} INFO - [2025-11-01T12:43:41.959+0000] {override.py:1911} INFO - Created Permission View: menu access on DAG Run:dataset_s3_bucket_consumer
[2025-11-01T12:43:41.969+0000] {logging_mixin.py:190} INFO - [2025-11-01T12:43:41.969+0000] {override.py:1911} INFO - Created Permission View: can delete on DAG Run:dataset_s3_bucket_consumer
[2025-11-01T12:43:41.977+0000] {logging_mixin.py:190} INFO - [2025-11-01T12:43:41.977+0000] {override.py:1911} INFO - Created Permission View: can create on DAG Run:dataset_s3_bucket_consumer
[2025-11-01T12:43:41.986+0000] {logging_mixin.py:190} INFO - [2025-11-01T12:43:41.986+0000] {override.py:1911} INFO - Created Permission View: can read on DAG Run:dataset_s3_bucket_consumer
[2025-11-01T12:43:42.001+0000] {logging_mixin.py:190} INFO - [2025-11-01T12:43:42.001+0000] {override.py:1911} INFO - Created Permission View: can delete on DAG:dataset_alias_example_alias_consumer
[2025-11-01T12:43:42.009+0000] {logging_mixin.py:190} INFO - [2025-11-01T12:43:42.009+0000] {override.py:1911} INFO - Created Permission View: can edit on DAG:dataset_alias_example_alias_consumer
[2025-11-01T12:43:42.018+0000] {logging_mixin.py:190} INFO - [2025-11-01T12:43:42.018+0000] {override.py:1911} INFO - Created Permission View: can read on DAG:dataset_alias_example_alias_consumer
[2025-11-01T12:43:42.028+0000] {logging_mixin.py:190} INFO - [2025-11-01T12:43:42.027+0000] {override.py:1911} INFO - Created Permission View: menu access on DAG Run:dataset_alias_example_alias_consumer
[2025-11-01T12:43:42.036+0000] {logging_mixin.py:190} INFO - [2025-11-01T12:43:42.036+0000] {override.py:1911} INFO - Created Permission View: can delete on DAG Run:dataset_alias_example_alias_consumer
[2025-11-01T12:43:42.045+0000] {logging_mixin.py:190} INFO - [2025-11-01T12:43:42.044+0000] {override.py:1911} INFO - Created Permission View: can create on DAG Run:dataset_alias_example_alias_consumer
[2025-11-01T12:43:42.053+0000] {logging_mixin.py:190} INFO - [2025-11-01T12:43:42.052+0000] {override.py:1911} INFO - Created Permission View: can read on DAG Run:dataset_alias_example_alias_consumer
[2025-11-01T12:43:42.054+0000] {logging_mixin.py:190} INFO - [2025-11-01T12:43:42.053+0000] {dag.py:3239} INFO - Sync 4 DAGs
[2025-11-01T12:43:42.067+0000] {logging_mixin.py:190} INFO - [2025-11-01T12:43:42.067+0000] {dag.py:3262} INFO - Creating ORM DAG for dataset_s3_bucket_consumer
[2025-11-01T12:43:42.068+0000] {logging_mixin.py:190} INFO - [2025-11-01T12:43:42.068+0000] {dag.py:3262} INFO - Creating ORM DAG for dataset_alias_example_alias_consumer
[2025-11-01T12:43:42.069+0000] {logging_mixin.py:190} INFO - [2025-11-01T12:43:42.069+0000] {dag.py:3262} INFO - Creating ORM DAG for dataset_s3_bucket_producer
[2025-11-01T12:43:42.070+0000] {logging_mixin.py:190} INFO - [2025-11-01T12:43:42.070+0000] {dag.py:3262} INFO - Creating ORM DAG for dataset_alias_example_alias_producer
[2025-11-01T12:43:42.080+0000] {logging_mixin.py:190} INFO - [2025-11-01T12:43:42.080+0000] {dag.py:4180} INFO - Setting next_dagrun for dataset_alias_example_alias_consumer to None, run_after=None
[2025-11-01T12:43:42.081+0000] {logging_mixin.py:190} INFO - [2025-11-01T12:43:42.081+0000] {dag.py:4180} INFO - Setting next_dagrun for dataset_alias_example_alias_producer to None, run_after=None
[2025-11-01T12:43:42.082+0000] {logging_mixin.py:190} INFO - [2025-11-01T12:43:42.082+0000] {dag.py:4180} INFO - Setting next_dagrun for dataset_s3_bucket_consumer to None, run_after=None
[2025-11-01T12:43:42.083+0000] {logging_mixin.py:190} INFO - [2025-11-01T12:43:42.083+0000] {dag.py:4180} INFO - Setting next_dagrun for dataset_s3_bucket_producer to None, run_after=None
[2025-11-01T12:43:42.113+0000] {processor.py:208} INFO - Processing /home/airflow/.local/lib/python3.12/site-packages/airflow/example_dags/example_dataset_alias.py took 0.615 seconds
[2025-11-01T12:44:12.353+0000] {processor.py:186} INFO - Started process (PID=191) to work on /home/airflow/.local/lib/python3.12/site-packages/airflow/example_dags/example_dataset_alias.py
[2025-11-01T12:44:12.355+0000] {processor.py:914} INFO - Processing file /home/airflow/.local/lib/python3.12/site-packages/airflow/example_dags/example_dataset_alias.py for tasks to queue
[2025-11-01T12:44:12.358+0000] {logging_mixin.py:190} INFO - [2025-11-01T12:44:12.358+0000] {dagbag.py:588} INFO - Filling up the DagBag from /home/airflow/.local/lib/python3.12/site-packages/airflow/example_dags/example_dataset_alias.py
[2025-11-01T12:44:12.531+0000] {processor.py:925} INFO - DAG(s) 'dataset_alias_example_alias_consumer', 'dataset_s3_bucket_producer', 'dataset_alias_example_alias_producer', 'dataset_s3_bucket_consumer' retrieved from /home/airflow/.local/lib/python3.12/site-packages/airflow/example_dags/example_dataset_alias.py
[2025-11-01T12:44:12.561+0000] {logging_mixin.py:190} INFO - [2025-11-01T12:44:12.560+0000] {dag.py:3239} INFO - Sync 4 DAGs
[2025-11-01T12:44:12.587+0000] {logging_mixin.py:190} INFO - [2025-11-01T12:44:12.587+0000] {dag.py:4180} INFO - Setting next_dagrun for dataset_alias_example_alias_consumer to None, run_after=None
[2025-11-01T12:44:12.590+0000] {logging_mixin.py:190} INFO - [2025-11-01T12:44:12.590+0000] {dag.py:4180} INFO - Setting next_dagrun for dataset_alias_example_alias_producer to None, run_after=None
[2025-11-01T12:44:12.593+0000] {logging_mixin.py:190} INFO - [2025-11-01T12:44:12.592+0000] {dag.py:4180} INFO - Setting next_dagrun for dataset_s3_bucket_consumer to None, run_after=None
[2025-11-01T12:44:12.595+0000] {logging_mixin.py:190} INFO - [2025-11-01T12:44:12.595+0000] {dag.py:4180} INFO - Setting next_dagrun for dataset_s3_bucket_producer to None, run_after=None
[2025-11-01T12:44:12.626+0000] {processor.py:208} INFO - Processing /home/airflow/.local/lib/python3.12/site-packages/airflow/example_dags/example_dataset_alias.py took 0.281 seconds
[2025-11-01T12:44:42.878+0000] {processor.py:186} INFO - Started process (PID=261) to work on /home/airflow/.local/lib/python3.12/site-packages/airflow/example_dags/example_dataset_alias.py
[2025-11-01T12:44:42.879+0000] {processor.py:914} INFO - Processing file /home/airflow/.local/lib/python3.12/site-packages/airflow/example_dags/example_dataset_alias.py for tasks to queue
[2025-11-01T12:44:42.882+0000] {logging_mixin.py:190} INFO - [2025-11-01T12:44:42.882+0000] {dagbag.py:588} INFO - Filling up the DagBag from /home/airflow/.local/lib/python3.12/site-packages/airflow/example_dags/example_dataset_alias.py
[2025-11-01T12:44:43.024+0000] {processor.py:925} INFO - DAG(s) 'dataset_alias_example_alias_producer', 'dataset_alias_example_alias_consumer', 'dataset_s3_bucket_producer', 'dataset_s3_bucket_consumer' retrieved from /home/airflow/.local/lib/python3.12/site-packages/airflow/example_dags/example_dataset_alias.py
[2025-11-01T12:44:43.052+0000] {logging_mixin.py:190} INFO - [2025-11-01T12:44:43.052+0000] {dag.py:3239} INFO - Sync 4 DAGs
[2025-11-01T12:44:43.078+0000] {logging_mixin.py:190} INFO - [2025-11-01T12:44:43.077+0000] {dag.py:4180} INFO - Setting next_dagrun for dataset_alias_example_alias_consumer to None, run_after=None
[2025-11-01T12:44:43.081+0000] {logging_mixin.py:190} INFO - [2025-11-01T12:44:43.080+0000] {dag.py:4180} INFO - Setting next_dagrun for dataset_alias_example_alias_producer to None, run_after=None
[2025-11-01T12:44:43.083+0000] {logging_mixin.py:190} INFO - [2025-11-01T12:44:43.082+0000] {dag.py:4180} INFO - Setting next_dagrun for dataset_s3_bucket_consumer to None, run_after=None
[2025-11-01T12:44:43.085+0000] {logging_mixin.py:190} INFO - [2025-11-01T12:44:43.084+0000] {dag.py:4180} INFO - Setting next_dagrun for dataset_s3_bucket_producer to None, run_after=None
[2025-11-01T12:44:43.109+0000] {processor.py:208} INFO - Processing /home/airflow/.local/lib/python3.12/site-packages/airflow/example_dags/example_dataset_alias.py took 0.238 seconds
[2025-11-01T12:45:13.934+0000] {processor.py:186} INFO - Started process (PID=331) to work on /home/airflow/.local/lib/python3.12/site-packages/airflow/example_dags/example_dataset_alias.py
[2025-11-01T12:45:13.935+0000] {processor.py:914} INFO - Processing file /home/airflow/.local/lib/python3.12/site-packages/airflow/example_dags/example_dataset_alias.py for tasks to queue
[2025-11-01T12:45:13.939+0000] {logging_mixin.py:190} INFO - [2025-11-01T12:45:13.938+0000] {dagbag.py:588} INFO - Filling up the DagBag from /home/airflow/.local/lib/python3.12/site-packages/airflow/example_dags/example_dataset_alias.py
[2025-11-01T12:45:14.132+0000] {processor.py:925} INFO - DAG(s) 'dataset_s3_bucket_producer', 'dataset_alias_example_alias_producer', 'dataset_alias_example_alias_consumer', 'dataset_s3_bucket_consumer' retrieved from /home/airflow/.local/lib/python3.12/site-packages/airflow/example_dags/example_dataset_alias.py
[2025-11-01T12:45:14.162+0000] {logging_mixin.py:190} INFO - [2025-11-01T12:45:14.161+0000] {dag.py:3239} INFO - Sync 4 DAGs
[2025-11-01T12:45:14.190+0000] {logging_mixin.py:190} INFO - [2025-11-01T12:45:14.190+0000] {dag.py:4180} INFO - Setting next_dagrun for dataset_alias_example_alias_consumer to None, run_after=None
[2025-11-01T12:45:14.194+0000] {logging_mixin.py:190} INFO - [2025-11-01T12:45:14.193+0000] {dag.py:4180} INFO - Setting next_dagrun for dataset_alias_example_alias_producer to None, run_after=None
[2025-11-01T12:45:14.196+0000] {logging_mixin.py:190} INFO - [2025-11-01T12:45:14.196+0000] {dag.py:4180} INFO - Setting next_dagrun for dataset_s3_bucket_consumer to None, run_after=None
[2025-11-01T12:45:14.199+0000] {logging_mixin.py:190} INFO - [2025-11-01T12:45:14.198+0000] {dag.py:4180} INFO - Setting next_dagrun for dataset_s3_bucket_producer to None, run_after=None
[2025-11-01T12:45:14.225+0000] {processor.py:208} INFO - Processing /home/airflow/.local/lib/python3.12/site-packages/airflow/example_dags/example_dataset_alias.py took 0.300 seconds
[2025-11-01T12:45:44.475+0000] {processor.py:186} INFO - Started process (PID=402) to work on /home/airflow/.local/lib/python3.12/site-packages/airflow/example_dags/example_dataset_alias.py
[2025-11-01T12:45:44.477+0000] {processor.py:914} INFO - Processing file /home/airflow/.local/lib/python3.12/site-packages/airflow/example_dags/example_dataset_alias.py for tasks to queue
[2025-11-01T12:45:44.481+0000] {logging_mixin.py:190} INFO - [2025-11-01T12:45:44.481+0000] {dagbag.py:588} INFO - Filling up the DagBag from /home/airflow/.local/lib/python3.12/site-packages/airflow/example_dags/example_dataset_alias.py
[2025-11-01T12:45:44.642+0000] {processor.py:925} INFO - DAG(s) 'dataset_s3_bucket_producer', 'dataset_alias_example_alias_consumer', 'dataset_s3_bucket_consumer', 'dataset_alias_example_alias_producer' retrieved from /home/airflow/.local/lib/python3.12/site-packages/airflow/example_dags/example_dataset_alias.py
[2025-11-01T12:45:44.670+0000] {logging_mixin.py:190} INFO - [2025-11-01T12:45:44.669+0000] {dag.py:3239} INFO - Sync 4 DAGs
[2025-11-01T12:45:44.696+0000] {logging_mixin.py:190} INFO - [2025-11-01T12:45:44.696+0000] {dag.py:4180} INFO - Setting next_dagrun for dataset_alias_example_alias_consumer to None, run_after=None
[2025-11-01T12:45:44.699+0000] {logging_mixin.py:190} INFO - [2025-11-01T12:45:44.699+0000] {dag.py:4180} INFO - Setting next_dagrun for dataset_alias_example_alias_producer to None, run_after=None
[2025-11-01T12:45:44.704+0000] {logging_mixin.py:190} INFO - [2025-11-01T12:45:44.704+0000] {dag.py:4180} INFO - Setting next_dagrun for dataset_s3_bucket_consumer to None, run_after=None
[2025-11-01T12:45:44.706+0000] {logging_mixin.py:190} INFO - [2025-11-01T12:45:44.706+0000] {dag.py:4180} INFO - Setting next_dagrun for dataset_s3_bucket_producer to None, run_after=None
[2025-11-01T12:45:44.731+0000] {processor.py:208} INFO - Processing /home/airflow/.local/lib/python3.12/site-packages/airflow/example_dags/example_dataset_alias.py took 0.265 seconds
[2025-11-01T12:46:15.578+0000] {processor.py:186} INFO - Started process (PID=472) to work on /home/airflow/.local/lib/python3.12/site-packages/airflow/example_dags/example_dataset_alias.py
[2025-11-01T12:46:15.579+0000] {processor.py:914} INFO - Processing file /home/airflow/.local/lib/python3.12/site-packages/airflow/example_dags/example_dataset_alias.py for tasks to queue
[2025-11-01T12:46:15.583+0000] {logging_mixin.py:190} INFO - [2025-11-01T12:46:15.582+0000] {dagbag.py:588} INFO - Filling up the DagBag from /home/airflow/.local/lib/python3.12/site-packages/airflow/example_dags/example_dataset_alias.py
[2025-11-01T12:46:15.732+0000] {processor.py:925} INFO - DAG(s) 'dataset_s3_bucket_consumer', 'dataset_alias_example_alias_consumer', 'dataset_alias_example_alias_producer', 'dataset_s3_bucket_producer' retrieved from /home/airflow/.local/lib/python3.12/site-packages/airflow/example_dags/example_dataset_alias.py
[2025-11-01T12:46:15.759+0000] {logging_mixin.py:190} INFO - [2025-11-01T12:46:15.758+0000] {dag.py:3239} INFO - Sync 4 DAGs
[2025-11-01T12:46:15.783+0000] {logging_mixin.py:190} INFO - [2025-11-01T12:46:15.783+0000] {dag.py:4180} INFO - Setting next_dagrun for dataset_alias_example_alias_consumer to None, run_after=None
[2025-11-01T12:46:15.787+0000] {logging_mixin.py:190} INFO - [2025-11-01T12:46:15.786+0000] {dag.py:4180} INFO - Setting next_dagrun for dataset_alias_example_alias_producer to None, run_after=None
[2025-11-01T12:46:15.789+0000] {logging_mixin.py:190} INFO - [2025-11-01T12:46:15.788+0000] {dag.py:4180} INFO - Setting next_dagrun for dataset_s3_bucket_consumer to None, run_after=None
[2025-11-01T12:46:15.790+0000] {logging_mixin.py:190} INFO - [2025-11-01T12:46:15.790+0000] {dag.py:4180} INFO - Setting next_dagrun for dataset_s3_bucket_producer to None, run_after=None
[2025-11-01T12:46:15.817+0000] {processor.py:208} INFO - Processing /home/airflow/.local/lib/python3.12/site-packages/airflow/example_dags/example_dataset_alias.py took 0.247 seconds
[2025-11-01T12:46:46.483+0000] {processor.py:186} INFO - Started process (PID=542) to work on /home/airflow/.local/lib/python3.12/site-packages/airflow/example_dags/example_dataset_alias.py
[2025-11-01T12:46:46.485+0000] {processor.py:914} INFO - Processing file /home/airflow/.local/lib/python3.12/site-packages/airflow/example_dags/example_dataset_alias.py for tasks to queue
[2025-11-01T12:46:46.490+0000] {logging_mixin.py:190} INFO - [2025-11-01T12:46:46.490+0000] {dagbag.py:588} INFO - Filling up the DagBag from /home/airflow/.local/lib/python3.12/site-packages/airflow/example_dags/example_dataset_alias.py
[2025-11-01T12:46:46.687+0000] {processor.py:925} INFO - DAG(s) 'dataset_s3_bucket_producer', 'dataset_alias_example_alias_producer', 'dataset_alias_example_alias_consumer', 'dataset_s3_bucket_consumer' retrieved from /home/airflow/.local/lib/python3.12/site-packages/airflow/example_dags/example_dataset_alias.py
[2025-11-01T12:46:46.741+0000] {logging_mixin.py:190} INFO - [2025-11-01T12:46:46.740+0000] {dag.py:3239} INFO - Sync 4 DAGs
[2025-11-01T12:46:46.799+0000] {logging_mixin.py:190} INFO - [2025-11-01T12:46:46.799+0000] {dag.py:4180} INFO - Setting next_dagrun for dataset_alias_example_alias_consumer to None, run_after=None
[2025-11-01T12:46:46.805+0000] {logging_mixin.py:190} INFO - [2025-11-01T12:46:46.805+0000] {dag.py:4180} INFO - Setting next_dagrun for dataset_alias_example_alias_producer to None, run_after=None
[2025-11-01T12:46:46.809+0000] {logging_mixin.py:190} INFO - [2025-11-01T12:46:46.809+0000] {dag.py:4180} INFO - Setting next_dagrun for dataset_s3_bucket_consumer to None, run_after=None
[2025-11-01T12:46:46.814+0000] {logging_mixin.py:190} INFO - [2025-11-01T12:46:46.814+0000] {dag.py:4180} INFO - Setting next_dagrun for dataset_s3_bucket_producer to None, run_after=None
[2025-11-01T12:46:46.857+0000] {processor.py:208} INFO - Processing /home/airflow/.local/lib/python3.12/site-packages/airflow/example_dags/example_dataset_alias.py took 0.382 seconds
[2025-11-01T12:47:17.799+0000] {processor.py:186} INFO - Started process (PID=612) to work on /home/airflow/.local/lib/python3.12/site-packages/airflow/example_dags/example_dataset_alias.py
[2025-11-01T12:47:17.802+0000] {processor.py:914} INFO - Processing file /home/airflow/.local/lib/python3.12/site-packages/airflow/example_dags/example_dataset_alias.py for tasks to queue
[2025-11-01T12:47:17.806+0000] {logging_mixin.py:190} INFO - [2025-11-01T12:47:17.805+0000] {dagbag.py:588} INFO - Filling up the DagBag from /home/airflow/.local/lib/python3.12/site-packages/airflow/example_dags/example_dataset_alias.py
[2025-11-01T12:47:18.007+0000] {processor.py:925} INFO - DAG(s) 'dataset_s3_bucket_producer', 'dataset_alias_example_alias_consumer', 'dataset_s3_bucket_consumer', 'dataset_alias_example_alias_producer' retrieved from /home/airflow/.local/lib/python3.12/site-packages/airflow/example_dags/example_dataset_alias.py
[2025-11-01T12:47:18.040+0000] {logging_mixin.py:190} INFO - [2025-11-01T12:47:18.039+0000] {dag.py:3239} INFO - Sync 4 DAGs
[2025-11-01T12:47:18.078+0000] {logging_mixin.py:190} INFO - [2025-11-01T12:47:18.077+0000] {dag.py:4180} INFO - Setting next_dagrun for dataset_alias_example_alias_consumer to None, run_after=None
[2025-11-01T12:47:18.081+0000] {logging_mixin.py:190} INFO - [2025-11-01T12:47:18.081+0000] {dag.py:4180} INFO - Setting next_dagrun for dataset_alias_example_alias_producer to None, run_after=None
[2025-11-01T12:47:18.084+0000] {logging_mixin.py:190} INFO - [2025-11-01T12:47:18.083+0000] {dag.py:4180} INFO - Setting next_dagrun for dataset_s3_bucket_consumer to None, run_after=None
[2025-11-01T12:47:18.086+0000] {logging_mixin.py:190} INFO - [2025-11-01T12:47:18.085+0000] {dag.py:4180} INFO - Setting next_dagrun for dataset_s3_bucket_producer to None, run_after=None
[2025-11-01T12:47:18.130+0000] {processor.py:208} INFO - Processing /home/airflow/.local/lib/python3.12/site-packages/airflow/example_dags/example_dataset_alias.py took 0.342 seconds
[2025-11-01T12:47:48.498+0000] {processor.py:186} INFO - Started process (PID=682) to work on /home/airflow/.local/lib/python3.12/site-packages/airflow/example_dags/example_dataset_alias.py
[2025-11-01T12:47:48.500+0000] {processor.py:914} INFO - Processing file /home/airflow/.local/lib/python3.12/site-packages/airflow/example_dags/example_dataset_alias.py for tasks to queue
[2025-11-01T12:47:48.504+0000] {logging_mixin.py:190} INFO - [2025-11-01T12:47:48.504+0000] {dagbag.py:588} INFO - Filling up the DagBag from /home/airflow/.local/lib/python3.12/site-packages/airflow/example_dags/example_dataset_alias.py
[2025-11-01T12:47:48.704+0000] {processor.py:925} INFO - DAG(s) 'dataset_alias_example_alias_consumer', 'dataset_s3_bucket_producer', 'dataset_alias_example_alias_producer', 'dataset_s3_bucket_consumer' retrieved from /home/airflow/.local/lib/python3.12/site-packages/airflow/example_dags/example_dataset_alias.py
[2025-11-01T12:47:48.739+0000] {logging_mixin.py:190} INFO - [2025-11-01T12:47:48.738+0000] {dag.py:3239} INFO - Sync 4 DAGs
[2025-11-01T12:47:48.768+0000] {logging_mixin.py:190} INFO - [2025-11-01T12:47:48.768+0000] {dag.py:4180} INFO - Setting next_dagrun for dataset_alias_example_alias_consumer to None, run_after=None
[2025-11-01T12:47:48.772+0000] {logging_mixin.py:190} INFO - [2025-11-01T12:47:48.771+0000] {dag.py:4180} INFO - Setting next_dagrun for dataset_alias_example_alias_producer to None, run_after=None
[2025-11-01T12:47:48.775+0000] {logging_mixin.py:190} INFO - [2025-11-01T12:47:48.775+0000] {dag.py:4180} INFO - Setting next_dagrun for dataset_s3_bucket_consumer to None, run_after=None
[2025-11-01T12:47:48.778+0000] {logging_mixin.py:190} INFO - [2025-11-01T12:47:48.778+0000] {dag.py:4180} INFO - Setting next_dagrun for dataset_s3_bucket_producer to None, run_after=None
[2025-11-01T12:47:48.808+0000] {processor.py:208} INFO - Processing /home/airflow/.local/lib/python3.12/site-packages/airflow/example_dags/example_dataset_alias.py took 0.319 seconds
[2025-11-01T12:48:19.298+0000] {processor.py:186} INFO - Started process (PID=752) to work on /home/airflow/.local/lib/python3.12/site-packages/airflow/example_dags/example_dataset_alias.py
[2025-11-01T12:48:19.300+0000] {processor.py:914} INFO - Processing file /home/airflow/.local/lib/python3.12/site-packages/airflow/example_dags/example_dataset_alias.py for tasks to queue
[2025-11-01T12:48:19.303+0000] {logging_mixin.py:190} INFO - [2025-11-01T12:48:19.303+0000] {dagbag.py:588} INFO - Filling up the DagBag from /home/airflow/.local/lib/python3.12/site-packages/airflow/example_dags/example_dataset_alias.py
[2025-11-01T12:48:19.444+0000] {processor.py:925} INFO - DAG(s) 'dataset_alias_example_alias_producer', 'dataset_alias_example_alias_consumer', 'dataset_s3_bucket_consumer', 'dataset_s3_bucket_producer' retrieved from /home/airflow/.local/lib/python3.12/site-packages/airflow/example_dags/example_dataset_alias.py
[2025-11-01T12:48:19.470+0000] {logging_mixin.py:190} INFO - [2025-11-01T12:48:19.469+0000] {dag.py:3239} INFO - Sync 4 DAGs
[2025-11-01T12:48:19.494+0000] {logging_mixin.py:190} INFO - [2025-11-01T12:48:19.493+0000] {dag.py:4180} INFO - Setting next_dagrun for dataset_alias_example_alias_consumer to None, run_after=None
[2025-11-01T12:48:19.498+0000] {logging_mixin.py:190} INFO - [2025-11-01T12:48:19.498+0000] {dag.py:4180} INFO - Setting next_dagrun for dataset_alias_example_alias_producer to None, run_after=None
[2025-11-01T12:48:19.500+0000] {logging_mixin.py:190} INFO - [2025-11-01T12:48:19.500+0000] {dag.py:4180} INFO - Setting next_dagrun for dataset_s3_bucket_consumer to None, run_after=None
[2025-11-01T12:48:19.502+0000] {logging_mixin.py:190} INFO - [2025-11-01T12:48:19.502+0000] {dag.py:4180} INFO - Setting next_dagrun for dataset_s3_bucket_producer to None, run_after=None
[2025-11-01T12:48:19.525+0000] {processor.py:208} INFO - Processing /home/airflow/.local/lib/python3.12/site-packages/airflow/example_dags/example_dataset_alias.py took 0.233 seconds
[2025-11-01T12:48:49.929+0000] {processor.py:186} INFO - Started process (PID=824) to work on /home/airflow/.local/lib/python3.12/site-packages/airflow/example_dags/example_dataset_alias.py
[2025-11-01T12:48:49.931+0000] {processor.py:914} INFO - Processing file /home/airflow/.local/lib/python3.12/site-packages/airflow/example_dags/example_dataset_alias.py for tasks to queue
[2025-11-01T12:48:49.935+0000] {logging_mixin.py:190} INFO - [2025-11-01T12:48:49.935+0000] {dagbag.py:588} INFO - Filling up the DagBag from /home/airflow/.local/lib/python3.12/site-packages/airflow/example_dags/example_dataset_alias.py
[2025-11-01T12:48:49.974+0000] {processor.py:925} INFO - DAG(s) 'dataset_s3_bucket_consumer', 'dataset_alias_example_alias_consumer', 'dataset_alias_example_alias_producer', 'dataset_s3_bucket_producer' retrieved from /home/airflow/.local/lib/python3.12/site-packages/airflow/example_dags/example_dataset_alias.py
[2025-11-01T12:48:50.003+0000] {logging_mixin.py:190} INFO - [2025-11-01T12:48:50.002+0000] {dag.py:3239} INFO - Sync 4 DAGs
[2025-11-01T12:48:50.029+0000] {logging_mixin.py:190} INFO - [2025-11-01T12:48:50.029+0000] {dag.py:4180} INFO - Setting next_dagrun for dataset_alias_example_alias_consumer to None, run_after=None
[2025-11-01T12:48:50.032+0000] {logging_mixin.py:190} INFO - [2025-11-01T12:48:50.032+0000] {dag.py:4180} INFO - Setting next_dagrun for dataset_alias_example_alias_producer to None, run_after=None
[2025-11-01T12:48:50.034+0000] {logging_mixin.py:190} INFO - [2025-11-01T12:48:50.034+0000] {dag.py:4180} INFO - Setting next_dagrun for dataset_s3_bucket_consumer to None, run_after=None
[2025-11-01T12:48:50.036+0000] {logging_mixin.py:190} INFO - [2025-11-01T12:48:50.036+0000] {dag.py:4180} INFO - Setting next_dagrun for dataset_s3_bucket_producer to None, run_after=None
[2025-11-01T12:48:50.061+0000] {processor.py:208} INFO - Processing /home/airflow/.local/lib/python3.12/site-packages/airflow/example_dags/example_dataset_alias.py took 0.140 seconds
[2025-11-01T12:49:20.361+0000] {processor.py:186} INFO - Started process (PID=895) to work on /home/airflow/.local/lib/python3.12/site-packages/airflow/example_dags/example_dataset_alias.py
[2025-11-01T12:49:20.362+0000] {processor.py:914} INFO - Processing file /home/airflow/.local/lib/python3.12/site-packages/airflow/example_dags/example_dataset_alias.py for tasks to queue
[2025-11-01T12:49:20.366+0000] {logging_mixin.py:190} INFO - [2025-11-01T12:49:20.365+0000] {dagbag.py:588} INFO - Filling up the DagBag from /home/airflow/.local/lib/python3.12/site-packages/airflow/example_dags/example_dataset_alias.py
[2025-11-01T12:49:20.406+0000] {processor.py:925} INFO - DAG(s) 'dataset_s3_bucket_consumer', 'dataset_alias_example_alias_producer', 'dataset_alias_example_alias_consumer', 'dataset_s3_bucket_producer' retrieved from /home/airflow/.local/lib/python3.12/site-packages/airflow/example_dags/example_dataset_alias.py
[2025-11-01T12:49:20.438+0000] {logging_mixin.py:190} INFO - [2025-11-01T12:49:20.437+0000] {dag.py:3239} INFO - Sync 4 DAGs
[2025-11-01T12:49:20.467+0000] {logging_mixin.py:190} INFO - [2025-11-01T12:49:20.466+0000] {dag.py:4180} INFO - Setting next_dagrun for dataset_alias_example_alias_consumer to None, run_after=None
[2025-11-01T12:49:20.470+0000] {logging_mixin.py:190} INFO - [2025-11-01T12:49:20.470+0000] {dag.py:4180} INFO - Setting next_dagrun for dataset_alias_example_alias_producer to None, run_after=None
[2025-11-01T12:49:20.472+0000] {logging_mixin.py:190} INFO - [2025-11-01T12:49:20.472+0000] {dag.py:4180} INFO - Setting next_dagrun for dataset_s3_bucket_consumer to None, run_after=None
[2025-11-01T12:49:20.474+0000] {logging_mixin.py:190} INFO - [2025-11-01T12:49:20.474+0000] {dag.py:4180} INFO - Setting next_dagrun for dataset_s3_bucket_producer to None, run_after=None
[2025-11-01T12:49:20.499+0000] {processor.py:208} INFO - Processing /home/airflow/.local/lib/python3.12/site-packages/airflow/example_dags/example_dataset_alias.py took 0.145 seconds
[2025-11-01T12:49:50.680+0000] {processor.py:186} INFO - Started process (PID=967) to work on /home/airflow/.local/lib/python3.12/site-packages/airflow/example_dags/example_dataset_alias.py
[2025-11-01T12:49:50.681+0000] {processor.py:914} INFO - Processing file /home/airflow/.local/lib/python3.12/site-packages/airflow/example_dags/example_dataset_alias.py for tasks to queue
[2025-11-01T12:49:50.684+0000] {logging_mixin.py:190} INFO - [2025-11-01T12:49:50.684+0000] {dagbag.py:588} INFO - Filling up the DagBag from /home/airflow/.local/lib/python3.12/site-packages/airflow/example_dags/example_dataset_alias.py
[2025-11-01T12:49:50.723+0000] {processor.py:925} INFO - DAG(s) 'dataset_s3_bucket_producer', 'dataset_alias_example_alias_producer', 'dataset_s3_bucket_consumer', 'dataset_alias_example_alias_consumer' retrieved from /home/airflow/.local/lib/python3.12/site-packages/airflow/example_dags/example_dataset_alias.py
[2025-11-01T12:49:50.750+0000] {logging_mixin.py:190} INFO - [2025-11-01T12:49:50.749+0000] {dag.py:3239} INFO - Sync 4 DAGs
[2025-11-01T12:49:50.775+0000] {logging_mixin.py:190} INFO - [2025-11-01T12:49:50.774+0000] {dag.py:4180} INFO - Setting next_dagrun for dataset_alias_example_alias_consumer to None, run_after=None
[2025-11-01T12:49:50.778+0000] {logging_mixin.py:190} INFO - [2025-11-01T12:49:50.778+0000] {dag.py:4180} INFO - Setting next_dagrun for dataset_alias_example_alias_producer to None, run_after=None
[2025-11-01T12:49:50.780+0000] {logging_mixin.py:190} INFO - [2025-11-01T12:49:50.780+0000] {dag.py:4180} INFO - Setting next_dagrun for dataset_s3_bucket_consumer to None, run_after=None
[2025-11-01T12:49:50.782+0000] {logging_mixin.py:190} INFO - [2025-11-01T12:49:50.782+0000] {dag.py:4180} INFO - Setting next_dagrun for dataset_s3_bucket_producer to None, run_after=None
[2025-11-01T12:49:50.809+0000] {processor.py:208} INFO - Processing /home/airflow/.local/lib/python3.12/site-packages/airflow/example_dags/example_dataset_alias.py took 0.137 seconds
[2025-11-01T12:50:20.934+0000] {processor.py:186} INFO - Started process (PID=1042) to work on /home/airflow/.local/lib/python3.12/site-packages/airflow/example_dags/example_dataset_alias.py
[2025-11-01T12:50:20.935+0000] {processor.py:914} INFO - Processing file /home/airflow/.local/lib/python3.12/site-packages/airflow/example_dags/example_dataset_alias.py for tasks to queue
[2025-11-01T12:50:20.939+0000] {logging_mixin.py:190} INFO - [2025-11-01T12:50:20.938+0000] {dagbag.py:588} INFO - Filling up the DagBag from /home/airflow/.local/lib/python3.12/site-packages/airflow/example_dags/example_dataset_alias.py
[2025-11-01T12:50:20.975+0000] {processor.py:925} INFO - DAG(s) 'dataset_alias_example_alias_producer', 'dataset_alias_example_alias_consumer', 'dataset_s3_bucket_consumer', 'dataset_s3_bucket_producer' retrieved from /home/airflow/.local/lib/python3.12/site-packages/airflow/example_dags/example_dataset_alias.py
[2025-11-01T12:50:21.004+0000] {logging_mixin.py:190} INFO - [2025-11-01T12:50:21.004+0000] {dag.py:3239} INFO - Sync 4 DAGs
[2025-11-01T12:50:21.030+0000] {logging_mixin.py:190} INFO - [2025-11-01T12:50:21.030+0000] {dag.py:4180} INFO - Setting next_dagrun for dataset_alias_example_alias_consumer to None, run_after=None
[2025-11-01T12:50:21.035+0000] {logging_mixin.py:190} INFO - [2025-11-01T12:50:21.034+0000] {dag.py:4180} INFO - Setting next_dagrun for dataset_alias_example_alias_producer to None, run_after=None
[2025-11-01T12:50:21.036+0000] {logging_mixin.py:190} INFO - [2025-11-01T12:50:21.036+0000] {dag.py:4180} INFO - Setting next_dagrun for dataset_s3_bucket_consumer to None, run_after=None
[2025-11-01T12:50:21.038+0000] {logging_mixin.py:190} INFO - [2025-11-01T12:50:21.038+0000] {dag.py:4180} INFO - Setting next_dagrun for dataset_s3_bucket_producer to None, run_after=None
[2025-11-01T12:50:21.062+0000] {processor.py:208} INFO - Processing /home/airflow/.local/lib/python3.12/site-packages/airflow/example_dags/example_dataset_alias.py took 0.135 seconds
[2025-11-01T12:50:51.591+0000] {processor.py:186} INFO - Started process (PID=1113) to work on /home/airflow/.local/lib/python3.12/site-packages/airflow/example_dags/example_dataset_alias.py
[2025-11-01T12:50:51.593+0000] {processor.py:914} INFO - Processing file /home/airflow/.local/lib/python3.12/site-packages/airflow/example_dags/example_dataset_alias.py for tasks to queue
[2025-11-01T12:50:51.597+0000] {logging_mixin.py:190} INFO - [2025-11-01T12:50:51.596+0000] {dagbag.py:588} INFO - Filling up the DagBag from /home/airflow/.local/lib/python3.12/site-packages/airflow/example_dags/example_dataset_alias.py
[2025-11-01T12:50:51.650+0000] {processor.py:925} INFO - DAG(s) 'dataset_s3_bucket_consumer', 'dataset_alias_example_alias_producer', 'dataset_s3_bucket_producer', 'dataset_alias_example_alias_consumer' retrieved from /home/airflow/.local/lib/python3.12/site-packages/airflow/example_dags/example_dataset_alias.py
[2025-11-01T12:50:51.686+0000] {logging_mixin.py:190} INFO - [2025-11-01T12:50:51.685+0000] {dag.py:3239} INFO - Sync 4 DAGs
[2025-11-01T12:50:51.723+0000] {logging_mixin.py:190} INFO - [2025-11-01T12:50:51.723+0000] {dag.py:4180} INFO - Setting next_dagrun for dataset_alias_example_alias_consumer to None, run_after=None
[2025-11-01T12:50:51.729+0000] {logging_mixin.py:190} INFO - [2025-11-01T12:50:51.729+0000] {dag.py:4180} INFO - Setting next_dagrun for dataset_alias_example_alias_producer to None, run_after=None
[2025-11-01T12:50:51.733+0000] {logging_mixin.py:190} INFO - [2025-11-01T12:50:51.733+0000] {dag.py:4180} INFO - Setting next_dagrun for dataset_s3_bucket_consumer to None, run_after=None
[2025-11-01T12:50:51.737+0000] {logging_mixin.py:190} INFO - [2025-11-01T12:50:51.737+0000] {dag.py:4180} INFO - Setting next_dagrun for dataset_s3_bucket_producer to None, run_after=None
[2025-11-01T12:50:51.787+0000] {processor.py:208} INFO - Processing /home/airflow/.local/lib/python3.12/site-packages/airflow/example_dags/example_dataset_alias.py took 0.205 seconds
[2025-11-01T12:51:22.027+0000] {processor.py:186} INFO - Started process (PID=1184) to work on /home/airflow/.local/lib/python3.12/site-packages/airflow/example_dags/example_dataset_alias.py
[2025-11-01T12:51:22.029+0000] {processor.py:914} INFO - Processing file /home/airflow/.local/lib/python3.12/site-packages/airflow/example_dags/example_dataset_alias.py for tasks to queue
[2025-11-01T12:51:22.033+0000] {logging_mixin.py:190} INFO - [2025-11-01T12:51:22.032+0000] {dagbag.py:588} INFO - Filling up the DagBag from /home/airflow/.local/lib/python3.12/site-packages/airflow/example_dags/example_dataset_alias.py
[2025-11-01T12:51:22.071+0000] {processor.py:925} INFO - DAG(s) 'dataset_alias_example_alias_producer', 'dataset_s3_bucket_consumer', 'dataset_s3_bucket_producer', 'dataset_alias_example_alias_consumer' retrieved from /home/airflow/.local/lib/python3.12/site-packages/airflow/example_dags/example_dataset_alias.py
[2025-11-01T12:51:22.098+0000] {logging_mixin.py:190} INFO - [2025-11-01T12:51:22.097+0000] {dag.py:3239} INFO - Sync 4 DAGs
[2025-11-01T12:51:22.121+0000] {logging_mixin.py:190} INFO - [2025-11-01T12:51:22.121+0000] {dag.py:4180} INFO - Setting next_dagrun for dataset_alias_example_alias_consumer to None, run_after=None
[2025-11-01T12:51:22.124+0000] {logging_mixin.py:190} INFO - [2025-11-01T12:51:22.124+0000] {dag.py:4180} INFO - Setting next_dagrun for dataset_alias_example_alias_producer to None, run_after=None
[2025-11-01T12:51:22.126+0000] {logging_mixin.py:190} INFO - [2025-11-01T12:51:22.126+0000] {dag.py:4180} INFO - Setting next_dagrun for dataset_s3_bucket_consumer to None, run_after=None
[2025-11-01T12:51:22.128+0000] {logging_mixin.py:190} INFO - [2025-11-01T12:51:22.128+0000] {dag.py:4180} INFO - Setting next_dagrun for dataset_s3_bucket_producer to None, run_after=None
[2025-11-01T12:51:22.153+0000] {processor.py:208} INFO - Processing /home/airflow/.local/lib/python3.12/site-packages/airflow/example_dags/example_dataset_alias.py took 0.133 seconds
[2025-11-01T12:51:52.863+0000] {processor.py:186} INFO - Started process (PID=1254) to work on /home/airflow/.local/lib/python3.12/site-packages/airflow/example_dags/example_dataset_alias.py
[2025-11-01T12:51:52.865+0000] {processor.py:914} INFO - Processing file /home/airflow/.local/lib/python3.12/site-packages/airflow/example_dags/example_dataset_alias.py for tasks to queue
[2025-11-01T12:51:52.868+0000] {logging_mixin.py:190} INFO - [2025-11-01T12:51:52.868+0000] {dagbag.py:588} INFO - Filling up the DagBag from /home/airflow/.local/lib/python3.12/site-packages/airflow/example_dags/example_dataset_alias.py
[2025-11-01T12:51:52.907+0000] {processor.py:925} INFO - DAG(s) 'dataset_alias_example_alias_consumer', 'dataset_alias_example_alias_producer', 'dataset_s3_bucket_producer', 'dataset_s3_bucket_consumer' retrieved from /home/airflow/.local/lib/python3.12/site-packages/airflow/example_dags/example_dataset_alias.py
[2025-11-01T12:51:52.936+0000] {logging_mixin.py:190} INFO - [2025-11-01T12:51:52.935+0000] {dag.py:3239} INFO - Sync 4 DAGs
[2025-11-01T12:51:52.963+0000] {logging_mixin.py:190} INFO - [2025-11-01T12:51:52.963+0000] {dag.py:4180} INFO - Setting next_dagrun for dataset_alias_example_alias_consumer to None, run_after=None
[2025-11-01T12:51:52.967+0000] {logging_mixin.py:190} INFO - [2025-11-01T12:51:52.967+0000] {dag.py:4180} INFO - Setting next_dagrun for dataset_alias_example_alias_producer to None, run_after=None
[2025-11-01T12:51:52.970+0000] {logging_mixin.py:190} INFO - [2025-11-01T12:51:52.969+0000] {dag.py:4180} INFO - Setting next_dagrun for dataset_s3_bucket_consumer to None, run_after=None
[2025-11-01T12:51:52.972+0000] {logging_mixin.py:190} INFO - [2025-11-01T12:51:52.972+0000] {dag.py:4180} INFO - Setting next_dagrun for dataset_s3_bucket_producer to None, run_after=None
[2025-11-01T12:51:53.006+0000] {processor.py:208} INFO - Processing /home/airflow/.local/lib/python3.12/site-packages/airflow/example_dags/example_dataset_alias.py took 0.150 seconds
[2025-11-01T12:52:24.175+0000] {processor.py:186} INFO - Started process (PID=1325) to work on /home/airflow/.local/lib/python3.12/site-packages/airflow/example_dags/example_dataset_alias.py
[2025-11-01T12:52:24.177+0000] {processor.py:914} INFO - Processing file /home/airflow/.local/lib/python3.12/site-packages/airflow/example_dags/example_dataset_alias.py for tasks to queue
[2025-11-01T12:52:24.181+0000] {logging_mixin.py:190} INFO - [2025-11-01T12:52:24.180+0000] {dagbag.py:588} INFO - Filling up the DagBag from /home/airflow/.local/lib/python3.12/site-packages/airflow/example_dags/example_dataset_alias.py
[2025-11-01T12:52:24.222+0000] {processor.py:925} INFO - DAG(s) 'dataset_alias_example_alias_consumer', 'dataset_alias_example_alias_producer', 'dataset_s3_bucket_consumer', 'dataset_s3_bucket_producer' retrieved from /home/airflow/.local/lib/python3.12/site-packages/airflow/example_dags/example_dataset_alias.py
[2025-11-01T12:52:24.254+0000] {logging_mixin.py:190} INFO - [2025-11-01T12:52:24.253+0000] {dag.py:3239} INFO - Sync 4 DAGs
[2025-11-01T12:52:24.281+0000] {logging_mixin.py:190} INFO - [2025-11-01T12:52:24.281+0000] {dag.py:4180} INFO - Setting next_dagrun for dataset_alias_example_alias_consumer to None, run_after=None
[2025-11-01T12:52:24.285+0000] {logging_mixin.py:190} INFO - [2025-11-01T12:52:24.285+0000] {dag.py:4180} INFO - Setting next_dagrun for dataset_alias_example_alias_producer to None, run_after=None
[2025-11-01T12:52:24.287+0000] {logging_mixin.py:190} INFO - [2025-11-01T12:52:24.287+0000] {dag.py:4180} INFO - Setting next_dagrun for dataset_s3_bucket_consumer to None, run_after=None
[2025-11-01T12:52:24.289+0000] {logging_mixin.py:190} INFO - [2025-11-01T12:52:24.289+0000] {dag.py:4180} INFO - Setting next_dagrun for dataset_s3_bucket_producer to None, run_after=None
[2025-11-01T12:52:24.315+0000] {processor.py:208} INFO - Processing /home/airflow/.local/lib/python3.12/site-packages/airflow/example_dags/example_dataset_alias.py took 0.148 seconds
[2025-11-01T12:52:54.701+0000] {processor.py:186} INFO - Started process (PID=1396) to work on /home/airflow/.local/lib/python3.12/site-packages/airflow/example_dags/example_dataset_alias.py
[2025-11-01T12:52:54.702+0000] {processor.py:914} INFO - Processing file /home/airflow/.local/lib/python3.12/site-packages/airflow/example_dags/example_dataset_alias.py for tasks to queue
[2025-11-01T12:52:54.707+0000] {logging_mixin.py:190} INFO - [2025-11-01T12:52:54.706+0000] {dagbag.py:588} INFO - Filling up the DagBag from /home/airflow/.local/lib/python3.12/site-packages/airflow/example_dags/example_dataset_alias.py
[2025-11-01T12:52:54.746+0000] {processor.py:925} INFO - DAG(s) 'dataset_alias_example_alias_producer', 'dataset_alias_example_alias_consumer', 'dataset_s3_bucket_consumer', 'dataset_s3_bucket_producer' retrieved from /home/airflow/.local/lib/python3.12/site-packages/airflow/example_dags/example_dataset_alias.py
[2025-11-01T12:52:54.773+0000] {logging_mixin.py:190} INFO - [2025-11-01T12:52:54.772+0000] {dag.py:3239} INFO - Sync 4 DAGs
[2025-11-01T12:52:54.796+0000] {logging_mixin.py:190} INFO - [2025-11-01T12:52:54.795+0000] {dag.py:4180} INFO - Setting next_dagrun for dataset_alias_example_alias_consumer to None, run_after=None
[2025-11-01T12:52:54.799+0000] {logging_mixin.py:190} INFO - [2025-11-01T12:52:54.799+0000] {dag.py:4180} INFO - Setting next_dagrun for dataset_alias_example_alias_producer to None, run_after=None
[2025-11-01T12:52:54.801+0000] {logging_mixin.py:190} INFO - [2025-11-01T12:52:54.801+0000] {dag.py:4180} INFO - Setting next_dagrun for dataset_s3_bucket_consumer to None, run_after=None
[2025-11-01T12:52:54.803+0000] {logging_mixin.py:190} INFO - [2025-11-01T12:52:54.803+0000] {dag.py:4180} INFO - Setting next_dagrun for dataset_s3_bucket_producer to None, run_after=None
[2025-11-01T12:52:54.829+0000] {processor.py:208} INFO - Processing /home/airflow/.local/lib/python3.12/site-packages/airflow/example_dags/example_dataset_alias.py took 0.136 seconds
[2025-11-01T12:53:25.065+0000] {processor.py:186} INFO - Started process (PID=1467) to work on /home/airflow/.local/lib/python3.12/site-packages/airflow/example_dags/example_dataset_alias.py
[2025-11-01T12:53:25.066+0000] {processor.py:914} INFO - Processing file /home/airflow/.local/lib/python3.12/site-packages/airflow/example_dags/example_dataset_alias.py for tasks to queue
[2025-11-01T12:53:25.071+0000] {logging_mixin.py:190} INFO - [2025-11-01T12:53:25.070+0000] {dagbag.py:588} INFO - Filling up the DagBag from /home/airflow/.local/lib/python3.12/site-packages/airflow/example_dags/example_dataset_alias.py
[2025-11-01T12:53:25.110+0000] {processor.py:925} INFO - DAG(s) 'dataset_alias_example_alias_consumer', 'dataset_alias_example_alias_producer', 'dataset_s3_bucket_producer', 'dataset_s3_bucket_consumer' retrieved from /home/airflow/.local/lib/python3.12/site-packages/airflow/example_dags/example_dataset_alias.py
[2025-11-01T12:53:25.138+0000] {logging_mixin.py:190} INFO - [2025-11-01T12:53:25.137+0000] {dag.py:3239} INFO - Sync 4 DAGs
[2025-11-01T12:53:25.163+0000] {logging_mixin.py:190} INFO - [2025-11-01T12:53:25.162+0000] {dag.py:4180} INFO - Setting next_dagrun for dataset_alias_example_alias_consumer to None, run_after=None
[2025-11-01T12:53:25.166+0000] {logging_mixin.py:190} INFO - [2025-11-01T12:53:25.165+0000] {dag.py:4180} INFO - Setting next_dagrun for dataset_alias_example_alias_producer to None, run_after=None
[2025-11-01T12:53:25.168+0000] {logging_mixin.py:190} INFO - [2025-11-01T12:53:25.167+0000] {dag.py:4180} INFO - Setting next_dagrun for dataset_s3_bucket_consumer to None, run_after=None
[2025-11-01T12:53:25.170+0000] {logging_mixin.py:190} INFO - [2025-11-01T12:53:25.169+0000] {dag.py:4180} INFO - Setting next_dagrun for dataset_s3_bucket_producer to None, run_after=None
[2025-11-01T12:53:25.198+0000] {processor.py:208} INFO - Processing /home/airflow/.local/lib/python3.12/site-packages/airflow/example_dags/example_dataset_alias.py took 0.141 seconds
[2025-11-01T12:53:55.858+0000] {processor.py:186} INFO - Started process (PID=1538) to work on /home/airflow/.local/lib/python3.12/site-packages/airflow/example_dags/example_dataset_alias.py
[2025-11-01T12:53:55.860+0000] {processor.py:914} INFO - Processing file /home/airflow/.local/lib/python3.12/site-packages/airflow/example_dags/example_dataset_alias.py for tasks to queue
[2025-11-01T12:53:55.865+0000] {logging_mixin.py:190} INFO - [2025-11-01T12:53:55.864+0000] {dagbag.py:588} INFO - Filling up the DagBag from /home/airflow/.local/lib/python3.12/site-packages/airflow/example_dags/example_dataset_alias.py
[2025-11-01T12:53:55.931+0000] {processor.py:925} INFO - DAG(s) 'dataset_alias_example_alias_consumer', 'dataset_alias_example_alias_producer', 'dataset_s3_bucket_producer', 'dataset_s3_bucket_consumer' retrieved from /home/airflow/.local/lib/python3.12/site-packages/airflow/example_dags/example_dataset_alias.py
[2025-11-01T12:53:55.968+0000] {logging_mixin.py:190} INFO - [2025-11-01T12:53:55.968+0000] {dag.py:3239} INFO - Sync 4 DAGs
[2025-11-01T12:53:56.003+0000] {logging_mixin.py:190} INFO - [2025-11-01T12:53:56.003+0000] {dag.py:4180} INFO - Setting next_dagrun for dataset_alias_example_alias_consumer to None, run_after=None
[2025-11-01T12:53:56.006+0000] {logging_mixin.py:190} INFO - [2025-11-01T12:53:56.006+0000] {dag.py:4180} INFO - Setting next_dagrun for dataset_alias_example_alias_producer to None, run_after=None
[2025-11-01T12:53:56.009+0000] {logging_mixin.py:190} INFO - [2025-11-01T12:53:56.008+0000] {dag.py:4180} INFO - Setting next_dagrun for dataset_s3_bucket_consumer to None, run_after=None
[2025-11-01T12:53:56.012+0000] {logging_mixin.py:190} INFO - [2025-11-01T12:53:56.012+0000] {dag.py:4180} INFO - Setting next_dagrun for dataset_s3_bucket_producer to None, run_after=None
[2025-11-01T12:53:56.052+0000] {processor.py:208} INFO - Processing /home/airflow/.local/lib/python3.12/site-packages/airflow/example_dags/example_dataset_alias.py took 0.205 seconds
[2025-11-01T12:54:26.342+0000] {processor.py:186} INFO - Started process (PID=1616) to work on /home/airflow/.local/lib/python3.12/site-packages/airflow/example_dags/example_dataset_alias.py
[2025-11-01T12:54:26.344+0000] {processor.py:914} INFO - Processing file /home/airflow/.local/lib/python3.12/site-packages/airflow/example_dags/example_dataset_alias.py for tasks to queue
[2025-11-01T12:54:26.348+0000] {logging_mixin.py:190} INFO - [2025-11-01T12:54:26.348+0000] {dagbag.py:588} INFO - Filling up the DagBag from /home/airflow/.local/lib/python3.12/site-packages/airflow/example_dags/example_dataset_alias.py
[2025-11-01T12:54:26.386+0000] {processor.py:925} INFO - DAG(s) 'dataset_s3_bucket_producer', 'dataset_alias_example_alias_consumer', 'dataset_s3_bucket_consumer', 'dataset_alias_example_alias_producer' retrieved from /home/airflow/.local/lib/python3.12/site-packages/airflow/example_dags/example_dataset_alias.py
[2025-11-01T12:54:26.421+0000] {logging_mixin.py:190} INFO - [2025-11-01T12:54:26.420+0000] {dag.py:3239} INFO - Sync 4 DAGs
[2025-11-01T12:54:26.449+0000] {logging_mixin.py:190} INFO - [2025-11-01T12:54:26.449+0000] {dag.py:4180} INFO - Setting next_dagrun for dataset_alias_example_alias_consumer to None, run_after=None
[2025-11-01T12:54:26.453+0000] {logging_mixin.py:190} INFO - [2025-11-01T12:54:26.452+0000] {dag.py:4180} INFO - Setting next_dagrun for dataset_alias_example_alias_producer to None, run_after=None
[2025-11-01T12:54:26.455+0000] {logging_mixin.py:190} INFO - [2025-11-01T12:54:26.455+0000] {dag.py:4180} INFO - Setting next_dagrun for dataset_s3_bucket_consumer to None, run_after=None
[2025-11-01T12:54:26.457+0000] {logging_mixin.py:190} INFO - [2025-11-01T12:54:26.457+0000] {dag.py:4180} INFO - Setting next_dagrun for dataset_s3_bucket_producer to None, run_after=None
[2025-11-01T12:54:26.486+0000] {processor.py:208} INFO - Processing /home/airflow/.local/lib/python3.12/site-packages/airflow/example_dags/example_dataset_alias.py took 0.150 seconds
[2025-11-01T12:54:56.900+0000] {processor.py:186} INFO - Started process (PID=1687) to work on /home/airflow/.local/lib/python3.12/site-packages/airflow/example_dags/example_dataset_alias.py
[2025-11-01T12:54:56.902+0000] {processor.py:914} INFO - Processing file /home/airflow/.local/lib/python3.12/site-packages/airflow/example_dags/example_dataset_alias.py for tasks to queue
[2025-11-01T12:54:56.905+0000] {logging_mixin.py:190} INFO - [2025-11-01T12:54:56.905+0000] {dagbag.py:588} INFO - Filling up the DagBag from /home/airflow/.local/lib/python3.12/site-packages/airflow/example_dags/example_dataset_alias.py
[2025-11-01T12:54:56.945+0000] {processor.py:925} INFO - DAG(s) 'dataset_alias_example_alias_consumer', 'dataset_alias_example_alias_producer', 'dataset_s3_bucket_producer', 'dataset_s3_bucket_consumer' retrieved from /home/airflow/.local/lib/python3.12/site-packages/airflow/example_dags/example_dataset_alias.py
[2025-11-01T12:54:56.973+0000] {logging_mixin.py:190} INFO - [2025-11-01T12:54:56.972+0000] {dag.py:3239} INFO - Sync 4 DAGs
[2025-11-01T12:54:56.999+0000] {logging_mixin.py:190} INFO - [2025-11-01T12:54:56.999+0000] {dag.py:4180} INFO - Setting next_dagrun for dataset_alias_example_alias_consumer to None, run_after=None
[2025-11-01T12:54:57.002+0000] {logging_mixin.py:190} INFO - [2025-11-01T12:54:57.002+0000] {dag.py:4180} INFO - Setting next_dagrun for dataset_alias_example_alias_producer to None, run_after=None
[2025-11-01T12:54:57.005+0000] {logging_mixin.py:190} INFO - [2025-11-01T12:54:57.004+0000] {dag.py:4180} INFO - Setting next_dagrun for dataset_s3_bucket_consumer to None, run_after=None
[2025-11-01T12:54:57.006+0000] {logging_mixin.py:190} INFO - [2025-11-01T12:54:57.006+0000] {dag.py:4180} INFO - Setting next_dagrun for dataset_s3_bucket_producer to None, run_after=None
[2025-11-01T12:54:57.035+0000] {processor.py:208} INFO - Processing /home/airflow/.local/lib/python3.12/site-packages/airflow/example_dags/example_dataset_alias.py took 0.141 seconds
[2025-11-01T12:55:27.138+0000] {processor.py:186} INFO - Started process (PID=1758) to work on /home/airflow/.local/lib/python3.12/site-packages/airflow/example_dags/example_dataset_alias.py
[2025-11-01T12:55:27.139+0000] {processor.py:914} INFO - Processing file /home/airflow/.local/lib/python3.12/site-packages/airflow/example_dags/example_dataset_alias.py for tasks to queue
[2025-11-01T12:55:27.142+0000] {logging_mixin.py:190} INFO - [2025-11-01T12:55:27.142+0000] {dagbag.py:588} INFO - Filling up the DagBag from /home/airflow/.local/lib/python3.12/site-packages/airflow/example_dags/example_dataset_alias.py
[2025-11-01T12:55:27.181+0000] {processor.py:925} INFO - DAG(s) 'dataset_alias_example_alias_consumer', 'dataset_s3_bucket_consumer', 'dataset_alias_example_alias_producer', 'dataset_s3_bucket_producer' retrieved from /home/airflow/.local/lib/python3.12/site-packages/airflow/example_dags/example_dataset_alias.py
[2025-11-01T12:55:27.210+0000] {logging_mixin.py:190} INFO - [2025-11-01T12:55:27.209+0000] {dag.py:3239} INFO - Sync 4 DAGs
[2025-11-01T12:55:27.236+0000] {logging_mixin.py:190} INFO - [2025-11-01T12:55:27.235+0000] {dag.py:4180} INFO - Setting next_dagrun for dataset_alias_example_alias_consumer to None, run_after=None
[2025-11-01T12:55:27.239+0000] {logging_mixin.py:190} INFO - [2025-11-01T12:55:27.239+0000] {dag.py:4180} INFO - Setting next_dagrun for dataset_alias_example_alias_producer to None, run_after=None
[2025-11-01T12:55:27.241+0000] {logging_mixin.py:190} INFO - [2025-11-01T12:55:27.241+0000] {dag.py:4180} INFO - Setting next_dagrun for dataset_s3_bucket_consumer to None, run_after=None
[2025-11-01T12:55:27.243+0000] {logging_mixin.py:190} INFO - [2025-11-01T12:55:27.243+0000] {dag.py:4180} INFO - Setting next_dagrun for dataset_s3_bucket_producer to None, run_after=None
[2025-11-01T12:55:27.267+0000] {processor.py:208} INFO - Processing /home/airflow/.local/lib/python3.12/site-packages/airflow/example_dags/example_dataset_alias.py took 0.136 seconds
[2025-11-01T12:55:57.563+0000] {processor.py:186} INFO - Started process (PID=1829) to work on /home/airflow/.local/lib/python3.12/site-packages/airflow/example_dags/example_dataset_alias.py
[2025-11-01T12:55:57.565+0000] {processor.py:914} INFO - Processing file /home/airflow/.local/lib/python3.12/site-packages/airflow/example_dags/example_dataset_alias.py for tasks to queue
[2025-11-01T12:55:57.568+0000] {logging_mixin.py:190} INFO - [2025-11-01T12:55:57.568+0000] {dagbag.py:588} INFO - Filling up the DagBag from /home/airflow/.local/lib/python3.12/site-packages/airflow/example_dags/example_dataset_alias.py
[2025-11-01T12:55:57.623+0000] {processor.py:925} INFO - DAG(s) 'dataset_s3_bucket_consumer', 'dataset_alias_example_alias_consumer', 'dataset_s3_bucket_producer', 'dataset_alias_example_alias_producer' retrieved from /home/airflow/.local/lib/python3.12/site-packages/airflow/example_dags/example_dataset_alias.py
[2025-11-01T12:55:57.652+0000] {logging_mixin.py:190} INFO - [2025-11-01T12:55:57.651+0000] {dag.py:3239} INFO - Sync 4 DAGs
[2025-11-01T12:55:57.680+0000] {logging_mixin.py:190} INFO - [2025-11-01T12:55:57.680+0000] {dag.py:4180} INFO - Setting next_dagrun for dataset_alias_example_alias_consumer to None, run_after=None
[2025-11-01T12:55:57.685+0000] {logging_mixin.py:190} INFO - [2025-11-01T12:55:57.685+0000] {dag.py:4180} INFO - Setting next_dagrun for dataset_alias_example_alias_producer to None, run_after=None
[2025-11-01T12:55:57.687+0000] {logging_mixin.py:190} INFO - [2025-11-01T12:55:57.687+0000] {dag.py:4180} INFO - Setting next_dagrun for dataset_s3_bucket_consumer to None, run_after=None
[2025-11-01T12:55:57.689+0000] {logging_mixin.py:190} INFO - [2025-11-01T12:55:57.688+0000] {dag.py:4180} INFO - Setting next_dagrun for dataset_s3_bucket_producer to None, run_after=None
[2025-11-01T12:55:57.715+0000] {processor.py:208} INFO - Processing /home/airflow/.local/lib/python3.12/site-packages/airflow/example_dags/example_dataset_alias.py took 0.159 seconds
[2025-11-01T12:56:27.931+0000] {processor.py:186} INFO - Started process (PID=1900) to work on /home/airflow/.local/lib/python3.12/site-packages/airflow/example_dags/example_dataset_alias.py
[2025-11-01T12:56:27.932+0000] {processor.py:914} INFO - Processing file /home/airflow/.local/lib/python3.12/site-packages/airflow/example_dags/example_dataset_alias.py for tasks to queue
[2025-11-01T12:56:27.935+0000] {logging_mixin.py:190} INFO - [2025-11-01T12:56:27.935+0000] {dagbag.py:588} INFO - Filling up the DagBag from /home/airflow/.local/lib/python3.12/site-packages/airflow/example_dags/example_dataset_alias.py
[2025-11-01T12:56:27.972+0000] {processor.py:925} INFO - DAG(s) 'dataset_alias_example_alias_producer', 'dataset_s3_bucket_consumer', 'dataset_alias_example_alias_consumer', 'dataset_s3_bucket_producer' retrieved from /home/airflow/.local/lib/python3.12/site-packages/airflow/example_dags/example_dataset_alias.py
[2025-11-01T12:56:27.997+0000] {logging_mixin.py:190} INFO - [2025-11-01T12:56:27.997+0000] {dag.py:3239} INFO - Sync 4 DAGs
[2025-11-01T12:56:28.020+0000] {logging_mixin.py:190} INFO - [2025-11-01T12:56:28.020+0000] {dag.py:4180} INFO - Setting next_dagrun for dataset_alias_example_alias_consumer to None, run_after=None
[2025-11-01T12:56:28.024+0000] {logging_mixin.py:190} INFO - [2025-11-01T12:56:28.023+0000] {dag.py:4180} INFO - Setting next_dagrun for dataset_alias_example_alias_producer to None, run_after=None
[2025-11-01T12:56:28.027+0000] {logging_mixin.py:190} INFO - [2025-11-01T12:56:28.027+0000] {dag.py:4180} INFO - Setting next_dagrun for dataset_s3_bucket_consumer to None, run_after=None
[2025-11-01T12:56:28.030+0000] {logging_mixin.py:190} INFO - [2025-11-01T12:56:28.029+0000] {dag.py:4180} INFO - Setting next_dagrun for dataset_s3_bucket_producer to None, run_after=None
[2025-11-01T12:56:28.059+0000] {processor.py:208} INFO - Processing /home/airflow/.local/lib/python3.12/site-packages/airflow/example_dags/example_dataset_alias.py took 0.135 seconds
