[2025-11-01T12:43:36.908+0000] {processor.py:186} INFO - Started process (PID=103) to work on /home/airflow/.local/lib/python3.12/site-packages/airflow/example_dags/example_workday_timetable.py
[2025-11-01T12:43:36.910+0000] {processor.py:914} INFO - Processing file /home/airflow/.local/lib/python3.12/site-packages/airflow/example_dags/example_workday_timetable.py for tasks to queue
[2025-11-01T12:43:36.916+0000] {logging_mixin.py:190} INFO - [2025-11-01T12:43:36.916+0000] {dagbag.py:588} INFO - Filling up the DagBag from /home/airflow/.local/lib/python3.12/site-packages/airflow/example_dags/example_workday_timetable.py
[2025-11-01T12:43:36.929+0000] {processor.py:925} INFO - DAG(s) 'example_workday_timetable' retrieved from /home/airflow/.local/lib/python3.12/site-packages/airflow/example_dags/example_workday_timetable.py
[2025-11-01T12:43:37.075+0000] {logging_mixin.py:190} INFO - [2025-11-01T12:43:37.074+0000] {override.py:1911} INFO - Created Permission View: can delete on DAG:example_workday_timetable
[2025-11-01T12:43:37.088+0000] {logging_mixin.py:190} INFO - [2025-11-01T12:43:37.087+0000] {override.py:1911} INFO - Created Permission View: can edit on DAG:example_workday_timetable
[2025-11-01T12:43:37.098+0000] {logging_mixin.py:190} INFO - [2025-11-01T12:43:37.098+0000] {override.py:1911} INFO - Created Permission View: can read on DAG:example_workday_timetable
[2025-11-01T12:43:37.109+0000] {logging_mixin.py:190} INFO - [2025-11-01T12:43:37.108+0000] {override.py:1911} INFO - Created Permission View: menu access on DAG Run:example_workday_timetable
[2025-11-01T12:43:37.120+0000] {logging_mixin.py:190} INFO - [2025-11-01T12:43:37.119+0000] {override.py:1911} INFO - Created Permission View: can delete on DAG Run:example_workday_timetable
[2025-11-01T12:43:37.129+0000] {logging_mixin.py:190} INFO - [2025-11-01T12:43:37.128+0000] {override.py:1911} INFO - Created Permission View: can create on DAG Run:example_workday_timetable
[2025-11-01T12:43:37.138+0000] {logging_mixin.py:190} INFO - [2025-11-01T12:43:37.137+0000] {override.py:1911} INFO - Created Permission View: can read on DAG Run:example_workday_timetable
[2025-11-01T12:43:37.139+0000] {logging_mixin.py:190} INFO - [2025-11-01T12:43:37.138+0000] {dag.py:3239} INFO - Sync 1 DAGs
[2025-11-01T12:43:37.152+0000] {logging_mixin.py:190} INFO - [2025-11-01T12:43:37.152+0000] {dag.py:3262} INFO - Creating ORM DAG for example_workday_timetable
[2025-11-01T12:43:37.217+0000] {logging_mixin.py:190} INFO - [2025-11-01T12:43:37.217+0000] {dag.py:4180} INFO - Setting next_dagrun for example_workday_timetable to 2021-01-04 00:00:00+00:00, run_after=2021-01-05 00:00:00+00:00
[2025-11-01T12:43:37.237+0000] {processor.py:208} INFO - Processing /home/airflow/.local/lib/python3.12/site-packages/airflow/example_dags/example_workday_timetable.py took 0.342 seconds
[2025-11-01T12:44:07.407+0000] {processor.py:186} INFO - Started process (PID=173) to work on /home/airflow/.local/lib/python3.12/site-packages/airflow/example_dags/example_workday_timetable.py
[2025-11-01T12:44:07.408+0000] {processor.py:914} INFO - Processing file /home/airflow/.local/lib/python3.12/site-packages/airflow/example_dags/example_workday_timetable.py for tasks to queue
[2025-11-01T12:44:07.412+0000] {logging_mixin.py:190} INFO - [2025-11-01T12:44:07.411+0000] {dagbag.py:588} INFO - Filling up the DagBag from /home/airflow/.local/lib/python3.12/site-packages/airflow/example_dags/example_workday_timetable.py
[2025-11-01T12:44:07.421+0000] {processor.py:925} INFO - DAG(s) 'example_workday_timetable' retrieved from /home/airflow/.local/lib/python3.12/site-packages/airflow/example_dags/example_workday_timetable.py
[2025-11-01T12:44:07.450+0000] {logging_mixin.py:190} INFO - [2025-11-01T12:44:07.449+0000] {dag.py:3239} INFO - Sync 1 DAGs
[2025-11-01T12:44:07.524+0000] {logging_mixin.py:190} INFO - [2025-11-01T12:44:07.524+0000] {dag.py:4180} INFO - Setting next_dagrun for example_workday_timetable to 2021-01-04 00:00:00+00:00, run_after=2021-01-05 00:00:00+00:00
[2025-11-01T12:44:07.550+0000] {processor.py:208} INFO - Processing /home/airflow/.local/lib/python3.12/site-packages/airflow/example_dags/example_workday_timetable.py took 0.150 seconds
[2025-11-01T12:44:38.340+0000] {processor.py:186} INFO - Started process (PID=243) to work on /home/airflow/.local/lib/python3.12/site-packages/airflow/example_dags/example_workday_timetable.py
[2025-11-01T12:44:38.341+0000] {processor.py:914} INFO - Processing file /home/airflow/.local/lib/python3.12/site-packages/airflow/example_dags/example_workday_timetable.py for tasks to queue
[2025-11-01T12:44:38.344+0000] {logging_mixin.py:190} INFO - [2025-11-01T12:44:38.344+0000] {dagbag.py:588} INFO - Filling up the DagBag from /home/airflow/.local/lib/python3.12/site-packages/airflow/example_dags/example_workday_timetable.py
[2025-11-01T12:44:38.351+0000] {processor.py:925} INFO - DAG(s) 'example_workday_timetable' retrieved from /home/airflow/.local/lib/python3.12/site-packages/airflow/example_dags/example_workday_timetable.py
[2025-11-01T12:44:38.377+0000] {logging_mixin.py:190} INFO - [2025-11-01T12:44:38.376+0000] {dag.py:3239} INFO - Sync 1 DAGs
[2025-11-01T12:44:38.443+0000] {logging_mixin.py:190} INFO - [2025-11-01T12:44:38.442+0000] {dag.py:4180} INFO - Setting next_dagrun for example_workday_timetable to 2021-01-04 00:00:00+00:00, run_after=2021-01-05 00:00:00+00:00
[2025-11-01T12:44:38.467+0000] {processor.py:208} INFO - Processing /home/airflow/.local/lib/python3.12/site-packages/airflow/example_dags/example_workday_timetable.py took 0.134 seconds
[2025-11-01T12:45:09.267+0000] {processor.py:186} INFO - Started process (PID=313) to work on /home/airflow/.local/lib/python3.12/site-packages/airflow/example_dags/example_workday_timetable.py
[2025-11-01T12:45:09.269+0000] {processor.py:914} INFO - Processing file /home/airflow/.local/lib/python3.12/site-packages/airflow/example_dags/example_workday_timetable.py for tasks to queue
[2025-11-01T12:45:09.272+0000] {logging_mixin.py:190} INFO - [2025-11-01T12:45:09.272+0000] {dagbag.py:588} INFO - Filling up the DagBag from /home/airflow/.local/lib/python3.12/site-packages/airflow/example_dags/example_workday_timetable.py
[2025-11-01T12:45:09.282+0000] {processor.py:925} INFO - DAG(s) 'example_workday_timetable' retrieved from /home/airflow/.local/lib/python3.12/site-packages/airflow/example_dags/example_workday_timetable.py
[2025-11-01T12:45:09.310+0000] {logging_mixin.py:190} INFO - [2025-11-01T12:45:09.310+0000] {dag.py:3239} INFO - Sync 1 DAGs
[2025-11-01T12:45:09.381+0000] {logging_mixin.py:190} INFO - [2025-11-01T12:45:09.381+0000] {dag.py:4180} INFO - Setting next_dagrun for example_workday_timetable to 2021-01-04 00:00:00+00:00, run_after=2021-01-05 00:00:00+00:00
[2025-11-01T12:45:09.405+0000] {processor.py:208} INFO - Processing /home/airflow/.local/lib/python3.12/site-packages/airflow/example_dags/example_workday_timetable.py took 0.146 seconds
[2025-11-01T12:45:39.880+0000] {processor.py:186} INFO - Started process (PID=384) to work on /home/airflow/.local/lib/python3.12/site-packages/airflow/example_dags/example_workday_timetable.py
[2025-11-01T12:45:39.883+0000] {processor.py:914} INFO - Processing file /home/airflow/.local/lib/python3.12/site-packages/airflow/example_dags/example_workday_timetable.py for tasks to queue
[2025-11-01T12:45:39.889+0000] {logging_mixin.py:190} INFO - [2025-11-01T12:45:39.888+0000] {dagbag.py:588} INFO - Filling up the DagBag from /home/airflow/.local/lib/python3.12/site-packages/airflow/example_dags/example_workday_timetable.py
[2025-11-01T12:45:39.902+0000] {processor.py:925} INFO - DAG(s) 'example_workday_timetable' retrieved from /home/airflow/.local/lib/python3.12/site-packages/airflow/example_dags/example_workday_timetable.py
[2025-11-01T12:45:39.954+0000] {logging_mixin.py:190} INFO - [2025-11-01T12:45:39.953+0000] {dag.py:3239} INFO - Sync 1 DAGs
[2025-11-01T12:45:40.073+0000] {logging_mixin.py:190} INFO - [2025-11-01T12:45:40.073+0000] {dag.py:4180} INFO - Setting next_dagrun for example_workday_timetable to 2021-01-04 00:00:00+00:00, run_after=2021-01-05 00:00:00+00:00
[2025-11-01T12:45:40.105+0000] {processor.py:208} INFO - Processing /home/airflow/.local/lib/python3.12/site-packages/airflow/example_dags/example_workday_timetable.py took 0.238 seconds
[2025-11-01T12:46:10.307+0000] {processor.py:186} INFO - Started process (PID=454) to work on /home/airflow/.local/lib/python3.12/site-packages/airflow/example_dags/example_workday_timetable.py
[2025-11-01T12:46:10.309+0000] {processor.py:914} INFO - Processing file /home/airflow/.local/lib/python3.12/site-packages/airflow/example_dags/example_workday_timetable.py for tasks to queue
[2025-11-01T12:46:10.316+0000] {logging_mixin.py:190} INFO - [2025-11-01T12:46:10.315+0000] {dagbag.py:588} INFO - Filling up the DagBag from /home/airflow/.local/lib/python3.12/site-packages/airflow/example_dags/example_workday_timetable.py
[2025-11-01T12:46:10.325+0000] {processor.py:925} INFO - DAG(s) 'example_workday_timetable' retrieved from /home/airflow/.local/lib/python3.12/site-packages/airflow/example_dags/example_workday_timetable.py
[2025-11-01T12:46:10.356+0000] {logging_mixin.py:190} INFO - [2025-11-01T12:46:10.355+0000] {dag.py:3239} INFO - Sync 1 DAGs
[2025-11-01T12:46:10.443+0000] {logging_mixin.py:190} INFO - [2025-11-01T12:46:10.442+0000] {dag.py:4180} INFO - Setting next_dagrun for example_workday_timetable to 2021-01-04 00:00:00+00:00, run_after=2021-01-05 00:00:00+00:00
[2025-11-01T12:46:10.466+0000] {processor.py:208} INFO - Processing /home/airflow/.local/lib/python3.12/site-packages/airflow/example_dags/example_workday_timetable.py took 0.171 seconds
[2025-11-01T12:46:40.919+0000] {processor.py:186} INFO - Started process (PID=524) to work on /home/airflow/.local/lib/python3.12/site-packages/airflow/example_dags/example_workday_timetable.py
[2025-11-01T12:46:40.920+0000] {processor.py:914} INFO - Processing file /home/airflow/.local/lib/python3.12/site-packages/airflow/example_dags/example_workday_timetable.py for tasks to queue
[2025-11-01T12:46:40.924+0000] {logging_mixin.py:190} INFO - [2025-11-01T12:46:40.924+0000] {dagbag.py:588} INFO - Filling up the DagBag from /home/airflow/.local/lib/python3.12/site-packages/airflow/example_dags/example_workday_timetable.py
[2025-11-01T12:46:40.933+0000] {processor.py:925} INFO - DAG(s) 'example_workday_timetable' retrieved from /home/airflow/.local/lib/python3.12/site-packages/airflow/example_dags/example_workday_timetable.py
[2025-11-01T12:46:40.970+0000] {logging_mixin.py:190} INFO - [2025-11-01T12:46:40.969+0000] {dag.py:3239} INFO - Sync 1 DAGs
[2025-11-01T12:46:41.072+0000] {logging_mixin.py:190} INFO - [2025-11-01T12:46:41.072+0000] {dag.py:4180} INFO - Setting next_dagrun for example_workday_timetable to 2021-01-04 00:00:00+00:00, run_after=2021-01-05 00:00:00+00:00
[2025-11-01T12:46:41.102+0000] {processor.py:208} INFO - Processing /home/airflow/.local/lib/python3.12/site-packages/airflow/example_dags/example_workday_timetable.py took 0.192 seconds
[2025-11-01T12:47:11.571+0000] {processor.py:186} INFO - Started process (PID=594) to work on /home/airflow/.local/lib/python3.12/site-packages/airflow/example_dags/example_workday_timetable.py
[2025-11-01T12:47:11.572+0000] {processor.py:914} INFO - Processing file /home/airflow/.local/lib/python3.12/site-packages/airflow/example_dags/example_workday_timetable.py for tasks to queue
[2025-11-01T12:47:11.575+0000] {logging_mixin.py:190} INFO - [2025-11-01T12:47:11.575+0000] {dagbag.py:588} INFO - Filling up the DagBag from /home/airflow/.local/lib/python3.12/site-packages/airflow/example_dags/example_workday_timetable.py
[2025-11-01T12:47:11.583+0000] {processor.py:925} INFO - DAG(s) 'example_workday_timetable' retrieved from /home/airflow/.local/lib/python3.12/site-packages/airflow/example_dags/example_workday_timetable.py
[2025-11-01T12:47:11.607+0000] {logging_mixin.py:190} INFO - [2025-11-01T12:47:11.607+0000] {dag.py:3239} INFO - Sync 1 DAGs
[2025-11-01T12:47:11.676+0000] {logging_mixin.py:190} INFO - [2025-11-01T12:47:11.676+0000] {dag.py:4180} INFO - Setting next_dagrun for example_workday_timetable to 2021-01-04 00:00:00+00:00, run_after=2021-01-05 00:00:00+00:00
[2025-11-01T12:47:11.696+0000] {processor.py:208} INFO - Processing /home/airflow/.local/lib/python3.12/site-packages/airflow/example_dags/example_workday_timetable.py took 0.133 seconds
[2025-11-01T12:47:41.880+0000] {processor.py:186} INFO - Started process (PID=664) to work on /home/airflow/.local/lib/python3.12/site-packages/airflow/example_dags/example_workday_timetable.py
[2025-11-01T12:47:41.882+0000] {processor.py:914} INFO - Processing file /home/airflow/.local/lib/python3.12/site-packages/airflow/example_dags/example_workday_timetable.py for tasks to queue
[2025-11-01T12:47:41.885+0000] {logging_mixin.py:190} INFO - [2025-11-01T12:47:41.884+0000] {dagbag.py:588} INFO - Filling up the DagBag from /home/airflow/.local/lib/python3.12/site-packages/airflow/example_dags/example_workday_timetable.py
[2025-11-01T12:47:41.892+0000] {processor.py:925} INFO - DAG(s) 'example_workday_timetable' retrieved from /home/airflow/.local/lib/python3.12/site-packages/airflow/example_dags/example_workday_timetable.py
[2025-11-01T12:47:41.917+0000] {logging_mixin.py:190} INFO - [2025-11-01T12:47:41.916+0000] {dag.py:3239} INFO - Sync 1 DAGs
[2025-11-01T12:47:41.978+0000] {logging_mixin.py:190} INFO - [2025-11-01T12:47:41.978+0000] {dag.py:4180} INFO - Setting next_dagrun for example_workday_timetable to 2021-01-04 00:00:00+00:00, run_after=2021-01-05 00:00:00+00:00
[2025-11-01T12:47:42.002+0000] {processor.py:208} INFO - Processing /home/airflow/.local/lib/python3.12/site-packages/airflow/example_dags/example_workday_timetable.py took 0.129 seconds
[2025-11-01T12:48:12.560+0000] {processor.py:186} INFO - Started process (PID=734) to work on /home/airflow/.local/lib/python3.12/site-packages/airflow/example_dags/example_workday_timetable.py
[2025-11-01T12:48:12.561+0000] {processor.py:914} INFO - Processing file /home/airflow/.local/lib/python3.12/site-packages/airflow/example_dags/example_workday_timetable.py for tasks to queue
[2025-11-01T12:48:12.565+0000] {logging_mixin.py:190} INFO - [2025-11-01T12:48:12.564+0000] {dagbag.py:588} INFO - Filling up the DagBag from /home/airflow/.local/lib/python3.12/site-packages/airflow/example_dags/example_workday_timetable.py
[2025-11-01T12:48:12.572+0000] {processor.py:925} INFO - DAG(s) 'example_workday_timetable' retrieved from /home/airflow/.local/lib/python3.12/site-packages/airflow/example_dags/example_workday_timetable.py
[2025-11-01T12:48:12.597+0000] {logging_mixin.py:190} INFO - [2025-11-01T12:48:12.597+0000] {dag.py:3239} INFO - Sync 1 DAGs
[2025-11-01T12:48:12.660+0000] {logging_mixin.py:190} INFO - [2025-11-01T12:48:12.660+0000] {dag.py:4180} INFO - Setting next_dagrun for example_workday_timetable to 2021-01-04 00:00:00+00:00, run_after=2021-01-05 00:00:00+00:00
[2025-11-01T12:48:12.681+0000] {processor.py:208} INFO - Processing /home/airflow/.local/lib/python3.12/site-packages/airflow/example_dags/example_workday_timetable.py took 0.128 seconds
[2025-11-01T12:48:43.253+0000] {processor.py:186} INFO - Started process (PID=805) to work on /home/airflow/.local/lib/python3.12/site-packages/airflow/example_dags/example_workday_timetable.py
[2025-11-01T12:48:43.254+0000] {processor.py:914} INFO - Processing file /home/airflow/.local/lib/python3.12/site-packages/airflow/example_dags/example_workday_timetable.py for tasks to queue
[2025-11-01T12:48:43.257+0000] {logging_mixin.py:190} INFO - [2025-11-01T12:48:43.257+0000] {dagbag.py:588} INFO - Filling up the DagBag from /home/airflow/.local/lib/python3.12/site-packages/airflow/example_dags/example_workday_timetable.py
[2025-11-01T12:48:43.266+0000] {processor.py:925} INFO - DAG(s) 'example_workday_timetable' retrieved from /home/airflow/.local/lib/python3.12/site-packages/airflow/example_dags/example_workday_timetable.py
[2025-11-01T12:48:43.292+0000] {logging_mixin.py:190} INFO - [2025-11-01T12:48:43.291+0000] {dag.py:3239} INFO - Sync 1 DAGs
[2025-11-01T12:48:43.361+0000] {logging_mixin.py:190} INFO - [2025-11-01T12:48:43.360+0000] {dag.py:4180} INFO - Setting next_dagrun for example_workday_timetable to 2021-01-04 00:00:00+00:00, run_after=2021-01-05 00:00:00+00:00
[2025-11-01T12:48:43.383+0000] {processor.py:208} INFO - Processing /home/airflow/.local/lib/python3.12/site-packages/airflow/example_dags/example_workday_timetable.py took 0.137 seconds
[2025-11-01T12:49:13.684+0000] {processor.py:186} INFO - Started process (PID=876) to work on /home/airflow/.local/lib/python3.12/site-packages/airflow/example_dags/example_workday_timetable.py
[2025-11-01T12:49:13.685+0000] {processor.py:914} INFO - Processing file /home/airflow/.local/lib/python3.12/site-packages/airflow/example_dags/example_workday_timetable.py for tasks to queue
[2025-11-01T12:49:13.688+0000] {logging_mixin.py:190} INFO - [2025-11-01T12:49:13.688+0000] {dagbag.py:588} INFO - Filling up the DagBag from /home/airflow/.local/lib/python3.12/site-packages/airflow/example_dags/example_workday_timetable.py
[2025-11-01T12:49:13.696+0000] {processor.py:925} INFO - DAG(s) 'example_workday_timetable' retrieved from /home/airflow/.local/lib/python3.12/site-packages/airflow/example_dags/example_workday_timetable.py
[2025-11-01T12:49:13.727+0000] {logging_mixin.py:190} INFO - [2025-11-01T12:49:13.726+0000] {dag.py:3239} INFO - Sync 1 DAGs
[2025-11-01T12:49:13.788+0000] {logging_mixin.py:190} INFO - [2025-11-01T12:49:13.788+0000] {dag.py:4180} INFO - Setting next_dagrun for example_workday_timetable to 2021-01-04 00:00:00+00:00, run_after=2021-01-05 00:00:00+00:00
[2025-11-01T12:49:13.808+0000] {processor.py:208} INFO - Processing /home/airflow/.local/lib/python3.12/site-packages/airflow/example_dags/example_workday_timetable.py took 0.131 seconds
[2025-11-01T12:49:43.905+0000] {processor.py:186} INFO - Started process (PID=948) to work on /home/airflow/.local/lib/python3.12/site-packages/airflow/example_dags/example_workday_timetable.py
[2025-11-01T12:49:43.906+0000] {processor.py:914} INFO - Processing file /home/airflow/.local/lib/python3.12/site-packages/airflow/example_dags/example_workday_timetable.py for tasks to queue
[2025-11-01T12:49:43.910+0000] {logging_mixin.py:190} INFO - [2025-11-01T12:49:43.909+0000] {dagbag.py:588} INFO - Filling up the DagBag from /home/airflow/.local/lib/python3.12/site-packages/airflow/example_dags/example_workday_timetable.py
[2025-11-01T12:49:43.918+0000] {processor.py:925} INFO - DAG(s) 'example_workday_timetable' retrieved from /home/airflow/.local/lib/python3.12/site-packages/airflow/example_dags/example_workday_timetable.py
[2025-11-01T12:49:43.944+0000] {logging_mixin.py:190} INFO - [2025-11-01T12:49:43.943+0000] {dag.py:3239} INFO - Sync 1 DAGs
[2025-11-01T12:49:44.011+0000] {logging_mixin.py:190} INFO - [2025-11-01T12:49:44.010+0000] {dag.py:4180} INFO - Setting next_dagrun for example_workday_timetable to 2021-01-04 00:00:00+00:00, run_after=2021-01-05 00:00:00+00:00
[2025-11-01T12:49:44.031+0000] {processor.py:208} INFO - Processing /home/airflow/.local/lib/python3.12/site-packages/airflow/example_dags/example_workday_timetable.py took 0.133 seconds
[2025-11-01T12:50:14.907+0000] {processor.py:186} INFO - Started process (PID=1023) to work on /home/airflow/.local/lib/python3.12/site-packages/airflow/example_dags/example_workday_timetable.py
[2025-11-01T12:50:14.909+0000] {processor.py:914} INFO - Processing file /home/airflow/.local/lib/python3.12/site-packages/airflow/example_dags/example_workday_timetable.py for tasks to queue
[2025-11-01T12:50:14.918+0000] {logging_mixin.py:190} INFO - [2025-11-01T12:50:14.917+0000] {dagbag.py:588} INFO - Filling up the DagBag from /home/airflow/.local/lib/python3.12/site-packages/airflow/example_dags/example_workday_timetable.py
[2025-11-01T12:50:14.945+0000] {processor.py:925} INFO - DAG(s) 'example_workday_timetable' retrieved from /home/airflow/.local/lib/python3.12/site-packages/airflow/example_dags/example_workday_timetable.py
[2025-11-01T12:50:15.004+0000] {logging_mixin.py:190} INFO - [2025-11-01T12:50:15.002+0000] {dag.py:3239} INFO - Sync 1 DAGs
[2025-11-01T12:50:15.095+0000] {logging_mixin.py:190} INFO - [2025-11-01T12:50:15.094+0000] {dag.py:4180} INFO - Setting next_dagrun for example_workday_timetable to 2021-01-04 00:00:00+00:00, run_after=2021-01-05 00:00:00+00:00
[2025-11-01T12:50:15.115+0000] {processor.py:208} INFO - Processing /home/airflow/.local/lib/python3.12/site-packages/airflow/example_dags/example_workday_timetable.py took 0.223 seconds
[2025-11-01T12:50:45.605+0000] {processor.py:186} INFO - Started process (PID=1094) to work on /home/airflow/.local/lib/python3.12/site-packages/airflow/example_dags/example_workday_timetable.py
[2025-11-01T12:50:45.607+0000] {processor.py:914} INFO - Processing file /home/airflow/.local/lib/python3.12/site-packages/airflow/example_dags/example_workday_timetable.py for tasks to queue
[2025-11-01T12:50:45.610+0000] {logging_mixin.py:190} INFO - [2025-11-01T12:50:45.610+0000] {dagbag.py:588} INFO - Filling up the DagBag from /home/airflow/.local/lib/python3.12/site-packages/airflow/example_dags/example_workday_timetable.py
[2025-11-01T12:50:45.619+0000] {processor.py:925} INFO - DAG(s) 'example_workday_timetable' retrieved from /home/airflow/.local/lib/python3.12/site-packages/airflow/example_dags/example_workday_timetable.py
[2025-11-01T12:50:45.644+0000] {logging_mixin.py:190} INFO - [2025-11-01T12:50:45.644+0000] {dag.py:3239} INFO - Sync 1 DAGs
[2025-11-01T12:50:45.709+0000] {logging_mixin.py:190} INFO - [2025-11-01T12:50:45.709+0000] {dag.py:4180} INFO - Setting next_dagrun for example_workday_timetable to 2021-01-04 00:00:00+00:00, run_after=2021-01-05 00:00:00+00:00
[2025-11-01T12:50:45.730+0000] {processor.py:208} INFO - Processing /home/airflow/.local/lib/python3.12/site-packages/airflow/example_dags/example_workday_timetable.py took 0.131 seconds
[2025-11-01T12:51:16.084+0000] {processor.py:186} INFO - Started process (PID=1165) to work on /home/airflow/.local/lib/python3.12/site-packages/airflow/example_dags/example_workday_timetable.py
[2025-11-01T12:51:16.086+0000] {processor.py:914} INFO - Processing file /home/airflow/.local/lib/python3.12/site-packages/airflow/example_dags/example_workday_timetable.py for tasks to queue
[2025-11-01T12:51:16.090+0000] {logging_mixin.py:190} INFO - [2025-11-01T12:51:16.089+0000] {dagbag.py:588} INFO - Filling up the DagBag from /home/airflow/.local/lib/python3.12/site-packages/airflow/example_dags/example_workday_timetable.py
[2025-11-01T12:51:16.099+0000] {processor.py:925} INFO - DAG(s) 'example_workday_timetable' retrieved from /home/airflow/.local/lib/python3.12/site-packages/airflow/example_dags/example_workday_timetable.py
[2025-11-01T12:51:16.128+0000] {logging_mixin.py:190} INFO - [2025-11-01T12:51:16.128+0000] {dag.py:3239} INFO - Sync 1 DAGs
[2025-11-01T12:51:16.196+0000] {logging_mixin.py:190} INFO - [2025-11-01T12:51:16.196+0000] {dag.py:4180} INFO - Setting next_dagrun for example_workday_timetable to 2021-01-04 00:00:00+00:00, run_after=2021-01-05 00:00:00+00:00
[2025-11-01T12:51:16.218+0000] {processor.py:208} INFO - Processing /home/airflow/.local/lib/python3.12/site-packages/airflow/example_dags/example_workday_timetable.py took 0.143 seconds
[2025-11-01T12:51:46.781+0000] {processor.py:186} INFO - Started process (PID=1236) to work on /home/airflow/.local/lib/python3.12/site-packages/airflow/example_dags/example_workday_timetable.py
[2025-11-01T12:51:46.783+0000] {processor.py:914} INFO - Processing file /home/airflow/.local/lib/python3.12/site-packages/airflow/example_dags/example_workday_timetable.py for tasks to queue
[2025-11-01T12:51:46.787+0000] {logging_mixin.py:190} INFO - [2025-11-01T12:51:46.786+0000] {dagbag.py:588} INFO - Filling up the DagBag from /home/airflow/.local/lib/python3.12/site-packages/airflow/example_dags/example_workday_timetable.py
[2025-11-01T12:51:46.796+0000] {processor.py:925} INFO - DAG(s) 'example_workday_timetable' retrieved from /home/airflow/.local/lib/python3.12/site-packages/airflow/example_dags/example_workday_timetable.py
[2025-11-01T12:51:46.829+0000] {logging_mixin.py:190} INFO - [2025-11-01T12:51:46.829+0000] {dag.py:3239} INFO - Sync 1 DAGs
[2025-11-01T12:51:46.907+0000] {logging_mixin.py:190} INFO - [2025-11-01T12:51:46.906+0000] {dag.py:4180} INFO - Setting next_dagrun for example_workday_timetable to 2021-01-04 00:00:00+00:00, run_after=2021-01-05 00:00:00+00:00
[2025-11-01T12:51:46.932+0000] {processor.py:208} INFO - Processing /home/airflow/.local/lib/python3.12/site-packages/airflow/example_dags/example_workday_timetable.py took 0.158 seconds
[2025-11-01T12:52:17.118+0000] {processor.py:186} INFO - Started process (PID=1307) to work on /home/airflow/.local/lib/python3.12/site-packages/airflow/example_dags/example_workday_timetable.py
[2025-11-01T12:52:17.120+0000] {processor.py:914} INFO - Processing file /home/airflow/.local/lib/python3.12/site-packages/airflow/example_dags/example_workday_timetable.py for tasks to queue
[2025-11-01T12:52:17.124+0000] {logging_mixin.py:190} INFO - [2025-11-01T12:52:17.123+0000] {dagbag.py:588} INFO - Filling up the DagBag from /home/airflow/.local/lib/python3.12/site-packages/airflow/example_dags/example_workday_timetable.py
[2025-11-01T12:52:17.132+0000] {processor.py:925} INFO - DAG(s) 'example_workday_timetable' retrieved from /home/airflow/.local/lib/python3.12/site-packages/airflow/example_dags/example_workday_timetable.py
[2025-11-01T12:52:17.159+0000] {logging_mixin.py:190} INFO - [2025-11-01T12:52:17.158+0000] {dag.py:3239} INFO - Sync 1 DAGs
[2025-11-01T12:52:17.233+0000] {logging_mixin.py:190} INFO - [2025-11-01T12:52:17.233+0000] {dag.py:4180} INFO - Setting next_dagrun for example_workday_timetable to 2021-01-04 00:00:00+00:00, run_after=2021-01-05 00:00:00+00:00
[2025-11-01T12:52:17.256+0000] {processor.py:208} INFO - Processing /home/airflow/.local/lib/python3.12/site-packages/airflow/example_dags/example_workday_timetable.py took 0.145 seconds
[2025-11-01T12:52:47.638+0000] {processor.py:186} INFO - Started process (PID=1378) to work on /home/airflow/.local/lib/python3.12/site-packages/airflow/example_dags/example_workday_timetable.py
[2025-11-01T12:52:47.640+0000] {processor.py:914} INFO - Processing file /home/airflow/.local/lib/python3.12/site-packages/airflow/example_dags/example_workday_timetable.py for tasks to queue
[2025-11-01T12:52:47.644+0000] {logging_mixin.py:190} INFO - [2025-11-01T12:52:47.644+0000] {dagbag.py:588} INFO - Filling up the DagBag from /home/airflow/.local/lib/python3.12/site-packages/airflow/example_dags/example_workday_timetable.py
[2025-11-01T12:52:47.653+0000] {processor.py:925} INFO - DAG(s) 'example_workday_timetable' retrieved from /home/airflow/.local/lib/python3.12/site-packages/airflow/example_dags/example_workday_timetable.py
[2025-11-01T12:52:47.685+0000] {logging_mixin.py:190} INFO - [2025-11-01T12:52:47.684+0000] {dag.py:3239} INFO - Sync 1 DAGs
[2025-11-01T12:52:47.772+0000] {logging_mixin.py:190} INFO - [2025-11-01T12:52:47.771+0000] {dag.py:4180} INFO - Setting next_dagrun for example_workday_timetable to 2021-01-04 00:00:00+00:00, run_after=2021-01-05 00:00:00+00:00
[2025-11-01T12:52:47.797+0000] {processor.py:208} INFO - Processing /home/airflow/.local/lib/python3.12/site-packages/airflow/example_dags/example_workday_timetable.py took 0.167 seconds
[2025-11-01T12:53:18.444+0000] {processor.py:186} INFO - Started process (PID=1449) to work on /home/airflow/.local/lib/python3.12/site-packages/airflow/example_dags/example_workday_timetable.py
[2025-11-01T12:53:18.446+0000] {processor.py:914} INFO - Processing file /home/airflow/.local/lib/python3.12/site-packages/airflow/example_dags/example_workday_timetable.py for tasks to queue
[2025-11-01T12:53:18.449+0000] {logging_mixin.py:190} INFO - [2025-11-01T12:53:18.449+0000] {dagbag.py:588} INFO - Filling up the DagBag from /home/airflow/.local/lib/python3.12/site-packages/airflow/example_dags/example_workday_timetable.py
[2025-11-01T12:53:18.458+0000] {processor.py:925} INFO - DAG(s) 'example_workday_timetable' retrieved from /home/airflow/.local/lib/python3.12/site-packages/airflow/example_dags/example_workday_timetable.py
[2025-11-01T12:53:18.492+0000] {logging_mixin.py:190} INFO - [2025-11-01T12:53:18.491+0000] {dag.py:3239} INFO - Sync 1 DAGs
[2025-11-01T12:53:18.589+0000] {logging_mixin.py:190} INFO - [2025-11-01T12:53:18.588+0000] {dag.py:4180} INFO - Setting next_dagrun for example_workday_timetable to 2021-01-04 00:00:00+00:00, run_after=2021-01-05 00:00:00+00:00
[2025-11-01T12:53:18.617+0000] {processor.py:208} INFO - Processing /home/airflow/.local/lib/python3.12/site-packages/airflow/example_dags/example_workday_timetable.py took 0.180 seconds
[2025-11-01T12:53:48.834+0000] {processor.py:186} INFO - Started process (PID=1520) to work on /home/airflow/.local/lib/python3.12/site-packages/airflow/example_dags/example_workday_timetable.py
[2025-11-01T12:53:48.837+0000] {processor.py:914} INFO - Processing file /home/airflow/.local/lib/python3.12/site-packages/airflow/example_dags/example_workday_timetable.py for tasks to queue
[2025-11-01T12:53:48.840+0000] {logging_mixin.py:190} INFO - [2025-11-01T12:53:48.840+0000] {dagbag.py:588} INFO - Filling up the DagBag from /home/airflow/.local/lib/python3.12/site-packages/airflow/example_dags/example_workday_timetable.py
[2025-11-01T12:53:48.848+0000] {processor.py:925} INFO - DAG(s) 'example_workday_timetable' retrieved from /home/airflow/.local/lib/python3.12/site-packages/airflow/example_dags/example_workday_timetable.py
[2025-11-01T12:53:48.876+0000] {logging_mixin.py:190} INFO - [2025-11-01T12:53:48.875+0000] {dag.py:3239} INFO - Sync 1 DAGs
[2025-11-01T12:53:48.949+0000] {logging_mixin.py:190} INFO - [2025-11-01T12:53:48.949+0000] {dag.py:4180} INFO - Setting next_dagrun for example_workday_timetable to 2021-01-04 00:00:00+00:00, run_after=2021-01-05 00:00:00+00:00
[2025-11-01T12:53:48.973+0000] {processor.py:208} INFO - Processing /home/airflow/.local/lib/python3.12/site-packages/airflow/example_dags/example_workday_timetable.py took 0.147 seconds
[2025-11-01T12:54:19.606+0000] {processor.py:186} INFO - Started process (PID=1592) to work on /home/airflow/.local/lib/python3.12/site-packages/airflow/example_dags/example_workday_timetable.py
[2025-11-01T12:54:19.607+0000] {processor.py:914} INFO - Processing file /home/airflow/.local/lib/python3.12/site-packages/airflow/example_dags/example_workday_timetable.py for tasks to queue
[2025-11-01T12:54:19.611+0000] {logging_mixin.py:190} INFO - [2025-11-01T12:54:19.610+0000] {dagbag.py:588} INFO - Filling up the DagBag from /home/airflow/.local/lib/python3.12/site-packages/airflow/example_dags/example_workday_timetable.py
[2025-11-01T12:54:19.618+0000] {processor.py:925} INFO - DAG(s) 'example_workday_timetable' retrieved from /home/airflow/.local/lib/python3.12/site-packages/airflow/example_dags/example_workday_timetable.py
[2025-11-01T12:54:19.647+0000] {logging_mixin.py:190} INFO - [2025-11-01T12:54:19.647+0000] {dag.py:3239} INFO - Sync 1 DAGs
[2025-11-01T12:54:19.722+0000] {logging_mixin.py:190} INFO - [2025-11-01T12:54:19.722+0000] {dag.py:4180} INFO - Setting next_dagrun for example_workday_timetable to 2021-01-04 00:00:00+00:00, run_after=2021-01-05 00:00:00+00:00
[2025-11-01T12:54:19.746+0000] {processor.py:208} INFO - Processing /home/airflow/.local/lib/python3.12/site-packages/airflow/example_dags/example_workday_timetable.py took 0.148 seconds
[2025-11-01T12:54:50.040+0000] {processor.py:186} INFO - Started process (PID=1663) to work on /home/airflow/.local/lib/python3.12/site-packages/airflow/example_dags/example_workday_timetable.py
[2025-11-01T12:54:50.042+0000] {processor.py:914} INFO - Processing file /home/airflow/.local/lib/python3.12/site-packages/airflow/example_dags/example_workday_timetable.py for tasks to queue
[2025-11-01T12:54:50.045+0000] {logging_mixin.py:190} INFO - [2025-11-01T12:54:50.044+0000] {dagbag.py:588} INFO - Filling up the DagBag from /home/airflow/.local/lib/python3.12/site-packages/airflow/example_dags/example_workday_timetable.py
[2025-11-01T12:54:50.053+0000] {processor.py:925} INFO - DAG(s) 'example_workday_timetable' retrieved from /home/airflow/.local/lib/python3.12/site-packages/airflow/example_dags/example_workday_timetable.py
[2025-11-01T12:54:50.080+0000] {logging_mixin.py:190} INFO - [2025-11-01T12:54:50.079+0000] {dag.py:3239} INFO - Sync 1 DAGs
[2025-11-01T12:54:50.148+0000] {logging_mixin.py:190} INFO - [2025-11-01T12:54:50.148+0000] {dag.py:4180} INFO - Setting next_dagrun for example_workday_timetable to 2021-01-04 00:00:00+00:00, run_after=2021-01-05 00:00:00+00:00
[2025-11-01T12:54:50.171+0000] {processor.py:208} INFO - Processing /home/airflow/.local/lib/python3.12/site-packages/airflow/example_dags/example_workday_timetable.py took 0.139 seconds
[2025-11-01T12:55:20.329+0000] {processor.py:186} INFO - Started process (PID=1734) to work on /home/airflow/.local/lib/python3.12/site-packages/airflow/example_dags/example_workday_timetable.py
[2025-11-01T12:55:20.331+0000] {processor.py:914} INFO - Processing file /home/airflow/.local/lib/python3.12/site-packages/airflow/example_dags/example_workday_timetable.py for tasks to queue
[2025-11-01T12:55:20.334+0000] {logging_mixin.py:190} INFO - [2025-11-01T12:55:20.333+0000] {dagbag.py:588} INFO - Filling up the DagBag from /home/airflow/.local/lib/python3.12/site-packages/airflow/example_dags/example_workday_timetable.py
[2025-11-01T12:55:20.342+0000] {processor.py:925} INFO - DAG(s) 'example_workday_timetable' retrieved from /home/airflow/.local/lib/python3.12/site-packages/airflow/example_dags/example_workday_timetable.py
[2025-11-01T12:55:20.374+0000] {logging_mixin.py:190} INFO - [2025-11-01T12:55:20.373+0000] {dag.py:3239} INFO - Sync 1 DAGs
[2025-11-01T12:55:20.449+0000] {logging_mixin.py:190} INFO - [2025-11-01T12:55:20.449+0000] {dag.py:4180} INFO - Setting next_dagrun for example_workday_timetable to 2021-01-04 00:00:00+00:00, run_after=2021-01-05 00:00:00+00:00
[2025-11-01T12:55:20.471+0000] {processor.py:208} INFO - Processing /home/airflow/.local/lib/python3.12/site-packages/airflow/example_dags/example_workday_timetable.py took 0.149 seconds
[2025-11-01T12:55:50.739+0000] {processor.py:186} INFO - Started process (PID=1805) to work on /home/airflow/.local/lib/python3.12/site-packages/airflow/example_dags/example_workday_timetable.py
[2025-11-01T12:55:50.741+0000] {processor.py:914} INFO - Processing file /home/airflow/.local/lib/python3.12/site-packages/airflow/example_dags/example_workday_timetable.py for tasks to queue
[2025-11-01T12:55:50.744+0000] {logging_mixin.py:190} INFO - [2025-11-01T12:55:50.744+0000] {dagbag.py:588} INFO - Filling up the DagBag from /home/airflow/.local/lib/python3.12/site-packages/airflow/example_dags/example_workday_timetable.py
[2025-11-01T12:55:50.760+0000] {processor.py:925} INFO - DAG(s) 'example_workday_timetable' retrieved from /home/airflow/.local/lib/python3.12/site-packages/airflow/example_dags/example_workday_timetable.py
[2025-11-01T12:55:50.804+0000] {logging_mixin.py:190} INFO - [2025-11-01T12:55:50.803+0000] {dag.py:3239} INFO - Sync 1 DAGs
[2025-11-01T12:55:50.889+0000] {logging_mixin.py:190} INFO - [2025-11-01T12:55:50.888+0000] {dag.py:4180} INFO - Setting next_dagrun for example_workday_timetable to 2021-01-04 00:00:00+00:00, run_after=2021-01-05 00:00:00+00:00
[2025-11-01T12:55:50.913+0000] {processor.py:208} INFO - Processing /home/airflow/.local/lib/python3.12/site-packages/airflow/example_dags/example_workday_timetable.py took 0.181 seconds
[2025-11-01T12:56:21.074+0000] {processor.py:186} INFO - Started process (PID=1876) to work on /home/airflow/.local/lib/python3.12/site-packages/airflow/example_dags/example_workday_timetable.py
[2025-11-01T12:56:21.076+0000] {processor.py:914} INFO - Processing file /home/airflow/.local/lib/python3.12/site-packages/airflow/example_dags/example_workday_timetable.py for tasks to queue
[2025-11-01T12:56:21.079+0000] {logging_mixin.py:190} INFO - [2025-11-01T12:56:21.078+0000] {dagbag.py:588} INFO - Filling up the DagBag from /home/airflow/.local/lib/python3.12/site-packages/airflow/example_dags/example_workday_timetable.py
[2025-11-01T12:56:21.086+0000] {processor.py:925} INFO - DAG(s) 'example_workday_timetable' retrieved from /home/airflow/.local/lib/python3.12/site-packages/airflow/example_dags/example_workday_timetable.py
[2025-11-01T12:56:21.114+0000] {logging_mixin.py:190} INFO - [2025-11-01T12:56:21.113+0000] {dag.py:3239} INFO - Sync 1 DAGs
[2025-11-01T12:56:21.183+0000] {logging_mixin.py:190} INFO - [2025-11-01T12:56:21.182+0000] {dag.py:4180} INFO - Setting next_dagrun for example_workday_timetable to 2021-01-04 00:00:00+00:00, run_after=2021-01-05 00:00:00+00:00
[2025-11-01T12:56:21.206+0000] {processor.py:208} INFO - Processing /home/airflow/.local/lib/python3.12/site-packages/airflow/example_dags/example_workday_timetable.py took 0.139 seconds
[2025-11-01T12:56:51.359+0000] {processor.py:186} INFO - Started process (PID=1947) to work on /home/airflow/.local/lib/python3.12/site-packages/airflow/example_dags/example_workday_timetable.py
[2025-11-01T12:56:51.361+0000] {processor.py:914} INFO - Processing file /home/airflow/.local/lib/python3.12/site-packages/airflow/example_dags/example_workday_timetable.py for tasks to queue
[2025-11-01T12:56:51.366+0000] {logging_mixin.py:190} INFO - [2025-11-01T12:56:51.365+0000] {dagbag.py:588} INFO - Filling up the DagBag from /home/airflow/.local/lib/python3.12/site-packages/airflow/example_dags/example_workday_timetable.py
[2025-11-01T12:56:51.375+0000] {processor.py:925} INFO - DAG(s) 'example_workday_timetable' retrieved from /home/airflow/.local/lib/python3.12/site-packages/airflow/example_dags/example_workday_timetable.py
[2025-11-01T12:56:51.402+0000] {logging_mixin.py:190} INFO - [2025-11-01T12:56:51.401+0000] {dag.py:3239} INFO - Sync 1 DAGs
[2025-11-01T12:56:51.470+0000] {logging_mixin.py:190} INFO - [2025-11-01T12:56:51.470+0000] {dag.py:4180} INFO - Setting next_dagrun for example_workday_timetable to 2021-01-04 00:00:00+00:00, run_after=2021-01-05 00:00:00+00:00
[2025-11-01T12:56:51.493+0000] {processor.py:208} INFO - Processing /home/airflow/.local/lib/python3.12/site-packages/airflow/example_dags/example_workday_timetable.py took 0.141 seconds
