[2025-11-01T12:43:45.736+0000] {processor.py:186} INFO - Started process (PID=142) to work on /home/airflow/.local/lib/python3.12/site-packages/airflow/example_dags/example_task_group_decorator.py
[2025-11-01T12:43:45.738+0000] {processor.py:914} INFO - Processing file /home/airflow/.local/lib/python3.12/site-packages/airflow/example_dags/example_task_group_decorator.py for tasks to queue
[2025-11-01T12:43:45.742+0000] {logging_mixin.py:190} INFO - [2025-11-01T12:43:45.741+0000] {dagbag.py:588} INFO - Filling up the DagBag from /home/airflow/.local/lib/python3.12/site-packages/airflow/example_dags/example_task_group_decorator.py
[2025-11-01T12:43:45.764+0000] {processor.py:925} INFO - DAG(s) 'example_task_group_decorator' retrieved from /home/airflow/.local/lib/python3.12/site-packages/airflow/example_dags/example_task_group_decorator.py
[2025-11-01T12:43:45.904+0000] {logging_mixin.py:190} INFO - [2025-11-01T12:43:45.903+0000] {override.py:1911} INFO - Created Permission View: can delete on DAG:example_task_group_decorator
[2025-11-01T12:43:45.915+0000] {logging_mixin.py:190} INFO - [2025-11-01T12:43:45.915+0000] {override.py:1911} INFO - Created Permission View: can edit on DAG:example_task_group_decorator
[2025-11-01T12:43:45.924+0000] {logging_mixin.py:190} INFO - [2025-11-01T12:43:45.923+0000] {override.py:1911} INFO - Created Permission View: can read on DAG:example_task_group_decorator
[2025-11-01T12:43:45.933+0000] {logging_mixin.py:190} INFO - [2025-11-01T12:43:45.933+0000] {override.py:1911} INFO - Created Permission View: menu access on DAG Run:example_task_group_decorator
[2025-11-01T12:43:45.942+0000] {logging_mixin.py:190} INFO - [2025-11-01T12:43:45.942+0000] {override.py:1911} INFO - Created Permission View: can delete on DAG Run:example_task_group_decorator
[2025-11-01T12:43:45.950+0000] {logging_mixin.py:190} INFO - [2025-11-01T12:43:45.949+0000] {override.py:1911} INFO - Created Permission View: can create on DAG Run:example_task_group_decorator
[2025-11-01T12:43:45.957+0000] {logging_mixin.py:190} INFO - [2025-11-01T12:43:45.957+0000] {override.py:1911} INFO - Created Permission View: can read on DAG Run:example_task_group_decorator
[2025-11-01T12:43:45.958+0000] {logging_mixin.py:190} INFO - [2025-11-01T12:43:45.958+0000] {dag.py:3239} INFO - Sync 1 DAGs
[2025-11-01T12:43:45.972+0000] {logging_mixin.py:190} INFO - [2025-11-01T12:43:45.972+0000] {dag.py:3262} INFO - Creating ORM DAG for example_task_group_decorator
[2025-11-01T12:43:45.973+0000] {logging_mixin.py:190} INFO - [2025-11-01T12:43:45.973+0000] {dag.py:4180} INFO - Setting next_dagrun for example_task_group_decorator to None, run_after=None
[2025-11-01T12:43:45.992+0000] {processor.py:208} INFO - Processing /home/airflow/.local/lib/python3.12/site-packages/airflow/example_dags/example_task_group_decorator.py took 0.264 seconds
[2025-11-01T12:44:16.513+0000] {processor.py:186} INFO - Started process (PID=211) to work on /home/airflow/.local/lib/python3.12/site-packages/airflow/example_dags/example_task_group_decorator.py
[2025-11-01T12:44:16.515+0000] {processor.py:914} INFO - Processing file /home/airflow/.local/lib/python3.12/site-packages/airflow/example_dags/example_task_group_decorator.py for tasks to queue
[2025-11-01T12:44:16.519+0000] {logging_mixin.py:190} INFO - [2025-11-01T12:44:16.519+0000] {dagbag.py:588} INFO - Filling up the DagBag from /home/airflow/.local/lib/python3.12/site-packages/airflow/example_dags/example_task_group_decorator.py
[2025-11-01T12:44:16.540+0000] {processor.py:925} INFO - DAG(s) 'example_task_group_decorator' retrieved from /home/airflow/.local/lib/python3.12/site-packages/airflow/example_dags/example_task_group_decorator.py
[2025-11-01T12:44:16.572+0000] {logging_mixin.py:190} INFO - [2025-11-01T12:44:16.572+0000] {dag.py:3239} INFO - Sync 1 DAGs
[2025-11-01T12:44:16.590+0000] {logging_mixin.py:190} INFO - [2025-11-01T12:44:16.590+0000] {dag.py:4180} INFO - Setting next_dagrun for example_task_group_decorator to None, run_after=None
[2025-11-01T12:44:16.615+0000] {processor.py:208} INFO - Processing /home/airflow/.local/lib/python3.12/site-packages/airflow/example_dags/example_task_group_decorator.py took 0.109 seconds
[2025-11-01T12:44:46.907+0000] {processor.py:186} INFO - Started process (PID=282) to work on /home/airflow/.local/lib/python3.12/site-packages/airflow/example_dags/example_task_group_decorator.py
[2025-11-01T12:44:46.909+0000] {processor.py:914} INFO - Processing file /home/airflow/.local/lib/python3.12/site-packages/airflow/example_dags/example_task_group_decorator.py for tasks to queue
[2025-11-01T12:44:46.912+0000] {logging_mixin.py:190} INFO - [2025-11-01T12:44:46.912+0000] {dagbag.py:588} INFO - Filling up the DagBag from /home/airflow/.local/lib/python3.12/site-packages/airflow/example_dags/example_task_group_decorator.py
[2025-11-01T12:44:46.930+0000] {processor.py:925} INFO - DAG(s) 'example_task_group_decorator' retrieved from /home/airflow/.local/lib/python3.12/site-packages/airflow/example_dags/example_task_group_decorator.py
[2025-11-01T12:44:46.958+0000] {logging_mixin.py:190} INFO - [2025-11-01T12:44:46.958+0000] {dag.py:3239} INFO - Sync 1 DAGs
[2025-11-01T12:44:46.976+0000] {logging_mixin.py:190} INFO - [2025-11-01T12:44:46.976+0000] {dag.py:4180} INFO - Setting next_dagrun for example_task_group_decorator to None, run_after=None
[2025-11-01T12:44:46.998+0000] {processor.py:208} INFO - Processing /home/airflow/.local/lib/python3.12/site-packages/airflow/example_dags/example_task_group_decorator.py took 0.098 seconds
[2025-11-01T12:45:17.140+0000] {processor.py:186} INFO - Started process (PID=352) to work on /home/airflow/.local/lib/python3.12/site-packages/airflow/example_dags/example_task_group_decorator.py
[2025-11-01T12:45:17.142+0000] {processor.py:914} INFO - Processing file /home/airflow/.local/lib/python3.12/site-packages/airflow/example_dags/example_task_group_decorator.py for tasks to queue
[2025-11-01T12:45:17.146+0000] {logging_mixin.py:190} INFO - [2025-11-01T12:45:17.145+0000] {dagbag.py:588} INFO - Filling up the DagBag from /home/airflow/.local/lib/python3.12/site-packages/airflow/example_dags/example_task_group_decorator.py
[2025-11-01T12:45:17.175+0000] {processor.py:925} INFO - DAG(s) 'example_task_group_decorator' retrieved from /home/airflow/.local/lib/python3.12/site-packages/airflow/example_dags/example_task_group_decorator.py
[2025-11-01T12:45:17.213+0000] {logging_mixin.py:190} INFO - [2025-11-01T12:45:17.213+0000] {dag.py:3239} INFO - Sync 1 DAGs
[2025-11-01T12:45:17.237+0000] {logging_mixin.py:190} INFO - [2025-11-01T12:45:17.236+0000] {dag.py:4180} INFO - Setting next_dagrun for example_task_group_decorator to None, run_after=None
[2025-11-01T12:45:17.266+0000] {processor.py:208} INFO - Processing /home/airflow/.local/lib/python3.12/site-packages/airflow/example_dags/example_task_group_decorator.py took 0.138 seconds
[2025-11-01T12:45:48.151+0000] {processor.py:186} INFO - Started process (PID=423) to work on /home/airflow/.local/lib/python3.12/site-packages/airflow/example_dags/example_task_group_decorator.py
[2025-11-01T12:45:48.152+0000] {processor.py:914} INFO - Processing file /home/airflow/.local/lib/python3.12/site-packages/airflow/example_dags/example_task_group_decorator.py for tasks to queue
[2025-11-01T12:45:48.155+0000] {logging_mixin.py:190} INFO - [2025-11-01T12:45:48.155+0000] {dagbag.py:588} INFO - Filling up the DagBag from /home/airflow/.local/lib/python3.12/site-packages/airflow/example_dags/example_task_group_decorator.py
[2025-11-01T12:45:48.173+0000] {processor.py:925} INFO - DAG(s) 'example_task_group_decorator' retrieved from /home/airflow/.local/lib/python3.12/site-packages/airflow/example_dags/example_task_group_decorator.py
[2025-11-01T12:45:48.203+0000] {logging_mixin.py:190} INFO - [2025-11-01T12:45:48.202+0000] {dag.py:3239} INFO - Sync 1 DAGs
[2025-11-01T12:45:48.220+0000] {logging_mixin.py:190} INFO - [2025-11-01T12:45:48.219+0000] {dag.py:4180} INFO - Setting next_dagrun for example_task_group_decorator to None, run_after=None
[2025-11-01T12:45:48.243+0000] {processor.py:208} INFO - Processing /home/airflow/.local/lib/python3.12/site-packages/airflow/example_dags/example_task_group_decorator.py took 0.099 seconds
[2025-11-01T12:46:18.329+0000] {processor.py:186} INFO - Started process (PID=493) to work on /home/airflow/.local/lib/python3.12/site-packages/airflow/example_dags/example_task_group_decorator.py
[2025-11-01T12:46:18.331+0000] {processor.py:914} INFO - Processing file /home/airflow/.local/lib/python3.12/site-packages/airflow/example_dags/example_task_group_decorator.py for tasks to queue
[2025-11-01T12:46:18.334+0000] {logging_mixin.py:190} INFO - [2025-11-01T12:46:18.334+0000] {dagbag.py:588} INFO - Filling up the DagBag from /home/airflow/.local/lib/python3.12/site-packages/airflow/example_dags/example_task_group_decorator.py
[2025-11-01T12:46:18.353+0000] {processor.py:925} INFO - DAG(s) 'example_task_group_decorator' retrieved from /home/airflow/.local/lib/python3.12/site-packages/airflow/example_dags/example_task_group_decorator.py
[2025-11-01T12:46:18.381+0000] {logging_mixin.py:190} INFO - [2025-11-01T12:46:18.381+0000] {dag.py:3239} INFO - Sync 1 DAGs
[2025-11-01T12:46:18.397+0000] {logging_mixin.py:190} INFO - [2025-11-01T12:46:18.397+0000] {dag.py:4180} INFO - Setting next_dagrun for example_task_group_decorator to None, run_after=None
[2025-11-01T12:46:18.420+0000] {processor.py:208} INFO - Processing /home/airflow/.local/lib/python3.12/site-packages/airflow/example_dags/example_task_group_decorator.py took 0.098 seconds
[2025-11-01T12:46:49.149+0000] {processor.py:186} INFO - Started process (PID=563) to work on /home/airflow/.local/lib/python3.12/site-packages/airflow/example_dags/example_task_group_decorator.py
[2025-11-01T12:46:49.151+0000] {processor.py:914} INFO - Processing file /home/airflow/.local/lib/python3.12/site-packages/airflow/example_dags/example_task_group_decorator.py for tasks to queue
[2025-11-01T12:46:49.155+0000] {logging_mixin.py:190} INFO - [2025-11-01T12:46:49.154+0000] {dagbag.py:588} INFO - Filling up the DagBag from /home/airflow/.local/lib/python3.12/site-packages/airflow/example_dags/example_task_group_decorator.py
[2025-11-01T12:46:49.180+0000] {processor.py:925} INFO - DAG(s) 'example_task_group_decorator' retrieved from /home/airflow/.local/lib/python3.12/site-packages/airflow/example_dags/example_task_group_decorator.py
[2025-11-01T12:46:49.218+0000] {logging_mixin.py:190} INFO - [2025-11-01T12:46:49.217+0000] {dag.py:3239} INFO - Sync 1 DAGs
[2025-11-01T12:46:49.237+0000] {logging_mixin.py:190} INFO - [2025-11-01T12:46:49.237+0000] {dag.py:4180} INFO - Setting next_dagrun for example_task_group_decorator to None, run_after=None
[2025-11-01T12:46:49.264+0000] {processor.py:208} INFO - Processing /home/airflow/.local/lib/python3.12/site-packages/airflow/example_dags/example_task_group_decorator.py took 0.124 seconds
[2025-11-01T12:47:19.645+0000] {processor.py:186} INFO - Started process (PID=633) to work on /home/airflow/.local/lib/python3.12/site-packages/airflow/example_dags/example_task_group_decorator.py
[2025-11-01T12:47:19.646+0000] {processor.py:914} INFO - Processing file /home/airflow/.local/lib/python3.12/site-packages/airflow/example_dags/example_task_group_decorator.py for tasks to queue
[2025-11-01T12:47:19.651+0000] {logging_mixin.py:190} INFO - [2025-11-01T12:47:19.650+0000] {dagbag.py:588} INFO - Filling up the DagBag from /home/airflow/.local/lib/python3.12/site-packages/airflow/example_dags/example_task_group_decorator.py
[2025-11-01T12:47:19.674+0000] {processor.py:925} INFO - DAG(s) 'example_task_group_decorator' retrieved from /home/airflow/.local/lib/python3.12/site-packages/airflow/example_dags/example_task_group_decorator.py
[2025-11-01T12:47:19.705+0000] {logging_mixin.py:190} INFO - [2025-11-01T12:47:19.704+0000] {dag.py:3239} INFO - Sync 1 DAGs
[2025-11-01T12:47:19.721+0000] {logging_mixin.py:190} INFO - [2025-11-01T12:47:19.720+0000] {dag.py:4180} INFO - Setting next_dagrun for example_task_group_decorator to None, run_after=None
[2025-11-01T12:47:19.743+0000] {processor.py:208} INFO - Processing /home/airflow/.local/lib/python3.12/site-packages/airflow/example_dags/example_task_group_decorator.py took 0.106 seconds
[2025-11-01T12:47:50.495+0000] {processor.py:186} INFO - Started process (PID=703) to work on /home/airflow/.local/lib/python3.12/site-packages/airflow/example_dags/example_task_group_decorator.py
[2025-11-01T12:47:50.496+0000] {processor.py:914} INFO - Processing file /home/airflow/.local/lib/python3.12/site-packages/airflow/example_dags/example_task_group_decorator.py for tasks to queue
[2025-11-01T12:47:50.500+0000] {logging_mixin.py:190} INFO - [2025-11-01T12:47:50.500+0000] {dagbag.py:588} INFO - Filling up the DagBag from /home/airflow/.local/lib/python3.12/site-packages/airflow/example_dags/example_task_group_decorator.py
[2025-11-01T12:47:50.522+0000] {processor.py:925} INFO - DAG(s) 'example_task_group_decorator' retrieved from /home/airflow/.local/lib/python3.12/site-packages/airflow/example_dags/example_task_group_decorator.py
[2025-11-01T12:47:50.557+0000] {logging_mixin.py:190} INFO - [2025-11-01T12:47:50.556+0000] {dag.py:3239} INFO - Sync 1 DAGs
[2025-11-01T12:47:50.577+0000] {logging_mixin.py:190} INFO - [2025-11-01T12:47:50.577+0000] {dag.py:4180} INFO - Setting next_dagrun for example_task_group_decorator to None, run_after=None
[2025-11-01T12:47:50.604+0000] {processor.py:208} INFO - Processing /home/airflow/.local/lib/python3.12/site-packages/airflow/example_dags/example_task_group_decorator.py took 0.119 seconds
[2025-11-01T12:48:20.918+0000] {processor.py:186} INFO - Started process (PID=773) to work on /home/airflow/.local/lib/python3.12/site-packages/airflow/example_dags/example_task_group_decorator.py
[2025-11-01T12:48:20.920+0000] {processor.py:914} INFO - Processing file /home/airflow/.local/lib/python3.12/site-packages/airflow/example_dags/example_task_group_decorator.py for tasks to queue
[2025-11-01T12:48:20.923+0000] {logging_mixin.py:190} INFO - [2025-11-01T12:48:20.923+0000] {dagbag.py:588} INFO - Filling up the DagBag from /home/airflow/.local/lib/python3.12/site-packages/airflow/example_dags/example_task_group_decorator.py
[2025-11-01T12:48:20.942+0000] {processor.py:925} INFO - DAG(s) 'example_task_group_decorator' retrieved from /home/airflow/.local/lib/python3.12/site-packages/airflow/example_dags/example_task_group_decorator.py
[2025-11-01T12:48:20.978+0000] {logging_mixin.py:190} INFO - [2025-11-01T12:48:20.978+0000] {dag.py:3239} INFO - Sync 1 DAGs
[2025-11-01T12:48:20.997+0000] {logging_mixin.py:190} INFO - [2025-11-01T12:48:20.996+0000] {dag.py:4180} INFO - Setting next_dagrun for example_task_group_decorator to None, run_after=None
[2025-11-01T12:48:21.020+0000] {processor.py:208} INFO - Processing /home/airflow/.local/lib/python3.12/site-packages/airflow/example_dags/example_task_group_decorator.py took 0.109 seconds
[2025-11-01T12:48:51.938+0000] {processor.py:186} INFO - Started process (PID=844) to work on /home/airflow/.local/lib/python3.12/site-packages/airflow/example_dags/example_task_group_decorator.py
[2025-11-01T12:48:51.940+0000] {processor.py:914} INFO - Processing file /home/airflow/.local/lib/python3.12/site-packages/airflow/example_dags/example_task_group_decorator.py for tasks to queue
[2025-11-01T12:48:51.944+0000] {logging_mixin.py:190} INFO - [2025-11-01T12:48:51.944+0000] {dagbag.py:588} INFO - Filling up the DagBag from /home/airflow/.local/lib/python3.12/site-packages/airflow/example_dags/example_task_group_decorator.py
[2025-11-01T12:48:51.964+0000] {processor.py:925} INFO - DAG(s) 'example_task_group_decorator' retrieved from /home/airflow/.local/lib/python3.12/site-packages/airflow/example_dags/example_task_group_decorator.py
[2025-11-01T12:48:51.995+0000] {logging_mixin.py:190} INFO - [2025-11-01T12:48:51.994+0000] {dag.py:3239} INFO - Sync 1 DAGs
[2025-11-01T12:48:52.013+0000] {logging_mixin.py:190} INFO - [2025-11-01T12:48:52.013+0000] {dag.py:4180} INFO - Setting next_dagrun for example_task_group_decorator to None, run_after=None
[2025-11-01T12:48:52.035+0000] {processor.py:208} INFO - Processing /home/airflow/.local/lib/python3.12/site-packages/airflow/example_dags/example_task_group_decorator.py took 0.104 seconds
[2025-11-01T12:49:22.445+0000] {processor.py:186} INFO - Started process (PID=915) to work on /home/airflow/.local/lib/python3.12/site-packages/airflow/example_dags/example_task_group_decorator.py
[2025-11-01T12:49:22.447+0000] {processor.py:914} INFO - Processing file /home/airflow/.local/lib/python3.12/site-packages/airflow/example_dags/example_task_group_decorator.py for tasks to queue
[2025-11-01T12:49:22.450+0000] {logging_mixin.py:190} INFO - [2025-11-01T12:49:22.450+0000] {dagbag.py:588} INFO - Filling up the DagBag from /home/airflow/.local/lib/python3.12/site-packages/airflow/example_dags/example_task_group_decorator.py
[2025-11-01T12:49:22.470+0000] {processor.py:925} INFO - DAG(s) 'example_task_group_decorator' retrieved from /home/airflow/.local/lib/python3.12/site-packages/airflow/example_dags/example_task_group_decorator.py
[2025-11-01T12:49:22.502+0000] {logging_mixin.py:190} INFO - [2025-11-01T12:49:22.501+0000] {dag.py:3239} INFO - Sync 1 DAGs
[2025-11-01T12:49:22.519+0000] {logging_mixin.py:190} INFO - [2025-11-01T12:49:22.518+0000] {dag.py:4180} INFO - Setting next_dagrun for example_task_group_decorator to None, run_after=None
[2025-11-01T12:49:22.541+0000] {processor.py:208} INFO - Processing /home/airflow/.local/lib/python3.12/site-packages/airflow/example_dags/example_task_group_decorator.py took 0.104 seconds
[2025-11-01T12:49:53.124+0000] {processor.py:186} INFO - Started process (PID=987) to work on /home/airflow/.local/lib/python3.12/site-packages/airflow/example_dags/example_task_group_decorator.py
[2025-11-01T12:49:53.126+0000] {processor.py:914} INFO - Processing file /home/airflow/.local/lib/python3.12/site-packages/airflow/example_dags/example_task_group_decorator.py for tasks to queue
[2025-11-01T12:49:53.130+0000] {logging_mixin.py:190} INFO - [2025-11-01T12:49:53.129+0000] {dagbag.py:588} INFO - Filling up the DagBag from /home/airflow/.local/lib/python3.12/site-packages/airflow/example_dags/example_task_group_decorator.py
[2025-11-01T12:49:53.154+0000] {processor.py:925} INFO - DAG(s) 'example_task_group_decorator' retrieved from /home/airflow/.local/lib/python3.12/site-packages/airflow/example_dags/example_task_group_decorator.py
[2025-11-01T12:49:53.196+0000] {logging_mixin.py:190} INFO - [2025-11-01T12:49:53.196+0000] {dag.py:3239} INFO - Sync 1 DAGs
[2025-11-01T12:49:53.217+0000] {logging_mixin.py:190} INFO - [2025-11-01T12:49:53.217+0000] {dag.py:4180} INFO - Setting next_dagrun for example_task_group_decorator to None, run_after=None
[2025-11-01T12:49:53.247+0000] {processor.py:208} INFO - Processing /home/airflow/.local/lib/python3.12/site-packages/airflow/example_dags/example_task_group_decorator.py took 0.131 seconds
[2025-11-01T12:50:24.086+0000] {processor.py:186} INFO - Started process (PID=1062) to work on /home/airflow/.local/lib/python3.12/site-packages/airflow/example_dags/example_task_group_decorator.py
[2025-11-01T12:50:24.088+0000] {processor.py:914} INFO - Processing file /home/airflow/.local/lib/python3.12/site-packages/airflow/example_dags/example_task_group_decorator.py for tasks to queue
[2025-11-01T12:50:24.091+0000] {logging_mixin.py:190} INFO - [2025-11-01T12:50:24.091+0000] {dagbag.py:588} INFO - Filling up the DagBag from /home/airflow/.local/lib/python3.12/site-packages/airflow/example_dags/example_task_group_decorator.py
[2025-11-01T12:50:24.113+0000] {processor.py:925} INFO - DAG(s) 'example_task_group_decorator' retrieved from /home/airflow/.local/lib/python3.12/site-packages/airflow/example_dags/example_task_group_decorator.py
[2025-11-01T12:50:24.142+0000] {logging_mixin.py:190} INFO - [2025-11-01T12:50:24.142+0000] {dag.py:3239} INFO - Sync 1 DAGs
[2025-11-01T12:50:24.158+0000] {logging_mixin.py:190} INFO - [2025-11-01T12:50:24.158+0000] {dag.py:4180} INFO - Setting next_dagrun for example_task_group_decorator to None, run_after=None
[2025-11-01T12:50:24.181+0000] {processor.py:208} INFO - Processing /home/airflow/.local/lib/python3.12/site-packages/airflow/example_dags/example_task_group_decorator.py took 0.102 seconds
[2025-11-01T12:50:54.728+0000] {processor.py:186} INFO - Started process (PID=1133) to work on /home/airflow/.local/lib/python3.12/site-packages/airflow/example_dags/example_task_group_decorator.py
[2025-11-01T12:50:54.729+0000] {processor.py:914} INFO - Processing file /home/airflow/.local/lib/python3.12/site-packages/airflow/example_dags/example_task_group_decorator.py for tasks to queue
[2025-11-01T12:50:54.733+0000] {logging_mixin.py:190} INFO - [2025-11-01T12:50:54.732+0000] {dagbag.py:588} INFO - Filling up the DagBag from /home/airflow/.local/lib/python3.12/site-packages/airflow/example_dags/example_task_group_decorator.py
[2025-11-01T12:50:54.752+0000] {processor.py:925} INFO - DAG(s) 'example_task_group_decorator' retrieved from /home/airflow/.local/lib/python3.12/site-packages/airflow/example_dags/example_task_group_decorator.py
[2025-11-01T12:50:54.783+0000] {logging_mixin.py:190} INFO - [2025-11-01T12:50:54.783+0000] {dag.py:3239} INFO - Sync 1 DAGs
[2025-11-01T12:50:54.799+0000] {logging_mixin.py:190} INFO - [2025-11-01T12:50:54.799+0000] {dag.py:4180} INFO - Setting next_dagrun for example_task_group_decorator to None, run_after=None
[2025-11-01T12:50:54.821+0000] {processor.py:208} INFO - Processing /home/airflow/.local/lib/python3.12/site-packages/airflow/example_dags/example_task_group_decorator.py took 0.100 seconds
[2025-11-01T12:51:25.134+0000] {processor.py:186} INFO - Started process (PID=1204) to work on /home/airflow/.local/lib/python3.12/site-packages/airflow/example_dags/example_task_group_decorator.py
[2025-11-01T12:51:25.135+0000] {processor.py:914} INFO - Processing file /home/airflow/.local/lib/python3.12/site-packages/airflow/example_dags/example_task_group_decorator.py for tasks to queue
[2025-11-01T12:51:25.139+0000] {logging_mixin.py:190} INFO - [2025-11-01T12:51:25.138+0000] {dagbag.py:588} INFO - Filling up the DagBag from /home/airflow/.local/lib/python3.12/site-packages/airflow/example_dags/example_task_group_decorator.py
[2025-11-01T12:51:25.157+0000] {processor.py:925} INFO - DAG(s) 'example_task_group_decorator' retrieved from /home/airflow/.local/lib/python3.12/site-packages/airflow/example_dags/example_task_group_decorator.py
[2025-11-01T12:51:25.187+0000] {logging_mixin.py:190} INFO - [2025-11-01T12:51:25.186+0000] {dag.py:3239} INFO - Sync 1 DAGs
[2025-11-01T12:51:25.204+0000] {logging_mixin.py:190} INFO - [2025-11-01T12:51:25.204+0000] {dag.py:4180} INFO - Setting next_dagrun for example_task_group_decorator to None, run_after=None
[2025-11-01T12:51:25.225+0000] {processor.py:208} INFO - Processing /home/airflow/.local/lib/python3.12/site-packages/airflow/example_dags/example_task_group_decorator.py took 0.098 seconds
[2025-11-01T12:51:55.622+0000] {processor.py:186} INFO - Started process (PID=1281) to work on /home/airflow/.local/lib/python3.12/site-packages/airflow/example_dags/example_task_group_decorator.py
[2025-11-01T12:51:55.623+0000] {processor.py:914} INFO - Processing file /home/airflow/.local/lib/python3.12/site-packages/airflow/example_dags/example_task_group_decorator.py for tasks to queue
[2025-11-01T12:51:55.627+0000] {logging_mixin.py:190} INFO - [2025-11-01T12:51:55.627+0000] {dagbag.py:588} INFO - Filling up the DagBag from /home/airflow/.local/lib/python3.12/site-packages/airflow/example_dags/example_task_group_decorator.py
[2025-11-01T12:51:55.650+0000] {processor.py:925} INFO - DAG(s) 'example_task_group_decorator' retrieved from /home/airflow/.local/lib/python3.12/site-packages/airflow/example_dags/example_task_group_decorator.py
[2025-11-01T12:51:55.684+0000] {logging_mixin.py:190} INFO - [2025-11-01T12:51:55.684+0000] {dag.py:3239} INFO - Sync 1 DAGs
[2025-11-01T12:51:55.702+0000] {logging_mixin.py:190} INFO - [2025-11-01T12:51:55.702+0000] {dag.py:4180} INFO - Setting next_dagrun for example_task_group_decorator to None, run_after=None
[2025-11-01T12:51:55.725+0000] {processor.py:208} INFO - Processing /home/airflow/.local/lib/python3.12/site-packages/airflow/example_dags/example_task_group_decorator.py took 0.110 seconds
[2025-11-01T12:52:25.985+0000] {processor.py:186} INFO - Started process (PID=1352) to work on /home/airflow/.local/lib/python3.12/site-packages/airflow/example_dags/example_task_group_decorator.py
[2025-11-01T12:52:25.987+0000] {processor.py:914} INFO - Processing file /home/airflow/.local/lib/python3.12/site-packages/airflow/example_dags/example_task_group_decorator.py for tasks to queue
[2025-11-01T12:52:25.990+0000] {logging_mixin.py:190} INFO - [2025-11-01T12:52:25.990+0000] {dagbag.py:588} INFO - Filling up the DagBag from /home/airflow/.local/lib/python3.12/site-packages/airflow/example_dags/example_task_group_decorator.py
[2025-11-01T12:52:26.017+0000] {processor.py:925} INFO - DAG(s) 'example_task_group_decorator' retrieved from /home/airflow/.local/lib/python3.12/site-packages/airflow/example_dags/example_task_group_decorator.py
[2025-11-01T12:52:26.049+0000] {logging_mixin.py:190} INFO - [2025-11-01T12:52:26.048+0000] {dag.py:3239} INFO - Sync 1 DAGs
[2025-11-01T12:52:26.067+0000] {logging_mixin.py:190} INFO - [2025-11-01T12:52:26.067+0000] {dag.py:4180} INFO - Setting next_dagrun for example_task_group_decorator to None, run_after=None
[2025-11-01T12:52:26.092+0000] {processor.py:208} INFO - Processing /home/airflow/.local/lib/python3.12/site-packages/airflow/example_dags/example_task_group_decorator.py took 0.115 seconds
[2025-11-01T12:52:56.943+0000] {processor.py:186} INFO - Started process (PID=1423) to work on /home/airflow/.local/lib/python3.12/site-packages/airflow/example_dags/example_task_group_decorator.py
[2025-11-01T12:52:56.944+0000] {processor.py:914} INFO - Processing file /home/airflow/.local/lib/python3.12/site-packages/airflow/example_dags/example_task_group_decorator.py for tasks to queue
[2025-11-01T12:52:56.948+0000] {logging_mixin.py:190} INFO - [2025-11-01T12:52:56.948+0000] {dagbag.py:588} INFO - Filling up the DagBag from /home/airflow/.local/lib/python3.12/site-packages/airflow/example_dags/example_task_group_decorator.py
[2025-11-01T12:52:56.968+0000] {processor.py:925} INFO - DAG(s) 'example_task_group_decorator' retrieved from /home/airflow/.local/lib/python3.12/site-packages/airflow/example_dags/example_task_group_decorator.py
[2025-11-01T12:52:57.001+0000] {logging_mixin.py:190} INFO - [2025-11-01T12:52:57.000+0000] {dag.py:3239} INFO - Sync 1 DAGs
[2025-11-01T12:52:57.016+0000] {logging_mixin.py:190} INFO - [2025-11-01T12:52:57.016+0000] {dag.py:4180} INFO - Setting next_dagrun for example_task_group_decorator to None, run_after=None
[2025-11-01T12:52:57.038+0000] {processor.py:208} INFO - Processing /home/airflow/.local/lib/python3.12/site-packages/airflow/example_dags/example_task_group_decorator.py took 0.103 seconds
[2025-11-01T12:53:27.261+0000] {processor.py:186} INFO - Started process (PID=1494) to work on /home/airflow/.local/lib/python3.12/site-packages/airflow/example_dags/example_task_group_decorator.py
[2025-11-01T12:53:27.263+0000] {processor.py:914} INFO - Processing file /home/airflow/.local/lib/python3.12/site-packages/airflow/example_dags/example_task_group_decorator.py for tasks to queue
[2025-11-01T12:53:27.267+0000] {logging_mixin.py:190} INFO - [2025-11-01T12:53:27.267+0000] {dagbag.py:588} INFO - Filling up the DagBag from /home/airflow/.local/lib/python3.12/site-packages/airflow/example_dags/example_task_group_decorator.py
[2025-11-01T12:53:27.289+0000] {processor.py:925} INFO - DAG(s) 'example_task_group_decorator' retrieved from /home/airflow/.local/lib/python3.12/site-packages/airflow/example_dags/example_task_group_decorator.py
[2025-11-01T12:53:27.320+0000] {logging_mixin.py:190} INFO - [2025-11-01T12:53:27.319+0000] {dag.py:3239} INFO - Sync 1 DAGs
[2025-11-01T12:53:27.337+0000] {logging_mixin.py:190} INFO - [2025-11-01T12:53:27.337+0000] {dag.py:4180} INFO - Setting next_dagrun for example_task_group_decorator to None, run_after=None
[2025-11-01T12:53:27.357+0000] {processor.py:208} INFO - Processing /home/airflow/.local/lib/python3.12/site-packages/airflow/example_dags/example_task_group_decorator.py took 0.105 seconds
[2025-11-01T12:53:58.070+0000] {processor.py:186} INFO - Started process (PID=1566) to work on /home/airflow/.local/lib/python3.12/site-packages/airflow/example_dags/example_task_group_decorator.py
[2025-11-01T12:53:58.072+0000] {processor.py:914} INFO - Processing file /home/airflow/.local/lib/python3.12/site-packages/airflow/example_dags/example_task_group_decorator.py for tasks to queue
[2025-11-01T12:53:58.076+0000] {logging_mixin.py:190} INFO - [2025-11-01T12:53:58.076+0000] {dagbag.py:588} INFO - Filling up the DagBag from /home/airflow/.local/lib/python3.12/site-packages/airflow/example_dags/example_task_group_decorator.py
[2025-11-01T12:53:58.101+0000] {processor.py:925} INFO - DAG(s) 'example_task_group_decorator' retrieved from /home/airflow/.local/lib/python3.12/site-packages/airflow/example_dags/example_task_group_decorator.py
[2025-11-01T12:53:58.142+0000] {logging_mixin.py:190} INFO - [2025-11-01T12:53:58.142+0000] {dag.py:3239} INFO - Sync 1 DAGs
[2025-11-01T12:53:58.163+0000] {logging_mixin.py:190} INFO - [2025-11-01T12:53:58.162+0000] {dag.py:4180} INFO - Setting next_dagrun for example_task_group_decorator to None, run_after=None
[2025-11-01T12:53:58.187+0000] {processor.py:208} INFO - Processing /home/airflow/.local/lib/python3.12/site-packages/airflow/example_dags/example_task_group_decorator.py took 0.124 seconds
[2025-11-01T12:54:28.676+0000] {processor.py:186} INFO - Started process (PID=1637) to work on /home/airflow/.local/lib/python3.12/site-packages/airflow/example_dags/example_task_group_decorator.py
[2025-11-01T12:54:28.677+0000] {processor.py:914} INFO - Processing file /home/airflow/.local/lib/python3.12/site-packages/airflow/example_dags/example_task_group_decorator.py for tasks to queue
[2025-11-01T12:54:28.681+0000] {logging_mixin.py:190} INFO - [2025-11-01T12:54:28.680+0000] {dagbag.py:588} INFO - Filling up the DagBag from /home/airflow/.local/lib/python3.12/site-packages/airflow/example_dags/example_task_group_decorator.py
[2025-11-01T12:54:28.701+0000] {processor.py:925} INFO - DAG(s) 'example_task_group_decorator' retrieved from /home/airflow/.local/lib/python3.12/site-packages/airflow/example_dags/example_task_group_decorator.py
[2025-11-01T12:54:28.732+0000] {logging_mixin.py:190} INFO - [2025-11-01T12:54:28.731+0000] {dag.py:3239} INFO - Sync 1 DAGs
[2025-11-01T12:54:28.757+0000] {logging_mixin.py:190} INFO - [2025-11-01T12:54:28.757+0000] {dag.py:4180} INFO - Setting next_dagrun for example_task_group_decorator to None, run_after=None
[2025-11-01T12:54:28.784+0000] {processor.py:208} INFO - Processing /home/airflow/.local/lib/python3.12/site-packages/airflow/example_dags/example_task_group_decorator.py took 0.116 seconds
[2025-11-01T12:54:58.996+0000] {processor.py:186} INFO - Started process (PID=1708) to work on /home/airflow/.local/lib/python3.12/site-packages/airflow/example_dags/example_task_group_decorator.py
[2025-11-01T12:54:58.998+0000] {processor.py:914} INFO - Processing file /home/airflow/.local/lib/python3.12/site-packages/airflow/example_dags/example_task_group_decorator.py for tasks to queue
[2025-11-01T12:54:59.001+0000] {logging_mixin.py:190} INFO - [2025-11-01T12:54:59.001+0000] {dagbag.py:588} INFO - Filling up the DagBag from /home/airflow/.local/lib/python3.12/site-packages/airflow/example_dags/example_task_group_decorator.py
[2025-11-01T12:54:59.020+0000] {processor.py:925} INFO - DAG(s) 'example_task_group_decorator' retrieved from /home/airflow/.local/lib/python3.12/site-packages/airflow/example_dags/example_task_group_decorator.py
[2025-11-01T12:54:59.049+0000] {logging_mixin.py:190} INFO - [2025-11-01T12:54:59.048+0000] {dag.py:3239} INFO - Sync 1 DAGs
[2025-11-01T12:54:59.065+0000] {logging_mixin.py:190} INFO - [2025-11-01T12:54:59.065+0000] {dag.py:4180} INFO - Setting next_dagrun for example_task_group_decorator to None, run_after=None
[2025-11-01T12:54:59.086+0000] {processor.py:208} INFO - Processing /home/airflow/.local/lib/python3.12/site-packages/airflow/example_dags/example_task_group_decorator.py took 0.097 seconds
[2025-11-01T12:55:29.228+0000] {processor.py:186} INFO - Started process (PID=1779) to work on /home/airflow/.local/lib/python3.12/site-packages/airflow/example_dags/example_task_group_decorator.py
[2025-11-01T12:55:29.230+0000] {processor.py:914} INFO - Processing file /home/airflow/.local/lib/python3.12/site-packages/airflow/example_dags/example_task_group_decorator.py for tasks to queue
[2025-11-01T12:55:29.234+0000] {logging_mixin.py:190} INFO - [2025-11-01T12:55:29.234+0000] {dagbag.py:588} INFO - Filling up the DagBag from /home/airflow/.local/lib/python3.12/site-packages/airflow/example_dags/example_task_group_decorator.py
[2025-11-01T12:55:29.253+0000] {processor.py:925} INFO - DAG(s) 'example_task_group_decorator' retrieved from /home/airflow/.local/lib/python3.12/site-packages/airflow/example_dags/example_task_group_decorator.py
[2025-11-01T12:55:29.284+0000] {logging_mixin.py:190} INFO - [2025-11-01T12:55:29.283+0000] {dag.py:3239} INFO - Sync 1 DAGs
[2025-11-01T12:55:29.300+0000] {logging_mixin.py:190} INFO - [2025-11-01T12:55:29.300+0000] {dag.py:4180} INFO - Setting next_dagrun for example_task_group_decorator to None, run_after=None
[2025-11-01T12:55:29.322+0000] {processor.py:208} INFO - Processing /home/airflow/.local/lib/python3.12/site-packages/airflow/example_dags/example_task_group_decorator.py took 0.101 seconds
[2025-11-01T12:55:59.552+0000] {processor.py:186} INFO - Started process (PID=1849) to work on /home/airflow/.local/lib/python3.12/site-packages/airflow/example_dags/example_task_group_decorator.py
[2025-11-01T12:55:59.554+0000] {processor.py:914} INFO - Processing file /home/airflow/.local/lib/python3.12/site-packages/airflow/example_dags/example_task_group_decorator.py for tasks to queue
[2025-11-01T12:55:59.557+0000] {logging_mixin.py:190} INFO - [2025-11-01T12:55:59.557+0000] {dagbag.py:588} INFO - Filling up the DagBag from /home/airflow/.local/lib/python3.12/site-packages/airflow/example_dags/example_task_group_decorator.py
[2025-11-01T12:55:59.576+0000] {processor.py:925} INFO - DAG(s) 'example_task_group_decorator' retrieved from /home/airflow/.local/lib/python3.12/site-packages/airflow/example_dags/example_task_group_decorator.py
[2025-11-01T12:55:59.605+0000] {logging_mixin.py:190} INFO - [2025-11-01T12:55:59.604+0000] {dag.py:3239} INFO - Sync 1 DAGs
[2025-11-01T12:55:59.620+0000] {logging_mixin.py:190} INFO - [2025-11-01T12:55:59.619+0000] {dag.py:4180} INFO - Setting next_dagrun for example_task_group_decorator to None, run_after=None
[2025-11-01T12:55:59.641+0000] {processor.py:208} INFO - Processing /home/airflow/.local/lib/python3.12/site-packages/airflow/example_dags/example_task_group_decorator.py took 0.096 seconds
[2025-11-01T12:56:29.997+0000] {processor.py:186} INFO - Started process (PID=1920) to work on /home/airflow/.local/lib/python3.12/site-packages/airflow/example_dags/example_task_group_decorator.py
[2025-11-01T12:56:29.999+0000] {processor.py:914} INFO - Processing file /home/airflow/.local/lib/python3.12/site-packages/airflow/example_dags/example_task_group_decorator.py for tasks to queue
[2025-11-01T12:56:30.003+0000] {logging_mixin.py:190} INFO - [2025-11-01T12:56:30.002+0000] {dagbag.py:588} INFO - Filling up the DagBag from /home/airflow/.local/lib/python3.12/site-packages/airflow/example_dags/example_task_group_decorator.py
[2025-11-01T12:56:30.021+0000] {processor.py:925} INFO - DAG(s) 'example_task_group_decorator' retrieved from /home/airflow/.local/lib/python3.12/site-packages/airflow/example_dags/example_task_group_decorator.py
[2025-11-01T12:56:30.052+0000] {logging_mixin.py:190} INFO - [2025-11-01T12:56:30.051+0000] {dag.py:3239} INFO - Sync 1 DAGs
[2025-11-01T12:56:30.067+0000] {logging_mixin.py:190} INFO - [2025-11-01T12:56:30.067+0000] {dag.py:4180} INFO - Setting next_dagrun for example_task_group_decorator to None, run_after=None
[2025-11-01T12:56:30.090+0000] {processor.py:208} INFO - Processing /home/airflow/.local/lib/python3.12/site-packages/airflow/example_dags/example_task_group_decorator.py took 0.100 seconds
