[2025-11-01T12:43:45.736+0000] {processor.py:186} INFO - Started process (PID=141) to work on /home/airflow/.local/lib/python3.12/site-packages/airflow/example_dags/example_branch_datetime_operator.py
[2025-11-01T12:43:45.737+0000] {processor.py:914} INFO - Processing file /home/airflow/.local/lib/python3.12/site-packages/airflow/example_dags/example_branch_datetime_operator.py for tasks to queue
[2025-11-01T12:43:45.741+0000] {logging_mixin.py:190} INFO - [2025-11-01T12:43:45.740+0000] {dagbag.py:588} INFO - Filling up the DagBag from /home/airflow/.local/lib/python3.12/site-packages/airflow/example_dags/example_branch_datetime_operator.py
[2025-11-01T12:43:45.757+0000] {processor.py:925} INFO - DAG(s) 'example_branch_datetime_operator_3', 'example_branch_datetime_operator', 'example_branch_datetime_operator_2' retrieved from /home/airflow/.local/lib/python3.12/site-packages/airflow/example_dags/example_branch_datetime_operator.py
[2025-11-01T12:43:45.893+0000] {logging_mixin.py:190} INFO - [2025-11-01T12:43:45.892+0000] {override.py:1911} INFO - Created Permission View: can delete on DAG:example_branch_datetime_operator_3
[2025-11-01T12:43:45.905+0000] {logging_mixin.py:190} INFO - [2025-11-01T12:43:45.904+0000] {override.py:1911} INFO - Created Permission View: can edit on DAG:example_branch_datetime_operator_3
[2025-11-01T12:43:45.914+0000] {logging_mixin.py:190} INFO - [2025-11-01T12:43:45.913+0000] {override.py:1911} INFO - Created Permission View: can read on DAG:example_branch_datetime_operator_3
[2025-11-01T12:43:45.925+0000] {logging_mixin.py:190} INFO - [2025-11-01T12:43:45.924+0000] {override.py:1911} INFO - Created Permission View: menu access on DAG Run:example_branch_datetime_operator_3
[2025-11-01T12:43:45.932+0000] {logging_mixin.py:190} INFO - [2025-11-01T12:43:45.932+0000] {override.py:1911} INFO - Created Permission View: can delete on DAG Run:example_branch_datetime_operator_3
[2025-11-01T12:43:45.941+0000] {logging_mixin.py:190} INFO - [2025-11-01T12:43:45.940+0000] {override.py:1911} INFO - Created Permission View: can create on DAG Run:example_branch_datetime_operator_3
[2025-11-01T12:43:45.948+0000] {logging_mixin.py:190} INFO - [2025-11-01T12:43:45.948+0000] {override.py:1911} INFO - Created Permission View: can read on DAG Run:example_branch_datetime_operator_3
[2025-11-01T12:43:45.963+0000] {logging_mixin.py:190} INFO - [2025-11-01T12:43:45.963+0000] {override.py:1911} INFO - Created Permission View: can delete on DAG:example_branch_datetime_operator
[2025-11-01T12:43:45.972+0000] {logging_mixin.py:190} INFO - [2025-11-01T12:43:45.971+0000] {override.py:1911} INFO - Created Permission View: can edit on DAG:example_branch_datetime_operator
[2025-11-01T12:43:45.981+0000] {logging_mixin.py:190} INFO - [2025-11-01T12:43:45.980+0000] {override.py:1911} INFO - Created Permission View: can read on DAG:example_branch_datetime_operator
[2025-11-01T12:43:45.991+0000] {logging_mixin.py:190} INFO - [2025-11-01T12:43:45.990+0000] {override.py:1911} INFO - Created Permission View: menu access on DAG Run:example_branch_datetime_operator
[2025-11-01T12:43:46.003+0000] {logging_mixin.py:190} INFO - [2025-11-01T12:43:46.002+0000] {override.py:1911} INFO - Created Permission View: can delete on DAG Run:example_branch_datetime_operator
[2025-11-01T12:43:46.012+0000] {logging_mixin.py:190} INFO - [2025-11-01T12:43:46.012+0000] {override.py:1911} INFO - Created Permission View: can create on DAG Run:example_branch_datetime_operator
[2025-11-01T12:43:46.022+0000] {logging_mixin.py:190} INFO - [2025-11-01T12:43:46.021+0000] {override.py:1911} INFO - Created Permission View: can read on DAG Run:example_branch_datetime_operator
[2025-11-01T12:43:46.041+0000] {logging_mixin.py:190} INFO - [2025-11-01T12:43:46.040+0000] {override.py:1911} INFO - Created Permission View: can delete on DAG:example_branch_datetime_operator_2
[2025-11-01T12:43:46.051+0000] {logging_mixin.py:190} INFO - [2025-11-01T12:43:46.050+0000] {override.py:1911} INFO - Created Permission View: can edit on DAG:example_branch_datetime_operator_2
[2025-11-01T12:43:46.061+0000] {logging_mixin.py:190} INFO - [2025-11-01T12:43:46.061+0000] {override.py:1911} INFO - Created Permission View: can read on DAG:example_branch_datetime_operator_2
[2025-11-01T12:43:46.072+0000] {logging_mixin.py:190} INFO - [2025-11-01T12:43:46.072+0000] {override.py:1911} INFO - Created Permission View: menu access on DAG Run:example_branch_datetime_operator_2
[2025-11-01T12:43:46.080+0000] {logging_mixin.py:190} INFO - [2025-11-01T12:43:46.080+0000] {override.py:1911} INFO - Created Permission View: can delete on DAG Run:example_branch_datetime_operator_2
[2025-11-01T12:43:46.092+0000] {logging_mixin.py:190} INFO - [2025-11-01T12:43:46.092+0000] {override.py:1911} INFO - Created Permission View: can create on DAG Run:example_branch_datetime_operator_2
[2025-11-01T12:43:46.102+0000] {logging_mixin.py:190} INFO - [2025-11-01T12:43:46.102+0000] {override.py:1911} INFO - Created Permission View: can read on DAG Run:example_branch_datetime_operator_2
[2025-11-01T12:43:46.103+0000] {logging_mixin.py:190} INFO - [2025-11-01T12:43:46.103+0000] {dag.py:3239} INFO - Sync 3 DAGs
[2025-11-01T12:43:46.117+0000] {logging_mixin.py:190} INFO - [2025-11-01T12:43:46.117+0000] {dag.py:3262} INFO - Creating ORM DAG for example_branch_datetime_operator_3
[2025-11-01T12:43:46.119+0000] {logging_mixin.py:190} INFO - [2025-11-01T12:43:46.118+0000] {dag.py:3262} INFO - Creating ORM DAG for example_branch_datetime_operator
[2025-11-01T12:43:46.120+0000] {logging_mixin.py:190} INFO - [2025-11-01T12:43:46.120+0000] {dag.py:3262} INFO - Creating ORM DAG for example_branch_datetime_operator_2
[2025-11-01T12:43:46.134+0000] {logging_mixin.py:190} INFO - [2025-11-01T12:43:46.133+0000] {dag.py:4180} INFO - Setting next_dagrun for example_branch_datetime_operator to 2025-10-31 00:00:00+00:00, run_after=2025-11-01 00:00:00+00:00
[2025-11-01T12:43:46.137+0000] {logging_mixin.py:190} INFO - [2025-11-01T12:43:46.136+0000] {dag.py:4180} INFO - Setting next_dagrun for example_branch_datetime_operator_2 to 2025-10-31 00:00:00+00:00, run_after=2025-11-01 00:00:00+00:00
[2025-11-01T12:43:46.139+0000] {logging_mixin.py:190} INFO - [2025-11-01T12:43:46.138+0000] {dag.py:4180} INFO - Setting next_dagrun for example_branch_datetime_operator_3 to 2025-10-31 00:00:00+00:00, run_after=2025-11-01 00:00:00+00:00
[2025-11-01T12:43:46.160+0000] {processor.py:208} INFO - Processing /home/airflow/.local/lib/python3.12/site-packages/airflow/example_dags/example_branch_datetime_operator.py took 0.432 seconds
[2025-11-01T12:44:16.688+0000] {processor.py:186} INFO - Started process (PID=212) to work on /home/airflow/.local/lib/python3.12/site-packages/airflow/example_dags/example_branch_datetime_operator.py
[2025-11-01T12:44:16.689+0000] {processor.py:914} INFO - Processing file /home/airflow/.local/lib/python3.12/site-packages/airflow/example_dags/example_branch_datetime_operator.py for tasks to queue
[2025-11-01T12:44:16.693+0000] {logging_mixin.py:190} INFO - [2025-11-01T12:44:16.693+0000] {dagbag.py:588} INFO - Filling up the DagBag from /home/airflow/.local/lib/python3.12/site-packages/airflow/example_dags/example_branch_datetime_operator.py
[2025-11-01T12:44:16.707+0000] {processor.py:925} INFO - DAG(s) 'example_branch_datetime_operator_2', 'example_branch_datetime_operator_3', 'example_branch_datetime_operator' retrieved from /home/airflow/.local/lib/python3.12/site-packages/airflow/example_dags/example_branch_datetime_operator.py
[2025-11-01T12:44:16.744+0000] {logging_mixin.py:190} INFO - [2025-11-01T12:44:16.743+0000] {dag.py:3239} INFO - Sync 3 DAGs
[2025-11-01T12:44:16.773+0000] {logging_mixin.py:190} INFO - [2025-11-01T12:44:16.773+0000] {dag.py:4180} INFO - Setting next_dagrun for example_branch_datetime_operator to 2025-10-31 00:00:00+00:00, run_after=2025-11-01 00:00:00+00:00
[2025-11-01T12:44:16.781+0000] {logging_mixin.py:190} INFO - [2025-11-01T12:44:16.780+0000] {dag.py:4180} INFO - Setting next_dagrun for example_branch_datetime_operator_2 to 2025-10-31 00:00:00+00:00, run_after=2025-11-01 00:00:00+00:00
[2025-11-01T12:44:16.785+0000] {logging_mixin.py:190} INFO - [2025-11-01T12:44:16.785+0000] {dag.py:4180} INFO - Setting next_dagrun for example_branch_datetime_operator_3 to 2025-10-31 00:00:00+00:00, run_after=2025-11-01 00:00:00+00:00
[2025-11-01T12:44:16.818+0000] {processor.py:208} INFO - Processing /home/airflow/.local/lib/python3.12/site-packages/airflow/example_dags/example_branch_datetime_operator.py took 0.138 seconds
[2025-11-01T12:44:46.906+0000] {processor.py:186} INFO - Started process (PID=281) to work on /home/airflow/.local/lib/python3.12/site-packages/airflow/example_dags/example_branch_datetime_operator.py
[2025-11-01T12:44:46.908+0000] {processor.py:914} INFO - Processing file /home/airflow/.local/lib/python3.12/site-packages/airflow/example_dags/example_branch_datetime_operator.py for tasks to queue
[2025-11-01T12:44:46.911+0000] {logging_mixin.py:190} INFO - [2025-11-01T12:44:46.910+0000] {dagbag.py:588} INFO - Filling up the DagBag from /home/airflow/.local/lib/python3.12/site-packages/airflow/example_dags/example_branch_datetime_operator.py
[2025-11-01T12:44:46.924+0000] {processor.py:925} INFO - DAG(s) 'example_branch_datetime_operator_3', 'example_branch_datetime_operator', 'example_branch_datetime_operator_2' retrieved from /home/airflow/.local/lib/python3.12/site-packages/airflow/example_dags/example_branch_datetime_operator.py
[2025-11-01T12:44:46.958+0000] {logging_mixin.py:190} INFO - [2025-11-01T12:44:46.957+0000] {dag.py:3239} INFO - Sync 3 DAGs
[2025-11-01T12:44:46.989+0000] {logging_mixin.py:190} INFO - [2025-11-01T12:44:46.989+0000] {dag.py:4180} INFO - Setting next_dagrun for example_branch_datetime_operator to 2025-10-31 00:00:00+00:00, run_after=2025-11-01 00:00:00+00:00
[2025-11-01T12:44:46.993+0000] {logging_mixin.py:190} INFO - [2025-11-01T12:44:46.993+0000] {dag.py:4180} INFO - Setting next_dagrun for example_branch_datetime_operator_2 to 2025-10-31 00:00:00+00:00, run_after=2025-11-01 00:00:00+00:00
[2025-11-01T12:44:46.996+0000] {logging_mixin.py:190} INFO - [2025-11-01T12:44:46.996+0000] {dag.py:4180} INFO - Setting next_dagrun for example_branch_datetime_operator_3 to 2025-10-31 00:00:00+00:00, run_after=2025-11-01 00:00:00+00:00
[2025-11-01T12:44:47.015+0000] {processor.py:208} INFO - Processing /home/airflow/.local/lib/python3.12/site-packages/airflow/example_dags/example_branch_datetime_operator.py took 0.116 seconds
[2025-11-01T12:45:17.134+0000] {processor.py:186} INFO - Started process (PID=351) to work on /home/airflow/.local/lib/python3.12/site-packages/airflow/example_dags/example_branch_datetime_operator.py
[2025-11-01T12:45:17.136+0000] {processor.py:914} INFO - Processing file /home/airflow/.local/lib/python3.12/site-packages/airflow/example_dags/example_branch_datetime_operator.py for tasks to queue
[2025-11-01T12:45:17.141+0000] {logging_mixin.py:190} INFO - [2025-11-01T12:45:17.140+0000] {dagbag.py:588} INFO - Filling up the DagBag from /home/airflow/.local/lib/python3.12/site-packages/airflow/example_dags/example_branch_datetime_operator.py
[2025-11-01T12:45:17.159+0000] {processor.py:925} INFO - DAG(s) 'example_branch_datetime_operator_3', 'example_branch_datetime_operator', 'example_branch_datetime_operator_2' retrieved from /home/airflow/.local/lib/python3.12/site-packages/airflow/example_dags/example_branch_datetime_operator.py
[2025-11-01T12:45:17.204+0000] {logging_mixin.py:190} INFO - [2025-11-01T12:45:17.203+0000] {dag.py:3239} INFO - Sync 3 DAGs
[2025-11-01T12:45:17.240+0000] {logging_mixin.py:190} INFO - [2025-11-01T12:45:17.239+0000] {dag.py:4180} INFO - Setting next_dagrun for example_branch_datetime_operator to 2025-10-31 00:00:00+00:00, run_after=2025-11-01 00:00:00+00:00
[2025-11-01T12:45:17.247+0000] {logging_mixin.py:190} INFO - [2025-11-01T12:45:17.247+0000] {dag.py:4180} INFO - Setting next_dagrun for example_branch_datetime_operator_2 to 2025-10-31 00:00:00+00:00, run_after=2025-11-01 00:00:00+00:00
[2025-11-01T12:45:17.251+0000] {logging_mixin.py:190} INFO - [2025-11-01T12:45:17.250+0000] {dag.py:4180} INFO - Setting next_dagrun for example_branch_datetime_operator_3 to 2025-10-31 00:00:00+00:00, run_after=2025-11-01 00:00:00+00:00
[2025-11-01T12:45:17.278+0000] {processor.py:208} INFO - Processing /home/airflow/.local/lib/python3.12/site-packages/airflow/example_dags/example_branch_datetime_operator.py took 0.153 seconds
[2025-11-01T12:45:48.149+0000] {processor.py:186} INFO - Started process (PID=422) to work on /home/airflow/.local/lib/python3.12/site-packages/airflow/example_dags/example_branch_datetime_operator.py
[2025-11-01T12:45:48.151+0000] {processor.py:914} INFO - Processing file /home/airflow/.local/lib/python3.12/site-packages/airflow/example_dags/example_branch_datetime_operator.py for tasks to queue
[2025-11-01T12:45:48.154+0000] {logging_mixin.py:190} INFO - [2025-11-01T12:45:48.153+0000] {dagbag.py:588} INFO - Filling up the DagBag from /home/airflow/.local/lib/python3.12/site-packages/airflow/example_dags/example_branch_datetime_operator.py
[2025-11-01T12:45:48.167+0000] {processor.py:925} INFO - DAG(s) 'example_branch_datetime_operator', 'example_branch_datetime_operator_3', 'example_branch_datetime_operator_2' retrieved from /home/airflow/.local/lib/python3.12/site-packages/airflow/example_dags/example_branch_datetime_operator.py
[2025-11-01T12:45:48.202+0000] {logging_mixin.py:190} INFO - [2025-11-01T12:45:48.202+0000] {dag.py:3239} INFO - Sync 3 DAGs
[2025-11-01T12:45:48.230+0000] {logging_mixin.py:190} INFO - [2025-11-01T12:45:48.229+0000] {dag.py:4180} INFO - Setting next_dagrun for example_branch_datetime_operator to 2025-10-31 00:00:00+00:00, run_after=2025-11-01 00:00:00+00:00
[2025-11-01T12:45:48.235+0000] {logging_mixin.py:190} INFO - [2025-11-01T12:45:48.234+0000] {dag.py:4180} INFO - Setting next_dagrun for example_branch_datetime_operator_2 to 2025-10-31 00:00:00+00:00, run_after=2025-11-01 00:00:00+00:00
[2025-11-01T12:45:48.238+0000] {logging_mixin.py:190} INFO - [2025-11-01T12:45:48.238+0000] {dag.py:4180} INFO - Setting next_dagrun for example_branch_datetime_operator_3 to 2025-10-31 00:00:00+00:00, run_after=2025-11-01 00:00:00+00:00
[2025-11-01T12:45:48.260+0000] {processor.py:208} INFO - Processing /home/airflow/.local/lib/python3.12/site-packages/airflow/example_dags/example_branch_datetime_operator.py took 0.118 seconds
[2025-11-01T12:46:18.328+0000] {processor.py:186} INFO - Started process (PID=492) to work on /home/airflow/.local/lib/python3.12/site-packages/airflow/example_dags/example_branch_datetime_operator.py
[2025-11-01T12:46:18.329+0000] {processor.py:914} INFO - Processing file /home/airflow/.local/lib/python3.12/site-packages/airflow/example_dags/example_branch_datetime_operator.py for tasks to queue
[2025-11-01T12:46:18.333+0000] {logging_mixin.py:190} INFO - [2025-11-01T12:46:18.332+0000] {dagbag.py:588} INFO - Filling up the DagBag from /home/airflow/.local/lib/python3.12/site-packages/airflow/example_dags/example_branch_datetime_operator.py
[2025-11-01T12:46:18.347+0000] {processor.py:925} INFO - DAG(s) 'example_branch_datetime_operator_3', 'example_branch_datetime_operator', 'example_branch_datetime_operator_2' retrieved from /home/airflow/.local/lib/python3.12/site-packages/airflow/example_dags/example_branch_datetime_operator.py
[2025-11-01T12:46:18.381+0000] {logging_mixin.py:190} INFO - [2025-11-01T12:46:18.380+0000] {dag.py:3239} INFO - Sync 3 DAGs
[2025-11-01T12:46:18.410+0000] {logging_mixin.py:190} INFO - [2025-11-01T12:46:18.410+0000] {dag.py:4180} INFO - Setting next_dagrun for example_branch_datetime_operator to 2025-10-31 00:00:00+00:00, run_after=2025-11-01 00:00:00+00:00
[2025-11-01T12:46:18.416+0000] {logging_mixin.py:190} INFO - [2025-11-01T12:46:18.416+0000] {dag.py:4180} INFO - Setting next_dagrun for example_branch_datetime_operator_2 to 2025-10-31 00:00:00+00:00, run_after=2025-11-01 00:00:00+00:00
[2025-11-01T12:46:18.419+0000] {logging_mixin.py:190} INFO - [2025-11-01T12:46:18.419+0000] {dag.py:4180} INFO - Setting next_dagrun for example_branch_datetime_operator_3 to 2025-10-31 00:00:00+00:00, run_after=2025-11-01 00:00:00+00:00
[2025-11-01T12:46:18.439+0000] {processor.py:208} INFO - Processing /home/airflow/.local/lib/python3.12/site-packages/airflow/example_dags/example_branch_datetime_operator.py took 0.119 seconds
[2025-11-01T12:46:49.149+0000] {processor.py:186} INFO - Started process (PID=562) to work on /home/airflow/.local/lib/python3.12/site-packages/airflow/example_dags/example_branch_datetime_operator.py
[2025-11-01T12:46:49.151+0000] {processor.py:914} INFO - Processing file /home/airflow/.local/lib/python3.12/site-packages/airflow/example_dags/example_branch_datetime_operator.py for tasks to queue
[2025-11-01T12:46:49.155+0000] {logging_mixin.py:190} INFO - [2025-11-01T12:46:49.154+0000] {dagbag.py:588} INFO - Filling up the DagBag from /home/airflow/.local/lib/python3.12/site-packages/airflow/example_dags/example_branch_datetime_operator.py
[2025-11-01T12:46:49.173+0000] {processor.py:925} INFO - DAG(s) 'example_branch_datetime_operator', 'example_branch_datetime_operator_2', 'example_branch_datetime_operator_3' retrieved from /home/airflow/.local/lib/python3.12/site-packages/airflow/example_dags/example_branch_datetime_operator.py
[2025-11-01T12:46:49.218+0000] {logging_mixin.py:190} INFO - [2025-11-01T12:46:49.217+0000] {dag.py:3239} INFO - Sync 3 DAGs
[2025-11-01T12:46:49.252+0000] {logging_mixin.py:190} INFO - [2025-11-01T12:46:49.251+0000] {dag.py:4180} INFO - Setting next_dagrun for example_branch_datetime_operator to 2025-10-31 00:00:00+00:00, run_after=2025-11-01 00:00:00+00:00
[2025-11-01T12:46:49.258+0000] {logging_mixin.py:190} INFO - [2025-11-01T12:46:49.257+0000] {dag.py:4180} INFO - Setting next_dagrun for example_branch_datetime_operator_2 to 2025-10-31 00:00:00+00:00, run_after=2025-11-01 00:00:00+00:00
[2025-11-01T12:46:49.261+0000] {logging_mixin.py:190} INFO - [2025-11-01T12:46:49.261+0000] {dag.py:4180} INFO - Setting next_dagrun for example_branch_datetime_operator_3 to 2025-10-31 00:00:00+00:00, run_after=2025-11-01 00:00:00+00:00
[2025-11-01T12:46:49.287+0000] {processor.py:208} INFO - Processing /home/airflow/.local/lib/python3.12/site-packages/airflow/example_dags/example_branch_datetime_operator.py took 0.147 seconds
[2025-11-01T12:47:19.540+0000] {processor.py:186} INFO - Started process (PID=632) to work on /home/airflow/.local/lib/python3.12/site-packages/airflow/example_dags/example_branch_datetime_operator.py
[2025-11-01T12:47:19.541+0000] {processor.py:914} INFO - Processing file /home/airflow/.local/lib/python3.12/site-packages/airflow/example_dags/example_branch_datetime_operator.py for tasks to queue
[2025-11-01T12:47:19.545+0000] {logging_mixin.py:190} INFO - [2025-11-01T12:47:19.544+0000] {dagbag.py:588} INFO - Filling up the DagBag from /home/airflow/.local/lib/python3.12/site-packages/airflow/example_dags/example_branch_datetime_operator.py
[2025-11-01T12:47:19.562+0000] {processor.py:925} INFO - DAG(s) 'example_branch_datetime_operator_3', 'example_branch_datetime_operator_2', 'example_branch_datetime_operator' retrieved from /home/airflow/.local/lib/python3.12/site-packages/airflow/example_dags/example_branch_datetime_operator.py
[2025-11-01T12:47:19.602+0000] {logging_mixin.py:190} INFO - [2025-11-01T12:47:19.602+0000] {dag.py:3239} INFO - Sync 3 DAGs
[2025-11-01T12:47:19.636+0000] {logging_mixin.py:190} INFO - [2025-11-01T12:47:19.636+0000] {dag.py:4180} INFO - Setting next_dagrun for example_branch_datetime_operator to 2025-10-31 00:00:00+00:00, run_after=2025-11-01 00:00:00+00:00
[2025-11-01T12:47:19.642+0000] {logging_mixin.py:190} INFO - [2025-11-01T12:47:19.641+0000] {dag.py:4180} INFO - Setting next_dagrun for example_branch_datetime_operator_2 to 2025-10-31 00:00:00+00:00, run_after=2025-11-01 00:00:00+00:00
[2025-11-01T12:47:19.645+0000] {logging_mixin.py:190} INFO - [2025-11-01T12:47:19.645+0000] {dag.py:4180} INFO - Setting next_dagrun for example_branch_datetime_operator_3 to 2025-10-31 00:00:00+00:00, run_after=2025-11-01 00:00:00+00:00
[2025-11-01T12:47:19.667+0000] {processor.py:208} INFO - Processing /home/airflow/.local/lib/python3.12/site-packages/airflow/example_dags/example_branch_datetime_operator.py took 0.137 seconds
[2025-11-01T12:47:50.377+0000] {processor.py:186} INFO - Started process (PID=702) to work on /home/airflow/.local/lib/python3.12/site-packages/airflow/example_dags/example_branch_datetime_operator.py
[2025-11-01T12:47:50.379+0000] {processor.py:914} INFO - Processing file /home/airflow/.local/lib/python3.12/site-packages/airflow/example_dags/example_branch_datetime_operator.py for tasks to queue
[2025-11-01T12:47:50.383+0000] {logging_mixin.py:190} INFO - [2025-11-01T12:47:50.383+0000] {dagbag.py:588} INFO - Filling up the DagBag from /home/airflow/.local/lib/python3.12/site-packages/airflow/example_dags/example_branch_datetime_operator.py
[2025-11-01T12:47:50.405+0000] {processor.py:925} INFO - DAG(s) 'example_branch_datetime_operator', 'example_branch_datetime_operator_3', 'example_branch_datetime_operator_2' retrieved from /home/airflow/.local/lib/python3.12/site-packages/airflow/example_dags/example_branch_datetime_operator.py
[2025-11-01T12:47:50.459+0000] {logging_mixin.py:190} INFO - [2025-11-01T12:47:50.458+0000] {dag.py:3239} INFO - Sync 3 DAGs
[2025-11-01T12:47:50.491+0000] {logging_mixin.py:190} INFO - [2025-11-01T12:47:50.491+0000] {dag.py:4180} INFO - Setting next_dagrun for example_branch_datetime_operator to 2025-10-31 00:00:00+00:00, run_after=2025-11-01 00:00:00+00:00
[2025-11-01T12:47:50.498+0000] {logging_mixin.py:190} INFO - [2025-11-01T12:47:50.497+0000] {dag.py:4180} INFO - Setting next_dagrun for example_branch_datetime_operator_2 to 2025-10-31 00:00:00+00:00, run_after=2025-11-01 00:00:00+00:00
[2025-11-01T12:47:50.501+0000] {logging_mixin.py:190} INFO - [2025-11-01T12:47:50.501+0000] {dag.py:4180} INFO - Setting next_dagrun for example_branch_datetime_operator_3 to 2025-10-31 00:00:00+00:00, run_after=2025-11-01 00:00:00+00:00
[2025-11-01T12:47:50.524+0000] {processor.py:208} INFO - Processing /home/airflow/.local/lib/python3.12/site-packages/airflow/example_dags/example_branch_datetime_operator.py took 0.155 seconds
[2025-11-01T12:48:20.826+0000] {processor.py:186} INFO - Started process (PID=772) to work on /home/airflow/.local/lib/python3.12/site-packages/airflow/example_dags/example_branch_datetime_operator.py
[2025-11-01T12:48:20.828+0000] {processor.py:914} INFO - Processing file /home/airflow/.local/lib/python3.12/site-packages/airflow/example_dags/example_branch_datetime_operator.py for tasks to queue
[2025-11-01T12:48:20.831+0000] {logging_mixin.py:190} INFO - [2025-11-01T12:48:20.831+0000] {dagbag.py:588} INFO - Filling up the DagBag from /home/airflow/.local/lib/python3.12/site-packages/airflow/example_dags/example_branch_datetime_operator.py
[2025-11-01T12:48:20.845+0000] {processor.py:925} INFO - DAG(s) 'example_branch_datetime_operator_3', 'example_branch_datetime_operator', 'example_branch_datetime_operator_2' retrieved from /home/airflow/.local/lib/python3.12/site-packages/airflow/example_dags/example_branch_datetime_operator.py
[2025-11-01T12:48:20.883+0000] {logging_mixin.py:190} INFO - [2025-11-01T12:48:20.882+0000] {dag.py:3239} INFO - Sync 3 DAGs
[2025-11-01T12:48:20.910+0000] {logging_mixin.py:190} INFO - [2025-11-01T12:48:20.909+0000] {dag.py:4180} INFO - Setting next_dagrun for example_branch_datetime_operator to 2025-10-31 00:00:00+00:00, run_after=2025-11-01 00:00:00+00:00
[2025-11-01T12:48:20.915+0000] {logging_mixin.py:190} INFO - [2025-11-01T12:48:20.914+0000] {dag.py:4180} INFO - Setting next_dagrun for example_branch_datetime_operator_2 to 2025-10-31 00:00:00+00:00, run_after=2025-11-01 00:00:00+00:00
[2025-11-01T12:48:20.918+0000] {logging_mixin.py:190} INFO - [2025-11-01T12:48:20.917+0000] {dag.py:4180} INFO - Setting next_dagrun for example_branch_datetime_operator_3 to 2025-10-31 00:00:00+00:00, run_after=2025-11-01 00:00:00+00:00
[2025-11-01T12:48:20.937+0000] {processor.py:208} INFO - Processing /home/airflow/.local/lib/python3.12/site-packages/airflow/example_dags/example_branch_datetime_operator.py took 0.118 seconds
[2025-11-01T12:48:51.779+0000] {processor.py:186} INFO - Started process (PID=843) to work on /home/airflow/.local/lib/python3.12/site-packages/airflow/example_dags/example_branch_datetime_operator.py
[2025-11-01T12:48:51.783+0000] {processor.py:914} INFO - Processing file /home/airflow/.local/lib/python3.12/site-packages/airflow/example_dags/example_branch_datetime_operator.py for tasks to queue
[2025-11-01T12:48:51.787+0000] {logging_mixin.py:190} INFO - [2025-11-01T12:48:51.786+0000] {dagbag.py:588} INFO - Filling up the DagBag from /home/airflow/.local/lib/python3.12/site-packages/airflow/example_dags/example_branch_datetime_operator.py
[2025-11-01T12:48:51.802+0000] {processor.py:925} INFO - DAG(s) 'example_branch_datetime_operator_3', 'example_branch_datetime_operator_2', 'example_branch_datetime_operator' retrieved from /home/airflow/.local/lib/python3.12/site-packages/airflow/example_dags/example_branch_datetime_operator.py
[2025-11-01T12:48:51.837+0000] {logging_mixin.py:190} INFO - [2025-11-01T12:48:51.836+0000] {dag.py:3239} INFO - Sync 3 DAGs
[2025-11-01T12:48:51.864+0000] {logging_mixin.py:190} INFO - [2025-11-01T12:48:51.864+0000] {dag.py:4180} INFO - Setting next_dagrun for example_branch_datetime_operator to 2025-10-31 00:00:00+00:00, run_after=2025-11-01 00:00:00+00:00
[2025-11-01T12:48:51.869+0000] {logging_mixin.py:190} INFO - [2025-11-01T12:48:51.869+0000] {dag.py:4180} INFO - Setting next_dagrun for example_branch_datetime_operator_2 to 2025-10-31 00:00:00+00:00, run_after=2025-11-01 00:00:00+00:00
[2025-11-01T12:48:51.873+0000] {logging_mixin.py:190} INFO - [2025-11-01T12:48:51.872+0000] {dag.py:4180} INFO - Setting next_dagrun for example_branch_datetime_operator_3 to 2025-10-31 00:00:00+00:00, run_after=2025-11-01 00:00:00+00:00
[2025-11-01T12:48:51.892+0000] {processor.py:208} INFO - Processing /home/airflow/.local/lib/python3.12/site-packages/airflow/example_dags/example_branch_datetime_operator.py took 0.120 seconds
[2025-11-01T12:49:22.443+0000] {processor.py:186} INFO - Started process (PID=914) to work on /home/airflow/.local/lib/python3.12/site-packages/airflow/example_dags/example_branch_datetime_operator.py
[2025-11-01T12:49:22.445+0000] {processor.py:914} INFO - Processing file /home/airflow/.local/lib/python3.12/site-packages/airflow/example_dags/example_branch_datetime_operator.py for tasks to queue
[2025-11-01T12:49:22.448+0000] {logging_mixin.py:190} INFO - [2025-11-01T12:49:22.448+0000] {dagbag.py:588} INFO - Filling up the DagBag from /home/airflow/.local/lib/python3.12/site-packages/airflow/example_dags/example_branch_datetime_operator.py
[2025-11-01T12:49:22.463+0000] {processor.py:925} INFO - DAG(s) 'example_branch_datetime_operator', 'example_branch_datetime_operator_2', 'example_branch_datetime_operator_3' retrieved from /home/airflow/.local/lib/python3.12/site-packages/airflow/example_dags/example_branch_datetime_operator.py
[2025-11-01T12:49:22.499+0000] {logging_mixin.py:190} INFO - [2025-11-01T12:49:22.498+0000] {dag.py:3239} INFO - Sync 3 DAGs
[2025-11-01T12:49:22.527+0000] {logging_mixin.py:190} INFO - [2025-11-01T12:49:22.527+0000] {dag.py:4180} INFO - Setting next_dagrun for example_branch_datetime_operator to 2025-10-31 00:00:00+00:00, run_after=2025-11-01 00:00:00+00:00
[2025-11-01T12:49:22.533+0000] {logging_mixin.py:190} INFO - [2025-11-01T12:49:22.533+0000] {dag.py:4180} INFO - Setting next_dagrun for example_branch_datetime_operator_2 to 2025-10-31 00:00:00+00:00, run_after=2025-11-01 00:00:00+00:00
[2025-11-01T12:49:22.536+0000] {logging_mixin.py:190} INFO - [2025-11-01T12:49:22.536+0000] {dag.py:4180} INFO - Setting next_dagrun for example_branch_datetime_operator_3 to 2025-10-31 00:00:00+00:00, run_after=2025-11-01 00:00:00+00:00
[2025-11-01T12:49:22.556+0000] {processor.py:208} INFO - Processing /home/airflow/.local/lib/python3.12/site-packages/airflow/example_dags/example_branch_datetime_operator.py took 0.120 seconds
[2025-11-01T12:49:53.121+0000] {processor.py:186} INFO - Started process (PID=986) to work on /home/airflow/.local/lib/python3.12/site-packages/airflow/example_dags/example_branch_datetime_operator.py
[2025-11-01T12:49:53.123+0000] {processor.py:914} INFO - Processing file /home/airflow/.local/lib/python3.12/site-packages/airflow/example_dags/example_branch_datetime_operator.py for tasks to queue
[2025-11-01T12:49:53.127+0000] {logging_mixin.py:190} INFO - [2025-11-01T12:49:53.126+0000] {dagbag.py:588} INFO - Filling up the DagBag from /home/airflow/.local/lib/python3.12/site-packages/airflow/example_dags/example_branch_datetime_operator.py
[2025-11-01T12:49:53.148+0000] {processor.py:925} INFO - DAG(s) 'example_branch_datetime_operator', 'example_branch_datetime_operator_3', 'example_branch_datetime_operator_2' retrieved from /home/airflow/.local/lib/python3.12/site-packages/airflow/example_dags/example_branch_datetime_operator.py
[2025-11-01T12:49:53.196+0000] {logging_mixin.py:190} INFO - [2025-11-01T12:49:53.196+0000] {dag.py:3239} INFO - Sync 3 DAGs
[2025-11-01T12:49:53.234+0000] {logging_mixin.py:190} INFO - [2025-11-01T12:49:53.233+0000] {dag.py:4180} INFO - Setting next_dagrun for example_branch_datetime_operator to 2025-10-31 00:00:00+00:00, run_after=2025-11-01 00:00:00+00:00
[2025-11-01T12:49:53.243+0000] {logging_mixin.py:190} INFO - [2025-11-01T12:49:53.243+0000] {dag.py:4180} INFO - Setting next_dagrun for example_branch_datetime_operator_2 to 2025-10-31 00:00:00+00:00, run_after=2025-11-01 00:00:00+00:00
[2025-11-01T12:49:53.247+0000] {logging_mixin.py:190} INFO - [2025-11-01T12:49:53.247+0000] {dag.py:4180} INFO - Setting next_dagrun for example_branch_datetime_operator_3 to 2025-10-31 00:00:00+00:00, run_after=2025-11-01 00:00:00+00:00
[2025-11-01T12:49:53.275+0000] {processor.py:208} INFO - Processing /home/airflow/.local/lib/python3.12/site-packages/airflow/example_dags/example_branch_datetime_operator.py took 0.162 seconds
[2025-11-01T12:50:23.923+0000] {processor.py:186} INFO - Started process (PID=1061) to work on /home/airflow/.local/lib/python3.12/site-packages/airflow/example_dags/example_branch_datetime_operator.py
[2025-11-01T12:50:23.925+0000] {processor.py:914} INFO - Processing file /home/airflow/.local/lib/python3.12/site-packages/airflow/example_dags/example_branch_datetime_operator.py for tasks to queue
[2025-11-01T12:50:23.928+0000] {logging_mixin.py:190} INFO - [2025-11-01T12:50:23.928+0000] {dagbag.py:588} INFO - Filling up the DagBag from /home/airflow/.local/lib/python3.12/site-packages/airflow/example_dags/example_branch_datetime_operator.py
[2025-11-01T12:50:23.944+0000] {processor.py:925} INFO - DAG(s) 'example_branch_datetime_operator_3', 'example_branch_datetime_operator', 'example_branch_datetime_operator_2' retrieved from /home/airflow/.local/lib/python3.12/site-packages/airflow/example_dags/example_branch_datetime_operator.py
[2025-11-01T12:50:23.978+0000] {logging_mixin.py:190} INFO - [2025-11-01T12:50:23.978+0000] {dag.py:3239} INFO - Sync 3 DAGs
[2025-11-01T12:50:24.005+0000] {logging_mixin.py:190} INFO - [2025-11-01T12:50:24.005+0000] {dag.py:4180} INFO - Setting next_dagrun for example_branch_datetime_operator to 2025-10-31 00:00:00+00:00, run_after=2025-11-01 00:00:00+00:00
[2025-11-01T12:50:24.012+0000] {logging_mixin.py:190} INFO - [2025-11-01T12:50:24.012+0000] {dag.py:4180} INFO - Setting next_dagrun for example_branch_datetime_operator_2 to 2025-10-31 00:00:00+00:00, run_after=2025-11-01 00:00:00+00:00
[2025-11-01T12:50:24.016+0000] {logging_mixin.py:190} INFO - [2025-11-01T12:50:24.016+0000] {dag.py:4180} INFO - Setting next_dagrun for example_branch_datetime_operator_3 to 2025-10-31 00:00:00+00:00, run_after=2025-11-01 00:00:00+00:00
[2025-11-01T12:50:24.037+0000] {processor.py:208} INFO - Processing /home/airflow/.local/lib/python3.12/site-packages/airflow/example_dags/example_branch_datetime_operator.py took 0.121 seconds
[2025-11-01T12:50:54.568+0000] {processor.py:186} INFO - Started process (PID=1132) to work on /home/airflow/.local/lib/python3.12/site-packages/airflow/example_dags/example_branch_datetime_operator.py
[2025-11-01T12:50:54.570+0000] {processor.py:914} INFO - Processing file /home/airflow/.local/lib/python3.12/site-packages/airflow/example_dags/example_branch_datetime_operator.py for tasks to queue
[2025-11-01T12:50:54.573+0000] {logging_mixin.py:190} INFO - [2025-11-01T12:50:54.573+0000] {dagbag.py:588} INFO - Filling up the DagBag from /home/airflow/.local/lib/python3.12/site-packages/airflow/example_dags/example_branch_datetime_operator.py
[2025-11-01T12:50:54.590+0000] {processor.py:925} INFO - DAG(s) 'example_branch_datetime_operator', 'example_branch_datetime_operator_2', 'example_branch_datetime_operator_3' retrieved from /home/airflow/.local/lib/python3.12/site-packages/airflow/example_dags/example_branch_datetime_operator.py
[2025-11-01T12:50:54.623+0000] {logging_mixin.py:190} INFO - [2025-11-01T12:50:54.623+0000] {dag.py:3239} INFO - Sync 3 DAGs
[2025-11-01T12:50:54.649+0000] {logging_mixin.py:190} INFO - [2025-11-01T12:50:54.649+0000] {dag.py:4180} INFO - Setting next_dagrun for example_branch_datetime_operator to 2025-10-31 00:00:00+00:00, run_after=2025-11-01 00:00:00+00:00
[2025-11-01T12:50:54.654+0000] {logging_mixin.py:190} INFO - [2025-11-01T12:50:54.654+0000] {dag.py:4180} INFO - Setting next_dagrun for example_branch_datetime_operator_2 to 2025-10-31 00:00:00+00:00, run_after=2025-11-01 00:00:00+00:00
[2025-11-01T12:50:54.657+0000] {logging_mixin.py:190} INFO - [2025-11-01T12:50:54.656+0000] {dag.py:4180} INFO - Setting next_dagrun for example_branch_datetime_operator_3 to 2025-10-31 00:00:00+00:00, run_after=2025-11-01 00:00:00+00:00
[2025-11-01T12:50:54.675+0000] {processor.py:208} INFO - Processing /home/airflow/.local/lib/python3.12/site-packages/airflow/example_dags/example_branch_datetime_operator.py took 0.115 seconds
[2025-11-01T12:51:24.968+0000] {processor.py:186} INFO - Started process (PID=1203) to work on /home/airflow/.local/lib/python3.12/site-packages/airflow/example_dags/example_branch_datetime_operator.py
[2025-11-01T12:51:24.969+0000] {processor.py:914} INFO - Processing file /home/airflow/.local/lib/python3.12/site-packages/airflow/example_dags/example_branch_datetime_operator.py for tasks to queue
[2025-11-01T12:51:24.972+0000] {logging_mixin.py:190} INFO - [2025-11-01T12:51:24.972+0000] {dagbag.py:588} INFO - Filling up the DagBag from /home/airflow/.local/lib/python3.12/site-packages/airflow/example_dags/example_branch_datetime_operator.py
[2025-11-01T12:51:24.986+0000] {processor.py:925} INFO - DAG(s) 'example_branch_datetime_operator', 'example_branch_datetime_operator_3', 'example_branch_datetime_operator_2' retrieved from /home/airflow/.local/lib/python3.12/site-packages/airflow/example_dags/example_branch_datetime_operator.py
[2025-11-01T12:51:25.021+0000] {logging_mixin.py:190} INFO - [2025-11-01T12:51:25.020+0000] {dag.py:3239} INFO - Sync 3 DAGs
[2025-11-01T12:51:25.052+0000] {logging_mixin.py:190} INFO - [2025-11-01T12:51:25.051+0000] {dag.py:4180} INFO - Setting next_dagrun for example_branch_datetime_operator to 2025-10-31 00:00:00+00:00, run_after=2025-11-01 00:00:00+00:00
[2025-11-01T12:51:25.057+0000] {logging_mixin.py:190} INFO - [2025-11-01T12:51:25.057+0000] {dag.py:4180} INFO - Setting next_dagrun for example_branch_datetime_operator_2 to 2025-10-31 00:00:00+00:00, run_after=2025-11-01 00:00:00+00:00
[2025-11-01T12:51:25.060+0000] {logging_mixin.py:190} INFO - [2025-11-01T12:51:25.060+0000] {dag.py:4180} INFO - Setting next_dagrun for example_branch_datetime_operator_3 to 2025-10-31 00:00:00+00:00, run_after=2025-11-01 00:00:00+00:00
[2025-11-01T12:51:25.082+0000] {processor.py:208} INFO - Processing /home/airflow/.local/lib/python3.12/site-packages/airflow/example_dags/example_branch_datetime_operator.py took 0.122 seconds
[2025-11-01T12:51:55.459+0000] {processor.py:186} INFO - Started process (PID=1274) to work on /home/airflow/.local/lib/python3.12/site-packages/airflow/example_dags/example_branch_datetime_operator.py
[2025-11-01T12:51:55.461+0000] {processor.py:914} INFO - Processing file /home/airflow/.local/lib/python3.12/site-packages/airflow/example_dags/example_branch_datetime_operator.py for tasks to queue
[2025-11-01T12:51:55.464+0000] {logging_mixin.py:190} INFO - [2025-11-01T12:51:55.464+0000] {dagbag.py:588} INFO - Filling up the DagBag from /home/airflow/.local/lib/python3.12/site-packages/airflow/example_dags/example_branch_datetime_operator.py
[2025-11-01T12:51:55.479+0000] {processor.py:925} INFO - DAG(s) 'example_branch_datetime_operator_2', 'example_branch_datetime_operator_3', 'example_branch_datetime_operator' retrieved from /home/airflow/.local/lib/python3.12/site-packages/airflow/example_dags/example_branch_datetime_operator.py
[2025-11-01T12:51:55.513+0000] {logging_mixin.py:190} INFO - [2025-11-01T12:51:55.512+0000] {dag.py:3239} INFO - Sync 3 DAGs
[2025-11-01T12:51:55.546+0000] {logging_mixin.py:190} INFO - [2025-11-01T12:51:55.546+0000] {dag.py:4180} INFO - Setting next_dagrun for example_branch_datetime_operator to 2025-10-31 00:00:00+00:00, run_after=2025-11-01 00:00:00+00:00
[2025-11-01T12:51:55.553+0000] {logging_mixin.py:190} INFO - [2025-11-01T12:51:55.553+0000] {dag.py:4180} INFO - Setting next_dagrun for example_branch_datetime_operator_2 to 2025-10-31 00:00:00+00:00, run_after=2025-11-01 00:00:00+00:00
[2025-11-01T12:51:55.556+0000] {logging_mixin.py:190} INFO - [2025-11-01T12:51:55.556+0000] {dag.py:4180} INFO - Setting next_dagrun for example_branch_datetime_operator_3 to 2025-10-31 00:00:00+00:00, run_after=2025-11-01 00:00:00+00:00
[2025-11-01T12:51:55.583+0000] {processor.py:208} INFO - Processing /home/airflow/.local/lib/python3.12/site-packages/airflow/example_dags/example_branch_datetime_operator.py took 0.131 seconds
[2025-11-01T12:52:25.863+0000] {processor.py:186} INFO - Started process (PID=1351) to work on /home/airflow/.local/lib/python3.12/site-packages/airflow/example_dags/example_branch_datetime_operator.py
[2025-11-01T12:52:25.865+0000] {processor.py:914} INFO - Processing file /home/airflow/.local/lib/python3.12/site-packages/airflow/example_dags/example_branch_datetime_operator.py for tasks to queue
[2025-11-01T12:52:25.869+0000] {logging_mixin.py:190} INFO - [2025-11-01T12:52:25.869+0000] {dagbag.py:588} INFO - Filling up the DagBag from /home/airflow/.local/lib/python3.12/site-packages/airflow/example_dags/example_branch_datetime_operator.py
[2025-11-01T12:52:25.886+0000] {processor.py:925} INFO - DAG(s) 'example_branch_datetime_operator', 'example_branch_datetime_operator_3', 'example_branch_datetime_operator_2' retrieved from /home/airflow/.local/lib/python3.12/site-packages/airflow/example_dags/example_branch_datetime_operator.py
[2025-11-01T12:52:25.925+0000] {logging_mixin.py:190} INFO - [2025-11-01T12:52:25.925+0000] {dag.py:3239} INFO - Sync 3 DAGs
[2025-11-01T12:52:25.957+0000] {logging_mixin.py:190} INFO - [2025-11-01T12:52:25.956+0000] {dag.py:4180} INFO - Setting next_dagrun for example_branch_datetime_operator to 2025-10-31 00:00:00+00:00, run_after=2025-11-01 00:00:00+00:00
[2025-11-01T12:52:25.962+0000] {logging_mixin.py:190} INFO - [2025-11-01T12:52:25.962+0000] {dag.py:4180} INFO - Setting next_dagrun for example_branch_datetime_operator_2 to 2025-10-31 00:00:00+00:00, run_after=2025-11-01 00:00:00+00:00
[2025-11-01T12:52:25.966+0000] {logging_mixin.py:190} INFO - [2025-11-01T12:52:25.966+0000] {dag.py:4180} INFO - Setting next_dagrun for example_branch_datetime_operator_3 to 2025-10-31 00:00:00+00:00, run_after=2025-11-01 00:00:00+00:00
[2025-11-01T12:52:25.987+0000] {processor.py:208} INFO - Processing /home/airflow/.local/lib/python3.12/site-packages/airflow/example_dags/example_branch_datetime_operator.py took 0.135 seconds
[2025-11-01T12:52:56.774+0000] {processor.py:186} INFO - Started process (PID=1422) to work on /home/airflow/.local/lib/python3.12/site-packages/airflow/example_dags/example_branch_datetime_operator.py
[2025-11-01T12:52:56.776+0000] {processor.py:914} INFO - Processing file /home/airflow/.local/lib/python3.12/site-packages/airflow/example_dags/example_branch_datetime_operator.py for tasks to queue
[2025-11-01T12:52:56.779+0000] {logging_mixin.py:190} INFO - [2025-11-01T12:52:56.779+0000] {dagbag.py:588} INFO - Filling up the DagBag from /home/airflow/.local/lib/python3.12/site-packages/airflow/example_dags/example_branch_datetime_operator.py
[2025-11-01T12:52:56.797+0000] {processor.py:925} INFO - DAG(s) 'example_branch_datetime_operator', 'example_branch_datetime_operator_3', 'example_branch_datetime_operator_2' retrieved from /home/airflow/.local/lib/python3.12/site-packages/airflow/example_dags/example_branch_datetime_operator.py
[2025-11-01T12:52:56.834+0000] {logging_mixin.py:190} INFO - [2025-11-01T12:52:56.833+0000] {dag.py:3239} INFO - Sync 3 DAGs
[2025-11-01T12:52:56.864+0000] {logging_mixin.py:190} INFO - [2025-11-01T12:52:56.864+0000] {dag.py:4180} INFO - Setting next_dagrun for example_branch_datetime_operator to 2025-10-31 00:00:00+00:00, run_after=2025-11-01 00:00:00+00:00
[2025-11-01T12:52:56.871+0000] {logging_mixin.py:190} INFO - [2025-11-01T12:52:56.870+0000] {dag.py:4180} INFO - Setting next_dagrun for example_branch_datetime_operator_2 to 2025-10-31 00:00:00+00:00, run_after=2025-11-01 00:00:00+00:00
[2025-11-01T12:52:56.874+0000] {logging_mixin.py:190} INFO - [2025-11-01T12:52:56.873+0000] {dag.py:4180} INFO - Setting next_dagrun for example_branch_datetime_operator_3 to 2025-10-31 00:00:00+00:00, run_after=2025-11-01 00:00:00+00:00
[2025-11-01T12:52:56.895+0000] {processor.py:208} INFO - Processing /home/airflow/.local/lib/python3.12/site-packages/airflow/example_dags/example_branch_datetime_operator.py took 0.129 seconds
[2025-11-01T12:53:27.067+0000] {processor.py:186} INFO - Started process (PID=1493) to work on /home/airflow/.local/lib/python3.12/site-packages/airflow/example_dags/example_branch_datetime_operator.py
[2025-11-01T12:53:27.068+0000] {processor.py:914} INFO - Processing file /home/airflow/.local/lib/python3.12/site-packages/airflow/example_dags/example_branch_datetime_operator.py for tasks to queue
[2025-11-01T12:53:27.071+0000] {logging_mixin.py:190} INFO - [2025-11-01T12:53:27.071+0000] {dagbag.py:588} INFO - Filling up the DagBag from /home/airflow/.local/lib/python3.12/site-packages/airflow/example_dags/example_branch_datetime_operator.py
[2025-11-01T12:53:27.087+0000] {processor.py:925} INFO - DAG(s) 'example_branch_datetime_operator_3', 'example_branch_datetime_operator', 'example_branch_datetime_operator_2' retrieved from /home/airflow/.local/lib/python3.12/site-packages/airflow/example_dags/example_branch_datetime_operator.py
[2025-11-01T12:53:27.124+0000] {logging_mixin.py:190} INFO - [2025-11-01T12:53:27.124+0000] {dag.py:3239} INFO - Sync 3 DAGs
[2025-11-01T12:53:27.160+0000] {logging_mixin.py:190} INFO - [2025-11-01T12:53:27.160+0000] {dag.py:4180} INFO - Setting next_dagrun for example_branch_datetime_operator to 2025-10-31 00:00:00+00:00, run_after=2025-11-01 00:00:00+00:00
[2025-11-01T12:53:27.166+0000] {logging_mixin.py:190} INFO - [2025-11-01T12:53:27.166+0000] {dag.py:4180} INFO - Setting next_dagrun for example_branch_datetime_operator_2 to 2025-10-31 00:00:00+00:00, run_after=2025-11-01 00:00:00+00:00
[2025-11-01T12:53:27.169+0000] {logging_mixin.py:190} INFO - [2025-11-01T12:53:27.169+0000] {dag.py:4180} INFO - Setting next_dagrun for example_branch_datetime_operator_3 to 2025-10-31 00:00:00+00:00, run_after=2025-11-01 00:00:00+00:00
[2025-11-01T12:53:27.192+0000] {processor.py:208} INFO - Processing /home/airflow/.local/lib/python3.12/site-packages/airflow/example_dags/example_branch_datetime_operator.py took 0.133 seconds
[2025-11-01T12:53:58.068+0000] {processor.py:186} INFO - Started process (PID=1565) to work on /home/airflow/.local/lib/python3.12/site-packages/airflow/example_dags/example_branch_datetime_operator.py
[2025-11-01T12:53:58.070+0000] {processor.py:914} INFO - Processing file /home/airflow/.local/lib/python3.12/site-packages/airflow/example_dags/example_branch_datetime_operator.py for tasks to queue
[2025-11-01T12:53:58.074+0000] {logging_mixin.py:190} INFO - [2025-11-01T12:53:58.074+0000] {dagbag.py:588} INFO - Filling up the DagBag from /home/airflow/.local/lib/python3.12/site-packages/airflow/example_dags/example_branch_datetime_operator.py
[2025-11-01T12:53:58.091+0000] {processor.py:925} INFO - DAG(s) 'example_branch_datetime_operator_3', 'example_branch_datetime_operator', 'example_branch_datetime_operator_2' retrieved from /home/airflow/.local/lib/python3.12/site-packages/airflow/example_dags/example_branch_datetime_operator.py
[2025-11-01T12:53:58.139+0000] {logging_mixin.py:190} INFO - [2025-11-01T12:53:58.138+0000] {dag.py:3239} INFO - Sync 3 DAGs
[2025-11-01T12:53:58.173+0000] {logging_mixin.py:190} INFO - [2025-11-01T12:53:58.173+0000] {dag.py:4180} INFO - Setting next_dagrun for example_branch_datetime_operator to 2025-10-31 00:00:00+00:00, run_after=2025-11-01 00:00:00+00:00
[2025-11-01T12:53:58.178+0000] {logging_mixin.py:190} INFO - [2025-11-01T12:53:58.178+0000] {dag.py:4180} INFO - Setting next_dagrun for example_branch_datetime_operator_2 to 2025-10-31 00:00:00+00:00, run_after=2025-11-01 00:00:00+00:00
[2025-11-01T12:53:58.182+0000] {logging_mixin.py:190} INFO - [2025-11-01T12:53:58.181+0000] {dag.py:4180} INFO - Setting next_dagrun for example_branch_datetime_operator_3 to 2025-10-31 00:00:00+00:00, run_after=2025-11-01 00:00:00+00:00
[2025-11-01T12:53:58.202+0000] {processor.py:208} INFO - Processing /home/airflow/.local/lib/python3.12/site-packages/airflow/example_dags/example_branch_datetime_operator.py took 0.143 seconds
[2025-11-01T12:54:28.675+0000] {processor.py:186} INFO - Started process (PID=1636) to work on /home/airflow/.local/lib/python3.12/site-packages/airflow/example_dags/example_branch_datetime_operator.py
[2025-11-01T12:54:28.676+0000] {processor.py:914} INFO - Processing file /home/airflow/.local/lib/python3.12/site-packages/airflow/example_dags/example_branch_datetime_operator.py for tasks to queue
[2025-11-01T12:54:28.680+0000] {logging_mixin.py:190} INFO - [2025-11-01T12:54:28.679+0000] {dagbag.py:588} INFO - Filling up the DagBag from /home/airflow/.local/lib/python3.12/site-packages/airflow/example_dags/example_branch_datetime_operator.py
[2025-11-01T12:54:28.695+0000] {processor.py:925} INFO - DAG(s) 'example_branch_datetime_operator_2', 'example_branch_datetime_operator', 'example_branch_datetime_operator_3' retrieved from /home/airflow/.local/lib/python3.12/site-packages/airflow/example_dags/example_branch_datetime_operator.py
[2025-11-01T12:54:28.731+0000] {logging_mixin.py:190} INFO - [2025-11-01T12:54:28.731+0000] {dag.py:3239} INFO - Sync 3 DAGs
[2025-11-01T12:54:28.769+0000] {logging_mixin.py:190} INFO - [2025-11-01T12:54:28.768+0000] {dag.py:4180} INFO - Setting next_dagrun for example_branch_datetime_operator to 2025-10-31 00:00:00+00:00, run_after=2025-11-01 00:00:00+00:00
[2025-11-01T12:54:28.775+0000] {logging_mixin.py:190} INFO - [2025-11-01T12:54:28.775+0000] {dag.py:4180} INFO - Setting next_dagrun for example_branch_datetime_operator_2 to 2025-10-31 00:00:00+00:00, run_after=2025-11-01 00:00:00+00:00
[2025-11-01T12:54:28.778+0000] {logging_mixin.py:190} INFO - [2025-11-01T12:54:28.778+0000] {dag.py:4180} INFO - Setting next_dagrun for example_branch_datetime_operator_3 to 2025-10-31 00:00:00+00:00, run_after=2025-11-01 00:00:00+00:00
[2025-11-01T12:54:28.802+0000] {processor.py:208} INFO - Processing /home/airflow/.local/lib/python3.12/site-packages/airflow/example_dags/example_branch_datetime_operator.py took 0.135 seconds
[2025-11-01T12:54:58.993+0000] {processor.py:186} INFO - Started process (PID=1707) to work on /home/airflow/.local/lib/python3.12/site-packages/airflow/example_dags/example_branch_datetime_operator.py
[2025-11-01T12:54:58.994+0000] {processor.py:914} INFO - Processing file /home/airflow/.local/lib/python3.12/site-packages/airflow/example_dags/example_branch_datetime_operator.py for tasks to queue
[2025-11-01T12:54:58.998+0000] {logging_mixin.py:190} INFO - [2025-11-01T12:54:58.998+0000] {dagbag.py:588} INFO - Filling up the DagBag from /home/airflow/.local/lib/python3.12/site-packages/airflow/example_dags/example_branch_datetime_operator.py
[2025-11-01T12:54:59.013+0000] {processor.py:925} INFO - DAG(s) 'example_branch_datetime_operator_3', 'example_branch_datetime_operator_2', 'example_branch_datetime_operator' retrieved from /home/airflow/.local/lib/python3.12/site-packages/airflow/example_dags/example_branch_datetime_operator.py
[2025-11-01T12:54:59.047+0000] {logging_mixin.py:190} INFO - [2025-11-01T12:54:59.046+0000] {dag.py:3239} INFO - Sync 3 DAGs
[2025-11-01T12:54:59.074+0000] {logging_mixin.py:190} INFO - [2025-11-01T12:54:59.073+0000] {dag.py:4180} INFO - Setting next_dagrun for example_branch_datetime_operator to 2025-10-31 00:00:00+00:00, run_after=2025-11-01 00:00:00+00:00
[2025-11-01T12:54:59.079+0000] {logging_mixin.py:190} INFO - [2025-11-01T12:54:59.079+0000] {dag.py:4180} INFO - Setting next_dagrun for example_branch_datetime_operator_2 to 2025-10-31 00:00:00+00:00, run_after=2025-11-01 00:00:00+00:00
[2025-11-01T12:54:59.082+0000] {logging_mixin.py:190} INFO - [2025-11-01T12:54:59.082+0000] {dag.py:4180} INFO - Setting next_dagrun for example_branch_datetime_operator_3 to 2025-10-31 00:00:00+00:00, run_after=2025-11-01 00:00:00+00:00
[2025-11-01T12:54:59.100+0000] {processor.py:208} INFO - Processing /home/airflow/.local/lib/python3.12/site-packages/airflow/example_dags/example_branch_datetime_operator.py took 0.114 seconds
[2025-11-01T12:55:29.228+0000] {processor.py:186} INFO - Started process (PID=1778) to work on /home/airflow/.local/lib/python3.12/site-packages/airflow/example_dags/example_branch_datetime_operator.py
[2025-11-01T12:55:29.230+0000] {processor.py:914} INFO - Processing file /home/airflow/.local/lib/python3.12/site-packages/airflow/example_dags/example_branch_datetime_operator.py for tasks to queue
[2025-11-01T12:55:29.233+0000] {logging_mixin.py:190} INFO - [2025-11-01T12:55:29.233+0000] {dagbag.py:588} INFO - Filling up the DagBag from /home/airflow/.local/lib/python3.12/site-packages/airflow/example_dags/example_branch_datetime_operator.py
[2025-11-01T12:55:29.248+0000] {processor.py:925} INFO - DAG(s) 'example_branch_datetime_operator', 'example_branch_datetime_operator_2', 'example_branch_datetime_operator_3' retrieved from /home/airflow/.local/lib/python3.12/site-packages/airflow/example_dags/example_branch_datetime_operator.py
[2025-11-01T12:55:29.284+0000] {logging_mixin.py:190} INFO - [2025-11-01T12:55:29.283+0000] {dag.py:3239} INFO - Sync 3 DAGs
[2025-11-01T12:55:29.310+0000] {logging_mixin.py:190} INFO - [2025-11-01T12:55:29.310+0000] {dag.py:4180} INFO - Setting next_dagrun for example_branch_datetime_operator to 2025-10-31 00:00:00+00:00, run_after=2025-11-01 00:00:00+00:00
[2025-11-01T12:55:29.316+0000] {logging_mixin.py:190} INFO - [2025-11-01T12:55:29.316+0000] {dag.py:4180} INFO - Setting next_dagrun for example_branch_datetime_operator_2 to 2025-10-31 00:00:00+00:00, run_after=2025-11-01 00:00:00+00:00
[2025-11-01T12:55:29.319+0000] {logging_mixin.py:190} INFO - [2025-11-01T12:55:29.319+0000] {dag.py:4180} INFO - Setting next_dagrun for example_branch_datetime_operator_3 to 2025-10-31 00:00:00+00:00, run_after=2025-11-01 00:00:00+00:00
[2025-11-01T12:55:29.340+0000] {processor.py:208} INFO - Processing /home/airflow/.local/lib/python3.12/site-packages/airflow/example_dags/example_branch_datetime_operator.py took 0.118 seconds
[2025-11-01T12:55:59.665+0000] {processor.py:186} INFO - Started process (PID=1850) to work on /home/airflow/.local/lib/python3.12/site-packages/airflow/example_dags/example_branch_datetime_operator.py
[2025-11-01T12:55:59.666+0000] {processor.py:914} INFO - Processing file /home/airflow/.local/lib/python3.12/site-packages/airflow/example_dags/example_branch_datetime_operator.py for tasks to queue
[2025-11-01T12:55:59.670+0000] {logging_mixin.py:190} INFO - [2025-11-01T12:55:59.669+0000] {dagbag.py:588} INFO - Filling up the DagBag from /home/airflow/.local/lib/python3.12/site-packages/airflow/example_dags/example_branch_datetime_operator.py
[2025-11-01T12:55:59.685+0000] {processor.py:925} INFO - DAG(s) 'example_branch_datetime_operator_3', 'example_branch_datetime_operator', 'example_branch_datetime_operator_2' retrieved from /home/airflow/.local/lib/python3.12/site-packages/airflow/example_dags/example_branch_datetime_operator.py
[2025-11-01T12:55:59.719+0000] {logging_mixin.py:190} INFO - [2025-11-01T12:55:59.718+0000] {dag.py:3239} INFO - Sync 3 DAGs
[2025-11-01T12:55:59.744+0000] {logging_mixin.py:190} INFO - [2025-11-01T12:55:59.744+0000] {dag.py:4180} INFO - Setting next_dagrun for example_branch_datetime_operator to 2025-10-31 00:00:00+00:00, run_after=2025-11-01 00:00:00+00:00
[2025-11-01T12:55:59.750+0000] {logging_mixin.py:190} INFO - [2025-11-01T12:55:59.750+0000] {dag.py:4180} INFO - Setting next_dagrun for example_branch_datetime_operator_2 to 2025-10-31 00:00:00+00:00, run_after=2025-11-01 00:00:00+00:00
[2025-11-01T12:55:59.754+0000] {logging_mixin.py:190} INFO - [2025-11-01T12:55:59.754+0000] {dag.py:4180} INFO - Setting next_dagrun for example_branch_datetime_operator_3 to 2025-10-31 00:00:00+00:00, run_after=2025-11-01 00:00:00+00:00
[2025-11-01T12:55:59.773+0000] {processor.py:208} INFO - Processing /home/airflow/.local/lib/python3.12/site-packages/airflow/example_dags/example_branch_datetime_operator.py took 0.116 seconds
[2025-11-01T12:56:30.144+0000] {processor.py:186} INFO - Started process (PID=1921) to work on /home/airflow/.local/lib/python3.12/site-packages/airflow/example_dags/example_branch_datetime_operator.py
[2025-11-01T12:56:30.146+0000] {processor.py:914} INFO - Processing file /home/airflow/.local/lib/python3.12/site-packages/airflow/example_dags/example_branch_datetime_operator.py for tasks to queue
[2025-11-01T12:56:30.149+0000] {logging_mixin.py:190} INFO - [2025-11-01T12:56:30.149+0000] {dagbag.py:588} INFO - Filling up the DagBag from /home/airflow/.local/lib/python3.12/site-packages/airflow/example_dags/example_branch_datetime_operator.py
[2025-11-01T12:56:30.163+0000] {processor.py:925} INFO - DAG(s) 'example_branch_datetime_operator', 'example_branch_datetime_operator_3', 'example_branch_datetime_operator_2' retrieved from /home/airflow/.local/lib/python3.12/site-packages/airflow/example_dags/example_branch_datetime_operator.py
[2025-11-01T12:56:30.197+0000] {logging_mixin.py:190} INFO - [2025-11-01T12:56:30.196+0000] {dag.py:3239} INFO - Sync 3 DAGs
[2025-11-01T12:56:30.224+0000] {logging_mixin.py:190} INFO - [2025-11-01T12:56:30.223+0000] {dag.py:4180} INFO - Setting next_dagrun for example_branch_datetime_operator to 2025-10-31 00:00:00+00:00, run_after=2025-11-01 00:00:00+00:00
[2025-11-01T12:56:30.229+0000] {logging_mixin.py:190} INFO - [2025-11-01T12:56:30.228+0000] {dag.py:4180} INFO - Setting next_dagrun for example_branch_datetime_operator_2 to 2025-10-31 00:00:00+00:00, run_after=2025-11-01 00:00:00+00:00
[2025-11-01T12:56:30.232+0000] {logging_mixin.py:190} INFO - [2025-11-01T12:56:30.232+0000] {dag.py:4180} INFO - Setting next_dagrun for example_branch_datetime_operator_3 to 2025-10-31 00:00:00+00:00, run_after=2025-11-01 00:00:00+00:00
[2025-11-01T12:56:30.254+0000] {processor.py:208} INFO - Processing /home/airflow/.local/lib/python3.12/site-packages/airflow/example_dags/example_branch_datetime_operator.py took 0.117 seconds
