[2025-11-01T12:43:47.606+0000] {processor.py:186} INFO - Started process (PID=152) to work on /home/airflow/.local/lib/python3.12/site-packages/airflow/example_dags/example_xcomargs.py
[2025-11-01T12:43:47.607+0000] {processor.py:914} INFO - Processing file /home/airflow/.local/lib/python3.12/site-packages/airflow/example_dags/example_xcomargs.py for tasks to queue
[2025-11-01T12:43:47.612+0000] {logging_mixin.py:190} INFO - [2025-11-01T12:43:47.611+0000] {dagbag.py:588} INFO - Filling up the DagBag from /home/airflow/.local/lib/python3.12/site-packages/airflow/example_dags/example_xcomargs.py
[2025-11-01T12:43:47.633+0000] {processor.py:925} INFO - DAG(s) 'example_xcom_args_with_operators', 'example_xcom_args' retrieved from /home/airflow/.local/lib/python3.12/site-packages/airflow/example_dags/example_xcomargs.py
[2025-11-01T12:43:47.789+0000] {logging_mixin.py:190} INFO - [2025-11-01T12:43:47.788+0000] {override.py:1911} INFO - Created Permission View: can delete on DAG:example_xcom_args_with_operators
[2025-11-01T12:43:47.804+0000] {logging_mixin.py:190} INFO - [2025-11-01T12:43:47.804+0000] {override.py:1911} INFO - Created Permission View: can edit on DAG:example_xcom_args_with_operators
[2025-11-01T12:43:47.817+0000] {logging_mixin.py:190} INFO - [2025-11-01T12:43:47.816+0000] {override.py:1911} INFO - Created Permission View: can read on DAG:example_xcom_args_with_operators
[2025-11-01T12:43:47.828+0000] {logging_mixin.py:190} INFO - [2025-11-01T12:43:47.828+0000] {override.py:1911} INFO - Created Permission View: menu access on DAG Run:example_xcom_args_with_operators
[2025-11-01T12:43:47.839+0000] {logging_mixin.py:190} INFO - [2025-11-01T12:43:47.839+0000] {override.py:1911} INFO - Created Permission View: can delete on DAG Run:example_xcom_args_with_operators
[2025-11-01T12:43:47.850+0000] {logging_mixin.py:190} INFO - [2025-11-01T12:43:47.850+0000] {override.py:1911} INFO - Created Permission View: can create on DAG Run:example_xcom_args_with_operators
[2025-11-01T12:43:47.861+0000] {logging_mixin.py:190} INFO - [2025-11-01T12:43:47.860+0000] {override.py:1911} INFO - Created Permission View: can read on DAG Run:example_xcom_args_with_operators
[2025-11-01T12:43:47.878+0000] {logging_mixin.py:190} INFO - [2025-11-01T12:43:47.878+0000] {override.py:1911} INFO - Created Permission View: can delete on DAG:example_xcom_args
[2025-11-01T12:43:47.890+0000] {logging_mixin.py:190} INFO - [2025-11-01T12:43:47.890+0000] {override.py:1911} INFO - Created Permission View: can edit on DAG:example_xcom_args
[2025-11-01T12:43:47.905+0000] {logging_mixin.py:190} INFO - [2025-11-01T12:43:47.905+0000] {override.py:1911} INFO - Created Permission View: can read on DAG:example_xcom_args
[2025-11-01T12:43:47.920+0000] {logging_mixin.py:190} INFO - [2025-11-01T12:43:47.919+0000] {override.py:1911} INFO - Created Permission View: menu access on DAG Run:example_xcom_args
[2025-11-01T12:43:47.928+0000] {logging_mixin.py:190} INFO - [2025-11-01T12:43:47.928+0000] {override.py:1911} INFO - Created Permission View: can delete on DAG Run:example_xcom_args
[2025-11-01T12:43:47.936+0000] {logging_mixin.py:190} INFO - [2025-11-01T12:43:47.936+0000] {override.py:1911} INFO - Created Permission View: can create on DAG Run:example_xcom_args
[2025-11-01T12:43:47.943+0000] {logging_mixin.py:190} INFO - [2025-11-01T12:43:47.943+0000] {override.py:1911} INFO - Created Permission View: can read on DAG Run:example_xcom_args
[2025-11-01T12:43:47.944+0000] {logging_mixin.py:190} INFO - [2025-11-01T12:43:47.944+0000] {dag.py:3239} INFO - Sync 2 DAGs
[2025-11-01T12:43:47.959+0000] {logging_mixin.py:190} INFO - [2025-11-01T12:43:47.959+0000] {dag.py:3262} INFO - Creating ORM DAG for example_xcom_args
[2025-11-01T12:43:47.961+0000] {logging_mixin.py:190} INFO - [2025-11-01T12:43:47.960+0000] {dag.py:3262} INFO - Creating ORM DAG for example_xcom_args_with_operators
[2025-11-01T12:43:47.967+0000] {logging_mixin.py:190} INFO - [2025-11-01T12:43:47.966+0000] {dag.py:4180} INFO - Setting next_dagrun for example_xcom_args to None, run_after=None
[2025-11-01T12:43:47.968+0000] {logging_mixin.py:190} INFO - [2025-11-01T12:43:47.968+0000] {dag.py:4180} INFO - Setting next_dagrun for example_xcom_args_with_operators to None, run_after=None
[2025-11-01T12:43:47.988+0000] {processor.py:208} INFO - Processing /home/airflow/.local/lib/python3.12/site-packages/airflow/example_dags/example_xcomargs.py took 0.392 seconds
[2025-11-01T12:44:18.125+0000] {processor.py:186} INFO - Started process (PID=222) to work on /home/airflow/.local/lib/python3.12/site-packages/airflow/example_dags/example_xcomargs.py
[2025-11-01T12:44:18.126+0000] {processor.py:914} INFO - Processing file /home/airflow/.local/lib/python3.12/site-packages/airflow/example_dags/example_xcomargs.py for tasks to queue
[2025-11-01T12:44:18.130+0000] {logging_mixin.py:190} INFO - [2025-11-01T12:44:18.130+0000] {dagbag.py:588} INFO - Filling up the DagBag from /home/airflow/.local/lib/python3.12/site-packages/airflow/example_dags/example_xcomargs.py
[2025-11-01T12:44:18.148+0000] {processor.py:925} INFO - DAG(s) 'example_xcom_args_with_operators', 'example_xcom_args' retrieved from /home/airflow/.local/lib/python3.12/site-packages/airflow/example_dags/example_xcomargs.py
[2025-11-01T12:44:18.180+0000] {logging_mixin.py:190} INFO - [2025-11-01T12:44:18.180+0000] {dag.py:3239} INFO - Sync 2 DAGs
[2025-11-01T12:44:18.199+0000] {logging_mixin.py:190} INFO - [2025-11-01T12:44:18.199+0000] {dag.py:4180} INFO - Setting next_dagrun for example_xcom_args to None, run_after=None
[2025-11-01T12:44:18.204+0000] {logging_mixin.py:190} INFO - [2025-11-01T12:44:18.204+0000] {dag.py:4180} INFO - Setting next_dagrun for example_xcom_args_with_operators to None, run_after=None
[2025-11-01T12:44:18.226+0000] {processor.py:208} INFO - Processing /home/airflow/.local/lib/python3.12/site-packages/airflow/example_dags/example_xcomargs.py took 0.109 seconds
[2025-11-01T12:44:49.052+0000] {processor.py:186} INFO - Started process (PID=292) to work on /home/airflow/.local/lib/python3.12/site-packages/airflow/example_dags/example_xcomargs.py
[2025-11-01T12:44:49.053+0000] {processor.py:914} INFO - Processing file /home/airflow/.local/lib/python3.12/site-packages/airflow/example_dags/example_xcomargs.py for tasks to queue
[2025-11-01T12:44:49.057+0000] {logging_mixin.py:190} INFO - [2025-11-01T12:44:49.056+0000] {dagbag.py:588} INFO - Filling up the DagBag from /home/airflow/.local/lib/python3.12/site-packages/airflow/example_dags/example_xcomargs.py
[2025-11-01T12:44:49.071+0000] {processor.py:925} INFO - DAG(s) 'example_xcom_args', 'example_xcom_args_with_operators' retrieved from /home/airflow/.local/lib/python3.12/site-packages/airflow/example_dags/example_xcomargs.py
[2025-11-01T12:44:49.097+0000] {logging_mixin.py:190} INFO - [2025-11-01T12:44:49.097+0000] {dag.py:3239} INFO - Sync 2 DAGs
[2025-11-01T12:44:49.114+0000] {logging_mixin.py:190} INFO - [2025-11-01T12:44:49.114+0000] {dag.py:4180} INFO - Setting next_dagrun for example_xcom_args to None, run_after=None
[2025-11-01T12:44:49.119+0000] {logging_mixin.py:190} INFO - [2025-11-01T12:44:49.119+0000] {dag.py:4180} INFO - Setting next_dagrun for example_xcom_args_with_operators to None, run_after=None
[2025-11-01T12:44:49.138+0000] {processor.py:208} INFO - Processing /home/airflow/.local/lib/python3.12/site-packages/airflow/example_dags/example_xcomargs.py took 0.093 seconds
[2025-11-01T12:45:19.372+0000] {processor.py:186} INFO - Started process (PID=363) to work on /home/airflow/.local/lib/python3.12/site-packages/airflow/example_dags/example_xcomargs.py
[2025-11-01T12:45:19.374+0000] {processor.py:914} INFO - Processing file /home/airflow/.local/lib/python3.12/site-packages/airflow/example_dags/example_xcomargs.py for tasks to queue
[2025-11-01T12:45:19.377+0000] {logging_mixin.py:190} INFO - [2025-11-01T12:45:19.376+0000] {dagbag.py:588} INFO - Filling up the DagBag from /home/airflow/.local/lib/python3.12/site-packages/airflow/example_dags/example_xcomargs.py
[2025-11-01T12:45:19.391+0000] {processor.py:925} INFO - DAG(s) 'example_xcom_args_with_operators', 'example_xcom_args' retrieved from /home/airflow/.local/lib/python3.12/site-packages/airflow/example_dags/example_xcomargs.py
[2025-11-01T12:45:19.419+0000] {logging_mixin.py:190} INFO - [2025-11-01T12:45:19.419+0000] {dag.py:3239} INFO - Sync 2 DAGs
[2025-11-01T12:45:19.436+0000] {logging_mixin.py:190} INFO - [2025-11-01T12:45:19.435+0000] {dag.py:4180} INFO - Setting next_dagrun for example_xcom_args to None, run_after=None
[2025-11-01T12:45:19.440+0000] {logging_mixin.py:190} INFO - [2025-11-01T12:45:19.440+0000] {dag.py:4180} INFO - Setting next_dagrun for example_xcom_args_with_operators to None, run_after=None
[2025-11-01T12:45:19.462+0000] {processor.py:208} INFO - Processing /home/airflow/.local/lib/python3.12/site-packages/airflow/example_dags/example_xcomargs.py took 0.096 seconds
[2025-11-01T12:45:50.116+0000] {processor.py:186} INFO - Started process (PID=433) to work on /home/airflow/.local/lib/python3.12/site-packages/airflow/example_dags/example_xcomargs.py
[2025-11-01T12:45:50.118+0000] {processor.py:914} INFO - Processing file /home/airflow/.local/lib/python3.12/site-packages/airflow/example_dags/example_xcomargs.py for tasks to queue
[2025-11-01T12:45:50.122+0000] {logging_mixin.py:190} INFO - [2025-11-01T12:45:50.122+0000] {dagbag.py:588} INFO - Filling up the DagBag from /home/airflow/.local/lib/python3.12/site-packages/airflow/example_dags/example_xcomargs.py
[2025-11-01T12:45:50.139+0000] {processor.py:925} INFO - DAG(s) 'example_xcom_args', 'example_xcom_args_with_operators' retrieved from /home/airflow/.local/lib/python3.12/site-packages/airflow/example_dags/example_xcomargs.py
[2025-11-01T12:45:50.173+0000] {logging_mixin.py:190} INFO - [2025-11-01T12:45:50.173+0000] {dag.py:3239} INFO - Sync 2 DAGs
[2025-11-01T12:45:50.192+0000] {logging_mixin.py:190} INFO - [2025-11-01T12:45:50.192+0000] {dag.py:4180} INFO - Setting next_dagrun for example_xcom_args to None, run_after=None
[2025-11-01T12:45:50.197+0000] {logging_mixin.py:190} INFO - [2025-11-01T12:45:50.197+0000] {dag.py:4180} INFO - Setting next_dagrun for example_xcom_args_with_operators to None, run_after=None
[2025-11-01T12:45:50.217+0000] {processor.py:208} INFO - Processing /home/airflow/.local/lib/python3.12/site-packages/airflow/example_dags/example_xcomargs.py took 0.110 seconds
[2025-11-01T12:46:20.475+0000] {processor.py:186} INFO - Started process (PID=504) to work on /home/airflow/.local/lib/python3.12/site-packages/airflow/example_dags/example_xcomargs.py
[2025-11-01T12:46:20.477+0000] {processor.py:914} INFO - Processing file /home/airflow/.local/lib/python3.12/site-packages/airflow/example_dags/example_xcomargs.py for tasks to queue
[2025-11-01T12:46:20.480+0000] {logging_mixin.py:190} INFO - [2025-11-01T12:46:20.480+0000] {dagbag.py:588} INFO - Filling up the DagBag from /home/airflow/.local/lib/python3.12/site-packages/airflow/example_dags/example_xcomargs.py
[2025-11-01T12:46:20.495+0000] {processor.py:925} INFO - DAG(s) 'example_xcom_args_with_operators', 'example_xcom_args' retrieved from /home/airflow/.local/lib/python3.12/site-packages/airflow/example_dags/example_xcomargs.py
[2025-11-01T12:46:20.524+0000] {logging_mixin.py:190} INFO - [2025-11-01T12:46:20.523+0000] {dag.py:3239} INFO - Sync 2 DAGs
[2025-11-01T12:46:20.541+0000] {logging_mixin.py:190} INFO - [2025-11-01T12:46:20.541+0000] {dag.py:4180} INFO - Setting next_dagrun for example_xcom_args to None, run_after=None
[2025-11-01T12:46:20.545+0000] {logging_mixin.py:190} INFO - [2025-11-01T12:46:20.545+0000] {dag.py:4180} INFO - Setting next_dagrun for example_xcom_args_with_operators to None, run_after=None
[2025-11-01T12:46:20.565+0000] {processor.py:208} INFO - Processing /home/airflow/.local/lib/python3.12/site-packages/airflow/example_dags/example_xcomargs.py took 0.098 seconds
[2025-11-01T12:46:51.287+0000] {processor.py:186} INFO - Started process (PID=573) to work on /home/airflow/.local/lib/python3.12/site-packages/airflow/example_dags/example_xcomargs.py
[2025-11-01T12:46:51.289+0000] {processor.py:914} INFO - Processing file /home/airflow/.local/lib/python3.12/site-packages/airflow/example_dags/example_xcomargs.py for tasks to queue
[2025-11-01T12:46:51.292+0000] {logging_mixin.py:190} INFO - [2025-11-01T12:46:51.292+0000] {dagbag.py:588} INFO - Filling up the DagBag from /home/airflow/.local/lib/python3.12/site-packages/airflow/example_dags/example_xcomargs.py
[2025-11-01T12:46:51.308+0000] {processor.py:925} INFO - DAG(s) 'example_xcom_args', 'example_xcom_args_with_operators' retrieved from /home/airflow/.local/lib/python3.12/site-packages/airflow/example_dags/example_xcomargs.py
[2025-11-01T12:46:51.341+0000] {logging_mixin.py:190} INFO - [2025-11-01T12:46:51.341+0000] {dag.py:3239} INFO - Sync 2 DAGs
[2025-11-01T12:46:51.359+0000] {logging_mixin.py:190} INFO - [2025-11-01T12:46:51.359+0000] {dag.py:4180} INFO - Setting next_dagrun for example_xcom_args to None, run_after=None
[2025-11-01T12:46:51.363+0000] {logging_mixin.py:190} INFO - [2025-11-01T12:46:51.363+0000] {dag.py:4180} INFO - Setting next_dagrun for example_xcom_args_with_operators to None, run_after=None
[2025-11-01T12:46:51.384+0000] {processor.py:208} INFO - Processing /home/airflow/.local/lib/python3.12/site-packages/airflow/example_dags/example_xcomargs.py took 0.104 seconds
[2025-11-01T12:47:21.462+0000] {processor.py:186} INFO - Started process (PID=643) to work on /home/airflow/.local/lib/python3.12/site-packages/airflow/example_dags/example_xcomargs.py
[2025-11-01T12:47:21.463+0000] {processor.py:914} INFO - Processing file /home/airflow/.local/lib/python3.12/site-packages/airflow/example_dags/example_xcomargs.py for tasks to queue
[2025-11-01T12:47:21.467+0000] {logging_mixin.py:190} INFO - [2025-11-01T12:47:21.466+0000] {dagbag.py:588} INFO - Filling up the DagBag from /home/airflow/.local/lib/python3.12/site-packages/airflow/example_dags/example_xcomargs.py
[2025-11-01T12:47:21.481+0000] {processor.py:925} INFO - DAG(s) 'example_xcom_args', 'example_xcom_args_with_operators' retrieved from /home/airflow/.local/lib/python3.12/site-packages/airflow/example_dags/example_xcomargs.py
[2025-11-01T12:47:21.509+0000] {logging_mixin.py:190} INFO - [2025-11-01T12:47:21.509+0000] {dag.py:3239} INFO - Sync 2 DAGs
[2025-11-01T12:47:21.525+0000] {logging_mixin.py:190} INFO - [2025-11-01T12:47:21.525+0000] {dag.py:4180} INFO - Setting next_dagrun for example_xcom_args to None, run_after=None
[2025-11-01T12:47:21.530+0000] {logging_mixin.py:190} INFO - [2025-11-01T12:47:21.530+0000] {dag.py:4180} INFO - Setting next_dagrun for example_xcom_args_with_operators to None, run_after=None
[2025-11-01T12:47:21.551+0000] {processor.py:208} INFO - Processing /home/airflow/.local/lib/python3.12/site-packages/airflow/example_dags/example_xcomargs.py took 0.097 seconds
[2025-11-01T12:47:52.342+0000] {processor.py:186} INFO - Started process (PID=713) to work on /home/airflow/.local/lib/python3.12/site-packages/airflow/example_dags/example_xcomargs.py
[2025-11-01T12:47:52.343+0000] {processor.py:914} INFO - Processing file /home/airflow/.local/lib/python3.12/site-packages/airflow/example_dags/example_xcomargs.py for tasks to queue
[2025-11-01T12:47:52.346+0000] {logging_mixin.py:190} INFO - [2025-11-01T12:47:52.346+0000] {dagbag.py:588} INFO - Filling up the DagBag from /home/airflow/.local/lib/python3.12/site-packages/airflow/example_dags/example_xcomargs.py
[2025-11-01T12:47:52.361+0000] {processor.py:925} INFO - DAG(s) 'example_xcom_args_with_operators', 'example_xcom_args' retrieved from /home/airflow/.local/lib/python3.12/site-packages/airflow/example_dags/example_xcomargs.py
[2025-11-01T12:47:52.390+0000] {logging_mixin.py:190} INFO - [2025-11-01T12:47:52.389+0000] {dag.py:3239} INFO - Sync 2 DAGs
[2025-11-01T12:47:52.408+0000] {logging_mixin.py:190} INFO - [2025-11-01T12:47:52.407+0000] {dag.py:4180} INFO - Setting next_dagrun for example_xcom_args to None, run_after=None
[2025-11-01T12:47:52.412+0000] {logging_mixin.py:190} INFO - [2025-11-01T12:47:52.412+0000] {dag.py:4180} INFO - Setting next_dagrun for example_xcom_args_with_operators to None, run_after=None
[2025-11-01T12:47:52.434+0000] {processor.py:208} INFO - Processing /home/airflow/.local/lib/python3.12/site-packages/airflow/example_dags/example_xcomargs.py took 0.099 seconds
[2025-11-01T12:48:22.680+0000] {processor.py:186} INFO - Started process (PID=783) to work on /home/airflow/.local/lib/python3.12/site-packages/airflow/example_dags/example_xcomargs.py
[2025-11-01T12:48:22.682+0000] {processor.py:914} INFO - Processing file /home/airflow/.local/lib/python3.12/site-packages/airflow/example_dags/example_xcomargs.py for tasks to queue
[2025-11-01T12:48:22.685+0000] {logging_mixin.py:190} INFO - [2025-11-01T12:48:22.685+0000] {dagbag.py:588} INFO - Filling up the DagBag from /home/airflow/.local/lib/python3.12/site-packages/airflow/example_dags/example_xcomargs.py
[2025-11-01T12:48:22.700+0000] {processor.py:925} INFO - DAG(s) 'example_xcom_args_with_operators', 'example_xcom_args' retrieved from /home/airflow/.local/lib/python3.12/site-packages/airflow/example_dags/example_xcomargs.py
[2025-11-01T12:48:22.731+0000] {logging_mixin.py:190} INFO - [2025-11-01T12:48:22.731+0000] {dag.py:3239} INFO - Sync 2 DAGs
[2025-11-01T12:48:22.748+0000] {logging_mixin.py:190} INFO - [2025-11-01T12:48:22.748+0000] {dag.py:4180} INFO - Setting next_dagrun for example_xcom_args to None, run_after=None
[2025-11-01T12:48:22.753+0000] {logging_mixin.py:190} INFO - [2025-11-01T12:48:22.752+0000] {dag.py:4180} INFO - Setting next_dagrun for example_xcom_args_with_operators to None, run_after=None
[2025-11-01T12:48:22.778+0000] {processor.py:208} INFO - Processing /home/airflow/.local/lib/python3.12/site-packages/airflow/example_dags/example_xcomargs.py took 0.106 seconds
[2025-11-01T12:48:53.040+0000] {processor.py:186} INFO - Started process (PID=854) to work on /home/airflow/.local/lib/python3.12/site-packages/airflow/example_dags/example_xcomargs.py
[2025-11-01T12:48:53.042+0000] {processor.py:914} INFO - Processing file /home/airflow/.local/lib/python3.12/site-packages/airflow/example_dags/example_xcomargs.py for tasks to queue
[2025-11-01T12:48:53.045+0000] {logging_mixin.py:190} INFO - [2025-11-01T12:48:53.045+0000] {dagbag.py:588} INFO - Filling up the DagBag from /home/airflow/.local/lib/python3.12/site-packages/airflow/example_dags/example_xcomargs.py
[2025-11-01T12:48:53.063+0000] {processor.py:925} INFO - DAG(s) 'example_xcom_args_with_operators', 'example_xcom_args' retrieved from /home/airflow/.local/lib/python3.12/site-packages/airflow/example_dags/example_xcomargs.py
[2025-11-01T12:48:53.092+0000] {logging_mixin.py:190} INFO - [2025-11-01T12:48:53.092+0000] {dag.py:3239} INFO - Sync 2 DAGs
[2025-11-01T12:48:53.111+0000] {logging_mixin.py:190} INFO - [2025-11-01T12:48:53.111+0000] {dag.py:4180} INFO - Setting next_dagrun for example_xcom_args to None, run_after=None
[2025-11-01T12:48:53.116+0000] {logging_mixin.py:190} INFO - [2025-11-01T12:48:53.116+0000] {dag.py:4180} INFO - Setting next_dagrun for example_xcom_args_with_operators to None, run_after=None
[2025-11-01T12:48:53.136+0000] {processor.py:208} INFO - Processing /home/airflow/.local/lib/python3.12/site-packages/airflow/example_dags/example_xcomargs.py took 0.103 seconds
[2025-11-01T12:49:23.552+0000] {processor.py:186} INFO - Started process (PID=925) to work on /home/airflow/.local/lib/python3.12/site-packages/airflow/example_dags/example_xcomargs.py
[2025-11-01T12:49:23.554+0000] {processor.py:914} INFO - Processing file /home/airflow/.local/lib/python3.12/site-packages/airflow/example_dags/example_xcomargs.py for tasks to queue
[2025-11-01T12:49:23.557+0000] {logging_mixin.py:190} INFO - [2025-11-01T12:49:23.557+0000] {dagbag.py:588} INFO - Filling up the DagBag from /home/airflow/.local/lib/python3.12/site-packages/airflow/example_dags/example_xcomargs.py
[2025-11-01T12:49:23.572+0000] {processor.py:925} INFO - DAG(s) 'example_xcom_args_with_operators', 'example_xcom_args' retrieved from /home/airflow/.local/lib/python3.12/site-packages/airflow/example_dags/example_xcomargs.py
[2025-11-01T12:49:23.605+0000] {logging_mixin.py:190} INFO - [2025-11-01T12:49:23.605+0000] {dag.py:3239} INFO - Sync 2 DAGs
[2025-11-01T12:49:23.623+0000] {logging_mixin.py:190} INFO - [2025-11-01T12:49:23.622+0000] {dag.py:4180} INFO - Setting next_dagrun for example_xcom_args to None, run_after=None
[2025-11-01T12:49:23.628+0000] {logging_mixin.py:190} INFO - [2025-11-01T12:49:23.627+0000] {dag.py:4180} INFO - Setting next_dagrun for example_xcom_args_with_operators to None, run_after=None
[2025-11-01T12:49:23.648+0000] {processor.py:208} INFO - Processing /home/airflow/.local/lib/python3.12/site-packages/airflow/example_dags/example_xcomargs.py took 0.103 seconds
[2025-11-01T12:49:54.370+0000] {processor.py:186} INFO - Started process (PID=997) to work on /home/airflow/.local/lib/python3.12/site-packages/airflow/example_dags/example_xcomargs.py
[2025-11-01T12:49:54.372+0000] {processor.py:914} INFO - Processing file /home/airflow/.local/lib/python3.12/site-packages/airflow/example_dags/example_xcomargs.py for tasks to queue
[2025-11-01T12:49:54.375+0000] {logging_mixin.py:190} INFO - [2025-11-01T12:49:54.375+0000] {dagbag.py:588} INFO - Filling up the DagBag from /home/airflow/.local/lib/python3.12/site-packages/airflow/example_dags/example_xcomargs.py
[2025-11-01T12:49:54.398+0000] {processor.py:925} INFO - DAG(s) 'example_xcom_args_with_operators', 'example_xcom_args' retrieved from /home/airflow/.local/lib/python3.12/site-packages/airflow/example_dags/example_xcomargs.py
[2025-11-01T12:49:54.437+0000] {logging_mixin.py:190} INFO - [2025-11-01T12:49:54.436+0000] {dag.py:3239} INFO - Sync 2 DAGs
[2025-11-01T12:49:54.461+0000] {logging_mixin.py:190} INFO - [2025-11-01T12:49:54.460+0000] {dag.py:4180} INFO - Setting next_dagrun for example_xcom_args to None, run_after=None
[2025-11-01T12:49:54.466+0000] {logging_mixin.py:190} INFO - [2025-11-01T12:49:54.466+0000] {dag.py:4180} INFO - Setting next_dagrun for example_xcom_args_with_operators to None, run_after=None
[2025-11-01T12:49:54.496+0000] {processor.py:208} INFO - Processing /home/airflow/.local/lib/python3.12/site-packages/airflow/example_dags/example_xcomargs.py took 0.135 seconds
[2025-11-01T12:50:25.163+0000] {processor.py:186} INFO - Started process (PID=1072) to work on /home/airflow/.local/lib/python3.12/site-packages/airflow/example_dags/example_xcomargs.py
[2025-11-01T12:50:25.164+0000] {processor.py:914} INFO - Processing file /home/airflow/.local/lib/python3.12/site-packages/airflow/example_dags/example_xcomargs.py for tasks to queue
[2025-11-01T12:50:25.167+0000] {logging_mixin.py:190} INFO - [2025-11-01T12:50:25.167+0000] {dagbag.py:588} INFO - Filling up the DagBag from /home/airflow/.local/lib/python3.12/site-packages/airflow/example_dags/example_xcomargs.py
[2025-11-01T12:50:25.182+0000] {processor.py:925} INFO - DAG(s) 'example_xcom_args_with_operators', 'example_xcom_args' retrieved from /home/airflow/.local/lib/python3.12/site-packages/airflow/example_dags/example_xcomargs.py
[2025-11-01T12:50:25.211+0000] {logging_mixin.py:190} INFO - [2025-11-01T12:50:25.210+0000] {dag.py:3239} INFO - Sync 2 DAGs
[2025-11-01T12:50:25.227+0000] {logging_mixin.py:190} INFO - [2025-11-01T12:50:25.227+0000] {dag.py:4180} INFO - Setting next_dagrun for example_xcom_args to None, run_after=None
[2025-11-01T12:50:25.231+0000] {logging_mixin.py:190} INFO - [2025-11-01T12:50:25.231+0000] {dag.py:4180} INFO - Setting next_dagrun for example_xcom_args_with_operators to None, run_after=None
[2025-11-01T12:50:25.261+0000] {processor.py:208} INFO - Processing /home/airflow/.local/lib/python3.12/site-packages/airflow/example_dags/example_xcomargs.py took 0.106 seconds
[2025-11-01T12:50:55.674+0000] {processor.py:186} INFO - Started process (PID=1149) to work on /home/airflow/.local/lib/python3.12/site-packages/airflow/example_dags/example_xcomargs.py
[2025-11-01T12:50:55.675+0000] {processor.py:914} INFO - Processing file /home/airflow/.local/lib/python3.12/site-packages/airflow/example_dags/example_xcomargs.py for tasks to queue
[2025-11-01T12:50:55.679+0000] {logging_mixin.py:190} INFO - [2025-11-01T12:50:55.678+0000] {dagbag.py:588} INFO - Filling up the DagBag from /home/airflow/.local/lib/python3.12/site-packages/airflow/example_dags/example_xcomargs.py
[2025-11-01T12:50:55.693+0000] {processor.py:925} INFO - DAG(s) 'example_xcom_args_with_operators', 'example_xcom_args' retrieved from /home/airflow/.local/lib/python3.12/site-packages/airflow/example_dags/example_xcomargs.py
[2025-11-01T12:50:55.722+0000] {logging_mixin.py:190} INFO - [2025-11-01T12:50:55.721+0000] {dag.py:3239} INFO - Sync 2 DAGs
[2025-11-01T12:50:55.739+0000] {logging_mixin.py:190} INFO - [2025-11-01T12:50:55.739+0000] {dag.py:4180} INFO - Setting next_dagrun for example_xcom_args to None, run_after=None
[2025-11-01T12:50:55.744+0000] {logging_mixin.py:190} INFO - [2025-11-01T12:50:55.743+0000] {dag.py:4180} INFO - Setting next_dagrun for example_xcom_args_with_operators to None, run_after=None
[2025-11-01T12:50:55.762+0000] {processor.py:208} INFO - Processing /home/airflow/.local/lib/python3.12/site-packages/airflow/example_dags/example_xcomargs.py took 0.095 seconds
[2025-11-01T12:51:26.228+0000] {processor.py:186} INFO - Started process (PID=1220) to work on /home/airflow/.local/lib/python3.12/site-packages/airflow/example_dags/example_xcomargs.py
[2025-11-01T12:51:26.229+0000] {processor.py:914} INFO - Processing file /home/airflow/.local/lib/python3.12/site-packages/airflow/example_dags/example_xcomargs.py for tasks to queue
[2025-11-01T12:51:26.232+0000] {logging_mixin.py:190} INFO - [2025-11-01T12:51:26.232+0000] {dagbag.py:588} INFO - Filling up the DagBag from /home/airflow/.local/lib/python3.12/site-packages/airflow/example_dags/example_xcomargs.py
[2025-11-01T12:51:26.247+0000] {processor.py:925} INFO - DAG(s) 'example_xcom_args_with_operators', 'example_xcom_args' retrieved from /home/airflow/.local/lib/python3.12/site-packages/airflow/example_dags/example_xcomargs.py
[2025-11-01T12:51:26.276+0000] {logging_mixin.py:190} INFO - [2025-11-01T12:51:26.276+0000] {dag.py:3239} INFO - Sync 2 DAGs
[2025-11-01T12:51:26.292+0000] {logging_mixin.py:190} INFO - [2025-11-01T12:51:26.291+0000] {dag.py:4180} INFO - Setting next_dagrun for example_xcom_args to None, run_after=None
[2025-11-01T12:51:26.296+0000] {logging_mixin.py:190} INFO - [2025-11-01T12:51:26.296+0000] {dag.py:4180} INFO - Setting next_dagrun for example_xcom_args_with_operators to None, run_after=None
[2025-11-01T12:51:26.316+0000] {processor.py:208} INFO - Processing /home/airflow/.local/lib/python3.12/site-packages/airflow/example_dags/example_xcomargs.py took 0.096 seconds
[2025-11-01T12:51:56.576+0000] {processor.py:186} INFO - Started process (PID=1291) to work on /home/airflow/.local/lib/python3.12/site-packages/airflow/example_dags/example_xcomargs.py
[2025-11-01T12:51:56.578+0000] {processor.py:914} INFO - Processing file /home/airflow/.local/lib/python3.12/site-packages/airflow/example_dags/example_xcomargs.py for tasks to queue
[2025-11-01T12:51:56.581+0000] {logging_mixin.py:190} INFO - [2025-11-01T12:51:56.581+0000] {dagbag.py:588} INFO - Filling up the DagBag from /home/airflow/.local/lib/python3.12/site-packages/airflow/example_dags/example_xcomargs.py
[2025-11-01T12:51:56.596+0000] {processor.py:925} INFO - DAG(s) 'example_xcom_args', 'example_xcom_args_with_operators' retrieved from /home/airflow/.local/lib/python3.12/site-packages/airflow/example_dags/example_xcomargs.py
[2025-11-01T12:51:56.627+0000] {logging_mixin.py:190} INFO - [2025-11-01T12:51:56.626+0000] {dag.py:3239} INFO - Sync 2 DAGs
[2025-11-01T12:51:56.642+0000] {logging_mixin.py:190} INFO - [2025-11-01T12:51:56.642+0000] {dag.py:4180} INFO - Setting next_dagrun for example_xcom_args to None, run_after=None
[2025-11-01T12:51:56.647+0000] {logging_mixin.py:190} INFO - [2025-11-01T12:51:56.647+0000] {dag.py:4180} INFO - Setting next_dagrun for example_xcom_args_with_operators to None, run_after=None
[2025-11-01T12:51:56.667+0000] {processor.py:208} INFO - Processing /home/airflow/.local/lib/python3.12/site-packages/airflow/example_dags/example_xcomargs.py took 0.098 seconds
[2025-11-01T12:52:26.763+0000] {processor.py:186} INFO - Started process (PID=1362) to work on /home/airflow/.local/lib/python3.12/site-packages/airflow/example_dags/example_xcomargs.py
[2025-11-01T12:52:26.765+0000] {processor.py:914} INFO - Processing file /home/airflow/.local/lib/python3.12/site-packages/airflow/example_dags/example_xcomargs.py for tasks to queue
[2025-11-01T12:52:26.768+0000] {logging_mixin.py:190} INFO - [2025-11-01T12:52:26.768+0000] {dagbag.py:588} INFO - Filling up the DagBag from /home/airflow/.local/lib/python3.12/site-packages/airflow/example_dags/example_xcomargs.py
[2025-11-01T12:52:26.783+0000] {processor.py:925} INFO - DAG(s) 'example_xcom_args_with_operators', 'example_xcom_args' retrieved from /home/airflow/.local/lib/python3.12/site-packages/airflow/example_dags/example_xcomargs.py
[2025-11-01T12:52:26.813+0000] {logging_mixin.py:190} INFO - [2025-11-01T12:52:26.813+0000] {dag.py:3239} INFO - Sync 2 DAGs
[2025-11-01T12:52:26.830+0000] {logging_mixin.py:190} INFO - [2025-11-01T12:52:26.830+0000] {dag.py:4180} INFO - Setting next_dagrun for example_xcom_args to None, run_after=None
[2025-11-01T12:52:26.834+0000] {logging_mixin.py:190} INFO - [2025-11-01T12:52:26.834+0000] {dag.py:4180} INFO - Setting next_dagrun for example_xcom_args_with_operators to None, run_after=None
[2025-11-01T12:52:26.854+0000] {processor.py:208} INFO - Processing /home/airflow/.local/lib/python3.12/site-packages/airflow/example_dags/example_xcomargs.py took 0.099 seconds
[2025-11-01T12:52:58.113+0000] {processor.py:186} INFO - Started process (PID=1433) to work on /home/airflow/.local/lib/python3.12/site-packages/airflow/example_dags/example_xcomargs.py
[2025-11-01T12:52:58.115+0000] {processor.py:914} INFO - Processing file /home/airflow/.local/lib/python3.12/site-packages/airflow/example_dags/example_xcomargs.py for tasks to queue
[2025-11-01T12:52:58.120+0000] {logging_mixin.py:190} INFO - [2025-11-01T12:52:58.120+0000] {dagbag.py:588} INFO - Filling up the DagBag from /home/airflow/.local/lib/python3.12/site-packages/airflow/example_dags/example_xcomargs.py
[2025-11-01T12:52:58.141+0000] {processor.py:925} INFO - DAG(s) 'example_xcom_args', 'example_xcom_args_with_operators' retrieved from /home/airflow/.local/lib/python3.12/site-packages/airflow/example_dags/example_xcomargs.py
[2025-11-01T12:52:58.177+0000] {logging_mixin.py:190} INFO - [2025-11-01T12:52:58.177+0000] {dag.py:3239} INFO - Sync 2 DAGs
[2025-11-01T12:52:58.201+0000] {logging_mixin.py:190} INFO - [2025-11-01T12:52:58.201+0000] {dag.py:4180} INFO - Setting next_dagrun for example_xcom_args to None, run_after=None
[2025-11-01T12:52:58.207+0000] {logging_mixin.py:190} INFO - [2025-11-01T12:52:58.207+0000] {dag.py:4180} INFO - Setting next_dagrun for example_xcom_args_with_operators to None, run_after=None
[2025-11-01T12:52:58.240+0000] {processor.py:208} INFO - Processing /home/airflow/.local/lib/python3.12/site-packages/airflow/example_dags/example_xcomargs.py took 0.137 seconds
[2025-11-01T12:53:28.429+0000] {processor.py:186} INFO - Started process (PID=1504) to work on /home/airflow/.local/lib/python3.12/site-packages/airflow/example_dags/example_xcomargs.py
[2025-11-01T12:53:28.430+0000] {processor.py:914} INFO - Processing file /home/airflow/.local/lib/python3.12/site-packages/airflow/example_dags/example_xcomargs.py for tasks to queue
[2025-11-01T12:53:28.434+0000] {logging_mixin.py:190} INFO - [2025-11-01T12:53:28.434+0000] {dagbag.py:588} INFO - Filling up the DagBag from /home/airflow/.local/lib/python3.12/site-packages/airflow/example_dags/example_xcomargs.py
[2025-11-01T12:53:28.451+0000] {processor.py:925} INFO - DAG(s) 'example_xcom_args', 'example_xcom_args_with_operators' retrieved from /home/airflow/.local/lib/python3.12/site-packages/airflow/example_dags/example_xcomargs.py
[2025-11-01T12:53:28.485+0000] {logging_mixin.py:190} INFO - [2025-11-01T12:53:28.485+0000] {dag.py:3239} INFO - Sync 2 DAGs
[2025-11-01T12:53:28.506+0000] {logging_mixin.py:190} INFO - [2025-11-01T12:53:28.506+0000] {dag.py:4180} INFO - Setting next_dagrun for example_xcom_args to None, run_after=None
[2025-11-01T12:53:28.512+0000] {logging_mixin.py:190} INFO - [2025-11-01T12:53:28.512+0000] {dag.py:4180} INFO - Setting next_dagrun for example_xcom_args_with_operators to None, run_after=None
[2025-11-01T12:53:28.543+0000] {processor.py:208} INFO - Processing /home/airflow/.local/lib/python3.12/site-packages/airflow/example_dags/example_xcomargs.py took 0.124 seconds
[2025-11-01T12:53:59.271+0000] {processor.py:186} INFO - Started process (PID=1576) to work on /home/airflow/.local/lib/python3.12/site-packages/airflow/example_dags/example_xcomargs.py
[2025-11-01T12:53:59.273+0000] {processor.py:914} INFO - Processing file /home/airflow/.local/lib/python3.12/site-packages/airflow/example_dags/example_xcomargs.py for tasks to queue
[2025-11-01T12:53:59.277+0000] {logging_mixin.py:190} INFO - [2025-11-01T12:53:59.276+0000] {dagbag.py:588} INFO - Filling up the DagBag from /home/airflow/.local/lib/python3.12/site-packages/airflow/example_dags/example_xcomargs.py
[2025-11-01T12:53:59.293+0000] {processor.py:925} INFO - DAG(s) 'example_xcom_args_with_operators', 'example_xcom_args' retrieved from /home/airflow/.local/lib/python3.12/site-packages/airflow/example_dags/example_xcomargs.py
[2025-11-01T12:53:59.325+0000] {logging_mixin.py:190} INFO - [2025-11-01T12:53:59.324+0000] {dag.py:3239} INFO - Sync 2 DAGs
[2025-11-01T12:53:59.347+0000] {logging_mixin.py:190} INFO - [2025-11-01T12:53:59.347+0000] {dag.py:4180} INFO - Setting next_dagrun for example_xcom_args to None, run_after=None
[2025-11-01T12:53:59.352+0000] {logging_mixin.py:190} INFO - [2025-11-01T12:53:59.351+0000] {dag.py:4180} INFO - Setting next_dagrun for example_xcom_args_with_operators to None, run_after=None
[2025-11-01T12:53:59.378+0000] {processor.py:208} INFO - Processing /home/airflow/.local/lib/python3.12/site-packages/airflow/example_dags/example_xcomargs.py took 0.114 seconds
[2025-11-01T12:54:29.862+0000] {processor.py:186} INFO - Started process (PID=1647) to work on /home/airflow/.local/lib/python3.12/site-packages/airflow/example_dags/example_xcomargs.py
[2025-11-01T12:54:29.863+0000] {processor.py:914} INFO - Processing file /home/airflow/.local/lib/python3.12/site-packages/airflow/example_dags/example_xcomargs.py for tasks to queue
[2025-11-01T12:54:29.867+0000] {logging_mixin.py:190} INFO - [2025-11-01T12:54:29.867+0000] {dagbag.py:588} INFO - Filling up the DagBag from /home/airflow/.local/lib/python3.12/site-packages/airflow/example_dags/example_xcomargs.py
[2025-11-01T12:54:29.882+0000] {processor.py:925} INFO - DAG(s) 'example_xcom_args', 'example_xcom_args_with_operators' retrieved from /home/airflow/.local/lib/python3.12/site-packages/airflow/example_dags/example_xcomargs.py
[2025-11-01T12:54:29.912+0000] {logging_mixin.py:190} INFO - [2025-11-01T12:54:29.912+0000] {dag.py:3239} INFO - Sync 2 DAGs
[2025-11-01T12:54:29.929+0000] {logging_mixin.py:190} INFO - [2025-11-01T12:54:29.929+0000] {dag.py:4180} INFO - Setting next_dagrun for example_xcom_args to None, run_after=None
[2025-11-01T12:54:29.934+0000] {logging_mixin.py:190} INFO - [2025-11-01T12:54:29.933+0000] {dag.py:4180} INFO - Setting next_dagrun for example_xcom_args_with_operators to None, run_after=None
[2025-11-01T12:54:29.953+0000] {processor.py:208} INFO - Processing /home/airflow/.local/lib/python3.12/site-packages/airflow/example_dags/example_xcomargs.py took 0.099 seconds
[2025-11-01T12:55:00.129+0000] {processor.py:186} INFO - Started process (PID=1718) to work on /home/airflow/.local/lib/python3.12/site-packages/airflow/example_dags/example_xcomargs.py
[2025-11-01T12:55:00.131+0000] {processor.py:914} INFO - Processing file /home/airflow/.local/lib/python3.12/site-packages/airflow/example_dags/example_xcomargs.py for tasks to queue
[2025-11-01T12:55:00.134+0000] {logging_mixin.py:190} INFO - [2025-11-01T12:55:00.134+0000] {dagbag.py:588} INFO - Filling up the DagBag from /home/airflow/.local/lib/python3.12/site-packages/airflow/example_dags/example_xcomargs.py
[2025-11-01T12:55:00.149+0000] {processor.py:925} INFO - DAG(s) 'example_xcom_args', 'example_xcom_args_with_operators' retrieved from /home/airflow/.local/lib/python3.12/site-packages/airflow/example_dags/example_xcomargs.py
[2025-11-01T12:55:00.179+0000] {logging_mixin.py:190} INFO - [2025-11-01T12:55:00.178+0000] {dag.py:3239} INFO - Sync 2 DAGs
[2025-11-01T12:55:00.204+0000] {logging_mixin.py:190} INFO - [2025-11-01T12:55:00.204+0000] {dag.py:4180} INFO - Setting next_dagrun for example_xcom_args to None, run_after=None
[2025-11-01T12:55:00.212+0000] {logging_mixin.py:190} INFO - [2025-11-01T12:55:00.212+0000] {dag.py:4180} INFO - Setting next_dagrun for example_xcom_args_with_operators to None, run_after=None
[2025-11-01T12:55:00.231+0000] {processor.py:208} INFO - Processing /home/airflow/.local/lib/python3.12/site-packages/airflow/example_dags/example_xcomargs.py took 0.109 seconds
[2025-11-01T12:55:30.531+0000] {processor.py:186} INFO - Started process (PID=1789) to work on /home/airflow/.local/lib/python3.12/site-packages/airflow/example_dags/example_xcomargs.py
[2025-11-01T12:55:30.532+0000] {processor.py:914} INFO - Processing file /home/airflow/.local/lib/python3.12/site-packages/airflow/example_dags/example_xcomargs.py for tasks to queue
[2025-11-01T12:55:30.536+0000] {logging_mixin.py:190} INFO - [2025-11-01T12:55:30.535+0000] {dagbag.py:588} INFO - Filling up the DagBag from /home/airflow/.local/lib/python3.12/site-packages/airflow/example_dags/example_xcomargs.py
[2025-11-01T12:55:30.550+0000] {processor.py:925} INFO - DAG(s) 'example_xcom_args_with_operators', 'example_xcom_args' retrieved from /home/airflow/.local/lib/python3.12/site-packages/airflow/example_dags/example_xcomargs.py
[2025-11-01T12:55:30.581+0000] {logging_mixin.py:190} INFO - [2025-11-01T12:55:30.581+0000] {dag.py:3239} INFO - Sync 2 DAGs
[2025-11-01T12:55:30.601+0000] {logging_mixin.py:190} INFO - [2025-11-01T12:55:30.601+0000] {dag.py:4180} INFO - Setting next_dagrun for example_xcom_args to None, run_after=None
[2025-11-01T12:55:30.606+0000] {logging_mixin.py:190} INFO - [2025-11-01T12:55:30.605+0000] {dag.py:4180} INFO - Setting next_dagrun for example_xcom_args_with_operators to None, run_after=None
[2025-11-01T12:55:30.625+0000] {processor.py:208} INFO - Processing /home/airflow/.local/lib/python3.12/site-packages/airflow/example_dags/example_xcomargs.py took 0.101 seconds
[2025-11-01T12:56:00.742+0000] {processor.py:186} INFO - Started process (PID=1861) to work on /home/airflow/.local/lib/python3.12/site-packages/airflow/example_dags/example_xcomargs.py
[2025-11-01T12:56:00.743+0000] {processor.py:914} INFO - Processing file /home/airflow/.local/lib/python3.12/site-packages/airflow/example_dags/example_xcomargs.py for tasks to queue
[2025-11-01T12:56:00.747+0000] {logging_mixin.py:190} INFO - [2025-11-01T12:56:00.746+0000] {dagbag.py:588} INFO - Filling up the DagBag from /home/airflow/.local/lib/python3.12/site-packages/airflow/example_dags/example_xcomargs.py
[2025-11-01T12:56:00.761+0000] {processor.py:925} INFO - DAG(s) 'example_xcom_args', 'example_xcom_args_with_operators' retrieved from /home/airflow/.local/lib/python3.12/site-packages/airflow/example_dags/example_xcomargs.py
[2025-11-01T12:56:00.788+0000] {logging_mixin.py:190} INFO - [2025-11-01T12:56:00.788+0000] {dag.py:3239} INFO - Sync 2 DAGs
[2025-11-01T12:56:00.808+0000] {logging_mixin.py:190} INFO - [2025-11-01T12:56:00.808+0000] {dag.py:4180} INFO - Setting next_dagrun for example_xcom_args to None, run_after=None
[2025-11-01T12:56:00.815+0000] {logging_mixin.py:190} INFO - [2025-11-01T12:56:00.815+0000] {dag.py:4180} INFO - Setting next_dagrun for example_xcom_args_with_operators to None, run_after=None
[2025-11-01T12:56:00.834+0000] {processor.py:208} INFO - Processing /home/airflow/.local/lib/python3.12/site-packages/airflow/example_dags/example_xcomargs.py took 0.099 seconds
[2025-11-01T12:56:31.242+0000] {processor.py:186} INFO - Started process (PID=1931) to work on /home/airflow/.local/lib/python3.12/site-packages/airflow/example_dags/example_xcomargs.py
[2025-11-01T12:56:31.244+0000] {processor.py:914} INFO - Processing file /home/airflow/.local/lib/python3.12/site-packages/airflow/example_dags/example_xcomargs.py for tasks to queue
[2025-11-01T12:56:31.247+0000] {logging_mixin.py:190} INFO - [2025-11-01T12:56:31.247+0000] {dagbag.py:588} INFO - Filling up the DagBag from /home/airflow/.local/lib/python3.12/site-packages/airflow/example_dags/example_xcomargs.py
[2025-11-01T12:56:31.263+0000] {processor.py:925} INFO - DAG(s) 'example_xcom_args', 'example_xcom_args_with_operators' retrieved from /home/airflow/.local/lib/python3.12/site-packages/airflow/example_dags/example_xcomargs.py
[2025-11-01T12:56:31.294+0000] {logging_mixin.py:190} INFO - [2025-11-01T12:56:31.293+0000] {dag.py:3239} INFO - Sync 2 DAGs
[2025-11-01T12:56:31.313+0000] {logging_mixin.py:190} INFO - [2025-11-01T12:56:31.313+0000] {dag.py:4180} INFO - Setting next_dagrun for example_xcom_args to None, run_after=None
[2025-11-01T12:56:31.318+0000] {logging_mixin.py:190} INFO - [2025-11-01T12:56:31.318+0000] {dag.py:4180} INFO - Setting next_dagrun for example_xcom_args_with_operators to None, run_after=None
[2025-11-01T12:56:31.339+0000] {processor.py:208} INFO - Processing /home/airflow/.local/lib/python3.12/site-packages/airflow/example_dags/example_xcomargs.py took 0.104 seconds
