[2025-11-01T12:43:47.250+0000] {processor.py:186} INFO - Started process (PID=150) to work on /home/airflow/.local/lib/python3.12/site-packages/airflow/example_dags/example_subdag_operator.py
[2025-11-01T12:43:47.251+0000] {processor.py:914} INFO - Processing file /home/airflow/.local/lib/python3.12/site-packages/airflow/example_dags/example_subdag_operator.py for tasks to queue
[2025-11-01T12:43:47.255+0000] {logging_mixin.py:190} INFO - [2025-11-01T12:43:47.255+0000] {dagbag.py:588} INFO - Filling up the DagBag from /home/airflow/.local/lib/python3.12/site-packages/airflow/example_dags/example_subdag_operator.py
[2025-11-01T12:43:47.294+0000] {processor.py:925} INFO - DAG(s) 'example_subdag_operator.section-1', 'example_subdag_operator.section-2', 'example_subdag_operator' retrieved from /home/airflow/.local/lib/python3.12/site-packages/airflow/example_dags/example_subdag_operator.py
[2025-11-01T12:43:47.402+0000] {logging_mixin.py:190} INFO - [2025-11-01T12:43:47.402+0000] {override.py:1911} INFO - Created Permission View: can delete on DAG:example_subdag_operator
[2025-11-01T12:43:47.414+0000] {logging_mixin.py:190} INFO - [2025-11-01T12:43:47.413+0000] {override.py:1911} INFO - Created Permission View: can edit on DAG:example_subdag_operator
[2025-11-01T12:43:47.427+0000] {logging_mixin.py:190} INFO - [2025-11-01T12:43:47.427+0000] {override.py:1911} INFO - Created Permission View: can read on DAG:example_subdag_operator
[2025-11-01T12:43:47.440+0000] {logging_mixin.py:190} INFO - [2025-11-01T12:43:47.439+0000] {override.py:1911} INFO - Created Permission View: menu access on DAG Run:example_subdag_operator
[2025-11-01T12:43:47.451+0000] {logging_mixin.py:190} INFO - [2025-11-01T12:43:47.451+0000] {override.py:1911} INFO - Created Permission View: can delete on DAG Run:example_subdag_operator
[2025-11-01T12:43:47.462+0000] {logging_mixin.py:190} INFO - [2025-11-01T12:43:47.462+0000] {override.py:1911} INFO - Created Permission View: can create on DAG Run:example_subdag_operator
[2025-11-01T12:43:47.472+0000] {logging_mixin.py:190} INFO - [2025-11-01T12:43:47.471+0000] {override.py:1911} INFO - Created Permission View: can read on DAG Run:example_subdag_operator
[2025-11-01T12:43:47.473+0000] {logging_mixin.py:190} INFO - [2025-11-01T12:43:47.472+0000] {dag.py:3239} INFO - Sync 3 DAGs
[2025-11-01T12:43:47.487+0000] {logging_mixin.py:190} INFO - [2025-11-01T12:43:47.486+0000] {dag.py:3262} INFO - Creating ORM DAG for example_subdag_operator.section-1
[2025-11-01T12:43:47.488+0000] {logging_mixin.py:190} INFO - [2025-11-01T12:43:47.488+0000] {dag.py:3262} INFO - Creating ORM DAG for example_subdag_operator
[2025-11-01T12:43:47.489+0000] {logging_mixin.py:190} INFO - [2025-11-01T12:43:47.489+0000] {dag.py:3262} INFO - Creating ORM DAG for example_subdag_operator.section-2
[2025-11-01T12:43:47.499+0000] {logging_mixin.py:190} INFO - [2025-11-01T12:43:47.499+0000] {dag.py:4180} INFO - Setting next_dagrun for example_subdag_operator to 2022-01-01 00:00:00+00:00, run_after=2022-01-01 00:00:00+00:00
[2025-11-01T12:43:47.501+0000] {logging_mixin.py:190} INFO - [2025-11-01T12:43:47.500+0000] {dag.py:4180} INFO - Setting next_dagrun for example_subdag_operator.section-1 to None, run_after=None
[2025-11-01T12:43:47.502+0000] {logging_mixin.py:190} INFO - [2025-11-01T12:43:47.502+0000] {dag.py:4180} INFO - Setting next_dagrun for example_subdag_operator.section-2 to None, run_after=None
[2025-11-01T12:43:47.512+0000] {logging_mixin.py:190} INFO - [2025-11-01T12:43:47.512+0000] {dag.py:3239} INFO - Sync 2 DAGs
[2025-11-01T12:43:47.519+0000] {logging_mixin.py:190} INFO - [2025-11-01T12:43:47.519+0000] {dag.py:4180} INFO - Setting next_dagrun for example_subdag_operator.section-1 to None, run_after=None
[2025-11-01T12:43:47.523+0000] {logging_mixin.py:190} INFO - [2025-11-01T12:43:47.523+0000] {dag.py:4180} INFO - Setting next_dagrun for example_subdag_operator.section-2 to None, run_after=None
[2025-11-01T12:43:47.541+0000] {processor.py:208} INFO - Processing /home/airflow/.local/lib/python3.12/site-packages/airflow/example_dags/example_subdag_operator.py took 0.299 seconds
[2025-11-01T12:44:17.907+0000] {processor.py:186} INFO - Started process (PID=220) to work on /home/airflow/.local/lib/python3.12/site-packages/airflow/example_dags/example_subdag_operator.py
[2025-11-01T12:44:17.909+0000] {processor.py:914} INFO - Processing file /home/airflow/.local/lib/python3.12/site-packages/airflow/example_dags/example_subdag_operator.py for tasks to queue
[2025-11-01T12:44:17.913+0000] {logging_mixin.py:190} INFO - [2025-11-01T12:44:17.912+0000] {dagbag.py:588} INFO - Filling up the DagBag from /home/airflow/.local/lib/python3.12/site-packages/airflow/example_dags/example_subdag_operator.py
[2025-11-01T12:44:17.959+0000] {processor.py:925} INFO - DAG(s) 'example_subdag_operator.section-1', 'example_subdag_operator.section-2', 'example_subdag_operator' retrieved from /home/airflow/.local/lib/python3.12/site-packages/airflow/example_dags/example_subdag_operator.py
[2025-11-01T12:44:17.986+0000] {logging_mixin.py:190} INFO - [2025-11-01T12:44:17.985+0000] {dag.py:3239} INFO - Sync 3 DAGs
[2025-11-01T12:44:18.023+0000] {logging_mixin.py:190} INFO - [2025-11-01T12:44:18.022+0000] {dag.py:4180} INFO - Setting next_dagrun for example_subdag_operator to 2022-01-01 00:00:00+00:00, run_after=2022-01-01 00:00:00+00:00
[2025-11-01T12:44:18.028+0000] {logging_mixin.py:190} INFO - [2025-11-01T12:44:18.028+0000] {dag.py:4180} INFO - Setting next_dagrun for example_subdag_operator.section-1 to None, run_after=None
[2025-11-01T12:44:18.031+0000] {logging_mixin.py:190} INFO - [2025-11-01T12:44:18.030+0000] {dag.py:4180} INFO - Setting next_dagrun for example_subdag_operator.section-2 to None, run_after=None
[2025-11-01T12:44:18.042+0000] {logging_mixin.py:190} INFO - [2025-11-01T12:44:18.042+0000] {dag.py:3239} INFO - Sync 2 DAGs
[2025-11-01T12:44:18.052+0000] {logging_mixin.py:190} INFO - [2025-11-01T12:44:18.051+0000] {dag.py:4180} INFO - Setting next_dagrun for example_subdag_operator.section-1 to None, run_after=None
[2025-11-01T12:44:18.053+0000] {logging_mixin.py:190} INFO - [2025-11-01T12:44:18.053+0000] {dag.py:4180} INFO - Setting next_dagrun for example_subdag_operator.section-2 to None, run_after=None
[2025-11-01T12:44:18.071+0000] {processor.py:208} INFO - Processing /home/airflow/.local/lib/python3.12/site-packages/airflow/example_dags/example_subdag_operator.py took 0.174 seconds
[2025-11-01T12:44:48.913+0000] {processor.py:186} INFO - Started process (PID=290) to work on /home/airflow/.local/lib/python3.12/site-packages/airflow/example_dags/example_subdag_operator.py
[2025-11-01T12:44:48.914+0000] {processor.py:914} INFO - Processing file /home/airflow/.local/lib/python3.12/site-packages/airflow/example_dags/example_subdag_operator.py for tasks to queue
[2025-11-01T12:44:48.918+0000] {logging_mixin.py:190} INFO - [2025-11-01T12:44:48.917+0000] {dagbag.py:588} INFO - Filling up the DagBag from /home/airflow/.local/lib/python3.12/site-packages/airflow/example_dags/example_subdag_operator.py
[2025-11-01T12:44:48.950+0000] {processor.py:925} INFO - DAG(s) 'example_subdag_operator.section-1', 'example_subdag_operator.section-2', 'example_subdag_operator' retrieved from /home/airflow/.local/lib/python3.12/site-packages/airflow/example_dags/example_subdag_operator.py
[2025-11-01T12:44:48.968+0000] {logging_mixin.py:190} INFO - [2025-11-01T12:44:48.967+0000] {dag.py:3239} INFO - Sync 3 DAGs
[2025-11-01T12:44:48.991+0000] {logging_mixin.py:190} INFO - [2025-11-01T12:44:48.991+0000] {dag.py:4180} INFO - Setting next_dagrun for example_subdag_operator to 2022-01-01 00:00:00+00:00, run_after=2022-01-01 00:00:00+00:00
[2025-11-01T12:44:48.995+0000] {logging_mixin.py:190} INFO - [2025-11-01T12:44:48.995+0000] {dag.py:4180} INFO - Setting next_dagrun for example_subdag_operator.section-1 to None, run_after=None
[2025-11-01T12:44:48.997+0000] {logging_mixin.py:190} INFO - [2025-11-01T12:44:48.997+0000] {dag.py:4180} INFO - Setting next_dagrun for example_subdag_operator.section-2 to None, run_after=None
[2025-11-01T12:44:49.005+0000] {logging_mixin.py:190} INFO - [2025-11-01T12:44:49.005+0000] {dag.py:3239} INFO - Sync 2 DAGs
[2025-11-01T12:44:49.011+0000] {logging_mixin.py:190} INFO - [2025-11-01T12:44:49.011+0000] {dag.py:4180} INFO - Setting next_dagrun for example_subdag_operator.section-1 to None, run_after=None
[2025-11-01T12:44:49.012+0000] {logging_mixin.py:190} INFO - [2025-11-01T12:44:49.012+0000] {dag.py:4180} INFO - Setting next_dagrun for example_subdag_operator.section-2 to None, run_after=None
[2025-11-01T12:44:49.024+0000] {processor.py:208} INFO - Processing /home/airflow/.local/lib/python3.12/site-packages/airflow/example_dags/example_subdag_operator.py took 0.118 seconds
[2025-11-01T12:45:19.180+0000] {processor.py:186} INFO - Started process (PID=360) to work on /home/airflow/.local/lib/python3.12/site-packages/airflow/example_dags/example_subdag_operator.py
[2025-11-01T12:45:19.182+0000] {processor.py:914} INFO - Processing file /home/airflow/.local/lib/python3.12/site-packages/airflow/example_dags/example_subdag_operator.py for tasks to queue
[2025-11-01T12:45:19.185+0000] {logging_mixin.py:190} INFO - [2025-11-01T12:45:19.185+0000] {dagbag.py:588} INFO - Filling up the DagBag from /home/airflow/.local/lib/python3.12/site-packages/airflow/example_dags/example_subdag_operator.py
[2025-11-01T12:45:19.224+0000] {processor.py:925} INFO - DAG(s) 'example_subdag_operator.section-1', 'example_subdag_operator.section-2', 'example_subdag_operator' retrieved from /home/airflow/.local/lib/python3.12/site-packages/airflow/example_dags/example_subdag_operator.py
[2025-11-01T12:45:19.248+0000] {logging_mixin.py:190} INFO - [2025-11-01T12:45:19.247+0000] {dag.py:3239} INFO - Sync 3 DAGs
[2025-11-01T12:45:19.276+0000] {logging_mixin.py:190} INFO - [2025-11-01T12:45:19.276+0000] {dag.py:4180} INFO - Setting next_dagrun for example_subdag_operator to 2022-01-01 00:00:00+00:00, run_after=2022-01-01 00:00:00+00:00
[2025-11-01T12:45:19.280+0000] {logging_mixin.py:190} INFO - [2025-11-01T12:45:19.280+0000] {dag.py:4180} INFO - Setting next_dagrun for example_subdag_operator.section-1 to None, run_after=None
[2025-11-01T12:45:19.282+0000] {logging_mixin.py:190} INFO - [2025-11-01T12:45:19.282+0000] {dag.py:4180} INFO - Setting next_dagrun for example_subdag_operator.section-2 to None, run_after=None
[2025-11-01T12:45:19.291+0000] {logging_mixin.py:190} INFO - [2025-11-01T12:45:19.290+0000] {dag.py:3239} INFO - Sync 2 DAGs
[2025-11-01T12:45:19.297+0000] {logging_mixin.py:190} INFO - [2025-11-01T12:45:19.297+0000] {dag.py:4180} INFO - Setting next_dagrun for example_subdag_operator.section-1 to None, run_after=None
[2025-11-01T12:45:19.298+0000] {logging_mixin.py:190} INFO - [2025-11-01T12:45:19.298+0000] {dag.py:4180} INFO - Setting next_dagrun for example_subdag_operator.section-2 to None, run_after=None
[2025-11-01T12:45:19.312+0000] {processor.py:208} INFO - Processing /home/airflow/.local/lib/python3.12/site-packages/airflow/example_dags/example_subdag_operator.py took 0.141 seconds
[2025-11-01T12:45:49.937+0000] {processor.py:186} INFO - Started process (PID=431) to work on /home/airflow/.local/lib/python3.12/site-packages/airflow/example_dags/example_subdag_operator.py
[2025-11-01T12:45:49.938+0000] {processor.py:914} INFO - Processing file /home/airflow/.local/lib/python3.12/site-packages/airflow/example_dags/example_subdag_operator.py for tasks to queue
[2025-11-01T12:45:49.941+0000] {logging_mixin.py:190} INFO - [2025-11-01T12:45:49.941+0000] {dagbag.py:588} INFO - Filling up the DagBag from /home/airflow/.local/lib/python3.12/site-packages/airflow/example_dags/example_subdag_operator.py
[2025-11-01T12:45:49.975+0000] {processor.py:925} INFO - DAG(s) 'example_subdag_operator.section-1', 'example_subdag_operator.section-2', 'example_subdag_operator' retrieved from /home/airflow/.local/lib/python3.12/site-packages/airflow/example_dags/example_subdag_operator.py
[2025-11-01T12:45:49.993+0000] {logging_mixin.py:190} INFO - [2025-11-01T12:45:49.992+0000] {dag.py:3239} INFO - Sync 3 DAGs
[2025-11-01T12:45:50.019+0000] {logging_mixin.py:190} INFO - [2025-11-01T12:45:50.019+0000] {dag.py:4180} INFO - Setting next_dagrun for example_subdag_operator to 2022-01-01 00:00:00+00:00, run_after=2022-01-01 00:00:00+00:00
[2025-11-01T12:45:50.023+0000] {logging_mixin.py:190} INFO - [2025-11-01T12:45:50.023+0000] {dag.py:4180} INFO - Setting next_dagrun for example_subdag_operator.section-1 to None, run_after=None
[2025-11-01T12:45:50.026+0000] {logging_mixin.py:190} INFO - [2025-11-01T12:45:50.025+0000] {dag.py:4180} INFO - Setting next_dagrun for example_subdag_operator.section-2 to None, run_after=None
[2025-11-01T12:45:50.033+0000] {logging_mixin.py:190} INFO - [2025-11-01T12:45:50.033+0000] {dag.py:3239} INFO - Sync 2 DAGs
[2025-11-01T12:45:50.039+0000] {logging_mixin.py:190} INFO - [2025-11-01T12:45:50.039+0000] {dag.py:4180} INFO - Setting next_dagrun for example_subdag_operator.section-1 to None, run_after=None
[2025-11-01T12:45:50.040+0000] {logging_mixin.py:190} INFO - [2025-11-01T12:45:50.040+0000] {dag.py:4180} INFO - Setting next_dagrun for example_subdag_operator.section-2 to None, run_after=None
[2025-11-01T12:45:50.052+0000] {processor.py:208} INFO - Processing /home/airflow/.local/lib/python3.12/site-packages/airflow/example_dags/example_subdag_operator.py took 0.123 seconds
[2025-11-01T12:46:20.233+0000] {processor.py:186} INFO - Started process (PID=501) to work on /home/airflow/.local/lib/python3.12/site-packages/airflow/example_dags/example_subdag_operator.py
[2025-11-01T12:46:20.235+0000] {processor.py:914} INFO - Processing file /home/airflow/.local/lib/python3.12/site-packages/airflow/example_dags/example_subdag_operator.py for tasks to queue
[2025-11-01T12:46:20.239+0000] {logging_mixin.py:190} INFO - [2025-11-01T12:46:20.238+0000] {dagbag.py:588} INFO - Filling up the DagBag from /home/airflow/.local/lib/python3.12/site-packages/airflow/example_dags/example_subdag_operator.py
[2025-11-01T12:46:20.285+0000] {processor.py:925} INFO - DAG(s) 'example_subdag_operator.section-1', 'example_subdag_operator.section-2', 'example_subdag_operator' retrieved from /home/airflow/.local/lib/python3.12/site-packages/airflow/example_dags/example_subdag_operator.py
[2025-11-01T12:46:20.320+0000] {logging_mixin.py:190} INFO - [2025-11-01T12:46:20.319+0000] {dag.py:3239} INFO - Sync 3 DAGs
[2025-11-01T12:46:20.353+0000] {logging_mixin.py:190} INFO - [2025-11-01T12:46:20.353+0000] {dag.py:4180} INFO - Setting next_dagrun for example_subdag_operator to 2022-01-01 00:00:00+00:00, run_after=2022-01-01 00:00:00+00:00
[2025-11-01T12:46:20.358+0000] {logging_mixin.py:190} INFO - [2025-11-01T12:46:20.357+0000] {dag.py:4180} INFO - Setting next_dagrun for example_subdag_operator.section-1 to None, run_after=None
[2025-11-01T12:46:20.361+0000] {logging_mixin.py:190} INFO - [2025-11-01T12:46:20.361+0000] {dag.py:4180} INFO - Setting next_dagrun for example_subdag_operator.section-2 to None, run_after=None
[2025-11-01T12:46:20.372+0000] {logging_mixin.py:190} INFO - [2025-11-01T12:46:20.372+0000] {dag.py:3239} INFO - Sync 2 DAGs
[2025-11-01T12:46:20.386+0000] {logging_mixin.py:190} INFO - [2025-11-01T12:46:20.386+0000] {dag.py:4180} INFO - Setting next_dagrun for example_subdag_operator.section-1 to None, run_after=None
[2025-11-01T12:46:20.388+0000] {logging_mixin.py:190} INFO - [2025-11-01T12:46:20.387+0000] {dag.py:4180} INFO - Setting next_dagrun for example_subdag_operator.section-2 to None, run_after=None
[2025-11-01T12:46:20.403+0000] {processor.py:208} INFO - Processing /home/airflow/.local/lib/python3.12/site-packages/airflow/example_dags/example_subdag_operator.py took 0.178 seconds
[2025-11-01T12:46:51.105+0000] {processor.py:186} INFO - Started process (PID=571) to work on /home/airflow/.local/lib/python3.12/site-packages/airflow/example_dags/example_subdag_operator.py
[2025-11-01T12:46:51.107+0000] {processor.py:914} INFO - Processing file /home/airflow/.local/lib/python3.12/site-packages/airflow/example_dags/example_subdag_operator.py for tasks to queue
[2025-11-01T12:46:51.110+0000] {logging_mixin.py:190} INFO - [2025-11-01T12:46:51.109+0000] {dagbag.py:588} INFO - Filling up the DagBag from /home/airflow/.local/lib/python3.12/site-packages/airflow/example_dags/example_subdag_operator.py
[2025-11-01T12:46:51.142+0000] {processor.py:925} INFO - DAG(s) 'example_subdag_operator.section-1', 'example_subdag_operator.section-2', 'example_subdag_operator' retrieved from /home/airflow/.local/lib/python3.12/site-packages/airflow/example_dags/example_subdag_operator.py
[2025-11-01T12:46:51.161+0000] {logging_mixin.py:190} INFO - [2025-11-01T12:46:51.160+0000] {dag.py:3239} INFO - Sync 3 DAGs
[2025-11-01T12:46:51.187+0000] {logging_mixin.py:190} INFO - [2025-11-01T12:46:51.187+0000] {dag.py:4180} INFO - Setting next_dagrun for example_subdag_operator to 2022-01-01 00:00:00+00:00, run_after=2022-01-01 00:00:00+00:00
[2025-11-01T12:46:51.192+0000] {logging_mixin.py:190} INFO - [2025-11-01T12:46:51.192+0000] {dag.py:4180} INFO - Setting next_dagrun for example_subdag_operator.section-1 to None, run_after=None
[2025-11-01T12:46:51.194+0000] {logging_mixin.py:190} INFO - [2025-11-01T12:46:51.194+0000] {dag.py:4180} INFO - Setting next_dagrun for example_subdag_operator.section-2 to None, run_after=None
[2025-11-01T12:46:51.202+0000] {logging_mixin.py:190} INFO - [2025-11-01T12:46:51.202+0000] {dag.py:3239} INFO - Sync 2 DAGs
[2025-11-01T12:46:51.209+0000] {logging_mixin.py:190} INFO - [2025-11-01T12:46:51.209+0000] {dag.py:4180} INFO - Setting next_dagrun for example_subdag_operator.section-1 to None, run_after=None
[2025-11-01T12:46:51.210+0000] {logging_mixin.py:190} INFO - [2025-11-01T12:46:51.210+0000] {dag.py:4180} INFO - Setting next_dagrun for example_subdag_operator.section-2 to None, run_after=None
[2025-11-01T12:46:51.225+0000] {processor.py:208} INFO - Processing /home/airflow/.local/lib/python3.12/site-packages/airflow/example_dags/example_subdag_operator.py took 0.127 seconds
[2025-11-01T12:47:21.316+0000] {processor.py:186} INFO - Started process (PID=641) to work on /home/airflow/.local/lib/python3.12/site-packages/airflow/example_dags/example_subdag_operator.py
[2025-11-01T12:47:21.318+0000] {processor.py:914} INFO - Processing file /home/airflow/.local/lib/python3.12/site-packages/airflow/example_dags/example_subdag_operator.py for tasks to queue
[2025-11-01T12:47:21.321+0000] {logging_mixin.py:190} INFO - [2025-11-01T12:47:21.321+0000] {dagbag.py:588} INFO - Filling up the DagBag from /home/airflow/.local/lib/python3.12/site-packages/airflow/example_dags/example_subdag_operator.py
[2025-11-01T12:47:21.355+0000] {processor.py:925} INFO - DAG(s) 'example_subdag_operator.section-1', 'example_subdag_operator.section-2', 'example_subdag_operator' retrieved from /home/airflow/.local/lib/python3.12/site-packages/airflow/example_dags/example_subdag_operator.py
[2025-11-01T12:47:21.372+0000] {logging_mixin.py:190} INFO - [2025-11-01T12:47:21.372+0000] {dag.py:3239} INFO - Sync 3 DAGs
[2025-11-01T12:47:21.400+0000] {logging_mixin.py:190} INFO - [2025-11-01T12:47:21.400+0000] {dag.py:4180} INFO - Setting next_dagrun for example_subdag_operator to 2022-01-01 00:00:00+00:00, run_after=2022-01-01 00:00:00+00:00
[2025-11-01T12:47:21.404+0000] {logging_mixin.py:190} INFO - [2025-11-01T12:47:21.404+0000] {dag.py:4180} INFO - Setting next_dagrun for example_subdag_operator.section-1 to None, run_after=None
[2025-11-01T12:47:21.407+0000] {logging_mixin.py:190} INFO - [2025-11-01T12:47:21.406+0000] {dag.py:4180} INFO - Setting next_dagrun for example_subdag_operator.section-2 to None, run_after=None
[2025-11-01T12:47:21.416+0000] {logging_mixin.py:190} INFO - [2025-11-01T12:47:21.416+0000] {dag.py:3239} INFO - Sync 2 DAGs
[2025-11-01T12:47:21.423+0000] {logging_mixin.py:190} INFO - [2025-11-01T12:47:21.423+0000] {dag.py:4180} INFO - Setting next_dagrun for example_subdag_operator.section-1 to None, run_after=None
[2025-11-01T12:47:21.424+0000] {logging_mixin.py:190} INFO - [2025-11-01T12:47:21.424+0000] {dag.py:4180} INFO - Setting next_dagrun for example_subdag_operator.section-2 to None, run_after=None
[2025-11-01T12:47:21.437+0000] {processor.py:208} INFO - Processing /home/airflow/.local/lib/python3.12/site-packages/airflow/example_dags/example_subdag_operator.py took 0.128 seconds
[2025-11-01T12:47:52.178+0000] {processor.py:186} INFO - Started process (PID=711) to work on /home/airflow/.local/lib/python3.12/site-packages/airflow/example_dags/example_subdag_operator.py
[2025-11-01T12:47:52.180+0000] {processor.py:914} INFO - Processing file /home/airflow/.local/lib/python3.12/site-packages/airflow/example_dags/example_subdag_operator.py for tasks to queue
[2025-11-01T12:47:52.184+0000] {logging_mixin.py:190} INFO - [2025-11-01T12:47:52.183+0000] {dagbag.py:588} INFO - Filling up the DagBag from /home/airflow/.local/lib/python3.12/site-packages/airflow/example_dags/example_subdag_operator.py
[2025-11-01T12:47:52.224+0000] {processor.py:925} INFO - DAG(s) 'example_subdag_operator.section-1', 'example_subdag_operator.section-2', 'example_subdag_operator' retrieved from /home/airflow/.local/lib/python3.12/site-packages/airflow/example_dags/example_subdag_operator.py
[2025-11-01T12:47:52.245+0000] {logging_mixin.py:190} INFO - [2025-11-01T12:47:52.244+0000] {dag.py:3239} INFO - Sync 3 DAGs
[2025-11-01T12:47:52.273+0000] {logging_mixin.py:190} INFO - [2025-11-01T12:47:52.273+0000] {dag.py:4180} INFO - Setting next_dagrun for example_subdag_operator to 2022-01-01 00:00:00+00:00, run_after=2022-01-01 00:00:00+00:00
[2025-11-01T12:47:52.280+0000] {logging_mixin.py:190} INFO - [2025-11-01T12:47:52.280+0000] {dag.py:4180} INFO - Setting next_dagrun for example_subdag_operator.section-1 to None, run_after=None
[2025-11-01T12:47:52.283+0000] {logging_mixin.py:190} INFO - [2025-11-01T12:47:52.283+0000] {dag.py:4180} INFO - Setting next_dagrun for example_subdag_operator.section-2 to None, run_after=None
[2025-11-01T12:47:52.292+0000] {logging_mixin.py:190} INFO - [2025-11-01T12:47:52.292+0000] {dag.py:3239} INFO - Sync 2 DAGs
[2025-11-01T12:47:52.300+0000] {logging_mixin.py:190} INFO - [2025-11-01T12:47:52.299+0000] {dag.py:4180} INFO - Setting next_dagrun for example_subdag_operator.section-1 to None, run_after=None
[2025-11-01T12:47:52.300+0000] {logging_mixin.py:190} INFO - [2025-11-01T12:47:52.300+0000] {dag.py:4180} INFO - Setting next_dagrun for example_subdag_operator.section-2 to None, run_after=None
[2025-11-01T12:47:52.314+0000] {processor.py:208} INFO - Processing /home/airflow/.local/lib/python3.12/site-packages/airflow/example_dags/example_subdag_operator.py took 0.144 seconds
[2025-11-01T12:48:22.533+0000] {processor.py:186} INFO - Started process (PID=781) to work on /home/airflow/.local/lib/python3.12/site-packages/airflow/example_dags/example_subdag_operator.py
[2025-11-01T12:48:22.534+0000] {processor.py:914} INFO - Processing file /home/airflow/.local/lib/python3.12/site-packages/airflow/example_dags/example_subdag_operator.py for tasks to queue
[2025-11-01T12:48:22.537+0000] {logging_mixin.py:190} INFO - [2025-11-01T12:48:22.537+0000] {dagbag.py:588} INFO - Filling up the DagBag from /home/airflow/.local/lib/python3.12/site-packages/airflow/example_dags/example_subdag_operator.py
[2025-11-01T12:48:22.572+0000] {processor.py:925} INFO - DAG(s) 'example_subdag_operator.section-1', 'example_subdag_operator.section-2', 'example_subdag_operator' retrieved from /home/airflow/.local/lib/python3.12/site-packages/airflow/example_dags/example_subdag_operator.py
[2025-11-01T12:48:22.590+0000] {logging_mixin.py:190} INFO - [2025-11-01T12:48:22.590+0000] {dag.py:3239} INFO - Sync 3 DAGs
[2025-11-01T12:48:22.618+0000] {logging_mixin.py:190} INFO - [2025-11-01T12:48:22.618+0000] {dag.py:4180} INFO - Setting next_dagrun for example_subdag_operator to 2022-01-01 00:00:00+00:00, run_after=2022-01-01 00:00:00+00:00
[2025-11-01T12:48:22.624+0000] {logging_mixin.py:190} INFO - [2025-11-01T12:48:22.624+0000] {dag.py:4180} INFO - Setting next_dagrun for example_subdag_operator.section-1 to None, run_after=None
[2025-11-01T12:48:22.626+0000] {logging_mixin.py:190} INFO - [2025-11-01T12:48:22.626+0000] {dag.py:4180} INFO - Setting next_dagrun for example_subdag_operator.section-2 to None, run_after=None
[2025-11-01T12:48:22.636+0000] {logging_mixin.py:190} INFO - [2025-11-01T12:48:22.635+0000] {dag.py:3239} INFO - Sync 2 DAGs
[2025-11-01T12:48:22.644+0000] {logging_mixin.py:190} INFO - [2025-11-01T12:48:22.644+0000] {dag.py:4180} INFO - Setting next_dagrun for example_subdag_operator.section-1 to None, run_after=None
[2025-11-01T12:48:22.645+0000] {logging_mixin.py:190} INFO - [2025-11-01T12:48:22.645+0000] {dag.py:4180} INFO - Setting next_dagrun for example_subdag_operator.section-2 to None, run_after=None
[2025-11-01T12:48:22.658+0000] {processor.py:208} INFO - Processing /home/airflow/.local/lib/python3.12/site-packages/airflow/example_dags/example_subdag_operator.py took 0.133 seconds
[2025-11-01T12:48:52.891+0000] {processor.py:186} INFO - Started process (PID=852) to work on /home/airflow/.local/lib/python3.12/site-packages/airflow/example_dags/example_subdag_operator.py
[2025-11-01T12:48:52.893+0000] {processor.py:914} INFO - Processing file /home/airflow/.local/lib/python3.12/site-packages/airflow/example_dags/example_subdag_operator.py for tasks to queue
[2025-11-01T12:48:52.896+0000] {logging_mixin.py:190} INFO - [2025-11-01T12:48:52.896+0000] {dagbag.py:588} INFO - Filling up the DagBag from /home/airflow/.local/lib/python3.12/site-packages/airflow/example_dags/example_subdag_operator.py
[2025-11-01T12:48:52.929+0000] {processor.py:925} INFO - DAG(s) 'example_subdag_operator.section-1', 'example_subdag_operator.section-2', 'example_subdag_operator' retrieved from /home/airflow/.local/lib/python3.12/site-packages/airflow/example_dags/example_subdag_operator.py
[2025-11-01T12:48:52.949+0000] {logging_mixin.py:190} INFO - [2025-11-01T12:48:52.948+0000] {dag.py:3239} INFO - Sync 3 DAGs
[2025-11-01T12:48:52.976+0000] {logging_mixin.py:190} INFO - [2025-11-01T12:48:52.975+0000] {dag.py:4180} INFO - Setting next_dagrun for example_subdag_operator to 2022-01-01 00:00:00+00:00, run_after=2022-01-01 00:00:00+00:00
[2025-11-01T12:48:52.981+0000] {logging_mixin.py:190} INFO - [2025-11-01T12:48:52.980+0000] {dag.py:4180} INFO - Setting next_dagrun for example_subdag_operator.section-1 to None, run_after=None
[2025-11-01T12:48:52.983+0000] {logging_mixin.py:190} INFO - [2025-11-01T12:48:52.983+0000] {dag.py:4180} INFO - Setting next_dagrun for example_subdag_operator.section-2 to None, run_after=None
[2025-11-01T12:48:52.992+0000] {logging_mixin.py:190} INFO - [2025-11-01T12:48:52.991+0000] {dag.py:3239} INFO - Sync 2 DAGs
[2025-11-01T12:48:52.999+0000] {logging_mixin.py:190} INFO - [2025-11-01T12:48:52.998+0000] {dag.py:4180} INFO - Setting next_dagrun for example_subdag_operator.section-1 to None, run_after=None
[2025-11-01T12:48:53.000+0000] {logging_mixin.py:190} INFO - [2025-11-01T12:48:53.000+0000] {dag.py:4180} INFO - Setting next_dagrun for example_subdag_operator.section-2 to None, run_after=None
[2025-11-01T12:48:53.014+0000] {processor.py:208} INFO - Processing /home/airflow/.local/lib/python3.12/site-packages/airflow/example_dags/example_subdag_operator.py took 0.130 seconds
[2025-11-01T12:49:23.549+0000] {processor.py:186} INFO - Started process (PID=924) to work on /home/airflow/.local/lib/python3.12/site-packages/airflow/example_dags/example_subdag_operator.py
[2025-11-01T12:49:23.551+0000] {processor.py:914} INFO - Processing file /home/airflow/.local/lib/python3.12/site-packages/airflow/example_dags/example_subdag_operator.py for tasks to queue
[2025-11-01T12:49:23.554+0000] {logging_mixin.py:190} INFO - [2025-11-01T12:49:23.554+0000] {dagbag.py:588} INFO - Filling up the DagBag from /home/airflow/.local/lib/python3.12/site-packages/airflow/example_dags/example_subdag_operator.py
[2025-11-01T12:49:23.588+0000] {processor.py:925} INFO - DAG(s) 'example_subdag_operator.section-1', 'example_subdag_operator.section-2', 'example_subdag_operator' retrieved from /home/airflow/.local/lib/python3.12/site-packages/airflow/example_dags/example_subdag_operator.py
[2025-11-01T12:49:23.607+0000] {logging_mixin.py:190} INFO - [2025-11-01T12:49:23.606+0000] {dag.py:3239} INFO - Sync 3 DAGs
[2025-11-01T12:49:23.631+0000] {logging_mixin.py:190} INFO - [2025-11-01T12:49:23.631+0000] {dag.py:4180} INFO - Setting next_dagrun for example_subdag_operator to 2022-01-01 00:00:00+00:00, run_after=2022-01-01 00:00:00+00:00
[2025-11-01T12:49:23.636+0000] {logging_mixin.py:190} INFO - [2025-11-01T12:49:23.635+0000] {dag.py:4180} INFO - Setting next_dagrun for example_subdag_operator.section-1 to None, run_after=None
[2025-11-01T12:49:23.638+0000] {logging_mixin.py:190} INFO - [2025-11-01T12:49:23.637+0000] {dag.py:4180} INFO - Setting next_dagrun for example_subdag_operator.section-2 to None, run_after=None
[2025-11-01T12:49:23.645+0000] {logging_mixin.py:190} INFO - [2025-11-01T12:49:23.645+0000] {dag.py:3239} INFO - Sync 2 DAGs
[2025-11-01T12:49:23.652+0000] {logging_mixin.py:190} INFO - [2025-11-01T12:49:23.652+0000] {dag.py:4180} INFO - Setting next_dagrun for example_subdag_operator.section-1 to None, run_after=None
[2025-11-01T12:49:23.653+0000] {logging_mixin.py:190} INFO - [2025-11-01T12:49:23.653+0000] {dag.py:4180} INFO - Setting next_dagrun for example_subdag_operator.section-2 to None, run_after=None
[2025-11-01T12:49:23.666+0000] {processor.py:208} INFO - Processing /home/airflow/.local/lib/python3.12/site-packages/airflow/example_dags/example_subdag_operator.py took 0.125 seconds
[2025-11-01T12:49:54.195+0000] {processor.py:186} INFO - Started process (PID=995) to work on /home/airflow/.local/lib/python3.12/site-packages/airflow/example_dags/example_subdag_operator.py
[2025-11-01T12:49:54.197+0000] {processor.py:914} INFO - Processing file /home/airflow/.local/lib/python3.12/site-packages/airflow/example_dags/example_subdag_operator.py for tasks to queue
[2025-11-01T12:49:54.201+0000] {logging_mixin.py:190} INFO - [2025-11-01T12:49:54.200+0000] {dagbag.py:588} INFO - Filling up the DagBag from /home/airflow/.local/lib/python3.12/site-packages/airflow/example_dags/example_subdag_operator.py
[2025-11-01T12:49:54.250+0000] {processor.py:925} INFO - DAG(s) 'example_subdag_operator.section-1', 'example_subdag_operator.section-2', 'example_subdag_operator' retrieved from /home/airflow/.local/lib/python3.12/site-packages/airflow/example_dags/example_subdag_operator.py
[2025-11-01T12:49:54.274+0000] {logging_mixin.py:190} INFO - [2025-11-01T12:49:54.273+0000] {dag.py:3239} INFO - Sync 3 DAGs
[2025-11-01T12:49:54.304+0000] {logging_mixin.py:190} INFO - [2025-11-01T12:49:54.304+0000] {dag.py:4180} INFO - Setting next_dagrun for example_subdag_operator to 2022-01-01 00:00:00+00:00, run_after=2022-01-01 00:00:00+00:00
[2025-11-01T12:49:54.309+0000] {logging_mixin.py:190} INFO - [2025-11-01T12:49:54.309+0000] {dag.py:4180} INFO - Setting next_dagrun for example_subdag_operator.section-1 to None, run_after=None
[2025-11-01T12:49:54.311+0000] {logging_mixin.py:190} INFO - [2025-11-01T12:49:54.311+0000] {dag.py:4180} INFO - Setting next_dagrun for example_subdag_operator.section-2 to None, run_after=None
[2025-11-01T12:49:54.322+0000] {logging_mixin.py:190} INFO - [2025-11-01T12:49:54.322+0000] {dag.py:3239} INFO - Sync 2 DAGs
[2025-11-01T12:49:54.329+0000] {logging_mixin.py:190} INFO - [2025-11-01T12:49:54.329+0000] {dag.py:4180} INFO - Setting next_dagrun for example_subdag_operator.section-1 to None, run_after=None
[2025-11-01T12:49:54.330+0000] {logging_mixin.py:190} INFO - [2025-11-01T12:49:54.329+0000] {dag.py:4180} INFO - Setting next_dagrun for example_subdag_operator.section-2 to None, run_after=None
[2025-11-01T12:49:54.346+0000] {processor.py:208} INFO - Processing /home/airflow/.local/lib/python3.12/site-packages/airflow/example_dags/example_subdag_operator.py took 0.160 seconds
[2025-11-01T12:50:25.001+0000] {processor.py:186} INFO - Started process (PID=1070) to work on /home/airflow/.local/lib/python3.12/site-packages/airflow/example_dags/example_subdag_operator.py
[2025-11-01T12:50:25.003+0000] {processor.py:914} INFO - Processing file /home/airflow/.local/lib/python3.12/site-packages/airflow/example_dags/example_subdag_operator.py for tasks to queue
[2025-11-01T12:50:25.006+0000] {logging_mixin.py:190} INFO - [2025-11-01T12:50:25.005+0000] {dagbag.py:588} INFO - Filling up the DagBag from /home/airflow/.local/lib/python3.12/site-packages/airflow/example_dags/example_subdag_operator.py
[2025-11-01T12:50:25.038+0000] {processor.py:925} INFO - DAG(s) 'example_subdag_operator.section-1', 'example_subdag_operator.section-2', 'example_subdag_operator' retrieved from /home/airflow/.local/lib/python3.12/site-packages/airflow/example_dags/example_subdag_operator.py
[2025-11-01T12:50:25.058+0000] {logging_mixin.py:190} INFO - [2025-11-01T12:50:25.057+0000] {dag.py:3239} INFO - Sync 3 DAGs
[2025-11-01T12:50:25.082+0000] {logging_mixin.py:190} INFO - [2025-11-01T12:50:25.082+0000] {dag.py:4180} INFO - Setting next_dagrun for example_subdag_operator to 2022-01-01 00:00:00+00:00, run_after=2022-01-01 00:00:00+00:00
[2025-11-01T12:50:25.086+0000] {logging_mixin.py:190} INFO - [2025-11-01T12:50:25.086+0000] {dag.py:4180} INFO - Setting next_dagrun for example_subdag_operator.section-1 to None, run_after=None
[2025-11-01T12:50:25.088+0000] {logging_mixin.py:190} INFO - [2025-11-01T12:50:25.088+0000] {dag.py:4180} INFO - Setting next_dagrun for example_subdag_operator.section-2 to None, run_after=None
[2025-11-01T12:50:25.097+0000] {logging_mixin.py:190} INFO - [2025-11-01T12:50:25.096+0000] {dag.py:3239} INFO - Sync 2 DAGs
[2025-11-01T12:50:25.103+0000] {logging_mixin.py:190} INFO - [2025-11-01T12:50:25.103+0000] {dag.py:4180} INFO - Setting next_dagrun for example_subdag_operator.section-1 to None, run_after=None
[2025-11-01T12:50:25.104+0000] {logging_mixin.py:190} INFO - [2025-11-01T12:50:25.104+0000] {dag.py:4180} INFO - Setting next_dagrun for example_subdag_operator.section-2 to None, run_after=None
[2025-11-01T12:50:25.117+0000] {processor.py:208} INFO - Processing /home/airflow/.local/lib/python3.12/site-packages/airflow/example_dags/example_subdag_operator.py took 0.124 seconds
[2025-11-01T12:50:55.483+0000] {processor.py:186} INFO - Started process (PID=1147) to work on /home/airflow/.local/lib/python3.12/site-packages/airflow/example_dags/example_subdag_operator.py
[2025-11-01T12:50:55.485+0000] {processor.py:914} INFO - Processing file /home/airflow/.local/lib/python3.12/site-packages/airflow/example_dags/example_subdag_operator.py for tasks to queue
[2025-11-01T12:50:55.489+0000] {logging_mixin.py:190} INFO - [2025-11-01T12:50:55.489+0000] {dagbag.py:588} INFO - Filling up the DagBag from /home/airflow/.local/lib/python3.12/site-packages/airflow/example_dags/example_subdag_operator.py
[2025-11-01T12:50:55.524+0000] {processor.py:925} INFO - DAG(s) 'example_subdag_operator.section-1', 'example_subdag_operator.section-2', 'example_subdag_operator' retrieved from /home/airflow/.local/lib/python3.12/site-packages/airflow/example_dags/example_subdag_operator.py
[2025-11-01T12:50:55.546+0000] {logging_mixin.py:190} INFO - [2025-11-01T12:50:55.545+0000] {dag.py:3239} INFO - Sync 3 DAGs
[2025-11-01T12:50:55.575+0000] {logging_mixin.py:190} INFO - [2025-11-01T12:50:55.575+0000] {dag.py:4180} INFO - Setting next_dagrun for example_subdag_operator to 2022-01-01 00:00:00+00:00, run_after=2022-01-01 00:00:00+00:00
[2025-11-01T12:50:55.581+0000] {logging_mixin.py:190} INFO - [2025-11-01T12:50:55.581+0000] {dag.py:4180} INFO - Setting next_dagrun for example_subdag_operator.section-1 to None, run_after=None
[2025-11-01T12:50:55.583+0000] {logging_mixin.py:190} INFO - [2025-11-01T12:50:55.582+0000] {dag.py:4180} INFO - Setting next_dagrun for example_subdag_operator.section-2 to None, run_after=None
[2025-11-01T12:50:55.592+0000] {logging_mixin.py:190} INFO - [2025-11-01T12:50:55.592+0000] {dag.py:3239} INFO - Sync 2 DAGs
[2025-11-01T12:50:55.598+0000] {logging_mixin.py:190} INFO - [2025-11-01T12:50:55.598+0000] {dag.py:4180} INFO - Setting next_dagrun for example_subdag_operator.section-1 to None, run_after=None
[2025-11-01T12:50:55.599+0000] {logging_mixin.py:190} INFO - [2025-11-01T12:50:55.599+0000] {dag.py:4180} INFO - Setting next_dagrun for example_subdag_operator.section-2 to None, run_after=None
[2025-11-01T12:50:55.614+0000] {processor.py:208} INFO - Processing /home/airflow/.local/lib/python3.12/site-packages/airflow/example_dags/example_subdag_operator.py took 0.141 seconds
[2025-11-01T12:51:26.081+0000] {processor.py:186} INFO - Started process (PID=1218) to work on /home/airflow/.local/lib/python3.12/site-packages/airflow/example_dags/example_subdag_operator.py
[2025-11-01T12:51:26.083+0000] {processor.py:914} INFO - Processing file /home/airflow/.local/lib/python3.12/site-packages/airflow/example_dags/example_subdag_operator.py for tasks to queue
[2025-11-01T12:51:26.086+0000] {logging_mixin.py:190} INFO - [2025-11-01T12:51:26.086+0000] {dagbag.py:588} INFO - Filling up the DagBag from /home/airflow/.local/lib/python3.12/site-packages/airflow/example_dags/example_subdag_operator.py
[2025-11-01T12:51:26.123+0000] {processor.py:925} INFO - DAG(s) 'example_subdag_operator.section-1', 'example_subdag_operator.section-2', 'example_subdag_operator' retrieved from /home/airflow/.local/lib/python3.12/site-packages/airflow/example_dags/example_subdag_operator.py
[2025-11-01T12:51:26.143+0000] {logging_mixin.py:190} INFO - [2025-11-01T12:51:26.143+0000] {dag.py:3239} INFO - Sync 3 DAGs
[2025-11-01T12:51:26.172+0000] {logging_mixin.py:190} INFO - [2025-11-01T12:51:26.171+0000] {dag.py:4180} INFO - Setting next_dagrun for example_subdag_operator to 2022-01-01 00:00:00+00:00, run_after=2022-01-01 00:00:00+00:00
[2025-11-01T12:51:26.177+0000] {logging_mixin.py:190} INFO - [2025-11-01T12:51:26.176+0000] {dag.py:4180} INFO - Setting next_dagrun for example_subdag_operator.section-1 to None, run_after=None
[2025-11-01T12:51:26.179+0000] {logging_mixin.py:190} INFO - [2025-11-01T12:51:26.179+0000] {dag.py:4180} INFO - Setting next_dagrun for example_subdag_operator.section-2 to None, run_after=None
[2025-11-01T12:51:26.189+0000] {logging_mixin.py:190} INFO - [2025-11-01T12:51:26.189+0000] {dag.py:3239} INFO - Sync 2 DAGs
[2025-11-01T12:51:26.195+0000] {logging_mixin.py:190} INFO - [2025-11-01T12:51:26.195+0000] {dag.py:4180} INFO - Setting next_dagrun for example_subdag_operator.section-1 to None, run_after=None
[2025-11-01T12:51:26.196+0000] {logging_mixin.py:190} INFO - [2025-11-01T12:51:26.196+0000] {dag.py:4180} INFO - Setting next_dagrun for example_subdag_operator.section-2 to None, run_after=None
[2025-11-01T12:51:26.209+0000] {processor.py:208} INFO - Processing /home/airflow/.local/lib/python3.12/site-packages/airflow/example_dags/example_subdag_operator.py took 0.136 seconds
[2025-11-01T12:51:56.573+0000] {processor.py:186} INFO - Started process (PID=1290) to work on /home/airflow/.local/lib/python3.12/site-packages/airflow/example_dags/example_subdag_operator.py
[2025-11-01T12:51:56.575+0000] {processor.py:914} INFO - Processing file /home/airflow/.local/lib/python3.12/site-packages/airflow/example_dags/example_subdag_operator.py for tasks to queue
[2025-11-01T12:51:56.579+0000] {logging_mixin.py:190} INFO - [2025-11-01T12:51:56.579+0000] {dagbag.py:588} INFO - Filling up the DagBag from /home/airflow/.local/lib/python3.12/site-packages/airflow/example_dags/example_subdag_operator.py
[2025-11-01T12:51:56.611+0000] {processor.py:925} INFO - DAG(s) 'example_subdag_operator.section-1', 'example_subdag_operator.section-2', 'example_subdag_operator' retrieved from /home/airflow/.local/lib/python3.12/site-packages/airflow/example_dags/example_subdag_operator.py
[2025-11-01T12:51:56.629+0000] {logging_mixin.py:190} INFO - [2025-11-01T12:51:56.629+0000] {dag.py:3239} INFO - Sync 3 DAGs
[2025-11-01T12:51:56.655+0000] {logging_mixin.py:190} INFO - [2025-11-01T12:51:56.655+0000] {dag.py:4180} INFO - Setting next_dagrun for example_subdag_operator to 2022-01-01 00:00:00+00:00, run_after=2022-01-01 00:00:00+00:00
[2025-11-01T12:51:56.659+0000] {logging_mixin.py:190} INFO - [2025-11-01T12:51:56.659+0000] {dag.py:4180} INFO - Setting next_dagrun for example_subdag_operator.section-1 to None, run_after=None
[2025-11-01T12:51:56.661+0000] {logging_mixin.py:190} INFO - [2025-11-01T12:51:56.661+0000] {dag.py:4180} INFO - Setting next_dagrun for example_subdag_operator.section-2 to None, run_after=None
[2025-11-01T12:51:56.671+0000] {logging_mixin.py:190} INFO - [2025-11-01T12:51:56.671+0000] {dag.py:3239} INFO - Sync 2 DAGs
[2025-11-01T12:51:56.677+0000] {logging_mixin.py:190} INFO - [2025-11-01T12:51:56.677+0000] {dag.py:4180} INFO - Setting next_dagrun for example_subdag_operator.section-1 to None, run_after=None
[2025-11-01T12:51:56.678+0000] {logging_mixin.py:190} INFO - [2025-11-01T12:51:56.678+0000] {dag.py:4180} INFO - Setting next_dagrun for example_subdag_operator.section-2 to None, run_after=None
[2025-11-01T12:51:56.691+0000] {processor.py:208} INFO - Processing /home/airflow/.local/lib/python3.12/site-packages/airflow/example_dags/example_subdag_operator.py took 0.125 seconds
[2025-11-01T12:52:26.760+0000] {processor.py:186} INFO - Started process (PID=1361) to work on /home/airflow/.local/lib/python3.12/site-packages/airflow/example_dags/example_subdag_operator.py
[2025-11-01T12:52:26.762+0000] {processor.py:914} INFO - Processing file /home/airflow/.local/lib/python3.12/site-packages/airflow/example_dags/example_subdag_operator.py for tasks to queue
[2025-11-01T12:52:26.766+0000] {logging_mixin.py:190} INFO - [2025-11-01T12:52:26.765+0000] {dagbag.py:588} INFO - Filling up the DagBag from /home/airflow/.local/lib/python3.12/site-packages/airflow/example_dags/example_subdag_operator.py
[2025-11-01T12:52:26.799+0000] {processor.py:925} INFO - DAG(s) 'example_subdag_operator.section-1', 'example_subdag_operator.section-2', 'example_subdag_operator' retrieved from /home/airflow/.local/lib/python3.12/site-packages/airflow/example_dags/example_subdag_operator.py
[2025-11-01T12:52:26.818+0000] {logging_mixin.py:190} INFO - [2025-11-01T12:52:26.817+0000] {dag.py:3239} INFO - Sync 3 DAGs
[2025-11-01T12:52:26.845+0000] {logging_mixin.py:190} INFO - [2025-11-01T12:52:26.844+0000] {dag.py:4180} INFO - Setting next_dagrun for example_subdag_operator to 2022-01-01 00:00:00+00:00, run_after=2022-01-01 00:00:00+00:00
[2025-11-01T12:52:26.849+0000] {logging_mixin.py:190} INFO - [2025-11-01T12:52:26.849+0000] {dag.py:4180} INFO - Setting next_dagrun for example_subdag_operator.section-1 to None, run_after=None
[2025-11-01T12:52:26.851+0000] {logging_mixin.py:190} INFO - [2025-11-01T12:52:26.851+0000] {dag.py:4180} INFO - Setting next_dagrun for example_subdag_operator.section-2 to None, run_after=None
[2025-11-01T12:52:26.860+0000] {logging_mixin.py:190} INFO - [2025-11-01T12:52:26.859+0000] {dag.py:3239} INFO - Sync 2 DAGs
[2025-11-01T12:52:26.868+0000] {logging_mixin.py:190} INFO - [2025-11-01T12:52:26.868+0000] {dag.py:4180} INFO - Setting next_dagrun for example_subdag_operator.section-1 to None, run_after=None
[2025-11-01T12:52:26.869+0000] {logging_mixin.py:190} INFO - [2025-11-01T12:52:26.869+0000] {dag.py:4180} INFO - Setting next_dagrun for example_subdag_operator.section-2 to None, run_after=None
[2025-11-01T12:52:26.883+0000] {processor.py:208} INFO - Processing /home/airflow/.local/lib/python3.12/site-packages/airflow/example_dags/example_subdag_operator.py took 0.130 seconds
[2025-11-01T12:52:57.928+0000] {processor.py:186} INFO - Started process (PID=1431) to work on /home/airflow/.local/lib/python3.12/site-packages/airflow/example_dags/example_subdag_operator.py
[2025-11-01T12:52:57.929+0000] {processor.py:914} INFO - Processing file /home/airflow/.local/lib/python3.12/site-packages/airflow/example_dags/example_subdag_operator.py for tasks to queue
[2025-11-01T12:52:57.933+0000] {logging_mixin.py:190} INFO - [2025-11-01T12:52:57.933+0000] {dagbag.py:588} INFO - Filling up the DagBag from /home/airflow/.local/lib/python3.12/site-packages/airflow/example_dags/example_subdag_operator.py
[2025-11-01T12:52:57.970+0000] {processor.py:925} INFO - DAG(s) 'example_subdag_operator.section-1', 'example_subdag_operator.section-2', 'example_subdag_operator' retrieved from /home/airflow/.local/lib/python3.12/site-packages/airflow/example_dags/example_subdag_operator.py
[2025-11-01T12:52:57.994+0000] {logging_mixin.py:190} INFO - [2025-11-01T12:52:57.993+0000] {dag.py:3239} INFO - Sync 3 DAGs
[2025-11-01T12:52:58.027+0000] {logging_mixin.py:190} INFO - [2025-11-01T12:52:58.027+0000] {dag.py:4180} INFO - Setting next_dagrun for example_subdag_operator to 2022-01-01 00:00:00+00:00, run_after=2022-01-01 00:00:00+00:00
[2025-11-01T12:52:58.033+0000] {logging_mixin.py:190} INFO - [2025-11-01T12:52:58.033+0000] {dag.py:4180} INFO - Setting next_dagrun for example_subdag_operator.section-1 to None, run_after=None
[2025-11-01T12:52:58.035+0000] {logging_mixin.py:190} INFO - [2025-11-01T12:52:58.035+0000] {dag.py:4180} INFO - Setting next_dagrun for example_subdag_operator.section-2 to None, run_after=None
[2025-11-01T12:52:58.047+0000] {logging_mixin.py:190} INFO - [2025-11-01T12:52:58.047+0000] {dag.py:3239} INFO - Sync 2 DAGs
[2025-11-01T12:52:58.059+0000] {logging_mixin.py:190} INFO - [2025-11-01T12:52:58.058+0000] {dag.py:4180} INFO - Setting next_dagrun for example_subdag_operator.section-1 to None, run_after=None
[2025-11-01T12:52:58.060+0000] {logging_mixin.py:190} INFO - [2025-11-01T12:52:58.060+0000] {dag.py:4180} INFO - Setting next_dagrun for example_subdag_operator.section-2 to None, run_after=None
[2025-11-01T12:52:58.085+0000] {processor.py:208} INFO - Processing /home/airflow/.local/lib/python3.12/site-packages/airflow/example_dags/example_subdag_operator.py took 0.167 seconds
[2025-11-01T12:53:28.190+0000] {processor.py:186} INFO - Started process (PID=1502) to work on /home/airflow/.local/lib/python3.12/site-packages/airflow/example_dags/example_subdag_operator.py
[2025-11-01T12:53:28.192+0000] {processor.py:914} INFO - Processing file /home/airflow/.local/lib/python3.12/site-packages/airflow/example_dags/example_subdag_operator.py for tasks to queue
[2025-11-01T12:53:28.196+0000] {logging_mixin.py:190} INFO - [2025-11-01T12:53:28.196+0000] {dagbag.py:588} INFO - Filling up the DagBag from /home/airflow/.local/lib/python3.12/site-packages/airflow/example_dags/example_subdag_operator.py
[2025-11-01T12:53:28.237+0000] {processor.py:925} INFO - DAG(s) 'example_subdag_operator.section-1', 'example_subdag_operator.section-2', 'example_subdag_operator' retrieved from /home/airflow/.local/lib/python3.12/site-packages/airflow/example_dags/example_subdag_operator.py
[2025-11-01T12:53:28.270+0000] {logging_mixin.py:190} INFO - [2025-11-01T12:53:28.269+0000] {dag.py:3239} INFO - Sync 3 DAGs
[2025-11-01T12:53:28.305+0000] {logging_mixin.py:190} INFO - [2025-11-01T12:53:28.305+0000] {dag.py:4180} INFO - Setting next_dagrun for example_subdag_operator to 2022-01-01 00:00:00+00:00, run_after=2022-01-01 00:00:00+00:00
[2025-11-01T12:53:28.310+0000] {logging_mixin.py:190} INFO - [2025-11-01T12:53:28.310+0000] {dag.py:4180} INFO - Setting next_dagrun for example_subdag_operator.section-1 to None, run_after=None
[2025-11-01T12:53:28.312+0000] {logging_mixin.py:190} INFO - [2025-11-01T12:53:28.312+0000] {dag.py:4180} INFO - Setting next_dagrun for example_subdag_operator.section-2 to None, run_after=None
[2025-11-01T12:53:28.323+0000] {logging_mixin.py:190} INFO - [2025-11-01T12:53:28.323+0000] {dag.py:3239} INFO - Sync 2 DAGs
[2025-11-01T12:53:28.329+0000] {logging_mixin.py:190} INFO - [2025-11-01T12:53:28.329+0000] {dag.py:4180} INFO - Setting next_dagrun for example_subdag_operator.section-1 to None, run_after=None
[2025-11-01T12:53:28.330+0000] {logging_mixin.py:190} INFO - [2025-11-01T12:53:28.330+0000] {dag.py:4180} INFO - Setting next_dagrun for example_subdag_operator.section-2 to None, run_after=None
[2025-11-01T12:53:28.347+0000] {processor.py:208} INFO - Processing /home/airflow/.local/lib/python3.12/site-packages/airflow/example_dags/example_subdag_operator.py took 0.166 seconds
[2025-11-01T12:53:59.108+0000] {processor.py:186} INFO - Started process (PID=1574) to work on /home/airflow/.local/lib/python3.12/site-packages/airflow/example_dags/example_subdag_operator.py
[2025-11-01T12:53:59.110+0000] {processor.py:914} INFO - Processing file /home/airflow/.local/lib/python3.12/site-packages/airflow/example_dags/example_subdag_operator.py for tasks to queue
[2025-11-01T12:53:59.113+0000] {logging_mixin.py:190} INFO - [2025-11-01T12:53:59.113+0000] {dagbag.py:588} INFO - Filling up the DagBag from /home/airflow/.local/lib/python3.12/site-packages/airflow/example_dags/example_subdag_operator.py
[2025-11-01T12:53:59.152+0000] {processor.py:925} INFO - DAG(s) 'example_subdag_operator.section-1', 'example_subdag_operator.section-2', 'example_subdag_operator' retrieved from /home/airflow/.local/lib/python3.12/site-packages/airflow/example_dags/example_subdag_operator.py
[2025-11-01T12:53:59.172+0000] {logging_mixin.py:190} INFO - [2025-11-01T12:53:59.171+0000] {dag.py:3239} INFO - Sync 3 DAGs
[2025-11-01T12:53:59.198+0000] {logging_mixin.py:190} INFO - [2025-11-01T12:53:59.198+0000] {dag.py:4180} INFO - Setting next_dagrun for example_subdag_operator to 2022-01-01 00:00:00+00:00, run_after=2022-01-01 00:00:00+00:00
[2025-11-01T12:53:59.204+0000] {logging_mixin.py:190} INFO - [2025-11-01T12:53:59.203+0000] {dag.py:4180} INFO - Setting next_dagrun for example_subdag_operator.section-1 to None, run_after=None
[2025-11-01T12:53:59.205+0000] {logging_mixin.py:190} INFO - [2025-11-01T12:53:59.205+0000] {dag.py:4180} INFO - Setting next_dagrun for example_subdag_operator.section-2 to None, run_after=None
[2025-11-01T12:53:59.214+0000] {logging_mixin.py:190} INFO - [2025-11-01T12:53:59.214+0000] {dag.py:3239} INFO - Sync 2 DAGs
[2025-11-01T12:53:59.222+0000] {logging_mixin.py:190} INFO - [2025-11-01T12:53:59.221+0000] {dag.py:4180} INFO - Setting next_dagrun for example_subdag_operator.section-1 to None, run_after=None
[2025-11-01T12:53:59.222+0000] {logging_mixin.py:190} INFO - [2025-11-01T12:53:59.222+0000] {dag.py:4180} INFO - Setting next_dagrun for example_subdag_operator.section-2 to None, run_after=None
[2025-11-01T12:53:59.237+0000] {processor.py:208} INFO - Processing /home/airflow/.local/lib/python3.12/site-packages/airflow/example_dags/example_subdag_operator.py took 0.137 seconds
[2025-11-01T12:54:29.696+0000] {processor.py:186} INFO - Started process (PID=1645) to work on /home/airflow/.local/lib/python3.12/site-packages/airflow/example_dags/example_subdag_operator.py
[2025-11-01T12:54:29.697+0000] {processor.py:914} INFO - Processing file /home/airflow/.local/lib/python3.12/site-packages/airflow/example_dags/example_subdag_operator.py for tasks to queue
[2025-11-01T12:54:29.701+0000] {logging_mixin.py:190} INFO - [2025-11-01T12:54:29.701+0000] {dagbag.py:588} INFO - Filling up the DagBag from /home/airflow/.local/lib/python3.12/site-packages/airflow/example_dags/example_subdag_operator.py
[2025-11-01T12:54:29.735+0000] {processor.py:925} INFO - DAG(s) 'example_subdag_operator.section-1', 'example_subdag_operator.section-2', 'example_subdag_operator' retrieved from /home/airflow/.local/lib/python3.12/site-packages/airflow/example_dags/example_subdag_operator.py
[2025-11-01T12:54:29.756+0000] {logging_mixin.py:190} INFO - [2025-11-01T12:54:29.755+0000] {dag.py:3239} INFO - Sync 3 DAGs
[2025-11-01T12:54:29.784+0000] {logging_mixin.py:190} INFO - [2025-11-01T12:54:29.783+0000] {dag.py:4180} INFO - Setting next_dagrun for example_subdag_operator to 2022-01-01 00:00:00+00:00, run_after=2022-01-01 00:00:00+00:00
[2025-11-01T12:54:29.788+0000] {logging_mixin.py:190} INFO - [2025-11-01T12:54:29.787+0000] {dag.py:4180} INFO - Setting next_dagrun for example_subdag_operator.section-1 to None, run_after=None
[2025-11-01T12:54:29.790+0000] {logging_mixin.py:190} INFO - [2025-11-01T12:54:29.790+0000] {dag.py:4180} INFO - Setting next_dagrun for example_subdag_operator.section-2 to None, run_after=None
[2025-11-01T12:54:29.799+0000] {logging_mixin.py:190} INFO - [2025-11-01T12:54:29.799+0000] {dag.py:3239} INFO - Sync 2 DAGs
[2025-11-01T12:54:29.806+0000] {logging_mixin.py:190} INFO - [2025-11-01T12:54:29.806+0000] {dag.py:4180} INFO - Setting next_dagrun for example_subdag_operator.section-1 to None, run_after=None
[2025-11-01T12:54:29.808+0000] {logging_mixin.py:190} INFO - [2025-11-01T12:54:29.808+0000] {dag.py:4180} INFO - Setting next_dagrun for example_subdag_operator.section-2 to None, run_after=None
[2025-11-01T12:54:29.822+0000] {processor.py:208} INFO - Processing /home/airflow/.local/lib/python3.12/site-packages/airflow/example_dags/example_subdag_operator.py took 0.133 seconds
[2025-11-01T12:54:59.923+0000] {processor.py:186} INFO - Started process (PID=1716) to work on /home/airflow/.local/lib/python3.12/site-packages/airflow/example_dags/example_subdag_operator.py
[2025-11-01T12:54:59.925+0000] {processor.py:914} INFO - Processing file /home/airflow/.local/lib/python3.12/site-packages/airflow/example_dags/example_subdag_operator.py for tasks to queue
[2025-11-01T12:54:59.929+0000] {logging_mixin.py:190} INFO - [2025-11-01T12:54:59.929+0000] {dagbag.py:588} INFO - Filling up the DagBag from /home/airflow/.local/lib/python3.12/site-packages/airflow/example_dags/example_subdag_operator.py
[2025-11-01T12:54:59.968+0000] {processor.py:925} INFO - DAG(s) 'example_subdag_operator.section-1', 'example_subdag_operator.section-2', 'example_subdag_operator' retrieved from /home/airflow/.local/lib/python3.12/site-packages/airflow/example_dags/example_subdag_operator.py
[2025-11-01T12:54:59.994+0000] {logging_mixin.py:190} INFO - [2025-11-01T12:54:59.994+0000] {dag.py:3239} INFO - Sync 3 DAGs
[2025-11-01T12:55:00.023+0000] {logging_mixin.py:190} INFO - [2025-11-01T12:55:00.023+0000] {dag.py:4180} INFO - Setting next_dagrun for example_subdag_operator to 2022-01-01 00:00:00+00:00, run_after=2022-01-01 00:00:00+00:00
[2025-11-01T12:55:00.028+0000] {logging_mixin.py:190} INFO - [2025-11-01T12:55:00.028+0000] {dag.py:4180} INFO - Setting next_dagrun for example_subdag_operator.section-1 to None, run_after=None
[2025-11-01T12:55:00.034+0000] {logging_mixin.py:190} INFO - [2025-11-01T12:55:00.033+0000] {dag.py:4180} INFO - Setting next_dagrun for example_subdag_operator.section-2 to None, run_after=None
[2025-11-01T12:55:00.043+0000] {logging_mixin.py:190} INFO - [2025-11-01T12:55:00.043+0000] {dag.py:3239} INFO - Sync 2 DAGs
[2025-11-01T12:55:00.051+0000] {logging_mixin.py:190} INFO - [2025-11-01T12:55:00.051+0000] {dag.py:4180} INFO - Setting next_dagrun for example_subdag_operator.section-1 to None, run_after=None
[2025-11-01T12:55:00.052+0000] {logging_mixin.py:190} INFO - [2025-11-01T12:55:00.052+0000] {dag.py:4180} INFO - Setting next_dagrun for example_subdag_operator.section-2 to None, run_after=None
[2025-11-01T12:55:00.065+0000] {processor.py:208} INFO - Processing /home/airflow/.local/lib/python3.12/site-packages/airflow/example_dags/example_subdag_operator.py took 0.150 seconds
[2025-11-01T12:55:30.209+0000] {processor.py:186} INFO - Started process (PID=1787) to work on /home/airflow/.local/lib/python3.12/site-packages/airflow/example_dags/example_subdag_operator.py
[2025-11-01T12:55:30.210+0000] {processor.py:914} INFO - Processing file /home/airflow/.local/lib/python3.12/site-packages/airflow/example_dags/example_subdag_operator.py for tasks to queue
[2025-11-01T12:55:30.214+0000] {logging_mixin.py:190} INFO - [2025-11-01T12:55:30.214+0000] {dagbag.py:588} INFO - Filling up the DagBag from /home/airflow/.local/lib/python3.12/site-packages/airflow/example_dags/example_subdag_operator.py
[2025-11-01T12:55:30.252+0000] {processor.py:925} INFO - DAG(s) 'example_subdag_operator.section-1', 'example_subdag_operator.section-2', 'example_subdag_operator' retrieved from /home/airflow/.local/lib/python3.12/site-packages/airflow/example_dags/example_subdag_operator.py
[2025-11-01T12:55:30.268+0000] {logging_mixin.py:190} INFO - [2025-11-01T12:55:30.268+0000] {dag.py:3239} INFO - Sync 3 DAGs
[2025-11-01T12:55:30.298+0000] {logging_mixin.py:190} INFO - [2025-11-01T12:55:30.298+0000] {dag.py:4180} INFO - Setting next_dagrun for example_subdag_operator to 2022-01-01 00:00:00+00:00, run_after=2022-01-01 00:00:00+00:00
[2025-11-01T12:55:30.303+0000] {logging_mixin.py:190} INFO - [2025-11-01T12:55:30.302+0000] {dag.py:4180} INFO - Setting next_dagrun for example_subdag_operator.section-1 to None, run_after=None
[2025-11-01T12:55:30.304+0000] {logging_mixin.py:190} INFO - [2025-11-01T12:55:30.304+0000] {dag.py:4180} INFO - Setting next_dagrun for example_subdag_operator.section-2 to None, run_after=None
[2025-11-01T12:55:30.314+0000] {logging_mixin.py:190} INFO - [2025-11-01T12:55:30.313+0000] {dag.py:3239} INFO - Sync 2 DAGs
[2025-11-01T12:55:30.321+0000] {logging_mixin.py:190} INFO - [2025-11-01T12:55:30.321+0000] {dag.py:4180} INFO - Setting next_dagrun for example_subdag_operator.section-1 to None, run_after=None
[2025-11-01T12:55:30.322+0000] {logging_mixin.py:190} INFO - [2025-11-01T12:55:30.322+0000] {dag.py:4180} INFO - Setting next_dagrun for example_subdag_operator.section-2 to None, run_after=None
[2025-11-01T12:55:30.335+0000] {processor.py:208} INFO - Processing /home/airflow/.local/lib/python3.12/site-packages/airflow/example_dags/example_subdag_operator.py took 0.133 seconds
[2025-11-01T12:56:00.474+0000] {processor.py:186} INFO - Started process (PID=1858) to work on /home/airflow/.local/lib/python3.12/site-packages/airflow/example_dags/example_subdag_operator.py
[2025-11-01T12:56:00.475+0000] {processor.py:914} INFO - Processing file /home/airflow/.local/lib/python3.12/site-packages/airflow/example_dags/example_subdag_operator.py for tasks to queue
[2025-11-01T12:56:00.479+0000] {logging_mixin.py:190} INFO - [2025-11-01T12:56:00.479+0000] {dagbag.py:588} INFO - Filling up the DagBag from /home/airflow/.local/lib/python3.12/site-packages/airflow/example_dags/example_subdag_operator.py
[2025-11-01T12:56:00.513+0000] {processor.py:925} INFO - DAG(s) 'example_subdag_operator.section-1', 'example_subdag_operator.section-2', 'example_subdag_operator' retrieved from /home/airflow/.local/lib/python3.12/site-packages/airflow/example_dags/example_subdag_operator.py
[2025-11-01T12:56:00.533+0000] {logging_mixin.py:190} INFO - [2025-11-01T12:56:00.532+0000] {dag.py:3239} INFO - Sync 3 DAGs
[2025-11-01T12:56:00.564+0000] {logging_mixin.py:190} INFO - [2025-11-01T12:56:00.564+0000] {dag.py:4180} INFO - Setting next_dagrun for example_subdag_operator to 2022-01-01 00:00:00+00:00, run_after=2022-01-01 00:00:00+00:00
[2025-11-01T12:56:00.569+0000] {logging_mixin.py:190} INFO - [2025-11-01T12:56:00.569+0000] {dag.py:4180} INFO - Setting next_dagrun for example_subdag_operator.section-1 to None, run_after=None
[2025-11-01T12:56:00.571+0000] {logging_mixin.py:190} INFO - [2025-11-01T12:56:00.571+0000] {dag.py:4180} INFO - Setting next_dagrun for example_subdag_operator.section-2 to None, run_after=None
[2025-11-01T12:56:00.579+0000] {logging_mixin.py:190} INFO - [2025-11-01T12:56:00.579+0000] {dag.py:3239} INFO - Sync 2 DAGs
[2025-11-01T12:56:00.586+0000] {logging_mixin.py:190} INFO - [2025-11-01T12:56:00.585+0000] {dag.py:4180} INFO - Setting next_dagrun for example_subdag_operator.section-1 to None, run_after=None
[2025-11-01T12:56:00.587+0000] {logging_mixin.py:190} INFO - [2025-11-01T12:56:00.587+0000] {dag.py:4180} INFO - Setting next_dagrun for example_subdag_operator.section-2 to None, run_after=None
[2025-11-01T12:56:00.599+0000] {processor.py:208} INFO - Processing /home/airflow/.local/lib/python3.12/site-packages/airflow/example_dags/example_subdag_operator.py took 0.133 seconds
[2025-11-01T12:56:31.058+0000] {processor.py:186} INFO - Started process (PID=1929) to work on /home/airflow/.local/lib/python3.12/site-packages/airflow/example_dags/example_subdag_operator.py
[2025-11-01T12:56:31.059+0000] {processor.py:914} INFO - Processing file /home/airflow/.local/lib/python3.12/site-packages/airflow/example_dags/example_subdag_operator.py for tasks to queue
[2025-11-01T12:56:31.064+0000] {logging_mixin.py:190} INFO - [2025-11-01T12:56:31.063+0000] {dagbag.py:588} INFO - Filling up the DagBag from /home/airflow/.local/lib/python3.12/site-packages/airflow/example_dags/example_subdag_operator.py
[2025-11-01T12:56:31.097+0000] {processor.py:925} INFO - DAG(s) 'example_subdag_operator.section-1', 'example_subdag_operator.section-2', 'example_subdag_operator' retrieved from /home/airflow/.local/lib/python3.12/site-packages/airflow/example_dags/example_subdag_operator.py
[2025-11-01T12:56:31.116+0000] {logging_mixin.py:190} INFO - [2025-11-01T12:56:31.116+0000] {dag.py:3239} INFO - Sync 3 DAGs
[2025-11-01T12:56:31.146+0000] {logging_mixin.py:190} INFO - [2025-11-01T12:56:31.146+0000] {dag.py:4180} INFO - Setting next_dagrun for example_subdag_operator to 2022-01-01 00:00:00+00:00, run_after=2022-01-01 00:00:00+00:00
[2025-11-01T12:56:31.153+0000] {logging_mixin.py:190} INFO - [2025-11-01T12:56:31.153+0000] {dag.py:4180} INFO - Setting next_dagrun for example_subdag_operator.section-1 to None, run_after=None
[2025-11-01T12:56:31.155+0000] {logging_mixin.py:190} INFO - [2025-11-01T12:56:31.155+0000] {dag.py:4180} INFO - Setting next_dagrun for example_subdag_operator.section-2 to None, run_after=None
[2025-11-01T12:56:31.165+0000] {logging_mixin.py:190} INFO - [2025-11-01T12:56:31.164+0000] {dag.py:3239} INFO - Sync 2 DAGs
[2025-11-01T12:56:31.172+0000] {logging_mixin.py:190} INFO - [2025-11-01T12:56:31.172+0000] {dag.py:4180} INFO - Setting next_dagrun for example_subdag_operator.section-1 to None, run_after=None
[2025-11-01T12:56:31.173+0000] {logging_mixin.py:190} INFO - [2025-11-01T12:56:31.173+0000] {dag.py:4180} INFO - Setting next_dagrun for example_subdag_operator.section-2 to None, run_after=None
[2025-11-01T12:56:31.188+0000] {processor.py:208} INFO - Processing /home/airflow/.local/lib/python3.12/site-packages/airflow/example_dags/example_subdag_operator.py took 0.138 seconds
