[2025-11-01T12:43:39.474+0000] {processor.py:186} INFO - Started process (PID=114) to work on /home/airflow/.local/lib/python3.12/site-packages/airflow/example_dags/example_dag_decorator.py
[2025-11-01T12:43:39.476+0000] {processor.py:914} INFO - Processing file /home/airflow/.local/lib/python3.12/site-packages/airflow/example_dags/example_dag_decorator.py for tasks to queue
[2025-11-01T12:43:39.479+0000] {logging_mixin.py:190} INFO - [2025-11-01T12:43:39.479+0000] {dagbag.py:588} INFO - Filling up the DagBag from /home/airflow/.local/lib/python3.12/site-packages/airflow/example_dags/example_dag_decorator.py
[2025-11-01T12:43:39.499+0000] {processor.py:925} INFO - DAG(s) 'example_dag_decorator' retrieved from /home/airflow/.local/lib/python3.12/site-packages/airflow/example_dags/example_dag_decorator.py
[2025-11-01T12:43:39.628+0000] {logging_mixin.py:190} INFO - [2025-11-01T12:43:39.627+0000] {override.py:1911} INFO - Created Permission View: can delete on DAG:example_dag_decorator
[2025-11-01T12:43:39.639+0000] {logging_mixin.py:190} INFO - [2025-11-01T12:43:39.639+0000] {override.py:1911} INFO - Created Permission View: can edit on DAG:example_dag_decorator
[2025-11-01T12:43:39.653+0000] {logging_mixin.py:190} INFO - [2025-11-01T12:43:39.652+0000] {override.py:1911} INFO - Created Permission View: can read on DAG:example_dag_decorator
[2025-11-01T12:43:39.667+0000] {logging_mixin.py:190} INFO - [2025-11-01T12:43:39.667+0000] {override.py:1911} INFO - Created Permission View: menu access on DAG Run:example_dag_decorator
[2025-11-01T12:43:39.677+0000] {logging_mixin.py:190} INFO - [2025-11-01T12:43:39.676+0000] {override.py:1911} INFO - Created Permission View: can delete on DAG Run:example_dag_decorator
[2025-11-01T12:43:39.687+0000] {logging_mixin.py:190} INFO - [2025-11-01T12:43:39.687+0000] {override.py:1911} INFO - Created Permission View: can create on DAG Run:example_dag_decorator
[2025-11-01T12:43:39.696+0000] {logging_mixin.py:190} INFO - [2025-11-01T12:43:39.695+0000] {override.py:1911} INFO - Created Permission View: can read on DAG Run:example_dag_decorator
[2025-11-01T12:43:39.696+0000] {logging_mixin.py:190} INFO - [2025-11-01T12:43:39.696+0000] {dag.py:3239} INFO - Sync 1 DAGs
[2025-11-01T12:43:39.711+0000] {logging_mixin.py:190} INFO - [2025-11-01T12:43:39.711+0000] {dag.py:3262} INFO - Creating ORM DAG for example_dag_decorator
[2025-11-01T12:43:39.712+0000] {logging_mixin.py:190} INFO - [2025-11-01T12:43:39.712+0000] {dag.py:4180} INFO - Setting next_dagrun for example_dag_decorator to None, run_after=None
[2025-11-01T12:43:39.730+0000] {processor.py:208} INFO - Processing /home/airflow/.local/lib/python3.12/site-packages/airflow/example_dags/example_dag_decorator.py took 0.263 seconds
[2025-11-01T12:44:10.578+0000] {processor.py:186} INFO - Started process (PID=184) to work on /home/airflow/.local/lib/python3.12/site-packages/airflow/example_dags/example_dag_decorator.py
[2025-11-01T12:44:10.580+0000] {processor.py:914} INFO - Processing file /home/airflow/.local/lib/python3.12/site-packages/airflow/example_dags/example_dag_decorator.py for tasks to queue
[2025-11-01T12:44:10.585+0000] {logging_mixin.py:190} INFO - [2025-11-01T12:44:10.584+0000] {dagbag.py:588} INFO - Filling up the DagBag from /home/airflow/.local/lib/python3.12/site-packages/airflow/example_dags/example_dag_decorator.py
[2025-11-01T12:44:10.603+0000] {processor.py:925} INFO - DAG(s) 'example_dag_decorator' retrieved from /home/airflow/.local/lib/python3.12/site-packages/airflow/example_dags/example_dag_decorator.py
[2025-11-01T12:44:10.764+0000] {logging_mixin.py:190} INFO - [2025-11-01T12:44:10.763+0000] {dag.py:3239} INFO - Sync 1 DAGs
[2025-11-01T12:44:10.779+0000] {logging_mixin.py:190} INFO - [2025-11-01T12:44:10.779+0000] {dag.py:4180} INFO - Setting next_dagrun for example_dag_decorator to None, run_after=None
[2025-11-01T12:44:10.805+0000] {processor.py:208} INFO - Processing /home/airflow/.local/lib/python3.12/site-packages/airflow/example_dags/example_dag_decorator.py took 0.236 seconds
[2025-11-01T12:44:41.192+0000] {processor.py:186} INFO - Started process (PID=254) to work on /home/airflow/.local/lib/python3.12/site-packages/airflow/example_dags/example_dag_decorator.py
[2025-11-01T12:44:41.193+0000] {processor.py:914} INFO - Processing file /home/airflow/.local/lib/python3.12/site-packages/airflow/example_dags/example_dag_decorator.py for tasks to queue
[2025-11-01T12:44:41.197+0000] {logging_mixin.py:190} INFO - [2025-11-01T12:44:41.197+0000] {dagbag.py:588} INFO - Filling up the DagBag from /home/airflow/.local/lib/python3.12/site-packages/airflow/example_dags/example_dag_decorator.py
[2025-11-01T12:44:41.213+0000] {processor.py:925} INFO - DAG(s) 'example_dag_decorator' retrieved from /home/airflow/.local/lib/python3.12/site-packages/airflow/example_dags/example_dag_decorator.py
[2025-11-01T12:44:41.347+0000] {logging_mixin.py:190} INFO - [2025-11-01T12:44:41.346+0000] {dag.py:3239} INFO - Sync 1 DAGs
[2025-11-01T12:44:41.360+0000] {logging_mixin.py:190} INFO - [2025-11-01T12:44:41.359+0000] {dag.py:4180} INFO - Setting next_dagrun for example_dag_decorator to None, run_after=None
[2025-11-01T12:44:41.382+0000] {processor.py:208} INFO - Processing /home/airflow/.local/lib/python3.12/site-packages/airflow/example_dags/example_dag_decorator.py took 0.197 seconds
[2025-11-01T12:45:11.880+0000] {processor.py:186} INFO - Started process (PID=324) to work on /home/airflow/.local/lib/python3.12/site-packages/airflow/example_dags/example_dag_decorator.py
[2025-11-01T12:45:11.881+0000] {processor.py:914} INFO - Processing file /home/airflow/.local/lib/python3.12/site-packages/airflow/example_dags/example_dag_decorator.py for tasks to queue
[2025-11-01T12:45:11.885+0000] {logging_mixin.py:190} INFO - [2025-11-01T12:45:11.885+0000] {dagbag.py:588} INFO - Filling up the DagBag from /home/airflow/.local/lib/python3.12/site-packages/airflow/example_dags/example_dag_decorator.py
[2025-11-01T12:45:11.901+0000] {processor.py:925} INFO - DAG(s) 'example_dag_decorator' retrieved from /home/airflow/.local/lib/python3.12/site-packages/airflow/example_dags/example_dag_decorator.py
[2025-11-01T12:45:12.042+0000] {logging_mixin.py:190} INFO - [2025-11-01T12:45:12.042+0000] {dag.py:3239} INFO - Sync 1 DAGs
[2025-11-01T12:45:12.059+0000] {logging_mixin.py:190} INFO - [2025-11-01T12:45:12.059+0000] {dag.py:4180} INFO - Setting next_dagrun for example_dag_decorator to None, run_after=None
[2025-11-01T12:45:12.083+0000] {processor.py:208} INFO - Processing /home/airflow/.local/lib/python3.12/site-packages/airflow/example_dags/example_dag_decorator.py took 0.211 seconds
[2025-11-01T12:45:42.486+0000] {processor.py:186} INFO - Started process (PID=395) to work on /home/airflow/.local/lib/python3.12/site-packages/airflow/example_dags/example_dag_decorator.py
[2025-11-01T12:45:42.488+0000] {processor.py:914} INFO - Processing file /home/airflow/.local/lib/python3.12/site-packages/airflow/example_dags/example_dag_decorator.py for tasks to queue
[2025-11-01T12:45:42.492+0000] {logging_mixin.py:190} INFO - [2025-11-01T12:45:42.491+0000] {dagbag.py:588} INFO - Filling up the DagBag from /home/airflow/.local/lib/python3.12/site-packages/airflow/example_dags/example_dag_decorator.py
[2025-11-01T12:45:42.522+0000] {processor.py:925} INFO - DAG(s) 'example_dag_decorator' retrieved from /home/airflow/.local/lib/python3.12/site-packages/airflow/example_dags/example_dag_decorator.py
[2025-11-01T12:45:42.731+0000] {logging_mixin.py:190} INFO - [2025-11-01T12:45:42.730+0000] {dag.py:3239} INFO - Sync 1 DAGs
[2025-11-01T12:45:42.752+0000] {logging_mixin.py:190} INFO - [2025-11-01T12:45:42.752+0000] {dag.py:4180} INFO - Setting next_dagrun for example_dag_decorator to None, run_after=None
[2025-11-01T12:45:42.789+0000] {processor.py:208} INFO - Processing /home/airflow/.local/lib/python3.12/site-packages/airflow/example_dags/example_dag_decorator.py took 0.315 seconds
[2025-11-01T12:46:12.874+0000] {processor.py:186} INFO - Started process (PID=466) to work on /home/airflow/.local/lib/python3.12/site-packages/airflow/example_dags/example_dag_decorator.py
[2025-11-01T12:46:12.876+0000] {processor.py:914} INFO - Processing file /home/airflow/.local/lib/python3.12/site-packages/airflow/example_dags/example_dag_decorator.py for tasks to queue
[2025-11-01T12:46:12.879+0000] {logging_mixin.py:190} INFO - [2025-11-01T12:46:12.879+0000] {dagbag.py:588} INFO - Filling up the DagBag from /home/airflow/.local/lib/python3.12/site-packages/airflow/example_dags/example_dag_decorator.py
[2025-11-01T12:46:12.896+0000] {processor.py:925} INFO - DAG(s) 'example_dag_decorator' retrieved from /home/airflow/.local/lib/python3.12/site-packages/airflow/example_dags/example_dag_decorator.py
[2025-11-01T12:46:13.041+0000] {logging_mixin.py:190} INFO - [2025-11-01T12:46:13.040+0000] {dag.py:3239} INFO - Sync 1 DAGs
[2025-11-01T12:46:13.055+0000] {logging_mixin.py:190} INFO - [2025-11-01T12:46:13.054+0000] {dag.py:4180} INFO - Setting next_dagrun for example_dag_decorator to None, run_after=None
[2025-11-01T12:46:13.083+0000] {processor.py:208} INFO - Processing /home/airflow/.local/lib/python3.12/site-packages/airflow/example_dags/example_dag_decorator.py took 0.216 seconds
[2025-11-01T12:46:43.563+0000] {processor.py:186} INFO - Started process (PID=535) to work on /home/airflow/.local/lib/python3.12/site-packages/airflow/example_dags/example_dag_decorator.py
[2025-11-01T12:46:43.565+0000] {processor.py:914} INFO - Processing file /home/airflow/.local/lib/python3.12/site-packages/airflow/example_dags/example_dag_decorator.py for tasks to queue
[2025-11-01T12:46:43.569+0000] {logging_mixin.py:190} INFO - [2025-11-01T12:46:43.568+0000] {dagbag.py:588} INFO - Filling up the DagBag from /home/airflow/.local/lib/python3.12/site-packages/airflow/example_dags/example_dag_decorator.py
[2025-11-01T12:46:43.592+0000] {processor.py:925} INFO - DAG(s) 'example_dag_decorator' retrieved from /home/airflow/.local/lib/python3.12/site-packages/airflow/example_dags/example_dag_decorator.py
[2025-11-01T12:46:43.792+0000] {logging_mixin.py:190} INFO - [2025-11-01T12:46:43.791+0000] {dag.py:3239} INFO - Sync 1 DAGs
[2025-11-01T12:46:43.810+0000] {logging_mixin.py:190} INFO - [2025-11-01T12:46:43.810+0000] {dag.py:4180} INFO - Setting next_dagrun for example_dag_decorator to None, run_after=None
[2025-11-01T12:46:43.842+0000] {processor.py:208} INFO - Processing /home/airflow/.local/lib/python3.12/site-packages/airflow/example_dags/example_dag_decorator.py took 0.290 seconds
[2025-11-01T12:47:14.050+0000] {processor.py:186} INFO - Started process (PID=606) to work on /home/airflow/.local/lib/python3.12/site-packages/airflow/example_dags/example_dag_decorator.py
[2025-11-01T12:47:14.051+0000] {processor.py:914} INFO - Processing file /home/airflow/.local/lib/python3.12/site-packages/airflow/example_dags/example_dag_decorator.py for tasks to queue
[2025-11-01T12:47:14.054+0000] {logging_mixin.py:190} INFO - [2025-11-01T12:47:14.054+0000] {dagbag.py:588} INFO - Filling up the DagBag from /home/airflow/.local/lib/python3.12/site-packages/airflow/example_dags/example_dag_decorator.py
[2025-11-01T12:47:14.070+0000] {processor.py:925} INFO - DAG(s) 'example_dag_decorator' retrieved from /home/airflow/.local/lib/python3.12/site-packages/airflow/example_dags/example_dag_decorator.py
[2025-11-01T12:47:14.218+0000] {logging_mixin.py:190} INFO - [2025-11-01T12:47:14.218+0000] {dag.py:3239} INFO - Sync 1 DAGs
[2025-11-01T12:47:14.231+0000] {logging_mixin.py:190} INFO - [2025-11-01T12:47:14.231+0000] {dag.py:4180} INFO - Setting next_dagrun for example_dag_decorator to None, run_after=None
[2025-11-01T12:47:14.258+0000] {processor.py:208} INFO - Processing /home/airflow/.local/lib/python3.12/site-packages/airflow/example_dags/example_dag_decorator.py took 0.216 seconds
[2025-11-01T12:47:44.473+0000] {processor.py:186} INFO - Started process (PID=677) to work on /home/airflow/.local/lib/python3.12/site-packages/airflow/example_dags/example_dag_decorator.py
[2025-11-01T12:47:44.474+0000] {processor.py:914} INFO - Processing file /home/airflow/.local/lib/python3.12/site-packages/airflow/example_dags/example_dag_decorator.py for tasks to queue
[2025-11-01T12:47:44.479+0000] {logging_mixin.py:190} INFO - [2025-11-01T12:47:44.478+0000] {dagbag.py:588} INFO - Filling up the DagBag from /home/airflow/.local/lib/python3.12/site-packages/airflow/example_dags/example_dag_decorator.py
[2025-11-01T12:47:44.495+0000] {processor.py:925} INFO - DAG(s) 'example_dag_decorator' retrieved from /home/airflow/.local/lib/python3.12/site-packages/airflow/example_dags/example_dag_decorator.py
[2025-11-01T12:47:44.625+0000] {logging_mixin.py:190} INFO - [2025-11-01T12:47:44.624+0000] {dag.py:3239} INFO - Sync 1 DAGs
[2025-11-01T12:47:44.640+0000] {logging_mixin.py:190} INFO - [2025-11-01T12:47:44.639+0000] {dag.py:4180} INFO - Setting next_dagrun for example_dag_decorator to None, run_after=None
[2025-11-01T12:47:44.662+0000] {processor.py:208} INFO - Processing /home/airflow/.local/lib/python3.12/site-packages/airflow/example_dags/example_dag_decorator.py took 0.197 seconds
[2025-11-01T12:48:14.827+0000] {processor.py:186} INFO - Started process (PID=748) to work on /home/airflow/.local/lib/python3.12/site-packages/airflow/example_dags/example_dag_decorator.py
[2025-11-01T12:48:14.829+0000] {processor.py:914} INFO - Processing file /home/airflow/.local/lib/python3.12/site-packages/airflow/example_dags/example_dag_decorator.py for tasks to queue
[2025-11-01T12:48:14.832+0000] {logging_mixin.py:190} INFO - [2025-11-01T12:48:14.832+0000] {dagbag.py:588} INFO - Filling up the DagBag from /home/airflow/.local/lib/python3.12/site-packages/airflow/example_dags/example_dag_decorator.py
[2025-11-01T12:48:14.848+0000] {processor.py:925} INFO - DAG(s) 'example_dag_decorator' retrieved from /home/airflow/.local/lib/python3.12/site-packages/airflow/example_dags/example_dag_decorator.py
[2025-11-01T12:48:14.989+0000] {logging_mixin.py:190} INFO - [2025-11-01T12:48:14.988+0000] {dag.py:3239} INFO - Sync 1 DAGs
[2025-11-01T12:48:15.055+0000] {logging_mixin.py:190} INFO - [2025-11-01T12:48:15.055+0000] {dag.py:4180} INFO - Setting next_dagrun for example_dag_decorator to None, run_after=None
[2025-11-01T12:48:15.078+0000] {processor.py:208} INFO - Processing /home/airflow/.local/lib/python3.12/site-packages/airflow/example_dags/example_dag_decorator.py took 0.258 seconds
[2025-11-01T12:48:45.422+0000] {processor.py:186} INFO - Started process (PID=819) to work on /home/airflow/.local/lib/python3.12/site-packages/airflow/example_dags/example_dag_decorator.py
[2025-11-01T12:48:45.423+0000] {processor.py:914} INFO - Processing file /home/airflow/.local/lib/python3.12/site-packages/airflow/example_dags/example_dag_decorator.py for tasks to queue
[2025-11-01T12:48:45.426+0000] {logging_mixin.py:190} INFO - [2025-11-01T12:48:45.426+0000] {dagbag.py:588} INFO - Filling up the DagBag from /home/airflow/.local/lib/python3.12/site-packages/airflow/example_dags/example_dag_decorator.py
[2025-11-01T12:48:45.443+0000] {processor.py:925} INFO - DAG(s) 'example_dag_decorator' retrieved from /home/airflow/.local/lib/python3.12/site-packages/airflow/example_dags/example_dag_decorator.py
[2025-11-01T12:48:45.592+0000] {logging_mixin.py:190} INFO - [2025-11-01T12:48:45.591+0000] {dag.py:3239} INFO - Sync 1 DAGs
[2025-11-01T12:48:45.605+0000] {logging_mixin.py:190} INFO - [2025-11-01T12:48:45.605+0000] {dag.py:4180} INFO - Setting next_dagrun for example_dag_decorator to None, run_after=None
[2025-11-01T12:48:45.629+0000] {processor.py:208} INFO - Processing /home/airflow/.local/lib/python3.12/site-packages/airflow/example_dags/example_dag_decorator.py took 0.215 seconds
[2025-11-01T12:49:15.861+0000] {processor.py:186} INFO - Started process (PID=890) to work on /home/airflow/.local/lib/python3.12/site-packages/airflow/example_dags/example_dag_decorator.py
[2025-11-01T12:49:15.863+0000] {processor.py:914} INFO - Processing file /home/airflow/.local/lib/python3.12/site-packages/airflow/example_dags/example_dag_decorator.py for tasks to queue
[2025-11-01T12:49:15.866+0000] {logging_mixin.py:190} INFO - [2025-11-01T12:49:15.866+0000] {dagbag.py:588} INFO - Filling up the DagBag from /home/airflow/.local/lib/python3.12/site-packages/airflow/example_dags/example_dag_decorator.py
[2025-11-01T12:49:15.883+0000] {processor.py:925} INFO - DAG(s) 'example_dag_decorator' retrieved from /home/airflow/.local/lib/python3.12/site-packages/airflow/example_dags/example_dag_decorator.py
[2025-11-01T12:49:16.023+0000] {logging_mixin.py:190} INFO - [2025-11-01T12:49:16.022+0000] {dag.py:3239} INFO - Sync 1 DAGs
[2025-11-01T12:49:16.036+0000] {logging_mixin.py:190} INFO - [2025-11-01T12:49:16.036+0000] {dag.py:4180} INFO - Setting next_dagrun for example_dag_decorator to None, run_after=None
[2025-11-01T12:49:16.062+0000] {processor.py:208} INFO - Processing /home/airflow/.local/lib/python3.12/site-packages/airflow/example_dags/example_dag_decorator.py took 0.208 seconds
[2025-11-01T12:49:46.216+0000] {processor.py:186} INFO - Started process (PID=962) to work on /home/airflow/.local/lib/python3.12/site-packages/airflow/example_dags/example_dag_decorator.py
[2025-11-01T12:49:46.218+0000] {processor.py:914} INFO - Processing file /home/airflow/.local/lib/python3.12/site-packages/airflow/example_dags/example_dag_decorator.py for tasks to queue
[2025-11-01T12:49:46.221+0000] {logging_mixin.py:190} INFO - [2025-11-01T12:49:46.221+0000] {dagbag.py:588} INFO - Filling up the DagBag from /home/airflow/.local/lib/python3.12/site-packages/airflow/example_dags/example_dag_decorator.py
[2025-11-01T12:49:46.238+0000] {processor.py:925} INFO - DAG(s) 'example_dag_decorator' retrieved from /home/airflow/.local/lib/python3.12/site-packages/airflow/example_dags/example_dag_decorator.py
[2025-11-01T12:49:46.371+0000] {logging_mixin.py:190} INFO - [2025-11-01T12:49:46.370+0000] {dag.py:3239} INFO - Sync 1 DAGs
[2025-11-01T12:49:46.384+0000] {logging_mixin.py:190} INFO - [2025-11-01T12:49:46.384+0000] {dag.py:4180} INFO - Setting next_dagrun for example_dag_decorator to None, run_after=None
[2025-11-01T12:49:46.410+0000] {processor.py:208} INFO - Processing /home/airflow/.local/lib/python3.12/site-packages/airflow/example_dags/example_dag_decorator.py took 0.201 seconds
[2025-11-01T12:50:17.395+0000] {processor.py:186} INFO - Started process (PID=1037) to work on /home/airflow/.local/lib/python3.12/site-packages/airflow/example_dags/example_dag_decorator.py
[2025-11-01T12:50:17.397+0000] {processor.py:914} INFO - Processing file /home/airflow/.local/lib/python3.12/site-packages/airflow/example_dags/example_dag_decorator.py for tasks to queue
[2025-11-01T12:50:17.400+0000] {logging_mixin.py:190} INFO - [2025-11-01T12:50:17.400+0000] {dagbag.py:588} INFO - Filling up the DagBag from /home/airflow/.local/lib/python3.12/site-packages/airflow/example_dags/example_dag_decorator.py
[2025-11-01T12:50:17.421+0000] {processor.py:925} INFO - DAG(s) 'example_dag_decorator' retrieved from /home/airflow/.local/lib/python3.12/site-packages/airflow/example_dags/example_dag_decorator.py
[2025-11-01T12:50:17.600+0000] {logging_mixin.py:190} INFO - [2025-11-01T12:50:17.599+0000] {dag.py:3239} INFO - Sync 1 DAGs
[2025-11-01T12:50:17.613+0000] {logging_mixin.py:190} INFO - [2025-11-01T12:50:17.613+0000] {dag.py:4180} INFO - Setting next_dagrun for example_dag_decorator to None, run_after=None
[2025-11-01T12:50:17.637+0000] {processor.py:208} INFO - Processing /home/airflow/.local/lib/python3.12/site-packages/airflow/example_dags/example_dag_decorator.py took 0.250 seconds
[2025-11-01T12:50:47.984+0000] {processor.py:186} INFO - Started process (PID=1108) to work on /home/airflow/.local/lib/python3.12/site-packages/airflow/example_dags/example_dag_decorator.py
[2025-11-01T12:50:47.986+0000] {processor.py:914} INFO - Processing file /home/airflow/.local/lib/python3.12/site-packages/airflow/example_dags/example_dag_decorator.py for tasks to queue
[2025-11-01T12:50:47.990+0000] {logging_mixin.py:190} INFO - [2025-11-01T12:50:47.990+0000] {dagbag.py:588} INFO - Filling up the DagBag from /home/airflow/.local/lib/python3.12/site-packages/airflow/example_dags/example_dag_decorator.py
[2025-11-01T12:50:48.007+0000] {processor.py:925} INFO - DAG(s) 'example_dag_decorator' retrieved from /home/airflow/.local/lib/python3.12/site-packages/airflow/example_dags/example_dag_decorator.py
[2025-11-01T12:50:48.171+0000] {logging_mixin.py:190} INFO - [2025-11-01T12:50:48.170+0000] {dag.py:3239} INFO - Sync 1 DAGs
[2025-11-01T12:50:48.185+0000] {logging_mixin.py:190} INFO - [2025-11-01T12:50:48.184+0000] {dag.py:4180} INFO - Setting next_dagrun for example_dag_decorator to None, run_after=None
[2025-11-01T12:50:48.218+0000] {processor.py:208} INFO - Processing /home/airflow/.local/lib/python3.12/site-packages/airflow/example_dags/example_dag_decorator.py took 0.243 seconds
[2025-11-01T12:51:18.446+0000] {processor.py:186} INFO - Started process (PID=1179) to work on /home/airflow/.local/lib/python3.12/site-packages/airflow/example_dags/example_dag_decorator.py
[2025-11-01T12:51:18.448+0000] {processor.py:914} INFO - Processing file /home/airflow/.local/lib/python3.12/site-packages/airflow/example_dags/example_dag_decorator.py for tasks to queue
[2025-11-01T12:51:18.451+0000] {logging_mixin.py:190} INFO - [2025-11-01T12:51:18.451+0000] {dagbag.py:588} INFO - Filling up the DagBag from /home/airflow/.local/lib/python3.12/site-packages/airflow/example_dags/example_dag_decorator.py
[2025-11-01T12:51:18.468+0000] {processor.py:925} INFO - DAG(s) 'example_dag_decorator' retrieved from /home/airflow/.local/lib/python3.12/site-packages/airflow/example_dags/example_dag_decorator.py
[2025-11-01T12:51:18.611+0000] {logging_mixin.py:190} INFO - [2025-11-01T12:51:18.610+0000] {dag.py:3239} INFO - Sync 1 DAGs
[2025-11-01T12:51:18.625+0000] {logging_mixin.py:190} INFO - [2025-11-01T12:51:18.625+0000] {dag.py:4180} INFO - Setting next_dagrun for example_dag_decorator to None, run_after=None
[2025-11-01T12:51:18.645+0000] {processor.py:208} INFO - Processing /home/airflow/.local/lib/python3.12/site-packages/airflow/example_dags/example_dag_decorator.py took 0.206 seconds
[2025-11-01T12:51:49.491+0000] {processor.py:186} INFO - Started process (PID=1250) to work on /home/airflow/.local/lib/python3.12/site-packages/airflow/example_dags/example_dag_decorator.py
[2025-11-01T12:51:49.492+0000] {processor.py:914} INFO - Processing file /home/airflow/.local/lib/python3.12/site-packages/airflow/example_dags/example_dag_decorator.py for tasks to queue
[2025-11-01T12:51:49.497+0000] {logging_mixin.py:190} INFO - [2025-11-01T12:51:49.496+0000] {dagbag.py:588} INFO - Filling up the DagBag from /home/airflow/.local/lib/python3.12/site-packages/airflow/example_dags/example_dag_decorator.py
[2025-11-01T12:51:49.513+0000] {processor.py:925} INFO - DAG(s) 'example_dag_decorator' retrieved from /home/airflow/.local/lib/python3.12/site-packages/airflow/example_dags/example_dag_decorator.py
[2025-11-01T12:51:49.640+0000] {logging_mixin.py:190} INFO - [2025-11-01T12:51:49.639+0000] {dag.py:3239} INFO - Sync 1 DAGs
[2025-11-01T12:51:49.653+0000] {logging_mixin.py:190} INFO - [2025-11-01T12:51:49.653+0000] {dag.py:4180} INFO - Setting next_dagrun for example_dag_decorator to None, run_after=None
[2025-11-01T12:51:49.675+0000] {processor.py:208} INFO - Processing /home/airflow/.local/lib/python3.12/site-packages/airflow/example_dags/example_dag_decorator.py took 0.194 seconds
[2025-11-01T12:52:19.986+0000] {processor.py:186} INFO - Started process (PID=1321) to work on /home/airflow/.local/lib/python3.12/site-packages/airflow/example_dags/example_dag_decorator.py
[2025-11-01T12:52:19.988+0000] {processor.py:914} INFO - Processing file /home/airflow/.local/lib/python3.12/site-packages/airflow/example_dags/example_dag_decorator.py for tasks to queue
[2025-11-01T12:52:19.994+0000] {logging_mixin.py:190} INFO - [2025-11-01T12:52:19.993+0000] {dagbag.py:588} INFO - Filling up the DagBag from /home/airflow/.local/lib/python3.12/site-packages/airflow/example_dags/example_dag_decorator.py
[2025-11-01T12:52:20.019+0000] {processor.py:925} INFO - DAG(s) 'example_dag_decorator' retrieved from /home/airflow/.local/lib/python3.12/site-packages/airflow/example_dags/example_dag_decorator.py
[2025-11-01T12:52:20.209+0000] {logging_mixin.py:190} INFO - [2025-11-01T12:52:20.208+0000] {dag.py:3239} INFO - Sync 1 DAGs
[2025-11-01T12:52:20.225+0000] {logging_mixin.py:190} INFO - [2025-11-01T12:52:20.225+0000] {dag.py:4180} INFO - Setting next_dagrun for example_dag_decorator to None, run_after=None
[2025-11-01T12:52:20.256+0000] {processor.py:208} INFO - Processing /home/airflow/.local/lib/python3.12/site-packages/airflow/example_dags/example_dag_decorator.py took 0.281 seconds
[2025-11-01T12:52:50.393+0000] {processor.py:186} INFO - Started process (PID=1392) to work on /home/airflow/.local/lib/python3.12/site-packages/airflow/example_dags/example_dag_decorator.py
[2025-11-01T12:52:50.394+0000] {processor.py:914} INFO - Processing file /home/airflow/.local/lib/python3.12/site-packages/airflow/example_dags/example_dag_decorator.py for tasks to queue
[2025-11-01T12:52:50.398+0000] {logging_mixin.py:190} INFO - [2025-11-01T12:52:50.397+0000] {dagbag.py:588} INFO - Filling up the DagBag from /home/airflow/.local/lib/python3.12/site-packages/airflow/example_dags/example_dag_decorator.py
[2025-11-01T12:52:50.414+0000] {processor.py:925} INFO - DAG(s) 'example_dag_decorator' retrieved from /home/airflow/.local/lib/python3.12/site-packages/airflow/example_dags/example_dag_decorator.py
[2025-11-01T12:52:50.560+0000] {logging_mixin.py:190} INFO - [2025-11-01T12:52:50.560+0000] {dag.py:3239} INFO - Sync 1 DAGs
[2025-11-01T12:52:50.574+0000] {logging_mixin.py:190} INFO - [2025-11-01T12:52:50.573+0000] {dag.py:4180} INFO - Setting next_dagrun for example_dag_decorator to None, run_after=None
[2025-11-01T12:52:50.598+0000] {processor.py:208} INFO - Processing /home/airflow/.local/lib/python3.12/site-packages/airflow/example_dags/example_dag_decorator.py took 0.212 seconds
[2025-11-01T12:53:20.771+0000] {processor.py:186} INFO - Started process (PID=1463) to work on /home/airflow/.local/lib/python3.12/site-packages/airflow/example_dags/example_dag_decorator.py
[2025-11-01T12:53:20.772+0000] {processor.py:914} INFO - Processing file /home/airflow/.local/lib/python3.12/site-packages/airflow/example_dags/example_dag_decorator.py for tasks to queue
[2025-11-01T12:53:20.776+0000] {logging_mixin.py:190} INFO - [2025-11-01T12:53:20.775+0000] {dagbag.py:588} INFO - Filling up the DagBag from /home/airflow/.local/lib/python3.12/site-packages/airflow/example_dags/example_dag_decorator.py
[2025-11-01T12:53:20.791+0000] {processor.py:925} INFO - DAG(s) 'example_dag_decorator' retrieved from /home/airflow/.local/lib/python3.12/site-packages/airflow/example_dags/example_dag_decorator.py
[2025-11-01T12:53:20.925+0000] {logging_mixin.py:190} INFO - [2025-11-01T12:53:20.924+0000] {dag.py:3239} INFO - Sync 1 DAGs
[2025-11-01T12:53:20.940+0000] {logging_mixin.py:190} INFO - [2025-11-01T12:53:20.940+0000] {dag.py:4180} INFO - Setting next_dagrun for example_dag_decorator to None, run_after=None
[2025-11-01T12:53:20.969+0000] {processor.py:208} INFO - Processing /home/airflow/.local/lib/python3.12/site-packages/airflow/example_dags/example_dag_decorator.py took 0.205 seconds
[2025-11-01T12:53:51.371+0000] {processor.py:186} INFO - Started process (PID=1534) to work on /home/airflow/.local/lib/python3.12/site-packages/airflow/example_dags/example_dag_decorator.py
[2025-11-01T12:53:51.373+0000] {processor.py:914} INFO - Processing file /home/airflow/.local/lib/python3.12/site-packages/airflow/example_dags/example_dag_decorator.py for tasks to queue
[2025-11-01T12:53:51.377+0000] {logging_mixin.py:190} INFO - [2025-11-01T12:53:51.376+0000] {dagbag.py:588} INFO - Filling up the DagBag from /home/airflow/.local/lib/python3.12/site-packages/airflow/example_dags/example_dag_decorator.py
[2025-11-01T12:53:51.395+0000] {processor.py:925} INFO - DAG(s) 'example_dag_decorator' retrieved from /home/airflow/.local/lib/python3.12/site-packages/airflow/example_dags/example_dag_decorator.py
[2025-11-01T12:53:51.536+0000] {logging_mixin.py:190} INFO - [2025-11-01T12:53:51.535+0000] {dag.py:3239} INFO - Sync 1 DAGs
[2025-11-01T12:53:51.550+0000] {logging_mixin.py:190} INFO - [2025-11-01T12:53:51.550+0000] {dag.py:4180} INFO - Setting next_dagrun for example_dag_decorator to None, run_after=None
[2025-11-01T12:53:51.576+0000] {processor.py:208} INFO - Processing /home/airflow/.local/lib/python3.12/site-packages/airflow/example_dags/example_dag_decorator.py took 0.213 seconds
[2025-11-01T12:54:22.025+0000] {processor.py:186} INFO - Started process (PID=1606) to work on /home/airflow/.local/lib/python3.12/site-packages/airflow/example_dags/example_dag_decorator.py
[2025-11-01T12:54:22.026+0000] {processor.py:914} INFO - Processing file /home/airflow/.local/lib/python3.12/site-packages/airflow/example_dags/example_dag_decorator.py for tasks to queue
[2025-11-01T12:54:22.030+0000] {logging_mixin.py:190} INFO - [2025-11-01T12:54:22.029+0000] {dagbag.py:588} INFO - Filling up the DagBag from /home/airflow/.local/lib/python3.12/site-packages/airflow/example_dags/example_dag_decorator.py
[2025-11-01T12:54:22.046+0000] {processor.py:925} INFO - DAG(s) 'example_dag_decorator' retrieved from /home/airflow/.local/lib/python3.12/site-packages/airflow/example_dags/example_dag_decorator.py
[2025-11-01T12:54:22.181+0000] {logging_mixin.py:190} INFO - [2025-11-01T12:54:22.180+0000] {dag.py:3239} INFO - Sync 1 DAGs
[2025-11-01T12:54:22.197+0000] {logging_mixin.py:190} INFO - [2025-11-01T12:54:22.197+0000] {dag.py:4180} INFO - Setting next_dagrun for example_dag_decorator to None, run_after=None
[2025-11-01T12:54:22.225+0000] {processor.py:208} INFO - Processing /home/airflow/.local/lib/python3.12/site-packages/airflow/example_dags/example_dag_decorator.py took 0.207 seconds
[2025-11-01T12:54:52.525+0000] {processor.py:186} INFO - Started process (PID=1677) to work on /home/airflow/.local/lib/python3.12/site-packages/airflow/example_dags/example_dag_decorator.py
[2025-11-01T12:54:52.526+0000] {processor.py:914} INFO - Processing file /home/airflow/.local/lib/python3.12/site-packages/airflow/example_dags/example_dag_decorator.py for tasks to queue
[2025-11-01T12:54:52.530+0000] {logging_mixin.py:190} INFO - [2025-11-01T12:54:52.529+0000] {dagbag.py:588} INFO - Filling up the DagBag from /home/airflow/.local/lib/python3.12/site-packages/airflow/example_dags/example_dag_decorator.py
[2025-11-01T12:54:52.545+0000] {processor.py:925} INFO - DAG(s) 'example_dag_decorator' retrieved from /home/airflow/.local/lib/python3.12/site-packages/airflow/example_dags/example_dag_decorator.py
[2025-11-01T12:54:52.671+0000] {logging_mixin.py:190} INFO - [2025-11-01T12:54:52.670+0000] {dag.py:3239} INFO - Sync 1 DAGs
[2025-11-01T12:54:52.686+0000] {logging_mixin.py:190} INFO - [2025-11-01T12:54:52.686+0000] {dag.py:4180} INFO - Setting next_dagrun for example_dag_decorator to None, run_after=None
[2025-11-01T12:54:52.709+0000] {processor.py:208} INFO - Processing /home/airflow/.local/lib/python3.12/site-packages/airflow/example_dags/example_dag_decorator.py took 0.191 seconds
[2025-11-01T12:55:22.811+0000] {processor.py:186} INFO - Started process (PID=1748) to work on /home/airflow/.local/lib/python3.12/site-packages/airflow/example_dags/example_dag_decorator.py
[2025-11-01T12:55:22.812+0000] {processor.py:914} INFO - Processing file /home/airflow/.local/lib/python3.12/site-packages/airflow/example_dags/example_dag_decorator.py for tasks to queue
[2025-11-01T12:55:22.816+0000] {logging_mixin.py:190} INFO - [2025-11-01T12:55:22.816+0000] {dagbag.py:588} INFO - Filling up the DagBag from /home/airflow/.local/lib/python3.12/site-packages/airflow/example_dags/example_dag_decorator.py
[2025-11-01T12:55:22.834+0000] {processor.py:925} INFO - DAG(s) 'example_dag_decorator' retrieved from /home/airflow/.local/lib/python3.12/site-packages/airflow/example_dags/example_dag_decorator.py
[2025-11-01T12:55:22.961+0000] {logging_mixin.py:190} INFO - [2025-11-01T12:55:22.960+0000] {dag.py:3239} INFO - Sync 1 DAGs
[2025-11-01T12:55:22.974+0000] {logging_mixin.py:190} INFO - [2025-11-01T12:55:22.974+0000] {dag.py:4180} INFO - Setting next_dagrun for example_dag_decorator to None, run_after=None
[2025-11-01T12:55:23.002+0000] {processor.py:208} INFO - Processing /home/airflow/.local/lib/python3.12/site-packages/airflow/example_dags/example_dag_decorator.py took 0.198 seconds
[2025-11-01T12:55:54.032+0000] {processor.py:186} INFO - Started process (PID=1819) to work on /home/airflow/.local/lib/python3.12/site-packages/airflow/example_dags/example_dag_decorator.py
[2025-11-01T12:55:54.033+0000] {processor.py:914} INFO - Processing file /home/airflow/.local/lib/python3.12/site-packages/airflow/example_dags/example_dag_decorator.py for tasks to queue
[2025-11-01T12:55:54.037+0000] {logging_mixin.py:190} INFO - [2025-11-01T12:55:54.036+0000] {dagbag.py:588} INFO - Filling up the DagBag from /home/airflow/.local/lib/python3.12/site-packages/airflow/example_dags/example_dag_decorator.py
[2025-11-01T12:55:54.052+0000] {processor.py:925} INFO - DAG(s) 'example_dag_decorator' retrieved from /home/airflow/.local/lib/python3.12/site-packages/airflow/example_dags/example_dag_decorator.py
[2025-11-01T12:55:54.175+0000] {logging_mixin.py:190} INFO - [2025-11-01T12:55:54.174+0000] {dag.py:3239} INFO - Sync 1 DAGs
[2025-11-01T12:55:54.187+0000] {logging_mixin.py:190} INFO - [2025-11-01T12:55:54.187+0000] {dag.py:4180} INFO - Setting next_dagrun for example_dag_decorator to None, run_after=None
[2025-11-01T12:55:54.209+0000] {processor.py:208} INFO - Processing /home/airflow/.local/lib/python3.12/site-packages/airflow/example_dags/example_dag_decorator.py took 0.183 seconds
[2025-11-01T12:56:24.425+0000] {processor.py:186} INFO - Started process (PID=1890) to work on /home/airflow/.local/lib/python3.12/site-packages/airflow/example_dags/example_dag_decorator.py
[2025-11-01T12:56:24.426+0000] {processor.py:914} INFO - Processing file /home/airflow/.local/lib/python3.12/site-packages/airflow/example_dags/example_dag_decorator.py for tasks to queue
[2025-11-01T12:56:24.431+0000] {logging_mixin.py:190} INFO - [2025-11-01T12:56:24.430+0000] {dagbag.py:588} INFO - Filling up the DagBag from /home/airflow/.local/lib/python3.12/site-packages/airflow/example_dags/example_dag_decorator.py
[2025-11-01T12:56:24.447+0000] {processor.py:925} INFO - DAG(s) 'example_dag_decorator' retrieved from /home/airflow/.local/lib/python3.12/site-packages/airflow/example_dags/example_dag_decorator.py
[2025-11-01T12:56:24.568+0000] {logging_mixin.py:190} INFO - [2025-11-01T12:56:24.568+0000] {dag.py:3239} INFO - Sync 1 DAGs
[2025-11-01T12:56:24.581+0000] {logging_mixin.py:190} INFO - [2025-11-01T12:56:24.581+0000] {dag.py:4180} INFO - Setting next_dagrun for example_dag_decorator to None, run_after=None
[2025-11-01T12:56:24.604+0000] {processor.py:208} INFO - Processing /home/airflow/.local/lib/python3.12/site-packages/airflow/example_dags/example_dag_decorator.py took 0.187 seconds
[2025-11-01T12:56:54.883+0000] {processor.py:186} INFO - Started process (PID=1961) to work on /home/airflow/.local/lib/python3.12/site-packages/airflow/example_dags/example_dag_decorator.py
[2025-11-01T12:56:54.885+0000] {processor.py:914} INFO - Processing file /home/airflow/.local/lib/python3.12/site-packages/airflow/example_dags/example_dag_decorator.py for tasks to queue
[2025-11-01T12:56:54.889+0000] {logging_mixin.py:190} INFO - [2025-11-01T12:56:54.888+0000] {dagbag.py:588} INFO - Filling up the DagBag from /home/airflow/.local/lib/python3.12/site-packages/airflow/example_dags/example_dag_decorator.py
[2025-11-01T12:56:54.908+0000] {processor.py:925} INFO - DAG(s) 'example_dag_decorator' retrieved from /home/airflow/.local/lib/python3.12/site-packages/airflow/example_dags/example_dag_decorator.py
[2025-11-01T12:56:55.049+0000] {logging_mixin.py:190} INFO - [2025-11-01T12:56:55.048+0000] {dag.py:3239} INFO - Sync 1 DAGs
[2025-11-01T12:56:55.062+0000] {logging_mixin.py:190} INFO - [2025-11-01T12:56:55.062+0000] {dag.py:4180} INFO - Setting next_dagrun for example_dag_decorator to None, run_after=None
[2025-11-01T12:56:55.086+0000] {processor.py:208} INFO - Processing /home/airflow/.local/lib/python3.12/site-packages/airflow/example_dags/example_dag_decorator.py took 0.210 seconds
