[2025-11-01T12:43:41.993+0000] {processor.py:186} INFO - Started process (PID=123) to work on /home/airflow/.local/lib/python3.12/site-packages/airflow/example_dags/example_sensors.py
[2025-11-01T12:43:41.994+0000] {processor.py:914} INFO - Processing file /home/airflow/.local/lib/python3.12/site-packages/airflow/example_dags/example_sensors.py for tasks to queue
[2025-11-01T12:43:41.998+0000] {logging_mixin.py:190} INFO - [2025-11-01T12:43:41.997+0000] {dagbag.py:588} INFO - Filling up the DagBag from /home/airflow/.local/lib/python3.12/site-packages/airflow/example_dags/example_sensors.py
[2025-11-01T12:43:42.017+0000] {processor.py:925} INFO - DAG(s) 'example_sensors' retrieved from /home/airflow/.local/lib/python3.12/site-packages/airflow/example_dags/example_sensors.py
[2025-11-01T12:43:42.148+0000] {logging_mixin.py:190} INFO - [2025-11-01T12:43:42.148+0000] {override.py:1911} INFO - Created Permission View: can delete on DAG:example_sensors
[2025-11-01T12:43:42.160+0000] {logging_mixin.py:190} INFO - [2025-11-01T12:43:42.160+0000] {override.py:1911} INFO - Created Permission View: can edit on DAG:example_sensors
[2025-11-01T12:43:42.168+0000] {logging_mixin.py:190} INFO - [2025-11-01T12:43:42.168+0000] {override.py:1911} INFO - Created Permission View: can read on DAG:example_sensors
[2025-11-01T12:43:42.177+0000] {logging_mixin.py:190} INFO - [2025-11-01T12:43:42.177+0000] {override.py:1911} INFO - Created Permission View: menu access on DAG Run:example_sensors
[2025-11-01T12:43:42.184+0000] {logging_mixin.py:190} INFO - [2025-11-01T12:43:42.184+0000] {override.py:1911} INFO - Created Permission View: can delete on DAG Run:example_sensors
[2025-11-01T12:43:42.193+0000] {logging_mixin.py:190} INFO - [2025-11-01T12:43:42.193+0000] {override.py:1911} INFO - Created Permission View: can create on DAG Run:example_sensors
[2025-11-01T12:43:42.201+0000] {logging_mixin.py:190} INFO - [2025-11-01T12:43:42.200+0000] {override.py:1911} INFO - Created Permission View: can read on DAG Run:example_sensors
[2025-11-01T12:43:42.202+0000] {logging_mixin.py:190} INFO - [2025-11-01T12:43:42.202+0000] {dag.py:3239} INFO - Sync 1 DAGs
[2025-11-01T12:43:42.215+0000] {logging_mixin.py:190} INFO - [2025-11-01T12:43:42.215+0000] {dag.py:3262} INFO - Creating ORM DAG for example_sensors
[2025-11-01T12:43:42.216+0000] {logging_mixin.py:190} INFO - [2025-11-01T12:43:42.216+0000] {dag.py:4180} INFO - Setting next_dagrun for example_sensors to None, run_after=None
[2025-11-01T12:43:42.234+0000] {processor.py:208} INFO - Processing /home/airflow/.local/lib/python3.12/site-packages/airflow/example_dags/example_sensors.py took 0.249 seconds
[2025-11-01T12:44:12.627+0000] {processor.py:186} INFO - Started process (PID=193) to work on /home/airflow/.local/lib/python3.12/site-packages/airflow/example_dags/example_sensors.py
[2025-11-01T12:44:12.629+0000] {processor.py:914} INFO - Processing file /home/airflow/.local/lib/python3.12/site-packages/airflow/example_dags/example_sensors.py for tasks to queue
[2025-11-01T12:44:12.633+0000] {logging_mixin.py:190} INFO - [2025-11-01T12:44:12.632+0000] {dagbag.py:588} INFO - Filling up the DagBag from /home/airflow/.local/lib/python3.12/site-packages/airflow/example_dags/example_sensors.py
[2025-11-01T12:44:12.649+0000] {processor.py:925} INFO - DAG(s) 'example_sensors' retrieved from /home/airflow/.local/lib/python3.12/site-packages/airflow/example_dags/example_sensors.py
[2025-11-01T12:44:12.683+0000] {logging_mixin.py:190} INFO - [2025-11-01T12:44:12.682+0000] {dag.py:3239} INFO - Sync 1 DAGs
[2025-11-01T12:44:12.701+0000] {logging_mixin.py:190} INFO - [2025-11-01T12:44:12.701+0000] {dag.py:4180} INFO - Setting next_dagrun for example_sensors to None, run_after=None
[2025-11-01T12:44:12.727+0000] {processor.py:208} INFO - Processing /home/airflow/.local/lib/python3.12/site-packages/airflow/example_dags/example_sensors.py took 0.109 seconds
[2025-11-01T12:44:43.115+0000] {processor.py:186} INFO - Started process (PID=263) to work on /home/airflow/.local/lib/python3.12/site-packages/airflow/example_dags/example_sensors.py
[2025-11-01T12:44:43.117+0000] {processor.py:914} INFO - Processing file /home/airflow/.local/lib/python3.12/site-packages/airflow/example_dags/example_sensors.py for tasks to queue
[2025-11-01T12:44:43.121+0000] {logging_mixin.py:190} INFO - [2025-11-01T12:44:43.121+0000] {dagbag.py:588} INFO - Filling up the DagBag from /home/airflow/.local/lib/python3.12/site-packages/airflow/example_dags/example_sensors.py
[2025-11-01T12:44:43.135+0000] {processor.py:925} INFO - DAG(s) 'example_sensors' retrieved from /home/airflow/.local/lib/python3.12/site-packages/airflow/example_dags/example_sensors.py
[2025-11-01T12:44:43.163+0000] {logging_mixin.py:190} INFO - [2025-11-01T12:44:43.163+0000] {dag.py:3239} INFO - Sync 1 DAGs
[2025-11-01T12:44:43.180+0000] {logging_mixin.py:190} INFO - [2025-11-01T12:44:43.180+0000] {dag.py:4180} INFO - Setting next_dagrun for example_sensors to None, run_after=None
[2025-11-01T12:44:43.200+0000] {processor.py:208} INFO - Processing /home/airflow/.local/lib/python3.12/site-packages/airflow/example_dags/example_sensors.py took 0.092 seconds
[2025-11-01T12:45:14.224+0000] {processor.py:186} INFO - Started process (PID=333) to work on /home/airflow/.local/lib/python3.12/site-packages/airflow/example_dags/example_sensors.py
[2025-11-01T12:45:14.225+0000] {processor.py:914} INFO - Processing file /home/airflow/.local/lib/python3.12/site-packages/airflow/example_dags/example_sensors.py for tasks to queue
[2025-11-01T12:45:14.229+0000] {logging_mixin.py:190} INFO - [2025-11-01T12:45:14.229+0000] {dagbag.py:588} INFO - Filling up the DagBag from /home/airflow/.local/lib/python3.12/site-packages/airflow/example_dags/example_sensors.py
[2025-11-01T12:45:14.246+0000] {processor.py:925} INFO - DAG(s) 'example_sensors' retrieved from /home/airflow/.local/lib/python3.12/site-packages/airflow/example_dags/example_sensors.py
[2025-11-01T12:45:14.280+0000] {logging_mixin.py:190} INFO - [2025-11-01T12:45:14.280+0000] {dag.py:3239} INFO - Sync 1 DAGs
[2025-11-01T12:45:14.299+0000] {logging_mixin.py:190} INFO - [2025-11-01T12:45:14.299+0000] {dag.py:4180} INFO - Setting next_dagrun for example_sensors to None, run_after=None
[2025-11-01T12:45:14.326+0000] {processor.py:208} INFO - Processing /home/airflow/.local/lib/python3.12/site-packages/airflow/example_dags/example_sensors.py took 0.110 seconds
[2025-11-01T12:45:44.722+0000] {processor.py:186} INFO - Started process (PID=404) to work on /home/airflow/.local/lib/python3.12/site-packages/airflow/example_dags/example_sensors.py
[2025-11-01T12:45:44.723+0000] {processor.py:914} INFO - Processing file /home/airflow/.local/lib/python3.12/site-packages/airflow/example_dags/example_sensors.py for tasks to queue
[2025-11-01T12:45:44.727+0000] {logging_mixin.py:190} INFO - [2025-11-01T12:45:44.726+0000] {dagbag.py:588} INFO - Filling up the DagBag from /home/airflow/.local/lib/python3.12/site-packages/airflow/example_dags/example_sensors.py
[2025-11-01T12:45:44.743+0000] {processor.py:925} INFO - DAG(s) 'example_sensors' retrieved from /home/airflow/.local/lib/python3.12/site-packages/airflow/example_dags/example_sensors.py
[2025-11-01T12:45:44.775+0000] {logging_mixin.py:190} INFO - [2025-11-01T12:45:44.775+0000] {dag.py:3239} INFO - Sync 1 DAGs
[2025-11-01T12:45:44.795+0000] {logging_mixin.py:190} INFO - [2025-11-01T12:45:44.795+0000] {dag.py:4180} INFO - Setting next_dagrun for example_sensors to None, run_after=None
[2025-11-01T12:45:44.819+0000] {processor.py:208} INFO - Processing /home/airflow/.local/lib/python3.12/site-packages/airflow/example_dags/example_sensors.py took 0.105 seconds
[2025-11-01T12:46:15.833+0000] {processor.py:186} INFO - Started process (PID=474) to work on /home/airflow/.local/lib/python3.12/site-packages/airflow/example_dags/example_sensors.py
[2025-11-01T12:46:15.835+0000] {processor.py:914} INFO - Processing file /home/airflow/.local/lib/python3.12/site-packages/airflow/example_dags/example_sensors.py for tasks to queue
[2025-11-01T12:46:15.840+0000] {logging_mixin.py:190} INFO - [2025-11-01T12:46:15.840+0000] {dagbag.py:588} INFO - Filling up the DagBag from /home/airflow/.local/lib/python3.12/site-packages/airflow/example_dags/example_sensors.py
[2025-11-01T12:46:15.855+0000] {processor.py:925} INFO - DAG(s) 'example_sensors' retrieved from /home/airflow/.local/lib/python3.12/site-packages/airflow/example_dags/example_sensors.py
[2025-11-01T12:46:15.886+0000] {logging_mixin.py:190} INFO - [2025-11-01T12:46:15.886+0000] {dag.py:3239} INFO - Sync 1 DAGs
[2025-11-01T12:46:15.901+0000] {logging_mixin.py:190} INFO - [2025-11-01T12:46:15.901+0000] {dag.py:4180} INFO - Setting next_dagrun for example_sensors to None, run_after=None
[2025-11-01T12:46:15.924+0000] {processor.py:208} INFO - Processing /home/airflow/.local/lib/python3.12/site-packages/airflow/example_dags/example_sensors.py took 0.099 seconds
[2025-11-01T12:46:46.824+0000] {processor.py:186} INFO - Started process (PID=544) to work on /home/airflow/.local/lib/python3.12/site-packages/airflow/example_dags/example_sensors.py
[2025-11-01T12:46:46.827+0000] {processor.py:914} INFO - Processing file /home/airflow/.local/lib/python3.12/site-packages/airflow/example_dags/example_sensors.py for tasks to queue
[2025-11-01T12:46:46.832+0000] {logging_mixin.py:190} INFO - [2025-11-01T12:46:46.832+0000] {dagbag.py:588} INFO - Filling up the DagBag from /home/airflow/.local/lib/python3.12/site-packages/airflow/example_dags/example_sensors.py
[2025-11-01T12:46:46.856+0000] {processor.py:925} INFO - DAG(s) 'example_sensors' retrieved from /home/airflow/.local/lib/python3.12/site-packages/airflow/example_dags/example_sensors.py
[2025-11-01T12:46:46.907+0000] {logging_mixin.py:190} INFO - [2025-11-01T12:46:46.907+0000] {dag.py:3239} INFO - Sync 1 DAGs
[2025-11-01T12:46:46.933+0000] {logging_mixin.py:190} INFO - [2025-11-01T12:46:46.932+0000] {dag.py:4180} INFO - Setting next_dagrun for example_sensors to None, run_after=None
[2025-11-01T12:46:46.969+0000] {processor.py:208} INFO - Processing /home/airflow/.local/lib/python3.12/site-packages/airflow/example_dags/example_sensors.py took 0.158 seconds
[2025-11-01T12:47:18.132+0000] {processor.py:186} INFO - Started process (PID=614) to work on /home/airflow/.local/lib/python3.12/site-packages/airflow/example_dags/example_sensors.py
[2025-11-01T12:47:18.134+0000] {processor.py:914} INFO - Processing file /home/airflow/.local/lib/python3.12/site-packages/airflow/example_dags/example_sensors.py for tasks to queue
[2025-11-01T12:47:18.138+0000] {logging_mixin.py:190} INFO - [2025-11-01T12:47:18.138+0000] {dagbag.py:588} INFO - Filling up the DagBag from /home/airflow/.local/lib/python3.12/site-packages/airflow/example_dags/example_sensors.py
[2025-11-01T12:47:18.159+0000] {processor.py:925} INFO - DAG(s) 'example_sensors' retrieved from /home/airflow/.local/lib/python3.12/site-packages/airflow/example_dags/example_sensors.py
[2025-11-01T12:47:18.200+0000] {logging_mixin.py:190} INFO - [2025-11-01T12:47:18.199+0000] {dag.py:3239} INFO - Sync 1 DAGs
[2025-11-01T12:47:18.222+0000] {logging_mixin.py:190} INFO - [2025-11-01T12:47:18.221+0000] {dag.py:4180} INFO - Setting next_dagrun for example_sensors to None, run_after=None
[2025-11-01T12:47:18.250+0000] {processor.py:208} INFO - Processing /home/airflow/.local/lib/python3.12/site-packages/airflow/example_dags/example_sensors.py took 0.130 seconds
[2025-11-01T12:47:48.891+0000] {processor.py:186} INFO - Started process (PID=684) to work on /home/airflow/.local/lib/python3.12/site-packages/airflow/example_dags/example_sensors.py
[2025-11-01T12:47:48.893+0000] {processor.py:914} INFO - Processing file /home/airflow/.local/lib/python3.12/site-packages/airflow/example_dags/example_sensors.py for tasks to queue
[2025-11-01T12:47:48.896+0000] {logging_mixin.py:190} INFO - [2025-11-01T12:47:48.896+0000] {dagbag.py:588} INFO - Filling up the DagBag from /home/airflow/.local/lib/python3.12/site-packages/airflow/example_dags/example_sensors.py
[2025-11-01T12:47:48.918+0000] {processor.py:925} INFO - DAG(s) 'example_sensors' retrieved from /home/airflow/.local/lib/python3.12/site-packages/airflow/example_dags/example_sensors.py
[2025-11-01T12:47:48.952+0000] {logging_mixin.py:190} INFO - [2025-11-01T12:47:48.952+0000] {dag.py:3239} INFO - Sync 1 DAGs
[2025-11-01T12:47:48.971+0000] {logging_mixin.py:190} INFO - [2025-11-01T12:47:48.971+0000] {dag.py:4180} INFO - Setting next_dagrun for example_sensors to None, run_after=None
[2025-11-01T12:47:48.997+0000] {processor.py:208} INFO - Processing /home/airflow/.local/lib/python3.12/site-packages/airflow/example_dags/example_sensors.py took 0.115 seconds
[2025-11-01T12:48:19.547+0000] {processor.py:186} INFO - Started process (PID=754) to work on /home/airflow/.local/lib/python3.12/site-packages/airflow/example_dags/example_sensors.py
[2025-11-01T12:48:19.549+0000] {processor.py:914} INFO - Processing file /home/airflow/.local/lib/python3.12/site-packages/airflow/example_dags/example_sensors.py for tasks to queue
[2025-11-01T12:48:19.552+0000] {logging_mixin.py:190} INFO - [2025-11-01T12:48:19.551+0000] {dagbag.py:588} INFO - Filling up the DagBag from /home/airflow/.local/lib/python3.12/site-packages/airflow/example_dags/example_sensors.py
[2025-11-01T12:48:19.565+0000] {processor.py:925} INFO - DAG(s) 'example_sensors' retrieved from /home/airflow/.local/lib/python3.12/site-packages/airflow/example_dags/example_sensors.py
[2025-11-01T12:48:19.591+0000] {logging_mixin.py:190} INFO - [2025-11-01T12:48:19.591+0000] {dag.py:3239} INFO - Sync 1 DAGs
[2025-11-01T12:48:19.608+0000] {logging_mixin.py:190} INFO - [2025-11-01T12:48:19.608+0000] {dag.py:4180} INFO - Setting next_dagrun for example_sensors to None, run_after=None
[2025-11-01T12:48:19.628+0000] {processor.py:208} INFO - Processing /home/airflow/.local/lib/python3.12/site-packages/airflow/example_dags/example_sensors.py took 0.090 seconds
[2025-11-01T12:48:49.968+0000] {processor.py:186} INFO - Started process (PID=825) to work on /home/airflow/.local/lib/python3.12/site-packages/airflow/example_dags/example_sensors.py
[2025-11-01T12:48:49.969+0000] {processor.py:914} INFO - Processing file /home/airflow/.local/lib/python3.12/site-packages/airflow/example_dags/example_sensors.py for tasks to queue
[2025-11-01T12:48:49.972+0000] {logging_mixin.py:190} INFO - [2025-11-01T12:48:49.972+0000] {dagbag.py:588} INFO - Filling up the DagBag from /home/airflow/.local/lib/python3.12/site-packages/airflow/example_dags/example_sensors.py
[2025-11-01T12:48:49.988+0000] {processor.py:925} INFO - DAG(s) 'example_sensors' retrieved from /home/airflow/.local/lib/python3.12/site-packages/airflow/example_dags/example_sensors.py
[2025-11-01T12:48:50.019+0000] {logging_mixin.py:190} INFO - [2025-11-01T12:48:50.019+0000] {dag.py:3239} INFO - Sync 1 DAGs
[2025-11-01T12:48:50.035+0000] {logging_mixin.py:190} INFO - [2025-11-01T12:48:50.035+0000] {dag.py:4180} INFO - Setting next_dagrun for example_sensors to None, run_after=None
[2025-11-01T12:48:50.057+0000] {processor.py:208} INFO - Processing /home/airflow/.local/lib/python3.12/site-packages/airflow/example_dags/example_sensors.py took 0.097 seconds
[2025-11-01T12:49:20.402+0000] {processor.py:186} INFO - Started process (PID=896) to work on /home/airflow/.local/lib/python3.12/site-packages/airflow/example_dags/example_sensors.py
[2025-11-01T12:49:20.403+0000] {processor.py:914} INFO - Processing file /home/airflow/.local/lib/python3.12/site-packages/airflow/example_dags/example_sensors.py for tasks to queue
[2025-11-01T12:49:20.408+0000] {logging_mixin.py:190} INFO - [2025-11-01T12:49:20.407+0000] {dagbag.py:588} INFO - Filling up the DagBag from /home/airflow/.local/lib/python3.12/site-packages/airflow/example_dags/example_sensors.py
[2025-11-01T12:49:20.426+0000] {processor.py:925} INFO - DAG(s) 'example_sensors' retrieved from /home/airflow/.local/lib/python3.12/site-packages/airflow/example_dags/example_sensors.py
[2025-11-01T12:49:20.463+0000] {logging_mixin.py:190} INFO - [2025-11-01T12:49:20.463+0000] {dag.py:3239} INFO - Sync 1 DAGs
[2025-11-01T12:49:20.480+0000] {logging_mixin.py:190} INFO - [2025-11-01T12:49:20.480+0000] {dag.py:4180} INFO - Setting next_dagrun for example_sensors to None, run_after=None
[2025-11-01T12:49:20.504+0000] {processor.py:208} INFO - Processing /home/airflow/.local/lib/python3.12/site-packages/airflow/example_dags/example_sensors.py took 0.111 seconds
[2025-11-01T12:49:50.870+0000] {processor.py:186} INFO - Started process (PID=968) to work on /home/airflow/.local/lib/python3.12/site-packages/airflow/example_dags/example_sensors.py
[2025-11-01T12:49:50.871+0000] {processor.py:914} INFO - Processing file /home/airflow/.local/lib/python3.12/site-packages/airflow/example_dags/example_sensors.py for tasks to queue
[2025-11-01T12:49:50.875+0000] {logging_mixin.py:190} INFO - [2025-11-01T12:49:50.874+0000] {dagbag.py:588} INFO - Filling up the DagBag from /home/airflow/.local/lib/python3.12/site-packages/airflow/example_dags/example_sensors.py
[2025-11-01T12:49:50.890+0000] {processor.py:925} INFO - DAG(s) 'example_sensors' retrieved from /home/airflow/.local/lib/python3.12/site-packages/airflow/example_dags/example_sensors.py
[2025-11-01T12:49:50.923+0000] {logging_mixin.py:190} INFO - [2025-11-01T12:49:50.922+0000] {dag.py:3239} INFO - Sync 1 DAGs
[2025-11-01T12:49:50.939+0000] {logging_mixin.py:190} INFO - [2025-11-01T12:49:50.939+0000] {dag.py:4180} INFO - Setting next_dagrun for example_sensors to None, run_after=None
[2025-11-01T12:49:50.961+0000] {processor.py:208} INFO - Processing /home/airflow/.local/lib/python3.12/site-packages/airflow/example_dags/example_sensors.py took 0.099 seconds
[2025-11-01T12:50:21.131+0000] {processor.py:186} INFO - Started process (PID=1043) to work on /home/airflow/.local/lib/python3.12/site-packages/airflow/example_dags/example_sensors.py
[2025-11-01T12:50:21.133+0000] {processor.py:914} INFO - Processing file /home/airflow/.local/lib/python3.12/site-packages/airflow/example_dags/example_sensors.py for tasks to queue
[2025-11-01T12:50:21.137+0000] {logging_mixin.py:190} INFO - [2025-11-01T12:50:21.136+0000] {dagbag.py:588} INFO - Filling up the DagBag from /home/airflow/.local/lib/python3.12/site-packages/airflow/example_dags/example_sensors.py
[2025-11-01T12:50:21.151+0000] {processor.py:925} INFO - DAG(s) 'example_sensors' retrieved from /home/airflow/.local/lib/python3.12/site-packages/airflow/example_dags/example_sensors.py
[2025-11-01T12:50:21.185+0000] {logging_mixin.py:190} INFO - [2025-11-01T12:50:21.184+0000] {dag.py:3239} INFO - Sync 1 DAGs
[2025-11-01T12:50:21.201+0000] {logging_mixin.py:190} INFO - [2025-11-01T12:50:21.201+0000] {dag.py:4180} INFO - Setting next_dagrun for example_sensors to None, run_after=None
[2025-11-01T12:50:21.224+0000] {processor.py:208} INFO - Processing /home/airflow/.local/lib/python3.12/site-packages/airflow/example_dags/example_sensors.py took 0.101 seconds
[2025-11-01T12:50:51.629+0000] {processor.py:186} INFO - Started process (PID=1114) to work on /home/airflow/.local/lib/python3.12/site-packages/airflow/example_dags/example_sensors.py
[2025-11-01T12:50:51.631+0000] {processor.py:914} INFO - Processing file /home/airflow/.local/lib/python3.12/site-packages/airflow/example_dags/example_sensors.py for tasks to queue
[2025-11-01T12:50:51.636+0000] {logging_mixin.py:190} INFO - [2025-11-01T12:50:51.635+0000] {dagbag.py:588} INFO - Filling up the DagBag from /home/airflow/.local/lib/python3.12/site-packages/airflow/example_dags/example_sensors.py
[2025-11-01T12:50:51.659+0000] {processor.py:925} INFO - DAG(s) 'example_sensors' retrieved from /home/airflow/.local/lib/python3.12/site-packages/airflow/example_dags/example_sensors.py
[2025-11-01T12:50:51.708+0000] {logging_mixin.py:190} INFO - [2025-11-01T12:50:51.708+0000] {dag.py:3239} INFO - Sync 1 DAGs
[2025-11-01T12:50:51.735+0000] {logging_mixin.py:190} INFO - [2025-11-01T12:50:51.734+0000] {dag.py:4180} INFO - Setting next_dagrun for example_sensors to None, run_after=None
[2025-11-01T12:50:51.773+0000] {processor.py:208} INFO - Processing /home/airflow/.local/lib/python3.12/site-packages/airflow/example_dags/example_sensors.py took 0.152 seconds
[2025-11-01T12:51:22.075+0000] {processor.py:186} INFO - Started process (PID=1185) to work on /home/airflow/.local/lib/python3.12/site-packages/airflow/example_dags/example_sensors.py
[2025-11-01T12:51:22.076+0000] {processor.py:914} INFO - Processing file /home/airflow/.local/lib/python3.12/site-packages/airflow/example_dags/example_sensors.py for tasks to queue
[2025-11-01T12:51:22.080+0000] {logging_mixin.py:190} INFO - [2025-11-01T12:51:22.079+0000] {dagbag.py:588} INFO - Filling up the DagBag from /home/airflow/.local/lib/python3.12/site-packages/airflow/example_dags/example_sensors.py
[2025-11-01T12:51:22.094+0000] {processor.py:925} INFO - DAG(s) 'example_sensors' retrieved from /home/airflow/.local/lib/python3.12/site-packages/airflow/example_dags/example_sensors.py
[2025-11-01T12:51:22.126+0000] {logging_mixin.py:190} INFO - [2025-11-01T12:51:22.126+0000] {dag.py:3239} INFO - Sync 1 DAGs
[2025-11-01T12:51:22.141+0000] {logging_mixin.py:190} INFO - [2025-11-01T12:51:22.141+0000] {dag.py:4180} INFO - Setting next_dagrun for example_sensors to None, run_after=None
[2025-11-01T12:51:22.163+0000] {processor.py:208} INFO - Processing /home/airflow/.local/lib/python3.12/site-packages/airflow/example_dags/example_sensors.py took 0.095 seconds
[2025-11-01T12:51:53.063+0000] {processor.py:186} INFO - Started process (PID=1256) to work on /home/airflow/.local/lib/python3.12/site-packages/airflow/example_dags/example_sensors.py
[2025-11-01T12:51:53.065+0000] {processor.py:914} INFO - Processing file /home/airflow/.local/lib/python3.12/site-packages/airflow/example_dags/example_sensors.py for tasks to queue
[2025-11-01T12:51:53.069+0000] {logging_mixin.py:190} INFO - [2025-11-01T12:51:53.068+0000] {dagbag.py:588} INFO - Filling up the DagBag from /home/airflow/.local/lib/python3.12/site-packages/airflow/example_dags/example_sensors.py
[2025-11-01T12:51:53.085+0000] {processor.py:925} INFO - DAG(s) 'example_sensors' retrieved from /home/airflow/.local/lib/python3.12/site-packages/airflow/example_dags/example_sensors.py
[2025-11-01T12:51:53.120+0000] {logging_mixin.py:190} INFO - [2025-11-01T12:51:53.120+0000] {dag.py:3239} INFO - Sync 1 DAGs
[2025-11-01T12:51:53.143+0000] {logging_mixin.py:190} INFO - [2025-11-01T12:51:53.143+0000] {dag.py:4180} INFO - Setting next_dagrun for example_sensors to None, run_after=None
[2025-11-01T12:51:53.165+0000] {processor.py:208} INFO - Processing /home/airflow/.local/lib/python3.12/site-packages/airflow/example_dags/example_sensors.py took 0.110 seconds
[2025-11-01T12:52:24.383+0000] {processor.py:186} INFO - Started process (PID=1327) to work on /home/airflow/.local/lib/python3.12/site-packages/airflow/example_dags/example_sensors.py
[2025-11-01T12:52:24.384+0000] {processor.py:914} INFO - Processing file /home/airflow/.local/lib/python3.12/site-packages/airflow/example_dags/example_sensors.py for tasks to queue
[2025-11-01T12:52:24.388+0000] {logging_mixin.py:190} INFO - [2025-11-01T12:52:24.387+0000] {dagbag.py:588} INFO - Filling up the DagBag from /home/airflow/.local/lib/python3.12/site-packages/airflow/example_dags/example_sensors.py
[2025-11-01T12:52:24.403+0000] {processor.py:925} INFO - DAG(s) 'example_sensors' retrieved from /home/airflow/.local/lib/python3.12/site-packages/airflow/example_dags/example_sensors.py
[2025-11-01T12:52:24.435+0000] {logging_mixin.py:190} INFO - [2025-11-01T12:52:24.434+0000] {dag.py:3239} INFO - Sync 1 DAGs
[2025-11-01T12:52:24.453+0000] {logging_mixin.py:190} INFO - [2025-11-01T12:52:24.453+0000] {dag.py:4180} INFO - Setting next_dagrun for example_sensors to None, run_after=None
[2025-11-01T12:52:24.477+0000] {processor.py:208} INFO - Processing /home/airflow/.local/lib/python3.12/site-packages/airflow/example_dags/example_sensors.py took 0.102 seconds
[2025-11-01T12:52:54.891+0000] {processor.py:186} INFO - Started process (PID=1398) to work on /home/airflow/.local/lib/python3.12/site-packages/airflow/example_dags/example_sensors.py
[2025-11-01T12:52:54.893+0000] {processor.py:914} INFO - Processing file /home/airflow/.local/lib/python3.12/site-packages/airflow/example_dags/example_sensors.py for tasks to queue
[2025-11-01T12:52:54.896+0000] {logging_mixin.py:190} INFO - [2025-11-01T12:52:54.896+0000] {dagbag.py:588} INFO - Filling up the DagBag from /home/airflow/.local/lib/python3.12/site-packages/airflow/example_dags/example_sensors.py
[2025-11-01T12:52:54.913+0000] {processor.py:925} INFO - DAG(s) 'example_sensors' retrieved from /home/airflow/.local/lib/python3.12/site-packages/airflow/example_dags/example_sensors.py
[2025-11-01T12:52:54.946+0000] {logging_mixin.py:190} INFO - [2025-11-01T12:52:54.946+0000] {dag.py:3239} INFO - Sync 1 DAGs
[2025-11-01T12:52:54.963+0000] {logging_mixin.py:190} INFO - [2025-11-01T12:52:54.963+0000] {dag.py:4180} INFO - Setting next_dagrun for example_sensors to None, run_after=None
[2025-11-01T12:52:54.986+0000] {processor.py:208} INFO - Processing /home/airflow/.local/lib/python3.12/site-packages/airflow/example_dags/example_sensors.py took 0.103 seconds
[2025-11-01T12:53:25.267+0000] {processor.py:186} INFO - Started process (PID=1469) to work on /home/airflow/.local/lib/python3.12/site-packages/airflow/example_dags/example_sensors.py
[2025-11-01T12:53:25.268+0000] {processor.py:914} INFO - Processing file /home/airflow/.local/lib/python3.12/site-packages/airflow/example_dags/example_sensors.py for tasks to queue
[2025-11-01T12:53:25.273+0000] {logging_mixin.py:190} INFO - [2025-11-01T12:53:25.272+0000] {dagbag.py:588} INFO - Filling up the DagBag from /home/airflow/.local/lib/python3.12/site-packages/airflow/example_dags/example_sensors.py
[2025-11-01T12:53:25.289+0000] {processor.py:925} INFO - DAG(s) 'example_sensors' retrieved from /home/airflow/.local/lib/python3.12/site-packages/airflow/example_dags/example_sensors.py
[2025-11-01T12:53:25.326+0000] {logging_mixin.py:190} INFO - [2025-11-01T12:53:25.325+0000] {dag.py:3239} INFO - Sync 1 DAGs
[2025-11-01T12:53:25.341+0000] {logging_mixin.py:190} INFO - [2025-11-01T12:53:25.341+0000] {dag.py:4180} INFO - Setting next_dagrun for example_sensors to None, run_after=None
[2025-11-01T12:53:25.364+0000] {processor.py:208} INFO - Processing /home/airflow/.local/lib/python3.12/site-packages/airflow/example_dags/example_sensors.py took 0.104 seconds
[2025-11-01T12:53:56.119+0000] {processor.py:186} INFO - Started process (PID=1547) to work on /home/airflow/.local/lib/python3.12/site-packages/airflow/example_dags/example_sensors.py
[2025-11-01T12:53:56.120+0000] {processor.py:914} INFO - Processing file /home/airflow/.local/lib/python3.12/site-packages/airflow/example_dags/example_sensors.py for tasks to queue
[2025-11-01T12:53:56.124+0000] {logging_mixin.py:190} INFO - [2025-11-01T12:53:56.124+0000] {dagbag.py:588} INFO - Filling up the DagBag from /home/airflow/.local/lib/python3.12/site-packages/airflow/example_dags/example_sensors.py
[2025-11-01T12:53:56.143+0000] {processor.py:925} INFO - DAG(s) 'example_sensors' retrieved from /home/airflow/.local/lib/python3.12/site-packages/airflow/example_dags/example_sensors.py
[2025-11-01T12:53:56.178+0000] {logging_mixin.py:190} INFO - [2025-11-01T12:53:56.178+0000] {dag.py:3239} INFO - Sync 1 DAGs
[2025-11-01T12:53:56.197+0000] {logging_mixin.py:190} INFO - [2025-11-01T12:53:56.197+0000] {dag.py:4180} INFO - Setting next_dagrun for example_sensors to None, run_after=None
[2025-11-01T12:53:56.220+0000] {processor.py:208} INFO - Processing /home/airflow/.local/lib/python3.12/site-packages/airflow/example_dags/example_sensors.py took 0.113 seconds
[2025-11-01T12:54:26.551+0000] {processor.py:186} INFO - Started process (PID=1618) to work on /home/airflow/.local/lib/python3.12/site-packages/airflow/example_dags/example_sensors.py
[2025-11-01T12:54:26.553+0000] {processor.py:914} INFO - Processing file /home/airflow/.local/lib/python3.12/site-packages/airflow/example_dags/example_sensors.py for tasks to queue
[2025-11-01T12:54:26.557+0000] {logging_mixin.py:190} INFO - [2025-11-01T12:54:26.556+0000] {dagbag.py:588} INFO - Filling up the DagBag from /home/airflow/.local/lib/python3.12/site-packages/airflow/example_dags/example_sensors.py
[2025-11-01T12:54:26.573+0000] {processor.py:925} INFO - DAG(s) 'example_sensors' retrieved from /home/airflow/.local/lib/python3.12/site-packages/airflow/example_dags/example_sensors.py
[2025-11-01T12:54:26.610+0000] {logging_mixin.py:190} INFO - [2025-11-01T12:54:26.610+0000] {dag.py:3239} INFO - Sync 1 DAGs
[2025-11-01T12:54:26.629+0000] {logging_mixin.py:190} INFO - [2025-11-01T12:54:26.629+0000] {dag.py:4180} INFO - Setting next_dagrun for example_sensors to None, run_after=None
[2025-11-01T12:54:26.654+0000] {processor.py:208} INFO - Processing /home/airflow/.local/lib/python3.12/site-packages/airflow/example_dags/example_sensors.py took 0.111 seconds
[2025-11-01T12:54:57.091+0000] {processor.py:186} INFO - Started process (PID=1689) to work on /home/airflow/.local/lib/python3.12/site-packages/airflow/example_dags/example_sensors.py
[2025-11-01T12:54:57.093+0000] {processor.py:914} INFO - Processing file /home/airflow/.local/lib/python3.12/site-packages/airflow/example_dags/example_sensors.py for tasks to queue
[2025-11-01T12:54:57.096+0000] {logging_mixin.py:190} INFO - [2025-11-01T12:54:57.096+0000] {dagbag.py:588} INFO - Filling up the DagBag from /home/airflow/.local/lib/python3.12/site-packages/airflow/example_dags/example_sensors.py
[2025-11-01T12:54:57.111+0000] {processor.py:925} INFO - DAG(s) 'example_sensors' retrieved from /home/airflow/.local/lib/python3.12/site-packages/airflow/example_dags/example_sensors.py
[2025-11-01T12:54:57.145+0000] {logging_mixin.py:190} INFO - [2025-11-01T12:54:57.145+0000] {dag.py:3239} INFO - Sync 1 DAGs
[2025-11-01T12:54:57.163+0000] {logging_mixin.py:190} INFO - [2025-11-01T12:54:57.163+0000] {dag.py:4180} INFO - Setting next_dagrun for example_sensors to None, run_after=None
[2025-11-01T12:54:57.185+0000] {processor.py:208} INFO - Processing /home/airflow/.local/lib/python3.12/site-packages/airflow/example_dags/example_sensors.py took 0.101 seconds
[2025-11-01T12:55:27.322+0000] {processor.py:186} INFO - Started process (PID=1760) to work on /home/airflow/.local/lib/python3.12/site-packages/airflow/example_dags/example_sensors.py
[2025-11-01T12:55:27.323+0000] {processor.py:914} INFO - Processing file /home/airflow/.local/lib/python3.12/site-packages/airflow/example_dags/example_sensors.py for tasks to queue
[2025-11-01T12:55:27.327+0000] {logging_mixin.py:190} INFO - [2025-11-01T12:55:27.326+0000] {dagbag.py:588} INFO - Filling up the DagBag from /home/airflow/.local/lib/python3.12/site-packages/airflow/example_dags/example_sensors.py
[2025-11-01T12:55:27.342+0000] {processor.py:925} INFO - DAG(s) 'example_sensors' retrieved from /home/airflow/.local/lib/python3.12/site-packages/airflow/example_dags/example_sensors.py
[2025-11-01T12:55:27.375+0000] {logging_mixin.py:190} INFO - [2025-11-01T12:55:27.375+0000] {dag.py:3239} INFO - Sync 1 DAGs
[2025-11-01T12:55:27.393+0000] {logging_mixin.py:190} INFO - [2025-11-01T12:55:27.392+0000] {dag.py:4180} INFO - Setting next_dagrun for example_sensors to None, run_after=None
[2025-11-01T12:55:27.413+0000] {processor.py:208} INFO - Processing /home/airflow/.local/lib/python3.12/site-packages/airflow/example_dags/example_sensors.py took 0.098 seconds
[2025-11-01T12:55:57.770+0000] {processor.py:186} INFO - Started process (PID=1831) to work on /home/airflow/.local/lib/python3.12/site-packages/airflow/example_dags/example_sensors.py
[2025-11-01T12:55:57.772+0000] {processor.py:914} INFO - Processing file /home/airflow/.local/lib/python3.12/site-packages/airflow/example_dags/example_sensors.py for tasks to queue
[2025-11-01T12:55:57.775+0000] {logging_mixin.py:190} INFO - [2025-11-01T12:55:57.775+0000] {dagbag.py:588} INFO - Filling up the DagBag from /home/airflow/.local/lib/python3.12/site-packages/airflow/example_dags/example_sensors.py
[2025-11-01T12:55:57.791+0000] {processor.py:925} INFO - DAG(s) 'example_sensors' retrieved from /home/airflow/.local/lib/python3.12/site-packages/airflow/example_dags/example_sensors.py
[2025-11-01T12:55:57.824+0000] {logging_mixin.py:190} INFO - [2025-11-01T12:55:57.824+0000] {dag.py:3239} INFO - Sync 1 DAGs
[2025-11-01T12:55:57.841+0000] {logging_mixin.py:190} INFO - [2025-11-01T12:55:57.841+0000] {dag.py:4180} INFO - Setting next_dagrun for example_sensors to None, run_after=None
[2025-11-01T12:55:57.865+0000] {processor.py:208} INFO - Processing /home/airflow/.local/lib/python3.12/site-packages/airflow/example_dags/example_sensors.py took 0.102 seconds
[2025-11-01T12:56:28.125+0000] {processor.py:186} INFO - Started process (PID=1902) to work on /home/airflow/.local/lib/python3.12/site-packages/airflow/example_dags/example_sensors.py
[2025-11-01T12:56:28.126+0000] {processor.py:914} INFO - Processing file /home/airflow/.local/lib/python3.12/site-packages/airflow/example_dags/example_sensors.py for tasks to queue
[2025-11-01T12:56:28.130+0000] {logging_mixin.py:190} INFO - [2025-11-01T12:56:28.129+0000] {dagbag.py:588} INFO - Filling up the DagBag from /home/airflow/.local/lib/python3.12/site-packages/airflow/example_dags/example_sensors.py
[2025-11-01T12:56:28.147+0000] {processor.py:925} INFO - DAG(s) 'example_sensors' retrieved from /home/airflow/.local/lib/python3.12/site-packages/airflow/example_dags/example_sensors.py
[2025-11-01T12:56:28.180+0000] {logging_mixin.py:190} INFO - [2025-11-01T12:56:28.180+0000] {dag.py:3239} INFO - Sync 1 DAGs
[2025-11-01T12:56:28.200+0000] {logging_mixin.py:190} INFO - [2025-11-01T12:56:28.200+0000] {dag.py:4180} INFO - Setting next_dagrun for example_sensors to None, run_after=None
[2025-11-01T12:56:28.232+0000] {processor.py:208} INFO - Processing /home/airflow/.local/lib/python3.12/site-packages/airflow/example_dags/example_sensors.py took 0.115 seconds
