[2025-11-01T12:43:45.403+0000] {processor.py:186} INFO - Started process (PID=140) to work on /home/airflow/.local/lib/python3.12/site-packages/airflow/example_dags/example_bash_operator.py
[2025-11-01T12:43:45.404+0000] {processor.py:914} INFO - Processing file /home/airflow/.local/lib/python3.12/site-packages/airflow/example_dags/example_bash_operator.py for tasks to queue
[2025-11-01T12:43:45.408+0000] {logging_mixin.py:190} INFO - [2025-11-01T12:43:45.408+0000] {dagbag.py:588} INFO - Filling up the DagBag from /home/airflow/.local/lib/python3.12/site-packages/airflow/example_dags/example_bash_operator.py
[2025-11-01T12:43:45.428+0000] {processor.py:925} INFO - DAG(s) 'example_bash_operator' retrieved from /home/airflow/.local/lib/python3.12/site-packages/airflow/example_dags/example_bash_operator.py
[2025-11-01T12:43:45.562+0000] {logging_mixin.py:190} INFO - [2025-11-01T12:43:45.561+0000] {override.py:1911} INFO - Created Permission View: can delete on DAG:example_bash_operator
[2025-11-01T12:43:45.573+0000] {logging_mixin.py:190} INFO - [2025-11-01T12:43:45.573+0000] {override.py:1911} INFO - Created Permission View: can edit on DAG:example_bash_operator
[2025-11-01T12:43:45.583+0000] {logging_mixin.py:190} INFO - [2025-11-01T12:43:45.583+0000] {override.py:1911} INFO - Created Permission View: can read on DAG:example_bash_operator
[2025-11-01T12:43:45.594+0000] {logging_mixin.py:190} INFO - [2025-11-01T12:43:45.593+0000] {override.py:1911} INFO - Created Permission View: menu access on DAG Run:example_bash_operator
[2025-11-01T12:43:45.604+0000] {logging_mixin.py:190} INFO - [2025-11-01T12:43:45.603+0000] {override.py:1911} INFO - Created Permission View: can delete on DAG Run:example_bash_operator
[2025-11-01T12:43:45.614+0000] {logging_mixin.py:190} INFO - [2025-11-01T12:43:45.614+0000] {override.py:1911} INFO - Created Permission View: can create on DAG Run:example_bash_operator
[2025-11-01T12:43:45.622+0000] {logging_mixin.py:190} INFO - [2025-11-01T12:43:45.622+0000] {override.py:1911} INFO - Created Permission View: can read on DAG Run:example_bash_operator
[2025-11-01T12:43:45.623+0000] {logging_mixin.py:190} INFO - [2025-11-01T12:43:45.623+0000] {dag.py:3239} INFO - Sync 1 DAGs
[2025-11-01T12:43:45.637+0000] {logging_mixin.py:190} INFO - [2025-11-01T12:43:45.637+0000] {dag.py:3262} INFO - Creating ORM DAG for example_bash_operator
[2025-11-01T12:43:45.648+0000] {logging_mixin.py:190} INFO - [2025-11-01T12:43:45.648+0000] {dag.py:4180} INFO - Setting next_dagrun for example_bash_operator to 2025-10-31 00:00:00+00:00, run_after=2025-11-01 00:00:00+00:00
[2025-11-01T12:43:45.669+0000] {processor.py:208} INFO - Processing /home/airflow/.local/lib/python3.12/site-packages/airflow/example_dags/example_bash_operator.py took 0.273 seconds
[2025-11-01T12:44:16.336+0000] {processor.py:186} INFO - Started process (PID=210) to work on /home/airflow/.local/lib/python3.12/site-packages/airflow/example_dags/example_bash_operator.py
[2025-11-01T12:44:16.338+0000] {processor.py:914} INFO - Processing file /home/airflow/.local/lib/python3.12/site-packages/airflow/example_dags/example_bash_operator.py for tasks to queue
[2025-11-01T12:44:16.341+0000] {logging_mixin.py:190} INFO - [2025-11-01T12:44:16.341+0000] {dagbag.py:588} INFO - Filling up the DagBag from /home/airflow/.local/lib/python3.12/site-packages/airflow/example_dags/example_bash_operator.py
[2025-11-01T12:44:16.360+0000] {processor.py:925} INFO - DAG(s) 'example_bash_operator' retrieved from /home/airflow/.local/lib/python3.12/site-packages/airflow/example_dags/example_bash_operator.py
[2025-11-01T12:44:16.394+0000] {logging_mixin.py:190} INFO - [2025-11-01T12:44:16.394+0000] {dag.py:3239} INFO - Sync 1 DAGs
[2025-11-01T12:44:16.423+0000] {logging_mixin.py:190} INFO - [2025-11-01T12:44:16.423+0000] {dag.py:4180} INFO - Setting next_dagrun for example_bash_operator to 2025-10-31 00:00:00+00:00, run_after=2025-11-01 00:00:00+00:00
[2025-11-01T12:44:16.447+0000] {processor.py:208} INFO - Processing /home/airflow/.local/lib/python3.12/site-packages/airflow/example_dags/example_bash_operator.py took 0.119 seconds
[2025-11-01T12:44:46.740+0000] {processor.py:186} INFO - Started process (PID=280) to work on /home/airflow/.local/lib/python3.12/site-packages/airflow/example_dags/example_bash_operator.py
[2025-11-01T12:44:46.742+0000] {processor.py:914} INFO - Processing file /home/airflow/.local/lib/python3.12/site-packages/airflow/example_dags/example_bash_operator.py for tasks to queue
[2025-11-01T12:44:46.746+0000] {logging_mixin.py:190} INFO - [2025-11-01T12:44:46.745+0000] {dagbag.py:588} INFO - Filling up the DagBag from /home/airflow/.local/lib/python3.12/site-packages/airflow/example_dags/example_bash_operator.py
[2025-11-01T12:44:46.762+0000] {processor.py:925} INFO - DAG(s) 'example_bash_operator' retrieved from /home/airflow/.local/lib/python3.12/site-packages/airflow/example_dags/example_bash_operator.py
[2025-11-01T12:44:46.793+0000] {logging_mixin.py:190} INFO - [2025-11-01T12:44:46.793+0000] {dag.py:3239} INFO - Sync 1 DAGs
[2025-11-01T12:44:46.821+0000] {logging_mixin.py:190} INFO - [2025-11-01T12:44:46.820+0000] {dag.py:4180} INFO - Setting next_dagrun for example_bash_operator to 2025-10-31 00:00:00+00:00, run_after=2025-11-01 00:00:00+00:00
[2025-11-01T12:44:46.840+0000] {processor.py:208} INFO - Processing /home/airflow/.local/lib/python3.12/site-packages/airflow/example_dags/example_bash_operator.py took 0.107 seconds
[2025-11-01T12:45:16.938+0000] {processor.py:186} INFO - Started process (PID=350) to work on /home/airflow/.local/lib/python3.12/site-packages/airflow/example_dags/example_bash_operator.py
[2025-11-01T12:45:16.940+0000] {processor.py:914} INFO - Processing file /home/airflow/.local/lib/python3.12/site-packages/airflow/example_dags/example_bash_operator.py for tasks to queue
[2025-11-01T12:45:16.943+0000] {logging_mixin.py:190} INFO - [2025-11-01T12:45:16.942+0000] {dagbag.py:588} INFO - Filling up the DagBag from /home/airflow/.local/lib/python3.12/site-packages/airflow/example_dags/example_bash_operator.py
[2025-11-01T12:45:16.961+0000] {processor.py:925} INFO - DAG(s) 'example_bash_operator' retrieved from /home/airflow/.local/lib/python3.12/site-packages/airflow/example_dags/example_bash_operator.py
[2025-11-01T12:45:16.992+0000] {logging_mixin.py:190} INFO - [2025-11-01T12:45:16.992+0000] {dag.py:3239} INFO - Sync 1 DAGs
[2025-11-01T12:45:17.018+0000] {logging_mixin.py:190} INFO - [2025-11-01T12:45:17.018+0000] {dag.py:4180} INFO - Setting next_dagrun for example_bash_operator to 2025-10-31 00:00:00+00:00, run_after=2025-11-01 00:00:00+00:00
[2025-11-01T12:45:17.042+0000] {processor.py:208} INFO - Processing /home/airflow/.local/lib/python3.12/site-packages/airflow/example_dags/example_bash_operator.py took 0.111 seconds
[2025-11-01T12:45:47.119+0000] {processor.py:186} INFO - Started process (PID=421) to work on /home/airflow/.local/lib/python3.12/site-packages/airflow/example_dags/example_bash_operator.py
[2025-11-01T12:45:47.121+0000] {processor.py:914} INFO - Processing file /home/airflow/.local/lib/python3.12/site-packages/airflow/example_dags/example_bash_operator.py for tasks to queue
[2025-11-01T12:45:47.125+0000] {logging_mixin.py:190} INFO - [2025-11-01T12:45:47.124+0000] {dagbag.py:588} INFO - Filling up the DagBag from /home/airflow/.local/lib/python3.12/site-packages/airflow/example_dags/example_bash_operator.py
[2025-11-01T12:45:47.143+0000] {processor.py:925} INFO - DAG(s) 'example_bash_operator' retrieved from /home/airflow/.local/lib/python3.12/site-packages/airflow/example_dags/example_bash_operator.py
[2025-11-01T12:45:47.175+0000] {logging_mixin.py:190} INFO - [2025-11-01T12:45:47.174+0000] {dag.py:3239} INFO - Sync 1 DAGs
[2025-11-01T12:45:47.200+0000] {logging_mixin.py:190} INFO - [2025-11-01T12:45:47.200+0000] {dag.py:4180} INFO - Setting next_dagrun for example_bash_operator to 2025-10-31 00:00:00+00:00, run_after=2025-11-01 00:00:00+00:00
[2025-11-01T12:45:47.221+0000] {processor.py:208} INFO - Processing /home/airflow/.local/lib/python3.12/site-packages/airflow/example_dags/example_bash_operator.py took 0.109 seconds
[2025-11-01T12:46:17.300+0000] {processor.py:186} INFO - Started process (PID=491) to work on /home/airflow/.local/lib/python3.12/site-packages/airflow/example_dags/example_bash_operator.py
[2025-11-01T12:46:17.301+0000] {processor.py:914} INFO - Processing file /home/airflow/.local/lib/python3.12/site-packages/airflow/example_dags/example_bash_operator.py for tasks to queue
[2025-11-01T12:46:17.305+0000] {logging_mixin.py:190} INFO - [2025-11-01T12:46:17.304+0000] {dagbag.py:588} INFO - Filling up the DagBag from /home/airflow/.local/lib/python3.12/site-packages/airflow/example_dags/example_bash_operator.py
[2025-11-01T12:46:17.321+0000] {processor.py:925} INFO - DAG(s) 'example_bash_operator' retrieved from /home/airflow/.local/lib/python3.12/site-packages/airflow/example_dags/example_bash_operator.py
[2025-11-01T12:46:17.353+0000] {logging_mixin.py:190} INFO - [2025-11-01T12:46:17.353+0000] {dag.py:3239} INFO - Sync 1 DAGs
[2025-11-01T12:46:17.380+0000] {logging_mixin.py:190} INFO - [2025-11-01T12:46:17.380+0000] {dag.py:4180} INFO - Setting next_dagrun for example_bash_operator to 2025-10-31 00:00:00+00:00, run_after=2025-11-01 00:00:00+00:00
[2025-11-01T12:46:17.406+0000] {processor.py:208} INFO - Processing /home/airflow/.local/lib/python3.12/site-packages/airflow/example_dags/example_bash_operator.py took 0.113 seconds
[2025-11-01T12:46:48.925+0000] {processor.py:186} INFO - Started process (PID=561) to work on /home/airflow/.local/lib/python3.12/site-packages/airflow/example_dags/example_bash_operator.py
[2025-11-01T12:46:48.927+0000] {processor.py:914} INFO - Processing file /home/airflow/.local/lib/python3.12/site-packages/airflow/example_dags/example_bash_operator.py for tasks to queue
[2025-11-01T12:46:48.931+0000] {logging_mixin.py:190} INFO - [2025-11-01T12:46:48.930+0000] {dagbag.py:588} INFO - Filling up the DagBag from /home/airflow/.local/lib/python3.12/site-packages/airflow/example_dags/example_bash_operator.py
[2025-11-01T12:46:48.953+0000] {processor.py:925} INFO - DAG(s) 'example_bash_operator' retrieved from /home/airflow/.local/lib/python3.12/site-packages/airflow/example_dags/example_bash_operator.py
[2025-11-01T12:46:48.996+0000] {logging_mixin.py:190} INFO - [2025-11-01T12:46:48.996+0000] {dag.py:3239} INFO - Sync 1 DAGs
[2025-11-01T12:46:49.031+0000] {logging_mixin.py:190} INFO - [2025-11-01T12:46:49.031+0000] {dag.py:4180} INFO - Setting next_dagrun for example_bash_operator to 2025-10-31 00:00:00+00:00, run_after=2025-11-01 00:00:00+00:00
[2025-11-01T12:46:49.058+0000] {processor.py:208} INFO - Processing /home/airflow/.local/lib/python3.12/site-packages/airflow/example_dags/example_bash_operator.py took 0.145 seconds
[2025-11-01T12:47:19.480+0000] {processor.py:186} INFO - Started process (PID=631) to work on /home/airflow/.local/lib/python3.12/site-packages/airflow/example_dags/example_bash_operator.py
[2025-11-01T12:47:19.481+0000] {processor.py:914} INFO - Processing file /home/airflow/.local/lib/python3.12/site-packages/airflow/example_dags/example_bash_operator.py for tasks to queue
[2025-11-01T12:47:19.485+0000] {logging_mixin.py:190} INFO - [2025-11-01T12:47:19.484+0000] {dagbag.py:588} INFO - Filling up the DagBag from /home/airflow/.local/lib/python3.12/site-packages/airflow/example_dags/example_bash_operator.py
[2025-11-01T12:47:19.503+0000] {processor.py:925} INFO - DAG(s) 'example_bash_operator' retrieved from /home/airflow/.local/lib/python3.12/site-packages/airflow/example_dags/example_bash_operator.py
[2025-11-01T12:47:19.532+0000] {logging_mixin.py:190} INFO - [2025-11-01T12:47:19.532+0000] {dag.py:3239} INFO - Sync 1 DAGs
[2025-11-01T12:47:19.559+0000] {logging_mixin.py:190} INFO - [2025-11-01T12:47:19.558+0000] {dag.py:4180} INFO - Setting next_dagrun for example_bash_operator to 2025-10-31 00:00:00+00:00, run_after=2025-11-01 00:00:00+00:00
[2025-11-01T12:47:19.582+0000] {processor.py:208} INFO - Processing /home/airflow/.local/lib/python3.12/site-packages/airflow/example_dags/example_bash_operator.py took 0.111 seconds
[2025-11-01T12:47:50.310+0000] {processor.py:186} INFO - Started process (PID=701) to work on /home/airflow/.local/lib/python3.12/site-packages/airflow/example_dags/example_bash_operator.py
[2025-11-01T12:47:50.311+0000] {processor.py:914} INFO - Processing file /home/airflow/.local/lib/python3.12/site-packages/airflow/example_dags/example_bash_operator.py for tasks to queue
[2025-11-01T12:47:50.315+0000] {logging_mixin.py:190} INFO - [2025-11-01T12:47:50.315+0000] {dagbag.py:588} INFO - Filling up the DagBag from /home/airflow/.local/lib/python3.12/site-packages/airflow/example_dags/example_bash_operator.py
[2025-11-01T12:47:50.333+0000] {processor.py:925} INFO - DAG(s) 'example_bash_operator' retrieved from /home/airflow/.local/lib/python3.12/site-packages/airflow/example_dags/example_bash_operator.py
[2025-11-01T12:47:50.367+0000] {logging_mixin.py:190} INFO - [2025-11-01T12:47:50.367+0000] {dag.py:3239} INFO - Sync 1 DAGs
[2025-11-01T12:47:50.399+0000] {logging_mixin.py:190} INFO - [2025-11-01T12:47:50.399+0000] {dag.py:4180} INFO - Setting next_dagrun for example_bash_operator to 2025-10-31 00:00:00+00:00, run_after=2025-11-01 00:00:00+00:00
[2025-11-01T12:47:50.424+0000] {processor.py:208} INFO - Processing /home/airflow/.local/lib/python3.12/site-packages/airflow/example_dags/example_bash_operator.py took 0.122 seconds
[2025-11-01T12:48:20.765+0000] {processor.py:186} INFO - Started process (PID=771) to work on /home/airflow/.local/lib/python3.12/site-packages/airflow/example_dags/example_bash_operator.py
[2025-11-01T12:48:20.767+0000] {processor.py:914} INFO - Processing file /home/airflow/.local/lib/python3.12/site-packages/airflow/example_dags/example_bash_operator.py for tasks to queue
[2025-11-01T12:48:20.770+0000] {logging_mixin.py:190} INFO - [2025-11-01T12:48:20.770+0000] {dagbag.py:588} INFO - Filling up the DagBag from /home/airflow/.local/lib/python3.12/site-packages/airflow/example_dags/example_bash_operator.py
[2025-11-01T12:48:20.787+0000] {processor.py:925} INFO - DAG(s) 'example_bash_operator' retrieved from /home/airflow/.local/lib/python3.12/site-packages/airflow/example_dags/example_bash_operator.py
[2025-11-01T12:48:20.817+0000] {logging_mixin.py:190} INFO - [2025-11-01T12:48:20.816+0000] {dag.py:3239} INFO - Sync 1 DAGs
[2025-11-01T12:48:20.842+0000] {logging_mixin.py:190} INFO - [2025-11-01T12:48:20.842+0000] {dag.py:4180} INFO - Setting next_dagrun for example_bash_operator to 2025-10-31 00:00:00+00:00, run_after=2025-11-01 00:00:00+00:00
[2025-11-01T12:48:20.862+0000] {processor.py:208} INFO - Processing /home/airflow/.local/lib/python3.12/site-packages/airflow/example_dags/example_bash_operator.py took 0.105 seconds
[2025-11-01T12:48:51.776+0000] {processor.py:186} INFO - Started process (PID=842) to work on /home/airflow/.local/lib/python3.12/site-packages/airflow/example_dags/example_bash_operator.py
[2025-11-01T12:48:51.777+0000] {processor.py:914} INFO - Processing file /home/airflow/.local/lib/python3.12/site-packages/airflow/example_dags/example_bash_operator.py for tasks to queue
[2025-11-01T12:48:51.781+0000] {logging_mixin.py:190} INFO - [2025-11-01T12:48:51.781+0000] {dagbag.py:588} INFO - Filling up the DagBag from /home/airflow/.local/lib/python3.12/site-packages/airflow/example_dags/example_bash_operator.py
[2025-11-01T12:48:51.799+0000] {processor.py:925} INFO - DAG(s) 'example_bash_operator' retrieved from /home/airflow/.local/lib/python3.12/site-packages/airflow/example_dags/example_bash_operator.py
[2025-11-01T12:48:51.832+0000] {logging_mixin.py:190} INFO - [2025-11-01T12:48:51.832+0000] {dag.py:3239} INFO - Sync 1 DAGs
[2025-11-01T12:48:51.857+0000] {logging_mixin.py:190} INFO - [2025-11-01T12:48:51.856+0000] {dag.py:4180} INFO - Setting next_dagrun for example_bash_operator to 2025-10-31 00:00:00+00:00, run_after=2025-11-01 00:00:00+00:00
[2025-11-01T12:48:51.879+0000] {processor.py:208} INFO - Processing /home/airflow/.local/lib/python3.12/site-packages/airflow/example_dags/example_bash_operator.py took 0.110 seconds
[2025-11-01T12:49:22.276+0000] {processor.py:186} INFO - Started process (PID=913) to work on /home/airflow/.local/lib/python3.12/site-packages/airflow/example_dags/example_bash_operator.py
[2025-11-01T12:49:22.277+0000] {processor.py:914} INFO - Processing file /home/airflow/.local/lib/python3.12/site-packages/airflow/example_dags/example_bash_operator.py for tasks to queue
[2025-11-01T12:49:22.281+0000] {logging_mixin.py:190} INFO - [2025-11-01T12:49:22.281+0000] {dagbag.py:588} INFO - Filling up the DagBag from /home/airflow/.local/lib/python3.12/site-packages/airflow/example_dags/example_bash_operator.py
[2025-11-01T12:49:22.298+0000] {processor.py:925} INFO - DAG(s) 'example_bash_operator' retrieved from /home/airflow/.local/lib/python3.12/site-packages/airflow/example_dags/example_bash_operator.py
[2025-11-01T12:49:22.331+0000] {logging_mixin.py:190} INFO - [2025-11-01T12:49:22.331+0000] {dag.py:3239} INFO - Sync 1 DAGs
[2025-11-01T12:49:22.356+0000] {logging_mixin.py:190} INFO - [2025-11-01T12:49:22.356+0000] {dag.py:4180} INFO - Setting next_dagrun for example_bash_operator to 2025-10-31 00:00:00+00:00, run_after=2025-11-01 00:00:00+00:00
[2025-11-01T12:49:22.381+0000] {processor.py:208} INFO - Processing /home/airflow/.local/lib/python3.12/site-packages/airflow/example_dags/example_bash_operator.py took 0.112 seconds
[2025-11-01T12:49:52.913+0000] {processor.py:186} INFO - Started process (PID=985) to work on /home/airflow/.local/lib/python3.12/site-packages/airflow/example_dags/example_bash_operator.py
[2025-11-01T12:49:52.915+0000] {processor.py:914} INFO - Processing file /home/airflow/.local/lib/python3.12/site-packages/airflow/example_dags/example_bash_operator.py for tasks to queue
[2025-11-01T12:49:52.918+0000] {logging_mixin.py:190} INFO - [2025-11-01T12:49:52.918+0000] {dagbag.py:588} INFO - Filling up the DagBag from /home/airflow/.local/lib/python3.12/site-packages/airflow/example_dags/example_bash_operator.py
[2025-11-01T12:49:52.942+0000] {processor.py:925} INFO - DAG(s) 'example_bash_operator' retrieved from /home/airflow/.local/lib/python3.12/site-packages/airflow/example_dags/example_bash_operator.py
[2025-11-01T12:49:52.983+0000] {logging_mixin.py:190} INFO - [2025-11-01T12:49:52.983+0000] {dag.py:3239} INFO - Sync 1 DAGs
[2025-11-01T12:49:53.014+0000] {logging_mixin.py:190} INFO - [2025-11-01T12:49:53.014+0000] {dag.py:4180} INFO - Setting next_dagrun for example_bash_operator to 2025-10-31 00:00:00+00:00, run_after=2025-11-01 00:00:00+00:00
[2025-11-01T12:49:53.039+0000] {processor.py:208} INFO - Processing /home/airflow/.local/lib/python3.12/site-packages/airflow/example_dags/example_bash_operator.py took 0.134 seconds
[2025-11-01T12:50:23.921+0000] {processor.py:186} INFO - Started process (PID=1060) to work on /home/airflow/.local/lib/python3.12/site-packages/airflow/example_dags/example_bash_operator.py
[2025-11-01T12:50:23.922+0000] {processor.py:914} INFO - Processing file /home/airflow/.local/lib/python3.12/site-packages/airflow/example_dags/example_bash_operator.py for tasks to queue
[2025-11-01T12:50:23.925+0000] {logging_mixin.py:190} INFO - [2025-11-01T12:50:23.925+0000] {dagbag.py:588} INFO - Filling up the DagBag from /home/airflow/.local/lib/python3.12/site-packages/airflow/example_dags/example_bash_operator.py
[2025-11-01T12:50:23.944+0000] {processor.py:925} INFO - DAG(s) 'example_bash_operator' retrieved from /home/airflow/.local/lib/python3.12/site-packages/airflow/example_dags/example_bash_operator.py
[2025-11-01T12:50:23.975+0000] {logging_mixin.py:190} INFO - [2025-11-01T12:50:23.975+0000] {dag.py:3239} INFO - Sync 1 DAGs
[2025-11-01T12:50:24.001+0000] {logging_mixin.py:190} INFO - [2025-11-01T12:50:24.001+0000] {dag.py:4180} INFO - Setting next_dagrun for example_bash_operator to 2025-10-31 00:00:00+00:00, run_after=2025-11-01 00:00:00+00:00
[2025-11-01T12:50:24.025+0000] {processor.py:208} INFO - Processing /home/airflow/.local/lib/python3.12/site-packages/airflow/example_dags/example_bash_operator.py took 0.111 seconds
[2025-11-01T12:50:54.566+0000] {processor.py:186} INFO - Started process (PID=1131) to work on /home/airflow/.local/lib/python3.12/site-packages/airflow/example_dags/example_bash_operator.py
[2025-11-01T12:50:54.567+0000] {processor.py:914} INFO - Processing file /home/airflow/.local/lib/python3.12/site-packages/airflow/example_dags/example_bash_operator.py for tasks to queue
[2025-11-01T12:50:54.571+0000] {logging_mixin.py:190} INFO - [2025-11-01T12:50:54.570+0000] {dagbag.py:588} INFO - Filling up the DagBag from /home/airflow/.local/lib/python3.12/site-packages/airflow/example_dags/example_bash_operator.py
[2025-11-01T12:50:54.591+0000] {processor.py:925} INFO - DAG(s) 'example_bash_operator' retrieved from /home/airflow/.local/lib/python3.12/site-packages/airflow/example_dags/example_bash_operator.py
[2025-11-01T12:50:54.620+0000] {logging_mixin.py:190} INFO - [2025-11-01T12:50:54.620+0000] {dag.py:3239} INFO - Sync 1 DAGs
[2025-11-01T12:50:54.649+0000] {logging_mixin.py:190} INFO - [2025-11-01T12:50:54.649+0000] {dag.py:4180} INFO - Setting next_dagrun for example_bash_operator to 2025-10-31 00:00:00+00:00, run_after=2025-11-01 00:00:00+00:00
[2025-11-01T12:50:54.669+0000] {processor.py:208} INFO - Processing /home/airflow/.local/lib/python3.12/site-packages/airflow/example_dags/example_bash_operator.py took 0.111 seconds
[2025-11-01T12:51:24.964+0000] {processor.py:186} INFO - Started process (PID=1202) to work on /home/airflow/.local/lib/python3.12/site-packages/airflow/example_dags/example_bash_operator.py
[2025-11-01T12:51:24.966+0000] {processor.py:914} INFO - Processing file /home/airflow/.local/lib/python3.12/site-packages/airflow/example_dags/example_bash_operator.py for tasks to queue
[2025-11-01T12:51:24.970+0000] {logging_mixin.py:190} INFO - [2025-11-01T12:51:24.969+0000] {dagbag.py:588} INFO - Filling up the DagBag from /home/airflow/.local/lib/python3.12/site-packages/airflow/example_dags/example_bash_operator.py
[2025-11-01T12:51:24.986+0000] {processor.py:925} INFO - DAG(s) 'example_bash_operator' retrieved from /home/airflow/.local/lib/python3.12/site-packages/airflow/example_dags/example_bash_operator.py
[2025-11-01T12:51:25.019+0000] {logging_mixin.py:190} INFO - [2025-11-01T12:51:25.019+0000] {dag.py:3239} INFO - Sync 1 DAGs
[2025-11-01T12:51:25.048+0000] {logging_mixin.py:190} INFO - [2025-11-01T12:51:25.048+0000] {dag.py:4180} INFO - Setting next_dagrun for example_bash_operator to 2025-10-31 00:00:00+00:00, run_after=2025-11-01 00:00:00+00:00
[2025-11-01T12:51:25.073+0000] {processor.py:208} INFO - Processing /home/airflow/.local/lib/python3.12/site-packages/airflow/example_dags/example_bash_operator.py took 0.117 seconds
[2025-11-01T12:51:55.449+0000] {processor.py:186} INFO - Started process (PID=1273) to work on /home/airflow/.local/lib/python3.12/site-packages/airflow/example_dags/example_bash_operator.py
[2025-11-01T12:51:55.450+0000] {processor.py:914} INFO - Processing file /home/airflow/.local/lib/python3.12/site-packages/airflow/example_dags/example_bash_operator.py for tasks to queue
[2025-11-01T12:51:55.453+0000] {logging_mixin.py:190} INFO - [2025-11-01T12:51:55.453+0000] {dagbag.py:588} INFO - Filling up the DagBag from /home/airflow/.local/lib/python3.12/site-packages/airflow/example_dags/example_bash_operator.py
[2025-11-01T12:51:55.470+0000] {processor.py:925} INFO - DAG(s) 'example_bash_operator' retrieved from /home/airflow/.local/lib/python3.12/site-packages/airflow/example_dags/example_bash_operator.py
[2025-11-01T12:51:55.503+0000] {logging_mixin.py:190} INFO - [2025-11-01T12:51:55.503+0000] {dag.py:3239} INFO - Sync 1 DAGs
[2025-11-01T12:51:55.537+0000] {logging_mixin.py:190} INFO - [2025-11-01T12:51:55.536+0000] {dag.py:4180} INFO - Setting next_dagrun for example_bash_operator to 2025-10-31 00:00:00+00:00, run_after=2025-11-01 00:00:00+00:00
[2025-11-01T12:51:55.561+0000] {processor.py:208} INFO - Processing /home/airflow/.local/lib/python3.12/site-packages/airflow/example_dags/example_bash_operator.py took 0.120 seconds
[2025-11-01T12:52:25.822+0000] {processor.py:186} INFO - Started process (PID=1350) to work on /home/airflow/.local/lib/python3.12/site-packages/airflow/example_dags/example_bash_operator.py
[2025-11-01T12:52:25.823+0000] {processor.py:914} INFO - Processing file /home/airflow/.local/lib/python3.12/site-packages/airflow/example_dags/example_bash_operator.py for tasks to queue
[2025-11-01T12:52:25.828+0000] {logging_mixin.py:190} INFO - [2025-11-01T12:52:25.827+0000] {dagbag.py:588} INFO - Filling up the DagBag from /home/airflow/.local/lib/python3.12/site-packages/airflow/example_dags/example_bash_operator.py
[2025-11-01T12:52:25.850+0000] {processor.py:925} INFO - DAG(s) 'example_bash_operator' retrieved from /home/airflow/.local/lib/python3.12/site-packages/airflow/example_dags/example_bash_operator.py
[2025-11-01T12:52:25.883+0000] {logging_mixin.py:190} INFO - [2025-11-01T12:52:25.882+0000] {dag.py:3239} INFO - Sync 1 DAGs
[2025-11-01T12:52:25.910+0000] {logging_mixin.py:190} INFO - [2025-11-01T12:52:25.910+0000] {dag.py:4180} INFO - Setting next_dagrun for example_bash_operator to 2025-10-31 00:00:00+00:00, run_after=2025-11-01 00:00:00+00:00
[2025-11-01T12:52:25.930+0000] {processor.py:208} INFO - Processing /home/airflow/.local/lib/python3.12/site-packages/airflow/example_dags/example_bash_operator.py took 0.117 seconds
[2025-11-01T12:52:56.773+0000] {processor.py:186} INFO - Started process (PID=1421) to work on /home/airflow/.local/lib/python3.12/site-packages/airflow/example_dags/example_bash_operator.py
[2025-11-01T12:52:56.774+0000] {processor.py:914} INFO - Processing file /home/airflow/.local/lib/python3.12/site-packages/airflow/example_dags/example_bash_operator.py for tasks to queue
[2025-11-01T12:52:56.778+0000] {logging_mixin.py:190} INFO - [2025-11-01T12:52:56.777+0000] {dagbag.py:588} INFO - Filling up the DagBag from /home/airflow/.local/lib/python3.12/site-packages/airflow/example_dags/example_bash_operator.py
[2025-11-01T12:52:56.797+0000] {processor.py:925} INFO - DAG(s) 'example_bash_operator' retrieved from /home/airflow/.local/lib/python3.12/site-packages/airflow/example_dags/example_bash_operator.py
[2025-11-01T12:52:56.833+0000] {logging_mixin.py:190} INFO - [2025-11-01T12:52:56.832+0000] {dag.py:3239} INFO - Sync 1 DAGs
[2025-11-01T12:52:56.861+0000] {logging_mixin.py:190} INFO - [2025-11-01T12:52:56.861+0000] {dag.py:4180} INFO - Setting next_dagrun for example_bash_operator to 2025-10-31 00:00:00+00:00, run_after=2025-11-01 00:00:00+00:00
[2025-11-01T12:52:56.883+0000] {processor.py:208} INFO - Processing /home/airflow/.local/lib/python3.12/site-packages/airflow/example_dags/example_bash_operator.py took 0.118 seconds
[2025-11-01T12:53:27.063+0000] {processor.py:186} INFO - Started process (PID=1492) to work on /home/airflow/.local/lib/python3.12/site-packages/airflow/example_dags/example_bash_operator.py
[2025-11-01T12:53:27.065+0000] {processor.py:914} INFO - Processing file /home/airflow/.local/lib/python3.12/site-packages/airflow/example_dags/example_bash_operator.py for tasks to queue
[2025-11-01T12:53:27.068+0000] {logging_mixin.py:190} INFO - [2025-11-01T12:53:27.067+0000] {dagbag.py:588} INFO - Filling up the DagBag from /home/airflow/.local/lib/python3.12/site-packages/airflow/example_dags/example_bash_operator.py
[2025-11-01T12:53:27.085+0000] {processor.py:925} INFO - DAG(s) 'example_bash_operator' retrieved from /home/airflow/.local/lib/python3.12/site-packages/airflow/example_dags/example_bash_operator.py
[2025-11-01T12:53:27.117+0000] {logging_mixin.py:190} INFO - [2025-11-01T12:53:27.117+0000] {dag.py:3239} INFO - Sync 1 DAGs
[2025-11-01T12:53:27.148+0000] {logging_mixin.py:190} INFO - [2025-11-01T12:53:27.148+0000] {dag.py:4180} INFO - Setting next_dagrun for example_bash_operator to 2025-10-31 00:00:00+00:00, run_after=2025-11-01 00:00:00+00:00
[2025-11-01T12:53:27.177+0000] {processor.py:208} INFO - Processing /home/airflow/.local/lib/python3.12/site-packages/airflow/example_dags/example_bash_operator.py took 0.121 seconds
[2025-11-01T12:53:57.880+0000] {processor.py:186} INFO - Started process (PID=1564) to work on /home/airflow/.local/lib/python3.12/site-packages/airflow/example_dags/example_bash_operator.py
[2025-11-01T12:53:57.882+0000] {processor.py:914} INFO - Processing file /home/airflow/.local/lib/python3.12/site-packages/airflow/example_dags/example_bash_operator.py for tasks to queue
[2025-11-01T12:53:57.886+0000] {logging_mixin.py:190} INFO - [2025-11-01T12:53:57.885+0000] {dagbag.py:588} INFO - Filling up the DagBag from /home/airflow/.local/lib/python3.12/site-packages/airflow/example_dags/example_bash_operator.py
[2025-11-01T12:53:57.908+0000] {processor.py:925} INFO - DAG(s) 'example_bash_operator' retrieved from /home/airflow/.local/lib/python3.12/site-packages/airflow/example_dags/example_bash_operator.py
[2025-11-01T12:53:57.945+0000] {logging_mixin.py:190} INFO - [2025-11-01T12:53:57.944+0000] {dag.py:3239} INFO - Sync 1 DAGs
[2025-11-01T12:53:57.976+0000] {logging_mixin.py:190} INFO - [2025-11-01T12:53:57.976+0000] {dag.py:4180} INFO - Setting next_dagrun for example_bash_operator to 2025-10-31 00:00:00+00:00, run_after=2025-11-01 00:00:00+00:00
[2025-11-01T12:53:58.001+0000] {processor.py:208} INFO - Processing /home/airflow/.local/lib/python3.12/site-packages/airflow/example_dags/example_bash_operator.py took 0.129 seconds
[2025-11-01T12:54:28.491+0000] {processor.py:186} INFO - Started process (PID=1635) to work on /home/airflow/.local/lib/python3.12/site-packages/airflow/example_dags/example_bash_operator.py
[2025-11-01T12:54:28.493+0000] {processor.py:914} INFO - Processing file /home/airflow/.local/lib/python3.12/site-packages/airflow/example_dags/example_bash_operator.py for tasks to queue
[2025-11-01T12:54:28.497+0000] {logging_mixin.py:190} INFO - [2025-11-01T12:54:28.496+0000] {dagbag.py:588} INFO - Filling up the DagBag from /home/airflow/.local/lib/python3.12/site-packages/airflow/example_dags/example_bash_operator.py
[2025-11-01T12:54:28.520+0000] {processor.py:925} INFO - DAG(s) 'example_bash_operator' retrieved from /home/airflow/.local/lib/python3.12/site-packages/airflow/example_dags/example_bash_operator.py
[2025-11-01T12:54:28.555+0000] {logging_mixin.py:190} INFO - [2025-11-01T12:54:28.555+0000] {dag.py:3239} INFO - Sync 1 DAGs
[2025-11-01T12:54:28.583+0000] {logging_mixin.py:190} INFO - [2025-11-01T12:54:28.583+0000] {dag.py:4180} INFO - Setting next_dagrun for example_bash_operator to 2025-10-31 00:00:00+00:00, run_after=2025-11-01 00:00:00+00:00
[2025-11-01T12:54:28.606+0000] {processor.py:208} INFO - Processing /home/airflow/.local/lib/python3.12/site-packages/airflow/example_dags/example_bash_operator.py took 0.125 seconds
[2025-11-01T12:54:58.820+0000] {processor.py:186} INFO - Started process (PID=1706) to work on /home/airflow/.local/lib/python3.12/site-packages/airflow/example_dags/example_bash_operator.py
[2025-11-01T12:54:58.822+0000] {processor.py:914} INFO - Processing file /home/airflow/.local/lib/python3.12/site-packages/airflow/example_dags/example_bash_operator.py for tasks to queue
[2025-11-01T12:54:58.827+0000] {logging_mixin.py:190} INFO - [2025-11-01T12:54:58.827+0000] {dagbag.py:588} INFO - Filling up the DagBag from /home/airflow/.local/lib/python3.12/site-packages/airflow/example_dags/example_bash_operator.py
[2025-11-01T12:54:58.846+0000] {processor.py:925} INFO - DAG(s) 'example_bash_operator' retrieved from /home/airflow/.local/lib/python3.12/site-packages/airflow/example_dags/example_bash_operator.py
[2025-11-01T12:54:58.876+0000] {logging_mixin.py:190} INFO - [2025-11-01T12:54:58.876+0000] {dag.py:3239} INFO - Sync 1 DAGs
[2025-11-01T12:54:58.902+0000] {logging_mixin.py:190} INFO - [2025-11-01T12:54:58.902+0000] {dag.py:4180} INFO - Setting next_dagrun for example_bash_operator to 2025-10-31 00:00:00+00:00, run_after=2025-11-01 00:00:00+00:00
[2025-11-01T12:54:58.923+0000] {processor.py:208} INFO - Processing /home/airflow/.local/lib/python3.12/site-packages/airflow/example_dags/example_bash_operator.py took 0.111 seconds
[2025-11-01T12:55:29.055+0000] {processor.py:186} INFO - Started process (PID=1777) to work on /home/airflow/.local/lib/python3.12/site-packages/airflow/example_dags/example_bash_operator.py
[2025-11-01T12:55:29.056+0000] {processor.py:914} INFO - Processing file /home/airflow/.local/lib/python3.12/site-packages/airflow/example_dags/example_bash_operator.py for tasks to queue
[2025-11-01T12:55:29.060+0000] {logging_mixin.py:190} INFO - [2025-11-01T12:55:29.059+0000] {dagbag.py:588} INFO - Filling up the DagBag from /home/airflow/.local/lib/python3.12/site-packages/airflow/example_dags/example_bash_operator.py
[2025-11-01T12:55:29.078+0000] {processor.py:925} INFO - DAG(s) 'example_bash_operator' retrieved from /home/airflow/.local/lib/python3.12/site-packages/airflow/example_dags/example_bash_operator.py
[2025-11-01T12:55:29.109+0000] {logging_mixin.py:190} INFO - [2025-11-01T12:55:29.109+0000] {dag.py:3239} INFO - Sync 1 DAGs
[2025-11-01T12:55:29.135+0000] {logging_mixin.py:190} INFO - [2025-11-01T12:55:29.135+0000] {dag.py:4180} INFO - Setting next_dagrun for example_bash_operator to 2025-10-31 00:00:00+00:00, run_after=2025-11-01 00:00:00+00:00
[2025-11-01T12:55:29.155+0000] {processor.py:208} INFO - Processing /home/airflow/.local/lib/python3.12/site-packages/airflow/example_dags/example_bash_operator.py took 0.107 seconds
[2025-11-01T12:55:59.509+0000] {processor.py:186} INFO - Started process (PID=1848) to work on /home/airflow/.local/lib/python3.12/site-packages/airflow/example_dags/example_bash_operator.py
[2025-11-01T12:55:59.511+0000] {processor.py:914} INFO - Processing file /home/airflow/.local/lib/python3.12/site-packages/airflow/example_dags/example_bash_operator.py for tasks to queue
[2025-11-01T12:55:59.514+0000] {logging_mixin.py:190} INFO - [2025-11-01T12:55:59.514+0000] {dagbag.py:588} INFO - Filling up the DagBag from /home/airflow/.local/lib/python3.12/site-packages/airflow/example_dags/example_bash_operator.py
[2025-11-01T12:55:59.531+0000] {processor.py:925} INFO - DAG(s) 'example_bash_operator' retrieved from /home/airflow/.local/lib/python3.12/site-packages/airflow/example_dags/example_bash_operator.py
[2025-11-01T12:55:59.560+0000] {logging_mixin.py:190} INFO - [2025-11-01T12:55:59.560+0000] {dag.py:3239} INFO - Sync 1 DAGs
[2025-11-01T12:55:59.586+0000] {logging_mixin.py:190} INFO - [2025-11-01T12:55:59.586+0000] {dag.py:4180} INFO - Setting next_dagrun for example_bash_operator to 2025-10-31 00:00:00+00:00, run_after=2025-11-01 00:00:00+00:00
[2025-11-01T12:55:59.606+0000] {processor.py:208} INFO - Processing /home/airflow/.local/lib/python3.12/site-packages/airflow/example_dags/example_bash_operator.py took 0.104 seconds
[2025-11-01T12:56:29.973+0000] {processor.py:186} INFO - Started process (PID=1919) to work on /home/airflow/.local/lib/python3.12/site-packages/airflow/example_dags/example_bash_operator.py
[2025-11-01T12:56:29.975+0000] {processor.py:914} INFO - Processing file /home/airflow/.local/lib/python3.12/site-packages/airflow/example_dags/example_bash_operator.py for tasks to queue
[2025-11-01T12:56:29.978+0000] {logging_mixin.py:190} INFO - [2025-11-01T12:56:29.978+0000] {dagbag.py:588} INFO - Filling up the DagBag from /home/airflow/.local/lib/python3.12/site-packages/airflow/example_dags/example_bash_operator.py
[2025-11-01T12:56:29.994+0000] {processor.py:925} INFO - DAG(s) 'example_bash_operator' retrieved from /home/airflow/.local/lib/python3.12/site-packages/airflow/example_dags/example_bash_operator.py
[2025-11-01T12:56:30.023+0000] {logging_mixin.py:190} INFO - [2025-11-01T12:56:30.023+0000] {dag.py:3239} INFO - Sync 1 DAGs
[2025-11-01T12:56:30.051+0000] {logging_mixin.py:190} INFO - [2025-11-01T12:56:30.050+0000] {dag.py:4180} INFO - Setting next_dagrun for example_bash_operator to 2025-10-31 00:00:00+00:00, run_after=2025-11-01 00:00:00+00:00
[2025-11-01T12:56:30.073+0000] {processor.py:208} INFO - Processing /home/airflow/.local/lib/python3.12/site-packages/airflow/example_dags/example_bash_operator.py took 0.107 seconds
