[2025-11-01T12:43:43.143+0000] {processor.py:186} INFO - Started process (PID=130) to work on /home/airflow/.local/lib/python3.12/site-packages/airflow/example_dags/example_setup_teardown.py
[2025-11-01T12:43:43.144+0000] {processor.py:914} INFO - Processing file /home/airflow/.local/lib/python3.12/site-packages/airflow/example_dags/example_setup_teardown.py for tasks to queue
[2025-11-01T12:43:43.148+0000] {logging_mixin.py:190} INFO - [2025-11-01T12:43:43.148+0000] {dagbag.py:588} INFO - Filling up the DagBag from /home/airflow/.local/lib/python3.12/site-packages/airflow/example_dags/example_setup_teardown.py
[2025-11-01T12:43:43.164+0000] {processor.py:925} INFO - DAG(s) 'example_setup_teardown' retrieved from /home/airflow/.local/lib/python3.12/site-packages/airflow/example_dags/example_setup_teardown.py
[2025-11-01T12:43:43.311+0000] {logging_mixin.py:190} INFO - [2025-11-01T12:43:43.311+0000] {override.py:1911} INFO - Created Permission View: can delete on DAG:example_setup_teardown
[2025-11-01T12:43:43.331+0000] {logging_mixin.py:190} INFO - [2025-11-01T12:43:43.330+0000] {override.py:1911} INFO - Created Permission View: can edit on DAG:example_setup_teardown
[2025-11-01T12:43:43.343+0000] {logging_mixin.py:190} INFO - [2025-11-01T12:43:43.343+0000] {override.py:1911} INFO - Created Permission View: can read on DAG:example_setup_teardown
[2025-11-01T12:43:43.356+0000] {logging_mixin.py:190} INFO - [2025-11-01T12:43:43.356+0000] {override.py:1911} INFO - Created Permission View: menu access on DAG Run:example_setup_teardown
[2025-11-01T12:43:43.370+0000] {logging_mixin.py:190} INFO - [2025-11-01T12:43:43.369+0000] {override.py:1911} INFO - Created Permission View: can delete on DAG Run:example_setup_teardown
[2025-11-01T12:43:43.381+0000] {logging_mixin.py:190} INFO - [2025-11-01T12:43:43.381+0000] {override.py:1911} INFO - Created Permission View: can create on DAG Run:example_setup_teardown
[2025-11-01T12:43:43.391+0000] {logging_mixin.py:190} INFO - [2025-11-01T12:43:43.391+0000] {override.py:1911} INFO - Created Permission View: can read on DAG Run:example_setup_teardown
[2025-11-01T12:43:43.392+0000] {logging_mixin.py:190} INFO - [2025-11-01T12:43:43.392+0000] {dag.py:3239} INFO - Sync 1 DAGs
[2025-11-01T12:43:43.408+0000] {logging_mixin.py:190} INFO - [2025-11-01T12:43:43.408+0000] {dag.py:3262} INFO - Creating ORM DAG for example_setup_teardown
[2025-11-01T12:43:43.409+0000] {logging_mixin.py:190} INFO - [2025-11-01T12:43:43.409+0000] {dag.py:4180} INFO - Setting next_dagrun for example_setup_teardown to None, run_after=None
[2025-11-01T12:43:43.440+0000] {processor.py:208} INFO - Processing /home/airflow/.local/lib/python3.12/site-packages/airflow/example_dags/example_setup_teardown.py took 0.305 seconds
[2025-11-01T12:44:14.312+0000] {processor.py:186} INFO - Started process (PID=200) to work on /home/airflow/.local/lib/python3.12/site-packages/airflow/example_dags/example_setup_teardown.py
[2025-11-01T12:44:14.313+0000] {processor.py:914} INFO - Processing file /home/airflow/.local/lib/python3.12/site-packages/airflow/example_dags/example_setup_teardown.py for tasks to queue
[2025-11-01T12:44:14.317+0000] {logging_mixin.py:190} INFO - [2025-11-01T12:44:14.316+0000] {dagbag.py:588} INFO - Filling up the DagBag from /home/airflow/.local/lib/python3.12/site-packages/airflow/example_dags/example_setup_teardown.py
[2025-11-01T12:44:14.329+0000] {processor.py:925} INFO - DAG(s) 'example_setup_teardown' retrieved from /home/airflow/.local/lib/python3.12/site-packages/airflow/example_dags/example_setup_teardown.py
[2025-11-01T12:44:14.359+0000] {logging_mixin.py:190} INFO - [2025-11-01T12:44:14.358+0000] {dag.py:3239} INFO - Sync 1 DAGs
[2025-11-01T12:44:14.376+0000] {logging_mixin.py:190} INFO - [2025-11-01T12:44:14.376+0000] {dag.py:4180} INFO - Setting next_dagrun for example_setup_teardown to None, run_after=None
[2025-11-01T12:44:14.401+0000] {processor.py:208} INFO - Processing /home/airflow/.local/lib/python3.12/site-packages/airflow/example_dags/example_setup_teardown.py took 0.097 seconds
[2025-11-01T12:44:44.649+0000] {processor.py:186} INFO - Started process (PID=270) to work on /home/airflow/.local/lib/python3.12/site-packages/airflow/example_dags/example_setup_teardown.py
[2025-11-01T12:44:44.650+0000] {processor.py:914} INFO - Processing file /home/airflow/.local/lib/python3.12/site-packages/airflow/example_dags/example_setup_teardown.py for tasks to queue
[2025-11-01T12:44:44.654+0000] {logging_mixin.py:190} INFO - [2025-11-01T12:44:44.653+0000] {dagbag.py:588} INFO - Filling up the DagBag from /home/airflow/.local/lib/python3.12/site-packages/airflow/example_dags/example_setup_teardown.py
[2025-11-01T12:44:44.665+0000] {processor.py:925} INFO - DAG(s) 'example_setup_teardown' retrieved from /home/airflow/.local/lib/python3.12/site-packages/airflow/example_dags/example_setup_teardown.py
[2025-11-01T12:44:44.692+0000] {logging_mixin.py:190} INFO - [2025-11-01T12:44:44.692+0000] {dag.py:3239} INFO - Sync 1 DAGs
[2025-11-01T12:44:44.708+0000] {logging_mixin.py:190} INFO - [2025-11-01T12:44:44.707+0000] {dag.py:4180} INFO - Setting next_dagrun for example_setup_teardown to None, run_after=None
[2025-11-01T12:44:44.729+0000] {processor.py:208} INFO - Processing /home/airflow/.local/lib/python3.12/site-packages/airflow/example_dags/example_setup_teardown.py took 0.088 seconds
[2025-11-01T12:45:14.842+0000] {processor.py:186} INFO - Started process (PID=340) to work on /home/airflow/.local/lib/python3.12/site-packages/airflow/example_dags/example_setup_teardown.py
[2025-11-01T12:45:14.844+0000] {processor.py:914} INFO - Processing file /home/airflow/.local/lib/python3.12/site-packages/airflow/example_dags/example_setup_teardown.py for tasks to queue
[2025-11-01T12:45:14.847+0000] {logging_mixin.py:190} INFO - [2025-11-01T12:45:14.846+0000] {dagbag.py:588} INFO - Filling up the DagBag from /home/airflow/.local/lib/python3.12/site-packages/airflow/example_dags/example_setup_teardown.py
[2025-11-01T12:45:14.861+0000] {processor.py:925} INFO - DAG(s) 'example_setup_teardown' retrieved from /home/airflow/.local/lib/python3.12/site-packages/airflow/example_dags/example_setup_teardown.py
[2025-11-01T12:45:14.888+0000] {logging_mixin.py:190} INFO - [2025-11-01T12:45:14.888+0000] {dag.py:3239} INFO - Sync 1 DAGs
[2025-11-01T12:45:14.911+0000] {logging_mixin.py:190} INFO - [2025-11-01T12:45:14.910+0000] {dag.py:4180} INFO - Setting next_dagrun for example_setup_teardown to None, run_after=None
[2025-11-01T12:45:14.934+0000] {processor.py:208} INFO - Processing /home/airflow/.local/lib/python3.12/site-packages/airflow/example_dags/example_setup_teardown.py took 0.099 seconds
[2025-11-01T12:45:45.303+0000] {processor.py:186} INFO - Started process (PID=411) to work on /home/airflow/.local/lib/python3.12/site-packages/airflow/example_dags/example_setup_teardown.py
[2025-11-01T12:45:45.305+0000] {processor.py:914} INFO - Processing file /home/airflow/.local/lib/python3.12/site-packages/airflow/example_dags/example_setup_teardown.py for tasks to queue
[2025-11-01T12:45:45.309+0000] {logging_mixin.py:190} INFO - [2025-11-01T12:45:45.308+0000] {dagbag.py:588} INFO - Filling up the DagBag from /home/airflow/.local/lib/python3.12/site-packages/airflow/example_dags/example_setup_teardown.py
[2025-11-01T12:45:45.322+0000] {processor.py:925} INFO - DAG(s) 'example_setup_teardown' retrieved from /home/airflow/.local/lib/python3.12/site-packages/airflow/example_dags/example_setup_teardown.py
[2025-11-01T12:45:45.349+0000] {logging_mixin.py:190} INFO - [2025-11-01T12:45:45.349+0000] {dag.py:3239} INFO - Sync 1 DAGs
[2025-11-01T12:45:45.368+0000] {logging_mixin.py:190} INFO - [2025-11-01T12:45:45.367+0000] {dag.py:4180} INFO - Setting next_dagrun for example_setup_teardown to None, run_after=None
[2025-11-01T12:45:45.392+0000] {processor.py:208} INFO - Processing /home/airflow/.local/lib/python3.12/site-packages/airflow/example_dags/example_setup_teardown.py took 0.096 seconds
[2025-11-01T12:46:16.413+0000] {processor.py:186} INFO - Started process (PID=481) to work on /home/airflow/.local/lib/python3.12/site-packages/airflow/example_dags/example_setup_teardown.py
[2025-11-01T12:46:16.442+0000] {processor.py:914} INFO - Processing file /home/airflow/.local/lib/python3.12/site-packages/airflow/example_dags/example_setup_teardown.py for tasks to queue
[2025-11-01T12:46:16.445+0000] {logging_mixin.py:190} INFO - [2025-11-01T12:46:16.445+0000] {dagbag.py:588} INFO - Filling up the DagBag from /home/airflow/.local/lib/python3.12/site-packages/airflow/example_dags/example_setup_teardown.py
[2025-11-01T12:46:16.458+0000] {processor.py:925} INFO - DAG(s) 'example_setup_teardown' retrieved from /home/airflow/.local/lib/python3.12/site-packages/airflow/example_dags/example_setup_teardown.py
[2025-11-01T12:46:16.490+0000] {logging_mixin.py:190} INFO - [2025-11-01T12:46:16.490+0000] {dag.py:3239} INFO - Sync 1 DAGs
[2025-11-01T12:46:16.505+0000] {logging_mixin.py:190} INFO - [2025-11-01T12:46:16.505+0000] {dag.py:4180} INFO - Setting next_dagrun for example_setup_teardown to None, run_after=None
[2025-11-01T12:46:16.528+0000] {processor.py:208} INFO - Processing /home/airflow/.local/lib/python3.12/site-packages/airflow/example_dags/example_setup_teardown.py took 0.123 seconds
[2025-11-01T12:46:47.554+0000] {processor.py:186} INFO - Started process (PID=551) to work on /home/airflow/.local/lib/python3.12/site-packages/airflow/example_dags/example_setup_teardown.py
[2025-11-01T12:46:47.556+0000] {processor.py:914} INFO - Processing file /home/airflow/.local/lib/python3.12/site-packages/airflow/example_dags/example_setup_teardown.py for tasks to queue
[2025-11-01T12:46:47.560+0000] {logging_mixin.py:190} INFO - [2025-11-01T12:46:47.560+0000] {dagbag.py:588} INFO - Filling up the DagBag from /home/airflow/.local/lib/python3.12/site-packages/airflow/example_dags/example_setup_teardown.py
[2025-11-01T12:46:47.574+0000] {processor.py:925} INFO - DAG(s) 'example_setup_teardown' retrieved from /home/airflow/.local/lib/python3.12/site-packages/airflow/example_dags/example_setup_teardown.py
[2025-11-01T12:46:47.608+0000] {logging_mixin.py:190} INFO - [2025-11-01T12:46:47.608+0000] {dag.py:3239} INFO - Sync 1 DAGs
[2025-11-01T12:46:47.630+0000] {logging_mixin.py:190} INFO - [2025-11-01T12:46:47.630+0000] {dag.py:4180} INFO - Setting next_dagrun for example_setup_teardown to None, run_after=None
[2025-11-01T12:46:47.661+0000] {processor.py:208} INFO - Processing /home/airflow/.local/lib/python3.12/site-packages/airflow/example_dags/example_setup_teardown.py took 0.118 seconds
[2025-11-01T12:47:18.687+0000] {processor.py:186} INFO - Started process (PID=621) to work on /home/airflow/.local/lib/python3.12/site-packages/airflow/example_dags/example_setup_teardown.py
[2025-11-01T12:47:18.688+0000] {processor.py:914} INFO - Processing file /home/airflow/.local/lib/python3.12/site-packages/airflow/example_dags/example_setup_teardown.py for tasks to queue
[2025-11-01T12:47:18.692+0000] {logging_mixin.py:190} INFO - [2025-11-01T12:47:18.691+0000] {dagbag.py:588} INFO - Filling up the DagBag from /home/airflow/.local/lib/python3.12/site-packages/airflow/example_dags/example_setup_teardown.py
[2025-11-01T12:47:18.704+0000] {processor.py:925} INFO - DAG(s) 'example_setup_teardown' retrieved from /home/airflow/.local/lib/python3.12/site-packages/airflow/example_dags/example_setup_teardown.py
[2025-11-01T12:47:18.734+0000] {logging_mixin.py:190} INFO - [2025-11-01T12:47:18.734+0000] {dag.py:3239} INFO - Sync 1 DAGs
[2025-11-01T12:47:18.750+0000] {logging_mixin.py:190} INFO - [2025-11-01T12:47:18.749+0000] {dag.py:4180} INFO - Setting next_dagrun for example_setup_teardown to None, run_after=None
[2025-11-01T12:47:18.772+0000] {processor.py:208} INFO - Processing /home/airflow/.local/lib/python3.12/site-packages/airflow/example_dags/example_setup_teardown.py took 0.093 seconds
[2025-11-01T12:47:49.453+0000] {processor.py:186} INFO - Started process (PID=691) to work on /home/airflow/.local/lib/python3.12/site-packages/airflow/example_dags/example_setup_teardown.py
[2025-11-01T12:47:49.455+0000] {processor.py:914} INFO - Processing file /home/airflow/.local/lib/python3.12/site-packages/airflow/example_dags/example_setup_teardown.py for tasks to queue
[2025-11-01T12:47:49.459+0000] {logging_mixin.py:190} INFO - [2025-11-01T12:47:49.459+0000] {dagbag.py:588} INFO - Filling up the DagBag from /home/airflow/.local/lib/python3.12/site-packages/airflow/example_dags/example_setup_teardown.py
[2025-11-01T12:47:49.480+0000] {processor.py:925} INFO - DAG(s) 'example_setup_teardown' retrieved from /home/airflow/.local/lib/python3.12/site-packages/airflow/example_dags/example_setup_teardown.py
[2025-11-01T12:47:49.508+0000] {logging_mixin.py:190} INFO - [2025-11-01T12:47:49.508+0000] {dag.py:3239} INFO - Sync 1 DAGs
[2025-11-01T12:47:49.529+0000] {logging_mixin.py:190} INFO - [2025-11-01T12:47:49.529+0000] {dag.py:4180} INFO - Setting next_dagrun for example_setup_teardown to None, run_after=None
[2025-11-01T12:47:49.562+0000] {processor.py:208} INFO - Processing /home/airflow/.local/lib/python3.12/site-packages/airflow/example_dags/example_setup_teardown.py took 0.118 seconds
[2025-11-01T12:48:20.038+0000] {processor.py:186} INFO - Started process (PID=761) to work on /home/airflow/.local/lib/python3.12/site-packages/airflow/example_dags/example_setup_teardown.py
[2025-11-01T12:48:20.039+0000] {processor.py:914} INFO - Processing file /home/airflow/.local/lib/python3.12/site-packages/airflow/example_dags/example_setup_teardown.py for tasks to queue
[2025-11-01T12:48:20.043+0000] {logging_mixin.py:190} INFO - [2025-11-01T12:48:20.042+0000] {dagbag.py:588} INFO - Filling up the DagBag from /home/airflow/.local/lib/python3.12/site-packages/airflow/example_dags/example_setup_teardown.py
[2025-11-01T12:48:20.055+0000] {processor.py:925} INFO - DAG(s) 'example_setup_teardown' retrieved from /home/airflow/.local/lib/python3.12/site-packages/airflow/example_dags/example_setup_teardown.py
[2025-11-01T12:48:20.081+0000] {logging_mixin.py:190} INFO - [2025-11-01T12:48:20.081+0000] {dag.py:3239} INFO - Sync 1 DAGs
[2025-11-01T12:48:20.097+0000] {logging_mixin.py:190} INFO - [2025-11-01T12:48:20.097+0000] {dag.py:4180} INFO - Setting next_dagrun for example_setup_teardown to None, run_after=None
[2025-11-01T12:48:20.118+0000] {processor.py:208} INFO - Processing /home/airflow/.local/lib/python3.12/site-packages/airflow/example_dags/example_setup_teardown.py took 0.089 seconds
[2025-11-01T12:48:50.742+0000] {processor.py:186} INFO - Started process (PID=832) to work on /home/airflow/.local/lib/python3.12/site-packages/airflow/example_dags/example_setup_teardown.py
[2025-11-01T12:48:50.743+0000] {processor.py:914} INFO - Processing file /home/airflow/.local/lib/python3.12/site-packages/airflow/example_dags/example_setup_teardown.py for tasks to queue
[2025-11-01T12:48:50.747+0000] {logging_mixin.py:190} INFO - [2025-11-01T12:48:50.746+0000] {dagbag.py:588} INFO - Filling up the DagBag from /home/airflow/.local/lib/python3.12/site-packages/airflow/example_dags/example_setup_teardown.py
[2025-11-01T12:48:50.759+0000] {processor.py:925} INFO - DAG(s) 'example_setup_teardown' retrieved from /home/airflow/.local/lib/python3.12/site-packages/airflow/example_dags/example_setup_teardown.py
[2025-11-01T12:48:50.783+0000] {logging_mixin.py:190} INFO - [2025-11-01T12:48:50.783+0000] {dag.py:3239} INFO - Sync 1 DAGs
[2025-11-01T12:48:50.799+0000] {logging_mixin.py:190} INFO - [2025-11-01T12:48:50.799+0000] {dag.py:4180} INFO - Setting next_dagrun for example_setup_teardown to None, run_after=None
[2025-11-01T12:48:50.821+0000] {processor.py:208} INFO - Processing /home/airflow/.local/lib/python3.12/site-packages/airflow/example_dags/example_setup_teardown.py took 0.087 seconds
[2025-11-01T12:49:21.173+0000] {processor.py:186} INFO - Started process (PID=903) to work on /home/airflow/.local/lib/python3.12/site-packages/airflow/example_dags/example_setup_teardown.py
[2025-11-01T12:49:21.175+0000] {processor.py:914} INFO - Processing file /home/airflow/.local/lib/python3.12/site-packages/airflow/example_dags/example_setup_teardown.py for tasks to queue
[2025-11-01T12:49:21.179+0000] {logging_mixin.py:190} INFO - [2025-11-01T12:49:21.178+0000] {dagbag.py:588} INFO - Filling up the DagBag from /home/airflow/.local/lib/python3.12/site-packages/airflow/example_dags/example_setup_teardown.py
[2025-11-01T12:49:21.191+0000] {processor.py:925} INFO - DAG(s) 'example_setup_teardown' retrieved from /home/airflow/.local/lib/python3.12/site-packages/airflow/example_dags/example_setup_teardown.py
[2025-11-01T12:49:21.217+0000] {logging_mixin.py:190} INFO - [2025-11-01T12:49:21.217+0000] {dag.py:3239} INFO - Sync 1 DAGs
[2025-11-01T12:49:21.233+0000] {logging_mixin.py:190} INFO - [2025-11-01T12:49:21.233+0000] {dag.py:4180} INFO - Setting next_dagrun for example_setup_teardown to None, run_after=None
[2025-11-01T12:49:21.255+0000] {processor.py:208} INFO - Processing /home/airflow/.local/lib/python3.12/site-packages/airflow/example_dags/example_setup_teardown.py took 0.089 seconds
[2025-11-01T12:49:51.610+0000] {processor.py:186} INFO - Started process (PID=975) to work on /home/airflow/.local/lib/python3.12/site-packages/airflow/example_dags/example_setup_teardown.py
[2025-11-01T12:49:51.611+0000] {processor.py:914} INFO - Processing file /home/airflow/.local/lib/python3.12/site-packages/airflow/example_dags/example_setup_teardown.py for tasks to queue
[2025-11-01T12:49:51.616+0000] {logging_mixin.py:190} INFO - [2025-11-01T12:49:51.616+0000] {dagbag.py:588} INFO - Filling up the DagBag from /home/airflow/.local/lib/python3.12/site-packages/airflow/example_dags/example_setup_teardown.py
[2025-11-01T12:49:51.631+0000] {processor.py:925} INFO - DAG(s) 'example_setup_teardown' retrieved from /home/airflow/.local/lib/python3.12/site-packages/airflow/example_dags/example_setup_teardown.py
[2025-11-01T12:49:51.659+0000] {logging_mixin.py:190} INFO - [2025-11-01T12:49:51.659+0000] {dag.py:3239} INFO - Sync 1 DAGs
[2025-11-01T12:49:51.677+0000] {logging_mixin.py:190} INFO - [2025-11-01T12:49:51.676+0000] {dag.py:4180} INFO - Setting next_dagrun for example_setup_teardown to None, run_after=None
[2025-11-01T12:49:51.701+0000] {processor.py:208} INFO - Processing /home/airflow/.local/lib/python3.12/site-packages/airflow/example_dags/example_setup_teardown.py took 0.101 seconds
[2025-11-01T12:50:21.952+0000] {processor.py:186} INFO - Started process (PID=1050) to work on /home/airflow/.local/lib/python3.12/site-packages/airflow/example_dags/example_setup_teardown.py
[2025-11-01T12:50:21.954+0000] {processor.py:914} INFO - Processing file /home/airflow/.local/lib/python3.12/site-packages/airflow/example_dags/example_setup_teardown.py for tasks to queue
[2025-11-01T12:50:21.957+0000] {logging_mixin.py:190} INFO - [2025-11-01T12:50:21.957+0000] {dagbag.py:588} INFO - Filling up the DagBag from /home/airflow/.local/lib/python3.12/site-packages/airflow/example_dags/example_setup_teardown.py
[2025-11-01T12:50:21.970+0000] {processor.py:925} INFO - DAG(s) 'example_setup_teardown' retrieved from /home/airflow/.local/lib/python3.12/site-packages/airflow/example_dags/example_setup_teardown.py
[2025-11-01T12:50:21.995+0000] {logging_mixin.py:190} INFO - [2025-11-01T12:50:21.994+0000] {dag.py:3239} INFO - Sync 1 DAGs
[2025-11-01T12:50:22.011+0000] {logging_mixin.py:190} INFO - [2025-11-01T12:50:22.010+0000] {dag.py:4180} INFO - Setting next_dagrun for example_setup_teardown to None, run_after=None
[2025-11-01T12:50:22.033+0000] {processor.py:208} INFO - Processing /home/airflow/.local/lib/python3.12/site-packages/airflow/example_dags/example_setup_teardown.py took 0.088 seconds
[2025-11-01T12:50:52.591+0000] {processor.py:186} INFO - Started process (PID=1121) to work on /home/airflow/.local/lib/python3.12/site-packages/airflow/example_dags/example_setup_teardown.py
[2025-11-01T12:50:52.593+0000] {processor.py:914} INFO - Processing file /home/airflow/.local/lib/python3.12/site-packages/airflow/example_dags/example_setup_teardown.py for tasks to queue
[2025-11-01T12:50:52.597+0000] {logging_mixin.py:190} INFO - [2025-11-01T12:50:52.596+0000] {dagbag.py:588} INFO - Filling up the DagBag from /home/airflow/.local/lib/python3.12/site-packages/airflow/example_dags/example_setup_teardown.py
[2025-11-01T12:50:52.611+0000] {processor.py:925} INFO - DAG(s) 'example_setup_teardown' retrieved from /home/airflow/.local/lib/python3.12/site-packages/airflow/example_dags/example_setup_teardown.py
[2025-11-01T12:50:52.640+0000] {logging_mixin.py:190} INFO - [2025-11-01T12:50:52.640+0000] {dag.py:3239} INFO - Sync 1 DAGs
[2025-11-01T12:50:52.659+0000] {logging_mixin.py:190} INFO - [2025-11-01T12:50:52.659+0000] {dag.py:4180} INFO - Setting next_dagrun for example_setup_teardown to None, run_after=None
[2025-11-01T12:50:52.685+0000] {processor.py:208} INFO - Processing /home/airflow/.local/lib/python3.12/site-packages/airflow/example_dags/example_setup_teardown.py took 0.102 seconds
[2025-11-01T12:51:23.014+0000] {processor.py:186} INFO - Started process (PID=1192) to work on /home/airflow/.local/lib/python3.12/site-packages/airflow/example_dags/example_setup_teardown.py
[2025-11-01T12:51:23.016+0000] {processor.py:914} INFO - Processing file /home/airflow/.local/lib/python3.12/site-packages/airflow/example_dags/example_setup_teardown.py for tasks to queue
[2025-11-01T12:51:23.020+0000] {logging_mixin.py:190} INFO - [2025-11-01T12:51:23.020+0000] {dagbag.py:588} INFO - Filling up the DagBag from /home/airflow/.local/lib/python3.12/site-packages/airflow/example_dags/example_setup_teardown.py
[2025-11-01T12:51:23.033+0000] {processor.py:925} INFO - DAG(s) 'example_setup_teardown' retrieved from /home/airflow/.local/lib/python3.12/site-packages/airflow/example_dags/example_setup_teardown.py
[2025-11-01T12:51:23.061+0000] {logging_mixin.py:190} INFO - [2025-11-01T12:51:23.061+0000] {dag.py:3239} INFO - Sync 1 DAGs
[2025-11-01T12:51:23.079+0000] {logging_mixin.py:190} INFO - [2025-11-01T12:51:23.078+0000] {dag.py:4180} INFO - Setting next_dagrun for example_setup_teardown to None, run_after=None
[2025-11-01T12:51:23.101+0000] {processor.py:208} INFO - Processing /home/airflow/.local/lib/python3.12/site-packages/airflow/example_dags/example_setup_teardown.py took 0.096 seconds
[2025-11-01T12:51:53.617+0000] {processor.py:186} INFO - Started process (PID=1263) to work on /home/airflow/.local/lib/python3.12/site-packages/airflow/example_dags/example_setup_teardown.py
[2025-11-01T12:51:53.618+0000] {processor.py:914} INFO - Processing file /home/airflow/.local/lib/python3.12/site-packages/airflow/example_dags/example_setup_teardown.py for tasks to queue
[2025-11-01T12:51:53.621+0000] {logging_mixin.py:190} INFO - [2025-11-01T12:51:53.621+0000] {dagbag.py:588} INFO - Filling up the DagBag from /home/airflow/.local/lib/python3.12/site-packages/airflow/example_dags/example_setup_teardown.py
[2025-11-01T12:51:53.634+0000] {processor.py:925} INFO - DAG(s) 'example_setup_teardown' retrieved from /home/airflow/.local/lib/python3.12/site-packages/airflow/example_dags/example_setup_teardown.py
[2025-11-01T12:51:53.665+0000] {logging_mixin.py:190} INFO - [2025-11-01T12:51:53.664+0000] {dag.py:3239} INFO - Sync 1 DAGs
[2025-11-01T12:51:53.681+0000] {logging_mixin.py:190} INFO - [2025-11-01T12:51:53.681+0000] {dag.py:4180} INFO - Setting next_dagrun for example_setup_teardown to None, run_after=None
[2025-11-01T12:51:53.703+0000] {processor.py:208} INFO - Processing /home/airflow/.local/lib/python3.12/site-packages/airflow/example_dags/example_setup_teardown.py took 0.095 seconds
[2025-11-01T12:52:25.024+0000] {processor.py:186} INFO - Started process (PID=1334) to work on /home/airflow/.local/lib/python3.12/site-packages/airflow/example_dags/example_setup_teardown.py
[2025-11-01T12:52:25.026+0000] {processor.py:914} INFO - Processing file /home/airflow/.local/lib/python3.12/site-packages/airflow/example_dags/example_setup_teardown.py for tasks to queue
[2025-11-01T12:52:25.029+0000] {logging_mixin.py:190} INFO - [2025-11-01T12:52:25.029+0000] {dagbag.py:588} INFO - Filling up the DagBag from /home/airflow/.local/lib/python3.12/site-packages/airflow/example_dags/example_setup_teardown.py
[2025-11-01T12:52:25.042+0000] {processor.py:925} INFO - DAG(s) 'example_setup_teardown' retrieved from /home/airflow/.local/lib/python3.12/site-packages/airflow/example_dags/example_setup_teardown.py
[2025-11-01T12:52:25.067+0000] {logging_mixin.py:190} INFO - [2025-11-01T12:52:25.066+0000] {dag.py:3239} INFO - Sync 1 DAGs
[2025-11-01T12:52:25.083+0000] {logging_mixin.py:190} INFO - [2025-11-01T12:52:25.083+0000] {dag.py:4180} INFO - Setting next_dagrun for example_setup_teardown to None, run_after=None
[2025-11-01T12:52:25.105+0000] {processor.py:208} INFO - Processing /home/airflow/.local/lib/python3.12/site-packages/airflow/example_dags/example_setup_teardown.py took 0.089 seconds
[2025-11-01T12:52:55.636+0000] {processor.py:186} INFO - Started process (PID=1405) to work on /home/airflow/.local/lib/python3.12/site-packages/airflow/example_dags/example_setup_teardown.py
[2025-11-01T12:52:55.637+0000] {processor.py:914} INFO - Processing file /home/airflow/.local/lib/python3.12/site-packages/airflow/example_dags/example_setup_teardown.py for tasks to queue
[2025-11-01T12:52:55.641+0000] {logging_mixin.py:190} INFO - [2025-11-01T12:52:55.640+0000] {dagbag.py:588} INFO - Filling up the DagBag from /home/airflow/.local/lib/python3.12/site-packages/airflow/example_dags/example_setup_teardown.py
[2025-11-01T12:52:55.653+0000] {processor.py:925} INFO - DAG(s) 'example_setup_teardown' retrieved from /home/airflow/.local/lib/python3.12/site-packages/airflow/example_dags/example_setup_teardown.py
[2025-11-01T12:52:55.680+0000] {logging_mixin.py:190} INFO - [2025-11-01T12:52:55.680+0000] {dag.py:3239} INFO - Sync 1 DAGs
[2025-11-01T12:52:55.705+0000] {logging_mixin.py:190} INFO - [2025-11-01T12:52:55.705+0000] {dag.py:4180} INFO - Setting next_dagrun for example_setup_teardown to None, run_after=None
[2025-11-01T12:52:55.732+0000] {processor.py:208} INFO - Processing /home/airflow/.local/lib/python3.12/site-packages/airflow/example_dags/example_setup_teardown.py took 0.104 seconds
[2025-11-01T12:53:26.022+0000] {processor.py:186} INFO - Started process (PID=1482) to work on /home/airflow/.local/lib/python3.12/site-packages/airflow/example_dags/example_setup_teardown.py
[2025-11-01T12:53:26.023+0000] {processor.py:914} INFO - Processing file /home/airflow/.local/lib/python3.12/site-packages/airflow/example_dags/example_setup_teardown.py for tasks to queue
[2025-11-01T12:53:26.029+0000] {logging_mixin.py:190} INFO - [2025-11-01T12:53:26.028+0000] {dagbag.py:588} INFO - Filling up the DagBag from /home/airflow/.local/lib/python3.12/site-packages/airflow/example_dags/example_setup_teardown.py
[2025-11-01T12:53:26.044+0000] {processor.py:925} INFO - DAG(s) 'example_setup_teardown' retrieved from /home/airflow/.local/lib/python3.12/site-packages/airflow/example_dags/example_setup_teardown.py
[2025-11-01T12:53:26.071+0000] {logging_mixin.py:190} INFO - [2025-11-01T12:53:26.071+0000] {dag.py:3239} INFO - Sync 1 DAGs
[2025-11-01T12:53:26.089+0000] {logging_mixin.py:190} INFO - [2025-11-01T12:53:26.089+0000] {dag.py:4180} INFO - Setting next_dagrun for example_setup_teardown to None, run_after=None
[2025-11-01T12:53:26.115+0000] {processor.py:208} INFO - Processing /home/airflow/.local/lib/python3.12/site-packages/airflow/example_dags/example_setup_teardown.py took 0.104 seconds
[2025-11-01T12:53:56.918+0000] {processor.py:186} INFO - Started process (PID=1554) to work on /home/airflow/.local/lib/python3.12/site-packages/airflow/example_dags/example_setup_teardown.py
[2025-11-01T12:53:56.920+0000] {processor.py:914} INFO - Processing file /home/airflow/.local/lib/python3.12/site-packages/airflow/example_dags/example_setup_teardown.py for tasks to queue
[2025-11-01T12:53:56.924+0000] {logging_mixin.py:190} INFO - [2025-11-01T12:53:56.923+0000] {dagbag.py:588} INFO - Filling up the DagBag from /home/airflow/.local/lib/python3.12/site-packages/airflow/example_dags/example_setup_teardown.py
[2025-11-01T12:53:56.938+0000] {processor.py:925} INFO - DAG(s) 'example_setup_teardown' retrieved from /home/airflow/.local/lib/python3.12/site-packages/airflow/example_dags/example_setup_teardown.py
[2025-11-01T12:53:56.965+0000] {logging_mixin.py:190} INFO - [2025-11-01T12:53:56.965+0000] {dag.py:3239} INFO - Sync 1 DAGs
[2025-11-01T12:53:56.983+0000] {logging_mixin.py:190} INFO - [2025-11-01T12:53:56.982+0000] {dag.py:4180} INFO - Setting next_dagrun for example_setup_teardown to None, run_after=None
[2025-11-01T12:53:57.005+0000] {processor.py:208} INFO - Processing /home/airflow/.local/lib/python3.12/site-packages/airflow/example_dags/example_setup_teardown.py took 0.094 seconds
[2025-11-01T12:54:27.404+0000] {processor.py:186} INFO - Started process (PID=1625) to work on /home/airflow/.local/lib/python3.12/site-packages/airflow/example_dags/example_setup_teardown.py
[2025-11-01T12:54:27.405+0000] {processor.py:914} INFO - Processing file /home/airflow/.local/lib/python3.12/site-packages/airflow/example_dags/example_setup_teardown.py for tasks to queue
[2025-11-01T12:54:27.409+0000] {logging_mixin.py:190} INFO - [2025-11-01T12:54:27.408+0000] {dagbag.py:588} INFO - Filling up the DagBag from /home/airflow/.local/lib/python3.12/site-packages/airflow/example_dags/example_setup_teardown.py
[2025-11-01T12:54:27.421+0000] {processor.py:925} INFO - DAG(s) 'example_setup_teardown' retrieved from /home/airflow/.local/lib/python3.12/site-packages/airflow/example_dags/example_setup_teardown.py
[2025-11-01T12:54:27.448+0000] {logging_mixin.py:190} INFO - [2025-11-01T12:54:27.448+0000] {dag.py:3239} INFO - Sync 1 DAGs
[2025-11-01T12:54:27.465+0000] {logging_mixin.py:190} INFO - [2025-11-01T12:54:27.465+0000] {dag.py:4180} INFO - Setting next_dagrun for example_setup_teardown to None, run_after=None
[2025-11-01T12:54:27.488+0000] {processor.py:208} INFO - Processing /home/airflow/.local/lib/python3.12/site-packages/airflow/example_dags/example_setup_teardown.py took 0.091 seconds
[2025-11-01T12:54:57.686+0000] {processor.py:186} INFO - Started process (PID=1696) to work on /home/airflow/.local/lib/python3.12/site-packages/airflow/example_dags/example_setup_teardown.py
[2025-11-01T12:54:57.688+0000] {processor.py:914} INFO - Processing file /home/airflow/.local/lib/python3.12/site-packages/airflow/example_dags/example_setup_teardown.py for tasks to queue
[2025-11-01T12:54:57.692+0000] {logging_mixin.py:190} INFO - [2025-11-01T12:54:57.691+0000] {dagbag.py:588} INFO - Filling up the DagBag from /home/airflow/.local/lib/python3.12/site-packages/airflow/example_dags/example_setup_teardown.py
[2025-11-01T12:54:57.705+0000] {processor.py:925} INFO - DAG(s) 'example_setup_teardown' retrieved from /home/airflow/.local/lib/python3.12/site-packages/airflow/example_dags/example_setup_teardown.py
[2025-11-01T12:54:57.731+0000] {logging_mixin.py:190} INFO - [2025-11-01T12:54:57.731+0000] {dag.py:3239} INFO - Sync 1 DAGs
[2025-11-01T12:54:57.747+0000] {logging_mixin.py:190} INFO - [2025-11-01T12:54:57.747+0000] {dag.py:4180} INFO - Setting next_dagrun for example_setup_teardown to None, run_after=None
[2025-11-01T12:54:57.769+0000] {processor.py:208} INFO - Processing /home/airflow/.local/lib/python3.12/site-packages/airflow/example_dags/example_setup_teardown.py took 0.090 seconds
[2025-11-01T12:55:28.042+0000] {processor.py:186} INFO - Started process (PID=1767) to work on /home/airflow/.local/lib/python3.12/site-packages/airflow/example_dags/example_setup_teardown.py
[2025-11-01T12:55:28.044+0000] {processor.py:914} INFO - Processing file /home/airflow/.local/lib/python3.12/site-packages/airflow/example_dags/example_setup_teardown.py for tasks to queue
[2025-11-01T12:55:28.048+0000] {logging_mixin.py:190} INFO - [2025-11-01T12:55:28.047+0000] {dagbag.py:588} INFO - Filling up the DagBag from /home/airflow/.local/lib/python3.12/site-packages/airflow/example_dags/example_setup_teardown.py
[2025-11-01T12:55:28.061+0000] {processor.py:925} INFO - DAG(s) 'example_setup_teardown' retrieved from /home/airflow/.local/lib/python3.12/site-packages/airflow/example_dags/example_setup_teardown.py
[2025-11-01T12:55:28.085+0000] {logging_mixin.py:190} INFO - [2025-11-01T12:55:28.085+0000] {dag.py:3239} INFO - Sync 1 DAGs
[2025-11-01T12:55:28.103+0000] {logging_mixin.py:190} INFO - [2025-11-01T12:55:28.103+0000] {dag.py:4180} INFO - Setting next_dagrun for example_setup_teardown to None, run_after=None
[2025-11-01T12:55:28.126+0000] {processor.py:208} INFO - Processing /home/airflow/.local/lib/python3.12/site-packages/airflow/example_dags/example_setup_teardown.py took 0.090 seconds
[2025-11-01T12:55:58.577+0000] {processor.py:186} INFO - Started process (PID=1838) to work on /home/airflow/.local/lib/python3.12/site-packages/airflow/example_dags/example_setup_teardown.py
[2025-11-01T12:55:58.578+0000] {processor.py:914} INFO - Processing file /home/airflow/.local/lib/python3.12/site-packages/airflow/example_dags/example_setup_teardown.py for tasks to queue
[2025-11-01T12:55:58.582+0000] {logging_mixin.py:190} INFO - [2025-11-01T12:55:58.581+0000] {dagbag.py:588} INFO - Filling up the DagBag from /home/airflow/.local/lib/python3.12/site-packages/airflow/example_dags/example_setup_teardown.py
[2025-11-01T12:55:58.594+0000] {processor.py:925} INFO - DAG(s) 'example_setup_teardown' retrieved from /home/airflow/.local/lib/python3.12/site-packages/airflow/example_dags/example_setup_teardown.py
[2025-11-01T12:55:58.621+0000] {logging_mixin.py:190} INFO - [2025-11-01T12:55:58.620+0000] {dag.py:3239} INFO - Sync 1 DAGs
[2025-11-01T12:55:58.638+0000] {logging_mixin.py:190} INFO - [2025-11-01T12:55:58.638+0000] {dag.py:4180} INFO - Setting next_dagrun for example_setup_teardown to None, run_after=None
[2025-11-01T12:55:58.660+0000] {processor.py:208} INFO - Processing /home/airflow/.local/lib/python3.12/site-packages/airflow/example_dags/example_setup_teardown.py took 0.091 seconds
[2025-11-01T12:56:28.822+0000] {processor.py:186} INFO - Started process (PID=1909) to work on /home/airflow/.local/lib/python3.12/site-packages/airflow/example_dags/example_setup_teardown.py
[2025-11-01T12:56:28.823+0000] {processor.py:914} INFO - Processing file /home/airflow/.local/lib/python3.12/site-packages/airflow/example_dags/example_setup_teardown.py for tasks to queue
[2025-11-01T12:56:28.827+0000] {logging_mixin.py:190} INFO - [2025-11-01T12:56:28.826+0000] {dagbag.py:588} INFO - Filling up the DagBag from /home/airflow/.local/lib/python3.12/site-packages/airflow/example_dags/example_setup_teardown.py
[2025-11-01T12:56:28.842+0000] {processor.py:925} INFO - DAG(s) 'example_setup_teardown' retrieved from /home/airflow/.local/lib/python3.12/site-packages/airflow/example_dags/example_setup_teardown.py
[2025-11-01T12:56:28.870+0000] {logging_mixin.py:190} INFO - [2025-11-01T12:56:28.869+0000] {dag.py:3239} INFO - Sync 1 DAGs
[2025-11-01T12:56:28.887+0000] {logging_mixin.py:190} INFO - [2025-11-01T12:56:28.887+0000] {dag.py:4180} INFO - Setting next_dagrun for example_setup_teardown to None, run_after=None
[2025-11-01T12:56:28.918+0000] {processor.py:208} INFO - Processing /home/airflow/.local/lib/python3.12/site-packages/airflow/example_dags/example_setup_teardown.py took 0.104 seconds
