[2025-11-01T12:43:39.800+0000] {processor.py:186} INFO - Started process (PID=115) to work on /home/airflow/.local/lib/python3.12/site-packages/airflow/example_dags/example_display_name.py
[2025-11-01T12:43:39.801+0000] {processor.py:914} INFO - Processing file /home/airflow/.local/lib/python3.12/site-packages/airflow/example_dags/example_display_name.py for tasks to queue
[2025-11-01T12:43:39.805+0000] {logging_mixin.py:190} INFO - [2025-11-01T12:43:39.805+0000] {dagbag.py:588} INFO - Filling up the DagBag from /home/airflow/.local/lib/python3.12/site-packages/airflow/example_dags/example_display_name.py
[2025-11-01T12:43:39.821+0000] {processor.py:925} INFO - DAG(s) 'example_display_name' retrieved from /home/airflow/.local/lib/python3.12/site-packages/airflow/example_dags/example_display_name.py
[2025-11-01T12:43:39.946+0000] {logging_mixin.py:190} INFO - [2025-11-01T12:43:39.946+0000] {override.py:1911} INFO - Created Permission View: can delete on DAG:example_display_name
[2025-11-01T12:43:39.959+0000] {logging_mixin.py:190} INFO - [2025-11-01T12:43:39.959+0000] {override.py:1911} INFO - Created Permission View: can edit on DAG:example_display_name
[2025-11-01T12:43:39.968+0000] {logging_mixin.py:190} INFO - [2025-11-01T12:43:39.967+0000] {override.py:1911} INFO - Created Permission View: can read on DAG:example_display_name
[2025-11-01T12:43:39.979+0000] {logging_mixin.py:190} INFO - [2025-11-01T12:43:39.978+0000] {override.py:1911} INFO - Created Permission View: menu access on DAG Run:example_display_name
[2025-11-01T12:43:39.987+0000] {logging_mixin.py:190} INFO - [2025-11-01T12:43:39.987+0000] {override.py:1911} INFO - Created Permission View: can delete on DAG Run:example_display_name
[2025-11-01T12:43:39.996+0000] {logging_mixin.py:190} INFO - [2025-11-01T12:43:39.996+0000] {override.py:1911} INFO - Created Permission View: can create on DAG Run:example_display_name
[2025-11-01T12:43:40.006+0000] {logging_mixin.py:190} INFO - [2025-11-01T12:43:40.005+0000] {override.py:1911} INFO - Created Permission View: can read on DAG Run:example_display_name
[2025-11-01T12:43:40.007+0000] {logging_mixin.py:190} INFO - [2025-11-01T12:43:40.006+0000] {dag.py:3239} INFO - Sync 1 DAGs
[2025-11-01T12:43:40.025+0000] {logging_mixin.py:190} INFO - [2025-11-01T12:43:40.024+0000] {dag.py:3262} INFO - Creating ORM DAG for example_display_name
[2025-11-01T12:43:40.026+0000] {logging_mixin.py:190} INFO - [2025-11-01T12:43:40.026+0000] {dag.py:4180} INFO - Setting next_dagrun for example_display_name to None, run_after=None
[2025-11-01T12:43:40.048+0000] {processor.py:208} INFO - Processing /home/airflow/.local/lib/python3.12/site-packages/airflow/example_dags/example_display_name.py took 0.255 seconds
[2025-11-01T12:44:10.625+0000] {processor.py:186} INFO - Started process (PID=185) to work on /home/airflow/.local/lib/python3.12/site-packages/airflow/example_dags/example_display_name.py
[2025-11-01T12:44:10.626+0000] {processor.py:914} INFO - Processing file /home/airflow/.local/lib/python3.12/site-packages/airflow/example_dags/example_display_name.py for tasks to queue
[2025-11-01T12:44:10.630+0000] {logging_mixin.py:190} INFO - [2025-11-01T12:44:10.630+0000] {dagbag.py:588} INFO - Filling up the DagBag from /home/airflow/.local/lib/python3.12/site-packages/airflow/example_dags/example_display_name.py
[2025-11-01T12:44:10.643+0000] {processor.py:925} INFO - DAG(s) 'example_display_name' retrieved from /home/airflow/.local/lib/python3.12/site-packages/airflow/example_dags/example_display_name.py
[2025-11-01T12:44:10.675+0000] {logging_mixin.py:190} INFO - [2025-11-01T12:44:10.674+0000] {dag.py:3239} INFO - Sync 1 DAGs
[2025-11-01T12:44:10.696+0000] {logging_mixin.py:190} INFO - [2025-11-01T12:44:10.695+0000] {dag.py:4180} INFO - Setting next_dagrun for example_display_name to None, run_after=None
[2025-11-01T12:44:10.719+0000] {processor.py:208} INFO - Processing /home/airflow/.local/lib/python3.12/site-packages/airflow/example_dags/example_display_name.py took 0.103 seconds
[2025-11-01T12:44:41.222+0000] {processor.py:186} INFO - Started process (PID=255) to work on /home/airflow/.local/lib/python3.12/site-packages/airflow/example_dags/example_display_name.py
[2025-11-01T12:44:41.224+0000] {processor.py:914} INFO - Processing file /home/airflow/.local/lib/python3.12/site-packages/airflow/example_dags/example_display_name.py for tasks to queue
[2025-11-01T12:44:41.227+0000] {logging_mixin.py:190} INFO - [2025-11-01T12:44:41.227+0000] {dagbag.py:588} INFO - Filling up the DagBag from /home/airflow/.local/lib/python3.12/site-packages/airflow/example_dags/example_display_name.py
[2025-11-01T12:44:41.238+0000] {processor.py:925} INFO - DAG(s) 'example_display_name' retrieved from /home/airflow/.local/lib/python3.12/site-packages/airflow/example_dags/example_display_name.py
[2025-11-01T12:44:41.264+0000] {logging_mixin.py:190} INFO - [2025-11-01T12:44:41.263+0000] {dag.py:3239} INFO - Sync 1 DAGs
[2025-11-01T12:44:41.279+0000] {logging_mixin.py:190} INFO - [2025-11-01T12:44:41.279+0000] {dag.py:4180} INFO - Setting next_dagrun for example_display_name to None, run_after=None
[2025-11-01T12:44:41.303+0000] {processor.py:208} INFO - Processing /home/airflow/.local/lib/python3.12/site-packages/airflow/example_dags/example_display_name.py took 0.088 seconds
[2025-11-01T12:45:11.915+0000] {processor.py:186} INFO - Started process (PID=325) to work on /home/airflow/.local/lib/python3.12/site-packages/airflow/example_dags/example_display_name.py
[2025-11-01T12:45:11.916+0000] {processor.py:914} INFO - Processing file /home/airflow/.local/lib/python3.12/site-packages/airflow/example_dags/example_display_name.py for tasks to queue
[2025-11-01T12:45:11.920+0000] {logging_mixin.py:190} INFO - [2025-11-01T12:45:11.919+0000] {dagbag.py:588} INFO - Filling up the DagBag from /home/airflow/.local/lib/python3.12/site-packages/airflow/example_dags/example_display_name.py
[2025-11-01T12:45:11.933+0000] {processor.py:925} INFO - DAG(s) 'example_display_name' retrieved from /home/airflow/.local/lib/python3.12/site-packages/airflow/example_dags/example_display_name.py
[2025-11-01T12:45:11.963+0000] {logging_mixin.py:190} INFO - [2025-11-01T12:45:11.962+0000] {dag.py:3239} INFO - Sync 1 DAGs
[2025-11-01T12:45:11.979+0000] {logging_mixin.py:190} INFO - [2025-11-01T12:45:11.979+0000] {dag.py:4180} INFO - Setting next_dagrun for example_display_name to None, run_after=None
[2025-11-01T12:45:12.002+0000] {processor.py:208} INFO - Processing /home/airflow/.local/lib/python3.12/site-packages/airflow/example_dags/example_display_name.py took 0.095 seconds
[2025-11-01T12:45:42.537+0000] {processor.py:186} INFO - Started process (PID=396) to work on /home/airflow/.local/lib/python3.12/site-packages/airflow/example_dags/example_display_name.py
[2025-11-01T12:45:42.539+0000] {processor.py:914} INFO - Processing file /home/airflow/.local/lib/python3.12/site-packages/airflow/example_dags/example_display_name.py for tasks to queue
[2025-11-01T12:45:42.544+0000] {logging_mixin.py:190} INFO - [2025-11-01T12:45:42.543+0000] {dagbag.py:588} INFO - Filling up the DagBag from /home/airflow/.local/lib/python3.12/site-packages/airflow/example_dags/example_display_name.py
[2025-11-01T12:45:42.559+0000] {processor.py:925} INFO - DAG(s) 'example_display_name' retrieved from /home/airflow/.local/lib/python3.12/site-packages/airflow/example_dags/example_display_name.py
[2025-11-01T12:45:42.593+0000] {logging_mixin.py:190} INFO - [2025-11-01T12:45:42.592+0000] {dag.py:3239} INFO - Sync 1 DAGs
[2025-11-01T12:45:42.617+0000] {logging_mixin.py:190} INFO - [2025-11-01T12:45:42.617+0000] {dag.py:4180} INFO - Setting next_dagrun for example_display_name to None, run_after=None
[2025-11-01T12:45:42.651+0000] {processor.py:208} INFO - Processing /home/airflow/.local/lib/python3.12/site-packages/airflow/example_dags/example_display_name.py took 0.124 seconds
[2025-11-01T12:46:12.727+0000] {processor.py:186} INFO - Started process (PID=465) to work on /home/airflow/.local/lib/python3.12/site-packages/airflow/example_dags/example_display_name.py
[2025-11-01T12:46:12.728+0000] {processor.py:914} INFO - Processing file /home/airflow/.local/lib/python3.12/site-packages/airflow/example_dags/example_display_name.py for tasks to queue
[2025-11-01T12:46:12.731+0000] {logging_mixin.py:190} INFO - [2025-11-01T12:46:12.731+0000] {dagbag.py:588} INFO - Filling up the DagBag from /home/airflow/.local/lib/python3.12/site-packages/airflow/example_dags/example_display_name.py
[2025-11-01T12:46:12.742+0000] {processor.py:925} INFO - DAG(s) 'example_display_name' retrieved from /home/airflow/.local/lib/python3.12/site-packages/airflow/example_dags/example_display_name.py
[2025-11-01T12:46:12.766+0000] {logging_mixin.py:190} INFO - [2025-11-01T12:46:12.766+0000] {dag.py:3239} INFO - Sync 1 DAGs
[2025-11-01T12:46:12.783+0000] {logging_mixin.py:190} INFO - [2025-11-01T12:46:12.782+0000] {dag.py:4180} INFO - Setting next_dagrun for example_display_name to None, run_after=None
[2025-11-01T12:46:12.804+0000] {processor.py:208} INFO - Processing /home/airflow/.local/lib/python3.12/site-packages/airflow/example_dags/example_display_name.py took 0.085 seconds
[2025-11-01T12:46:43.608+0000] {processor.py:186} INFO - Started process (PID=536) to work on /home/airflow/.local/lib/python3.12/site-packages/airflow/example_dags/example_display_name.py
[2025-11-01T12:46:43.609+0000] {processor.py:914} INFO - Processing file /home/airflow/.local/lib/python3.12/site-packages/airflow/example_dags/example_display_name.py for tasks to queue
[2025-11-01T12:46:43.613+0000] {logging_mixin.py:190} INFO - [2025-11-01T12:46:43.612+0000] {dagbag.py:588} INFO - Filling up the DagBag from /home/airflow/.local/lib/python3.12/site-packages/airflow/example_dags/example_display_name.py
[2025-11-01T12:46:43.626+0000] {processor.py:925} INFO - DAG(s) 'example_display_name' retrieved from /home/airflow/.local/lib/python3.12/site-packages/airflow/example_dags/example_display_name.py
[2025-11-01T12:46:43.658+0000] {logging_mixin.py:190} INFO - [2025-11-01T12:46:43.657+0000] {dag.py:3239} INFO - Sync 1 DAGs
[2025-11-01T12:46:43.684+0000] {logging_mixin.py:190} INFO - [2025-11-01T12:46:43.684+0000] {dag.py:4180} INFO - Setting next_dagrun for example_display_name to None, run_after=None
[2025-11-01T12:46:43.730+0000] {processor.py:208} INFO - Processing /home/airflow/.local/lib/python3.12/site-packages/airflow/example_dags/example_display_name.py took 0.132 seconds
[2025-11-01T12:47:13.902+0000] {processor.py:186} INFO - Started process (PID=605) to work on /home/airflow/.local/lib/python3.12/site-packages/airflow/example_dags/example_display_name.py
[2025-11-01T12:47:13.904+0000] {processor.py:914} INFO - Processing file /home/airflow/.local/lib/python3.12/site-packages/airflow/example_dags/example_display_name.py for tasks to queue
[2025-11-01T12:47:13.907+0000] {logging_mixin.py:190} INFO - [2025-11-01T12:47:13.906+0000] {dagbag.py:588} INFO - Filling up the DagBag from /home/airflow/.local/lib/python3.12/site-packages/airflow/example_dags/example_display_name.py
[2025-11-01T12:47:13.918+0000] {processor.py:925} INFO - DAG(s) 'example_display_name' retrieved from /home/airflow/.local/lib/python3.12/site-packages/airflow/example_dags/example_display_name.py
[2025-11-01T12:47:13.944+0000] {logging_mixin.py:190} INFO - [2025-11-01T12:47:13.943+0000] {dag.py:3239} INFO - Sync 1 DAGs
[2025-11-01T12:47:13.960+0000] {logging_mixin.py:190} INFO - [2025-11-01T12:47:13.960+0000] {dag.py:4180} INFO - Setting next_dagrun for example_display_name to None, run_after=None
[2025-11-01T12:47:13.983+0000] {processor.py:208} INFO - Processing /home/airflow/.local/lib/python3.12/site-packages/airflow/example_dags/example_display_name.py took 0.088 seconds
[2025-11-01T12:47:44.151+0000] {processor.py:186} INFO - Started process (PID=675) to work on /home/airflow/.local/lib/python3.12/site-packages/airflow/example_dags/example_display_name.py
[2025-11-01T12:47:44.152+0000] {processor.py:914} INFO - Processing file /home/airflow/.local/lib/python3.12/site-packages/airflow/example_dags/example_display_name.py for tasks to queue
[2025-11-01T12:47:44.155+0000] {logging_mixin.py:190} INFO - [2025-11-01T12:47:44.155+0000] {dagbag.py:588} INFO - Filling up the DagBag from /home/airflow/.local/lib/python3.12/site-packages/airflow/example_dags/example_display_name.py
[2025-11-01T12:47:44.177+0000] {processor.py:925} INFO - DAG(s) 'example_display_name' retrieved from /home/airflow/.local/lib/python3.12/site-packages/airflow/example_dags/example_display_name.py
[2025-11-01T12:47:44.204+0000] {logging_mixin.py:190} INFO - [2025-11-01T12:47:44.203+0000] {dag.py:3239} INFO - Sync 1 DAGs
[2025-11-01T12:47:44.219+0000] {logging_mixin.py:190} INFO - [2025-11-01T12:47:44.219+0000] {dag.py:4180} INFO - Setting next_dagrun for example_display_name to None, run_after=None
[2025-11-01T12:47:44.243+0000] {processor.py:208} INFO - Processing /home/airflow/.local/lib/python3.12/site-packages/airflow/example_dags/example_display_name.py took 0.100 seconds
[2025-11-01T12:48:14.635+0000] {processor.py:186} INFO - Started process (PID=745) to work on /home/airflow/.local/lib/python3.12/site-packages/airflow/example_dags/example_display_name.py
[2025-11-01T12:48:14.637+0000] {processor.py:914} INFO - Processing file /home/airflow/.local/lib/python3.12/site-packages/airflow/example_dags/example_display_name.py for tasks to queue
[2025-11-01T12:48:14.641+0000] {logging_mixin.py:190} INFO - [2025-11-01T12:48:14.640+0000] {dagbag.py:588} INFO - Filling up the DagBag from /home/airflow/.local/lib/python3.12/site-packages/airflow/example_dags/example_display_name.py
[2025-11-01T12:48:14.651+0000] {processor.py:925} INFO - DAG(s) 'example_display_name' retrieved from /home/airflow/.local/lib/python3.12/site-packages/airflow/example_dags/example_display_name.py
[2025-11-01T12:48:14.675+0000] {logging_mixin.py:190} INFO - [2025-11-01T12:48:14.675+0000] {dag.py:3239} INFO - Sync 1 DAGs
[2025-11-01T12:48:14.690+0000] {logging_mixin.py:190} INFO - [2025-11-01T12:48:14.690+0000] {dag.py:4180} INFO - Setting next_dagrun for example_display_name to None, run_after=None
[2025-11-01T12:48:14.712+0000] {processor.py:208} INFO - Processing /home/airflow/.local/lib/python3.12/site-packages/airflow/example_dags/example_display_name.py took 0.084 seconds
[2025-11-01T12:48:45.228+0000] {processor.py:186} INFO - Started process (PID=816) to work on /home/airflow/.local/lib/python3.12/site-packages/airflow/example_dags/example_display_name.py
[2025-11-01T12:48:45.230+0000] {processor.py:914} INFO - Processing file /home/airflow/.local/lib/python3.12/site-packages/airflow/example_dags/example_display_name.py for tasks to queue
[2025-11-01T12:48:45.233+0000] {logging_mixin.py:190} INFO - [2025-11-01T12:48:45.233+0000] {dagbag.py:588} INFO - Filling up the DagBag from /home/airflow/.local/lib/python3.12/site-packages/airflow/example_dags/example_display_name.py
[2025-11-01T12:48:45.246+0000] {processor.py:925} INFO - DAG(s) 'example_display_name' retrieved from /home/airflow/.local/lib/python3.12/site-packages/airflow/example_dags/example_display_name.py
[2025-11-01T12:48:45.271+0000] {logging_mixin.py:190} INFO - [2025-11-01T12:48:45.270+0000] {dag.py:3239} INFO - Sync 1 DAGs
[2025-11-01T12:48:45.286+0000] {logging_mixin.py:190} INFO - [2025-11-01T12:48:45.286+0000] {dag.py:4180} INFO - Setting next_dagrun for example_display_name to None, run_after=None
[2025-11-01T12:48:45.308+0000] {processor.py:208} INFO - Processing /home/airflow/.local/lib/python3.12/site-packages/airflow/example_dags/example_display_name.py took 0.087 seconds
[2025-11-01T12:49:15.652+0000] {processor.py:186} INFO - Started process (PID=887) to work on /home/airflow/.local/lib/python3.12/site-packages/airflow/example_dags/example_display_name.py
[2025-11-01T12:49:15.653+0000] {processor.py:914} INFO - Processing file /home/airflow/.local/lib/python3.12/site-packages/airflow/example_dags/example_display_name.py for tasks to queue
[2025-11-01T12:49:15.657+0000] {logging_mixin.py:190} INFO - [2025-11-01T12:49:15.656+0000] {dagbag.py:588} INFO - Filling up the DagBag from /home/airflow/.local/lib/python3.12/site-packages/airflow/example_dags/example_display_name.py
[2025-11-01T12:49:15.668+0000] {processor.py:925} INFO - DAG(s) 'example_display_name' retrieved from /home/airflow/.local/lib/python3.12/site-packages/airflow/example_dags/example_display_name.py
[2025-11-01T12:49:15.694+0000] {logging_mixin.py:190} INFO - [2025-11-01T12:49:15.693+0000] {dag.py:3239} INFO - Sync 1 DAGs
[2025-11-01T12:49:15.719+0000] {logging_mixin.py:190} INFO - [2025-11-01T12:49:15.718+0000] {dag.py:4180} INFO - Setting next_dagrun for example_display_name to None, run_after=None
[2025-11-01T12:49:15.743+0000] {processor.py:208} INFO - Processing /home/airflow/.local/lib/python3.12/site-packages/airflow/example_dags/example_display_name.py took 0.098 seconds
[2025-11-01T12:49:45.916+0000] {processor.py:186} INFO - Started process (PID=959) to work on /home/airflow/.local/lib/python3.12/site-packages/airflow/example_dags/example_display_name.py
[2025-11-01T12:49:45.917+0000] {processor.py:914} INFO - Processing file /home/airflow/.local/lib/python3.12/site-packages/airflow/example_dags/example_display_name.py for tasks to queue
[2025-11-01T12:49:45.921+0000] {logging_mixin.py:190} INFO - [2025-11-01T12:49:45.920+0000] {dagbag.py:588} INFO - Filling up the DagBag from /home/airflow/.local/lib/python3.12/site-packages/airflow/example_dags/example_display_name.py
[2025-11-01T12:49:45.933+0000] {processor.py:925} INFO - DAG(s) 'example_display_name' retrieved from /home/airflow/.local/lib/python3.12/site-packages/airflow/example_dags/example_display_name.py
[2025-11-01T12:49:45.963+0000] {logging_mixin.py:190} INFO - [2025-11-01T12:49:45.962+0000] {dag.py:3239} INFO - Sync 1 DAGs
[2025-11-01T12:49:45.979+0000] {logging_mixin.py:190} INFO - [2025-11-01T12:49:45.979+0000] {dag.py:4180} INFO - Setting next_dagrun for example_display_name to None, run_after=None
[2025-11-01T12:49:46.004+0000] {processor.py:208} INFO - Processing /home/airflow/.local/lib/python3.12/site-packages/airflow/example_dags/example_display_name.py took 0.094 seconds
[2025-11-01T12:50:16.152+0000] {processor.py:186} INFO - Started process (PID=1034) to work on /home/airflow/.local/lib/python3.12/site-packages/airflow/example_dags/example_display_name.py
[2025-11-01T12:50:16.154+0000] {processor.py:914} INFO - Processing file /home/airflow/.local/lib/python3.12/site-packages/airflow/example_dags/example_display_name.py for tasks to queue
[2025-11-01T12:50:16.160+0000] {logging_mixin.py:190} INFO - [2025-11-01T12:50:16.159+0000] {dagbag.py:588} INFO - Filling up the DagBag from /home/airflow/.local/lib/python3.12/site-packages/airflow/example_dags/example_display_name.py
[2025-11-01T12:50:16.176+0000] {processor.py:925} INFO - DAG(s) 'example_display_name' retrieved from /home/airflow/.local/lib/python3.12/site-packages/airflow/example_dags/example_display_name.py
[2025-11-01T12:50:16.203+0000] {logging_mixin.py:190} INFO - [2025-11-01T12:50:16.202+0000] {dag.py:3239} INFO - Sync 1 DAGs
[2025-11-01T12:50:16.223+0000] {logging_mixin.py:190} INFO - [2025-11-01T12:50:16.223+0000] {dag.py:4180} INFO - Setting next_dagrun for example_display_name to None, run_after=None
[2025-11-01T12:50:16.250+0000] {processor.py:208} INFO - Processing /home/airflow/.local/lib/python3.12/site-packages/airflow/example_dags/example_display_name.py took 0.106 seconds
[2025-11-01T12:50:46.761+0000] {processor.py:186} INFO - Started process (PID=1105) to work on /home/airflow/.local/lib/python3.12/site-packages/airflow/example_dags/example_display_name.py
[2025-11-01T12:50:46.763+0000] {processor.py:914} INFO - Processing file /home/airflow/.local/lib/python3.12/site-packages/airflow/example_dags/example_display_name.py for tasks to queue
[2025-11-01T12:50:46.766+0000] {logging_mixin.py:190} INFO - [2025-11-01T12:50:46.766+0000] {dagbag.py:588} INFO - Filling up the DagBag from /home/airflow/.local/lib/python3.12/site-packages/airflow/example_dags/example_display_name.py
[2025-11-01T12:50:46.779+0000] {processor.py:925} INFO - DAG(s) 'example_display_name' retrieved from /home/airflow/.local/lib/python3.12/site-packages/airflow/example_dags/example_display_name.py
[2025-11-01T12:50:46.803+0000] {logging_mixin.py:190} INFO - [2025-11-01T12:50:46.802+0000] {dag.py:3239} INFO - Sync 1 DAGs
[2025-11-01T12:50:46.819+0000] {logging_mixin.py:190} INFO - [2025-11-01T12:50:46.818+0000] {dag.py:4180} INFO - Setting next_dagrun for example_display_name to None, run_after=None
[2025-11-01T12:50:46.840+0000] {processor.py:208} INFO - Processing /home/airflow/.local/lib/python3.12/site-packages/airflow/example_dags/example_display_name.py took 0.086 seconds
[2025-11-01T12:51:17.239+0000] {processor.py:186} INFO - Started process (PID=1176) to work on /home/airflow/.local/lib/python3.12/site-packages/airflow/example_dags/example_display_name.py
[2025-11-01T12:51:17.241+0000] {processor.py:914} INFO - Processing file /home/airflow/.local/lib/python3.12/site-packages/airflow/example_dags/example_display_name.py for tasks to queue
[2025-11-01T12:51:17.244+0000] {logging_mixin.py:190} INFO - [2025-11-01T12:51:17.244+0000] {dagbag.py:588} INFO - Filling up the DagBag from /home/airflow/.local/lib/python3.12/site-packages/airflow/example_dags/example_display_name.py
[2025-11-01T12:51:17.257+0000] {processor.py:925} INFO - DAG(s) 'example_display_name' retrieved from /home/airflow/.local/lib/python3.12/site-packages/airflow/example_dags/example_display_name.py
[2025-11-01T12:51:17.284+0000] {logging_mixin.py:190} INFO - [2025-11-01T12:51:17.283+0000] {dag.py:3239} INFO - Sync 1 DAGs
[2025-11-01T12:51:17.301+0000] {logging_mixin.py:190} INFO - [2025-11-01T12:51:17.301+0000] {dag.py:4180} INFO - Setting next_dagrun for example_display_name to None, run_after=None
[2025-11-01T12:51:17.322+0000] {processor.py:208} INFO - Processing /home/airflow/.local/lib/python3.12/site-packages/airflow/example_dags/example_display_name.py took 0.090 seconds
[2025-11-01T12:51:48.143+0000] {processor.py:186} INFO - Started process (PID=1247) to work on /home/airflow/.local/lib/python3.12/site-packages/airflow/example_dags/example_display_name.py
[2025-11-01T12:51:48.146+0000] {processor.py:914} INFO - Processing file /home/airflow/.local/lib/python3.12/site-packages/airflow/example_dags/example_display_name.py for tasks to queue
[2025-11-01T12:51:48.151+0000] {logging_mixin.py:190} INFO - [2025-11-01T12:51:48.151+0000] {dagbag.py:588} INFO - Filling up the DagBag from /home/airflow/.local/lib/python3.12/site-packages/airflow/example_dags/example_display_name.py
[2025-11-01T12:51:48.175+0000] {processor.py:925} INFO - DAG(s) 'example_display_name' retrieved from /home/airflow/.local/lib/python3.12/site-packages/airflow/example_dags/example_display_name.py
[2025-11-01T12:51:48.218+0000] {logging_mixin.py:190} INFO - [2025-11-01T12:51:48.217+0000] {dag.py:3239} INFO - Sync 1 DAGs
[2025-11-01T12:51:48.250+0000] {logging_mixin.py:190} INFO - [2025-11-01T12:51:48.248+0000] {dag.py:4180} INFO - Setting next_dagrun for example_display_name to None, run_after=None
[2025-11-01T12:51:48.294+0000] {processor.py:208} INFO - Processing /home/airflow/.local/lib/python3.12/site-packages/airflow/example_dags/example_display_name.py took 0.168 seconds
[2025-11-01T12:52:18.749+0000] {processor.py:186} INFO - Started process (PID=1318) to work on /home/airflow/.local/lib/python3.12/site-packages/airflow/example_dags/example_display_name.py
[2025-11-01T12:52:18.750+0000] {processor.py:914} INFO - Processing file /home/airflow/.local/lib/python3.12/site-packages/airflow/example_dags/example_display_name.py for tasks to queue
[2025-11-01T12:52:18.754+0000] {logging_mixin.py:190} INFO - [2025-11-01T12:52:18.754+0000] {dagbag.py:588} INFO - Filling up the DagBag from /home/airflow/.local/lib/python3.12/site-packages/airflow/example_dags/example_display_name.py
[2025-11-01T12:52:18.769+0000] {processor.py:925} INFO - DAG(s) 'example_display_name' retrieved from /home/airflow/.local/lib/python3.12/site-packages/airflow/example_dags/example_display_name.py
[2025-11-01T12:52:18.809+0000] {logging_mixin.py:190} INFO - [2025-11-01T12:52:18.808+0000] {dag.py:3239} INFO - Sync 1 DAGs
[2025-11-01T12:52:18.829+0000] {logging_mixin.py:190} INFO - [2025-11-01T12:52:18.829+0000] {dag.py:4180} INFO - Setting next_dagrun for example_display_name to None, run_after=None
[2025-11-01T12:52:18.858+0000] {processor.py:208} INFO - Processing /home/airflow/.local/lib/python3.12/site-packages/airflow/example_dags/example_display_name.py took 0.119 seconds
[2025-11-01T12:52:49.015+0000] {processor.py:186} INFO - Started process (PID=1389) to work on /home/airflow/.local/lib/python3.12/site-packages/airflow/example_dags/example_display_name.py
[2025-11-01T12:52:49.017+0000] {processor.py:914} INFO - Processing file /home/airflow/.local/lib/python3.12/site-packages/airflow/example_dags/example_display_name.py for tasks to queue
[2025-11-01T12:52:49.021+0000] {logging_mixin.py:190} INFO - [2025-11-01T12:52:49.020+0000] {dagbag.py:588} INFO - Filling up the DagBag from /home/airflow/.local/lib/python3.12/site-packages/airflow/example_dags/example_display_name.py
[2025-11-01T12:52:49.033+0000] {processor.py:925} INFO - DAG(s) 'example_display_name' retrieved from /home/airflow/.local/lib/python3.12/site-packages/airflow/example_dags/example_display_name.py
[2025-11-01T12:52:49.069+0000] {logging_mixin.py:190} INFO - [2025-11-01T12:52:49.068+0000] {dag.py:3239} INFO - Sync 1 DAGs
[2025-11-01T12:52:49.095+0000] {logging_mixin.py:190} INFO - [2025-11-01T12:52:49.095+0000] {dag.py:4180} INFO - Setting next_dagrun for example_display_name to None, run_after=None
[2025-11-01T12:52:49.130+0000] {processor.py:208} INFO - Processing /home/airflow/.local/lib/python3.12/site-packages/airflow/example_dags/example_display_name.py took 0.123 seconds
[2025-11-01T12:53:19.449+0000] {processor.py:186} INFO - Started process (PID=1460) to work on /home/airflow/.local/lib/python3.12/site-packages/airflow/example_dags/example_display_name.py
[2025-11-01T12:53:19.451+0000] {processor.py:914} INFO - Processing file /home/airflow/.local/lib/python3.12/site-packages/airflow/example_dags/example_display_name.py for tasks to queue
[2025-11-01T12:53:19.454+0000] {logging_mixin.py:190} INFO - [2025-11-01T12:53:19.454+0000] {dagbag.py:588} INFO - Filling up the DagBag from /home/airflow/.local/lib/python3.12/site-packages/airflow/example_dags/example_display_name.py
[2025-11-01T12:53:19.466+0000] {processor.py:925} INFO - DAG(s) 'example_display_name' retrieved from /home/airflow/.local/lib/python3.12/site-packages/airflow/example_dags/example_display_name.py
[2025-11-01T12:53:19.493+0000] {logging_mixin.py:190} INFO - [2025-11-01T12:53:19.492+0000] {dag.py:3239} INFO - Sync 1 DAGs
[2025-11-01T12:53:19.510+0000] {logging_mixin.py:190} INFO - [2025-11-01T12:53:19.510+0000] {dag.py:4180} INFO - Setting next_dagrun for example_display_name to None, run_after=None
[2025-11-01T12:53:19.532+0000] {processor.py:208} INFO - Processing /home/airflow/.local/lib/python3.12/site-packages/airflow/example_dags/example_display_name.py took 0.090 seconds
[2025-11-01T12:53:49.984+0000] {processor.py:186} INFO - Started process (PID=1531) to work on /home/airflow/.local/lib/python3.12/site-packages/airflow/example_dags/example_display_name.py
[2025-11-01T12:53:49.986+0000] {processor.py:914} INFO - Processing file /home/airflow/.local/lib/python3.12/site-packages/airflow/example_dags/example_display_name.py for tasks to queue
[2025-11-01T12:53:49.989+0000] {logging_mixin.py:190} INFO - [2025-11-01T12:53:49.989+0000] {dagbag.py:588} INFO - Filling up the DagBag from /home/airflow/.local/lib/python3.12/site-packages/airflow/example_dags/example_display_name.py
[2025-11-01T12:53:50.003+0000] {processor.py:925} INFO - DAG(s) 'example_display_name' retrieved from /home/airflow/.local/lib/python3.12/site-packages/airflow/example_dags/example_display_name.py
[2025-11-01T12:53:50.032+0000] {logging_mixin.py:190} INFO - [2025-11-01T12:53:50.031+0000] {dag.py:3239} INFO - Sync 1 DAGs
[2025-11-01T12:53:50.051+0000] {logging_mixin.py:190} INFO - [2025-11-01T12:53:50.051+0000] {dag.py:4180} INFO - Setting next_dagrun for example_display_name to None, run_after=None
[2025-11-01T12:53:50.076+0000] {processor.py:208} INFO - Processing /home/airflow/.local/lib/python3.12/site-packages/airflow/example_dags/example_display_name.py took 0.101 seconds
[2025-11-01T12:54:20.681+0000] {processor.py:186} INFO - Started process (PID=1603) to work on /home/airflow/.local/lib/python3.12/site-packages/airflow/example_dags/example_display_name.py
[2025-11-01T12:54:20.682+0000] {processor.py:914} INFO - Processing file /home/airflow/.local/lib/python3.12/site-packages/airflow/example_dags/example_display_name.py for tasks to queue
[2025-11-01T12:54:20.687+0000] {logging_mixin.py:190} INFO - [2025-11-01T12:54:20.686+0000] {dagbag.py:588} INFO - Filling up the DagBag from /home/airflow/.local/lib/python3.12/site-packages/airflow/example_dags/example_display_name.py
[2025-11-01T12:54:20.709+0000] {processor.py:925} INFO - DAG(s) 'example_display_name' retrieved from /home/airflow/.local/lib/python3.12/site-packages/airflow/example_dags/example_display_name.py
[2025-11-01T12:54:20.746+0000] {logging_mixin.py:190} INFO - [2025-11-01T12:54:20.745+0000] {dag.py:3239} INFO - Sync 1 DAGs
[2025-11-01T12:54:20.776+0000] {logging_mixin.py:190} INFO - [2025-11-01T12:54:20.775+0000] {dag.py:4180} INFO - Setting next_dagrun for example_display_name to None, run_after=None
[2025-11-01T12:54:20.813+0000] {processor.py:208} INFO - Processing /home/airflow/.local/lib/python3.12/site-packages/airflow/example_dags/example_display_name.py took 0.140 seconds
[2025-11-01T12:54:51.315+0000] {processor.py:186} INFO - Started process (PID=1674) to work on /home/airflow/.local/lib/python3.12/site-packages/airflow/example_dags/example_display_name.py
[2025-11-01T12:54:51.316+0000] {processor.py:914} INFO - Processing file /home/airflow/.local/lib/python3.12/site-packages/airflow/example_dags/example_display_name.py for tasks to queue
[2025-11-01T12:54:51.319+0000] {logging_mixin.py:190} INFO - [2025-11-01T12:54:51.319+0000] {dagbag.py:588} INFO - Filling up the DagBag from /home/airflow/.local/lib/python3.12/site-packages/airflow/example_dags/example_display_name.py
[2025-11-01T12:54:51.331+0000] {processor.py:925} INFO - DAG(s) 'example_display_name' retrieved from /home/airflow/.local/lib/python3.12/site-packages/airflow/example_dags/example_display_name.py
[2025-11-01T12:54:51.354+0000] {logging_mixin.py:190} INFO - [2025-11-01T12:54:51.353+0000] {dag.py:3239} INFO - Sync 1 DAGs
[2025-11-01T12:54:51.370+0000] {logging_mixin.py:190} INFO - [2025-11-01T12:54:51.369+0000] {dag.py:4180} INFO - Setting next_dagrun for example_display_name to None, run_after=None
[2025-11-01T12:54:51.392+0000] {processor.py:208} INFO - Processing /home/airflow/.local/lib/python3.12/site-packages/airflow/example_dags/example_display_name.py took 0.085 seconds
[2025-11-01T12:55:21.552+0000] {processor.py:186} INFO - Started process (PID=1745) to work on /home/airflow/.local/lib/python3.12/site-packages/airflow/example_dags/example_display_name.py
[2025-11-01T12:55:21.553+0000] {processor.py:914} INFO - Processing file /home/airflow/.local/lib/python3.12/site-packages/airflow/example_dags/example_display_name.py for tasks to queue
[2025-11-01T12:55:21.558+0000] {logging_mixin.py:190} INFO - [2025-11-01T12:55:21.557+0000] {dagbag.py:588} INFO - Filling up the DagBag from /home/airflow/.local/lib/python3.12/site-packages/airflow/example_dags/example_display_name.py
[2025-11-01T12:55:21.570+0000] {processor.py:925} INFO - DAG(s) 'example_display_name' retrieved from /home/airflow/.local/lib/python3.12/site-packages/airflow/example_dags/example_display_name.py
[2025-11-01T12:55:21.594+0000] {logging_mixin.py:190} INFO - [2025-11-01T12:55:21.593+0000] {dag.py:3239} INFO - Sync 1 DAGs
[2025-11-01T12:55:21.609+0000] {logging_mixin.py:190} INFO - [2025-11-01T12:55:21.608+0000] {dag.py:4180} INFO - Setting next_dagrun for example_display_name to None, run_after=None
[2025-11-01T12:55:21.629+0000] {processor.py:208} INFO - Processing /home/airflow/.local/lib/python3.12/site-packages/airflow/example_dags/example_display_name.py took 0.085 seconds
[2025-11-01T12:55:51.739+0000] {processor.py:186} INFO - Started process (PID=1816) to work on /home/airflow/.local/lib/python3.12/site-packages/airflow/example_dags/example_display_name.py
[2025-11-01T12:55:51.741+0000] {processor.py:914} INFO - Processing file /home/airflow/.local/lib/python3.12/site-packages/airflow/example_dags/example_display_name.py for tasks to queue
[2025-11-01T12:55:51.744+0000] {logging_mixin.py:190} INFO - [2025-11-01T12:55:51.744+0000] {dagbag.py:588} INFO - Filling up the DagBag from /home/airflow/.local/lib/python3.12/site-packages/airflow/example_dags/example_display_name.py
[2025-11-01T12:55:51.755+0000] {processor.py:925} INFO - DAG(s) 'example_display_name' retrieved from /home/airflow/.local/lib/python3.12/site-packages/airflow/example_dags/example_display_name.py
[2025-11-01T12:55:51.783+0000] {logging_mixin.py:190} INFO - [2025-11-01T12:55:51.782+0000] {dag.py:3239} INFO - Sync 1 DAGs
[2025-11-01T12:55:51.799+0000] {logging_mixin.py:190} INFO - [2025-11-01T12:55:51.799+0000] {dag.py:4180} INFO - Setting next_dagrun for example_display_name to None, run_after=None
[2025-11-01T12:55:51.820+0000] {processor.py:208} INFO - Processing /home/airflow/.local/lib/python3.12/site-packages/airflow/example_dags/example_display_name.py took 0.088 seconds
[2025-11-01T12:56:22.190+0000] {processor.py:186} INFO - Started process (PID=1887) to work on /home/airflow/.local/lib/python3.12/site-packages/airflow/example_dags/example_display_name.py
[2025-11-01T12:56:22.191+0000] {processor.py:914} INFO - Processing file /home/airflow/.local/lib/python3.12/site-packages/airflow/example_dags/example_display_name.py for tasks to queue
[2025-11-01T12:56:22.195+0000] {logging_mixin.py:190} INFO - [2025-11-01T12:56:22.195+0000] {dagbag.py:588} INFO - Filling up the DagBag from /home/airflow/.local/lib/python3.12/site-packages/airflow/example_dags/example_display_name.py
[2025-11-01T12:56:22.206+0000] {processor.py:925} INFO - DAG(s) 'example_display_name' retrieved from /home/airflow/.local/lib/python3.12/site-packages/airflow/example_dags/example_display_name.py
[2025-11-01T12:56:22.231+0000] {logging_mixin.py:190} INFO - [2025-11-01T12:56:22.230+0000] {dag.py:3239} INFO - Sync 1 DAGs
[2025-11-01T12:56:22.247+0000] {logging_mixin.py:190} INFO - [2025-11-01T12:56:22.246+0000] {dag.py:4180} INFO - Setting next_dagrun for example_display_name to None, run_after=None
[2025-11-01T12:56:22.267+0000] {processor.py:208} INFO - Processing /home/airflow/.local/lib/python3.12/site-packages/airflow/example_dags/example_display_name.py took 0.084 seconds
[2025-11-01T12:56:52.636+0000] {processor.py:186} INFO - Started process (PID=1958) to work on /home/airflow/.local/lib/python3.12/site-packages/airflow/example_dags/example_display_name.py
[2025-11-01T12:56:52.638+0000] {processor.py:914} INFO - Processing file /home/airflow/.local/lib/python3.12/site-packages/airflow/example_dags/example_display_name.py for tasks to queue
[2025-11-01T12:56:52.641+0000] {logging_mixin.py:190} INFO - [2025-11-01T12:56:52.641+0000] {dagbag.py:588} INFO - Filling up the DagBag from /home/airflow/.local/lib/python3.12/site-packages/airflow/example_dags/example_display_name.py
[2025-11-01T12:56:52.653+0000] {processor.py:925} INFO - DAG(s) 'example_display_name' retrieved from /home/airflow/.local/lib/python3.12/site-packages/airflow/example_dags/example_display_name.py
[2025-11-01T12:56:52.676+0000] {logging_mixin.py:190} INFO - [2025-11-01T12:56:52.676+0000] {dag.py:3239} INFO - Sync 1 DAGs
[2025-11-01T12:56:52.695+0000] {logging_mixin.py:190} INFO - [2025-11-01T12:56:52.694+0000] {dag.py:4180} INFO - Setting next_dagrun for example_display_name to None, run_after=None
[2025-11-01T12:56:52.716+0000] {processor.py:208} INFO - Processing /home/airflow/.local/lib/python3.12/site-packages/airflow/example_dags/example_display_name.py took 0.087 seconds
