[2025-11-01T12:43:47.125+0000] {processor.py:186} INFO - Started process (PID=149) to work on /home/airflow/.local/lib/python3.12/site-packages/airflow/example_dags/example_python_decorator.py
[2025-11-01T12:43:47.127+0000] {processor.py:914} INFO - Processing file /home/airflow/.local/lib/python3.12/site-packages/airflow/example_dags/example_python_decorator.py for tasks to queue
[2025-11-01T12:43:47.131+0000] {logging_mixin.py:190} INFO - [2025-11-01T12:43:47.130+0000] {dagbag.py:588} INFO - Filling up the DagBag from /home/airflow/.local/lib/python3.12/site-packages/airflow/example_dags/example_python_decorator.py
[2025-11-01T12:43:47.155+0000] {processor.py:925} INFO - DAG(s) 'example_python_decorator' retrieved from /home/airflow/.local/lib/python3.12/site-packages/airflow/example_dags/example_python_decorator.py
[2025-11-01T12:43:47.280+0000] {logging_mixin.py:190} INFO - [2025-11-01T12:43:47.279+0000] {override.py:1911} INFO - Created Permission View: can delete on DAG:example_python_decorator
[2025-11-01T12:43:47.291+0000] {logging_mixin.py:190} INFO - [2025-11-01T12:43:47.291+0000] {override.py:1911} INFO - Created Permission View: can edit on DAG:example_python_decorator
[2025-11-01T12:43:47.299+0000] {logging_mixin.py:190} INFO - [2025-11-01T12:43:47.299+0000] {override.py:1911} INFO - Created Permission View: can read on DAG:example_python_decorator
[2025-11-01T12:43:47.308+0000] {logging_mixin.py:190} INFO - [2025-11-01T12:43:47.308+0000] {override.py:1911} INFO - Created Permission View: menu access on DAG Run:example_python_decorator
[2025-11-01T12:43:47.316+0000] {logging_mixin.py:190} INFO - [2025-11-01T12:43:47.316+0000] {override.py:1911} INFO - Created Permission View: can delete on DAG Run:example_python_decorator
[2025-11-01T12:43:47.323+0000] {logging_mixin.py:190} INFO - [2025-11-01T12:43:47.323+0000] {override.py:1911} INFO - Created Permission View: can create on DAG Run:example_python_decorator
[2025-11-01T12:43:47.331+0000] {logging_mixin.py:190} INFO - [2025-11-01T12:43:47.331+0000] {override.py:1911} INFO - Created Permission View: can read on DAG Run:example_python_decorator
[2025-11-01T12:43:47.332+0000] {logging_mixin.py:190} INFO - [2025-11-01T12:43:47.332+0000] {dag.py:3239} INFO - Sync 1 DAGs
[2025-11-01T12:43:47.347+0000] {logging_mixin.py:190} INFO - [2025-11-01T12:43:47.347+0000] {dag.py:3262} INFO - Creating ORM DAG for example_python_decorator
[2025-11-01T12:43:47.348+0000] {logging_mixin.py:190} INFO - [2025-11-01T12:43:47.348+0000] {dag.py:4180} INFO - Setting next_dagrun for example_python_decorator to None, run_after=None
[2025-11-01T12:43:47.367+0000] {processor.py:208} INFO - Processing /home/airflow/.local/lib/python3.12/site-packages/airflow/example_dags/example_python_decorator.py took 0.251 seconds
[2025-11-01T12:44:17.625+0000] {processor.py:186} INFO - Started process (PID=219) to work on /home/airflow/.local/lib/python3.12/site-packages/airflow/example_dags/example_python_decorator.py
[2025-11-01T12:44:17.629+0000] {processor.py:914} INFO - Processing file /home/airflow/.local/lib/python3.12/site-packages/airflow/example_dags/example_python_decorator.py for tasks to queue
[2025-11-01T12:44:17.635+0000] {logging_mixin.py:190} INFO - [2025-11-01T12:44:17.634+0000] {dagbag.py:588} INFO - Filling up the DagBag from /home/airflow/.local/lib/python3.12/site-packages/airflow/example_dags/example_python_decorator.py
[2025-11-01T12:44:17.672+0000] {processor.py:925} INFO - DAG(s) 'example_python_decorator' retrieved from /home/airflow/.local/lib/python3.12/site-packages/airflow/example_dags/example_python_decorator.py
[2025-11-01T12:44:17.719+0000] {logging_mixin.py:190} INFO - [2025-11-01T12:44:17.717+0000] {dag.py:3239} INFO - Sync 1 DAGs
[2025-11-01T12:44:17.749+0000] {logging_mixin.py:190} INFO - [2025-11-01T12:44:17.749+0000] {dag.py:4180} INFO - Setting next_dagrun for example_python_decorator to None, run_after=None
[2025-11-01T12:44:17.789+0000] {processor.py:208} INFO - Processing /home/airflow/.local/lib/python3.12/site-packages/airflow/example_dags/example_python_decorator.py took 0.177 seconds
[2025-11-01T12:44:47.890+0000] {processor.py:186} INFO - Started process (PID=289) to work on /home/airflow/.local/lib/python3.12/site-packages/airflow/example_dags/example_python_decorator.py
[2025-11-01T12:44:47.892+0000] {processor.py:914} INFO - Processing file /home/airflow/.local/lib/python3.12/site-packages/airflow/example_dags/example_python_decorator.py for tasks to queue
[2025-11-01T12:44:47.896+0000] {logging_mixin.py:190} INFO - [2025-11-01T12:44:47.895+0000] {dagbag.py:588} INFO - Filling up the DagBag from /home/airflow/.local/lib/python3.12/site-packages/airflow/example_dags/example_python_decorator.py
[2025-11-01T12:44:47.919+0000] {processor.py:925} INFO - DAG(s) 'example_python_decorator' retrieved from /home/airflow/.local/lib/python3.12/site-packages/airflow/example_dags/example_python_decorator.py
[2025-11-01T12:44:47.956+0000] {logging_mixin.py:190} INFO - [2025-11-01T12:44:47.955+0000] {dag.py:3239} INFO - Sync 1 DAGs
[2025-11-01T12:44:47.975+0000] {logging_mixin.py:190} INFO - [2025-11-01T12:44:47.974+0000] {dag.py:4180} INFO - Setting next_dagrun for example_python_decorator to None, run_after=None
[2025-11-01T12:44:47.997+0000] {processor.py:208} INFO - Processing /home/airflow/.local/lib/python3.12/site-packages/airflow/example_dags/example_python_decorator.py took 0.113 seconds
[2025-11-01T12:45:18.142+0000] {processor.py:186} INFO - Started process (PID=359) to work on /home/airflow/.local/lib/python3.12/site-packages/airflow/example_dags/example_python_decorator.py
[2025-11-01T12:45:18.144+0000] {processor.py:914} INFO - Processing file /home/airflow/.local/lib/python3.12/site-packages/airflow/example_dags/example_python_decorator.py for tasks to queue
[2025-11-01T12:45:18.147+0000] {logging_mixin.py:190} INFO - [2025-11-01T12:45:18.147+0000] {dagbag.py:588} INFO - Filling up the DagBag from /home/airflow/.local/lib/python3.12/site-packages/airflow/example_dags/example_python_decorator.py
[2025-11-01T12:45:18.165+0000] {processor.py:925} INFO - DAG(s) 'example_python_decorator' retrieved from /home/airflow/.local/lib/python3.12/site-packages/airflow/example_dags/example_python_decorator.py
[2025-11-01T12:45:18.195+0000] {logging_mixin.py:190} INFO - [2025-11-01T12:45:18.194+0000] {dag.py:3239} INFO - Sync 1 DAGs
[2025-11-01T12:45:18.212+0000] {logging_mixin.py:190} INFO - [2025-11-01T12:45:18.211+0000] {dag.py:4180} INFO - Setting next_dagrun for example_python_decorator to None, run_after=None
[2025-11-01T12:45:18.236+0000] {processor.py:208} INFO - Processing /home/airflow/.local/lib/python3.12/site-packages/airflow/example_dags/example_python_decorator.py took 0.101 seconds
[2025-11-01T12:45:48.915+0000] {processor.py:186} INFO - Started process (PID=430) to work on /home/airflow/.local/lib/python3.12/site-packages/airflow/example_dags/example_python_decorator.py
[2025-11-01T12:45:48.917+0000] {processor.py:914} INFO - Processing file /home/airflow/.local/lib/python3.12/site-packages/airflow/example_dags/example_python_decorator.py for tasks to queue
[2025-11-01T12:45:48.921+0000] {logging_mixin.py:190} INFO - [2025-11-01T12:45:48.920+0000] {dagbag.py:588} INFO - Filling up the DagBag from /home/airflow/.local/lib/python3.12/site-packages/airflow/example_dags/example_python_decorator.py
[2025-11-01T12:45:48.939+0000] {processor.py:925} INFO - DAG(s) 'example_python_decorator' retrieved from /home/airflow/.local/lib/python3.12/site-packages/airflow/example_dags/example_python_decorator.py
[2025-11-01T12:45:48.967+0000] {logging_mixin.py:190} INFO - [2025-11-01T12:45:48.966+0000] {dag.py:3239} INFO - Sync 1 DAGs
[2025-11-01T12:45:48.985+0000] {logging_mixin.py:190} INFO - [2025-11-01T12:45:48.985+0000] {dag.py:4180} INFO - Setting next_dagrun for example_python_decorator to None, run_after=None
[2025-11-01T12:45:49.008+0000] {processor.py:208} INFO - Processing /home/airflow/.local/lib/python3.12/site-packages/airflow/example_dags/example_python_decorator.py took 0.100 seconds
[2025-11-01T12:46:19.110+0000] {processor.py:186} INFO - Started process (PID=500) to work on /home/airflow/.local/lib/python3.12/site-packages/airflow/example_dags/example_python_decorator.py
[2025-11-01T12:46:19.112+0000] {processor.py:914} INFO - Processing file /home/airflow/.local/lib/python3.12/site-packages/airflow/example_dags/example_python_decorator.py for tasks to queue
[2025-11-01T12:46:19.115+0000] {logging_mixin.py:190} INFO - [2025-11-01T12:46:19.115+0000] {dagbag.py:588} INFO - Filling up the DagBag from /home/airflow/.local/lib/python3.12/site-packages/airflow/example_dags/example_python_decorator.py
[2025-11-01T12:46:19.133+0000] {processor.py:925} INFO - DAG(s) 'example_python_decorator' retrieved from /home/airflow/.local/lib/python3.12/site-packages/airflow/example_dags/example_python_decorator.py
[2025-11-01T12:46:19.159+0000] {logging_mixin.py:190} INFO - [2025-11-01T12:46:19.159+0000] {dag.py:3239} INFO - Sync 1 DAGs
[2025-11-01T12:46:19.175+0000] {logging_mixin.py:190} INFO - [2025-11-01T12:46:19.175+0000] {dag.py:4180} INFO - Setting next_dagrun for example_python_decorator to None, run_after=None
[2025-11-01T12:46:19.196+0000] {processor.py:208} INFO - Processing /home/airflow/.local/lib/python3.12/site-packages/airflow/example_dags/example_python_decorator.py took 0.093 seconds
[2025-11-01T12:46:50.084+0000] {processor.py:186} INFO - Started process (PID=570) to work on /home/airflow/.local/lib/python3.12/site-packages/airflow/example_dags/example_python_decorator.py
[2025-11-01T12:46:50.085+0000] {processor.py:914} INFO - Processing file /home/airflow/.local/lib/python3.12/site-packages/airflow/example_dags/example_python_decorator.py for tasks to queue
[2025-11-01T12:46:50.089+0000] {logging_mixin.py:190} INFO - [2025-11-01T12:46:50.088+0000] {dagbag.py:588} INFO - Filling up the DagBag from /home/airflow/.local/lib/python3.12/site-packages/airflow/example_dags/example_python_decorator.py
[2025-11-01T12:46:50.108+0000] {processor.py:925} INFO - DAG(s) 'example_python_decorator' retrieved from /home/airflow/.local/lib/python3.12/site-packages/airflow/example_dags/example_python_decorator.py
[2025-11-01T12:46:50.139+0000] {logging_mixin.py:190} INFO - [2025-11-01T12:46:50.138+0000] {dag.py:3239} INFO - Sync 1 DAGs
[2025-11-01T12:46:50.155+0000] {logging_mixin.py:190} INFO - [2025-11-01T12:46:50.155+0000] {dag.py:4180} INFO - Setting next_dagrun for example_python_decorator to None, run_after=None
[2025-11-01T12:46:50.178+0000] {processor.py:208} INFO - Processing /home/airflow/.local/lib/python3.12/site-packages/airflow/example_dags/example_python_decorator.py took 0.102 seconds
[2025-11-01T12:47:20.307+0000] {processor.py:186} INFO - Started process (PID=640) to work on /home/airflow/.local/lib/python3.12/site-packages/airflow/example_dags/example_python_decorator.py
[2025-11-01T12:47:20.308+0000] {processor.py:914} INFO - Processing file /home/airflow/.local/lib/python3.12/site-packages/airflow/example_dags/example_python_decorator.py for tasks to queue
[2025-11-01T12:47:20.313+0000] {logging_mixin.py:190} INFO - [2025-11-01T12:47:20.312+0000] {dagbag.py:588} INFO - Filling up the DagBag from /home/airflow/.local/lib/python3.12/site-packages/airflow/example_dags/example_python_decorator.py
[2025-11-01T12:47:20.348+0000] {processor.py:925} INFO - DAG(s) 'example_python_decorator' retrieved from /home/airflow/.local/lib/python3.12/site-packages/airflow/example_dags/example_python_decorator.py
[2025-11-01T12:47:20.391+0000] {logging_mixin.py:190} INFO - [2025-11-01T12:47:20.391+0000] {dag.py:3239} INFO - Sync 1 DAGs
[2025-11-01T12:47:20.420+0000] {logging_mixin.py:190} INFO - [2025-11-01T12:47:20.419+0000] {dag.py:4180} INFO - Setting next_dagrun for example_python_decorator to None, run_after=None
[2025-11-01T12:47:20.452+0000] {processor.py:208} INFO - Processing /home/airflow/.local/lib/python3.12/site-packages/airflow/example_dags/example_python_decorator.py took 0.155 seconds
[2025-11-01T12:47:51.071+0000] {processor.py:186} INFO - Started process (PID=710) to work on /home/airflow/.local/lib/python3.12/site-packages/airflow/example_dags/example_python_decorator.py
[2025-11-01T12:47:51.073+0000] {processor.py:914} INFO - Processing file /home/airflow/.local/lib/python3.12/site-packages/airflow/example_dags/example_python_decorator.py for tasks to queue
[2025-11-01T12:47:51.076+0000] {logging_mixin.py:190} INFO - [2025-11-01T12:47:51.076+0000] {dagbag.py:588} INFO - Filling up the DagBag from /home/airflow/.local/lib/python3.12/site-packages/airflow/example_dags/example_python_decorator.py
[2025-11-01T12:47:51.100+0000] {processor.py:925} INFO - DAG(s) 'example_python_decorator' retrieved from /home/airflow/.local/lib/python3.12/site-packages/airflow/example_dags/example_python_decorator.py
[2025-11-01T12:47:51.136+0000] {logging_mixin.py:190} INFO - [2025-11-01T12:47:51.135+0000] {dag.py:3239} INFO - Sync 1 DAGs
[2025-11-01T12:47:51.153+0000] {logging_mixin.py:190} INFO - [2025-11-01T12:47:51.153+0000] {dag.py:4180} INFO - Setting next_dagrun for example_python_decorator to None, run_after=None
[2025-11-01T12:47:51.181+0000] {processor.py:208} INFO - Processing /home/airflow/.local/lib/python3.12/site-packages/airflow/example_dags/example_python_decorator.py took 0.118 seconds
[2025-11-01T12:48:21.478+0000] {processor.py:186} INFO - Started process (PID=780) to work on /home/airflow/.local/lib/python3.12/site-packages/airflow/example_dags/example_python_decorator.py
[2025-11-01T12:48:21.479+0000] {processor.py:914} INFO - Processing file /home/airflow/.local/lib/python3.12/site-packages/airflow/example_dags/example_python_decorator.py for tasks to queue
[2025-11-01T12:48:21.482+0000] {logging_mixin.py:190} INFO - [2025-11-01T12:48:21.482+0000] {dagbag.py:588} INFO - Filling up the DagBag from /home/airflow/.local/lib/python3.12/site-packages/airflow/example_dags/example_python_decorator.py
[2025-11-01T12:48:21.499+0000] {processor.py:925} INFO - DAG(s) 'example_python_decorator' retrieved from /home/airflow/.local/lib/python3.12/site-packages/airflow/example_dags/example_python_decorator.py
[2025-11-01T12:48:21.526+0000] {logging_mixin.py:190} INFO - [2025-11-01T12:48:21.525+0000] {dag.py:3239} INFO - Sync 1 DAGs
[2025-11-01T12:48:21.546+0000] {logging_mixin.py:190} INFO - [2025-11-01T12:48:21.546+0000] {dag.py:4180} INFO - Setting next_dagrun for example_python_decorator to None, run_after=None
[2025-11-01T12:48:21.567+0000] {processor.py:208} INFO - Processing /home/airflow/.local/lib/python3.12/site-packages/airflow/example_dags/example_python_decorator.py took 0.096 seconds
[2025-11-01T12:48:52.728+0000] {processor.py:186} INFO - Started process (PID=851) to work on /home/airflow/.local/lib/python3.12/site-packages/airflow/example_dags/example_python_decorator.py
[2025-11-01T12:48:52.729+0000] {processor.py:914} INFO - Processing file /home/airflow/.local/lib/python3.12/site-packages/airflow/example_dags/example_python_decorator.py for tasks to queue
[2025-11-01T12:48:52.733+0000] {logging_mixin.py:190} INFO - [2025-11-01T12:48:52.732+0000] {dagbag.py:588} INFO - Filling up the DagBag from /home/airflow/.local/lib/python3.12/site-packages/airflow/example_dags/example_python_decorator.py
[2025-11-01T12:48:52.751+0000] {processor.py:925} INFO - DAG(s) 'example_python_decorator' retrieved from /home/airflow/.local/lib/python3.12/site-packages/airflow/example_dags/example_python_decorator.py
[2025-11-01T12:48:52.779+0000] {logging_mixin.py:190} INFO - [2025-11-01T12:48:52.778+0000] {dag.py:3239} INFO - Sync 1 DAGs
[2025-11-01T12:48:52.797+0000] {logging_mixin.py:190} INFO - [2025-11-01T12:48:52.797+0000] {dag.py:4180} INFO - Setting next_dagrun for example_python_decorator to None, run_after=None
[2025-11-01T12:48:52.819+0000] {processor.py:208} INFO - Processing /home/airflow/.local/lib/python3.12/site-packages/airflow/example_dags/example_python_decorator.py took 0.099 seconds
[2025-11-01T12:49:23.228+0000] {processor.py:186} INFO - Started process (PID=922) to work on /home/airflow/.local/lib/python3.12/site-packages/airflow/example_dags/example_python_decorator.py
[2025-11-01T12:49:23.230+0000] {processor.py:914} INFO - Processing file /home/airflow/.local/lib/python3.12/site-packages/airflow/example_dags/example_python_decorator.py for tasks to queue
[2025-11-01T12:49:23.234+0000] {logging_mixin.py:190} INFO - [2025-11-01T12:49:23.234+0000] {dagbag.py:588} INFO - Filling up the DagBag from /home/airflow/.local/lib/python3.12/site-packages/airflow/example_dags/example_python_decorator.py
[2025-11-01T12:49:23.258+0000] {processor.py:925} INFO - DAG(s) 'example_python_decorator' retrieved from /home/airflow/.local/lib/python3.12/site-packages/airflow/example_dags/example_python_decorator.py
[2025-11-01T12:49:23.289+0000] {logging_mixin.py:190} INFO - [2025-11-01T12:49:23.288+0000] {dag.py:3239} INFO - Sync 1 DAGs
[2025-11-01T12:49:23.305+0000] {logging_mixin.py:190} INFO - [2025-11-01T12:49:23.305+0000] {dag.py:4180} INFO - Setting next_dagrun for example_python_decorator to None, run_after=None
[2025-11-01T12:49:23.329+0000] {processor.py:208} INFO - Processing /home/airflow/.local/lib/python3.12/site-packages/airflow/example_dags/example_python_decorator.py took 0.108 seconds
[2025-11-01T12:49:54.034+0000] {processor.py:186} INFO - Started process (PID=994) to work on /home/airflow/.local/lib/python3.12/site-packages/airflow/example_dags/example_python_decorator.py
[2025-11-01T12:49:54.035+0000] {processor.py:914} INFO - Processing file /home/airflow/.local/lib/python3.12/site-packages/airflow/example_dags/example_python_decorator.py for tasks to queue
[2025-11-01T12:49:54.039+0000] {logging_mixin.py:190} INFO - [2025-11-01T12:49:54.039+0000] {dagbag.py:588} INFO - Filling up the DagBag from /home/airflow/.local/lib/python3.12/site-packages/airflow/example_dags/example_python_decorator.py
[2025-11-01T12:49:54.059+0000] {processor.py:925} INFO - DAG(s) 'example_python_decorator' retrieved from /home/airflow/.local/lib/python3.12/site-packages/airflow/example_dags/example_python_decorator.py
[2025-11-01T12:49:54.088+0000] {logging_mixin.py:190} INFO - [2025-11-01T12:49:54.087+0000] {dag.py:3239} INFO - Sync 1 DAGs
[2025-11-01T12:49:54.105+0000] {logging_mixin.py:190} INFO - [2025-11-01T12:49:54.105+0000] {dag.py:4180} INFO - Setting next_dagrun for example_python_decorator to None, run_after=None
[2025-11-01T12:49:54.128+0000] {processor.py:208} INFO - Processing /home/airflow/.local/lib/python3.12/site-packages/airflow/example_dags/example_python_decorator.py took 0.102 seconds
[2025-11-01T12:50:24.851+0000] {processor.py:186} INFO - Started process (PID=1069) to work on /home/airflow/.local/lib/python3.12/site-packages/airflow/example_dags/example_python_decorator.py
[2025-11-01T12:50:24.852+0000] {processor.py:914} INFO - Processing file /home/airflow/.local/lib/python3.12/site-packages/airflow/example_dags/example_python_decorator.py for tasks to queue
[2025-11-01T12:50:24.856+0000] {logging_mixin.py:190} INFO - [2025-11-01T12:50:24.855+0000] {dagbag.py:588} INFO - Filling up the DagBag from /home/airflow/.local/lib/python3.12/site-packages/airflow/example_dags/example_python_decorator.py
[2025-11-01T12:50:24.873+0000] {processor.py:925} INFO - DAG(s) 'example_python_decorator' retrieved from /home/airflow/.local/lib/python3.12/site-packages/airflow/example_dags/example_python_decorator.py
[2025-11-01T12:50:24.901+0000] {logging_mixin.py:190} INFO - [2025-11-01T12:50:24.901+0000] {dag.py:3239} INFO - Sync 1 DAGs
[2025-11-01T12:50:24.917+0000] {logging_mixin.py:190} INFO - [2025-11-01T12:50:24.917+0000] {dag.py:4180} INFO - Setting next_dagrun for example_python_decorator to None, run_after=None
[2025-11-01T12:50:24.940+0000] {processor.py:208} INFO - Processing /home/airflow/.local/lib/python3.12/site-packages/airflow/example_dags/example_python_decorator.py took 0.097 seconds
[2025-11-01T12:50:55.365+0000] {processor.py:186} INFO - Started process (PID=1140) to work on /home/airflow/.local/lib/python3.12/site-packages/airflow/example_dags/example_python_decorator.py
[2025-11-01T12:50:55.367+0000] {processor.py:914} INFO - Processing file /home/airflow/.local/lib/python3.12/site-packages/airflow/example_dags/example_python_decorator.py for tasks to queue
[2025-11-01T12:50:55.371+0000] {logging_mixin.py:190} INFO - [2025-11-01T12:50:55.371+0000] {dagbag.py:588} INFO - Filling up the DagBag from /home/airflow/.local/lib/python3.12/site-packages/airflow/example_dags/example_python_decorator.py
[2025-11-01T12:50:55.391+0000] {processor.py:925} INFO - DAG(s) 'example_python_decorator' retrieved from /home/airflow/.local/lib/python3.12/site-packages/airflow/example_dags/example_python_decorator.py
[2025-11-01T12:50:55.420+0000] {logging_mixin.py:190} INFO - [2025-11-01T12:50:55.420+0000] {dag.py:3239} INFO - Sync 1 DAGs
[2025-11-01T12:50:55.437+0000] {logging_mixin.py:190} INFO - [2025-11-01T12:50:55.437+0000] {dag.py:4180} INFO - Setting next_dagrun for example_python_decorator to None, run_after=None
[2025-11-01T12:50:55.465+0000] {processor.py:208} INFO - Processing /home/airflow/.local/lib/python3.12/site-packages/airflow/example_dags/example_python_decorator.py took 0.109 seconds
[2025-11-01T12:51:25.904+0000] {processor.py:186} INFO - Started process (PID=1217) to work on /home/airflow/.local/lib/python3.12/site-packages/airflow/example_dags/example_python_decorator.py
[2025-11-01T12:51:25.905+0000] {processor.py:914} INFO - Processing file /home/airflow/.local/lib/python3.12/site-packages/airflow/example_dags/example_python_decorator.py for tasks to queue
[2025-11-01T12:51:25.909+0000] {logging_mixin.py:190} INFO - [2025-11-01T12:51:25.908+0000] {dagbag.py:588} INFO - Filling up the DagBag from /home/airflow/.local/lib/python3.12/site-packages/airflow/example_dags/example_python_decorator.py
[2025-11-01T12:51:25.928+0000] {processor.py:925} INFO - DAG(s) 'example_python_decorator' retrieved from /home/airflow/.local/lib/python3.12/site-packages/airflow/example_dags/example_python_decorator.py
[2025-11-01T12:51:25.961+0000] {logging_mixin.py:190} INFO - [2025-11-01T12:51:25.960+0000] {dag.py:3239} INFO - Sync 1 DAGs
[2025-11-01T12:51:25.980+0000] {logging_mixin.py:190} INFO - [2025-11-01T12:51:25.979+0000] {dag.py:4180} INFO - Setting next_dagrun for example_python_decorator to None, run_after=None
[2025-11-01T12:51:26.005+0000] {processor.py:208} INFO - Processing /home/airflow/.local/lib/python3.12/site-packages/airflow/example_dags/example_python_decorator.py took 0.109 seconds
[2025-11-01T12:51:56.275+0000] {processor.py:186} INFO - Started process (PID=1288) to work on /home/airflow/.local/lib/python3.12/site-packages/airflow/example_dags/example_python_decorator.py
[2025-11-01T12:51:56.277+0000] {processor.py:914} INFO - Processing file /home/airflow/.local/lib/python3.12/site-packages/airflow/example_dags/example_python_decorator.py for tasks to queue
[2025-11-01T12:51:56.280+0000] {logging_mixin.py:190} INFO - [2025-11-01T12:51:56.280+0000] {dagbag.py:588} INFO - Filling up the DagBag from /home/airflow/.local/lib/python3.12/site-packages/airflow/example_dags/example_python_decorator.py
[2025-11-01T12:51:56.298+0000] {processor.py:925} INFO - DAG(s) 'example_python_decorator' retrieved from /home/airflow/.local/lib/python3.12/site-packages/airflow/example_dags/example_python_decorator.py
[2025-11-01T12:51:56.324+0000] {logging_mixin.py:190} INFO - [2025-11-01T12:51:56.324+0000] {dag.py:3239} INFO - Sync 1 DAGs
[2025-11-01T12:51:56.342+0000] {logging_mixin.py:190} INFO - [2025-11-01T12:51:56.342+0000] {dag.py:4180} INFO - Setting next_dagrun for example_python_decorator to None, run_after=None
[2025-11-01T12:51:56.363+0000] {processor.py:208} INFO - Processing /home/airflow/.local/lib/python3.12/site-packages/airflow/example_dags/example_python_decorator.py took 0.095 seconds
[2025-11-01T12:52:26.547+0000] {processor.py:186} INFO - Started process (PID=1359) to work on /home/airflow/.local/lib/python3.12/site-packages/airflow/example_dags/example_python_decorator.py
[2025-11-01T12:52:26.549+0000] {processor.py:914} INFO - Processing file /home/airflow/.local/lib/python3.12/site-packages/airflow/example_dags/example_python_decorator.py for tasks to queue
[2025-11-01T12:52:26.553+0000] {logging_mixin.py:190} INFO - [2025-11-01T12:52:26.552+0000] {dagbag.py:588} INFO - Filling up the DagBag from /home/airflow/.local/lib/python3.12/site-packages/airflow/example_dags/example_python_decorator.py
[2025-11-01T12:52:26.576+0000] {processor.py:925} INFO - DAG(s) 'example_python_decorator' retrieved from /home/airflow/.local/lib/python3.12/site-packages/airflow/example_dags/example_python_decorator.py
[2025-11-01T12:52:26.605+0000] {logging_mixin.py:190} INFO - [2025-11-01T12:52:26.604+0000] {dag.py:3239} INFO - Sync 1 DAGs
[2025-11-01T12:52:26.620+0000] {logging_mixin.py:190} INFO - [2025-11-01T12:52:26.620+0000] {dag.py:4180} INFO - Setting next_dagrun for example_python_decorator to None, run_after=None
[2025-11-01T12:52:26.642+0000] {processor.py:208} INFO - Processing /home/airflow/.local/lib/python3.12/site-packages/airflow/example_dags/example_python_decorator.py took 0.105 seconds
[2025-11-01T12:52:57.764+0000] {processor.py:186} INFO - Started process (PID=1430) to work on /home/airflow/.local/lib/python3.12/site-packages/airflow/example_dags/example_python_decorator.py
[2025-11-01T12:52:57.766+0000] {processor.py:914} INFO - Processing file /home/airflow/.local/lib/python3.12/site-packages/airflow/example_dags/example_python_decorator.py for tasks to queue
[2025-11-01T12:52:57.769+0000] {logging_mixin.py:190} INFO - [2025-11-01T12:52:57.769+0000] {dagbag.py:588} INFO - Filling up the DagBag from /home/airflow/.local/lib/python3.12/site-packages/airflow/example_dags/example_python_decorator.py
[2025-11-01T12:52:57.788+0000] {processor.py:925} INFO - DAG(s) 'example_python_decorator' retrieved from /home/airflow/.local/lib/python3.12/site-packages/airflow/example_dags/example_python_decorator.py
[2025-11-01T12:52:57.820+0000] {logging_mixin.py:190} INFO - [2025-11-01T12:52:57.819+0000] {dag.py:3239} INFO - Sync 1 DAGs
[2025-11-01T12:52:57.837+0000] {logging_mixin.py:190} INFO - [2025-11-01T12:52:57.837+0000] {dag.py:4180} INFO - Setting next_dagrun for example_python_decorator to None, run_after=None
[2025-11-01T12:52:57.861+0000] {processor.py:208} INFO - Processing /home/airflow/.local/lib/python3.12/site-packages/airflow/example_dags/example_python_decorator.py took 0.105 seconds
[2025-11-01T12:53:28.187+0000] {processor.py:186} INFO - Started process (PID=1501) to work on /home/airflow/.local/lib/python3.12/site-packages/airflow/example_dags/example_python_decorator.py
[2025-11-01T12:53:28.188+0000] {processor.py:914} INFO - Processing file /home/airflow/.local/lib/python3.12/site-packages/airflow/example_dags/example_python_decorator.py for tasks to queue
[2025-11-01T12:53:28.192+0000] {logging_mixin.py:190} INFO - [2025-11-01T12:53:28.191+0000] {dagbag.py:588} INFO - Filling up the DagBag from /home/airflow/.local/lib/python3.12/site-packages/airflow/example_dags/example_python_decorator.py
[2025-11-01T12:53:28.214+0000] {processor.py:925} INFO - DAG(s) 'example_python_decorator' retrieved from /home/airflow/.local/lib/python3.12/site-packages/airflow/example_dags/example_python_decorator.py
[2025-11-01T12:53:28.259+0000] {logging_mixin.py:190} INFO - [2025-11-01T12:53:28.258+0000] {dag.py:3239} INFO - Sync 1 DAGs
[2025-11-01T12:53:28.285+0000] {logging_mixin.py:190} INFO - [2025-11-01T12:53:28.285+0000] {dag.py:4180} INFO - Setting next_dagrun for example_python_decorator to None, run_after=None
[2025-11-01T12:53:28.310+0000] {processor.py:208} INFO - Processing /home/airflow/.local/lib/python3.12/site-packages/airflow/example_dags/example_python_decorator.py took 0.134 seconds
[2025-11-01T12:53:58.939+0000] {processor.py:186} INFO - Started process (PID=1573) to work on /home/airflow/.local/lib/python3.12/site-packages/airflow/example_dags/example_python_decorator.py
[2025-11-01T12:53:58.941+0000] {processor.py:914} INFO - Processing file /home/airflow/.local/lib/python3.12/site-packages/airflow/example_dags/example_python_decorator.py for tasks to queue
[2025-11-01T12:53:58.945+0000] {logging_mixin.py:190} INFO - [2025-11-01T12:53:58.944+0000] {dagbag.py:588} INFO - Filling up the DagBag from /home/airflow/.local/lib/python3.12/site-packages/airflow/example_dags/example_python_decorator.py
[2025-11-01T12:53:58.965+0000] {processor.py:925} INFO - DAG(s) 'example_python_decorator' retrieved from /home/airflow/.local/lib/python3.12/site-packages/airflow/example_dags/example_python_decorator.py
[2025-11-01T12:53:58.998+0000] {logging_mixin.py:190} INFO - [2025-11-01T12:53:58.997+0000] {dag.py:3239} INFO - Sync 1 DAGs
[2025-11-01T12:53:59.016+0000] {logging_mixin.py:190} INFO - [2025-11-01T12:53:59.015+0000] {dag.py:4180} INFO - Setting next_dagrun for example_python_decorator to None, run_after=None
[2025-11-01T12:53:59.039+0000] {processor.py:208} INFO - Processing /home/airflow/.local/lib/python3.12/site-packages/airflow/example_dags/example_python_decorator.py took 0.108 seconds
[2025-11-01T12:54:29.542+0000] {processor.py:186} INFO - Started process (PID=1644) to work on /home/airflow/.local/lib/python3.12/site-packages/airflow/example_dags/example_python_decorator.py
[2025-11-01T12:54:29.543+0000] {processor.py:914} INFO - Processing file /home/airflow/.local/lib/python3.12/site-packages/airflow/example_dags/example_python_decorator.py for tasks to queue
[2025-11-01T12:54:29.546+0000] {logging_mixin.py:190} INFO - [2025-11-01T12:54:29.546+0000] {dagbag.py:588} INFO - Filling up the DagBag from /home/airflow/.local/lib/python3.12/site-packages/airflow/example_dags/example_python_decorator.py
[2025-11-01T12:54:29.566+0000] {processor.py:925} INFO - DAG(s) 'example_python_decorator' retrieved from /home/airflow/.local/lib/python3.12/site-packages/airflow/example_dags/example_python_decorator.py
[2025-11-01T12:54:29.595+0000] {logging_mixin.py:190} INFO - [2025-11-01T12:54:29.594+0000] {dag.py:3239} INFO - Sync 1 DAGs
[2025-11-01T12:54:29.611+0000] {logging_mixin.py:190} INFO - [2025-11-01T12:54:29.611+0000] {dag.py:4180} INFO - Setting next_dagrun for example_python_decorator to None, run_after=None
[2025-11-01T12:54:29.632+0000] {processor.py:208} INFO - Processing /home/airflow/.local/lib/python3.12/site-packages/airflow/example_dags/example_python_decorator.py took 0.098 seconds
[2025-11-01T12:54:59.923+0000] {processor.py:186} INFO - Started process (PID=1715) to work on /home/airflow/.local/lib/python3.12/site-packages/airflow/example_dags/example_python_decorator.py
[2025-11-01T12:54:59.925+0000] {processor.py:914} INFO - Processing file /home/airflow/.local/lib/python3.12/site-packages/airflow/example_dags/example_python_decorator.py for tasks to queue
[2025-11-01T12:54:59.928+0000] {logging_mixin.py:190} INFO - [2025-11-01T12:54:59.928+0000] {dagbag.py:588} INFO - Filling up the DagBag from /home/airflow/.local/lib/python3.12/site-packages/airflow/example_dags/example_python_decorator.py
[2025-11-01T12:54:59.947+0000] {processor.py:925} INFO - DAG(s) 'example_python_decorator' retrieved from /home/airflow/.local/lib/python3.12/site-packages/airflow/example_dags/example_python_decorator.py
[2025-11-01T12:54:59.993+0000] {logging_mixin.py:190} INFO - [2025-11-01T12:54:59.992+0000] {dag.py:3239} INFO - Sync 1 DAGs
[2025-11-01T12:55:00.013+0000] {logging_mixin.py:190} INFO - [2025-11-01T12:55:00.013+0000] {dag.py:4180} INFO - Setting next_dagrun for example_python_decorator to None, run_after=None
[2025-11-01T12:55:00.041+0000] {processor.py:208} INFO - Processing /home/airflow/.local/lib/python3.12/site-packages/airflow/example_dags/example_python_decorator.py took 0.127 seconds
[2025-11-01T12:55:30.208+0000] {processor.py:186} INFO - Started process (PID=1786) to work on /home/airflow/.local/lib/python3.12/site-packages/airflow/example_dags/example_python_decorator.py
[2025-11-01T12:55:30.209+0000] {processor.py:914} INFO - Processing file /home/airflow/.local/lib/python3.12/site-packages/airflow/example_dags/example_python_decorator.py for tasks to queue
[2025-11-01T12:55:30.213+0000] {logging_mixin.py:190} INFO - [2025-11-01T12:55:30.213+0000] {dagbag.py:588} INFO - Filling up the DagBag from /home/airflow/.local/lib/python3.12/site-packages/airflow/example_dags/example_python_decorator.py
[2025-11-01T12:55:30.238+0000] {processor.py:925} INFO - DAG(s) 'example_python_decorator' retrieved from /home/airflow/.local/lib/python3.12/site-packages/airflow/example_dags/example_python_decorator.py
[2025-11-01T12:55:30.267+0000] {logging_mixin.py:190} INFO - [2025-11-01T12:55:30.266+0000] {dag.py:3239} INFO - Sync 1 DAGs
[2025-11-01T12:55:30.287+0000] {logging_mixin.py:190} INFO - [2025-11-01T12:55:30.286+0000] {dag.py:4180} INFO - Setting next_dagrun for example_python_decorator to None, run_after=None
[2025-11-01T12:55:30.310+0000] {processor.py:208} INFO - Processing /home/airflow/.local/lib/python3.12/site-packages/airflow/example_dags/example_python_decorator.py took 0.110 seconds
[2025-11-01T12:56:00.472+0000] {processor.py:186} INFO - Started process (PID=1857) to work on /home/airflow/.local/lib/python3.12/site-packages/airflow/example_dags/example_python_decorator.py
[2025-11-01T12:56:00.473+0000] {processor.py:914} INFO - Processing file /home/airflow/.local/lib/python3.12/site-packages/airflow/example_dags/example_python_decorator.py for tasks to queue
[2025-11-01T12:56:00.476+0000] {logging_mixin.py:190} INFO - [2025-11-01T12:56:00.476+0000] {dagbag.py:588} INFO - Filling up the DagBag from /home/airflow/.local/lib/python3.12/site-packages/airflow/example_dags/example_python_decorator.py
[2025-11-01T12:56:00.495+0000] {processor.py:925} INFO - DAG(s) 'example_python_decorator' retrieved from /home/airflow/.local/lib/python3.12/site-packages/airflow/example_dags/example_python_decorator.py
[2025-11-01T12:56:00.523+0000] {logging_mixin.py:190} INFO - [2025-11-01T12:56:00.522+0000] {dag.py:3239} INFO - Sync 1 DAGs
[2025-11-01T12:56:00.540+0000] {logging_mixin.py:190} INFO - [2025-11-01T12:56:00.540+0000] {dag.py:4180} INFO - Setting next_dagrun for example_python_decorator to None, run_after=None
[2025-11-01T12:56:00.565+0000] {processor.py:208} INFO - Processing /home/airflow/.local/lib/python3.12/site-packages/airflow/example_dags/example_python_decorator.py took 0.102 seconds
[2025-11-01T12:56:31.055+0000] {processor.py:186} INFO - Started process (PID=1928) to work on /home/airflow/.local/lib/python3.12/site-packages/airflow/example_dags/example_python_decorator.py
[2025-11-01T12:56:31.056+0000] {processor.py:914} INFO - Processing file /home/airflow/.local/lib/python3.12/site-packages/airflow/example_dags/example_python_decorator.py for tasks to queue
[2025-11-01T12:56:31.060+0000] {logging_mixin.py:190} INFO - [2025-11-01T12:56:31.059+0000] {dagbag.py:588} INFO - Filling up the DagBag from /home/airflow/.local/lib/python3.12/site-packages/airflow/example_dags/example_python_decorator.py
[2025-11-01T12:56:31.078+0000] {processor.py:925} INFO - DAG(s) 'example_python_decorator' retrieved from /home/airflow/.local/lib/python3.12/site-packages/airflow/example_dags/example_python_decorator.py
[2025-11-01T12:56:31.106+0000] {logging_mixin.py:190} INFO - [2025-11-01T12:56:31.105+0000] {dag.py:3239} INFO - Sync 1 DAGs
[2025-11-01T12:56:31.123+0000] {logging_mixin.py:190} INFO - [2025-11-01T12:56:31.123+0000] {dag.py:4180} INFO - Setting next_dagrun for example_python_decorator to None, run_after=None
[2025-11-01T12:56:31.149+0000] {processor.py:208} INFO - Processing /home/airflow/.local/lib/python3.12/site-packages/airflow/example_dags/example_python_decorator.py took 0.101 seconds
