[2025-11-01T12:43:42.494+0000] {processor.py:186} INFO - Started process (PID=126) to work on /home/airflow/.local/lib/python3.12/site-packages/airflow/example_dags/tutorial_taskflow_templates.py
[2025-11-01T12:43:42.496+0000] {processor.py:914} INFO - Processing file /home/airflow/.local/lib/python3.12/site-packages/airflow/example_dags/tutorial_taskflow_templates.py for tasks to queue
[2025-11-01T12:43:42.500+0000] {logging_mixin.py:190} INFO - [2025-11-01T12:43:42.499+0000] {dagbag.py:588} INFO - Filling up the DagBag from /home/airflow/.local/lib/python3.12/site-packages/airflow/example_dags/tutorial_taskflow_templates.py
[2025-11-01T12:43:42.523+0000] {processor.py:925} INFO - DAG(s) 'tutorial_taskflow_templates' retrieved from /home/airflow/.local/lib/python3.12/site-packages/airflow/example_dags/tutorial_taskflow_templates.py
[2025-11-01T12:43:42.654+0000] {logging_mixin.py:190} INFO - [2025-11-01T12:43:42.653+0000] {override.py:1911} INFO - Created Permission View: can delete on DAG:tutorial_taskflow_templates
[2025-11-01T12:43:42.668+0000] {logging_mixin.py:190} INFO - [2025-11-01T12:43:42.667+0000] {override.py:1911} INFO - Created Permission View: can edit on DAG:tutorial_taskflow_templates
[2025-11-01T12:43:42.677+0000] {logging_mixin.py:190} INFO - [2025-11-01T12:43:42.677+0000] {override.py:1911} INFO - Created Permission View: can read on DAG:tutorial_taskflow_templates
[2025-11-01T12:43:42.688+0000] {logging_mixin.py:190} INFO - [2025-11-01T12:43:42.688+0000] {override.py:1911} INFO - Created Permission View: menu access on DAG Run:tutorial_taskflow_templates
[2025-11-01T12:43:42.697+0000] {logging_mixin.py:190} INFO - [2025-11-01T12:43:42.696+0000] {override.py:1911} INFO - Created Permission View: can delete on DAG Run:tutorial_taskflow_templates
[2025-11-01T12:43:42.706+0000] {logging_mixin.py:190} INFO - [2025-11-01T12:43:42.706+0000] {override.py:1911} INFO - Created Permission View: can create on DAG Run:tutorial_taskflow_templates
[2025-11-01T12:43:42.714+0000] {logging_mixin.py:190} INFO - [2025-11-01T12:43:42.714+0000] {override.py:1911} INFO - Created Permission View: can read on DAG Run:tutorial_taskflow_templates
[2025-11-01T12:43:42.716+0000] {logging_mixin.py:190} INFO - [2025-11-01T12:43:42.715+0000] {dag.py:3239} INFO - Sync 1 DAGs
[2025-11-01T12:43:42.731+0000] {logging_mixin.py:190} INFO - [2025-11-01T12:43:42.731+0000] {dag.py:3262} INFO - Creating ORM DAG for tutorial_taskflow_templates
[2025-11-01T12:43:42.744+0000] {logging_mixin.py:190} INFO - [2025-11-01T12:43:42.744+0000] {dag.py:4180} INFO - Setting next_dagrun for tutorial_taskflow_templates to 2025-10-31 00:00:00+00:00, run_after=2025-11-01 00:00:00+00:00
[2025-11-01T12:43:42.765+0000] {processor.py:208} INFO - Processing /home/airflow/.local/lib/python3.12/site-packages/airflow/example_dags/tutorial_taskflow_templates.py took 0.279 seconds
[2025-11-01T12:44:12.912+0000] {processor.py:186} INFO - Started process (PID=196) to work on /home/airflow/.local/lib/python3.12/site-packages/airflow/example_dags/tutorial_taskflow_templates.py
[2025-11-01T12:44:12.914+0000] {processor.py:914} INFO - Processing file /home/airflow/.local/lib/python3.12/site-packages/airflow/example_dags/tutorial_taskflow_templates.py for tasks to queue
[2025-11-01T12:44:12.918+0000] {logging_mixin.py:190} INFO - [2025-11-01T12:44:12.918+0000] {dagbag.py:588} INFO - Filling up the DagBag from /home/airflow/.local/lib/python3.12/site-packages/airflow/example_dags/tutorial_taskflow_templates.py
[2025-11-01T12:44:12.939+0000] {processor.py:925} INFO - DAG(s) 'tutorial_taskflow_templates' retrieved from /home/airflow/.local/lib/python3.12/site-packages/airflow/example_dags/tutorial_taskflow_templates.py
[2025-11-01T12:44:12.968+0000] {logging_mixin.py:190} INFO - [2025-11-01T12:44:12.968+0000] {dag.py:3239} INFO - Sync 1 DAGs
[2025-11-01T12:44:12.997+0000] {logging_mixin.py:190} INFO - [2025-11-01T12:44:12.997+0000] {dag.py:4180} INFO - Setting next_dagrun for tutorial_taskflow_templates to 2025-10-31 00:00:00+00:00, run_after=2025-11-01 00:00:00+00:00
[2025-11-01T12:44:13.021+0000] {processor.py:208} INFO - Processing /home/airflow/.local/lib/python3.12/site-packages/airflow/example_dags/tutorial_taskflow_templates.py took 0.117 seconds
[2025-11-01T12:44:43.331+0000] {processor.py:186} INFO - Started process (PID=266) to work on /home/airflow/.local/lib/python3.12/site-packages/airflow/example_dags/tutorial_taskflow_templates.py
[2025-11-01T12:44:43.333+0000] {processor.py:914} INFO - Processing file /home/airflow/.local/lib/python3.12/site-packages/airflow/example_dags/tutorial_taskflow_templates.py for tasks to queue
[2025-11-01T12:44:43.336+0000] {logging_mixin.py:190} INFO - [2025-11-01T12:44:43.336+0000] {dagbag.py:588} INFO - Filling up the DagBag from /home/airflow/.local/lib/python3.12/site-packages/airflow/example_dags/tutorial_taskflow_templates.py
[2025-11-01T12:44:43.353+0000] {processor.py:925} INFO - DAG(s) 'tutorial_taskflow_templates' retrieved from /home/airflow/.local/lib/python3.12/site-packages/airflow/example_dags/tutorial_taskflow_templates.py
[2025-11-01T12:44:43.378+0000] {logging_mixin.py:190} INFO - [2025-11-01T12:44:43.377+0000] {dag.py:3239} INFO - Sync 1 DAGs
[2025-11-01T12:44:43.403+0000] {logging_mixin.py:190} INFO - [2025-11-01T12:44:43.403+0000] {dag.py:4180} INFO - Setting next_dagrun for tutorial_taskflow_templates to 2025-10-31 00:00:00+00:00, run_after=2025-11-01 00:00:00+00:00
[2025-11-01T12:44:43.423+0000] {processor.py:208} INFO - Processing /home/airflow/.local/lib/python3.12/site-packages/airflow/example_dags/tutorial_taskflow_templates.py took 0.099 seconds
[2025-11-01T12:45:14.455+0000] {processor.py:186} INFO - Started process (PID=336) to work on /home/airflow/.local/lib/python3.12/site-packages/airflow/example_dags/tutorial_taskflow_templates.py
[2025-11-01T12:45:14.457+0000] {processor.py:914} INFO - Processing file /home/airflow/.local/lib/python3.12/site-packages/airflow/example_dags/tutorial_taskflow_templates.py for tasks to queue
[2025-11-01T12:45:14.462+0000] {logging_mixin.py:190} INFO - [2025-11-01T12:45:14.461+0000] {dagbag.py:588} INFO - Filling up the DagBag from /home/airflow/.local/lib/python3.12/site-packages/airflow/example_dags/tutorial_taskflow_templates.py
[2025-11-01T12:45:14.484+0000] {processor.py:925} INFO - DAG(s) 'tutorial_taskflow_templates' retrieved from /home/airflow/.local/lib/python3.12/site-packages/airflow/example_dags/tutorial_taskflow_templates.py
[2025-11-01T12:45:14.514+0000] {logging_mixin.py:190} INFO - [2025-11-01T12:45:14.513+0000] {dag.py:3239} INFO - Sync 1 DAGs
[2025-11-01T12:45:14.544+0000] {logging_mixin.py:190} INFO - [2025-11-01T12:45:14.544+0000] {dag.py:4180} INFO - Setting next_dagrun for tutorial_taskflow_templates to 2025-10-31 00:00:00+00:00, run_after=2025-11-01 00:00:00+00:00
[2025-11-01T12:45:14.568+0000] {processor.py:208} INFO - Processing /home/airflow/.local/lib/python3.12/site-packages/airflow/example_dags/tutorial_taskflow_templates.py took 0.123 seconds
[2025-11-01T12:45:44.972+0000] {processor.py:186} INFO - Started process (PID=407) to work on /home/airflow/.local/lib/python3.12/site-packages/airflow/example_dags/tutorial_taskflow_templates.py
[2025-11-01T12:45:44.974+0000] {processor.py:914} INFO - Processing file /home/airflow/.local/lib/python3.12/site-packages/airflow/example_dags/tutorial_taskflow_templates.py for tasks to queue
[2025-11-01T12:45:44.977+0000] {logging_mixin.py:190} INFO - [2025-11-01T12:45:44.977+0000] {dagbag.py:588} INFO - Filling up the DagBag from /home/airflow/.local/lib/python3.12/site-packages/airflow/example_dags/tutorial_taskflow_templates.py
[2025-11-01T12:45:44.998+0000] {processor.py:925} INFO - DAG(s) 'tutorial_taskflow_templates' retrieved from /home/airflow/.local/lib/python3.12/site-packages/airflow/example_dags/tutorial_taskflow_templates.py
[2025-11-01T12:45:45.027+0000] {logging_mixin.py:190} INFO - [2025-11-01T12:45:45.026+0000] {dag.py:3239} INFO - Sync 1 DAGs
[2025-11-01T12:45:45.056+0000] {logging_mixin.py:190} INFO - [2025-11-01T12:45:45.055+0000] {dag.py:4180} INFO - Setting next_dagrun for tutorial_taskflow_templates to 2025-10-31 00:00:00+00:00, run_after=2025-11-01 00:00:00+00:00
[2025-11-01T12:45:45.079+0000] {processor.py:208} INFO - Processing /home/airflow/.local/lib/python3.12/site-packages/airflow/example_dags/tutorial_taskflow_templates.py took 0.114 seconds
[2025-11-01T12:46:16.042+0000] {processor.py:186} INFO - Started process (PID=477) to work on /home/airflow/.local/lib/python3.12/site-packages/airflow/example_dags/tutorial_taskflow_templates.py
[2025-11-01T12:46:16.043+0000] {processor.py:914} INFO - Processing file /home/airflow/.local/lib/python3.12/site-packages/airflow/example_dags/tutorial_taskflow_templates.py for tasks to queue
[2025-11-01T12:46:16.046+0000] {logging_mixin.py:190} INFO - [2025-11-01T12:46:16.046+0000] {dagbag.py:588} INFO - Filling up the DagBag from /home/airflow/.local/lib/python3.12/site-packages/airflow/example_dags/tutorial_taskflow_templates.py
[2025-11-01T12:46:16.065+0000] {processor.py:925} INFO - DAG(s) 'tutorial_taskflow_templates' retrieved from /home/airflow/.local/lib/python3.12/site-packages/airflow/example_dags/tutorial_taskflow_templates.py
[2025-11-01T12:46:16.103+0000] {logging_mixin.py:190} INFO - [2025-11-01T12:46:16.102+0000] {dag.py:3239} INFO - Sync 1 DAGs
[2025-11-01T12:46:16.137+0000] {logging_mixin.py:190} INFO - [2025-11-01T12:46:16.137+0000] {dag.py:4180} INFO - Setting next_dagrun for tutorial_taskflow_templates to 2025-10-31 00:00:00+00:00, run_after=2025-11-01 00:00:00+00:00
[2025-11-01T12:46:16.164+0000] {processor.py:208} INFO - Processing /home/airflow/.local/lib/python3.12/site-packages/airflow/example_dags/tutorial_taskflow_templates.py took 0.130 seconds
[2025-11-01T12:46:47.172+0000] {processor.py:186} INFO - Started process (PID=547) to work on /home/airflow/.local/lib/python3.12/site-packages/airflow/example_dags/tutorial_taskflow_templates.py
[2025-11-01T12:46:47.174+0000] {processor.py:914} INFO - Processing file /home/airflow/.local/lib/python3.12/site-packages/airflow/example_dags/tutorial_taskflow_templates.py for tasks to queue
[2025-11-01T12:46:47.179+0000] {logging_mixin.py:190} INFO - [2025-11-01T12:46:47.179+0000] {dagbag.py:588} INFO - Filling up the DagBag from /home/airflow/.local/lib/python3.12/site-packages/airflow/example_dags/tutorial_taskflow_templates.py
[2025-11-01T12:46:47.201+0000] {processor.py:925} INFO - DAG(s) 'tutorial_taskflow_templates' retrieved from /home/airflow/.local/lib/python3.12/site-packages/airflow/example_dags/tutorial_taskflow_templates.py
[2025-11-01T12:46:47.232+0000] {logging_mixin.py:190} INFO - [2025-11-01T12:46:47.231+0000] {dag.py:3239} INFO - Sync 1 DAGs
[2025-11-01T12:46:47.267+0000] {logging_mixin.py:190} INFO - [2025-11-01T12:46:47.267+0000] {dag.py:4180} INFO - Setting next_dagrun for tutorial_taskflow_templates to 2025-10-31 00:00:00+00:00, run_after=2025-11-01 00:00:00+00:00
[2025-11-01T12:46:47.295+0000] {processor.py:208} INFO - Processing /home/airflow/.local/lib/python3.12/site-packages/airflow/example_dags/tutorial_taskflow_templates.py took 0.133 seconds
[2025-11-01T12:47:18.377+0000] {processor.py:186} INFO - Started process (PID=617) to work on /home/airflow/.local/lib/python3.12/site-packages/airflow/example_dags/tutorial_taskflow_templates.py
[2025-11-01T12:47:18.378+0000] {processor.py:914} INFO - Processing file /home/airflow/.local/lib/python3.12/site-packages/airflow/example_dags/tutorial_taskflow_templates.py for tasks to queue
[2025-11-01T12:47:18.381+0000] {logging_mixin.py:190} INFO - [2025-11-01T12:47:18.381+0000] {dagbag.py:588} INFO - Filling up the DagBag from /home/airflow/.local/lib/python3.12/site-packages/airflow/example_dags/tutorial_taskflow_templates.py
[2025-11-01T12:47:18.398+0000] {processor.py:925} INFO - DAG(s) 'tutorial_taskflow_templates' retrieved from /home/airflow/.local/lib/python3.12/site-packages/airflow/example_dags/tutorial_taskflow_templates.py
[2025-11-01T12:47:18.425+0000] {logging_mixin.py:190} INFO - [2025-11-01T12:47:18.424+0000] {dag.py:3239} INFO - Sync 1 DAGs
[2025-11-01T12:47:18.457+0000] {logging_mixin.py:190} INFO - [2025-11-01T12:47:18.456+0000] {dag.py:4180} INFO - Setting next_dagrun for tutorial_taskflow_templates to 2025-10-31 00:00:00+00:00, run_after=2025-11-01 00:00:00+00:00
[2025-11-01T12:47:18.483+0000] {processor.py:208} INFO - Processing /home/airflow/.local/lib/python3.12/site-packages/airflow/example_dags/tutorial_taskflow_templates.py took 0.114 seconds
[2025-11-01T12:47:49.120+0000] {processor.py:186} INFO - Started process (PID=687) to work on /home/airflow/.local/lib/python3.12/site-packages/airflow/example_dags/tutorial_taskflow_templates.py
[2025-11-01T12:47:49.122+0000] {processor.py:914} INFO - Processing file /home/airflow/.local/lib/python3.12/site-packages/airflow/example_dags/tutorial_taskflow_templates.py for tasks to queue
[2025-11-01T12:47:49.126+0000] {logging_mixin.py:190} INFO - [2025-11-01T12:47:49.125+0000] {dagbag.py:588} INFO - Filling up the DagBag from /home/airflow/.local/lib/python3.12/site-packages/airflow/example_dags/tutorial_taskflow_templates.py
[2025-11-01T12:47:49.143+0000] {processor.py:925} INFO - DAG(s) 'tutorial_taskflow_templates' retrieved from /home/airflow/.local/lib/python3.12/site-packages/airflow/example_dags/tutorial_taskflow_templates.py
[2025-11-01T12:47:49.171+0000] {logging_mixin.py:190} INFO - [2025-11-01T12:47:49.170+0000] {dag.py:3239} INFO - Sync 1 DAGs
[2025-11-01T12:47:49.199+0000] {logging_mixin.py:190} INFO - [2025-11-01T12:47:49.198+0000] {dag.py:4180} INFO - Setting next_dagrun for tutorial_taskflow_templates to 2025-10-31 00:00:00+00:00, run_after=2025-11-01 00:00:00+00:00
[2025-11-01T12:47:49.221+0000] {processor.py:208} INFO - Processing /home/airflow/.local/lib/python3.12/site-packages/airflow/example_dags/tutorial_taskflow_templates.py took 0.108 seconds
[2025-11-01T12:48:19.735+0000] {processor.py:186} INFO - Started process (PID=757) to work on /home/airflow/.local/lib/python3.12/site-packages/airflow/example_dags/tutorial_taskflow_templates.py
[2025-11-01T12:48:19.736+0000] {processor.py:914} INFO - Processing file /home/airflow/.local/lib/python3.12/site-packages/airflow/example_dags/tutorial_taskflow_templates.py for tasks to queue
[2025-11-01T12:48:19.739+0000] {logging_mixin.py:190} INFO - [2025-11-01T12:48:19.739+0000] {dagbag.py:588} INFO - Filling up the DagBag from /home/airflow/.local/lib/python3.12/site-packages/airflow/example_dags/tutorial_taskflow_templates.py
[2025-11-01T12:48:19.755+0000] {processor.py:925} INFO - DAG(s) 'tutorial_taskflow_templates' retrieved from /home/airflow/.local/lib/python3.12/site-packages/airflow/example_dags/tutorial_taskflow_templates.py
[2025-11-01T12:48:19.781+0000] {logging_mixin.py:190} INFO - [2025-11-01T12:48:19.780+0000] {dag.py:3239} INFO - Sync 1 DAGs
[2025-11-01T12:48:19.807+0000] {logging_mixin.py:190} INFO - [2025-11-01T12:48:19.807+0000] {dag.py:4180} INFO - Setting next_dagrun for tutorial_taskflow_templates to 2025-10-31 00:00:00+00:00, run_after=2025-11-01 00:00:00+00:00
[2025-11-01T12:48:19.829+0000] {processor.py:208} INFO - Processing /home/airflow/.local/lib/python3.12/site-packages/airflow/example_dags/tutorial_taskflow_templates.py took 0.101 seconds
[2025-11-01T12:48:50.284+0000] {processor.py:186} INFO - Started process (PID=828) to work on /home/airflow/.local/lib/python3.12/site-packages/airflow/example_dags/tutorial_taskflow_templates.py
[2025-11-01T12:48:50.285+0000] {processor.py:914} INFO - Processing file /home/airflow/.local/lib/python3.12/site-packages/airflow/example_dags/tutorial_taskflow_templates.py for tasks to queue
[2025-11-01T12:48:50.289+0000] {logging_mixin.py:190} INFO - [2025-11-01T12:48:50.288+0000] {dagbag.py:588} INFO - Filling up the DagBag from /home/airflow/.local/lib/python3.12/site-packages/airflow/example_dags/tutorial_taskflow_templates.py
[2025-11-01T12:48:50.305+0000] {processor.py:925} INFO - DAG(s) 'tutorial_taskflow_templates' retrieved from /home/airflow/.local/lib/python3.12/site-packages/airflow/example_dags/tutorial_taskflow_templates.py
[2025-11-01T12:48:50.331+0000] {logging_mixin.py:190} INFO - [2025-11-01T12:48:50.330+0000] {dag.py:3239} INFO - Sync 1 DAGs
[2025-11-01T12:48:50.357+0000] {logging_mixin.py:190} INFO - [2025-11-01T12:48:50.357+0000] {dag.py:4180} INFO - Setting next_dagrun for tutorial_taskflow_templates to 2025-10-31 00:00:00+00:00, run_after=2025-11-01 00:00:00+00:00
[2025-11-01T12:48:50.377+0000] {processor.py:208} INFO - Processing /home/airflow/.local/lib/python3.12/site-packages/airflow/example_dags/tutorial_taskflow_templates.py took 0.100 seconds
[2025-11-01T12:49:20.738+0000] {processor.py:186} INFO - Started process (PID=899) to work on /home/airflow/.local/lib/python3.12/site-packages/airflow/example_dags/tutorial_taskflow_templates.py
[2025-11-01T12:49:20.739+0000] {processor.py:914} INFO - Processing file /home/airflow/.local/lib/python3.12/site-packages/airflow/example_dags/tutorial_taskflow_templates.py for tasks to queue
[2025-11-01T12:49:20.742+0000] {logging_mixin.py:190} INFO - [2025-11-01T12:49:20.742+0000] {dagbag.py:588} INFO - Filling up the DagBag from /home/airflow/.local/lib/python3.12/site-packages/airflow/example_dags/tutorial_taskflow_templates.py
[2025-11-01T12:49:20.760+0000] {processor.py:925} INFO - DAG(s) 'tutorial_taskflow_templates' retrieved from /home/airflow/.local/lib/python3.12/site-packages/airflow/example_dags/tutorial_taskflow_templates.py
[2025-11-01T12:49:20.785+0000] {logging_mixin.py:190} INFO - [2025-11-01T12:49:20.785+0000] {dag.py:3239} INFO - Sync 1 DAGs
[2025-11-01T12:49:20.811+0000] {logging_mixin.py:190} INFO - [2025-11-01T12:49:20.811+0000] {dag.py:4180} INFO - Setting next_dagrun for tutorial_taskflow_templates to 2025-10-31 00:00:00+00:00, run_after=2025-11-01 00:00:00+00:00
[2025-11-01T12:49:20.832+0000] {processor.py:208} INFO - Processing /home/airflow/.local/lib/python3.12/site-packages/airflow/example_dags/tutorial_taskflow_templates.py took 0.102 seconds
[2025-11-01T12:49:51.202+0000] {processor.py:186} INFO - Started process (PID=971) to work on /home/airflow/.local/lib/python3.12/site-packages/airflow/example_dags/tutorial_taskflow_templates.py
[2025-11-01T12:49:51.204+0000] {processor.py:914} INFO - Processing file /home/airflow/.local/lib/python3.12/site-packages/airflow/example_dags/tutorial_taskflow_templates.py for tasks to queue
[2025-11-01T12:49:51.208+0000] {logging_mixin.py:190} INFO - [2025-11-01T12:49:51.207+0000] {dagbag.py:588} INFO - Filling up the DagBag from /home/airflow/.local/lib/python3.12/site-packages/airflow/example_dags/tutorial_taskflow_templates.py
[2025-11-01T12:49:51.228+0000] {processor.py:925} INFO - DAG(s) 'tutorial_taskflow_templates' retrieved from /home/airflow/.local/lib/python3.12/site-packages/airflow/example_dags/tutorial_taskflow_templates.py
[2025-11-01T12:49:51.257+0000] {logging_mixin.py:190} INFO - [2025-11-01T12:49:51.257+0000] {dag.py:3239} INFO - Sync 1 DAGs
[2025-11-01T12:49:51.285+0000] {logging_mixin.py:190} INFO - [2025-11-01T12:49:51.285+0000] {dag.py:4180} INFO - Setting next_dagrun for tutorial_taskflow_templates to 2025-10-31 00:00:00+00:00, run_after=2025-11-01 00:00:00+00:00
[2025-11-01T12:49:51.315+0000] {processor.py:208} INFO - Processing /home/airflow/.local/lib/python3.12/site-packages/airflow/example_dags/tutorial_taskflow_templates.py took 0.120 seconds
[2025-11-01T12:50:21.463+0000] {processor.py:186} INFO - Started process (PID=1046) to work on /home/airflow/.local/lib/python3.12/site-packages/airflow/example_dags/tutorial_taskflow_templates.py
[2025-11-01T12:50:21.465+0000] {processor.py:914} INFO - Processing file /home/airflow/.local/lib/python3.12/site-packages/airflow/example_dags/tutorial_taskflow_templates.py for tasks to queue
[2025-11-01T12:50:21.468+0000] {logging_mixin.py:190} INFO - [2025-11-01T12:50:21.468+0000] {dagbag.py:588} INFO - Filling up the DagBag from /home/airflow/.local/lib/python3.12/site-packages/airflow/example_dags/tutorial_taskflow_templates.py
[2025-11-01T12:50:21.486+0000] {processor.py:925} INFO - DAG(s) 'tutorial_taskflow_templates' retrieved from /home/airflow/.local/lib/python3.12/site-packages/airflow/example_dags/tutorial_taskflow_templates.py
[2025-11-01T12:50:21.517+0000] {logging_mixin.py:190} INFO - [2025-11-01T12:50:21.516+0000] {dag.py:3239} INFO - Sync 1 DAGs
[2025-11-01T12:50:21.546+0000] {logging_mixin.py:190} INFO - [2025-11-01T12:50:21.545+0000] {dag.py:4180} INFO - Setting next_dagrun for tutorial_taskflow_templates to 2025-10-31 00:00:00+00:00, run_after=2025-11-01 00:00:00+00:00
[2025-11-01T12:50:21.570+0000] {processor.py:208} INFO - Processing /home/airflow/.local/lib/python3.12/site-packages/airflow/example_dags/tutorial_taskflow_templates.py took 0.114 seconds
[2025-11-01T12:50:52.271+0000] {processor.py:186} INFO - Started process (PID=1117) to work on /home/airflow/.local/lib/python3.12/site-packages/airflow/example_dags/tutorial_taskflow_templates.py
[2025-11-01T12:50:52.273+0000] {processor.py:914} INFO - Processing file /home/airflow/.local/lib/python3.12/site-packages/airflow/example_dags/tutorial_taskflow_templates.py for tasks to queue
[2025-11-01T12:50:52.277+0000] {logging_mixin.py:190} INFO - [2025-11-01T12:50:52.276+0000] {dagbag.py:588} INFO - Filling up the DagBag from /home/airflow/.local/lib/python3.12/site-packages/airflow/example_dags/tutorial_taskflow_templates.py
[2025-11-01T12:50:52.296+0000] {processor.py:925} INFO - DAG(s) 'tutorial_taskflow_templates' retrieved from /home/airflow/.local/lib/python3.12/site-packages/airflow/example_dags/tutorial_taskflow_templates.py
[2025-11-01T12:50:52.326+0000] {logging_mixin.py:190} INFO - [2025-11-01T12:50:52.325+0000] {dag.py:3239} INFO - Sync 1 DAGs
[2025-11-01T12:50:52.356+0000] {logging_mixin.py:190} INFO - [2025-11-01T12:50:52.355+0000] {dag.py:4180} INFO - Setting next_dagrun for tutorial_taskflow_templates to 2025-10-31 00:00:00+00:00, run_after=2025-11-01 00:00:00+00:00
[2025-11-01T12:50:52.382+0000] {processor.py:208} INFO - Processing /home/airflow/.local/lib/python3.12/site-packages/airflow/example_dags/tutorial_taskflow_templates.py took 0.119 seconds
[2025-11-01T12:51:22.554+0000] {processor.py:186} INFO - Started process (PID=1188) to work on /home/airflow/.local/lib/python3.12/site-packages/airflow/example_dags/tutorial_taskflow_templates.py
[2025-11-01T12:51:22.555+0000] {processor.py:914} INFO - Processing file /home/airflow/.local/lib/python3.12/site-packages/airflow/example_dags/tutorial_taskflow_templates.py for tasks to queue
[2025-11-01T12:51:22.559+0000] {logging_mixin.py:190} INFO - [2025-11-01T12:51:22.559+0000] {dagbag.py:588} INFO - Filling up the DagBag from /home/airflow/.local/lib/python3.12/site-packages/airflow/example_dags/tutorial_taskflow_templates.py
[2025-11-01T12:51:22.575+0000] {processor.py:925} INFO - DAG(s) 'tutorial_taskflow_templates' retrieved from /home/airflow/.local/lib/python3.12/site-packages/airflow/example_dags/tutorial_taskflow_templates.py
[2025-11-01T12:51:22.603+0000] {logging_mixin.py:190} INFO - [2025-11-01T12:51:22.602+0000] {dag.py:3239} INFO - Sync 1 DAGs
[2025-11-01T12:51:22.629+0000] {logging_mixin.py:190} INFO - [2025-11-01T12:51:22.629+0000] {dag.py:4180} INFO - Setting next_dagrun for tutorial_taskflow_templates to 2025-10-31 00:00:00+00:00, run_after=2025-11-01 00:00:00+00:00
[2025-11-01T12:51:22.651+0000] {processor.py:208} INFO - Processing /home/airflow/.local/lib/python3.12/site-packages/airflow/example_dags/tutorial_taskflow_templates.py took 0.104 seconds
[2025-11-01T12:51:53.316+0000] {processor.py:186} INFO - Started process (PID=1259) to work on /home/airflow/.local/lib/python3.12/site-packages/airflow/example_dags/tutorial_taskflow_templates.py
[2025-11-01T12:51:53.317+0000] {processor.py:914} INFO - Processing file /home/airflow/.local/lib/python3.12/site-packages/airflow/example_dags/tutorial_taskflow_templates.py for tasks to queue
[2025-11-01T12:51:53.320+0000] {logging_mixin.py:190} INFO - [2025-11-01T12:51:53.320+0000] {dagbag.py:588} INFO - Filling up the DagBag from /home/airflow/.local/lib/python3.12/site-packages/airflow/example_dags/tutorial_taskflow_templates.py
[2025-11-01T12:51:53.338+0000] {processor.py:925} INFO - DAG(s) 'tutorial_taskflow_templates' retrieved from /home/airflow/.local/lib/python3.12/site-packages/airflow/example_dags/tutorial_taskflow_templates.py
[2025-11-01T12:51:53.365+0000] {logging_mixin.py:190} INFO - [2025-11-01T12:51:53.365+0000] {dag.py:3239} INFO - Sync 1 DAGs
[2025-11-01T12:51:53.391+0000] {logging_mixin.py:190} INFO - [2025-11-01T12:51:53.391+0000] {dag.py:4180} INFO - Setting next_dagrun for tutorial_taskflow_templates to 2025-10-31 00:00:00+00:00, run_after=2025-11-01 00:00:00+00:00
[2025-11-01T12:51:53.414+0000] {processor.py:208} INFO - Processing /home/airflow/.local/lib/python3.12/site-packages/airflow/example_dags/tutorial_taskflow_templates.py took 0.106 seconds
[2025-11-01T12:52:24.627+0000] {processor.py:186} INFO - Started process (PID=1330) to work on /home/airflow/.local/lib/python3.12/site-packages/airflow/example_dags/tutorial_taskflow_templates.py
[2025-11-01T12:52:24.629+0000] {processor.py:914} INFO - Processing file /home/airflow/.local/lib/python3.12/site-packages/airflow/example_dags/tutorial_taskflow_templates.py for tasks to queue
[2025-11-01T12:52:24.633+0000] {logging_mixin.py:190} INFO - [2025-11-01T12:52:24.633+0000] {dagbag.py:588} INFO - Filling up the DagBag from /home/airflow/.local/lib/python3.12/site-packages/airflow/example_dags/tutorial_taskflow_templates.py
[2025-11-01T12:52:24.650+0000] {processor.py:925} INFO - DAG(s) 'tutorial_taskflow_templates' retrieved from /home/airflow/.local/lib/python3.12/site-packages/airflow/example_dags/tutorial_taskflow_templates.py
[2025-11-01T12:52:24.675+0000] {logging_mixin.py:190} INFO - [2025-11-01T12:52:24.675+0000] {dag.py:3239} INFO - Sync 1 DAGs
[2025-11-01T12:52:24.703+0000] {logging_mixin.py:190} INFO - [2025-11-01T12:52:24.703+0000] {dag.py:4180} INFO - Setting next_dagrun for tutorial_taskflow_templates to 2025-10-31 00:00:00+00:00, run_after=2025-11-01 00:00:00+00:00
[2025-11-01T12:52:24.725+0000] {processor.py:208} INFO - Processing /home/airflow/.local/lib/python3.12/site-packages/airflow/example_dags/tutorial_taskflow_templates.py took 0.105 seconds
[2025-11-01T12:52:55.170+0000] {processor.py:186} INFO - Started process (PID=1401) to work on /home/airflow/.local/lib/python3.12/site-packages/airflow/example_dags/tutorial_taskflow_templates.py
[2025-11-01T12:52:55.172+0000] {processor.py:914} INFO - Processing file /home/airflow/.local/lib/python3.12/site-packages/airflow/example_dags/tutorial_taskflow_templates.py for tasks to queue
[2025-11-01T12:52:55.175+0000] {logging_mixin.py:190} INFO - [2025-11-01T12:52:55.175+0000] {dagbag.py:588} INFO - Filling up the DagBag from /home/airflow/.local/lib/python3.12/site-packages/airflow/example_dags/tutorial_taskflow_templates.py
[2025-11-01T12:52:55.192+0000] {processor.py:925} INFO - DAG(s) 'tutorial_taskflow_templates' retrieved from /home/airflow/.local/lib/python3.12/site-packages/airflow/example_dags/tutorial_taskflow_templates.py
[2025-11-01T12:52:55.218+0000] {logging_mixin.py:190} INFO - [2025-11-01T12:52:55.218+0000] {dag.py:3239} INFO - Sync 1 DAGs
[2025-11-01T12:52:55.247+0000] {logging_mixin.py:190} INFO - [2025-11-01T12:52:55.247+0000] {dag.py:4180} INFO - Setting next_dagrun for tutorial_taskflow_templates to 2025-10-31 00:00:00+00:00, run_after=2025-11-01 00:00:00+00:00
[2025-11-01T12:52:55.272+0000] {processor.py:208} INFO - Processing /home/airflow/.local/lib/python3.12/site-packages/airflow/example_dags/tutorial_taskflow_templates.py took 0.109 seconds
[2025-11-01T12:53:25.604+0000] {processor.py:186} INFO - Started process (PID=1472) to work on /home/airflow/.local/lib/python3.12/site-packages/airflow/example_dags/tutorial_taskflow_templates.py
[2025-11-01T12:53:25.606+0000] {processor.py:914} INFO - Processing file /home/airflow/.local/lib/python3.12/site-packages/airflow/example_dags/tutorial_taskflow_templates.py for tasks to queue
[2025-11-01T12:53:25.611+0000] {logging_mixin.py:190} INFO - [2025-11-01T12:53:25.610+0000] {dagbag.py:588} INFO - Filling up the DagBag from /home/airflow/.local/lib/python3.12/site-packages/airflow/example_dags/tutorial_taskflow_templates.py
[2025-11-01T12:53:25.635+0000] {processor.py:925} INFO - DAG(s) 'tutorial_taskflow_templates' retrieved from /home/airflow/.local/lib/python3.12/site-packages/airflow/example_dags/tutorial_taskflow_templates.py
[2025-11-01T12:53:25.671+0000] {logging_mixin.py:190} INFO - [2025-11-01T12:53:25.670+0000] {dag.py:3239} INFO - Sync 1 DAGs
[2025-11-01T12:53:25.708+0000] {logging_mixin.py:190} INFO - [2025-11-01T12:53:25.707+0000] {dag.py:4180} INFO - Setting next_dagrun for tutorial_taskflow_templates to 2025-10-31 00:00:00+00:00, run_after=2025-11-01 00:00:00+00:00
[2025-11-01T12:53:25.735+0000] {processor.py:208} INFO - Processing /home/airflow/.local/lib/python3.12/site-packages/airflow/example_dags/tutorial_taskflow_templates.py took 0.140 seconds
[2025-11-01T12:53:56.428+0000] {processor.py:186} INFO - Started process (PID=1550) to work on /home/airflow/.local/lib/python3.12/site-packages/airflow/example_dags/tutorial_taskflow_templates.py
[2025-11-01T12:53:56.430+0000] {processor.py:914} INFO - Processing file /home/airflow/.local/lib/python3.12/site-packages/airflow/example_dags/tutorial_taskflow_templates.py for tasks to queue
[2025-11-01T12:53:56.434+0000] {logging_mixin.py:190} INFO - [2025-11-01T12:53:56.433+0000] {dagbag.py:588} INFO - Filling up the DagBag from /home/airflow/.local/lib/python3.12/site-packages/airflow/example_dags/tutorial_taskflow_templates.py
[2025-11-01T12:53:56.453+0000] {processor.py:925} INFO - DAG(s) 'tutorial_taskflow_templates' retrieved from /home/airflow/.local/lib/python3.12/site-packages/airflow/example_dags/tutorial_taskflow_templates.py
[2025-11-01T12:53:56.482+0000] {logging_mixin.py:190} INFO - [2025-11-01T12:53:56.482+0000] {dag.py:3239} INFO - Sync 1 DAGs
[2025-11-01T12:53:56.511+0000] {logging_mixin.py:190} INFO - [2025-11-01T12:53:56.511+0000] {dag.py:4180} INFO - Setting next_dagrun for tutorial_taskflow_templates to 2025-10-31 00:00:00+00:00, run_after=2025-11-01 00:00:00+00:00
[2025-11-01T12:53:56.531+0000] {processor.py:208} INFO - Processing /home/airflow/.local/lib/python3.12/site-packages/airflow/example_dags/tutorial_taskflow_templates.py took 0.112 seconds
[2025-11-01T12:54:26.925+0000] {processor.py:186} INFO - Started process (PID=1621) to work on /home/airflow/.local/lib/python3.12/site-packages/airflow/example_dags/tutorial_taskflow_templates.py
[2025-11-01T12:54:26.927+0000] {processor.py:914} INFO - Processing file /home/airflow/.local/lib/python3.12/site-packages/airflow/example_dags/tutorial_taskflow_templates.py for tasks to queue
[2025-11-01T12:54:26.934+0000] {logging_mixin.py:190} INFO - [2025-11-01T12:54:26.933+0000] {dagbag.py:588} INFO - Filling up the DagBag from /home/airflow/.local/lib/python3.12/site-packages/airflow/example_dags/tutorial_taskflow_templates.py
[2025-11-01T12:54:26.952+0000] {processor.py:925} INFO - DAG(s) 'tutorial_taskflow_templates' retrieved from /home/airflow/.local/lib/python3.12/site-packages/airflow/example_dags/tutorial_taskflow_templates.py
[2025-11-01T12:54:26.981+0000] {logging_mixin.py:190} INFO - [2025-11-01T12:54:26.981+0000] {dag.py:3239} INFO - Sync 1 DAGs
[2025-11-01T12:54:27.011+0000] {logging_mixin.py:190} INFO - [2025-11-01T12:54:27.011+0000] {dag.py:4180} INFO - Setting next_dagrun for tutorial_taskflow_templates to 2025-10-31 00:00:00+00:00, run_after=2025-11-01 00:00:00+00:00
[2025-11-01T12:54:27.038+0000] {processor.py:208} INFO - Processing /home/airflow/.local/lib/python3.12/site-packages/airflow/example_dags/tutorial_taskflow_templates.py took 0.131 seconds
[2025-11-01T12:54:57.368+0000] {processor.py:186} INFO - Started process (PID=1692) to work on /home/airflow/.local/lib/python3.12/site-packages/airflow/example_dags/tutorial_taskflow_templates.py
[2025-11-01T12:54:57.369+0000] {processor.py:914} INFO - Processing file /home/airflow/.local/lib/python3.12/site-packages/airflow/example_dags/tutorial_taskflow_templates.py for tasks to queue
[2025-11-01T12:54:57.373+0000] {logging_mixin.py:190} INFO - [2025-11-01T12:54:57.372+0000] {dagbag.py:588} INFO - Filling up the DagBag from /home/airflow/.local/lib/python3.12/site-packages/airflow/example_dags/tutorial_taskflow_templates.py
[2025-11-01T12:54:57.390+0000] {processor.py:925} INFO - DAG(s) 'tutorial_taskflow_templates' retrieved from /home/airflow/.local/lib/python3.12/site-packages/airflow/example_dags/tutorial_taskflow_templates.py
[2025-11-01T12:54:57.415+0000] {logging_mixin.py:190} INFO - [2025-11-01T12:54:57.415+0000] {dag.py:3239} INFO - Sync 1 DAGs
[2025-11-01T12:54:57.442+0000] {logging_mixin.py:190} INFO - [2025-11-01T12:54:57.442+0000] {dag.py:4180} INFO - Setting next_dagrun for tutorial_taskflow_templates to 2025-10-31 00:00:00+00:00, run_after=2025-11-01 00:00:00+00:00
[2025-11-01T12:54:57.463+0000] {processor.py:208} INFO - Processing /home/airflow/.local/lib/python3.12/site-packages/airflow/example_dags/tutorial_taskflow_templates.py took 0.101 seconds
[2025-11-01T12:55:27.601+0000] {processor.py:186} INFO - Started process (PID=1763) to work on /home/airflow/.local/lib/python3.12/site-packages/airflow/example_dags/tutorial_taskflow_templates.py
[2025-11-01T12:55:27.603+0000] {processor.py:914} INFO - Processing file /home/airflow/.local/lib/python3.12/site-packages/airflow/example_dags/tutorial_taskflow_templates.py for tasks to queue
[2025-11-01T12:55:27.606+0000] {logging_mixin.py:190} INFO - [2025-11-01T12:55:27.606+0000] {dagbag.py:588} INFO - Filling up the DagBag from /home/airflow/.local/lib/python3.12/site-packages/airflow/example_dags/tutorial_taskflow_templates.py
[2025-11-01T12:55:27.622+0000] {processor.py:925} INFO - DAG(s) 'tutorial_taskflow_templates' retrieved from /home/airflow/.local/lib/python3.12/site-packages/airflow/example_dags/tutorial_taskflow_templates.py
[2025-11-01T12:55:27.649+0000] {logging_mixin.py:190} INFO - [2025-11-01T12:55:27.649+0000] {dag.py:3239} INFO - Sync 1 DAGs
[2025-11-01T12:55:27.677+0000] {logging_mixin.py:190} INFO - [2025-11-01T12:55:27.677+0000] {dag.py:4180} INFO - Setting next_dagrun for tutorial_taskflow_templates to 2025-10-31 00:00:00+00:00, run_after=2025-11-01 00:00:00+00:00
[2025-11-01T12:55:27.699+0000] {processor.py:208} INFO - Processing /home/airflow/.local/lib/python3.12/site-packages/airflow/example_dags/tutorial_taskflow_templates.py took 0.105 seconds
[2025-11-01T12:55:58.052+0000] {processor.py:186} INFO - Started process (PID=1834) to work on /home/airflow/.local/lib/python3.12/site-packages/airflow/example_dags/tutorial_taskflow_templates.py
[2025-11-01T12:55:58.054+0000] {processor.py:914} INFO - Processing file /home/airflow/.local/lib/python3.12/site-packages/airflow/example_dags/tutorial_taskflow_templates.py for tasks to queue
[2025-11-01T12:55:58.057+0000] {logging_mixin.py:190} INFO - [2025-11-01T12:55:58.057+0000] {dagbag.py:588} INFO - Filling up the DagBag from /home/airflow/.local/lib/python3.12/site-packages/airflow/example_dags/tutorial_taskflow_templates.py
[2025-11-01T12:55:58.075+0000] {processor.py:925} INFO - DAG(s) 'tutorial_taskflow_templates' retrieved from /home/airflow/.local/lib/python3.12/site-packages/airflow/example_dags/tutorial_taskflow_templates.py
[2025-11-01T12:55:58.100+0000] {logging_mixin.py:190} INFO - [2025-11-01T12:55:58.099+0000] {dag.py:3239} INFO - Sync 1 DAGs
[2025-11-01T12:55:58.129+0000] {logging_mixin.py:190} INFO - [2025-11-01T12:55:58.129+0000] {dag.py:4180} INFO - Setting next_dagrun for tutorial_taskflow_templates to 2025-10-31 00:00:00+00:00, run_after=2025-11-01 00:00:00+00:00
[2025-11-01T12:55:58.155+0000] {processor.py:208} INFO - Processing /home/airflow/.local/lib/python3.12/site-packages/airflow/example_dags/tutorial_taskflow_templates.py took 0.110 seconds
[2025-11-01T12:56:28.431+0000] {processor.py:186} INFO - Started process (PID=1905) to work on /home/airflow/.local/lib/python3.12/site-packages/airflow/example_dags/tutorial_taskflow_templates.py
[2025-11-01T12:56:28.433+0000] {processor.py:914} INFO - Processing file /home/airflow/.local/lib/python3.12/site-packages/airflow/example_dags/tutorial_taskflow_templates.py for tasks to queue
[2025-11-01T12:56:28.436+0000] {logging_mixin.py:190} INFO - [2025-11-01T12:56:28.436+0000] {dagbag.py:588} INFO - Filling up the DagBag from /home/airflow/.local/lib/python3.12/site-packages/airflow/example_dags/tutorial_taskflow_templates.py
[2025-11-01T12:56:28.453+0000] {processor.py:925} INFO - DAG(s) 'tutorial_taskflow_templates' retrieved from /home/airflow/.local/lib/python3.12/site-packages/airflow/example_dags/tutorial_taskflow_templates.py
[2025-11-01T12:56:28.485+0000] {logging_mixin.py:190} INFO - [2025-11-01T12:56:28.485+0000] {dag.py:3239} INFO - Sync 1 DAGs
[2025-11-01T12:56:28.518+0000] {logging_mixin.py:190} INFO - [2025-11-01T12:56:28.517+0000] {dag.py:4180} INFO - Setting next_dagrun for tutorial_taskflow_templates to 2025-10-31 00:00:00+00:00, run_after=2025-11-01 00:00:00+00:00
[2025-11-01T12:56:28.547+0000] {processor.py:208} INFO - Processing /home/airflow/.local/lib/python3.12/site-packages/airflow/example_dags/tutorial_taskflow_templates.py took 0.124 seconds
