[2025-11-01T12:43:42.822+0000] {processor.py:186} INFO - Started process (PID=128) to work on /home/airflow/.local/lib/python3.12/site-packages/airflow/example_dags/tutorial.py
[2025-11-01T12:43:42.824+0000] {processor.py:914} INFO - Processing file /home/airflow/.local/lib/python3.12/site-packages/airflow/example_dags/tutorial.py for tasks to queue
[2025-11-01T12:43:42.829+0000] {logging_mixin.py:190} INFO - [2025-11-01T12:43:42.828+0000] {dagbag.py:588} INFO - Filling up the DagBag from /home/airflow/.local/lib/python3.12/site-packages/airflow/example_dags/tutorial.py
[2025-11-01T12:43:42.848+0000] {processor.py:925} INFO - DAG(s) 'tutorial' retrieved from /home/airflow/.local/lib/python3.12/site-packages/airflow/example_dags/tutorial.py
[2025-11-01T12:43:42.981+0000] {logging_mixin.py:190} INFO - [2025-11-01T12:43:42.980+0000] {override.py:1911} INFO - Created Permission View: can delete on DAG:tutorial
[2025-11-01T12:43:42.993+0000] {logging_mixin.py:190} INFO - [2025-11-01T12:43:42.993+0000] {override.py:1911} INFO - Created Permission View: can edit on DAG:tutorial
[2025-11-01T12:43:43.002+0000] {logging_mixin.py:190} INFO - [2025-11-01T12:43:43.001+0000] {override.py:1911} INFO - Created Permission View: can read on DAG:tutorial
[2025-11-01T12:43:43.011+0000] {logging_mixin.py:190} INFO - [2025-11-01T12:43:43.011+0000] {override.py:1911} INFO - Created Permission View: menu access on DAG Run:tutorial
[2025-11-01T12:43:43.020+0000] {logging_mixin.py:190} INFO - [2025-11-01T12:43:43.020+0000] {override.py:1911} INFO - Created Permission View: can delete on DAG Run:tutorial
[2025-11-01T12:43:43.030+0000] {logging_mixin.py:190} INFO - [2025-11-01T12:43:43.030+0000] {override.py:1911} INFO - Created Permission View: can create on DAG Run:tutorial
[2025-11-01T12:43:43.039+0000] {logging_mixin.py:190} INFO - [2025-11-01T12:43:43.039+0000] {override.py:1911} INFO - Created Permission View: can read on DAG Run:tutorial
[2025-11-01T12:43:43.040+0000] {logging_mixin.py:190} INFO - [2025-11-01T12:43:43.040+0000] {dag.py:3239} INFO - Sync 1 DAGs
[2025-11-01T12:43:43.055+0000] {logging_mixin.py:190} INFO - [2025-11-01T12:43:43.055+0000] {dag.py:3262} INFO - Creating ORM DAG for tutorial
[2025-11-01T12:43:43.067+0000] {logging_mixin.py:190} INFO - [2025-11-01T12:43:43.067+0000] {dag.py:4180} INFO - Setting next_dagrun for tutorial to 2025-10-31 00:00:00+00:00, run_after=2025-11-01 00:00:00+00:00
[2025-11-01T12:43:43.087+0000] {processor.py:208} INFO - Processing /home/airflow/.local/lib/python3.12/site-packages/airflow/example_dags/tutorial.py took 0.273 seconds
[2025-11-01T12:44:14.120+0000] {processor.py:186} INFO - Started process (PID=198) to work on /home/airflow/.local/lib/python3.12/site-packages/airflow/example_dags/tutorial.py
[2025-11-01T12:44:14.122+0000] {processor.py:914} INFO - Processing file /home/airflow/.local/lib/python3.12/site-packages/airflow/example_dags/tutorial.py for tasks to queue
[2025-11-01T12:44:14.125+0000] {logging_mixin.py:190} INFO - [2025-11-01T12:44:14.125+0000] {dagbag.py:588} INFO - Filling up the DagBag from /home/airflow/.local/lib/python3.12/site-packages/airflow/example_dags/tutorial.py
[2025-11-01T12:44:14.139+0000] {processor.py:925} INFO - DAG(s) 'tutorial' retrieved from /home/airflow/.local/lib/python3.12/site-packages/airflow/example_dags/tutorial.py
[2025-11-01T12:44:14.180+0000] {logging_mixin.py:190} INFO - [2025-11-01T12:44:14.180+0000] {dag.py:3239} INFO - Sync 1 DAGs
[2025-11-01T12:44:14.215+0000] {logging_mixin.py:190} INFO - [2025-11-01T12:44:14.215+0000] {dag.py:4180} INFO - Setting next_dagrun for tutorial to 2025-10-31 00:00:00+00:00, run_after=2025-11-01 00:00:00+00:00
[2025-11-01T12:44:14.243+0000] {processor.py:208} INFO - Processing /home/airflow/.local/lib/python3.12/site-packages/airflow/example_dags/tutorial.py took 0.131 seconds
[2025-11-01T12:44:44.511+0000] {processor.py:186} INFO - Started process (PID=268) to work on /home/airflow/.local/lib/python3.12/site-packages/airflow/example_dags/tutorial.py
[2025-11-01T12:44:44.514+0000] {processor.py:914} INFO - Processing file /home/airflow/.local/lib/python3.12/site-packages/airflow/example_dags/tutorial.py for tasks to queue
[2025-11-01T12:44:44.519+0000] {logging_mixin.py:190} INFO - [2025-11-01T12:44:44.518+0000] {dagbag.py:588} INFO - Filling up the DagBag from /home/airflow/.local/lib/python3.12/site-packages/airflow/example_dags/tutorial.py
[2025-11-01T12:44:44.533+0000] {processor.py:925} INFO - DAG(s) 'tutorial' retrieved from /home/airflow/.local/lib/python3.12/site-packages/airflow/example_dags/tutorial.py
[2025-11-01T12:44:44.558+0000] {logging_mixin.py:190} INFO - [2025-11-01T12:44:44.558+0000] {dag.py:3239} INFO - Sync 1 DAGs
[2025-11-01T12:44:44.583+0000] {logging_mixin.py:190} INFO - [2025-11-01T12:44:44.583+0000] {dag.py:4180} INFO - Setting next_dagrun for tutorial to 2025-10-31 00:00:00+00:00, run_after=2025-11-01 00:00:00+00:00
[2025-11-01T12:44:44.608+0000] {processor.py:208} INFO - Processing /home/airflow/.local/lib/python3.12/site-packages/airflow/example_dags/tutorial.py took 0.108 seconds
[2025-11-01T12:45:14.841+0000] {processor.py:186} INFO - Started process (PID=339) to work on /home/airflow/.local/lib/python3.12/site-packages/airflow/example_dags/tutorial.py
[2025-11-01T12:45:14.843+0000] {processor.py:914} INFO - Processing file /home/airflow/.local/lib/python3.12/site-packages/airflow/example_dags/tutorial.py for tasks to queue
[2025-11-01T12:45:14.846+0000] {logging_mixin.py:190} INFO - [2025-11-01T12:45:14.845+0000] {dagbag.py:588} INFO - Filling up the DagBag from /home/airflow/.local/lib/python3.12/site-packages/airflow/example_dags/tutorial.py
[2025-11-01T12:45:14.859+0000] {processor.py:925} INFO - DAG(s) 'tutorial' retrieved from /home/airflow/.local/lib/python3.12/site-packages/airflow/example_dags/tutorial.py
[2025-11-01T12:45:14.886+0000] {logging_mixin.py:190} INFO - [2025-11-01T12:45:14.885+0000] {dag.py:3239} INFO - Sync 1 DAGs
[2025-11-01T12:45:14.918+0000] {logging_mixin.py:190} INFO - [2025-11-01T12:45:14.918+0000] {dag.py:4180} INFO - Setting next_dagrun for tutorial to 2025-10-31 00:00:00+00:00, run_after=2025-11-01 00:00:00+00:00
[2025-11-01T12:45:14.942+0000] {processor.py:208} INFO - Processing /home/airflow/.local/lib/python3.12/site-packages/airflow/example_dags/tutorial.py took 0.108 seconds
[2025-11-01T12:45:45.210+0000] {processor.py:186} INFO - Started process (PID=410) to work on /home/airflow/.local/lib/python3.12/site-packages/airflow/example_dags/tutorial.py
[2025-11-01T12:45:45.212+0000] {processor.py:914} INFO - Processing file /home/airflow/.local/lib/python3.12/site-packages/airflow/example_dags/tutorial.py for tasks to queue
[2025-11-01T12:45:45.219+0000] {logging_mixin.py:190} INFO - [2025-11-01T12:45:45.218+0000] {dagbag.py:588} INFO - Filling up the DagBag from /home/airflow/.local/lib/python3.12/site-packages/airflow/example_dags/tutorial.py
[2025-11-01T12:45:45.232+0000] {processor.py:925} INFO - DAG(s) 'tutorial' retrieved from /home/airflow/.local/lib/python3.12/site-packages/airflow/example_dags/tutorial.py
[2025-11-01T12:45:45.262+0000] {logging_mixin.py:190} INFO - [2025-11-01T12:45:45.262+0000] {dag.py:3239} INFO - Sync 1 DAGs
[2025-11-01T12:45:45.293+0000] {logging_mixin.py:190} INFO - [2025-11-01T12:45:45.292+0000] {dag.py:4180} INFO - Setting next_dagrun for tutorial to 2025-10-31 00:00:00+00:00, run_after=2025-11-01 00:00:00+00:00
[2025-11-01T12:45:45.319+0000] {processor.py:208} INFO - Processing /home/airflow/.local/lib/python3.12/site-packages/airflow/example_dags/tutorial.py took 0.117 seconds
[2025-11-01T12:46:16.238+0000] {processor.py:186} INFO - Started process (PID=479) to work on /home/airflow/.local/lib/python3.12/site-packages/airflow/example_dags/tutorial.py
[2025-11-01T12:46:16.240+0000] {processor.py:914} INFO - Processing file /home/airflow/.local/lib/python3.12/site-packages/airflow/example_dags/tutorial.py for tasks to queue
[2025-11-01T12:46:16.244+0000] {logging_mixin.py:190} INFO - [2025-11-01T12:46:16.243+0000] {dagbag.py:588} INFO - Filling up the DagBag from /home/airflow/.local/lib/python3.12/site-packages/airflow/example_dags/tutorial.py
[2025-11-01T12:46:16.262+0000] {processor.py:925} INFO - DAG(s) 'tutorial' retrieved from /home/airflow/.local/lib/python3.12/site-packages/airflow/example_dags/tutorial.py
[2025-11-01T12:46:16.301+0000] {logging_mixin.py:190} INFO - [2025-11-01T12:46:16.301+0000] {dag.py:3239} INFO - Sync 1 DAGs
[2025-11-01T12:46:16.334+0000] {logging_mixin.py:190} INFO - [2025-11-01T12:46:16.334+0000] {dag.py:4180} INFO - Setting next_dagrun for tutorial to 2025-10-31 00:00:00+00:00, run_after=2025-11-01 00:00:00+00:00
[2025-11-01T12:46:16.358+0000] {processor.py:208} INFO - Processing /home/airflow/.local/lib/python3.12/site-packages/airflow/example_dags/tutorial.py took 0.131 seconds
[2025-11-01T12:46:47.371+0000] {processor.py:186} INFO - Started process (PID=549) to work on /home/airflow/.local/lib/python3.12/site-packages/airflow/example_dags/tutorial.py
[2025-11-01T12:46:47.372+0000] {processor.py:914} INFO - Processing file /home/airflow/.local/lib/python3.12/site-packages/airflow/example_dags/tutorial.py for tasks to queue
[2025-11-01T12:46:47.377+0000] {logging_mixin.py:190} INFO - [2025-11-01T12:46:47.376+0000] {dagbag.py:588} INFO - Filling up the DagBag from /home/airflow/.local/lib/python3.12/site-packages/airflow/example_dags/tutorial.py
[2025-11-01T12:46:47.392+0000] {processor.py:925} INFO - DAG(s) 'tutorial' retrieved from /home/airflow/.local/lib/python3.12/site-packages/airflow/example_dags/tutorial.py
[2025-11-01T12:46:47.423+0000] {logging_mixin.py:190} INFO - [2025-11-01T12:46:47.423+0000] {dag.py:3239} INFO - Sync 1 DAGs
[2025-11-01T12:46:47.455+0000] {logging_mixin.py:190} INFO - [2025-11-01T12:46:47.455+0000] {dag.py:4180} INFO - Setting next_dagrun for tutorial to 2025-10-31 00:00:00+00:00, run_after=2025-11-01 00:00:00+00:00
[2025-11-01T12:46:47.484+0000] {processor.py:208} INFO - Processing /home/airflow/.local/lib/python3.12/site-packages/airflow/example_dags/tutorial.py took 0.123 seconds
[2025-11-01T12:47:18.540+0000] {processor.py:186} INFO - Started process (PID=619) to work on /home/airflow/.local/lib/python3.12/site-packages/airflow/example_dags/tutorial.py
[2025-11-01T12:47:18.542+0000] {processor.py:914} INFO - Processing file /home/airflow/.local/lib/python3.12/site-packages/airflow/example_dags/tutorial.py for tasks to queue
[2025-11-01T12:47:18.546+0000] {logging_mixin.py:190} INFO - [2025-11-01T12:47:18.545+0000] {dagbag.py:588} INFO - Filling up the DagBag from /home/airflow/.local/lib/python3.12/site-packages/airflow/example_dags/tutorial.py
[2025-11-01T12:47:18.558+0000] {processor.py:925} INFO - DAG(s) 'tutorial' retrieved from /home/airflow/.local/lib/python3.12/site-packages/airflow/example_dags/tutorial.py
[2025-11-01T12:47:18.584+0000] {logging_mixin.py:190} INFO - [2025-11-01T12:47:18.584+0000] {dag.py:3239} INFO - Sync 1 DAGs
[2025-11-01T12:47:18.611+0000] {logging_mixin.py:190} INFO - [2025-11-01T12:47:18.611+0000] {dag.py:4180} INFO - Setting next_dagrun for tutorial to 2025-10-31 00:00:00+00:00, run_after=2025-11-01 00:00:00+00:00
[2025-11-01T12:47:18.634+0000] {processor.py:208} INFO - Processing /home/airflow/.local/lib/python3.12/site-packages/airflow/example_dags/tutorial.py took 0.102 seconds
[2025-11-01T12:47:49.292+0000] {processor.py:186} INFO - Started process (PID=689) to work on /home/airflow/.local/lib/python3.12/site-packages/airflow/example_dags/tutorial.py
[2025-11-01T12:47:49.294+0000] {processor.py:914} INFO - Processing file /home/airflow/.local/lib/python3.12/site-packages/airflow/example_dags/tutorial.py for tasks to queue
[2025-11-01T12:47:49.299+0000] {logging_mixin.py:190} INFO - [2025-11-01T12:47:49.298+0000] {dagbag.py:588} INFO - Filling up the DagBag from /home/airflow/.local/lib/python3.12/site-packages/airflow/example_dags/tutorial.py
[2025-11-01T12:47:49.312+0000] {processor.py:925} INFO - DAG(s) 'tutorial' retrieved from /home/airflow/.local/lib/python3.12/site-packages/airflow/example_dags/tutorial.py
[2025-11-01T12:47:49.339+0000] {logging_mixin.py:190} INFO - [2025-11-01T12:47:49.339+0000] {dag.py:3239} INFO - Sync 1 DAGs
[2025-11-01T12:47:49.365+0000] {logging_mixin.py:190} INFO - [2025-11-01T12:47:49.364+0000] {dag.py:4180} INFO - Setting next_dagrun for tutorial to 2025-10-31 00:00:00+00:00, run_after=2025-11-01 00:00:00+00:00
[2025-11-01T12:47:49.390+0000] {processor.py:208} INFO - Processing /home/airflow/.local/lib/python3.12/site-packages/airflow/example_dags/tutorial.py took 0.106 seconds
[2025-11-01T12:48:19.888+0000] {processor.py:186} INFO - Started process (PID=759) to work on /home/airflow/.local/lib/python3.12/site-packages/airflow/example_dags/tutorial.py
[2025-11-01T12:48:19.889+0000] {processor.py:914} INFO - Processing file /home/airflow/.local/lib/python3.12/site-packages/airflow/example_dags/tutorial.py for tasks to queue
[2025-11-01T12:48:19.893+0000] {logging_mixin.py:190} INFO - [2025-11-01T12:48:19.892+0000] {dagbag.py:588} INFO - Filling up the DagBag from /home/airflow/.local/lib/python3.12/site-packages/airflow/example_dags/tutorial.py
[2025-11-01T12:48:19.904+0000] {processor.py:925} INFO - DAG(s) 'tutorial' retrieved from /home/airflow/.local/lib/python3.12/site-packages/airflow/example_dags/tutorial.py
[2025-11-01T12:48:19.931+0000] {logging_mixin.py:190} INFO - [2025-11-01T12:48:19.931+0000] {dag.py:3239} INFO - Sync 1 DAGs
[2025-11-01T12:48:19.958+0000] {logging_mixin.py:190} INFO - [2025-11-01T12:48:19.958+0000] {dag.py:4180} INFO - Setting next_dagrun for tutorial to 2025-10-31 00:00:00+00:00, run_after=2025-11-01 00:00:00+00:00
[2025-11-01T12:48:19.980+0000] {processor.py:208} INFO - Processing /home/airflow/.local/lib/python3.12/site-packages/airflow/example_dags/tutorial.py took 0.099 seconds
[2025-11-01T12:48:50.603+0000] {processor.py:186} INFO - Started process (PID=830) to work on /home/airflow/.local/lib/python3.12/site-packages/airflow/example_dags/tutorial.py
[2025-11-01T12:48:50.605+0000] {processor.py:914} INFO - Processing file /home/airflow/.local/lib/python3.12/site-packages/airflow/example_dags/tutorial.py for tasks to queue
[2025-11-01T12:48:50.608+0000] {logging_mixin.py:190} INFO - [2025-11-01T12:48:50.608+0000] {dagbag.py:588} INFO - Filling up the DagBag from /home/airflow/.local/lib/python3.12/site-packages/airflow/example_dags/tutorial.py
[2025-11-01T12:48:50.623+0000] {processor.py:925} INFO - DAG(s) 'tutorial' retrieved from /home/airflow/.local/lib/python3.12/site-packages/airflow/example_dags/tutorial.py
[2025-11-01T12:48:50.649+0000] {logging_mixin.py:190} INFO - [2025-11-01T12:48:50.649+0000] {dag.py:3239} INFO - Sync 1 DAGs
[2025-11-01T12:48:50.675+0000] {logging_mixin.py:190} INFO - [2025-11-01T12:48:50.674+0000] {dag.py:4180} INFO - Setting next_dagrun for tutorial to 2025-10-31 00:00:00+00:00, run_after=2025-11-01 00:00:00+00:00
[2025-11-01T12:48:50.698+0000] {processor.py:208} INFO - Processing /home/airflow/.local/lib/python3.12/site-packages/airflow/example_dags/tutorial.py took 0.103 seconds
[2025-11-01T12:49:21.026+0000] {processor.py:186} INFO - Started process (PID=901) to work on /home/airflow/.local/lib/python3.12/site-packages/airflow/example_dags/tutorial.py
[2025-11-01T12:49:21.028+0000] {processor.py:914} INFO - Processing file /home/airflow/.local/lib/python3.12/site-packages/airflow/example_dags/tutorial.py for tasks to queue
[2025-11-01T12:49:21.031+0000] {logging_mixin.py:190} INFO - [2025-11-01T12:49:21.031+0000] {dagbag.py:588} INFO - Filling up the DagBag from /home/airflow/.local/lib/python3.12/site-packages/airflow/example_dags/tutorial.py
[2025-11-01T12:49:21.044+0000] {processor.py:925} INFO - DAG(s) 'tutorial' retrieved from /home/airflow/.local/lib/python3.12/site-packages/airflow/example_dags/tutorial.py
[2025-11-01T12:49:21.070+0000] {logging_mixin.py:190} INFO - [2025-11-01T12:49:21.070+0000] {dag.py:3239} INFO - Sync 1 DAGs
[2025-11-01T12:49:21.096+0000] {logging_mixin.py:190} INFO - [2025-11-01T12:49:21.096+0000] {dag.py:4180} INFO - Setting next_dagrun for tutorial to 2025-10-31 00:00:00+00:00, run_after=2025-11-01 00:00:00+00:00
[2025-11-01T12:49:21.120+0000] {processor.py:208} INFO - Processing /home/airflow/.local/lib/python3.12/site-packages/airflow/example_dags/tutorial.py took 0.101 seconds
[2025-11-01T12:49:51.428+0000] {processor.py:186} INFO - Started process (PID=973) to work on /home/airflow/.local/lib/python3.12/site-packages/airflow/example_dags/tutorial.py
[2025-11-01T12:49:51.430+0000] {processor.py:914} INFO - Processing file /home/airflow/.local/lib/python3.12/site-packages/airflow/example_dags/tutorial.py for tasks to queue
[2025-11-01T12:49:51.435+0000] {logging_mixin.py:190} INFO - [2025-11-01T12:49:51.434+0000] {dagbag.py:588} INFO - Filling up the DagBag from /home/airflow/.local/lib/python3.12/site-packages/airflow/example_dags/tutorial.py
[2025-11-01T12:49:51.449+0000] {processor.py:925} INFO - DAG(s) 'tutorial' retrieved from /home/airflow/.local/lib/python3.12/site-packages/airflow/example_dags/tutorial.py
[2025-11-01T12:49:51.478+0000] {logging_mixin.py:190} INFO - [2025-11-01T12:49:51.478+0000] {dag.py:3239} INFO - Sync 1 DAGs
[2025-11-01T12:49:51.507+0000] {logging_mixin.py:190} INFO - [2025-11-01T12:49:51.507+0000] {dag.py:4180} INFO - Setting next_dagrun for tutorial to 2025-10-31 00:00:00+00:00, run_after=2025-11-01 00:00:00+00:00
[2025-11-01T12:49:51.533+0000] {processor.py:208} INFO - Processing /home/airflow/.local/lib/python3.12/site-packages/airflow/example_dags/tutorial.py took 0.115 seconds
[2025-11-01T12:50:21.797+0000] {processor.py:186} INFO - Started process (PID=1048) to work on /home/airflow/.local/lib/python3.12/site-packages/airflow/example_dags/tutorial.py
[2025-11-01T12:50:21.798+0000] {processor.py:914} INFO - Processing file /home/airflow/.local/lib/python3.12/site-packages/airflow/example_dags/tutorial.py for tasks to queue
[2025-11-01T12:50:21.802+0000] {logging_mixin.py:190} INFO - [2025-11-01T12:50:21.802+0000] {dagbag.py:588} INFO - Filling up the DagBag from /home/airflow/.local/lib/python3.12/site-packages/airflow/example_dags/tutorial.py
[2025-11-01T12:50:21.815+0000] {processor.py:925} INFO - DAG(s) 'tutorial' retrieved from /home/airflow/.local/lib/python3.12/site-packages/airflow/example_dags/tutorial.py
[2025-11-01T12:50:21.841+0000] {logging_mixin.py:190} INFO - [2025-11-01T12:50:21.841+0000] {dag.py:3239} INFO - Sync 1 DAGs
[2025-11-01T12:50:21.867+0000] {logging_mixin.py:190} INFO - [2025-11-01T12:50:21.867+0000] {dag.py:4180} INFO - Setting next_dagrun for tutorial to 2025-10-31 00:00:00+00:00, run_after=2025-11-01 00:00:00+00:00
[2025-11-01T12:50:21.891+0000] {processor.py:208} INFO - Processing /home/airflow/.local/lib/python3.12/site-packages/airflow/example_dags/tutorial.py took 0.101 seconds
[2025-11-01T12:50:52.423+0000] {processor.py:186} INFO - Started process (PID=1119) to work on /home/airflow/.local/lib/python3.12/site-packages/airflow/example_dags/tutorial.py
[2025-11-01T12:50:52.424+0000] {processor.py:914} INFO - Processing file /home/airflow/.local/lib/python3.12/site-packages/airflow/example_dags/tutorial.py for tasks to queue
[2025-11-01T12:50:52.428+0000] {logging_mixin.py:190} INFO - [2025-11-01T12:50:52.427+0000] {dagbag.py:588} INFO - Filling up the DagBag from /home/airflow/.local/lib/python3.12/site-packages/airflow/example_dags/tutorial.py
[2025-11-01T12:50:52.440+0000] {processor.py:925} INFO - DAG(s) 'tutorial' retrieved from /home/airflow/.local/lib/python3.12/site-packages/airflow/example_dags/tutorial.py
[2025-11-01T12:50:52.471+0000] {logging_mixin.py:190} INFO - [2025-11-01T12:50:52.471+0000] {dag.py:3239} INFO - Sync 1 DAGs
[2025-11-01T12:50:52.501+0000] {logging_mixin.py:190} INFO - [2025-11-01T12:50:52.501+0000] {dag.py:4180} INFO - Setting next_dagrun for tutorial to 2025-10-31 00:00:00+00:00, run_after=2025-11-01 00:00:00+00:00
[2025-11-01T12:50:52.526+0000] {processor.py:208} INFO - Processing /home/airflow/.local/lib/python3.12/site-packages/airflow/example_dags/tutorial.py took 0.111 seconds
[2025-11-01T12:51:22.700+0000] {processor.py:186} INFO - Started process (PID=1190) to work on /home/airflow/.local/lib/python3.12/site-packages/airflow/example_dags/tutorial.py
[2025-11-01T12:51:22.702+0000] {processor.py:914} INFO - Processing file /home/airflow/.local/lib/python3.12/site-packages/airflow/example_dags/tutorial.py for tasks to queue
[2025-11-01T12:51:22.705+0000] {logging_mixin.py:190} INFO - [2025-11-01T12:51:22.705+0000] {dagbag.py:588} INFO - Filling up the DagBag from /home/airflow/.local/lib/python3.12/site-packages/airflow/example_dags/tutorial.py
[2025-11-01T12:51:22.717+0000] {processor.py:925} INFO - DAG(s) 'tutorial' retrieved from /home/airflow/.local/lib/python3.12/site-packages/airflow/example_dags/tutorial.py
[2025-11-01T12:51:22.743+0000] {logging_mixin.py:190} INFO - [2025-11-01T12:51:22.743+0000] {dag.py:3239} INFO - Sync 1 DAGs
[2025-11-01T12:51:22.769+0000] {logging_mixin.py:190} INFO - [2025-11-01T12:51:22.769+0000] {dag.py:4180} INFO - Setting next_dagrun for tutorial to 2025-10-31 00:00:00+00:00, run_after=2025-11-01 00:00:00+00:00
[2025-11-01T12:51:22.791+0000] {processor.py:208} INFO - Processing /home/airflow/.local/lib/python3.12/site-packages/airflow/example_dags/tutorial.py took 0.098 seconds
[2025-11-01T12:51:53.468+0000] {processor.py:186} INFO - Started process (PID=1261) to work on /home/airflow/.local/lib/python3.12/site-packages/airflow/example_dags/tutorial.py
[2025-11-01T12:51:53.469+0000] {processor.py:914} INFO - Processing file /home/airflow/.local/lib/python3.12/site-packages/airflow/example_dags/tutorial.py for tasks to queue
[2025-11-01T12:51:53.473+0000] {logging_mixin.py:190} INFO - [2025-11-01T12:51:53.472+0000] {dagbag.py:588} INFO - Filling up the DagBag from /home/airflow/.local/lib/python3.12/site-packages/airflow/example_dags/tutorial.py
[2025-11-01T12:51:53.485+0000] {processor.py:925} INFO - DAG(s) 'tutorial' retrieved from /home/airflow/.local/lib/python3.12/site-packages/airflow/example_dags/tutorial.py
[2025-11-01T12:51:53.511+0000] {logging_mixin.py:190} INFO - [2025-11-01T12:51:53.511+0000] {dag.py:3239} INFO - Sync 1 DAGs
[2025-11-01T12:51:53.539+0000] {logging_mixin.py:190} INFO - [2025-11-01T12:51:53.538+0000] {dag.py:4180} INFO - Setting next_dagrun for tutorial to 2025-10-31 00:00:00+00:00, run_after=2025-11-01 00:00:00+00:00
[2025-11-01T12:51:53.561+0000] {processor.py:208} INFO - Processing /home/airflow/.local/lib/python3.12/site-packages/airflow/example_dags/tutorial.py took 0.101 seconds
[2025-11-01T12:52:24.877+0000] {processor.py:186} INFO - Started process (PID=1332) to work on /home/airflow/.local/lib/python3.12/site-packages/airflow/example_dags/tutorial.py
[2025-11-01T12:52:24.879+0000] {processor.py:914} INFO - Processing file /home/airflow/.local/lib/python3.12/site-packages/airflow/example_dags/tutorial.py for tasks to queue
[2025-11-01T12:52:24.883+0000] {logging_mixin.py:190} INFO - [2025-11-01T12:52:24.882+0000] {dagbag.py:588} INFO - Filling up the DagBag from /home/airflow/.local/lib/python3.12/site-packages/airflow/example_dags/tutorial.py
[2025-11-01T12:52:24.895+0000] {processor.py:925} INFO - DAG(s) 'tutorial' retrieved from /home/airflow/.local/lib/python3.12/site-packages/airflow/example_dags/tutorial.py
[2025-11-01T12:52:24.920+0000] {logging_mixin.py:190} INFO - [2025-11-01T12:52:24.920+0000] {dag.py:3239} INFO - Sync 1 DAGs
[2025-11-01T12:52:24.946+0000] {logging_mixin.py:190} INFO - [2025-11-01T12:52:24.946+0000] {dag.py:4180} INFO - Setting next_dagrun for tutorial to 2025-10-31 00:00:00+00:00, run_after=2025-11-01 00:00:00+00:00
[2025-11-01T12:52:24.972+0000] {processor.py:208} INFO - Processing /home/airflow/.local/lib/python3.12/site-packages/airflow/example_dags/tutorial.py took 0.102 seconds
[2025-11-01T12:52:55.344+0000] {processor.py:186} INFO - Started process (PID=1403) to work on /home/airflow/.local/lib/python3.12/site-packages/airflow/example_dags/tutorial.py
[2025-11-01T12:52:55.345+0000] {processor.py:914} INFO - Processing file /home/airflow/.local/lib/python3.12/site-packages/airflow/example_dags/tutorial.py for tasks to queue
[2025-11-01T12:52:55.349+0000] {logging_mixin.py:190} INFO - [2025-11-01T12:52:55.348+0000] {dagbag.py:588} INFO - Filling up the DagBag from /home/airflow/.local/lib/python3.12/site-packages/airflow/example_dags/tutorial.py
[2025-11-01T12:52:55.363+0000] {processor.py:925} INFO - DAG(s) 'tutorial' retrieved from /home/airflow/.local/lib/python3.12/site-packages/airflow/example_dags/tutorial.py
[2025-11-01T12:52:55.391+0000] {logging_mixin.py:190} INFO - [2025-11-01T12:52:55.390+0000] {dag.py:3239} INFO - Sync 1 DAGs
[2025-11-01T12:52:55.417+0000] {logging_mixin.py:190} INFO - [2025-11-01T12:52:55.417+0000] {dag.py:4180} INFO - Setting next_dagrun for tutorial to 2025-10-31 00:00:00+00:00, run_after=2025-11-01 00:00:00+00:00
[2025-11-01T12:52:55.438+0000] {processor.py:208} INFO - Processing /home/airflow/.local/lib/python3.12/site-packages/airflow/example_dags/tutorial.py took 0.102 seconds
[2025-11-01T12:53:25.810+0000] {processor.py:186} INFO - Started process (PID=1474) to work on /home/airflow/.local/lib/python3.12/site-packages/airflow/example_dags/tutorial.py
[2025-11-01T12:53:25.812+0000] {processor.py:914} INFO - Processing file /home/airflow/.local/lib/python3.12/site-packages/airflow/example_dags/tutorial.py for tasks to queue
[2025-11-01T12:53:25.818+0000] {logging_mixin.py:190} INFO - [2025-11-01T12:53:25.817+0000] {dagbag.py:588} INFO - Filling up the DagBag from /home/airflow/.local/lib/python3.12/site-packages/airflow/example_dags/tutorial.py
[2025-11-01T12:53:25.832+0000] {processor.py:925} INFO - DAG(s) 'tutorial' retrieved from /home/airflow/.local/lib/python3.12/site-packages/airflow/example_dags/tutorial.py
[2025-11-01T12:53:25.862+0000] {logging_mixin.py:190} INFO - [2025-11-01T12:53:25.861+0000] {dag.py:3239} INFO - Sync 1 DAGs
[2025-11-01T12:53:25.901+0000] {logging_mixin.py:190} INFO - [2025-11-01T12:53:25.901+0000] {dag.py:4180} INFO - Setting next_dagrun for tutorial to 2025-10-31 00:00:00+00:00, run_after=2025-11-01 00:00:00+00:00
[2025-11-01T12:53:25.932+0000] {processor.py:208} INFO - Processing /home/airflow/.local/lib/python3.12/site-packages/airflow/example_dags/tutorial.py took 0.134 seconds
[2025-11-01T12:53:56.608+0000] {processor.py:186} INFO - Started process (PID=1552) to work on /home/airflow/.local/lib/python3.12/site-packages/airflow/example_dags/tutorial.py
[2025-11-01T12:53:56.609+0000] {processor.py:914} INFO - Processing file /home/airflow/.local/lib/python3.12/site-packages/airflow/example_dags/tutorial.py for tasks to queue
[2025-11-01T12:53:56.613+0000] {logging_mixin.py:190} INFO - [2025-11-01T12:53:56.612+0000] {dagbag.py:588} INFO - Filling up the DagBag from /home/airflow/.local/lib/python3.12/site-packages/airflow/example_dags/tutorial.py
[2025-11-01T12:53:56.625+0000] {processor.py:925} INFO - DAG(s) 'tutorial' retrieved from /home/airflow/.local/lib/python3.12/site-packages/airflow/example_dags/tutorial.py
[2025-11-01T12:53:56.653+0000] {logging_mixin.py:190} INFO - [2025-11-01T12:53:56.652+0000] {dag.py:3239} INFO - Sync 1 DAGs
[2025-11-01T12:53:56.679+0000] {logging_mixin.py:190} INFO - [2025-11-01T12:53:56.679+0000] {dag.py:4180} INFO - Setting next_dagrun for tutorial to 2025-10-31 00:00:00+00:00, run_after=2025-11-01 00:00:00+00:00
[2025-11-01T12:53:56.701+0000] {processor.py:208} INFO - Processing /home/airflow/.local/lib/python3.12/site-packages/airflow/example_dags/tutorial.py took 0.100 seconds
[2025-11-01T12:54:27.116+0000] {processor.py:186} INFO - Started process (PID=1623) to work on /home/airflow/.local/lib/python3.12/site-packages/airflow/example_dags/tutorial.py
[2025-11-01T12:54:27.118+0000] {processor.py:914} INFO - Processing file /home/airflow/.local/lib/python3.12/site-packages/airflow/example_dags/tutorial.py for tasks to queue
[2025-11-01T12:54:27.121+0000] {logging_mixin.py:190} INFO - [2025-11-01T12:54:27.121+0000] {dagbag.py:588} INFO - Filling up the DagBag from /home/airflow/.local/lib/python3.12/site-packages/airflow/example_dags/tutorial.py
[2025-11-01T12:54:27.133+0000] {processor.py:925} INFO - DAG(s) 'tutorial' retrieved from /home/airflow/.local/lib/python3.12/site-packages/airflow/example_dags/tutorial.py
[2025-11-01T12:54:27.159+0000] {logging_mixin.py:190} INFO - [2025-11-01T12:54:27.158+0000] {dag.py:3239} INFO - Sync 1 DAGs
[2025-11-01T12:54:27.184+0000] {logging_mixin.py:190} INFO - [2025-11-01T12:54:27.183+0000] {dag.py:4180} INFO - Setting next_dagrun for tutorial to 2025-10-31 00:00:00+00:00, run_after=2025-11-01 00:00:00+00:00
[2025-11-01T12:54:27.207+0000] {processor.py:208} INFO - Processing /home/airflow/.local/lib/python3.12/site-packages/airflow/example_dags/tutorial.py took 0.099 seconds
[2025-11-01T12:54:57.522+0000] {processor.py:186} INFO - Started process (PID=1694) to work on /home/airflow/.local/lib/python3.12/site-packages/airflow/example_dags/tutorial.py
[2025-11-01T12:54:57.523+0000] {processor.py:914} INFO - Processing file /home/airflow/.local/lib/python3.12/site-packages/airflow/example_dags/tutorial.py for tasks to queue
[2025-11-01T12:54:57.527+0000] {logging_mixin.py:190} INFO - [2025-11-01T12:54:57.526+0000] {dagbag.py:588} INFO - Filling up the DagBag from /home/airflow/.local/lib/python3.12/site-packages/airflow/example_dags/tutorial.py
[2025-11-01T12:54:57.539+0000] {processor.py:925} INFO - DAG(s) 'tutorial' retrieved from /home/airflow/.local/lib/python3.12/site-packages/airflow/example_dags/tutorial.py
[2025-11-01T12:54:57.565+0000] {logging_mixin.py:190} INFO - [2025-11-01T12:54:57.565+0000] {dag.py:3239} INFO - Sync 1 DAGs
[2025-11-01T12:54:57.591+0000] {logging_mixin.py:190} INFO - [2025-11-01T12:54:57.591+0000] {dag.py:4180} INFO - Setting next_dagrun for tutorial to 2025-10-31 00:00:00+00:00, run_after=2025-11-01 00:00:00+00:00
[2025-11-01T12:54:57.613+0000] {processor.py:208} INFO - Processing /home/airflow/.local/lib/python3.12/site-packages/airflow/example_dags/tutorial.py took 0.099 seconds
[2025-11-01T12:55:27.903+0000] {processor.py:186} INFO - Started process (PID=1765) to work on /home/airflow/.local/lib/python3.12/site-packages/airflow/example_dags/tutorial.py
[2025-11-01T12:55:27.904+0000] {processor.py:914} INFO - Processing file /home/airflow/.local/lib/python3.12/site-packages/airflow/example_dags/tutorial.py for tasks to queue
[2025-11-01T12:55:27.908+0000] {logging_mixin.py:190} INFO - [2025-11-01T12:55:27.907+0000] {dagbag.py:588} INFO - Filling up the DagBag from /home/airflow/.local/lib/python3.12/site-packages/airflow/example_dags/tutorial.py
[2025-11-01T12:55:27.921+0000] {processor.py:925} INFO - DAG(s) 'tutorial' retrieved from /home/airflow/.local/lib/python3.12/site-packages/airflow/example_dags/tutorial.py
[2025-11-01T12:55:27.949+0000] {logging_mixin.py:190} INFO - [2025-11-01T12:55:27.949+0000] {dag.py:3239} INFO - Sync 1 DAGs
[2025-11-01T12:55:27.976+0000] {logging_mixin.py:190} INFO - [2025-11-01T12:55:27.975+0000] {dag.py:4180} INFO - Setting next_dagrun for tutorial to 2025-10-31 00:00:00+00:00, run_after=2025-11-01 00:00:00+00:00
[2025-11-01T12:55:27.999+0000] {processor.py:208} INFO - Processing /home/airflow/.local/lib/python3.12/site-packages/airflow/example_dags/tutorial.py took 0.103 seconds
[2025-11-01T12:55:58.241+0000] {processor.py:186} INFO - Started process (PID=1836) to work on /home/airflow/.local/lib/python3.12/site-packages/airflow/example_dags/tutorial.py
[2025-11-01T12:55:58.243+0000] {processor.py:914} INFO - Processing file /home/airflow/.local/lib/python3.12/site-packages/airflow/example_dags/tutorial.py for tasks to queue
[2025-11-01T12:55:58.247+0000] {logging_mixin.py:190} INFO - [2025-11-01T12:55:58.247+0000] {dagbag.py:588} INFO - Filling up the DagBag from /home/airflow/.local/lib/python3.12/site-packages/airflow/example_dags/tutorial.py
[2025-11-01T12:55:58.262+0000] {processor.py:925} INFO - DAG(s) 'tutorial' retrieved from /home/airflow/.local/lib/python3.12/site-packages/airflow/example_dags/tutorial.py
[2025-11-01T12:55:58.291+0000] {logging_mixin.py:190} INFO - [2025-11-01T12:55:58.290+0000] {dag.py:3239} INFO - Sync 1 DAGs
[2025-11-01T12:55:58.318+0000] {logging_mixin.py:190} INFO - [2025-11-01T12:55:58.317+0000] {dag.py:4180} INFO - Setting next_dagrun for tutorial to 2025-10-31 00:00:00+00:00, run_after=2025-11-01 00:00:00+00:00
[2025-11-01T12:55:58.345+0000] {processor.py:208} INFO - Processing /home/airflow/.local/lib/python3.12/site-packages/airflow/example_dags/tutorial.py took 0.116 seconds
[2025-11-01T12:56:28.630+0000] {processor.py:186} INFO - Started process (PID=1907) to work on /home/airflow/.local/lib/python3.12/site-packages/airflow/example_dags/tutorial.py
[2025-11-01T12:56:28.632+0000] {processor.py:914} INFO - Processing file /home/airflow/.local/lib/python3.12/site-packages/airflow/example_dags/tutorial.py for tasks to queue
[2025-11-01T12:56:28.636+0000] {logging_mixin.py:190} INFO - [2025-11-01T12:56:28.635+0000] {dagbag.py:588} INFO - Filling up the DagBag from /home/airflow/.local/lib/python3.12/site-packages/airflow/example_dags/tutorial.py
[2025-11-01T12:56:28.650+0000] {processor.py:925} INFO - DAG(s) 'tutorial' retrieved from /home/airflow/.local/lib/python3.12/site-packages/airflow/example_dags/tutorial.py
[2025-11-01T12:56:28.678+0000] {logging_mixin.py:190} INFO - [2025-11-01T12:56:28.678+0000] {dag.py:3239} INFO - Sync 1 DAGs
[2025-11-01T12:56:28.710+0000] {logging_mixin.py:190} INFO - [2025-11-01T12:56:28.710+0000] {dag.py:4180} INFO - Setting next_dagrun for tutorial to 2025-10-31 00:00:00+00:00, run_after=2025-11-01 00:00:00+00:00
[2025-11-01T12:56:28.743+0000] {processor.py:208} INFO - Processing /home/airflow/.local/lib/python3.12/site-packages/airflow/example_dags/tutorial.py took 0.121 seconds
